[INFO] [launch]: All log files can be found below /home/rafael/.ros/log/2025-05-30-12-53-15-178674-NotebookRafael-23068
[INFO] [launch]: Default logging verbosity is set to INFO
[INFO] [disinfect_environment-1]: process started with pid [23071]
[INFO] [disinfect_planner-2]: process started with pid [23073]
[INFO] [nurse_disinfect-3]: process started with pid [23075]
[INFO] [uvdrobot-4]: process started with pid [23077]
[INFO] [spotrobot-5]: process started with pid [23079]
[disinfect_environment-1] [INFO] [1748620395.443613700] [disinfect_environment]: Starting Environment server
[disinfect_environment-1] [INFO] [1748620395.448906507] [disinfect_environment]: Environment server started
[disinfect_planner-2] [INFO] [1748620395.991849371] [disinfect_planner]: Starting Planner server
[disinfect_planner-2] [INFO] [1748620395.996124803] [disinfect_planner]: Planner server started
[disinfect_planner-2] [INFO] [1748620396.233033442] [disinfect_planner]: Creating plan for: spotrobot1 uvdrobot1 nurse_disinfected1
[disinfect_planner-2] [INFO] [1748620396.234678403] [disinfect_planner]: a_navto,spotrobot1,room1
[disinfect_planner-2] [INFO] [1748620396.235027594] [disinfect_planner]: a_open_door,spotrobot1,room1
[disinfect_planner-2] [INFO] [1748620396.235292302] [disinfect_planner]: a_approach_nurse,spotrobot1,nurse_disinfected1
[disinfect_planner-2] [INFO] [1748620396.235535242] [disinfect_planner]: a_authenticate_nurse,spotrobot1,nurse_disinfected1
[disinfect_planner-2] [INFO] [1748620396.235843786] [disinfect_planner]: a_authorize_patrol,spotrobot1,nurse_disinfected1
[disinfect_planner-2] [INFO] [1748620396.236174435] [disinfect_planner]: a_patrol_room,spotrobot1,room1
[disinfect_planner-2] [INFO] [1748620396.236468796] [disinfect_planner]: a_authorize_disinfect,uvdrobot1,spotrobot1
[disinfect_planner-2] [INFO] [1748620396.236758722] [disinfect_planner]: a_navto,uvdrobot1,room1
[disinfect_planner-2] [INFO] [1748620396.237050515] [disinfect_planner]: a_disinfect_room,uvdrobot1,room1
[disinfect_planner-2] [INFO] [1748620396.237296730] [disinfect_planner]: Sending response
[spotrobot-5] [INFO] [1748620396.238607310] [spotrobot]: response.response spotrobot1
[spotrobot-5] [INFO] [1748620396.239119603] [spotrobot]: My name is spotrobot1
[uvdrobot-4] [INFO] [1748620396.239261409] [uvdrobot]: response.response uvdrobot1
[uvdrobot-4] [INFO] [1748620396.239599154] [uvdrobot]: My name is uvdrobot1
[spotrobot-5] [INFO] [1748620396.239816501] [spotrobot]: I heard: "{"performative": "request", "sender": "Coordinator", "receiver": "uvdrobot1", "content": "Plan|a_authorize_disinfect,uvdrobot1,spotrobot1/a_navto,uvdrobot1,room1/a_disinfect_room,uvdrobot1,room1"}"
[spotrobot-5] [INFO] [1748620396.240170336] [spotrobot]: And it is not for me
[uvdrobot-4] [INFO] [1748620396.240274387] [uvdrobot]: I heard: "{"performative": "request", "sender": "Coordinator", "receiver": "uvdrobot1", "content": "Plan|a_authorize_disinfect,uvdrobot1,spotrobot1/a_navto,uvdrobot1,room1/a_disinfect_room,uvdrobot1,room1"}"
[uvdrobot-4] [INFO] [1748620396.240547151] [uvdrobot]: And it is for me
[nurse_disinfect-3] [INFO] [1748620396.240858511] [nurse_disinfect]: response.response nurse_disinfected1
[uvdrobot-4] [INFO] [1748620396.240898353] [uvdrobot]: Doing a_authorize_disinfect
[nurse_disinfect-3] [INFO] [1748620396.241194035] [nurse_disinfect]: My name is nurse_disinfected1
[spotrobot-5] [INFO] [1748620396.241197068] [spotrobot]: I heard: "{"performative": "request", "sender": "Coordinator", "receiver": "spotrobot1", "content": "Plan|a_navto,spotrobot1,room1/a_open_door,spotrobot1,room1/a_approach_nurse,spotrobot1,nurse_disinfected1/a_authenticate_nurse,spotrobot1,nurse_disinfected1/a_authorize_patrol,spotrobot1,nurse_disinfected1/a_patrol_room,spotrobot1,room1/a_authorize_disinfect,uvdrobot1,spotrobot1"}"
[uvdrobot-4] [INFO] [1748620396.241201515] [uvdrobot]: a_authorize_disinfect
[uvdrobot-4] [INFO] [1748620396.241467335] [uvdrobot]: Here first, waiting for spotrobot
[spotrobot-5] [INFO] [1748620396.241682899] [spotrobot]: And it is for me
[uvdrobot-4] [INFO] [1748620396.242237642] [uvdrobot]: I heard: "{"performative": "request", "sender": "Coordinator", "receiver": "spotrobot1", "content": "Plan|a_navto,spotrobot1,room1/a_open_door,spotrobot1,room1/a_approach_nurse,spotrobot1,nurse_disinfected1/a_authenticate_nurse,spotrobot1,nurse_disinfected1/a_authorize_patrol,spotrobot1,nurse_disinfected1/a_patrol_room,spotrobot1,room1/a_authorize_disinfect,uvdrobot1,spotrobot1"}"
[spotrobot-5] [INFO] [1748620396.242240003] [spotrobot]: Doing a_navto
[uvdrobot-4] [INFO] [1748620396.242564547] [uvdrobot]: And it is not for me
[spotrobot-5] [INFO] [1748620396.242655259] [spotrobot]: Wating for response
[uvdrobot-4] [INFO] [1748620396.242907627] [uvdrobot]: I heard: "{"performative": "query", "sender": "uvdrobot1", "receiver": "spotrobot1", "content": "Ready|a_authorize_disinfect"}"
[spotrobot-5] [INFO] [1748620396.243171383] [spotrobot]: I heard: "{"performative": "request", "sender": "Coordinator", "receiver": "nurse_disinfected1", "content": "Plan|a_approach_nurse,spotrobot1,nurse_disinfected1/a_authenticate_nurse,spotrobot1,nurse_disinfected1/a_authorize_patrol,spotrobot1,nurse_disinfected1"}"
[uvdrobot-4] [INFO] [1748620396.243218422] [uvdrobot]: And it is not for me
[spotrobot-5] [INFO] [1748620396.243440038] [spotrobot]: And it is not for me
[uvdrobot-4] [INFO] [1748620396.243733234] [uvdrobot]: I heard: "{"performative": "request", "sender": "Coordinator", "receiver": "nurse_disinfected1", "content": "Plan|a_approach_nurse,spotrobot1,nurse_disinfected1/a_authenticate_nurse,spotrobot1,nurse_disinfected1/a_authorize_patrol,spotrobot1,nurse_disinfected1"}"
[uvdrobot-4] [INFO] [1748620396.243992130] [uvdrobot]: And it is not for me
[spotrobot-5] [INFO] [1748620396.244024688] [spotrobot]: I heard: "{"performative": "query", "sender": "uvdrobot1", "receiver": "spotrobot1", "content": "Ready|a_authorize_disinfect"}"
[spotrobot-5] [INFO] [1748620396.244393953] [spotrobot]: And it is for me
[spotrobot-5] [INFO] [1748620396.244673852] [spotrobot]: No there yet
[spotrobot-5] [INFO] [1748620396.245530710] [spotrobot]: success
[spotrobot-5] [INFO] [1748620396.245884124] [spotrobot]: Doing a_open_door
[spotrobot-5] [INFO] [1748620396.246275695] [spotrobot]: Wating for response
[spotrobot-5] [INFO] [1748620396.247581052] [spotrobot]: success
[spotrobot-5] [INFO] [1748620396.248016353] [spotrobot]: Doing a_approach_nurse
[spotrobot-5] [INFO] [1748620396.248663821] [spotrobot]: Wating for response
[spotrobot-5] [INFO] [1748620396.250173185] [spotrobot]: success
[spotrobot-5] [INFO] [1748620396.250754464] [spotrobot]: Doing a_authenticate_nurse
[spotrobot-5] [INFO] [1748620396.251296611] [spotrobot]: a_authenticate_nurse
[spotrobot-5] [INFO] [1748620396.251801673] [spotrobot]: Here first, waiting for nurse
[uvdrobot-4] [INFO] [1748620396.252446842] [uvdrobot]: I heard: "{"performative": "query", "sender": "spotrobot1", "receiver": "nurse_disinfected1", "content": "Ready|a_authenticate_nurse"}"
[uvdrobot-4] [INFO] [1748620396.252805025] [uvdrobot]: And it is not for me
[spotrobot-5] [INFO] [1748620396.252812612] [spotrobot]: I heard: "{"performative": "query", "sender": "spotrobot1", "receiver": "nurse_disinfected1", "content": "Ready|a_authenticate_nurse"}"
[spotrobot-5] [INFO] [1748620396.253370972] [spotrobot]: And it is not for me
[nurse_disinfect-3] [INFO] [1748620397.243137560] [nurse_disinfect]: I heard: "{"performative": "request", "sender": "Coordinator", "receiver": "uvdrobot1", "content": "Plan|a_authorize_disinfect,uvdrobot1,spotrobot1/a_navto,uvdrobot1,room1/a_disinfect_room,uvdrobot1,room1"}"
[nurse_disinfect-3] [INFO] [1748620397.243495974] [nurse_disinfect]: And it is not for me
[nurse_disinfect-3] [INFO] [1748620397.244159207] [nurse_disinfect]: I heard: "{"performative": "query", "sender": "uvdrobot1", "receiver": "spotrobot1", "content": "Ready|a_authorize_disinfect"}"
[nurse_disinfect-3] [INFO] [1748620397.244796370] [nurse_disinfect]: And it is not for me
[nurse_disinfect-3] [INFO] [1748620397.245827297] [nurse_disinfect]: I heard: "{"performative": "request", "sender": "Coordinator", "receiver": "spotrobot1", "content": "Plan|a_navto,spotrobot1,room1/a_open_door,spotrobot1,room1/a_approach_nurse,spotrobot1,nurse_disinfected1/a_authenticate_nurse,spotrobot1,nurse_disinfected1/a_authorize_patrol,spotrobot1,nurse_disinfected1/a_patrol_room,spotrobot1,room1/a_authorize_disinfect,uvdrobot1,spotrobot1"}"
[nurse_disinfect-3] [INFO] [1748620397.246363974] [nurse_disinfect]: And it is not for me
[nurse_disinfect-3] [INFO] [1748620397.247054091] [nurse_disinfect]: I heard: "{"performative": "query", "sender": "spotrobot1", "receiver": "nurse_disinfected1", "content": "Ready|a_authenticate_nurse"}"
[nurse_disinfect-3] [INFO] [1748620397.247649468] [nurse_disinfect]: And it is for me
[nurse_disinfect-3] [INFO] [1748620397.248222089] [nurse_disinfect]: No there yet
[nurse_disinfect-3] [INFO] [1748620397.249219323] [nurse_disinfect]: I heard: "{"performative": "request", "sender": "Coordinator", "receiver": "nurse_disinfected1", "content": "Plan|a_approach_nurse,spotrobot1,nurse_disinfected1/a_authenticate_nurse,spotrobot1,nurse_disinfected1/a_authorize_patrol,spotrobot1,nurse_disinfected1"}"
[nurse_disinfect-3] [INFO] [1748620397.249856763] [nurse_disinfect]: And it is for me
[nurse_disinfect-3] [INFO] [1748620397.251677296] [nurse_disinfect]: a_approach_nurse
[nurse_disinfect-3] [INFO] [1748620397.252265098] [nurse_disinfect]: a_authenticate_nurse
[nurse_disinfect-3] [INFO] [1748620397.252948812] [nurse_disinfect]: Doing a_authenticate_nurse
[nurse_disinfect-3] [INFO] [1748620397.253436041] [nurse_disinfect]: a_authenticate_nurse
[nurse_disinfect-3] [INFO] [1748620397.253989642] [nurse_disinfect]: Robot is waiting, send action message
[uvdrobot-4] [INFO] [1748620397.254746184] [uvdrobot]: I heard: "{"performative": "query", "sender": "nurse_disinfected1", "receiver": "spotrobot1", "content": "Done|a_authenticate_nurse"}"
[spotrobot-5] [INFO] [1748620397.254773680] [spotrobot]: I heard: "{"performative": "query", "sender": "nurse_disinfected1", "receiver": "spotrobot1", "content": "Done|a_authenticate_nurse"}"
[nurse_disinfect-3] [INFO] [1748620397.254827518] [nurse_disinfect]: I heard: "{"performative": "query", "sender": "nurse_disinfected1", "receiver": "spotrobot1", "content": "Done|a_authenticate_nurse"}"
[spotrobot-5] [INFO] [1748620397.255090106] [spotrobot]: And it is for me
[uvdrobot-4] [INFO] [1748620397.255093402] [uvdrobot]: And it is not for me
[nurse_disinfect-3] [INFO] [1748620397.255240590] [nurse_disinfect]: And it is not for me
[spotrobot-5] [INFO] [1748620397.255376039] [spotrobot]: Finished action
[spotrobot-5] [INFO] [1748620397.255834565] [spotrobot]: Doing a_authorize_patrol
[uvdrobot-4] [INFO] [1748620397.255912266] [uvdrobot]: I heard: "{"performative": "query", "sender": "spotrobot1", "receiver": "nurse_disinfected1", "content": "Done|a_authenticate_nurse"}"
[nurse_disinfect-3] [INFO] [1748620397.256096605] [nurse_disinfect]: I heard: "{"performative": "query", "sender": "spotrobot1", "receiver": "nurse_disinfected1", "content": "Done|a_authenticate_nurse"}"
[spotrobot-5] [INFO] [1748620397.256150599] [spotrobot]: a_authorize_patrol
[uvdrobot-4] [INFO] [1748620397.256261677] [uvdrobot]: And it is not for me
[spotrobot-5] [INFO] [1748620397.256421504] [spotrobot]: Here first, waiting for nurse
[nurse_disinfect-3] [INFO] [1748620397.256562065] [nurse_disinfect]: And it is for me
[nurse_disinfect-3] [INFO] [1748620397.256926925] [nurse_disinfect]: Finished action
[uvdrobot-4] [INFO] [1748620397.256975517] [uvdrobot]: I heard: "{"performative": "query", "sender": "spotrobot1", "receiver": "nurse_disinfected1", "content": "Ready|a_authorize_patrol"}"
[spotrobot-5] [INFO] [1748620397.257132959] [spotrobot]: I heard: "{"performative": "query", "sender": "spotrobot1", "receiver": "nurse_disinfected1", "content": "Done|a_authenticate_nurse"}"
[uvdrobot-4] [INFO] [1748620397.257319038] [uvdrobot]: And it is not for me
[nurse_disinfect-3] [INFO] [1748620397.257404356] [nurse_disinfect]: a_authorize_patrol
[spotrobot-5] [INFO] [1748620397.257429187] [spotrobot]: And it is not for me
[nurse_disinfect-3] [INFO] [1748620397.257670550] [nurse_disinfect]: Doing a_authorize_patrol
[uvdrobot-4] [INFO] [1748620397.257907778] [uvdrobot]: I heard: "{"performative": "query", "sender": "nurse_disinfected1", "receiver": "spotrobot1", "content": "Done|a_authenticate_nurse"}"
[spotrobot-5] [INFO] [1748620397.257995975] [spotrobot]: I heard: "{"performative": "query", "sender": "spotrobot1", "receiver": "nurse_disinfected1", "content": "Ready|a_authorize_patrol"}"
[nurse_disinfect-3] [INFO] [1748620397.258025889] [nurse_disinfect]: a_authorize_patrol
[uvdrobot-4] [INFO] [1748620397.258194926] [uvdrobot]: And it is not for me
[spotrobot-5] [INFO] [1748620397.258276075] [spotrobot]: And it is not for me
[nurse_disinfect-3] [INFO] [1748620397.258472578] [nurse_disinfect]: Here first, waiting for robot
[spotrobot-5] [INFO] [1748620397.258844300] [spotrobot]: I heard: "{"performative": "query", "sender": "nurse_disinfected1", "receiver": "spotrobot1", "content": "Done|a_authenticate_nurse"}"
[uvdrobot-4] [INFO] [1748620397.259004980] [uvdrobot]: I heard: "{"performative": "query", "sender": "nurse_disinfected1", "receiver": "spotrobot1", "content": "Ready|a_authorize_patrol"}"
[spotrobot-5] [INFO] [1748620397.259130855] [spotrobot]: And it is for me
[uvdrobot-4] [INFO] [1748620397.259288145] [uvdrobot]: And it is not for me
[nurse_disinfect-3] [INFO] [1748620397.259573639] [nurse_disinfect]: I heard: "{"performative": "query", "sender": "spotrobot1", "receiver": "nurse_disinfected1", "content": "Ready|a_authorize_patrol"}"
[spotrobot-5] [INFO] [1748620397.259650149] [spotrobot]: Already finished action
[nurse_disinfect-3] [INFO] [1748620397.260108296] [nurse_disinfect]: And it is for me
[spotrobot-5] [INFO] [1748620397.260302761] [spotrobot]: I heard: "{"performative": "query", "sender": "nurse_disinfected1", "receiver": "spotrobot1", "content": "Ready|a_authorize_patrol"}"
[spotrobot-5] [INFO] [1748620397.260613508] [spotrobot]: And it is for me
[nurse_disinfect-3] [INFO] [1748620397.260664147] [nurse_disinfect]: Ready to act
[spotrobot-5] [INFO] [1748620397.261021781] [spotrobot]: Ready to act
[uvdrobot-4] [INFO] [1748620397.261458520] [uvdrobot]: I heard: "{"performative": "query", "sender": "nurse_disinfected1", "receiver": "spotrobot1", "content": "Done|a_authorize_patrol"}"
[nurse_disinfect-3] [INFO] [1748620397.261686464] [nurse_disinfect]: I heard: "{"performative": "query", "sender": "nurse_disinfected1", "receiver": "spotrobot1", "content": "Done|a_authenticate_nurse"}"
[spotrobot-5] [INFO] [1748620397.261780309] [spotrobot]: I heard: "{"performative": "query", "sender": "nurse_disinfected1", "receiver": "spotrobot1", "content": "Done|a_authorize_patrol"}"
[uvdrobot-4] [INFO] [1748620397.261845867] [uvdrobot]: And it is not for me
[spotrobot-5] [INFO] [1748620397.262088298] [spotrobot]: And it is for me
[nurse_disinfect-3] [INFO] [1748620397.262239864] [nurse_disinfect]: And it is not for me
[spotrobot-5] [INFO] [1748620397.262349367] [spotrobot]: Finished action
[uvdrobot-4] [INFO] [1748620397.262380217] [uvdrobot]: I heard: "{"performative": "query", "sender": "spotrobot1", "receiver": "nurse_disinfected1", "content": "Done|a_authorize_patrol"}"
[uvdrobot-4] [INFO] [1748620397.262706125] [uvdrobot]: And it is not for me
[spotrobot-5] [INFO] [1748620397.263016182] [spotrobot]: Doing a_patrol_room
[uvdrobot-4] [INFO] [1748620397.263186229] [uvdrobot]: I heard: "{"performative": "query", "sender": "spotrobot1", "receiver": "nurse_disinfected1", "content": "Done|a_authorize_patrol"}"
[nurse_disinfect-3] [INFO] [1748620397.263213709] [nurse_disinfect]: I heard: "{"performative": "query", "sender": "nurse_disinfected1", "receiver": "spotrobot1", "content": "Ready|a_authorize_patrol"}"
[uvdrobot-4] [INFO] [1748620397.263453456] [uvdrobot]: And it is not for me
[spotrobot-5] [INFO] [1748620397.263676005] [spotrobot]: Wating for response
[nurse_disinfect-3] [INFO] [1748620397.263768919] [nurse_disinfect]: And it is not for me
[spotrobot-5] [INFO] [1748620397.264351775] [spotrobot]: I heard: "{"performative": "query", "sender": "spotrobot1", "receiver": "nurse_disinfected1", "content": "Done|a_authorize_patrol"}"
[spotrobot-5] [INFO] [1748620397.264692700] [spotrobot]: And it is not for me
[nurse_disinfect-3] [INFO] [1748620397.264759429] [nurse_disinfect]: I heard: "{"performative": "query", "sender": "nurse_disinfected1", "receiver": "spotrobot1", "content": "Done|a_authorize_patrol"}"
[spotrobot-5] [INFO] [1748620397.265199841] [spotrobot]: I heard: "{"performative": "query", "sender": "spotrobot1", "receiver": "nurse_disinfected1", "content": "Done|a_authorize_patrol"}"
[nurse_disinfect-3] [INFO] [1748620397.265324417] [nurse_disinfect]: And it is not for me
[spotrobot-5] [INFO] [1748620397.265552757] [spotrobot]: And it is not for me
[nurse_disinfect-3] [INFO] [1748620397.266370745] [nurse_disinfect]: I heard: "{"performative": "query", "sender": "spotrobot1", "receiver": "nurse_disinfected1", "content": "Done|a_authorize_patrol"}"
[spotrobot-5] [INFO] [1748620397.266398103] [spotrobot]: success
[spotrobot-5] [INFO] [1748620397.266736146] [spotrobot]: Doing a_authorize_disinfect
[nurse_disinfect-3] [INFO] [1748620397.266953920] [nurse_disinfect]: And it is for me
[spotrobot-5] [INFO] [1748620397.266999265] [spotrobot]: a_authorize_disinfect
[spotrobot-5] [INFO] [1748620397.267252769] [spotrobot]: Here first, waiting for spotrobot
[nurse_disinfect-3] [INFO] [1748620397.267518343] [nurse_disinfect]: Finished action
[spotrobot-5] [INFO] [1748620397.268055894] [spotrobot]: I heard: "{"performative": "query", "sender": "spotrobot1", "receiver": "uvdrobot1", "content": "Ready|a_authorize_disinfect"}"
[uvdrobot-4] [INFO] [1748620397.268104694] [uvdrobot]: I heard: "{"performative": "query", "sender": "spotrobot1", "receiver": "uvdrobot1", "content": "Ready|a_authorize_disinfect"}"
[spotrobot-5] [INFO] [1748620397.268565161] [spotrobot]: And it is not for me
[uvdrobot-4] [INFO] [1748620397.268580459] [uvdrobot]: And it is for me
[nurse_disinfect-3] [INFO] [1748620397.268702221] [nurse_disinfect]: I heard: "{"performative": "query", "sender": "spotrobot1", "receiver": "nurse_disinfected1", "content": "Done|a_authorize_patrol"}"
[uvdrobot-4] [INFO] [1748620397.268885594] [uvdrobot]: Ready to act
[nurse_disinfect-3] [INFO] [1748620397.269212771] [nurse_disinfect]: And it is for me
[spotrobot-5] [INFO] [1748620397.269297532] [spotrobot]: I heard: "{"performative": "query", "sender": "nurse_disinfected1", "receiver": "spotrobot1", "content": "Done|a_authorize_patrol"}"
[uvdrobot-4] [INFO] [1748620397.269609825] [uvdrobot]: I heard: "{"performative": "query", "sender": "nurse_disinfected1", "receiver": "spotrobot1", "content": "Done|a_authorize_patrol"}"
[nurse_disinfect-3] [INFO] [1748620397.269734632] [nurse_disinfect]: Already finished action
[spotrobot-5] [INFO] [1748620397.269819595] [spotrobot]: And it is for me
[uvdrobot-4] [INFO] [1748620397.269894168] [uvdrobot]: And it is not for me
[spotrobot-5] [INFO] [1748620397.270220503] [spotrobot]: Already finished action
[uvdrobot-4] [INFO] [1748620397.270419649] [uvdrobot]: I heard: "{"performative": "query", "sender": "uvdrobot1", "receiver": "spotrobot1", "content": "Done|a_authorize_disinfect"}"
[uvdrobot-4] [INFO] [1748620397.270695209] [uvdrobot]: And it is not for me
[nurse_disinfect-3] [INFO] [1748620397.270763873] [nurse_disinfect]: I heard: "{"performative": "query", "sender": "spotrobot1", "receiver": "uvdrobot1", "content": "Ready|a_authorize_disinfect"}"
[spotrobot-5] [INFO] [1748620397.270822354] [spotrobot]: I heard: "{"performative": "query", "sender": "uvdrobot1", "receiver": "spotrobot1", "content": "Done|a_authorize_disinfect"}"
[spotrobot-5] [INFO] [1748620397.271099964] [spotrobot]: And it is for me
[nurse_disinfect-3] [INFO] [1748620397.271259100] [nurse_disinfect]: And it is not for me
[spotrobot-5] [INFO] [1748620397.271352701] [spotrobot]: Finished action
[spotrobot-5] [INFO] [1748620397.272000294] [spotrobot]: I heard: "{"performative": "query", "sender": "spotrobot1", "receiver": "uvdrobot1", "content": "Done|a_authorize_disinfect"}"
[uvdrobot-4] [INFO] [1748620397.272191633] [uvdrobot]: I heard: "{"performative": "query", "sender": "spotrobot1", "receiver": "uvdrobot1", "content": "Done|a_authorize_disinfect"}"
[nurse_disinfect-3] [INFO] [1748620397.272227276] [nurse_disinfect]: I heard: "{"performative": "query", "sender": "nurse_disinfected1", "receiver": "spotrobot1", "content": "Done|a_authorize_patrol"}"
[spotrobot-5] [INFO] [1748620397.272356658] [spotrobot]: And it is not for me
[uvdrobot-4] [INFO] [1748620397.272532319] [uvdrobot]: And it is for me
[nurse_disinfect-3] [INFO] [1748620397.272786604] [nurse_disinfect]: And it is not for me
[uvdrobot-4] [INFO] [1748620397.272850728] [uvdrobot]: Finished action
[uvdrobot-4] [INFO] [1748620397.273295999] [uvdrobot]: Doing a_navto
[spotrobot-5] [INFO] [1748620397.273375958] [spotrobot]: I heard: "{"performative": "query", "sender": "uvdrobot1", "receiver": "spotrobot1", "content": "Done|a_authorize_disinfect"}"
[spotrobot-5] [INFO] [1748620397.273655598] [spotrobot]: And it is for me
[uvdrobot-4] [INFO] [1748620397.273731626] [uvdrobot]: Waiting for response
[nurse_disinfect-3] [INFO] [1748620397.273764271] [nurse_disinfect]: I heard: "{"performative": "query", "sender": "uvdrobot1", "receiver": "spotrobot1", "content": "Done|a_authorize_disinfect"}"
[spotrobot-5] [INFO] [1748620397.274066333] [spotrobot]: Already finished action
[nurse_disinfect-3] [INFO] [1748620397.274321070] [nurse_disinfect]: And it is not for me
[uvdrobot-4] [INFO] [1748620397.274335872] [uvdrobot]: I heard: "{"performative": "query", "sender": "uvdrobot1", "receiver": "spotrobot1", "content": "Done|a_authorize_disinfect"}"
[uvdrobot-4] [INFO] [1748620397.274715949] [uvdrobot]: And it is not for me
[nurse_disinfect-3] [INFO] [1748620397.275269670] [nurse_disinfect]: I heard: "{"performative": "query", "sender": "spotrobot1", "receiver": "uvdrobot1", "content": "Done|a_authorize_disinfect"}"
[uvdrobot-4] [INFO] [1748620397.275503837] [uvdrobot]: success
[nurse_disinfect-3] [INFO] [1748620397.275805792] [nurse_disinfect]: And it is not for me
[uvdrobot-4] [INFO] [1748620397.275880716] [uvdrobot]: Doing a_disinfect_room
[uvdrobot-4] [INFO] [1748620397.276239226] [uvdrobot]: Waiting for response
[nurse_disinfect-3] [INFO] [1748620397.276812565] [nurse_disinfect]: I heard: "{"performative": "query", "sender": "uvdrobot1", "receiver": "spotrobot1", "content": "Done|a_authorize_disinfect"}"
[uvdrobot-4] [INFO] [1748620397.277178172] [uvdrobot]: success
[nurse_disinfect-3] [INFO] [1748620397.277386402] [nurse_disinfect]: And it is not for me
[disinfect_planner-2] [INFO] [1748620397.281739437] [disinfect_planner]: Recebido sinal de desligamento do coordenador, finalizando...
[nurse_disinfect-3] [INFO] [1748620397.281783808] [nurse_disinfect]: Recebido sinal de desligamento do coordenador, finalizando...
[disinfect_environment-1] [INFO] [1748620397.281795797] [disinfect_environment]: Recebido sinal de desligamento do coordenador, finalizando...
[spotrobot-5] [INFO] [1748620397.281935576] [spotrobot]: Recebido sinal de desligamento do coordenador, finalizando...
[uvdrobot-4] [INFO] [1748620397.281950051] [uvdrobot]: Recebido sinal de desligamento do coordenador, finalizando...
[disinfect_planner-2] [INFO] [1748620397.282187840] [Quitting]: Done
[nurse_disinfect-3] [INFO] [1748620397.282351708] [Quitting]: Done
[disinfect_environment-1] [INFO] [1748620397.282396698] [Quitting]: Done
[spotrobot-5] [INFO] [1748620397.282641753] [Quitting]: Done
[uvdrobot-4] [INFO] [1748620397.282667108] [Quitting]: Done
[INFO] [nurse_disinfect-3]: process has finished cleanly [pid 23075]
[INFO] [spotrobot-5]: process has finished cleanly [pid 23079]
[INFO] [disinfect_environment-1]: process has finished cleanly [pid 23071]
[INFO] [uvdrobot-4]: process has finished cleanly [pid 23077]
[INFO] [disinfect_planner-2]: process has finished cleanly [pid 23073]
