[INFO] [launch]: All log files can be found below /home/rafael/.ros/log/2025-05-29-09-10-18-340478-NotebookRafael-10349
[INFO] [launch]: Default logging verbosity is set to INFO
[INFO] [disinfect_coordinator-1]: process started with pid [10351]
[disinfect_coordinator-1] [INFO] [1748520619.369525773] [disinfect_coordinator]: spin
[disinfect_coordinator-1] [INFO] [1748520619.370724337] [disinfect_coordinator]: Received: Performative=request, Sender=uvdrobot, Receiver=Coordinator, Content=Register
[disinfect_coordinator-1] [INFO] [1748520619.371134524] [disinfect_coordinator]: Current uvdrobots: uvdrobot1 - 1
[disinfect_coordinator-1] [INFO] [1748520619.371500627] [disinfect_coordinator]: Response: uvdrobot1
[disinfect_coordinator-1] [INFO] [1748520619.372437045] [disinfect_coordinator]: Received: Performative=request, Sender=nurse_disinfected, Receiver=Coordinator, Content=Register
[disinfect_coordinator-1] [INFO] [1748520619.372808016] [disinfect_coordinator]: Current nurses: nurse_disinfected1 - 1
[disinfect_coordinator-1] [INFO] [1748520619.373117746] [disinfect_coordinator]: Response: nurse_disinfected1
[disinfect_coordinator-1] [INFO] [1748520619.374006539] [disinfect_coordinator]: Received: Performative=request, Sender=spotrobot, Receiver=Coordinator, Content=Register
[disinfect_coordinator-1] [INFO] [1748520619.374361101] [disinfect_coordinator]: Current Spotrobots: spotrobot1 - 1
[disinfect_coordinator-1] [INFO] [1748520619.374697325] [disinfect_coordinator]: Response: spotrobot1
[disinfect_coordinator-1] [INFO] [1748520619.375467776] [disinfect_coordinator]: context: nurse_disinfected1 room1 spotrobot1 uvdrobot1
[disinfect_coordinator-1] [INFO] [1748520619.375805908] [disinfect_coordinator]: Starting mission with context: ('nurse_disinfected1', 'room1', 'spotrobot1', 'uvdrobot1')
[disinfect_coordinator-1] [INFO] [1748520619.376133459] [disinfect_coordinator]: Creating plan for: spotrobot1,uvdrobot1,nurse_disinfected1 
[disinfect_coordinator-1] [INFO] [1748520619.382407470] [disinfect_coordinator]: Plan received for: spotrobot1,uvdrobot1,nurse_disinfected1 
[disinfect_coordinator-1] [INFO] [1748520619.382796927] [disinfect_coordinator]: a_navto,spotrobot1,room1/a_open_door,spotrobot1,room1/a_approach_nurse,spotrobot1,nurse_disinfected1/a_authenticate_nurse,spotrobot1,nurse_disinfected1/a_authorize_patrol,spotrobot1,nurse_disinfected1/a_patrol_room,spotrobot1,room1/a_authorize_disinfect,uvdrobot1,spotrobot1/a_navto,uvdrobot1,room1/a_disinfect_room,uvdrobot1,room1
[disinfect_coordinator-1] [INFO] [1748520619.383143774] [disinfect_coordinator]: Sending plans
[disinfect_coordinator-1] [INFO] [1748520619.383978892] [disinfect_coordinator]: Plans sent
[disinfect_coordinator-1] [INFO] [1748520620.394132743] [disinfect_coordinator]: Received: Performative=inform, Sender=nurse_disinfected1, Receiver=Coordinator, Content=infectedRoom
[disinfect_coordinator-1] [INFO] [1748520620.420079411] [disinfect_coordinator]: Received: Performative=inform, Sender=spotrobot1, Receiver=Coordinator, Content=ERROR|dirty_room,room1
[disinfect_coordinator-1] [INFO] [1748520620.420620302] [disinfect_coordinator]: Sending restart to:nurse_disinfected1
[disinfect_coordinator-1] [INFO] [1748520620.421142223] [disinfect_coordinator]: Sending restart to:room1
[disinfect_coordinator-1] [INFO] [1748520620.421675863] [disinfect_coordinator]: Sending restart to:spotrobot1
[disinfect_coordinator-1] [INFO] [1748520620.422169466] [disinfect_coordinator]: Sending restart to:uvdrobot1
[disinfect_coordinator-1] [INFO] [1748520620.423892164] [disinfect_coordinator]: Error found
[disinfect_coordinator-1] [INFO] [1748520620.424361949] [disinfect_coordinator]: Updating uncleaned room: room1
[disinfect_coordinator-1] [INFO] [1748520620.425259613] [disinfect_coordinator]: success
[disinfect_coordinator-1] [INFO] [1748520620.425619150] [disinfect_coordinator]: Sending restart to:spotrobot1
[disinfect_coordinator-1] [INFO] [1748520620.426314405] [disinfect_coordinator]: Sending restart to:uvdrobot1
[disinfect_coordinator-1] [INFO] [1748520620.427081757] [disinfect_coordinator]: Sending restart to:nurse_disinfected1
[disinfect_coordinator-1] [INFO] [1748520620.427869133] [disinfect_coordinator]: nurse_disinfected1,room1,spotrobot1,uvdrobot1
[disinfect_coordinator-1] [INFO] [1748520620.428411658] [disinfect_coordinator]: Creating new plan for: spotrobot1,uvdrobot1,nurse_disinfected1 
[disinfect_coordinator-1] [INFO] [1748520620.433780562] [disinfect_coordinator]: Plan received for: spotrobot1,uvdrobot1,nurse_disinfected1 
[disinfect_coordinator-1] [INFO] [1748520620.434239576] [disinfect_coordinator]: a_navto,spotrobot1,room1/a_approach_nurse,spotrobot1,nurse_disinfected1/a_authenticate_nurse,spotrobot1,nurse_disinfected1/a_clean_room,nurse_disinfected1,room1/a_authorize_patrol,spotrobot1,nurse_disinfected1/a_patrol_room,spotrobot1,room1/a_authorize_disinfect,uvdrobot1,spotrobot1/a_navto,uvdrobot1,room1/a_disinfect_room,uvdrobot1,room1
[disinfect_coordinator-1] [INFO] [1748520620.434598238] [disinfect_coordinator]: Sending plans
[disinfect_coordinator-1] [INFO] [1748520620.435453632] [disinfect_coordinator]: Plans sent
[disinfect_coordinator-1] [INFO] [1748520620.474033931] [disinfect_coordinator]: Freeing agent: spotrobot1
[disinfect_coordinator-1] [INFO] [1748520620.474410024] [disinfect_coordinator]: Freeing agent: uvdrobot1
[disinfect_coordinator-1] [INFO] [1748520620.474798195] [disinfect_coordinator]: Freeing agent: nurse_disinfected1
[disinfect_coordinator-1] [INFO] [1748520620.475247661] [disinfect_coordinator]: Mission Completed
[disinfect_coordinator-1] [INFO] [1748520620.475603941] [disinfect_coordinator]: Ending simulation
[disinfect_coordinator-1] [INFO] [1748520620.476283377] [Quitting]: Done
[disinfect_coordinator-1] [INFO] [1748520620.476748820] [disinfect_coordinator]: stop spin
[INFO] [disinfect_coordinator-1]: process has finished cleanly [pid 10351]
