[INFO] [launch]: All log files can be found below /home/rafael/.ros/log/2025-05-29-09-10-18-340185-NotebookRafael-10350
[INFO] [launch]: Default logging verbosity is set to INFO
[INFO] [disinfect_environment-1]: process started with pid [10353]
[INFO] [disinfect_planner-2]: process started with pid [10355]
[INFO] [nurse_disinfect-3]: process started with pid [10357]
[INFO] [uvdrobot-4]: process started with pid [10359]
[INFO] [spotrobot-5]: process started with pid [10361]
[disinfect_environment-1] [INFO] [1748520618.589308706] [disinfect_environment]: Starting Environment server
[disinfect_environment-1] [INFO] [1748520618.594681338] [disinfect_environment]: Environment server started
[disinfect_planner-2] [INFO] [1748520619.204028344] [disinfect_planner]: Starting Planner server
[disinfect_planner-2] [INFO] [1748520619.209091180] [disinfect_planner]: Planner server started
[disinfect_planner-2] [INFO] [1748520619.376785647] [disinfect_planner]: Creating plan for: spotrobot1 uvdrobot1 nurse_disinfected1
[disinfect_planner-2] [INFO] [1748520619.378408004] [disinfect_planner]: a_navto,spotrobot1,room1
[disinfect_planner-2] [INFO] [1748520619.378753334] [disinfect_planner]: a_open_door,spotrobot1,room1
[disinfect_planner-2] [INFO] [1748520619.379087429] [disinfect_planner]: a_approach_nurse,spotrobot1,nurse_disinfected1
[disinfect_planner-2] [INFO] [1748520619.379450802] [disinfect_planner]: a_authenticate_nurse,spotrobot1,nurse_disinfected1
[disinfect_planner-2] [INFO] [1748520619.379779765] [disinfect_planner]: a_authorize_patrol,spotrobot1,nurse_disinfected1
[disinfect_planner-2] [INFO] [1748520619.380105830] [disinfect_planner]: a_patrol_room,spotrobot1,room1
[disinfect_planner-2] [INFO] [1748520619.380478899] [disinfect_planner]: a_authorize_disinfect,uvdrobot1,spotrobot1
[disinfect_planner-2] [INFO] [1748520619.380804669] [disinfect_planner]: a_navto,uvdrobot1,room1
[disinfect_planner-2] [INFO] [1748520619.381128668] [disinfect_planner]: a_disinfect_room,uvdrobot1,room1
[disinfect_planner-2] [INFO] [1748520619.381456461] [disinfect_planner]: Sending response
[uvdrobot-4] [INFO] [1748520619.383042903] [uvdrobot]: response.response uvdrobot1
[uvdrobot-4] [INFO] [1748520619.383495298] [uvdrobot]: My name is uvdrobot1
[nurse_disinfect-3] [INFO] [1748520619.383807777] [nurse_disinfect]: response.response nurse_disinfected1
[nurse_disinfect-3] [INFO] [1748520619.384202904] [nurse_disinfect]: My name is nurse_disinfected1
[uvdrobot-4] [INFO] [1748520619.384389582] [uvdrobot]: I heard: "{"performative": "request", "sender": "Coordinator", "receiver": "uvdrobot1", "content": "Plan|a_authorize_disinfect,uvdrobot1,spotrobot1/a_navto,uvdrobot1,room1/a_disinfect_room,uvdrobot1,room1"}"
[uvdrobot-4] [INFO] [1748520619.384720242] [uvdrobot]: And it is for me
[uvdrobot-4] [INFO] [1748520619.385122883] [uvdrobot]: Doing a_authorize_disinfect
[uvdrobot-4] [INFO] [1748520619.385465146] [uvdrobot]: a_authorize_disinfect
[spotrobot-5] [INFO] [1748520619.385917940] [spotrobot]: response.response spotrobot1
[uvdrobot-4] [INFO] [1748520619.386075899] [uvdrobot]: Here first, waiting for spotrobot
[spotrobot-5] [INFO] [1748520619.386407148] [spotrobot]: My name is spotrobot1
[spotrobot-5] [INFO] [1748520619.387328822] [spotrobot]: I heard: "{"performative": "request", "sender": "Coordinator", "receiver": "uvdrobot1", "content": "Plan|a_authorize_disinfect,uvdrobot1,spotrobot1/a_navto,uvdrobot1,room1/a_disinfect_room,uvdrobot1,room1"}"
[uvdrobot-4] [INFO] [1748520619.387599800] [uvdrobot]: I heard: "{"performative": "request", "sender": "Coordinator", "receiver": "spotrobot1", "content": "Plan|a_navto,spotrobot1,room1/a_open_door,spotrobot1,room1/a_approach_nurse,spotrobot1,nurse_disinfected1/a_authenticate_nurse,spotrobot1,nurse_disinfected1/a_authorize_patrol,spotrobot1,nurse_disinfected1/a_patrol_room,spotrobot1,room1/a_authorize_disinfect,uvdrobot1,spotrobot1"}"
[uvdrobot-4] [INFO] [1748520619.388025616] [uvdrobot]: And it is not for me
[spotrobot-5] [INFO] [1748520619.388042153] [spotrobot]: And it is not for me
[uvdrobot-4] [INFO] [1748520619.388567888] [uvdrobot]: I heard: "{"performative": "query", "sender": "uvdrobot1", "receiver": "spotrobot1", "content": "Ready|a_authorize_disinfect"}"
[spotrobot-5] [INFO] [1748520619.388871147] [spotrobot]: I heard: "{"performative": "query", "sender": "uvdrobot1", "receiver": "spotrobot1", "content": "Ready|a_authorize_disinfect"}"
[uvdrobot-4] [INFO] [1748520619.388970750] [uvdrobot]: And it is not for me
[spotrobot-5] [INFO] [1748520619.389535787] [spotrobot]: And it is for me
[uvdrobot-4] [INFO] [1748520619.389815911] [uvdrobot]: I heard: "{"performative": "request", "sender": "Coordinator", "receiver": "nurse_disinfected1", "content": "Plan|a_approach_nurse,spotrobot1,nurse_disinfected1/a_authenticate_nurse,spotrobot1,nurse_disinfected1/a_authorize_patrol,spotrobot1,nurse_disinfected1"}"
[spotrobot-5] [INFO] [1748520619.389986390] [spotrobot]: No there yet
[uvdrobot-4] [INFO] [1748520619.390121014] [uvdrobot]: And it is not for me
[spotrobot-5] [INFO] [1748520619.390660525] [spotrobot]: I heard: "{"performative": "request", "sender": "Coordinator", "receiver": "spotrobot1", "content": "Plan|a_navto,spotrobot1,room1/a_open_door,spotrobot1,room1/a_approach_nurse,spotrobot1,nurse_disinfected1/a_authenticate_nurse,spotrobot1,nurse_disinfected1/a_authorize_patrol,spotrobot1,nurse_disinfected1/a_patrol_room,spotrobot1,room1/a_authorize_disinfect,uvdrobot1,spotrobot1"}"
[spotrobot-5] [INFO] [1748520619.391004749] [spotrobot]: And it is for me
[spotrobot-5] [INFO] [1748520619.391342101] [spotrobot]: Doing a_navto
[spotrobot-5] [INFO] [1748520619.391833037] [spotrobot]: Wating for response
[spotrobot-5] [INFO] [1748520619.392441778] [spotrobot]: I heard: "{"performative": "request", "sender": "Coordinator", "receiver": "nurse_disinfected1", "content": "Plan|a_approach_nurse,spotrobot1,nurse_disinfected1/a_authenticate_nurse,spotrobot1,nurse_disinfected1/a_authorize_patrol,spotrobot1,nurse_disinfected1"}"
[spotrobot-5] [INFO] [1748520619.392791387] [spotrobot]: And it is not for me
[spotrobot-5] [INFO] [1748520619.393778656] [spotrobot]: success
[spotrobot-5] [INFO] [1748520619.394219058] [spotrobot]: Doing a_open_door
[spotrobot-5] [INFO] [1748520619.394662295] [spotrobot]: Wating for response
[spotrobot-5] [INFO] [1748520619.395792071] [spotrobot]: success
[spotrobot-5] [INFO] [1748520619.396177333] [spotrobot]: Doing a_approach_nurse
[spotrobot-5] [INFO] [1748520619.396751264] [spotrobot]: Wating for response
[spotrobot-5] [INFO] [1748520619.397756059] [spotrobot]: success
[spotrobot-5] [INFO] [1748520619.398280583] [spotrobot]: Doing a_authenticate_nurse
[spotrobot-5] [INFO] [1748520619.398634334] [spotrobot]: a_authenticate_nurse
[spotrobot-5] [INFO] [1748520619.399040874] [spotrobot]: Here first, waiting for nurse
[uvdrobot-4] [INFO] [1748520619.399827375] [uvdrobot]: I heard: "{"performative": "query", "sender": "spotrobot1", "receiver": "nurse_disinfected1", "content": "Ready|a_authenticate_nurse"}"
[spotrobot-5] [INFO] [1748520619.400083440] [spotrobot]: I heard: "{"performative": "query", "sender": "spotrobot1", "receiver": "nurse_disinfected1", "content": "Ready|a_authenticate_nurse"}"
[uvdrobot-4] [INFO] [1748520619.400276250] [uvdrobot]: And it is not for me
[spotrobot-5] [INFO] [1748520619.400681505] [spotrobot]: And it is not for me
[nurse_disinfect-3] [INFO] [1748520620.387323831] [nurse_disinfect]: I heard: "{"performative": "request", "sender": "Coordinator", "receiver": "uvdrobot1", "content": "Plan|a_authorize_disinfect,uvdrobot1,spotrobot1/a_navto,uvdrobot1,room1/a_disinfect_room,uvdrobot1,room1"}"
[nurse_disinfect-3] [INFO] [1748520620.387719927] [nurse_disinfect]: And it is not for me
[nurse_disinfect-3] [INFO] [1748520620.388242080] [nurse_disinfect]: I heard: "{"performative": "query", "sender": "uvdrobot1", "receiver": "spotrobot1", "content": "Ready|a_authorize_disinfect"}"
[nurse_disinfect-3] [INFO] [1748520620.388887370] [nurse_disinfect]: And it is not for me
[nurse_disinfect-3] [INFO] [1748520620.389562422] [nurse_disinfect]: I heard: "{"performative": "request", "sender": "Coordinator", "receiver": "spotrobot1", "content": "Plan|a_navto,spotrobot1,room1/a_open_door,spotrobot1,room1/a_approach_nurse,spotrobot1,nurse_disinfected1/a_authenticate_nurse,spotrobot1,nurse_disinfected1/a_authorize_patrol,spotrobot1,nurse_disinfected1/a_patrol_room,spotrobot1,room1/a_authorize_disinfect,uvdrobot1,spotrobot1"}"
[nurse_disinfect-3] [INFO] [1748520620.390007693] [nurse_disinfect]: And it is not for me
[nurse_disinfect-3] [INFO] [1748520620.390508030] [nurse_disinfect]: I heard: "{"performative": "query", "sender": "spotrobot1", "receiver": "nurse_disinfected1", "content": "Ready|a_authenticate_nurse"}"
[nurse_disinfect-3] [INFO] [1748520620.390890921] [nurse_disinfect]: And it is for me
[nurse_disinfect-3] [INFO] [1748520620.391237537] [nurse_disinfect]: No there yet
[nurse_disinfect-3] [INFO] [1748520620.391826581] [nurse_disinfect]: I heard: "{"performative": "request", "sender": "Coordinator", "receiver": "nurse_disinfected1", "content": "Plan|a_approach_nurse,spotrobot1,nurse_disinfected1/a_authenticate_nurse,spotrobot1,nurse_disinfected1/a_authorize_patrol,spotrobot1,nurse_disinfected1"}"
[nurse_disinfect-3] [INFO] [1748520620.392236293] [nurse_disinfect]: And it is for me
[nurse_disinfect-3] [INFO] [1748520620.393558427] [nurse_disinfect]: a_approach_nurse
[nurse_disinfect-3] [INFO] [1748520620.393937566] [nurse_disinfect]: a_authenticate_nurse
[nurse_disinfect-3] [INFO] [1748520620.394299431] [nurse_disinfect]: Doing a_authenticate_nurse
[nurse_disinfect-3] [INFO] [1748520620.394642833] [nurse_disinfect]: a_authenticate_nurse
[nurse_disinfect-3] [INFO] [1748520620.395022320] [nurse_disinfect]: Robot is waiting, send action message
[nurse_disinfect-3] [INFO] [1748520620.395791558] [nurse_disinfect]: I heard: "{"performative": "query", "sender": "nurse_disinfected1", "receiver": "spotrobot1", "content": "Done|a_authenticate_nurse"}"
[uvdrobot-4] [INFO] [1748520620.395936951] [uvdrobot]: I heard: "{"performative": "query", "sender": "nurse_disinfected1", "receiver": "spotrobot1", "content": "Done|a_authenticate_nurse"}"
[nurse_disinfect-3] [INFO] [1748520620.396195316] [nurse_disinfect]: And it is not for me
[uvdrobot-4] [INFO] [1748520620.396296646] [uvdrobot]: And it is not for me
[spotrobot-5] [INFO] [1748520620.396336546] [spotrobot]: I heard: "{"performative": "query", "sender": "nurse_disinfected1", "receiver": "spotrobot1", "content": "Done|a_authenticate_nurse"}"
[spotrobot-5] [INFO] [1748520620.396984797] [spotrobot]: And it is for me
[spotrobot-5] [INFO] [1748520620.397632121] [spotrobot]: Finished action
[nurse_disinfect-3] [INFO] [1748520620.398323290] [nurse_disinfect]: I heard: "{"performative": "query", "sender": "spotrobot1", "receiver": "nurse_disinfected1", "content": "Done|a_authenticate_nurse"}"
[uvdrobot-4] [INFO] [1748520620.398546661] [uvdrobot]: I heard: "{"performative": "query", "sender": "spotrobot1", "receiver": "nurse_disinfected1", "content": "Done|a_authenticate_nurse"}"
[spotrobot-5] [INFO] [1748520620.398583779] [spotrobot]: Doing a_authorize_patrol
[nurse_disinfect-3] [INFO] [1748520620.398688423] [nurse_disinfect]: And it is for me
[uvdrobot-4] [INFO] [1748520620.398860806] [uvdrobot]: And it is not for me
[nurse_disinfect-3] [INFO] [1748520620.398991629] [nurse_disinfect]: Finished action
[spotrobot-5] [INFO] [1748520620.399176174] [spotrobot]: a_authorize_patrol
[nurse_disinfect-3] [INFO] [1748520620.399576562] [nurse_disinfect]: a_authorize_patrol
[uvdrobot-4] [INFO] [1748520620.399675404] [uvdrobot]: I heard: "{"performative": "query", "sender": "nurse_disinfected1", "receiver": "spotrobot1", "content": "Done|a_authenticate_nurse"}"
[spotrobot-5] [INFO] [1748520620.399765186] [spotrobot]: Here first, waiting for nurse
[nurse_disinfect-3] [INFO] [1748520620.399880105] [nurse_disinfect]: Doing a_authorize_patrol
[uvdrobot-4] [INFO] [1748520620.400004599] [uvdrobot]: And it is not for me
[nurse_disinfect-3] [INFO] [1748520620.400156173] [nurse_disinfect]: a_authorize_patrol
[uvdrobot-4] [INFO] [1748520620.400582419] [uvdrobot]: I heard: "{"performative": "query", "sender": "spotrobot1", "receiver": "nurse_disinfected1", "content": "Ready|a_authorize_patrol"}"
[nurse_disinfect-3] [INFO] [1748520620.400704273] [nurse_disinfect]: Here first, waiting for robot
[spotrobot-5] [INFO] [1748520620.400964762] [spotrobot]: I heard: "{"performative": "query", "sender": "spotrobot1", "receiver": "nurse_disinfected1", "content": "Done|a_authenticate_nurse"}"
[uvdrobot-4] [INFO] [1748520620.401071395] [uvdrobot]: And it is not for me
[spotrobot-5] [INFO] [1748520620.401597184] [spotrobot]: And it is not for me
[nurse_disinfect-3] [INFO] [1748520620.401626049] [nurse_disinfect]: I heard: "{"performative": "query", "sender": "nurse_disinfected1", "receiver": "spotrobot1", "content": "Done|a_authenticate_nurse"}"
[uvdrobot-4] [INFO] [1748520620.401874411] [uvdrobot]: I heard: "{"performative": "query", "sender": "nurse_disinfected1", "receiver": "spotrobot1", "content": "Ready|a_authorize_patrol"}"
[nurse_disinfect-3] [INFO] [1748520620.401949247] [nurse_disinfect]: And it is not for me
[uvdrobot-4] [INFO] [1748520620.402276967] [uvdrobot]: And it is not for me
[nurse_disinfect-3] [INFO] [1748520620.402581701] [nurse_disinfect]: I heard: "{"performative": "query", "sender": "spotrobot1", "receiver": "nurse_disinfected1", "content": "Ready|a_authorize_patrol"}"
[spotrobot-5] [INFO] [1748520620.402688208] [spotrobot]: I heard: "{"performative": "query", "sender": "nurse_disinfected1", "receiver": "spotrobot1", "content": "Done|a_authenticate_nurse"}"
[nurse_disinfect-3] [INFO] [1748520620.402941617] [nurse_disinfect]: And it is for me
[nurse_disinfect-3] [INFO] [1748520620.403226453] [nurse_disinfect]: Ready to act
[spotrobot-5] [INFO] [1748520620.403302377] [spotrobot]: And it is for me
[spotrobot-5] [INFO] [1748520620.403904878] [spotrobot]: Already finished action
[uvdrobot-4] [INFO] [1748520620.404007052] [uvdrobot]: I heard: "{"performative": "query", "sender": "nurse_disinfected1", "receiver": "spotrobot1", "content": "Done|a_authorize_patrol"}"
[nurse_disinfect-3] [INFO] [1748520620.404007622] [nurse_disinfect]: I heard: "{"performative": "query", "sender": "nurse_disinfected1", "receiver": "spotrobot1", "content": "Ready|a_authorize_patrol"}"
[nurse_disinfect-3] [INFO] [1748520620.404351687] [nurse_disinfect]: And it is not for me
[uvdrobot-4] [INFO] [1748520620.404382165] [uvdrobot]: And it is not for me
[nurse_disinfect-3] [INFO] [1748520620.404932521] [nurse_disinfect]: I heard: "{"performative": "query", "sender": "nurse_disinfected1", "receiver": "spotrobot1", "content": "Done|a_authorize_patrol"}"
[spotrobot-5] [INFO] [1748520620.404972633] [spotrobot]: I heard: "{"performative": "query", "sender": "spotrobot1", "receiver": "nurse_disinfected1", "content": "Ready|a_authorize_patrol"}"
[nurse_disinfect-3] [INFO] [1748520620.405382756] [nurse_disinfect]: And it is not for me
[spotrobot-5] [INFO] [1748520620.405611347] [spotrobot]: And it is not for me
[spotrobot-5] [INFO] [1748520620.406703078] [spotrobot]: I heard: "{"performative": "query", "sender": "nurse_disinfected1", "receiver": "spotrobot1", "content": "Ready|a_authorize_patrol"}"
[spotrobot-5] [INFO] [1748520620.407354501] [spotrobot]: And it is for me
[spotrobot-5] [INFO] [1748520620.408018530] [spotrobot]: Ready to act
[nurse_disinfect-3] [INFO] [1748520620.408710794] [nurse_disinfect]: I heard: "{"performative": "query", "sender": "spotrobot1", "receiver": "nurse_disinfected1", "content": "Done|a_authorize_patrol"}"
[uvdrobot-4] [INFO] [1748520620.408816982] [uvdrobot]: I heard: "{"performative": "query", "sender": "spotrobot1", "receiver": "nurse_disinfected1", "content": "Done|a_authorize_patrol"}"
[nurse_disinfect-3] [INFO] [1748520620.409096141] [nurse_disinfect]: And it is for me
[spotrobot-5] [INFO] [1748520620.409325445] [spotrobot]: I heard: "{"performative": "query", "sender": "nurse_disinfected1", "receiver": "spotrobot1", "content": "Done|a_authorize_patrol"}"
[uvdrobot-4] [INFO] [1748520620.409426651] [uvdrobot]: And it is not for me
[nurse_disinfect-3] [INFO] [1748520620.409444432] [nurse_disinfect]: Finished action
[spotrobot-5] [INFO] [1748520620.409947539] [spotrobot]: And it is for me
[nurse_disinfect-3] [INFO] [1748520620.410235866] [nurse_disinfect]: I heard: "{"performative": "query", "sender": "nurse_disinfected1", "receiver": "spotrobot1", "content": "Done|a_authorize_patrol"}"
[uvdrobot-4] [INFO] [1748520620.410353289] [uvdrobot]: I heard: "{"performative": "query", "sender": "nurse_disinfected1", "receiver": "spotrobot1", "content": "Done|a_authorize_patrol"}"
[spotrobot-5] [INFO] [1748520620.410520237] [spotrobot]: Finished action
[nurse_disinfect-3] [INFO] [1748520620.410568412] [nurse_disinfect]: And it is not for me
[uvdrobot-4] [INFO] [1748520620.410935872] [uvdrobot]: And it is not for me
[nurse_disinfect-3] [INFO] [1748520620.411243496] [nurse_disinfect]: I heard: "{"performative": "query", "sender": "spotrobot1", "receiver": "nurse_disinfected1", "content": "Done|a_authorize_patrol"}"
[spotrobot-5] [INFO] [1748520620.411321999] [spotrobot]: Doing a_patrol_room
[nurse_disinfect-3] [INFO] [1748520620.411693974] [nurse_disinfect]: And it is for me
[uvdrobot-4] [INFO] [1748520620.411961534] [uvdrobot]: I heard: "{"performative": "query", "sender": "spotrobot1", "receiver": "nurse_disinfected1", "content": "Done|a_authorize_patrol"}"
[nurse_disinfect-3] [INFO] [1748520620.412063090] [nurse_disinfect]: Already finished action
[spotrobot-5] [INFO] [1748520620.412064374] [spotrobot]: Wating for response
[uvdrobot-4] [INFO] [1748520620.412567209] [uvdrobot]: And it is not for me
[spotrobot-5] [INFO] [1748520620.413025400] [spotrobot]: I heard: "{"performative": "query", "sender": "spotrobot1", "receiver": "nurse_disinfected1", "content": "Done|a_authorize_patrol"}"
[spotrobot-5] [INFO] [1748520620.413650867] [spotrobot]: And it is not for me
[spotrobot-5] [INFO] [1748520620.414613632] [spotrobot]: I heard: "{"performative": "query", "sender": "nurse_disinfected1", "receiver": "spotrobot1", "content": "Done|a_authorize_patrol"}"
[spotrobot-5] [INFO] [1748520620.415259945] [spotrobot]: And it is for me
[spotrobot-5] [INFO] [1748520620.415859169] [spotrobot]: Already finished action
[spotrobot-5] [INFO] [1748520620.417078927] [spotrobot]: I heard: "{"performative": "query", "sender": "spotrobot1", "receiver": "nurse_disinfected1", "content": "Done|a_authorize_patrol"}"
[spotrobot-5] [INFO] [1748520620.417745548] [spotrobot]: And it is not for me
[spotrobot-5] [INFO] [1748520620.419103148] [spotrobot]: dirty room
[spotrobot-5] [INFO] [1748520620.421270717] [spotrobot]: I heard: "{"performative": "request", "sender": "Coordinator", "receiver": "nurse_disinfected1", "content": "Start|nurse_disinfected1,room1,spotrobot1,uvdrobot1"}"
[uvdrobot-4] [INFO] [1748520620.421306988] [uvdrobot]: I heard: "{"performative": "request", "sender": "Coordinator", "receiver": "nurse_disinfected1", "content": "Start|nurse_disinfected1,room1,spotrobot1,uvdrobot1"}"
[nurse_disinfect-3] [INFO] [1748520620.421350525] [nurse_disinfect]: I heard: "{"performative": "request", "sender": "Coordinator", "receiver": "nurse_disinfected1", "content": "Start|nurse_disinfected1,room1,spotrobot1,uvdrobot1"}"
[uvdrobot-4] [INFO] [1748520620.421719788] [uvdrobot]: And it is not for me
[nurse_disinfect-3] [INFO] [1748520620.421757540] [nurse_disinfect]: And it is for me
[spotrobot-5] [INFO] [1748520620.421963127] [spotrobot]: And it is not for me
[nurse_disinfect-3] [INFO] [1748520620.422094745] [nurse_disinfect]: nurse_disinfected1
[uvdrobot-4] [INFO] [1748520620.422263177] [uvdrobot]: I heard: "{"performative": "request", "sender": "Coordinator", "receiver": "room1", "content": "Start|nurse_disinfected1,room1,spotrobot1,uvdrobot1"}"
[uvdrobot-4] [INFO] [1748520620.422569987] [uvdrobot]: And it is not for me
[nurse_disinfect-3] [INFO] [1748520620.422622820] [nurse_disinfect]: I heard: "{"performative": "request", "sender": "Coordinator", "receiver": "room1", "content": "Start|nurse_disinfected1,room1,spotrobot1,uvdrobot1"}"
[spotrobot-5] [INFO] [1748520620.422862300] [spotrobot]: I heard: "{"performative": "request", "sender": "Coordinator", "receiver": "room1", "content": "Start|nurse_disinfected1,room1,spotrobot1,uvdrobot1"}"
[nurse_disinfect-3] [INFO] [1748520620.422917237] [nurse_disinfect]: And it is not for me
[uvdrobot-4] [INFO] [1748520620.423134317] [uvdrobot]: I heard: "{"performative": "request", "sender": "Coordinator", "receiver": "spotrobot1", "content": "Start|nurse_disinfected1,room1,spotrobot1,uvdrobot1"}"
[nurse_disinfect-3] [INFO] [1748520620.423426131] [nurse_disinfect]: I heard: "{"performative": "request", "sender": "Coordinator", "receiver": "spotrobot1", "content": "Start|nurse_disinfected1,room1,spotrobot1,uvdrobot1"}"
[spotrobot-5] [INFO] [1748520620.423438075] [spotrobot]: And it is not for me
[uvdrobot-4] [INFO] [1748520620.423504582] [uvdrobot]: And it is not for me
[nurse_disinfect-3] [INFO] [1748520620.423730791] [nurse_disinfect]: And it is not for me
[uvdrobot-4] [INFO] [1748520620.424201365] [uvdrobot]: I heard: "{"performative": "request", "sender": "Coordinator", "receiver": "uvdrobot1", "content": "Start|nurse_disinfected1,room1,spotrobot1,uvdrobot1"}"
[nurse_disinfect-3] [INFO] [1748520620.424339806] [nurse_disinfect]: I heard: "{"performative": "request", "sender": "Coordinator", "receiver": "uvdrobot1", "content": "Start|nurse_disinfected1,room1,spotrobot1,uvdrobot1"}"
[spotrobot-5] [INFO] [1748520620.424385127] [spotrobot]: I heard: "{"performative": "request", "sender": "Coordinator", "receiver": "spotrobot1", "content": "Start|nurse_disinfected1,room1,spotrobot1,uvdrobot1"}"
[uvdrobot-4] [INFO] [1748520620.424533458] [uvdrobot]: And it is for me
[nurse_disinfect-3] [INFO] [1748520620.424636467] [nurse_disinfect]: And it is not for me
[spotrobot-5] [INFO] [1748520620.424952524] [spotrobot]: And it is for me
[spotrobot-5] [INFO] [1748520620.425716545] [spotrobot]: 
[uvdrobot-4] [INFO] [1748520620.426544936] [uvdrobot]: I heard: "{"performative": "request", "sender": "Coordinator", "receiver": "spotrobot1", "content": "Start|nurse_disinfected1,room1,spotrobot1,uvdrobot1"}"
[nurse_disinfect-3] [INFO] [1748520620.426581074] [nurse_disinfect]: I heard: "{"performative": "request", "sender": "Coordinator", "receiver": "spotrobot1", "content": "Start|nurse_disinfected1,room1,spotrobot1,uvdrobot1"}"
[spotrobot-5] [INFO] [1748520620.426748151] [spotrobot]: I heard: "{"performative": "request", "sender": "Coordinator", "receiver": "uvdrobot1", "content": "Start|nurse_disinfected1,room1,spotrobot1,uvdrobot1"}"
[uvdrobot-4] [INFO] [1748520620.426906738] [uvdrobot]: And it is not for me
[nurse_disinfect-3] [INFO] [1748520620.427140682] [nurse_disinfect]: And it is not for me
[spotrobot-5] [INFO] [1748520620.427297305] [spotrobot]: And it is not for me
[uvdrobot-4] [INFO] [1748520620.427427605] [uvdrobot]: I heard: "{"performative": "request", "sender": "Coordinator", "receiver": "uvdrobot1", "content": "Start|nurse_disinfected1,room1,spotrobot1,uvdrobot1"}"
[uvdrobot-4] [INFO] [1748520620.427786373] [uvdrobot]: And it is for me
[nurse_disinfect-3] [INFO] [1748520620.428124863] [nurse_disinfect]: I heard: "{"performative": "request", "sender": "Coordinator", "receiver": "uvdrobot1", "content": "Start|nurse_disinfected1,room1,spotrobot1,uvdrobot1"}"
[spotrobot-5] [INFO] [1748520620.428273202] [spotrobot]: I heard: "{"performative": "request", "sender": "Coordinator", "receiver": "spotrobot1", "content": "Start|nurse_disinfected1,room1,spotrobot1,uvdrobot1"}"
[uvdrobot-4] [INFO] [1748520620.428318495] [uvdrobot]: I heard: "{"performative": "request", "sender": "Coordinator", "receiver": "nurse_disinfected1", "content": "Start|nurse_disinfected1,room1,spotrobot1,uvdrobot1"}"
[uvdrobot-4] [INFO] [1748520620.428620257] [uvdrobot]: And it is not for me
[nurse_disinfect-3] [INFO] [1748520620.428698309] [nurse_disinfect]: And it is not for me
[spotrobot-5] [INFO] [1748520620.428826371] [spotrobot]: And it is for me
[disinfect_planner-2] [INFO] [1748520620.429145076] [disinfect_planner]: Creating plan for: spotrobot1 uvdrobot1 nurse_disinfected1
[nurse_disinfect-3] [INFO] [1748520620.429493463] [nurse_disinfect]: I heard: "{"performative": "request", "sender": "Coordinator", "receiver": "nurse_disinfected1", "content": "Start|nurse_disinfected1,room1,spotrobot1,uvdrobot1"}"
[spotrobot-5] [INFO] [1748520620.429759290] [spotrobot]: I heard: "{"performative": "request", "sender": "Coordinator", "receiver": "uvdrobot1", "content": "Start|nurse_disinfected1,room1,spotrobot1,uvdrobot1"}"
[nurse_disinfect-3] [INFO] [1748520620.429851366] [nurse_disinfect]: And it is for me
[nurse_disinfect-3] [INFO] [1748520620.430185904] [nurse_disinfect]: nurse_disinfected1
[disinfect_planner-2] [INFO] [1748520620.430196906] [disinfect_planner]: a_navto,spotrobot1,room1
[spotrobot-5] [INFO] [1748520620.430365502] [spotrobot]: And it is not for me
[disinfect_planner-2] [INFO] [1748520620.430545071] [disinfect_planner]: a_approach_nurse,spotrobot1,nurse_disinfected1
[disinfect_planner-2] [INFO] [1748520620.430852967] [disinfect_planner]: a_authenticate_nurse,spotrobot1,nurse_disinfected1
[disinfect_planner-2] [INFO] [1748520620.431132376] [disinfect_planner]: a_clean_room,nurse_disinfected1,room1
[spotrobot-5] [INFO] [1748520620.431321765] [spotrobot]: I heard: "{"performative": "request", "sender": "Coordinator", "receiver": "nurse_disinfected1", "content": "Start|nurse_disinfected1,room1,spotrobot1,uvdrobot1"}"
[disinfect_planner-2] [INFO] [1748520620.431405535] [disinfect_planner]: a_authorize_patrol,spotrobot1,nurse_disinfected1
[disinfect_planner-2] [INFO] [1748520620.431682552] [disinfect_planner]: a_patrol_room,spotrobot1,room1
[spotrobot-5] [INFO] [1748520620.431900828] [spotrobot]: And it is not for me
[disinfect_planner-2] [INFO] [1748520620.431957376] [disinfect_planner]: a_authorize_disinfect,uvdrobot1,spotrobot1
[disinfect_planner-2] [INFO] [1748520620.432235067] [disinfect_planner]: a_navto,uvdrobot1,room1
[disinfect_planner-2] [INFO] [1748520620.432507320] [disinfect_planner]: a_disinfect_room,uvdrobot1,room1
[disinfect_planner-2] [INFO] [1748520620.432919910] [disinfect_planner]: Sending response
[nurse_disinfect-3] [INFO] [1748520620.435354357] [nurse_disinfect]: I heard: "{"performative": "request", "sender": "Coordinator", "receiver": "spotrobot1", "content": "Plan|a_navto,spotrobot1,room1/a_approach_nurse,spotrobot1,nurse_disinfected1/a_authenticate_nurse,spotrobot1,nurse_disinfected1/a_authorize_patrol,spotrobot1,nurse_disinfected1/a_patrol_room,spotrobot1,room1/a_authorize_disinfect,uvdrobot1,spotrobot1"}"
[uvdrobot-4] [INFO] [1748520620.435415863] [uvdrobot]: I heard: "{"performative": "request", "sender": "Coordinator", "receiver": "spotrobot1", "content": "Plan|a_navto,spotrobot1,room1/a_approach_nurse,spotrobot1,nurse_disinfected1/a_authenticate_nurse,spotrobot1,nurse_disinfected1/a_authorize_patrol,spotrobot1,nurse_disinfected1/a_patrol_room,spotrobot1,room1/a_authorize_disinfect,uvdrobot1,spotrobot1"}"
[spotrobot-5] [INFO] [1748520620.435422885] [spotrobot]: I heard: "{"performative": "request", "sender": "Coordinator", "receiver": "spotrobot1", "content": "Plan|a_navto,spotrobot1,room1/a_approach_nurse,spotrobot1,nurse_disinfected1/a_authenticate_nurse,spotrobot1,nurse_disinfected1/a_authorize_patrol,spotrobot1,nurse_disinfected1/a_patrol_room,spotrobot1,room1/a_authorize_disinfect,uvdrobot1,spotrobot1"}"
[nurse_disinfect-3] [INFO] [1748520620.435730725] [nurse_disinfect]: And it is not for me
[uvdrobot-4] [INFO] [1748520620.435862451] [uvdrobot]: And it is not for me
[spotrobot-5] [INFO] [1748520620.435938430] [spotrobot]: And it is for me
[nurse_disinfect-3] [INFO] [1748520620.436428024] [nurse_disinfect]: I heard: "{"performative": "request", "sender": "Coordinator", "receiver": "uvdrobot1", "content": "Plan|a_authorize_disinfect,uvdrobot1,spotrobot1/a_navto,uvdrobot1,room1/a_disinfect_room,uvdrobot1,room1"}"
[uvdrobot-4] [INFO] [1748520620.436499784] [uvdrobot]: I heard: "{"performative": "request", "sender": "Coordinator", "receiver": "uvdrobot1", "content": "Plan|a_authorize_disinfect,uvdrobot1,spotrobot1/a_navto,uvdrobot1,room1/a_disinfect_room,uvdrobot1,room1"}"
[spotrobot-5] [INFO] [1748520620.436564623] [spotrobot]: Doing a_navto
[nurse_disinfect-3] [INFO] [1748520620.436742538] [nurse_disinfect]: And it is not for me
[uvdrobot-4] [INFO] [1748520620.436933620] [uvdrobot]: And it is for me
[spotrobot-5] [INFO] [1748520620.437016354] [spotrobot]: Wating for response
[nurse_disinfect-3] [INFO] [1748520620.437445972] [nurse_disinfect]: I heard: "{"performative": "request", "sender": "Coordinator", "receiver": "nurse_disinfected1", "content": "Plan|a_approach_nurse,spotrobot1,nurse_disinfected1/a_authenticate_nurse,spotrobot1,nurse_disinfected1/a_clean_room,nurse_disinfected1,room1/a_authorize_patrol,spotrobot1,nurse_disinfected1"}"
[uvdrobot-4] [INFO] [1748520620.437586941] [uvdrobot]: I heard: "{"performative": "request", "sender": "Coordinator", "receiver": "nurse_disinfected1", "content": "Plan|a_approach_nurse,spotrobot1,nurse_disinfected1/a_authenticate_nurse,spotrobot1,nurse_disinfected1/a_clean_room,nurse_disinfected1,room1/a_authorize_patrol,spotrobot1,nurse_disinfected1"}"
[nurse_disinfect-3] [INFO] [1748520620.437772964] [nurse_disinfect]: And it is for me
[uvdrobot-4] [INFO] [1748520620.437894267] [uvdrobot]: And it is not for me
[spotrobot-5] [INFO] [1748520620.437897675] [spotrobot]: I heard: "{"performative": "request", "sender": "Coordinator", "receiver": "uvdrobot1", "content": "Plan|a_authorize_disinfect,uvdrobot1,spotrobot1/a_navto,uvdrobot1,room1/a_disinfect_room,uvdrobot1,room1"}"
[nurse_disinfect-3] [INFO] [1748520620.438150259] [nurse_disinfect]: a_approach_nurse
[nurse_disinfect-3] [INFO] [1748520620.438532022] [nurse_disinfect]: a_authenticate_nurse
[spotrobot-5] [INFO] [1748520620.438550943] [spotrobot]: And it is not for me
[nurse_disinfect-3] [INFO] [1748520620.438824373] [nurse_disinfect]: Doing a_authenticate_nurse
[nurse_disinfect-3] [INFO] [1748520620.439106290] [nurse_disinfect]: a_authenticate_nurse
[spotrobot-5] [INFO] [1748520620.439195600] [spotrobot]: I heard: "{"performative": "request", "sender": "Coordinator", "receiver": "nurse_disinfected1", "content": "Plan|a_approach_nurse,spotrobot1,nurse_disinfected1/a_authenticate_nurse,spotrobot1,nurse_disinfected1/a_clean_room,nurse_disinfected1,room1/a_authorize_patrol,spotrobot1,nurse_disinfected1"}"
[spotrobot-5] [INFO] [1748520620.439531772] [spotrobot]: And it is not for me
[nurse_disinfect-3] [INFO] [1748520620.439631214] [nurse_disinfect]: Here first, waiting for robot
[spotrobot-5] [INFO] [1748520620.439933654] [spotrobot]: success
[spotrobot-5] [INFO] [1748520620.440373255] [spotrobot]: Doing a_approach_nurse
[uvdrobot-4] [INFO] [1748520620.440518878] [uvdrobot]: I heard: "{"performative": "query", "sender": "nurse_disinfected1", "receiver": "spotrobot1", "content": "Ready|a_authenticate_nurse"}"
[nurse_disinfect-3] [INFO] [1748520620.440705282] [nurse_disinfect]: I heard: "{"performative": "query", "sender": "nurse_disinfected1", "receiver": "spotrobot1", "content": "Ready|a_authenticate_nurse"}"
[spotrobot-5] [INFO] [1748520620.440926877] [spotrobot]: Wating for response
[uvdrobot-4] [INFO] [1748520620.441121327] [uvdrobot]: And it is not for me
[nurse_disinfect-3] [INFO] [1748520620.441222706] [nurse_disinfect]: And it is not for me
[spotrobot-5] [INFO] [1748520620.441596438] [spotrobot]: I heard: "{"performative": "query", "sender": "nurse_disinfected1", "receiver": "spotrobot1", "content": "Ready|a_authenticate_nurse"}"
[spotrobot-5] [INFO] [1748520620.441912407] [spotrobot]: And it is for me
[spotrobot-5] [INFO] [1748520620.442249390] [spotrobot]: No there yet
[spotrobot-5] [INFO] [1748520620.443177461] [spotrobot]: success
[spotrobot-5] [INFO] [1748520620.443615229] [spotrobot]: Doing a_authenticate_nurse
[spotrobot-5] [INFO] [1748520620.444168356] [spotrobot]: a_authenticate_nurse
[spotrobot-5] [INFO] [1748520620.444553017] [spotrobot]: Nurse is waiting, send action message
[uvdrobot-4] [INFO] [1748520620.445287811] [uvdrobot]: I heard: "{"performative": "query", "sender": "spotrobot1", "receiver": "nurse_disinfected1", "content": "Done|a_authenticate_nurse"}"
[spotrobot-5] [INFO] [1748520620.445338833] [spotrobot]: I heard: "{"performative": "query", "sender": "spotrobot1", "receiver": "nurse_disinfected1", "content": "Done|a_authenticate_nurse"}"
[nurse_disinfect-3] [INFO] [1748520620.445339834] [nurse_disinfect]: I heard: "{"performative": "query", "sender": "spotrobot1", "receiver": "nurse_disinfected1", "content": "Done|a_authenticate_nurse"}"
[spotrobot-5] [INFO] [1748520620.445657142] [spotrobot]: And it is not for me
[nurse_disinfect-3] [INFO] [1748520620.445792166] [nurse_disinfect]: And it is for me
[uvdrobot-4] [INFO] [1748520620.445901821] [uvdrobot]: And it is not for me
[nurse_disinfect-3] [INFO] [1748520620.446106775] [nurse_disinfect]: Finished action
[nurse_disinfect-3] [INFO] [1748520620.446676585] [nurse_disinfect]: a_clean_room
[spotrobot-5] [INFO] [1748520620.446848350] [spotrobot]: I heard: "{"performative": "query", "sender": "nurse_disinfected1", "receiver": "spotrobot1", "content": "Done|a_authenticate_nurse"}"
[nurse_disinfect-3] [INFO] [1748520620.447023180] [nurse_disinfect]: Doing a_clean_room
[spotrobot-5] [INFO] [1748520620.447183183] [spotrobot]: And it is for me
[uvdrobot-4] [INFO] [1748520620.447271159] [uvdrobot]: I heard: "{"performative": "query", "sender": "nurse_disinfected1", "receiver": "spotrobot1", "content": "Done|a_authenticate_nurse"}"
[spotrobot-5] [INFO] [1748520620.447483670] [spotrobot]: Finished action
[nurse_disinfect-3] [INFO] [1748520620.447577182] [nurse_disinfect]: Waiting for response
[uvdrobot-4] [INFO] [1748520620.447906216] [uvdrobot]: And it is not for me
[spotrobot-5] [INFO] [1748520620.447965911] [spotrobot]: Doing a_authorize_patrol
[nurse_disinfect-3] [INFO] [1748520620.448173623] [nurse_disinfect]: I heard: "{"performative": "query", "sender": "nurse_disinfected1", "receiver": "spotrobot1", "content": "Done|a_authenticate_nurse"}"
[spotrobot-5] [INFO] [1748520620.448261856] [spotrobot]: a_authorize_patrol
[nurse_disinfect-3] [INFO] [1748520620.448502165] [nurse_disinfect]: And it is not for me
[spotrobot-5] [INFO] [1748520620.448560404] [spotrobot]: Here first, waiting for nurse
[uvdrobot-4] [INFO] [1748520620.448867896] [uvdrobot]: I heard: "{"performative": "query", "sender": "spotrobot1", "receiver": "nurse_disinfected1", "content": "Done|a_authenticate_nurse"}"
[nurse_disinfect-3] [INFO] [1748520620.449093632] [nurse_disinfect]: I heard: "{"performative": "query", "sender": "spotrobot1", "receiver": "nurse_disinfected1", "content": "Done|a_authenticate_nurse"}"
[spotrobot-5] [INFO] [1748520620.449233875] [spotrobot]: I heard: "{"performative": "query", "sender": "spotrobot1", "receiver": "nurse_disinfected1", "content": "Done|a_authenticate_nurse"}"
[nurse_disinfect-3] [INFO] [1748520620.449398451] [nurse_disinfect]: And it is for me
[uvdrobot-4] [INFO] [1748520620.449473633] [uvdrobot]: And it is not for me
[spotrobot-5] [INFO] [1748520620.449541486] [spotrobot]: And it is not for me
[nurse_disinfect-3] [INFO] [1748520620.449838969] [nurse_disinfect]: Already finished action
[nurse_disinfect-3] [INFO] [1748520620.450431711] [nurse_disinfect]: I heard: "{"performative": "query", "sender": "spotrobot1", "receiver": "nurse_disinfected1", "content": "Ready|a_authorize_patrol"}"
[spotrobot-5] [INFO] [1748520620.450432586] [spotrobot]: I heard: "{"performative": "query", "sender": "spotrobot1", "receiver": "nurse_disinfected1", "content": "Ready|a_authorize_patrol"}"
[uvdrobot-4] [INFO] [1748520620.450527276] [uvdrobot]: I heard: "{"performative": "query", "sender": "spotrobot1", "receiver": "nurse_disinfected1", "content": "Ready|a_authorize_patrol"}"
[spotrobot-5] [INFO] [1748520620.450782975] [spotrobot]: And it is not for me
[nurse_disinfect-3] [INFO] [1748520620.450809280] [nurse_disinfect]: And it is for me
[nurse_disinfect-3] [INFO] [1748520620.451166003] [nurse_disinfect]: No there yet
[uvdrobot-4] [INFO] [1748520620.451306611] [uvdrobot]: And it is not for me
[nurse_disinfect-3] [INFO] [1748520620.451991758] [nurse_disinfect]: success
[nurse_disinfect-3] [INFO] [1748520620.452705920] [nurse_disinfect]: a_authorize_patrol
[nurse_disinfect-3] [INFO] [1748520620.453107675] [nurse_disinfect]: Doing a_authorize_patrol
[nurse_disinfect-3] [INFO] [1748520620.453455588] [nurse_disinfect]: a_authorize_patrol
[nurse_disinfect-3] [INFO] [1748520620.454028127] [nurse_disinfect]: Robot is waiting, send action message
[spotrobot-5] [INFO] [1748520620.454803395] [spotrobot]: I heard: "{"performative": "query", "sender": "nurse_disinfected1", "receiver": "spotrobot1", "content": "Done|a_authorize_patrol"}"
[uvdrobot-4] [INFO] [1748520620.454863341] [uvdrobot]: I heard: "{"performative": "query", "sender": "nurse_disinfected1", "receiver": "spotrobot1", "content": "Done|a_authorize_patrol"}"
[nurse_disinfect-3] [INFO] [1748520620.454987046] [nurse_disinfect]: I heard: "{"performative": "query", "sender": "nurse_disinfected1", "receiver": "spotrobot1", "content": "Done|a_authorize_patrol"}"
[uvdrobot-4] [INFO] [1748520620.455204561] [uvdrobot]: And it is not for me
[spotrobot-5] [INFO] [1748520620.455327992] [spotrobot]: And it is for me
[nurse_disinfect-3] [INFO] [1748520620.455365458] [nurse_disinfect]: And it is not for me
[spotrobot-5] [INFO] [1748520620.455654837] [spotrobot]: Finished action
[nurse_disinfect-3] [INFO] [1748520620.456292243] [nurse_disinfect]: I heard: "{"performative": "query", "sender": "spotrobot1", "receiver": "nurse_disinfected1", "content": "Done|a_authorize_patrol"}"
[spotrobot-5] [INFO] [1748520620.456514521] [spotrobot]: Doing a_patrol_room
[uvdrobot-4] [INFO] [1748520620.456728389] [uvdrobot]: I heard: "{"performative": "query", "sender": "spotrobot1", "receiver": "nurse_disinfected1", "content": "Done|a_authorize_patrol"}"
[nurse_disinfect-3] [INFO] [1748520620.456897612] [nurse_disinfect]: And it is for me
[spotrobot-5] [INFO] [1748520620.457154826] [spotrobot]: Wating for response
[nurse_disinfect-3] [INFO] [1748520620.457287237] [nurse_disinfect]: Finished action
[uvdrobot-4] [INFO] [1748520620.457347068] [uvdrobot]: And it is not for me
[spotrobot-5] [INFO] [1748520620.457785362] [spotrobot]: I heard: "{"performative": "query", "sender": "spotrobot1", "receiver": "nurse_disinfected1", "content": "Done|a_authorize_patrol"}"
[nurse_disinfect-3] [INFO] [1748520620.458036873] [nurse_disinfect]: I heard: "{"performative": "query", "sender": "nurse_disinfected1", "receiver": "spotrobot1", "content": "Done|a_authorize_patrol"}"
[spotrobot-5] [INFO] [1748520620.458145562] [spotrobot]: And it is not for me
[uvdrobot-4] [INFO] [1748520620.458380339] [uvdrobot]: I heard: "{"performative": "query", "sender": "nurse_disinfected1", "receiver": "spotrobot1", "content": "Done|a_authorize_patrol"}"
[nurse_disinfect-3] [INFO] [1748520620.458398496] [nurse_disinfect]: And it is not for me
[spotrobot-5] [INFO] [1748520620.458749697] [spotrobot]: I heard: "{"performative": "query", "sender": "nurse_disinfected1", "receiver": "spotrobot1", "content": "Done|a_authorize_patrol"}"
[uvdrobot-4] [INFO] [1748520620.458963302] [uvdrobot]: And it is not for me
[spotrobot-5] [INFO] [1748520620.459210419] [spotrobot]: And it is for me
[spotrobot-5] [INFO] [1748520620.459787332] [spotrobot]: Already finished action
[spotrobot-5] [INFO] [1748520620.460776192] [spotrobot]: success
[spotrobot-5] [INFO] [1748520620.461190194] [spotrobot]: Doing a_authorize_disinfect
[spotrobot-5] [INFO] [1748520620.461571873] [spotrobot]: a_authorize_disinfect
[spotrobot-5] [INFO] [1748520620.461921682] [spotrobot]: Here first, waiting for spotrobot
[uvdrobot-4] [INFO] [1748520620.462688339] [uvdrobot]: I heard: "{"performative": "query", "sender": "spotrobot1", "receiver": "uvdrobot1", "content": "Ready|a_authorize_disinfect"}"
[spotrobot-5] [INFO] [1748520620.462701575] [spotrobot]: I heard: "{"performative": "query", "sender": "spotrobot1", "receiver": "uvdrobot1", "content": "Ready|a_authorize_disinfect"}"
[nurse_disinfect-3] [INFO] [1748520620.462722737] [nurse_disinfect]: I heard: "{"performative": "query", "sender": "spotrobot1", "receiver": "uvdrobot1", "content": "Ready|a_authorize_disinfect"}"
[uvdrobot-4] [INFO] [1748520620.463077532] [uvdrobot]: And it is for me
[spotrobot-5] [INFO] [1748520620.463112458] [spotrobot]: And it is not for me
[nurse_disinfect-3] [INFO] [1748520620.463341374] [nurse_disinfect]: And it is not for me
[uvdrobot-4] [INFO] [1748520620.463376227] [uvdrobot]: Ready to act
[nurse_disinfect-3] [INFO] [1748520620.464025911] [nurse_disinfect]: I heard: "{"performative": "query", "sender": "uvdrobot1", "receiver": "spotrobot1", "content": "Done|a_authorize_disinfect"}"
[uvdrobot-4] [INFO] [1748520620.464121743] [uvdrobot]: I heard: "{"performative": "query", "sender": "uvdrobot1", "receiver": "spotrobot1", "content": "Done|a_authorize_disinfect"}"
[uvdrobot-4] [INFO] [1748520620.464438354] [uvdrobot]: And it is not for me
[nurse_disinfect-3] [INFO] [1748520620.464462645] [nurse_disinfect]: And it is not for me
[spotrobot-5] [INFO] [1748520620.464518650] [spotrobot]: I heard: "{"performative": "query", "sender": "uvdrobot1", "receiver": "spotrobot1", "content": "Done|a_authorize_disinfect"}"
[spotrobot-5] [INFO] [1748520620.465125873] [spotrobot]: And it is for me
[spotrobot-5] [INFO] [1748520620.465778709] [spotrobot]: Finished action
[nurse_disinfect-3] [INFO] [1748520620.466502588] [nurse_disinfect]: I heard: "{"performative": "query", "sender": "spotrobot1", "receiver": "uvdrobot1", "content": "Done|a_authorize_disinfect"}"
[uvdrobot-4] [INFO] [1748520620.466535616] [uvdrobot]: I heard: "{"performative": "query", "sender": "spotrobot1", "receiver": "uvdrobot1", "content": "Done|a_authorize_disinfect"}"
[uvdrobot-4] [INFO] [1748520620.466921690] [uvdrobot]: And it is for me
[nurse_disinfect-3] [INFO] [1748520620.466959441] [nurse_disinfect]: And it is not for me
[spotrobot-5] [INFO] [1748520620.467078142] [spotrobot]: I heard: "{"performative": "query", "sender": "spotrobot1", "receiver": "uvdrobot1", "content": "Done|a_authorize_disinfect"}"
[uvdrobot-4] [INFO] [1748520620.467228342] [uvdrobot]: Finished action
[spotrobot-5] [INFO] [1748520620.467706411] [spotrobot]: And it is not for me
[uvdrobot-4] [INFO] [1748520620.467805920] [uvdrobot]: Doing a_navto
[nurse_disinfect-3] [INFO] [1748520620.467921448] [nurse_disinfect]: I heard: "{"performative": "query", "sender": "uvdrobot1", "receiver": "spotrobot1", "content": "Done|a_authorize_disinfect"}"
[nurse_disinfect-3] [INFO] [1748520620.468520156] [nurse_disinfect]: And it is not for me
[uvdrobot-4] [INFO] [1748520620.468533477] [uvdrobot]: Waiting for response
[spotrobot-5] [INFO] [1748520620.468948459] [spotrobot]: I heard: "{"performative": "query", "sender": "uvdrobot1", "receiver": "spotrobot1", "content": "Done|a_authorize_disinfect"}"
[uvdrobot-4] [INFO] [1748520620.469301894] [uvdrobot]: I heard: "{"performative": "query", "sender": "uvdrobot1", "receiver": "spotrobot1", "content": "Done|a_authorize_disinfect"}"
[spotrobot-5] [INFO] [1748520620.469609463] [spotrobot]: And it is for me
[uvdrobot-4] [INFO] [1748520620.469767020] [uvdrobot]: And it is not for me
[spotrobot-5] [INFO] [1748520620.470239187] [spotrobot]: Already finished action
[uvdrobot-4] [INFO] [1748520620.470597764] [uvdrobot]: success
[uvdrobot-4] [INFO] [1748520620.471059307] [uvdrobot]: Doing a_disinfect_room
[uvdrobot-4] [INFO] [1748520620.471646559] [uvdrobot]: Waiting for response
[uvdrobot-4] [INFO] [1748520620.472827534] [uvdrobot]: success
[nurse_disinfect-3] [INFO] [1748520620.476456567] [nurse_disinfect]: Recebido sinal de desligamento do coordenador, finalizando...
[spotrobot-5] [INFO] [1748520620.476531759] [spotrobot]: Recebido sinal de desligamento do coordenador, finalizando...
[disinfect_environment-1] [INFO] [1748520620.476552742] [disinfect_environment]: Recebido sinal de desligamento do coordenador, finalizando...
[disinfect_planner-2] [INFO] [1748520620.476618990] [disinfect_planner]: Recebido sinal de desligamento do coordenador, finalizando...
[uvdrobot-4] [INFO] [1748520620.476650363] [uvdrobot]: Recebido sinal de desligamento do coordenador, finalizando...
[disinfect_environment-1] [INFO] [1748520620.476929667] [Quitting]: Done
[nurse_disinfect-3] [INFO] [1748520620.476967148] [Quitting]: Done
[spotrobot-5] [INFO] [1748520620.477172781] [Quitting]: Done
[disinfect_planner-2] [INFO] [1748520620.477215632] [Quitting]: Done
[uvdrobot-4] [INFO] [1748520620.477364240] [Quitting]: Done
[INFO] [disinfect_environment-1]: process has finished cleanly [pid 10353]
[INFO] [spotrobot-5]: process has finished cleanly [pid 10361]
[INFO] [uvdrobot-4]: process has finished cleanly [pid 10359]
[INFO] [nurse_disinfect-3]: process has finished cleanly [pid 10357]
