[INFO] [launch]: All log files can be found below /home/rafael/.ros/log/2025-05-30-13-05-02-899067-NotebookRafael-34784
[INFO] [launch]: Default logging verbosity is set to INFO
[INFO] [disinfect_coordinator-1]: process started with pid [34786]
[disinfect_coordinator-1] [INFO] [1748621103.905235104] [disinfect_coordinator]: spin
[disinfect_coordinator-1] [INFO] [1748621103.906186393] [disinfect_coordinator]: Received: Performative=request, Sender=uvdrobot, Receiver=Coordinator, Content=Register
[disinfect_coordinator-1] [INFO] [1748621103.906528299] [disinfect_coordinator]: Current uvdrobots: uvdrobot1 - 1
[disinfect_coordinator-1] [INFO] [1748621103.906879805] [disinfect_coordinator]: Response: uvdrobot1
[disinfect_coordinator-1] [INFO] [1748621103.907710739] [disinfect_coordinator]: Received: Performative=request, Sender=nurse_disinfected, Receiver=Coordinator, Content=Register
[disinfect_coordinator-1] [INFO] [1748621103.908014495] [disinfect_coordinator]: Current nurses: nurse_disinfected1 - 1
[disinfect_coordinator-1] [INFO] [1748621103.908303800] [disinfect_coordinator]: Response: nurse_disinfected1
[disinfect_coordinator-1] [INFO] [1748621103.909100933] [disinfect_coordinator]: Received: Performative=request, Sender=spotrobot, Receiver=Coordinator, Content=Register
[disinfect_coordinator-1] [INFO] [1748621103.909449770] [disinfect_coordinator]: Current Spotrobots: spotrobot1 - 1
[disinfect_coordinator-1] [INFO] [1748621103.909743927] [disinfect_coordinator]: Response: spotrobot1
[disinfect_coordinator-1] [INFO] [1748621103.910398534] [disinfect_coordinator]: context: nurse_disinfected1 room1 spotrobot1 uvdrobot1
[disinfect_coordinator-1] [INFO] [1748621103.910728714] [disinfect_coordinator]: Starting mission with context: ('nurse_disinfected1', 'room1', 'spotrobot1', 'uvdrobot1')
[disinfect_coordinator-1] [INFO] [1748621103.911024353] [disinfect_coordinator]: Creating plan for: spotrobot1,uvdrobot1,nurse_disinfected1 
[disinfect_coordinator-1] [INFO] [1748621103.916498737] [disinfect_coordinator]: Plan received for: spotrobot1,uvdrobot1,nurse_disinfected1 
[disinfect_coordinator-1] [INFO] [1748621103.916832107] [disinfect_coordinator]: a_navto,spotrobot1,room1/a_open_door,spotrobot1,room1/a_approach_nurse,spotrobot1,nurse_disinfected1/a_authenticate_nurse,spotrobot1,nurse_disinfected1/a_authorize_patrol,spotrobot1,nurse_disinfected1/a_patrol_room,spotrobot1,room1/a_authorize_disinfect,uvdrobot1,spotrobot1/a_navto,uvdrobot1,room1/a_disinfect_room,uvdrobot1,room1
[disinfect_coordinator-1] [INFO] [1748621103.917155356] [disinfect_coordinator]: Sending plans
[disinfect_coordinator-1] [INFO] [1748621103.918080906] [disinfect_coordinator]: Plans sent
[disinfect_coordinator-1] [INFO] [1748621104.928126162] [disinfect_coordinator]: Received: Performative=inform, Sender=nurse_disinfected1, Receiver=Coordinator, Content=infectedRoom
[disinfect_coordinator-1] [INFO] [1748621104.950925220] [disinfect_coordinator]: Received: Performative=inform, Sender=spotrobot1, Receiver=Coordinator, Content=ERROR|dirty_room,room1
[disinfect_coordinator-1] [INFO] [1748621104.951284920] [disinfect_coordinator]: Sending reset requests...
[disinfect_coordinator-1] [INFO] [1748621104.952117582] [disinfect_coordinator]: Reset requests sent.
[disinfect_coordinator-1] [INFO] [1748621104.953120513] [disinfect_coordinator]: Error found
[disinfect_coordinator-1] [INFO] [1748621104.953621068] [disinfect_coordinator]: Updating uncleaned room: room1
[disinfect_coordinator-1] [INFO] [1748621104.954955899] [disinfect_coordinator]: success
[disinfect_coordinator-1] [INFO] [1748621104.955416831] [disinfect_coordinator]: Creating new plan for: spotrobot1,uvdrobot1,nurse_disinfected1 
[disinfect_coordinator-1] [INFO] [1748621104.961196566] [disinfect_coordinator]: Plan received for: spotrobot1,uvdrobot1,nurse_disinfected1 
[disinfect_coordinator-1] [INFO] [1748621104.961790891] [disinfect_coordinator]: a_navto,spotrobot1,room1/a_approach_nurse,spotrobot1,nurse_disinfected1/a_authenticate_nurse,spotrobot1,nurse_disinfected1/a_clean_room,nurse_disinfected1,room1/a_authorize_patrol,spotrobot1,nurse_disinfected1/a_patrol_room,spotrobot1,room1/a_authorize_disinfect,uvdrobot1,spotrobot1/a_navto,uvdrobot1,room1/a_disinfect_room,uvdrobot1,room1
[disinfect_coordinator-1] [INFO] [1748621104.962333231] [disinfect_coordinator]: Sending plans
[disinfect_coordinator-1] [INFO] [1748621104.963405721] [disinfect_coordinator]: Plans sent
[disinfect_coordinator-1] [INFO] [1748621105.002885918] [disinfect_coordinator]: Freeing agent: spotrobot1
[disinfect_coordinator-1] [INFO] [1748621105.003428154] [disinfect_coordinator]: Freeing agent: uvdrobot1
[disinfect_coordinator-1] [INFO] [1748621105.003953727] [disinfect_coordinator]: Freeing agent: nurse_disinfected1
[disinfect_coordinator-1] [INFO] [1748621105.004394246] [disinfect_coordinator]: Mission Completed
[disinfect_coordinator-1] [INFO] [1748621105.004842332] [disinfect_coordinator]: Ending simulation
[disinfect_coordinator-1] [INFO] [1748621105.005528271] [Quitting]: Done
[disinfect_coordinator-1] [INFO] [1748621105.006027658] [disinfect_coordinator]: stop spin
[INFO] [disinfect_coordinator-1]: process has finished cleanly [pid 34786]
