[INFO] [launch]: All log files can be found below /home/rafael/.ros/log/2025-05-29-22-31-34-330199-NotebookRafael-107344
[INFO] [launch]: Default logging verbosity is set to INFO
[INFO] [disinfect_environment-1]: process started with pid [107347]
[INFO] [disinfect_planner-2]: process started with pid [107349]
[INFO] [nurse_disinfect-3]: process started with pid [107351]
[INFO] [uvdrobot-4]: process started with pid [107353]
[INFO] [spotrobot-5]: process started with pid [107355]
[disinfect_environment-1] [INFO] [1748568694.610517730] [disinfect_environment]: Starting Environment server
[disinfect_environment-1] [INFO] [1748568694.615162646] [disinfect_environment]: Environment server started
[disinfect_planner-2] [INFO] [1748568695.164440711] [disinfect_planner]: Starting Planner server
[disinfect_planner-2] [INFO] [1748568695.168611681] [disinfect_planner]: Planner server started
[disinfect_planner-2] [INFO] [1748568695.320918276] [disinfect_planner]: Creating plan for: spotrobot1 uvdrobot1 nurse_disinfected1
[disinfect_planner-2] [INFO] [1748568695.322441724] [disinfect_planner]: a_navto,spotrobot1,room1
[disinfect_planner-2] [INFO] [1748568695.322748868] [disinfect_planner]: a_open_door,spotrobot1,room1
[disinfect_planner-2] [INFO] [1748568695.323044889] [disinfect_planner]: a_approach_nurse,spotrobot1,nurse_disinfected1
[disinfect_planner-2] [INFO] [1748568695.323371854] [disinfect_planner]: a_authenticate_nurse,spotrobot1,nurse_disinfected1
[disinfect_planner-2] [INFO] [1748568695.323666525] [disinfect_planner]: a_authorize_patrol,spotrobot1,nurse_disinfected1
[disinfect_planner-2] [INFO] [1748568695.323957334] [disinfect_planner]: a_patrol_room,spotrobot1,room1
[disinfect_planner-2] [INFO] [1748568695.324243345] [disinfect_planner]: a_authorize_disinfect,uvdrobot1,spotrobot1
[disinfect_planner-2] [INFO] [1748568695.324527922] [disinfect_planner]: a_navto,uvdrobot1,room1
[disinfect_planner-2] [INFO] [1748568695.324932997] [disinfect_planner]: a_disinfect_room,uvdrobot1,room1
[disinfect_planner-2] [INFO] [1748568695.325404125] [disinfect_planner]: Sending response
[uvdrobot-4] [INFO] [1748568695.329165515] [uvdrobot]: response.response uvdrobot1
[uvdrobot-4] [INFO] [1748568695.329716433] [uvdrobot]: My name is uvdrobot1
[uvdrobot-4] [INFO] [1748568695.330498662] [uvdrobot]: I heard: "{"performative": "request", "sender": "Coordinator", "receiver": "uvdrobot1", "content": "Plan|a_authorize_disinfect,uvdrobot1,spotrobot1/a_navto,uvdrobot1,room1/a_disinfect_room,uvdrobot1,room1"}"
[spotrobot-5] [INFO] [1748568695.330870494] [spotrobot]: response.response spotrobot1
[uvdrobot-4] [INFO] [1748568695.331035483] [uvdrobot]: And it is for me
[nurse_disinfect-3] [INFO] [1748568695.331122783] [nurse_disinfect]: response.response nurse_disinfected1
[spotrobot-5] [INFO] [1748568695.331308326] [spotrobot]: My name is spotrobot1
[uvdrobot-4] [INFO] [1748568695.331500586] [uvdrobot]: Doing a_authorize_disinfect
[nurse_disinfect-3] [INFO] [1748568695.331671974] [nurse_disinfect]: My name is nurse_disinfected1
[uvdrobot-4] [INFO] [1748568695.331808864] [uvdrobot]: a_authorize_disinfect
[spotrobot-5] [INFO] [1748568695.332067203] [spotrobot]: I heard: "{"performative": "request", "sender": "Coordinator", "receiver": "uvdrobot1", "content": "Plan|a_authorize_disinfect,uvdrobot1,spotrobot1/a_navto,uvdrobot1,room1/a_disinfect_room,uvdrobot1,room1"}"
[uvdrobot-4] [INFO] [1748568695.332107595] [uvdrobot]: Here first, waiting for spotrobot
[spotrobot-5] [INFO] [1748568695.332587962] [spotrobot]: And it is not for me
[uvdrobot-4] [INFO] [1748568695.332810920] [uvdrobot]: I heard: "{"performative": "request", "sender": "Coordinator", "receiver": "spotrobot1", "content": "Plan|a_navto,spotrobot1,room1/a_open_door,spotrobot1,room1/a_approach_nurse,spotrobot1,nurse_disinfected1/a_authenticate_nurse,spotrobot1,nurse_disinfected1/a_authorize_patrol,spotrobot1,nurse_disinfected1/a_patrol_room,spotrobot1,room1/a_authorize_disinfect,uvdrobot1,spotrobot1"}"
[uvdrobot-4] [INFO] [1748568695.333129009] [uvdrobot]: And it is not for me
[spotrobot-5] [INFO] [1748568695.333248095] [spotrobot]: I heard: "{"performative": "request", "sender": "Coordinator", "receiver": "spotrobot1", "content": "Plan|a_navto,spotrobot1,room1/a_open_door,spotrobot1,room1/a_approach_nurse,spotrobot1,nurse_disinfected1/a_authenticate_nurse,spotrobot1,nurse_disinfected1/a_authorize_patrol,spotrobot1,nurse_disinfected1/a_patrol_room,spotrobot1,room1/a_authorize_disinfect,uvdrobot1,spotrobot1"}"
[uvdrobot-4] [INFO] [1748568695.333519627] [uvdrobot]: I heard: "{"performative": "query", "sender": "uvdrobot1", "receiver": "spotrobot1", "content": "Ready|a_authorize_disinfect"}"
[spotrobot-5] [INFO] [1748568695.333699979] [spotrobot]: And it is for me
[uvdrobot-4] [INFO] [1748568695.333826130] [uvdrobot]: And it is not for me
[uvdrobot-4] [INFO] [1748568695.334329910] [uvdrobot]: I heard: "{"performative": "request", "sender": "Coordinator", "receiver": "nurse_disinfected1", "content": "Plan|a_approach_nurse,spotrobot1,nurse_disinfected1/a_authenticate_nurse,spotrobot1,nurse_disinfected1/a_authorize_patrol,spotrobot1,nurse_disinfected1"}"
[spotrobot-5] [INFO] [1748568695.334366458] [spotrobot]: Doing a_navto
[uvdrobot-4] [INFO] [1748568695.334634014] [uvdrobot]: And it is not for me
[spotrobot-5] [INFO] [1748568695.334841268] [spotrobot]: Wating for response
[spotrobot-5] [INFO] [1748568695.335309459] [spotrobot]: I heard: "{"performative": "request", "sender": "Coordinator", "receiver": "nurse_disinfected1", "content": "Plan|a_approach_nurse,spotrobot1,nurse_disinfected1/a_authenticate_nurse,spotrobot1,nurse_disinfected1/a_authorize_patrol,spotrobot1,nurse_disinfected1"}"
[spotrobot-5] [INFO] [1748568695.335617010] [spotrobot]: And it is not for me
[spotrobot-5] [INFO] [1748568695.335982586] [spotrobot]: I heard: "{"performative": "query", "sender": "uvdrobot1", "receiver": "spotrobot1", "content": "Ready|a_authorize_disinfect"}"
[spotrobot-5] [INFO] [1748568695.336296180] [spotrobot]: And it is for me
[spotrobot-5] [INFO] [1748568695.336596583] [spotrobot]: No there yet
[spotrobot-5] [INFO] [1748568695.337700790] [spotrobot]: success
[spotrobot-5] [INFO] [1748568695.338054677] [spotrobot]: Doing a_open_door
[spotrobot-5] [INFO] [1748568695.338442283] [spotrobot]: Wating for response
[spotrobot-5] [INFO] [1748568695.339385747] [spotrobot]: success
[spotrobot-5] [INFO] [1748568695.339764354] [spotrobot]: Doing a_approach_nurse
[spotrobot-5] [INFO] [1748568695.340182650] [spotrobot]: Wating for response
[spotrobot-5] [INFO] [1748568695.341011403] [spotrobot]: success
[spotrobot-5] [INFO] [1748568695.341529451] [spotrobot]: Doing a_authenticate_nurse
[spotrobot-5] [INFO] [1748568695.341890646] [spotrobot]: a_authenticate_nurse
[spotrobot-5] [INFO] [1748568695.342256855] [spotrobot]: Here first, waiting for nurse
[uvdrobot-4] [INFO] [1748568695.342865589] [uvdrobot]: I heard: "{"performative": "query", "sender": "spotrobot1", "receiver": "nurse_disinfected1", "content": "Ready|a_authenticate_nurse"}"
[spotrobot-5] [INFO] [1748568695.342906177] [spotrobot]: I heard: "{"performative": "query", "sender": "spotrobot1", "receiver": "nurse_disinfected1", "content": "Ready|a_authenticate_nurse"}"
[spotrobot-5] [INFO] [1748568695.343176127] [spotrobot]: And it is not for me
[uvdrobot-4] [INFO] [1748568695.343231732] [uvdrobot]: And it is not for me
[nurse_disinfect-3] [INFO] [1748568696.333617784] [nurse_disinfect]: I heard: "{"performative": "request", "sender": "Coordinator", "receiver": "uvdrobot1", "content": "Plan|a_authorize_disinfect,uvdrobot1,spotrobot1/a_navto,uvdrobot1,room1/a_disinfect_room,uvdrobot1,room1"}"
[nurse_disinfect-3] [INFO] [1748568696.334187063] [nurse_disinfect]: And it is not for me
[nurse_disinfect-3] [INFO] [1748568696.334863418] [nurse_disinfect]: I heard: "{"performative": "query", "sender": "uvdrobot1", "receiver": "spotrobot1", "content": "Ready|a_authorize_disinfect"}"
[nurse_disinfect-3] [INFO] [1748568696.335211785] [nurse_disinfect]: And it is not for me
[nurse_disinfect-3] [INFO] [1748568696.335872741] [nurse_disinfect]: I heard: "{"performative": "request", "sender": "Coordinator", "receiver": "spotrobot1", "content": "Plan|a_navto,spotrobot1,room1/a_open_door,spotrobot1,room1/a_approach_nurse,spotrobot1,nurse_disinfected1/a_authenticate_nurse,spotrobot1,nurse_disinfected1/a_authorize_patrol,spotrobot1,nurse_disinfected1/a_patrol_room,spotrobot1,room1/a_authorize_disinfect,uvdrobot1,spotrobot1"}"
[nurse_disinfect-3] [INFO] [1748568696.336250550] [nurse_disinfect]: And it is not for me
[nurse_disinfect-3] [INFO] [1748568696.336627440] [nurse_disinfect]: I heard: "{"performative": "query", "sender": "spotrobot1", "receiver": "nurse_disinfected1", "content": "Ready|a_authenticate_nurse"}"
[nurse_disinfect-3] [INFO] [1748568696.336991470] [nurse_disinfect]: And it is for me
[nurse_disinfect-3] [INFO] [1748568696.337333928] [nurse_disinfect]: No there yet
[nurse_disinfect-3] [INFO] [1748568696.337919666] [nurse_disinfect]: I heard: "{"performative": "request", "sender": "Coordinator", "receiver": "nurse_disinfected1", "content": "Plan|a_approach_nurse,spotrobot1,nurse_disinfected1/a_authenticate_nurse,spotrobot1,nurse_disinfected1/a_authorize_patrol,spotrobot1,nurse_disinfected1"}"
[nurse_disinfect-3] [INFO] [1748568696.338271603] [nurse_disinfect]: And it is for me
[nurse_disinfect-3] [INFO] [1748568696.339606196] [nurse_disinfect]: a_approach_nurse
[nurse_disinfect-3] [INFO] [1748568696.339980075] [nurse_disinfect]: a_authenticate_nurse
[nurse_disinfect-3] [INFO] [1748568696.340292485] [nurse_disinfect]: Doing a_authenticate_nurse
[nurse_disinfect-3] [INFO] [1748568696.340594317] [nurse_disinfect]: a_authenticate_nurse
[nurse_disinfect-3] [INFO] [1748568696.340897352] [nurse_disinfect]: Robot is waiting, send action message
[nurse_disinfect-3] [INFO] [1748568696.341539303] [nurse_disinfect]: I heard: "{"performative": "query", "sender": "nurse_disinfected1", "receiver": "spotrobot1", "content": "Done|a_authenticate_nurse"}"
[uvdrobot-4] [INFO] [1748568696.341584095] [uvdrobot]: I heard: "{"performative": "query", "sender": "nurse_disinfected1", "receiver": "spotrobot1", "content": "Done|a_authenticate_nurse"}"
[spotrobot-5] [INFO] [1748568696.341860160] [spotrobot]: I heard: "{"performative": "query", "sender": "nurse_disinfected1", "receiver": "spotrobot1", "content": "Done|a_authenticate_nurse"}"
[nurse_disinfect-3] [INFO] [1748568696.341894440] [nurse_disinfect]: And it is not for me
[uvdrobot-4] [INFO] [1748568696.341957727] [uvdrobot]: And it is not for me
[spotrobot-5] [INFO] [1748568696.342402043] [spotrobot]: And it is for me
[spotrobot-5] [INFO] [1748568696.342996048] [spotrobot]: Finished action
[uvdrobot-4] [INFO] [1748568696.343677528] [uvdrobot]: I heard: "{"performative": "query", "sender": "spotrobot1", "receiver": "nurse_disinfected1", "content": "Done|a_authenticate_nurse"}"
[nurse_disinfect-3] [INFO] [1748568696.343725680] [nurse_disinfect]: I heard: "{"performative": "query", "sender": "spotrobot1", "receiver": "nurse_disinfected1", "content": "Done|a_authenticate_nurse"}"
[spotrobot-5] [INFO] [1748568696.343744553] [spotrobot]: Doing a_authorize_patrol
[nurse_disinfect-3] [INFO] [1748568696.344011271] [nurse_disinfect]: And it is for me
[uvdrobot-4] [INFO] [1748568696.344119770] [uvdrobot]: And it is not for me
[spotrobot-5] [INFO] [1748568696.344245792] [spotrobot]: a_authorize_patrol
[nurse_disinfect-3] [INFO] [1748568696.344292080] [nurse_disinfect]: Finished action
[spotrobot-5] [INFO] [1748568696.344794825] [spotrobot]: Here first, waiting for nurse
[nurse_disinfect-3] [INFO] [1748568696.344947156] [nurse_disinfect]: a_authorize_patrol
[uvdrobot-4] [INFO] [1748568696.345192584] [uvdrobot]: I heard: "{"performative": "query", "sender": "nurse_disinfected1", "receiver": "spotrobot1", "content": "Done|a_authenticate_nurse"}"
[nurse_disinfect-3] [INFO] [1748568696.345211119] [nurse_disinfect]: Doing a_authorize_patrol
[uvdrobot-4] [INFO] [1748568696.345602922] [uvdrobot]: And it is not for me
[nurse_disinfect-3] [INFO] [1748568696.345753532] [nurse_disinfect]: a_authorize_patrol
[spotrobot-5] [INFO] [1748568696.345880494] [spotrobot]: I heard: "{"performative": "query", "sender": "spotrobot1", "receiver": "nurse_disinfected1", "content": "Done|a_authenticate_nurse"}"
[nurse_disinfect-3] [INFO] [1748568696.346082391] [nurse_disinfect]: Here first, waiting for robot
[uvdrobot-4] [INFO] [1748568696.346248623] [uvdrobot]: I heard: "{"performative": "query", "sender": "spotrobot1", "receiver": "nurse_disinfected1", "content": "Ready|a_authorize_patrol"}"
[spotrobot-5] [INFO] [1748568696.346442094] [spotrobot]: And it is not for me
[uvdrobot-4] [INFO] [1748568696.346572472] [uvdrobot]: And it is not for me
[nurse_disinfect-3] [INFO] [1748568696.346888890] [nurse_disinfect]: I heard: "{"performative": "query", "sender": "nurse_disinfected1", "receiver": "spotrobot1", "content": "Done|a_authenticate_nurse"}"
[uvdrobot-4] [INFO] [1748568696.347089487] [uvdrobot]: I heard: "{"performative": "query", "sender": "nurse_disinfected1", "receiver": "spotrobot1", "content": "Ready|a_authorize_patrol"}"
[spotrobot-5] [INFO] [1748568696.347385053] [spotrobot]: I heard: "{"performative": "query", "sender": "nurse_disinfected1", "receiver": "spotrobot1", "content": "Done|a_authenticate_nurse"}"
[nurse_disinfect-3] [INFO] [1748568696.347403253] [nurse_disinfect]: And it is not for me
[uvdrobot-4] [INFO] [1748568696.347424975] [uvdrobot]: And it is not for me
[spotrobot-5] [INFO] [1748568696.347924710] [spotrobot]: And it is for me
[nurse_disinfect-3] [INFO] [1748568696.348040119] [nurse_disinfect]: I heard: "{"performative": "query", "sender": "spotrobot1", "receiver": "nurse_disinfected1", "content": "Ready|a_authorize_patrol"}"
[nurse_disinfect-3] [INFO] [1748568696.348324915] [nurse_disinfect]: And it is for me
[spotrobot-5] [INFO] [1748568696.348463648] [spotrobot]: Already finished action
[nurse_disinfect-3] [INFO] [1748568696.348720924] [nurse_disinfect]: Ready to act
[spotrobot-5] [INFO] [1748568696.349371569] [spotrobot]: I heard: "{"performative": "query", "sender": "spotrobot1", "receiver": "nurse_disinfected1", "content": "Ready|a_authorize_patrol"}"
[nurse_disinfect-3] [INFO] [1748568696.349399827] [nurse_disinfect]: I heard: "{"performative": "query", "sender": "nurse_disinfected1", "receiver": "spotrobot1", "content": "Ready|a_authorize_patrol"}"
[uvdrobot-4] [INFO] [1748568696.349533957] [uvdrobot]: I heard: "{"performative": "query", "sender": "nurse_disinfected1", "receiver": "spotrobot1", "content": "Done|a_authorize_patrol"}"
[nurse_disinfect-3] [INFO] [1748568696.349847343] [nurse_disinfect]: And it is not for me
[uvdrobot-4] [INFO] [1748568696.349857788] [uvdrobot]: And it is not for me
[spotrobot-5] [INFO] [1748568696.350030527] [spotrobot]: And it is not for me
[nurse_disinfect-3] [INFO] [1748568696.350554266] [nurse_disinfect]: I heard: "{"performative": "query", "sender": "nurse_disinfected1", "receiver": "spotrobot1", "content": "Done|a_authorize_patrol"}"
[nurse_disinfect-3] [INFO] [1748568696.350969376] [nurse_disinfect]: And it is not for me
[spotrobot-5] [INFO] [1748568696.350996962] [spotrobot]: I heard: "{"performative": "query", "sender": "nurse_disinfected1", "receiver": "spotrobot1", "content": "Ready|a_authorize_patrol"}"
[spotrobot-5] [INFO] [1748568696.351581810] [spotrobot]: And it is for me
[spotrobot-5] [INFO] [1748568696.352187311] [spotrobot]: Ready to act
[uvdrobot-4] [INFO] [1748568696.352841680] [uvdrobot]: I heard: "{"performative": "query", "sender": "spotrobot1", "receiver": "nurse_disinfected1", "content": "Done|a_authorize_patrol"}"
[nurse_disinfect-3] [INFO] [1748568696.352963260] [nurse_disinfect]: I heard: "{"performative": "query", "sender": "spotrobot1", "receiver": "nurse_disinfected1", "content": "Done|a_authorize_patrol"}"
[uvdrobot-4] [INFO] [1748568696.353245142] [uvdrobot]: And it is not for me
[nurse_disinfect-3] [INFO] [1748568696.353268293] [nurse_disinfect]: And it is for me
[spotrobot-5] [INFO] [1748568696.353315718] [spotrobot]: I heard: "{"performative": "query", "sender": "nurse_disinfected1", "receiver": "spotrobot1", "content": "Done|a_authorize_patrol"}"
[nurse_disinfect-3] [INFO] [1748568696.353530267] [nurse_disinfect]: Finished action
[spotrobot-5] [INFO] [1748568696.353849940] [spotrobot]: And it is for me
[nurse_disinfect-3] [INFO] [1748568696.354202085] [nurse_disinfect]: I heard: "{"performative": "query", "sender": "nurse_disinfected1", "receiver": "spotrobot1", "content": "Done|a_authorize_patrol"}"
[uvdrobot-4] [INFO] [1748568696.354263629] [uvdrobot]: I heard: "{"performative": "query", "sender": "nurse_disinfected1", "receiver": "spotrobot1", "content": "Done|a_authorize_patrol"}"
[spotrobot-5] [INFO] [1748568696.354370469] [spotrobot]: Finished action
[nurse_disinfect-3] [INFO] [1748568696.354543814] [nurse_disinfect]: And it is not for me
[uvdrobot-4] [INFO] [1748568696.354637622] [uvdrobot]: And it is not for me
[spotrobot-5] [INFO] [1748568696.355040337] [spotrobot]: Doing a_patrol_room
[uvdrobot-4] [INFO] [1748568696.355239042] [uvdrobot]: I heard: "{"performative": "query", "sender": "spotrobot1", "receiver": "nurse_disinfected1", "content": "Done|a_authorize_patrol"}"
[nurse_disinfect-3] [INFO] [1748568696.355528270] [nurse_disinfect]: I heard: "{"performative": "query", "sender": "spotrobot1", "receiver": "nurse_disinfected1", "content": "Done|a_authorize_patrol"}"
[spotrobot-5] [INFO] [1748568696.355672666] [spotrobot]: Wating for response
[uvdrobot-4] [INFO] [1748568696.355725271] [uvdrobot]: And it is not for me
[nurse_disinfect-3] [INFO] [1748568696.356117975] [nurse_disinfect]: And it is for me
[spotrobot-5] [INFO] [1748568696.356557348] [spotrobot]: I heard: "{"performative": "query", "sender": "spotrobot1", "receiver": "nurse_disinfected1", "content": "Done|a_authorize_patrol"}"
[nurse_disinfect-3] [INFO] [1748568696.356569081] [nurse_disinfect]: Already finished action
[spotrobot-5] [INFO] [1748568696.356938367] [spotrobot]: And it is not for me
[spotrobot-5] [INFO] [1748568696.357632705] [spotrobot]: I heard: "{"performative": "query", "sender": "nurse_disinfected1", "receiver": "spotrobot1", "content": "Done|a_authorize_patrol"}"
[spotrobot-5] [INFO] [1748568696.358052597] [spotrobot]: And it is for me
[spotrobot-5] [INFO] [1748568696.358516430] [spotrobot]: Already finished action
[spotrobot-5] [INFO] [1748568696.359182510] [spotrobot]: I heard: "{"performative": "query", "sender": "spotrobot1", "receiver": "nurse_disinfected1", "content": "Done|a_authorize_patrol"}"
[spotrobot-5] [INFO] [1748568696.359713711] [spotrobot]: And it is not for me
[spotrobot-5] [INFO] [1748568696.361186650] [spotrobot]: success
[spotrobot-5] [INFO] [1748568696.361749016] [spotrobot]: Doing a_authorize_disinfect
[spotrobot-5] [INFO] [1748568696.362205557] [spotrobot]: a_authorize_disinfect
[spotrobot-5] [INFO] [1748568696.362590098] [spotrobot]: Here first, waiting for spotrobot
[nurse_disinfect-3] [INFO] [1748568696.363210432] [nurse_disinfect]: I heard: "{"performative": "query", "sender": "spotrobot1", "receiver": "uvdrobot1", "content": "Ready|a_authorize_disinfect"}"
[uvdrobot-4] [INFO] [1748568696.363219879] [uvdrobot]: I heard: "{"performative": "query", "sender": "spotrobot1", "receiver": "uvdrobot1", "content": "Ready|a_authorize_disinfect"}"
[spotrobot-5] [INFO] [1748568696.363646099] [spotrobot]: I heard: "{"performative": "query", "sender": "spotrobot1", "receiver": "uvdrobot1", "content": "Ready|a_authorize_disinfect"}"
[nurse_disinfect-3] [INFO] [1748568696.363730913] [nurse_disinfect]: And it is not for me
[uvdrobot-4] [INFO] [1748568696.363776535] [uvdrobot]: And it is for me
[uvdrobot-4] [INFO] [1748568696.364179486] [uvdrobot]: Ready to act
[spotrobot-5] [INFO] [1748568696.364208172] [spotrobot]: And it is not for me
[nurse_disinfect-3] [INFO] [1748568696.364834415] [nurse_disinfect]: I heard: "{"performative": "query", "sender": "uvdrobot1", "receiver": "spotrobot1", "content": "Done|a_authorize_disinfect"}"
[uvdrobot-4] [INFO] [1748568696.364874714] [uvdrobot]: I heard: "{"performative": "query", "sender": "uvdrobot1", "receiver": "spotrobot1", "content": "Done|a_authorize_disinfect"}"
[uvdrobot-4] [INFO] [1748568696.365155609] [uvdrobot]: And it is not for me
[spotrobot-5] [INFO] [1748568696.365158583] [spotrobot]: I heard: "{"performative": "query", "sender": "uvdrobot1", "receiver": "spotrobot1", "content": "Done|a_authorize_disinfect"}"
[nurse_disinfect-3] [INFO] [1748568696.365411336] [nurse_disinfect]: And it is not for me
[spotrobot-5] [INFO] [1748568696.365696887] [spotrobot]: And it is for me
[spotrobot-5] [INFO] [1748568696.366228685] [spotrobot]: Finished action
[uvdrobot-4] [INFO] [1748568696.366989011] [uvdrobot]: I heard: "{"performative": "query", "sender": "spotrobot1", "receiver": "uvdrobot1", "content": "Done|a_authorize_disinfect"}"
[nurse_disinfect-3] [INFO] [1748568696.367007865] [nurse_disinfect]: I heard: "{"performative": "query", "sender": "spotrobot1", "receiver": "uvdrobot1", "content": "Done|a_authorize_disinfect"}"
[nurse_disinfect-3] [INFO] [1748568696.367300644] [nurse_disinfect]: And it is not for me
[spotrobot-5] [INFO] [1748568696.367400899] [spotrobot]: I heard: "{"performative": "query", "sender": "spotrobot1", "receiver": "uvdrobot1", "content": "Done|a_authorize_disinfect"}"
[uvdrobot-4] [INFO] [1748568696.367591699] [uvdrobot]: And it is for me
[spotrobot-5] [INFO] [1748568696.367929041] [spotrobot]: And it is not for me
[uvdrobot-4] [INFO] [1748568696.367967870] [uvdrobot]: Finished action
[uvdrobot-4] [INFO] [1748568696.368437611] [uvdrobot]: Doing a_navto
[nurse_disinfect-3] [INFO] [1748568696.368527807] [nurse_disinfect]: I heard: "{"performative": "query", "sender": "uvdrobot1", "receiver": "spotrobot1", "content": "Done|a_authorize_disinfect"}"
[spotrobot-5] [INFO] [1748568696.368847880] [spotrobot]: I heard: "{"performative": "query", "sender": "uvdrobot1", "receiver": "spotrobot1", "content": "Done|a_authorize_disinfect"}"
[nurse_disinfect-3] [INFO] [1748568696.368911175] [nurse_disinfect]: And it is not for me
[uvdrobot-4] [INFO] [1748568696.368950554] [uvdrobot]: Waiting for response
[spotrobot-5] [INFO] [1748568696.369447359] [spotrobot]: And it is for me
[uvdrobot-4] [INFO] [1748568696.369482987] [uvdrobot]: I heard: "{"performative": "query", "sender": "uvdrobot1", "receiver": "spotrobot1", "content": "Done|a_authorize_disinfect"}"
[uvdrobot-4] [INFO] [1748568696.369767091] [uvdrobot]: And it is not for me
[spotrobot-5] [INFO] [1748568696.370002670] [spotrobot]: Already finished action
[uvdrobot-4] [INFO] [1748568696.370415566] [uvdrobot]: success
[uvdrobot-4] [INFO] [1748568696.370780856] [uvdrobot]: Doing a_disinfect_room
[uvdrobot-4] [INFO] [1748568696.371201667] [uvdrobot]: Waiting for response
[uvdrobot-4] [INFO] [1748568696.371856724] [uvdrobot]: success
[uvdrobot-4] [INFO] [1748568696.375254972] [uvdrobot]: Recebido sinal de desligamento do coordenador, finalizando...
[nurse_disinfect-3] [INFO] [1748568696.375266061] [nurse_disinfect]: Recebido sinal de desligamento do coordenador, finalizando...
[spotrobot-5] [INFO] [1748568696.375308609] [spotrobot]: Recebido sinal de desligamento do coordenador, finalizando...
[disinfect_environment-1] [INFO] [1748568696.375508839] [disinfect_environment]: Recebido sinal de desligamento do coordenador, finalizando...
[disinfect_planner-2] [INFO] [1748568696.375541977] [disinfect_planner]: Recebido sinal de desligamento do coordenador, finalizando...
[nurse_disinfect-3] [INFO] [1748568696.375790841] [Quitting]: Done
[spotrobot-5] [INFO] [1748568696.375860786] [Quitting]: Done
[uvdrobot-4] [INFO] [1748568696.375916733] [Quitting]: Done
[disinfect_environment-1] [INFO] [1748568696.376043961] [Quitting]: Done
[disinfect_planner-2] [INFO] [1748568696.376070621] [Quitting]: Done
[INFO] [disinfect_environment-1]: process has finished cleanly [pid 107347]
[INFO] [uvdrobot-4]: process has finished cleanly [pid 107353]
[INFO] [nurse_disinfect-3]: process has finished cleanly [pid 107351]
[INFO] [spotrobot-5]: process has finished cleanly [pid 107355]
