[INFO] [launch]: All log files can be found below /home/rafael/.ros/log/2025-05-30-13-04-58-373106-NotebookRafael-34706
[INFO] [launch]: Default logging verbosity is set to INFO
[INFO] [disinfect_environment-1]: process started with pid [34709]
[INFO] [disinfect_planner-2]: process started with pid [34711]
[INFO] [nurse_disinfect-3]: process started with pid [34713]
[INFO] [uvdrobot-4]: process started with pid [34715]
[INFO] [spotrobot-5]: process started with pid [34717]
[disinfect_environment-1] [INFO] [1748621098.602137012] [disinfect_environment]: Starting Environment server
[disinfect_environment-1] [INFO] [1748621098.606546382] [disinfect_environment]: Environment server started
[disinfect_planner-2] [INFO] [1748621099.181471323] [disinfect_planner]: Starting Planner server
[disinfect_planner-2] [INFO] [1748621099.185776993] [disinfect_planner]: Planner server started
[disinfect_planner-2] [INFO] [1748621099.406954958] [disinfect_planner]: Creating plan for: spotrobot1 uvdrobot1 nurse_disinfected1
[disinfect_planner-2] [INFO] [1748621099.408390109] [disinfect_planner]: a_navto,spotrobot1,room1
[disinfect_planner-2] [INFO] [1748621099.408691464] [disinfect_planner]: a_open_door,spotrobot1,room1
[disinfect_planner-2] [INFO] [1748621099.409027787] [disinfect_planner]: a_approach_nurse,spotrobot1,nurse_disinfected1
[disinfect_planner-2] [INFO] [1748621099.409319798] [disinfect_planner]: a_authenticate_nurse,spotrobot1,nurse_disinfected1
[disinfect_planner-2] [INFO] [1748621099.409607736] [disinfect_planner]: a_authorize_patrol,spotrobot1,nurse_disinfected1
[disinfect_planner-2] [INFO] [1748621099.409893775] [disinfect_planner]: a_patrol_room,spotrobot1,room1
[disinfect_planner-2] [INFO] [1748621099.410212457] [disinfect_planner]: a_authorize_disinfect,uvdrobot1,spotrobot1
[disinfect_planner-2] [INFO] [1748621099.410498791] [disinfect_planner]: a_navto,uvdrobot1,room1
[disinfect_planner-2] [INFO] [1748621099.410818536] [disinfect_planner]: a_disinfect_room,uvdrobot1,room1
[uvdrobot-4] [INFO] [1748621099.411101697] [uvdrobot]: response.response uvdrobot1
[disinfect_planner-2] [INFO] [1748621099.411112371] [disinfect_planner]: Sending response
[uvdrobot-4] [INFO] [1748621099.411509820] [uvdrobot]: My name is uvdrobot1
[nurse_disinfect-3] [INFO] [1748621099.412265775] [nurse_disinfect]: response.response nurse_disinfected1
[nurse_disinfect-3] [INFO] [1748621099.412619740] [nurse_disinfect]: My name is nurse_disinfected1
[uvdrobot-4] [INFO] [1748621099.413395518] [uvdrobot]: I heard: "{"performative": "request", "sender": "Coordinator", "receiver": "uvdrobot1", "content": "Plan|a_authorize_disinfect,uvdrobot1,spotrobot1/a_navto,uvdrobot1,room1/a_disinfect_room,uvdrobot1,room1"}"
[uvdrobot-4] [INFO] [1748621099.413716422] [uvdrobot]: And it is for me
[uvdrobot-4] [INFO] [1748621099.414168857] [uvdrobot]: Doing a_authorize_disinfect
[uvdrobot-4] [INFO] [1748621099.414529344] [uvdrobot]: a_authorize_disinfect
[uvdrobot-4] [INFO] [1748621099.414840212] [uvdrobot]: Here first, waiting for spotrobot
[uvdrobot-4] [INFO] [1748621099.415533434] [uvdrobot]: I heard: "{"performative": "request", "sender": "Coordinator", "receiver": "spotrobot1", "content": "Plan|a_navto,spotrobot1,room1/a_open_door,spotrobot1,room1/a_approach_nurse,spotrobot1,nurse_disinfected1/a_authenticate_nurse,spotrobot1,nurse_disinfected1/a_authorize_patrol,spotrobot1,nurse_disinfected1/a_patrol_room,spotrobot1,room1/a_authorize_disinfect,uvdrobot1,spotrobot1"}"
[uvdrobot-4] [INFO] [1748621099.415840381] [uvdrobot]: And it is not for me
[uvdrobot-4] [INFO] [1748621099.416203261] [uvdrobot]: I heard: "{"performative": "query", "sender": "uvdrobot1", "receiver": "spotrobot1", "content": "Ready|a_authorize_disinfect"}"
[uvdrobot-4] [INFO] [1748621099.416505403] [uvdrobot]: And it is not for me
[uvdrobot-4] [INFO] [1748621099.417085381] [uvdrobot]: I heard: "{"performative": "request", "sender": "Coordinator", "receiver": "nurse_disinfected1", "content": "Plan|a_approach_nurse,spotrobot1,nurse_disinfected1/a_authenticate_nurse,spotrobot1,nurse_disinfected1/a_authorize_patrol,spotrobot1,nurse_disinfected1"}"
[uvdrobot-4] [INFO] [1748621099.417469387] [uvdrobot]: And it is not for me
[spotrobot-5] [INFO] [1748621099.417896061] [spotrobot]: response.response spotrobot1
[spotrobot-5] [INFO] [1748621099.418487148] [spotrobot]: My name is spotrobot1
[spotrobot-5] [INFO] [1748621099.419554862] [spotrobot]: I heard: "{"performative": "request", "sender": "Coordinator", "receiver": "uvdrobot1", "content": "Plan|a_authorize_disinfect,uvdrobot1,spotrobot1/a_navto,uvdrobot1,room1/a_disinfect_room,uvdrobot1,room1"}"
[spotrobot-5] [INFO] [1748621099.420117778] [spotrobot]: And it is not for me
[spotrobot-5] [INFO] [1748621099.420844469] [spotrobot]: I heard: "{"performative": "query", "sender": "uvdrobot1", "receiver": "spotrobot1", "content": "Ready|a_authorize_disinfect"}"
[spotrobot-5] [INFO] [1748621099.421415218] [spotrobot]: And it is for me
[spotrobot-5] [INFO] [1748621099.421954255] [spotrobot]: No there yet
[spotrobot-5] [INFO] [1748621099.422898215] [spotrobot]: I heard: "{"performative": "request", "sender": "Coordinator", "receiver": "spotrobot1", "content": "Plan|a_navto,spotrobot1,room1/a_open_door,spotrobot1,room1/a_approach_nurse,spotrobot1,nurse_disinfected1/a_authenticate_nurse,spotrobot1,nurse_disinfected1/a_authorize_patrol,spotrobot1,nurse_disinfected1/a_patrol_room,spotrobot1,room1/a_authorize_disinfect,uvdrobot1,spotrobot1"}"
[spotrobot-5] [INFO] [1748621099.423446214] [spotrobot]: And it is for me
[spotrobot-5] [INFO] [1748621099.424020951] [spotrobot]: Doing a_navto
[spotrobot-5] [INFO] [1748621099.424716699] [spotrobot]: Wating for response
[spotrobot-5] [INFO] [1748621099.425553177] [spotrobot]: I heard: "{"performative": "request", "sender": "Coordinator", "receiver": "nurse_disinfected1", "content": "Plan|a_approach_nurse,spotrobot1,nurse_disinfected1/a_authenticate_nurse,spotrobot1,nurse_disinfected1/a_authorize_patrol,spotrobot1,nurse_disinfected1"}"
[spotrobot-5] [INFO] [1748621099.426097303] [spotrobot]: And it is not for me
[spotrobot-5] [INFO] [1748621099.428360293] [spotrobot]: success
[spotrobot-5] [INFO] [1748621099.428719765] [spotrobot]: Doing a_open_door
[spotrobot-5] [INFO] [1748621099.429292090] [spotrobot]: Wating for response
[spotrobot-5] [INFO] [1748621099.431332580] [spotrobot]: success
[spotrobot-5] [INFO] [1748621099.431934491] [spotrobot]: Doing a_approach_nurse
[spotrobot-5] [INFO] [1748621099.432581616] [spotrobot]: Wating for response
[spotrobot-5] [INFO] [1748621099.434329667] [spotrobot]: success
[spotrobot-5] [INFO] [1748621099.434987274] [spotrobot]: Doing a_authenticate_nurse
[spotrobot-5] [INFO] [1748621099.435530602] [spotrobot]: a_authenticate_nurse
[spotrobot-5] [INFO] [1748621099.436097230] [spotrobot]: Here first, waiting for nurse
[uvdrobot-4] [INFO] [1748621099.436756974] [uvdrobot]: I heard: "{"performative": "query", "sender": "spotrobot1", "receiver": "nurse_disinfected1", "content": "Ready|a_authenticate_nurse"}"
[uvdrobot-4] [INFO] [1748621099.437081714] [uvdrobot]: And it is not for me
[spotrobot-5] [INFO] [1748621099.437161061] [spotrobot]: I heard: "{"performative": "query", "sender": "spotrobot1", "receiver": "nurse_disinfected1", "content": "Ready|a_authenticate_nurse"}"
[spotrobot-5] [INFO] [1748621099.437736833] [spotrobot]: And it is not for me
[nurse_disinfect-3] [INFO] [1748621100.414362945] [nurse_disinfect]: I heard: "{"performative": "request", "sender": "Coordinator", "receiver": "uvdrobot1", "content": "Plan|a_authorize_disinfect,uvdrobot1,spotrobot1/a_navto,uvdrobot1,room1/a_disinfect_room,uvdrobot1,room1"}"
[nurse_disinfect-3] [INFO] [1748621100.414841263] [nurse_disinfect]: And it is not for me
[nurse_disinfect-3] [INFO] [1748621100.415416930] [nurse_disinfect]: I heard: "{"performative": "query", "sender": "uvdrobot1", "receiver": "spotrobot1", "content": "Ready|a_authorize_disinfect"}"
[nurse_disinfect-3] [INFO] [1748621100.415906442] [nurse_disinfect]: And it is not for me
[nurse_disinfect-3] [INFO] [1748621100.416785723] [nurse_disinfect]: I heard: "{"performative": "request", "sender": "Coordinator", "receiver": "spotrobot1", "content": "Plan|a_navto,spotrobot1,room1/a_open_door,spotrobot1,room1/a_approach_nurse,spotrobot1,nurse_disinfected1/a_authenticate_nurse,spotrobot1,nurse_disinfected1/a_authorize_patrol,spotrobot1,nurse_disinfected1/a_patrol_room,spotrobot1,room1/a_authorize_disinfect,uvdrobot1,spotrobot1"}"
[nurse_disinfect-3] [INFO] [1748621100.417156304] [nurse_disinfect]: And it is not for me
[nurse_disinfect-3] [INFO] [1748621100.417687298] [nurse_disinfect]: I heard: "{"performative": "query", "sender": "spotrobot1", "receiver": "nurse_disinfected1", "content": "Ready|a_authenticate_nurse"}"
[nurse_disinfect-3] [INFO] [1748621100.418197101] [nurse_disinfect]: And it is for me
[nurse_disinfect-3] [INFO] [1748621100.418509706] [nurse_disinfect]: No there yet
[nurse_disinfect-3] [INFO] [1748621100.419069755] [nurse_disinfect]: I heard: "{"performative": "request", "sender": "Coordinator", "receiver": "nurse_disinfected1", "content": "Plan|a_approach_nurse,spotrobot1,nurse_disinfected1/a_authenticate_nurse,spotrobot1,nurse_disinfected1/a_authorize_patrol,spotrobot1,nurse_disinfected1"}"
[nurse_disinfect-3] [INFO] [1748621100.419477887] [nurse_disinfect]: And it is for me
[nurse_disinfect-3] [INFO] [1748621100.421096863] [nurse_disinfect]: a_approach_nurse
[nurse_disinfect-3] [INFO] [1748621100.421441295] [nurse_disinfect]: a_authenticate_nurse
[nurse_disinfect-3] [INFO] [1748621100.421747235] [nurse_disinfect]: Doing a_authenticate_nurse
[nurse_disinfect-3] [INFO] [1748621100.422067654] [nurse_disinfect]: a_authenticate_nurse
[nurse_disinfect-3] [INFO] [1748621100.422370623] [nurse_disinfect]: Robot is waiting, send action message
[nurse_disinfect-3] [INFO] [1748621100.422993935] [nurse_disinfect]: I heard: "{"performative": "query", "sender": "nurse_disinfected1", "receiver": "spotrobot1", "content": "Done|a_authenticate_nurse"}"
[spotrobot-5] [INFO] [1748621100.423268119] [spotrobot]: I heard: "{"performative": "query", "sender": "nurse_disinfected1", "receiver": "spotrobot1", "content": "Done|a_authenticate_nurse"}"
[uvdrobot-4] [INFO] [1748621100.423334917] [uvdrobot]: I heard: "{"performative": "query", "sender": "nurse_disinfected1", "receiver": "spotrobot1", "content": "Done|a_authenticate_nurse"}"
[nurse_disinfect-3] [INFO] [1748621100.423365095] [nurse_disinfect]: And it is not for me
[spotrobot-5] [INFO] [1748621100.423816765] [spotrobot]: And it is for me
[uvdrobot-4] [INFO] [1748621100.423891595] [uvdrobot]: And it is not for me
[spotrobot-5] [INFO] [1748621100.424323529] [spotrobot]: Finished action
[spotrobot-5] [INFO] [1748621100.424957551] [spotrobot]: Doing a_authorize_patrol
[nurse_disinfect-3] [INFO] [1748621100.425030798] [nurse_disinfect]: I heard: "{"performative": "query", "sender": "spotrobot1", "receiver": "nurse_disinfected1", "content": "Done|a_authenticate_nurse"}"
[nurse_disinfect-3] [INFO] [1748621100.425310922] [nurse_disinfect]: And it is for me
[uvdrobot-4] [INFO] [1748621100.425404148] [uvdrobot]: I heard: "{"performative": "query", "sender": "spotrobot1", "receiver": "nurse_disinfected1", "content": "Done|a_authenticate_nurse"}"
[spotrobot-5] [INFO] [1748621100.425483646] [spotrobot]: a_authorize_patrol
[nurse_disinfect-3] [INFO] [1748621100.425624847] [nurse_disinfect]: Finished action
[uvdrobot-4] [INFO] [1748621100.425941286] [uvdrobot]: And it is not for me
[spotrobot-5] [INFO] [1748621100.425986593] [spotrobot]: Here first, waiting for nurse
[nurse_disinfect-3] [INFO] [1748621100.426060505] [nurse_disinfect]: a_authorize_patrol
[nurse_disinfect-3] [INFO] [1748621100.426322446] [nurse_disinfect]: Doing a_authorize_patrol
[nurse_disinfect-3] [INFO] [1748621100.426566784] [nurse_disinfect]: a_authorize_patrol
[uvdrobot-4] [INFO] [1748621100.426796887] [uvdrobot]: I heard: "{"performative": "query", "sender": "nurse_disinfected1", "receiver": "spotrobot1", "content": "Done|a_authenticate_nurse"}"
[nurse_disinfect-3] [INFO] [1748621100.426808293] [nurse_disinfect]: Here first, waiting for robot
[spotrobot-5] [INFO] [1748621100.427027750] [spotrobot]: I heard: "{"performative": "query", "sender": "spotrobot1", "receiver": "nurse_disinfected1", "content": "Done|a_authenticate_nurse"}"
[uvdrobot-4] [INFO] [1748621100.427329277] [uvdrobot]: And it is not for me
[nurse_disinfect-3] [INFO] [1748621100.427471559] [nurse_disinfect]: I heard: "{"performative": "query", "sender": "nurse_disinfected1", "receiver": "spotrobot1", "content": "Done|a_authenticate_nurse"}"
[spotrobot-5] [INFO] [1748621100.427575132] [spotrobot]: And it is not for me
[nurse_disinfect-3] [INFO] [1748621100.427786927] [nurse_disinfect]: And it is not for me
[uvdrobot-4] [INFO] [1748621100.428292216] [uvdrobot]: I heard: "{"performative": "query", "sender": "spotrobot1", "receiver": "nurse_disinfected1", "content": "Ready|a_authorize_patrol"}"
[nurse_disinfect-3] [INFO] [1748621100.428304325] [nurse_disinfect]: I heard: "{"performative": "query", "sender": "spotrobot1", "receiver": "nurse_disinfected1", "content": "Ready|a_authorize_patrol"}"
[spotrobot-5] [INFO] [1748621100.428508714] [spotrobot]: I heard: "{"performative": "query", "sender": "nurse_disinfected1", "receiver": "spotrobot1", "content": "Done|a_authenticate_nurse"}"
[nurse_disinfect-3] [INFO] [1748621100.428569087] [nurse_disinfect]: And it is for me
[nurse_disinfect-3] [INFO] [1748621100.428825872] [nurse_disinfect]: Ready to act
[uvdrobot-4] [INFO] [1748621100.428837121] [uvdrobot]: And it is not for me
[spotrobot-5] [INFO] [1748621100.429021184] [spotrobot]: And it is for me
[nurse_disinfect-3] [INFO] [1748621100.429500475] [nurse_disinfect]: I heard: "{"performative": "query", "sender": "nurse_disinfected1", "receiver": "spotrobot1", "content": "Ready|a_authorize_patrol"}"
[spotrobot-5] [INFO] [1748621100.429507439] [spotrobot]: Already finished action
[nurse_disinfect-3] [INFO] [1748621100.429784207] [nurse_disinfect]: And it is not for me
[uvdrobot-4] [INFO] [1748621100.429785808] [uvdrobot]: I heard: "{"performative": "query", "sender": "nurse_disinfected1", "receiver": "spotrobot1", "content": "Ready|a_authorize_patrol"}"
[nurse_disinfect-3] [INFO] [1748621100.430286090] [nurse_disinfect]: I heard: "{"performative": "query", "sender": "nurse_disinfected1", "receiver": "spotrobot1", "content": "Done|a_authorize_patrol"}"
[uvdrobot-4] [INFO] [1748621100.430347765] [uvdrobot]: And it is not for me
[spotrobot-5] [INFO] [1748621100.430432229] [spotrobot]: I heard: "{"performative": "query", "sender": "spotrobot1", "receiver": "nurse_disinfected1", "content": "Ready|a_authorize_patrol"}"
[nurse_disinfect-3] [INFO] [1748621100.430574693] [nurse_disinfect]: And it is not for me
[spotrobot-5] [INFO] [1748621100.430942990] [spotrobot]: And it is not for me
[uvdrobot-4] [INFO] [1748621100.431235914] [uvdrobot]: I heard: "{"performative": "query", "sender": "nurse_disinfected1", "receiver": "spotrobot1", "content": "Done|a_authorize_patrol"}"
[uvdrobot-4] [INFO] [1748621100.431773033] [uvdrobot]: And it is not for me
[spotrobot-5] [INFO] [1748621100.431871605] [spotrobot]: I heard: "{"performative": "query", "sender": "nurse_disinfected1", "receiver": "spotrobot1", "content": "Ready|a_authorize_patrol"}"
[spotrobot-5] [INFO] [1748621100.432484122] [spotrobot]: And it is for me
[spotrobot-5] [INFO] [1748621100.432993554] [spotrobot]: Ready to act
[nurse_disinfect-3] [INFO] [1748621100.433630264] [nurse_disinfect]: I heard: "{"performative": "query", "sender": "spotrobot1", "receiver": "nurse_disinfected1", "content": "Done|a_authorize_patrol"}"
[uvdrobot-4] [INFO] [1748621100.433847752] [uvdrobot]: I heard: "{"performative": "query", "sender": "spotrobot1", "receiver": "nurse_disinfected1", "content": "Done|a_authorize_patrol"}"
[nurse_disinfect-3] [INFO] [1748621100.433917974] [nurse_disinfect]: And it is for me
[spotrobot-5] [INFO] [1748621100.434059939] [spotrobot]: I heard: "{"performative": "query", "sender": "nurse_disinfected1", "receiver": "spotrobot1", "content": "Done|a_authorize_patrol"}"
[nurse_disinfect-3] [INFO] [1748621100.434193313] [nurse_disinfect]: Finished action
[uvdrobot-4] [INFO] [1748621100.434415519] [uvdrobot]: And it is not for me
[spotrobot-5] [INFO] [1748621100.434609894] [spotrobot]: And it is for me
[nurse_disinfect-3] [INFO] [1748621100.434928663] [nurse_disinfect]: I heard: "{"performative": "query", "sender": "nurse_disinfected1", "receiver": "spotrobot1", "content": "Done|a_authorize_patrol"}"
[spotrobot-5] [INFO] [1748621100.435106261] [spotrobot]: Finished action
[nurse_disinfect-3] [INFO] [1748621100.435318736] [nurse_disinfect]: And it is not for me
[uvdrobot-4] [INFO] [1748621100.435406444] [uvdrobot]: I heard: "{"performative": "query", "sender": "nurse_disinfected1", "receiver": "spotrobot1", "content": "Done|a_authorize_patrol"}"
[spotrobot-5] [INFO] [1748621100.435791906] [spotrobot]: Doing a_patrol_room
[nurse_disinfect-3] [INFO] [1748621100.435822984] [nurse_disinfect]: I heard: "{"performative": "query", "sender": "spotrobot1", "receiver": "nurse_disinfected1", "content": "Done|a_authorize_patrol"}"
[uvdrobot-4] [INFO] [1748621100.435943685] [uvdrobot]: And it is not for me
[nurse_disinfect-3] [INFO] [1748621100.436226748] [nurse_disinfect]: And it is for me
[spotrobot-5] [INFO] [1748621100.436483219] [spotrobot]: Wating for response
[nurse_disinfect-3] [INFO] [1748621100.436502381] [nurse_disinfect]: Already finished action
[uvdrobot-4] [INFO] [1748621100.436888376] [uvdrobot]: I heard: "{"performative": "query", "sender": "spotrobot1", "receiver": "nurse_disinfected1", "content": "Done|a_authorize_patrol"}"
[spotrobot-5] [INFO] [1748621100.437301601] [spotrobot]: I heard: "{"performative": "query", "sender": "spotrobot1", "receiver": "nurse_disinfected1", "content": "Done|a_authorize_patrol"}"
[uvdrobot-4] [INFO] [1748621100.437436053] [uvdrobot]: And it is not for me
[spotrobot-5] [INFO] [1748621100.437836640] [spotrobot]: And it is not for me
[spotrobot-5] [INFO] [1748621100.438639878] [spotrobot]: I heard: "{"performative": "query", "sender": "nurse_disinfected1", "receiver": "spotrobot1", "content": "Done|a_authorize_patrol"}"
[spotrobot-5] [INFO] [1748621100.439133871] [spotrobot]: And it is for me
[spotrobot-5] [INFO] [1748621100.439456788] [spotrobot]: Already finished action
[spotrobot-5] [INFO] [1748621100.440083015] [spotrobot]: I heard: "{"performative": "query", "sender": "spotrobot1", "receiver": "nurse_disinfected1", "content": "Done|a_authorize_patrol"}"
[spotrobot-5] [INFO] [1748621100.440458893] [spotrobot]: And it is not for me
[spotrobot-5] [INFO] [1748621100.442131623] [spotrobot]: dirty room
[nurse_disinfect-3] [INFO] [1748621100.444101919] [nurse_disinfect]: I heard: "{"performative": "request", "sender": "Coordinator", "receiver": "spotrobot1", "content": "Reset"}"
[spotrobot-5] [INFO] [1748621100.444174236] [spotrobot]: I heard: "{"performative": "request", "sender": "Coordinator", "receiver": "spotrobot1", "content": "Reset"}"
[uvdrobot-4] [INFO] [1748621100.444201903] [uvdrobot]: I heard: "{"performative": "request", "sender": "Coordinator", "receiver": "spotrobot1", "content": "Reset"}"
[nurse_disinfect-3] [INFO] [1748621100.444500206] [nurse_disinfect]: And it is not for me
[spotrobot-5] [INFO] [1748621100.444556305] [spotrobot]: And it is for me
[uvdrobot-4] [INFO] [1748621100.444732461] [uvdrobot]: And it is not for me
[nurse_disinfect-3] [INFO] [1748621100.445058374] [nurse_disinfect]: I heard: "{"performative": "request", "sender": "Coordinator", "receiver": "uvdrobot1", "content": "Reset"}"
[spotrobot-5] [INFO] [1748621100.445129561] [spotrobot]: I heard: "{"performative": "request", "sender": "Coordinator", "receiver": "uvdrobot1", "content": "Reset"}"
[uvdrobot-4] [INFO] [1748621100.445236747] [uvdrobot]: I heard: "{"performative": "request", "sender": "Coordinator", "receiver": "uvdrobot1", "content": "Reset"}"
[nurse_disinfect-3] [INFO] [1748621100.445403860] [nurse_disinfect]: And it is not for me
[spotrobot-5] [INFO] [1748621100.445481076] [spotrobot]: And it is not for me
[uvdrobot-4] [INFO] [1748621100.445599171] [uvdrobot]: And it is for me
[nurse_disinfect-3] [INFO] [1748621100.445972264] [nurse_disinfect]: I heard: "{"performative": "request", "sender": "Coordinator", "receiver": "nurse_disinfected1", "content": "Reset"}"
[spotrobot-5] [INFO] [1748621100.446077432] [spotrobot]: 
[nurse_disinfect-3] [INFO] [1748621100.446290480] [nurse_disinfect]: And it is for me
[uvdrobot-4] [INFO] [1748621100.446401934] [uvdrobot]: I heard: "{"performative": "request", "sender": "Coordinator", "receiver": "nurse_disinfected1", "content": "Reset"}"
[spotrobot-5] [INFO] [1748621100.446631138] [spotrobot]: I heard: "{"performative": "request", "sender": "Coordinator", "receiver": "nurse_disinfected1", "content": "Reset"}"
[uvdrobot-4] [INFO] [1748621100.446850143] [uvdrobot]: And it is not for me
[spotrobot-5] [INFO] [1748621100.446903770] [spotrobot]: And it is not for me
[disinfect_planner-2] [INFO] [1748621100.447514378] [disinfect_planner]: Creating plan for: spotrobot1 uvdrobot1 nurse_disinfected1
[disinfect_planner-2] [INFO] [1748621100.448333918] [disinfect_planner]: a_navto,spotrobot1,room1
[disinfect_planner-2] [INFO] [1748621100.448688310] [disinfect_planner]: a_approach_nurse,spotrobot1,nurse_disinfected1
[disinfect_planner-2] [INFO] [1748621100.449006033] [disinfect_planner]: a_authenticate_nurse,spotrobot1,nurse_disinfected1
[disinfect_planner-2] [INFO] [1748621100.449366037] [disinfect_planner]: a_clean_room,nurse_disinfected1,room1
[disinfect_planner-2] [INFO] [1748621100.449698676] [disinfect_planner]: a_authorize_patrol,spotrobot1,nurse_disinfected1
[disinfect_planner-2] [INFO] [1748621100.450060024] [disinfect_planner]: a_patrol_room,spotrobot1,room1
[disinfect_planner-2] [INFO] [1748621100.450376608] [disinfect_planner]: a_authorize_disinfect,uvdrobot1,spotrobot1
[disinfect_planner-2] [INFO] [1748621100.450685178] [disinfect_planner]: a_navto,uvdrobot1,room1
[disinfect_planner-2] [INFO] [1748621100.450989694] [disinfect_planner]: a_disinfect_room,uvdrobot1,room1
[disinfect_planner-2] [INFO] [1748621100.451289785] [disinfect_planner]: Sending response
[uvdrobot-4] [INFO] [1748621100.453254618] [uvdrobot]: I heard: "{"performative": "request", "sender": "Coordinator", "receiver": "spotrobot1", "content": "Plan|a_navto,spotrobot1,room1/a_approach_nurse,spotrobot1,nurse_disinfected1/a_authenticate_nurse,spotrobot1,nurse_disinfected1/a_authorize_patrol,spotrobot1,nurse_disinfected1/a_patrol_room,spotrobot1,room1/a_authorize_disinfect,uvdrobot1,spotrobot1"}"
[spotrobot-5] [INFO] [1748621100.453298415] [spotrobot]: I heard: "{"performative": "request", "sender": "Coordinator", "receiver": "spotrobot1", "content": "Plan|a_navto,spotrobot1,room1/a_approach_nurse,spotrobot1,nurse_disinfected1/a_authenticate_nurse,spotrobot1,nurse_disinfected1/a_authorize_patrol,spotrobot1,nurse_disinfected1/a_patrol_room,spotrobot1,room1/a_authorize_disinfect,uvdrobot1,spotrobot1"}"
[nurse_disinfect-3] [INFO] [1748621100.453374700] [nurse_disinfect]: I heard: "{"performative": "request", "sender": "Coordinator", "receiver": "spotrobot1", "content": "Plan|a_navto,spotrobot1,room1/a_approach_nurse,spotrobot1,nurse_disinfected1/a_authenticate_nurse,spotrobot1,nurse_disinfected1/a_authorize_patrol,spotrobot1,nurse_disinfected1/a_patrol_room,spotrobot1,room1/a_authorize_disinfect,uvdrobot1,spotrobot1"}"
[uvdrobot-4] [INFO] [1748621100.453583090] [uvdrobot]: And it is not for me
[spotrobot-5] [INFO] [1748621100.453720457] [spotrobot]: And it is for me
[nurse_disinfect-3] [INFO] [1748621100.453745831] [nurse_disinfect]: And it is not for me
[nurse_disinfect-3] [INFO] [1748621100.454281621] [nurse_disinfect]: I heard: "{"performative": "request", "sender": "Coordinator", "receiver": "uvdrobot1", "content": "Plan|a_authorize_disinfect,uvdrobot1,spotrobot1/a_navto,uvdrobot1,room1/a_disinfect_room,uvdrobot1,room1"}"
[spotrobot-5] [INFO] [1748621100.454319519] [spotrobot]: Doing a_navto
[uvdrobot-4] [INFO] [1748621100.454344493] [uvdrobot]: I heard: "{"performative": "request", "sender": "Coordinator", "receiver": "uvdrobot1", "content": "Plan|a_authorize_disinfect,uvdrobot1,spotrobot1/a_navto,uvdrobot1,room1/a_disinfect_room,uvdrobot1,room1"}"
[nurse_disinfect-3] [INFO] [1748621100.454697415] [nurse_disinfect]: And it is not for me
[uvdrobot-4] [INFO] [1748621100.454888733] [uvdrobot]: And it is for me
[spotrobot-5] [INFO] [1748621100.454992640] [spotrobot]: Wating for response
[nurse_disinfect-3] [INFO] [1748621100.455188142] [nurse_disinfect]: I heard: "{"performative": "request", "sender": "Coordinator", "receiver": "nurse_disinfected1", "content": "Plan|a_approach_nurse,spotrobot1,nurse_disinfected1/a_authenticate_nurse,spotrobot1,nurse_disinfected1/a_clean_room,nurse_disinfected1,room1/a_authorize_patrol,spotrobot1,nurse_disinfected1"}"
[uvdrobot-4] [INFO] [1748621100.455435679] [uvdrobot]: Doing a_authorize_disinfect
[nurse_disinfect-3] [INFO] [1748621100.455549076] [nurse_disinfect]: And it is for me
[spotrobot-5] [INFO] [1748621100.455751167] [spotrobot]: I heard: "{"performative": "request", "sender": "Coordinator", "receiver": "uvdrobot1", "content": "Plan|a_authorize_disinfect,uvdrobot1,spotrobot1/a_navto,uvdrobot1,room1/a_disinfect_room,uvdrobot1,room1"}"
[nurse_disinfect-3] [INFO] [1748621100.455865100] [nurse_disinfect]: a_approach_nurse
[uvdrobot-4] [INFO] [1748621100.455955232] [uvdrobot]: a_authorize_disinfect
[spotrobot-5] [INFO] [1748621100.456035602] [spotrobot]: And it is not for me
[nurse_disinfect-3] [INFO] [1748621100.456186298] [nurse_disinfect]: a_authenticate_nurse
[uvdrobot-4] [INFO] [1748621100.456487052] [uvdrobot]: Here first, waiting for spotrobot
[nurse_disinfect-3] [INFO] [1748621100.456496093] [nurse_disinfect]: Doing a_authenticate_nurse
[spotrobot-5] [INFO] [1748621100.456738566] [spotrobot]: I heard: "{"performative": "request", "sender": "Coordinator", "receiver": "nurse_disinfected1", "content": "Plan|a_approach_nurse,spotrobot1,nurse_disinfected1/a_authenticate_nurse,spotrobot1,nurse_disinfected1/a_clean_room,nurse_disinfected1,room1/a_authorize_patrol,spotrobot1,nurse_disinfected1"}"
[nurse_disinfect-3] [INFO] [1748621100.456845187] [nurse_disinfect]: a_authenticate_nurse
[nurse_disinfect-3] [INFO] [1748621100.457129897] [nurse_disinfect]: Here first, waiting for robot
[spotrobot-5] [INFO] [1748621100.457131668] [spotrobot]: And it is not for me
[uvdrobot-4] [INFO] [1748621100.457541073] [uvdrobot]: I heard: "{"performative": "request", "sender": "Coordinator", "receiver": "nurse_disinfected1", "content": "Plan|a_approach_nurse,spotrobot1,nurse_disinfected1/a_authenticate_nurse,spotrobot1,nurse_disinfected1/a_clean_room,nurse_disinfected1,room1/a_authorize_patrol,spotrobot1,nurse_disinfected1"}"
[spotrobot-5] [INFO] [1748621100.457731585] [spotrobot]: success
[nurse_disinfect-3] [INFO] [1748621100.457783972] [nurse_disinfect]: I heard: "{"performative": "query", "sender": "uvdrobot1", "receiver": "spotrobot1", "content": "Ready|a_authorize_disinfect"}"
[uvdrobot-4] [INFO] [1748621100.458033899] [uvdrobot]: And it is not for me
[nurse_disinfect-3] [INFO] [1748621100.458103195] [nurse_disinfect]: And it is not for me
[spotrobot-5] [INFO] [1748621100.458277410] [spotrobot]: Doing a_approach_nurse
[uvdrobot-4] [INFO] [1748621100.458615557] [uvdrobot]: I heard: "{"performative": "query", "sender": "uvdrobot1", "receiver": "spotrobot1", "content": "Ready|a_authorize_disinfect"}"
[nurse_disinfect-3] [INFO] [1748621100.458679091] [nurse_disinfect]: I heard: "{"performative": "query", "sender": "nurse_disinfected1", "receiver": "spotrobot1", "content": "Ready|a_authenticate_nurse"}"
[spotrobot-5] [INFO] [1748621100.458844693] [spotrobot]: Wating for response
[nurse_disinfect-3] [INFO] [1748621100.458948068] [nurse_disinfect]: And it is not for me
[uvdrobot-4] [INFO] [1748621100.459109019] [uvdrobot]: And it is not for me
[spotrobot-5] [INFO] [1748621100.459692566] [spotrobot]: I heard: "{"performative": "query", "sender": "uvdrobot1", "receiver": "spotrobot1", "content": "Ready|a_authorize_disinfect"}"
[uvdrobot-4] [INFO] [1748621100.460005144] [uvdrobot]: I heard: "{"performative": "query", "sender": "nurse_disinfected1", "receiver": "spotrobot1", "content": "Ready|a_authenticate_nurse"}"
[spotrobot-5] [INFO] [1748621100.460156281] [spotrobot]: And it is for me
[uvdrobot-4] [INFO] [1748621100.460449774] [uvdrobot]: And it is not for me
[spotrobot-5] [INFO] [1748621100.460611336] [spotrobot]: No there yet
[spotrobot-5] [INFO] [1748621100.461490171] [spotrobot]: I heard: "{"performative": "query", "sender": "nurse_disinfected1", "receiver": "spotrobot1", "content": "Ready|a_authenticate_nurse"}"
[spotrobot-5] [INFO] [1748621100.462091788] [spotrobot]: And it is for me
[spotrobot-5] [INFO] [1748621100.462606062] [spotrobot]: No there yet
[spotrobot-5] [INFO] [1748621100.463793837] [spotrobot]: success
[spotrobot-5] [INFO] [1748621100.464185810] [spotrobot]: Doing a_authenticate_nurse
[spotrobot-5] [INFO] [1748621100.464504463] [spotrobot]: a_authenticate_nurse
[spotrobot-5] [INFO] [1748621100.465128635] [spotrobot]: Nurse is waiting, send action message
[nurse_disinfect-3] [INFO] [1748621100.465793791] [nurse_disinfect]: I heard: "{"performative": "query", "sender": "spotrobot1", "receiver": "nurse_disinfected1", "content": "Done|a_authenticate_nurse"}"
[uvdrobot-4] [INFO] [1748621100.465928174] [uvdrobot]: I heard: "{"performative": "query", "sender": "spotrobot1", "receiver": "nurse_disinfected1", "content": "Done|a_authenticate_nurse"}"
[nurse_disinfect-3] [INFO] [1748621100.466175584] [nurse_disinfect]: And it is for me
[spotrobot-5] [INFO] [1748621100.466216943] [spotrobot]: I heard: "{"performative": "query", "sender": "spotrobot1", "receiver": "nurse_disinfected1", "content": "Done|a_authenticate_nurse"}"
[uvdrobot-4] [INFO] [1748621100.466287427] [uvdrobot]: And it is not for me
[nurse_disinfect-3] [INFO] [1748621100.466578768] [nurse_disinfect]: Finished action
[spotrobot-5] [INFO] [1748621100.466719489] [spotrobot]: And it is not for me
[uvdrobot-4] [INFO] [1748621100.467319897] [uvdrobot]: I heard: "{"performative": "query", "sender": "nurse_disinfected1", "receiver": "spotrobot1", "content": "Done|a_authenticate_nurse"}"
[nurse_disinfect-3] [INFO] [1748621100.467390277] [nurse_disinfect]: a_clean_room
[spotrobot-5] [INFO] [1748621100.467596985] [spotrobot]: I heard: "{"performative": "query", "sender": "nurse_disinfected1", "receiver": "spotrobot1", "content": "Done|a_authenticate_nurse"}"
[uvdrobot-4] [INFO] [1748621100.467729501] [uvdrobot]: And it is not for me
[nurse_disinfect-3] [INFO] [1748621100.467750660] [nurse_disinfect]: Doing a_clean_room
[spotrobot-5] [INFO] [1748621100.467887164] [spotrobot]: And it is for me
[spotrobot-5] [INFO] [1748621100.468223098] [spotrobot]: Finished action
[nurse_disinfect-3] [INFO] [1748621100.468255487] [nurse_disinfect]: Waiting for response
[nurse_disinfect-3] [INFO] [1748621100.468855148] [nurse_disinfect]: I heard: "{"performative": "query", "sender": "nurse_disinfected1", "receiver": "spotrobot1", "content": "Done|a_authenticate_nurse"}"
[spotrobot-5] [INFO] [1748621100.468953093] [spotrobot]: Doing a_authorize_patrol
[uvdrobot-4] [INFO] [1748621100.468971937] [uvdrobot]: I heard: "{"performative": "query", "sender": "spotrobot1", "receiver": "nurse_disinfected1", "content": "Done|a_authenticate_nurse"}"
[nurse_disinfect-3] [INFO] [1748621100.469132195] [nurse_disinfect]: And it is not for me
[spotrobot-5] [INFO] [1748621100.469288667] [spotrobot]: a_authorize_patrol
[uvdrobot-4] [INFO] [1748621100.469362533] [uvdrobot]: And it is not for me
[spotrobot-5] [INFO] [1748621100.469560521] [spotrobot]: Here first, waiting for nurse
[nurse_disinfect-3] [INFO] [1748621100.469622087] [nurse_disinfect]: I heard: "{"performative": "query", "sender": "spotrobot1", "receiver": "nurse_disinfected1", "content": "Done|a_authenticate_nurse"}"
[nurse_disinfect-3] [INFO] [1748621100.470015683] [nurse_disinfect]: And it is for me
[uvdrobot-4] [INFO] [1748621100.470283729] [uvdrobot]: I heard: "{"performative": "query", "sender": "spotrobot1", "receiver": "nurse_disinfected1", "content": "Ready|a_authorize_patrol"}"
[nurse_disinfect-3] [INFO] [1748621100.470408462] [nurse_disinfect]: Already finished action
[spotrobot-5] [INFO] [1748621100.470473261] [spotrobot]: I heard: "{"performative": "query", "sender": "spotrobot1", "receiver": "nurse_disinfected1", "content": "Done|a_authenticate_nurse"}"
[uvdrobot-4] [INFO] [1748621100.470567328] [uvdrobot]: And it is not for me
[spotrobot-5] [INFO] [1748621100.471026065] [spotrobot]: And it is not for me
[nurse_disinfect-3] [INFO] [1748621100.471318506] [nurse_disinfect]: I heard: "{"performative": "query", "sender": "spotrobot1", "receiver": "nurse_disinfected1", "content": "Ready|a_authorize_patrol"}"
[spotrobot-5] [INFO] [1748621100.471620864] [spotrobot]: I heard: "{"performative": "query", "sender": "spotrobot1", "receiver": "nurse_disinfected1", "content": "Ready|a_authorize_patrol"}"
[nurse_disinfect-3] [INFO] [1748621100.471799947] [nurse_disinfect]: And it is for me
[spotrobot-5] [INFO] [1748621100.471936176] [spotrobot]: And it is not for me
[nurse_disinfect-3] [INFO] [1748621100.472320564] [nurse_disinfect]: No there yet
[nurse_disinfect-3] [INFO] [1748621100.472989887] [nurse_disinfect]: success
[nurse_disinfect-3] [INFO] [1748621100.473600115] [nurse_disinfect]: a_authorize_patrol
[nurse_disinfect-3] [INFO] [1748621100.474172374] [nurse_disinfect]: Doing a_authorize_patrol
[nurse_disinfect-3] [INFO] [1748621100.474741376] [nurse_disinfect]: a_authorize_patrol
[nurse_disinfect-3] [INFO] [1748621100.475315116] [nurse_disinfect]: Robot is waiting, send action message
[uvdrobot-4] [INFO] [1748621100.475944509] [uvdrobot]: I heard: "{"performative": "query", "sender": "nurse_disinfected1", "receiver": "spotrobot1", "content": "Done|a_authorize_patrol"}"
[spotrobot-5] [INFO] [1748621100.475956304] [spotrobot]: I heard: "{"performative": "query", "sender": "nurse_disinfected1", "receiver": "spotrobot1", "content": "Done|a_authorize_patrol"}"
[uvdrobot-4] [INFO] [1748621100.476275240] [uvdrobot]: And it is not for me
[spotrobot-5] [INFO] [1748621100.476293045] [spotrobot]: And it is for me
[nurse_disinfect-3] [INFO] [1748621100.476445676] [nurse_disinfect]: I heard: "{"performative": "query", "sender": "nurse_disinfected1", "receiver": "spotrobot1", "content": "Done|a_authorize_patrol"}"
[spotrobot-5] [INFO] [1748621100.476827904] [spotrobot]: Finished action
[nurse_disinfect-3] [INFO] [1748621100.476935102] [nurse_disinfect]: And it is not for me
[spotrobot-5] [INFO] [1748621100.477311074] [spotrobot]: Doing a_patrol_room
[uvdrobot-4] [INFO] [1748621100.477446908] [uvdrobot]: I heard: "{"performative": "query", "sender": "spotrobot1", "receiver": "nurse_disinfected1", "content": "Done|a_authorize_patrol"}"
[spotrobot-5] [INFO] [1748621100.477883646] [spotrobot]: Wating for response
[uvdrobot-4] [INFO] [1748621100.477901992] [uvdrobot]: And it is not for me
[nurse_disinfect-3] [INFO] [1748621100.477904157] [nurse_disinfect]: I heard: "{"performative": "query", "sender": "spotrobot1", "receiver": "nurse_disinfected1", "content": "Done|a_authorize_patrol"}"
[nurse_disinfect-3] [INFO] [1748621100.478434202] [nurse_disinfect]: And it is for me
[spotrobot-5] [INFO] [1748621100.478592477] [spotrobot]: I heard: "{"performative": "query", "sender": "spotrobot1", "receiver": "nurse_disinfected1", "content": "Done|a_authorize_patrol"}"
[nurse_disinfect-3] [INFO] [1748621100.478970086] [nurse_disinfect]: Finished action
[spotrobot-5] [INFO] [1748621100.479014092] [spotrobot]: And it is not for me
[uvdrobot-4] [INFO] [1748621100.479608737] [uvdrobot]: I heard: "{"performative": "query", "sender": "nurse_disinfected1", "receiver": "spotrobot1", "content": "Done|a_authorize_patrol"}"
[spotrobot-5] [INFO] [1748621100.479840896] [spotrobot]: I heard: "{"performative": "query", "sender": "nurse_disinfected1", "receiver": "spotrobot1", "content": "Done|a_authorize_patrol"}"
[uvdrobot-4] [INFO] [1748621100.480065673] [uvdrobot]: And it is not for me
[nurse_disinfect-3] [INFO] [1748621100.480125798] [nurse_disinfect]: I heard: "{"performative": "query", "sender": "nurse_disinfected1", "receiver": "spotrobot1", "content": "Done|a_authorize_patrol"}"
[spotrobot-5] [INFO] [1748621100.480192344] [spotrobot]: And it is for me
[spotrobot-5] [INFO] [1748621100.480450374] [spotrobot]: Already finished action
[nurse_disinfect-3] [INFO] [1748621100.480636663] [nurse_disinfect]: And it is not for me
[spotrobot-5] [INFO] [1748621100.481355120] [spotrobot]: success
[spotrobot-5] [INFO] [1748621100.481955920] [spotrobot]: Doing a_authorize_disinfect
[spotrobot-5] [INFO] [1748621100.482531806] [spotrobot]: a_authorize_disinfect
[spotrobot-5] [INFO] [1748621100.483098434] [spotrobot]: Here first, waiting for spotrobot
[uvdrobot-4] [INFO] [1748621100.483783719] [uvdrobot]: I heard: "{"performative": "query", "sender": "spotrobot1", "receiver": "uvdrobot1", "content": "Ready|a_authorize_disinfect"}"
[uvdrobot-4] [INFO] [1748621100.484113833] [uvdrobot]: And it is for me
[nurse_disinfect-3] [INFO] [1748621100.484165990] [nurse_disinfect]: I heard: "{"performative": "query", "sender": "spotrobot1", "receiver": "uvdrobot1", "content": "Ready|a_authorize_disinfect"}"
[spotrobot-5] [INFO] [1748621100.484190322] [spotrobot]: I heard: "{"performative": "query", "sender": "spotrobot1", "receiver": "uvdrobot1", "content": "Ready|a_authorize_disinfect"}"
[uvdrobot-4] [INFO] [1748621100.484477387] [uvdrobot]: Ready to act
[spotrobot-5] [INFO] [1748621100.484671982] [spotrobot]: And it is not for me
[nurse_disinfect-3] [INFO] [1748621100.484715024] [nurse_disinfect]: And it is not for me
[uvdrobot-4] [INFO] [1748621100.485142581] [uvdrobot]: I heard: "{"performative": "query", "sender": "uvdrobot1", "receiver": "spotrobot1", "content": "Done|a_authorize_disinfect"}"
[spotrobot-5] [INFO] [1748621100.485254884] [spotrobot]: I heard: "{"performative": "query", "sender": "uvdrobot1", "receiver": "spotrobot1", "content": "Done|a_authorize_disinfect"}"
[uvdrobot-4] [INFO] [1748621100.485464159] [uvdrobot]: And it is not for me
[spotrobot-5] [INFO] [1748621100.485530669] [spotrobot]: And it is for me
[nurse_disinfect-3] [INFO] [1748621100.485639633] [nurse_disinfect]: I heard: "{"performative": "query", "sender": "uvdrobot1", "receiver": "spotrobot1", "content": "Done|a_authorize_disinfect"}"
[spotrobot-5] [INFO] [1748621100.485781957] [spotrobot]: Finished action
[nurse_disinfect-3] [INFO] [1748621100.486166706] [nurse_disinfect]: And it is not for me
[uvdrobot-4] [INFO] [1748621100.486286994] [uvdrobot]: I heard: "{"performative": "query", "sender": "spotrobot1", "receiver": "uvdrobot1", "content": "Done|a_authorize_disinfect"}"
[spotrobot-5] [INFO] [1748621100.486529176] [spotrobot]: I heard: "{"performative": "query", "sender": "spotrobot1", "receiver": "uvdrobot1", "content": "Done|a_authorize_disinfect"}"
[uvdrobot-4] [INFO] [1748621100.486572064] [uvdrobot]: And it is for me
[uvdrobot-4] [INFO] [1748621100.486824615] [uvdrobot]: Finished action
[nurse_disinfect-3] [INFO] [1748621100.487047715] [nurse_disinfect]: I heard: "{"performative": "query", "sender": "spotrobot1", "receiver": "uvdrobot1", "content": "Done|a_authorize_disinfect"}"
[spotrobot-5] [INFO] [1748621100.487071336] [spotrobot]: And it is not for me
[uvdrobot-4] [INFO] [1748621100.487247445] [uvdrobot]: Doing a_navto
[nurse_disinfect-3] [INFO] [1748621100.487585888] [nurse_disinfect]: And it is not for me
[uvdrobot-4] [INFO] [1748621100.487632325] [uvdrobot]: Waiting for response
[spotrobot-5] [INFO] [1748621100.487987590] [spotrobot]: I heard: "{"performative": "query", "sender": "uvdrobot1", "receiver": "spotrobot1", "content": "Done|a_authorize_disinfect"}"
[uvdrobot-4] [INFO] [1748621100.488091131] [uvdrobot]: I heard: "{"performative": "query", "sender": "uvdrobot1", "receiver": "spotrobot1", "content": "Done|a_authorize_disinfect"}"
[spotrobot-5] [INFO] [1748621100.488348713] [spotrobot]: And it is for me
[uvdrobot-4] [INFO] [1748621100.488442636] [uvdrobot]: And it is not for me
[nurse_disinfect-3] [INFO] [1748621100.488582619] [nurse_disinfect]: I heard: "{"performative": "query", "sender": "uvdrobot1", "receiver": "spotrobot1", "content": "Done|a_authorize_disinfect"}"
[spotrobot-5] [INFO] [1748621100.488620757] [spotrobot]: Already finished action
[uvdrobot-4] [INFO] [1748621100.489146483] [uvdrobot]: success
[nurse_disinfect-3] [INFO] [1748621100.489147016] [nurse_disinfect]: And it is not for me
[uvdrobot-4] [INFO] [1748621100.489477223] [uvdrobot]: Doing a_disinfect_room
[uvdrobot-4] [INFO] [1748621100.489845990] [uvdrobot]: Waiting for response
[uvdrobot-4] [INFO] [1748621100.490541576] [uvdrobot]: success
[uvdrobot-4] [INFO] [1748621100.493499893] [uvdrobot]: Recebido sinal de desligamento do coordenador, finalizando...
[disinfect_planner-2] [INFO] [1748621100.493545055] [disinfect_planner]: Recebido sinal de desligamento do coordenador, finalizando...
[nurse_disinfect-3] [INFO] [1748621100.493597247] [nurse_disinfect]: Recebido sinal de desligamento do coordenador, finalizando...
[disinfect_environment-1] [INFO] [1748621100.493609087] [disinfect_environment]: Recebido sinal de desligamento do coordenador, finalizando...
[spotrobot-5] [INFO] [1748621100.493653436] [spotrobot]: Recebido sinal de desligamento do coordenador, finalizando...
[disinfect_planner-2] [INFO] [1748621100.493854822] [Quitting]: Done
[uvdrobot-4] [INFO] [1748621100.493869648] [Quitting]: Done
[disinfect_environment-1] [INFO] [1748621100.494092807] [Quitting]: Done
[nurse_disinfect-3] [INFO] [1748621100.494140917] [Quitting]: Done
[spotrobot-5] [INFO] [1748621100.494320225] [Quitting]: Done
[INFO] [disinfect_environment-1]: process has finished cleanly [pid 34709]
[INFO] [nurse_disinfect-3]: process has finished cleanly [pid 34713]
[INFO] [spotrobot-5]: process has finished cleanly [pid 34717]
[INFO] [uvdrobot-4]: process has finished cleanly [pid 34715]
[INFO] [disinfect_planner-2]: process has finished cleanly [pid 34711]
