[INFO] [launch]: All log files can be found below /home/rafael/.ros/log/2025-05-29-22-44-14-912190-NotebookRafael-119909
[INFO] [launch]: Default logging verbosity is set to INFO
[INFO] [disinfect_environment-1]: process started with pid [119912]
[INFO] [disinfect_planner-2]: process started with pid [119914]
[INFO] [nurse_disinfect-3]: process started with pid [119916]
[INFO] [uvdrobot-4]: process started with pid [119918]
[INFO] [spotrobot-5]: process started with pid [119920]
[disinfect_environment-1] [INFO] [1748569455.182438283] [disinfect_environment]: Starting Environment server
[disinfect_environment-1] [INFO] [1748569455.186514420] [disinfect_environment]: Environment server started
[disinfect_planner-2] [INFO] [1748569455.737643809] [disinfect_planner]: Starting Planner server
[disinfect_planner-2] [INFO] [1748569455.741977636] [disinfect_planner]: Planner server started
[disinfect_planner-2] [INFO] [1748569455.942424984] [disinfect_planner]: Creating plan for: spotrobot1 uvdrobot1 nurse_disinfected1
[disinfect_planner-2] [INFO] [1748569455.943996168] [disinfect_planner]: a_navto,spotrobot1,room1
[disinfect_planner-2] [INFO] [1748569455.944475185] [disinfect_planner]: a_open_door,spotrobot1,room1
[disinfect_planner-2] [INFO] [1748569455.945103779] [disinfect_planner]: a_approach_nurse,spotrobot1,nurse_disinfected1
[disinfect_planner-2] [INFO] [1748569455.945455026] [disinfect_planner]: a_authenticate_nurse,spotrobot1,nurse_disinfected1
[disinfect_planner-2] [INFO] [1748569455.945757936] [disinfect_planner]: a_authorize_patrol,spotrobot1,nurse_disinfected1
[disinfect_planner-2] [INFO] [1748569455.946058918] [disinfect_planner]: a_patrol_room,spotrobot1,room1
[disinfect_planner-2] [INFO] [1748569455.946358187] [disinfect_planner]: a_authorize_disinfect,uvdrobot1,spotrobot1
[disinfect_planner-2] [INFO] [1748569455.946654376] [disinfect_planner]: a_navto,uvdrobot1,room1
[disinfect_planner-2] [INFO] [1748569455.946979314] [disinfect_planner]: a_disinfect_room,uvdrobot1,room1
[disinfect_planner-2] [INFO] [1748569455.947281652] [disinfect_planner]: Sending response
[nurse_disinfect-3] [INFO] [1748569455.947932761] [nurse_disinfect]: response.response nurse_disinfected1
[nurse_disinfect-3] [INFO] [1748569455.948298272] [nurse_disinfect]: My name is nurse_disinfected1
[uvdrobot-4] [INFO] [1748569455.949016360] [uvdrobot]: response.response uvdrobot1
[uvdrobot-4] [INFO] [1748569455.949381300] [uvdrobot]: My name is uvdrobot1
[uvdrobot-4] [INFO] [1748569455.950032968] [uvdrobot]: I heard: "{"performative": "request", "sender": "Coordinator", "receiver": "uvdrobot1", "content": "Plan|a_authorize_disinfect,uvdrobot1,spotrobot1/a_navto,uvdrobot1,room1/a_disinfect_room,uvdrobot1,room1"}"
[spotrobot-5] [INFO] [1748569455.950222425] [spotrobot]: response.response spotrobot1
[uvdrobot-4] [INFO] [1748569455.950491603] [uvdrobot]: And it is for me
[spotrobot-5] [INFO] [1748569455.950569926] [spotrobot]: My name is spotrobot1
[uvdrobot-4] [INFO] [1748569455.950925293] [uvdrobot]: Doing a_authorize_disinfect
[spotrobot-5] [INFO] [1748569455.951211301] [spotrobot]: I heard: "{"performative": "request", "sender": "Coordinator", "receiver": "uvdrobot1", "content": "Plan|a_authorize_disinfect,uvdrobot1,spotrobot1/a_navto,uvdrobot1,room1/a_disinfect_room,uvdrobot1,room1"}"
[uvdrobot-4] [INFO] [1748569455.951383075] [uvdrobot]: a_authorize_disinfect
[spotrobot-5] [INFO] [1748569455.951597466] [spotrobot]: And it is not for me
[uvdrobot-4] [INFO] [1748569455.951814858] [uvdrobot]: Here first, waiting for spotrobot
[spotrobot-5] [INFO] [1748569455.952153997] [spotrobot]: I heard: "{"performative": "request", "sender": "Coordinator", "receiver": "spotrobot1", "content": "Plan|a_navto,spotrobot1,room1/a_open_door,spotrobot1,room1/a_approach_nurse,spotrobot1,nurse_disinfected1/a_authenticate_nurse,spotrobot1,nurse_disinfected1/a_authorize_patrol,spotrobot1,nurse_disinfected1/a_patrol_room,spotrobot1,room1/a_authorize_disinfect,uvdrobot1,spotrobot1"}"
[spotrobot-5] [INFO] [1748569455.952471858] [spotrobot]: And it is for me
[uvdrobot-4] [INFO] [1748569455.952569323] [uvdrobot]: I heard: "{"performative": "request", "sender": "Coordinator", "receiver": "spotrobot1", "content": "Plan|a_navto,spotrobot1,room1/a_open_door,spotrobot1,room1/a_approach_nurse,spotrobot1,nurse_disinfected1/a_authenticate_nurse,spotrobot1,nurse_disinfected1/a_authorize_patrol,spotrobot1,nurse_disinfected1/a_patrol_room,spotrobot1,room1/a_authorize_disinfect,uvdrobot1,spotrobot1"}"
[uvdrobot-4] [INFO] [1748569455.952878817] [uvdrobot]: And it is not for me
[spotrobot-5] [INFO] [1748569455.952879675] [spotrobot]: Doing a_navto
[uvdrobot-4] [INFO] [1748569455.953256151] [uvdrobot]: I heard: "{"performative": "query", "sender": "uvdrobot1", "receiver": "spotrobot1", "content": "Ready|a_authorize_disinfect"}"
[spotrobot-5] [INFO] [1748569455.953321160] [spotrobot]: Wating for response
[uvdrobot-4] [INFO] [1748569455.953519001] [uvdrobot]: And it is not for me
[spotrobot-5] [INFO] [1748569455.953793341] [spotrobot]: I heard: "{"performative": "request", "sender": "Coordinator", "receiver": "nurse_disinfected1", "content": "Plan|a_approach_nurse,spotrobot1,nurse_disinfected1/a_authenticate_nurse,spotrobot1,nurse_disinfected1/a_authorize_patrol,spotrobot1,nurse_disinfected1"}"
[spotrobot-5] [INFO] [1748569455.954059909] [spotrobot]: And it is not for me
[uvdrobot-4] [INFO] [1748569455.954147672] [uvdrobot]: I heard: "{"performative": "request", "sender": "Coordinator", "receiver": "nurse_disinfected1", "content": "Plan|a_approach_nurse,spotrobot1,nurse_disinfected1/a_authenticate_nurse,spotrobot1,nurse_disinfected1/a_authorize_patrol,spotrobot1,nurse_disinfected1"}"
[spotrobot-5] [INFO] [1748569455.954414449] [spotrobot]: I heard: "{"performative": "query", "sender": "uvdrobot1", "receiver": "spotrobot1", "content": "Ready|a_authorize_disinfect"}"
[uvdrobot-4] [INFO] [1748569455.954680577] [uvdrobot]: And it is not for me
[spotrobot-5] [INFO] [1748569455.954695146] [spotrobot]: And it is for me
[spotrobot-5] [INFO] [1748569455.954965364] [spotrobot]: No there yet
[spotrobot-5] [INFO] [1748569455.956012736] [spotrobot]: success
[spotrobot-5] [INFO] [1748569455.956381607] [spotrobot]: Doing a_open_door
[spotrobot-5] [INFO] [1748569455.956784137] [spotrobot]: Wating for response
[spotrobot-5] [INFO] [1748569455.957931633] [spotrobot]: success
[spotrobot-5] [INFO] [1748569455.958285292] [spotrobot]: Doing a_approach_nurse
[spotrobot-5] [INFO] [1748569455.958675699] [spotrobot]: Wating for response
[spotrobot-5] [INFO] [1748569455.959859236] [spotrobot]: success
[spotrobot-5] [INFO] [1748569455.960305814] [spotrobot]: Doing a_authenticate_nurse
[spotrobot-5] [INFO] [1748569455.960682190] [spotrobot]: a_authenticate_nurse
[spotrobot-5] [INFO] [1748569455.961029932] [spotrobot]: Here first, waiting for nurse
[spotrobot-5] [INFO] [1748569455.961704260] [spotrobot]: I heard: "{"performative": "query", "sender": "spotrobot1", "receiver": "nurse_disinfected1", "content": "Ready|a_authenticate_nurse"}"
[uvdrobot-4] [INFO] [1748569455.961906910] [uvdrobot]: I heard: "{"performative": "query", "sender": "spotrobot1", "receiver": "nurse_disinfected1", "content": "Ready|a_authenticate_nurse"}"
[spotrobot-5] [INFO] [1748569455.962107090] [spotrobot]: And it is not for me
[uvdrobot-4] [INFO] [1748569455.962507519] [uvdrobot]: And it is not for me
[nurse_disinfect-3] [INFO] [1748569456.950408947] [nurse_disinfect]: I heard: "{"performative": "request", "sender": "Coordinator", "receiver": "uvdrobot1", "content": "Plan|a_authorize_disinfect,uvdrobot1,spotrobot1/a_navto,uvdrobot1,room1/a_disinfect_room,uvdrobot1,room1"}"
[nurse_disinfect-3] [INFO] [1748569456.950951496] [nurse_disinfect]: And it is not for me
[nurse_disinfect-3] [INFO] [1748569456.951632243] [nurse_disinfect]: I heard: "{"performative": "query", "sender": "uvdrobot1", "receiver": "spotrobot1", "content": "Ready|a_authorize_disinfect"}"
[nurse_disinfect-3] [INFO] [1748569456.952177687] [nurse_disinfect]: And it is not for me
[nurse_disinfect-3] [INFO] [1748569456.953049629] [nurse_disinfect]: I heard: "{"performative": "request", "sender": "Coordinator", "receiver": "spotrobot1", "content": "Plan|a_navto,spotrobot1,room1/a_open_door,spotrobot1,room1/a_approach_nurse,spotrobot1,nurse_disinfected1/a_authenticate_nurse,spotrobot1,nurse_disinfected1/a_authorize_patrol,spotrobot1,nurse_disinfected1/a_patrol_room,spotrobot1,room1/a_authorize_disinfect,uvdrobot1,spotrobot1"}"
[nurse_disinfect-3] [INFO] [1748569456.953494203] [nurse_disinfect]: And it is not for me
[nurse_disinfect-3] [INFO] [1748569456.954082747] [nurse_disinfect]: I heard: "{"performative": "query", "sender": "spotrobot1", "receiver": "nurse_disinfected1", "content": "Ready|a_authenticate_nurse"}"
[nurse_disinfect-3] [INFO] [1748569456.954656166] [nurse_disinfect]: And it is for me
[nurse_disinfect-3] [INFO] [1748569456.955247721] [nurse_disinfect]: No there yet
[nurse_disinfect-3] [INFO] [1748569456.956306965] [nurse_disinfect]: I heard: "{"performative": "request", "sender": "Coordinator", "receiver": "nurse_disinfected1", "content": "Plan|a_approach_nurse,spotrobot1,nurse_disinfected1/a_authenticate_nurse,spotrobot1,nurse_disinfected1/a_authorize_patrol,spotrobot1,nurse_disinfected1"}"
[nurse_disinfect-3] [INFO] [1748569456.956967597] [nurse_disinfect]: And it is for me
[nurse_disinfect-3] [INFO] [1748569456.958299877] [nurse_disinfect]: a_approach_nurse
[nurse_disinfect-3] [INFO] [1748569456.958655821] [nurse_disinfect]: a_authenticate_nurse
[nurse_disinfect-3] [INFO] [1748569456.959056220] [nurse_disinfect]: Doing a_authenticate_nurse
[nurse_disinfect-3] [INFO] [1748569456.959372948] [nurse_disinfect]: a_authenticate_nurse
[nurse_disinfect-3] [INFO] [1748569456.959683420] [nurse_disinfect]: Robot is waiting, send action message
[nurse_disinfect-3] [INFO] [1748569456.960416330] [nurse_disinfect]: I heard: "{"performative": "query", "sender": "nurse_disinfected1", "receiver": "spotrobot1", "content": "Done|a_authenticate_nurse"}"
[spotrobot-5] [INFO] [1748569456.960419083] [spotrobot]: I heard: "{"performative": "query", "sender": "nurse_disinfected1", "receiver": "spotrobot1", "content": "Done|a_authenticate_nurse"}"
[uvdrobot-4] [INFO] [1748569456.960474168] [uvdrobot]: I heard: "{"performative": "query", "sender": "nurse_disinfected1", "receiver": "spotrobot1", "content": "Done|a_authenticate_nurse"}"
[spotrobot-5] [INFO] [1748569456.960738996] [spotrobot]: And it is for me
[nurse_disinfect-3] [INFO] [1748569456.960745171] [nurse_disinfect]: And it is not for me
[uvdrobot-4] [INFO] [1748569456.960803677] [uvdrobot]: And it is not for me
[spotrobot-5] [INFO] [1748569456.961079234] [spotrobot]: Finished action
[spotrobot-5] [INFO] [1748569456.961639629] [spotrobot]: Doing a_authorize_patrol
[nurse_disinfect-3] [INFO] [1748569456.961799340] [nurse_disinfect]: I heard: "{"performative": "query", "sender": "spotrobot1", "receiver": "nurse_disinfected1", "content": "Done|a_authenticate_nurse"}"
[uvdrobot-4] [INFO] [1748569456.961812752] [uvdrobot]: I heard: "{"performative": "query", "sender": "spotrobot1", "receiver": "nurse_disinfected1", "content": "Done|a_authenticate_nurse"}"
[spotrobot-5] [INFO] [1748569456.962013070] [spotrobot]: a_authorize_patrol
[uvdrobot-4] [INFO] [1748569456.962259485] [uvdrobot]: And it is not for me
[nurse_disinfect-3] [INFO] [1748569456.962287092] [nurse_disinfect]: And it is for me
[spotrobot-5] [INFO] [1748569456.962301629] [spotrobot]: Here first, waiting for nurse
[nurse_disinfect-3] [INFO] [1748569456.962781176] [nurse_disinfect]: Finished action
[uvdrobot-4] [INFO] [1748569456.963001576] [uvdrobot]: I heard: "{"performative": "query", "sender": "spotrobot1", "receiver": "nurse_disinfected1", "content": "Ready|a_authorize_patrol"}"
[spotrobot-5] [INFO] [1748569456.963235292] [spotrobot]: I heard: "{"performative": "query", "sender": "spotrobot1", "receiver": "nurse_disinfected1", "content": "Done|a_authenticate_nurse"}"
[nurse_disinfect-3] [INFO] [1748569456.963506185] [nurse_disinfect]: a_authorize_patrol
[spotrobot-5] [INFO] [1748569456.963552774] [spotrobot]: And it is not for me
[uvdrobot-4] [INFO] [1748569456.963612972] [uvdrobot]: And it is not for me
[nurse_disinfect-3] [INFO] [1748569456.964041907] [nurse_disinfect]: Doing a_authorize_patrol
[spotrobot-5] [INFO] [1748569456.964174444] [spotrobot]: I heard: "{"performative": "query", "sender": "spotrobot1", "receiver": "nurse_disinfected1", "content": "Ready|a_authorize_patrol"}"
[nurse_disinfect-3] [INFO] [1748569456.964520247] [nurse_disinfect]: a_authorize_patrol
[uvdrobot-4] [INFO] [1748569456.964530996] [uvdrobot]: I heard: "{"performative": "query", "sender": "nurse_disinfected1", "receiver": "spotrobot1", "content": "Done|a_authenticate_nurse"}"
[spotrobot-5] [INFO] [1748569456.964531395] [spotrobot]: And it is not for me
[uvdrobot-4] [INFO] [1748569456.964827688] [uvdrobot]: And it is not for me
[nurse_disinfect-3] [INFO] [1748569456.965020567] [nurse_disinfect]: Here first, waiting for robot
[spotrobot-5] [INFO] [1748569456.965268692] [spotrobot]: I heard: "{"performative": "query", "sender": "nurse_disinfected1", "receiver": "spotrobot1", "content": "Done|a_authenticate_nurse"}"
[spotrobot-5] [INFO] [1748569456.965650771] [spotrobot]: And it is for me
[spotrobot-5] [INFO] [1748569456.965930654] [spotrobot]: Already finished action
[uvdrobot-4] [INFO] [1748569456.965950192] [uvdrobot]: I heard: "{"performative": "query", "sender": "nurse_disinfected1", "receiver": "spotrobot1", "content": "Ready|a_authorize_patrol"}"
[nurse_disinfect-3] [INFO] [1748569456.966256664] [nurse_disinfect]: I heard: "{"performative": "query", "sender": "spotrobot1", "receiver": "nurse_disinfected1", "content": "Ready|a_authorize_patrol"}"
[uvdrobot-4] [INFO] [1748569456.966462481] [uvdrobot]: And it is not for me
[spotrobot-5] [INFO] [1748569456.966508663] [spotrobot]: I heard: "{"performative": "query", "sender": "nurse_disinfected1", "receiver": "spotrobot1", "content": "Ready|a_authorize_patrol"}"
[nurse_disinfect-3] [INFO] [1748569456.966772187] [nurse_disinfect]: And it is for me
[spotrobot-5] [INFO] [1748569456.966920953] [spotrobot]: And it is for me
[spotrobot-5] [INFO] [1748569456.967251208] [spotrobot]: Ready to act
[nurse_disinfect-3] [INFO] [1748569456.967259135] [nurse_disinfect]: Ready to act
[uvdrobot-4] [INFO] [1748569456.968091463] [uvdrobot]: I heard: "{"performative": "query", "sender": "spotrobot1", "receiver": "nurse_disinfected1", "content": "Done|a_authorize_patrol"}"
[spotrobot-5] [INFO] [1748569456.968133878] [spotrobot]: I heard: "{"performative": "query", "sender": "spotrobot1", "receiver": "nurse_disinfected1", "content": "Done|a_authorize_patrol"}"
[uvdrobot-4] [INFO] [1748569456.968406370] [uvdrobot]: And it is not for me
[spotrobot-5] [INFO] [1748569456.968496242] [spotrobot]: And it is not for me
[nurse_disinfect-3] [INFO] [1748569456.968498283] [nurse_disinfect]: I heard: "{"performative": "query", "sender": "nurse_disinfected1", "receiver": "spotrobot1", "content": "Done|a_authenticate_nurse"}"
[uvdrobot-4] [INFO] [1748569456.969010804] [uvdrobot]: I heard: "{"performative": "query", "sender": "nurse_disinfected1", "receiver": "spotrobot1", "content": "Done|a_authorize_patrol"}"
[nurse_disinfect-3] [INFO] [1748569456.969052083] [nurse_disinfect]: And it is not for me
[spotrobot-5] [INFO] [1748569456.969228698] [spotrobot]: I heard: "{"performative": "query", "sender": "nurse_disinfected1", "receiver": "spotrobot1", "content": "Done|a_authorize_patrol"}"
[uvdrobot-4] [INFO] [1748569456.969325295] [uvdrobot]: And it is not for me
[spotrobot-5] [INFO] [1748569456.969592079] [spotrobot]: And it is for me
[spotrobot-5] [INFO] [1748569456.969913405] [spotrobot]: Finished action
[nurse_disinfect-3] [INFO] [1748569456.970057043] [nurse_disinfect]: I heard: "{"performative": "query", "sender": "nurse_disinfected1", "receiver": "spotrobot1", "content": "Ready|a_authorize_patrol"}"
[uvdrobot-4] [INFO] [1748569456.970501985] [uvdrobot]: I heard: "{"performative": "query", "sender": "spotrobot1", "receiver": "nurse_disinfected1", "content": "Done|a_authorize_patrol"}"
[nurse_disinfect-3] [INFO] [1748569456.970563570] [nurse_disinfect]: And it is not for me
[spotrobot-5] [INFO] [1748569456.970651622] [spotrobot]: Doing a_patrol_room
[uvdrobot-4] [INFO] [1748569456.970931502] [uvdrobot]: And it is not for me
[nurse_disinfect-3] [INFO] [1748569456.971316292] [nurse_disinfect]: I heard: "{"performative": "query", "sender": "spotrobot1", "receiver": "nurse_disinfected1", "content": "Done|a_authorize_patrol"}"
[spotrobot-5] [INFO] [1748569456.971343728] [spotrobot]: Wating for response
[nurse_disinfect-3] [INFO] [1748569456.971648241] [nurse_disinfect]: And it is for me
[nurse_disinfect-3] [INFO] [1748569456.972017084] [nurse_disinfect]: Finished action
[spotrobot-5] [INFO] [1748569456.972227018] [spotrobot]: I heard: "{"performative": "query", "sender": "spotrobot1", "receiver": "nurse_disinfected1", "content": "Done|a_authorize_patrol"}"
[spotrobot-5] [INFO] [1748569456.972801405] [spotrobot]: And it is not for me
[uvdrobot-4] [INFO] [1748569456.972897150] [uvdrobot]: I heard: "{"performative": "query", "sender": "nurse_disinfected1", "receiver": "spotrobot1", "content": "Done|a_authorize_patrol"}"
[nurse_disinfect-3] [INFO] [1748569456.973153144] [nurse_disinfect]: I heard: "{"performative": "query", "sender": "nurse_disinfected1", "receiver": "spotrobot1", "content": "Done|a_authorize_patrol"}"
[uvdrobot-4] [INFO] [1748569456.973416817] [uvdrobot]: And it is not for me
[nurse_disinfect-3] [INFO] [1748569456.973504014] [nurse_disinfect]: And it is not for me
[spotrobot-5] [INFO] [1748569456.973795335] [spotrobot]: I heard: "{"performative": "query", "sender": "nurse_disinfected1", "receiver": "spotrobot1", "content": "Done|a_authorize_patrol"}"
[spotrobot-5] [INFO] [1748569456.974327484] [spotrobot]: And it is for me
[nurse_disinfect-3] [INFO] [1748569456.974515151] [nurse_disinfect]: I heard: "{"performative": "query", "sender": "spotrobot1", "receiver": "nurse_disinfected1", "content": "Done|a_authorize_patrol"}"
[spotrobot-5] [INFO] [1748569456.974865598] [spotrobot]: Already finished action
[nurse_disinfect-3] [INFO] [1748569456.974939555] [nurse_disinfect]: And it is for me
[nurse_disinfect-3] [INFO] [1748569456.975374185] [nurse_disinfect]: Already finished action
[nurse_disinfect-3] [INFO] [1748569456.976178780] [nurse_disinfect]: I heard: "{"performative": "query", "sender": "nurse_disinfected1", "receiver": "spotrobot1", "content": "Done|a_authorize_patrol"}"
[spotrobot-5] [INFO] [1748569456.976608907] [spotrobot]: dirty room
[nurse_disinfect-3] [INFO] [1748569456.976739698] [nurse_disinfect]: And it is not for me
[uvdrobot-4] [INFO] [1748569456.979263939] [uvdrobot]: I heard: "{"performative": "request", "sender": "Coordinator", "receiver": "spotrobot1", "content": "Reset"}"
[spotrobot-5] [INFO] [1748569456.979383080] [spotrobot]: I heard: "{"performative": "request", "sender": "Coordinator", "receiver": "spotrobot1", "content": "Reset"}"
[nurse_disinfect-3] [INFO] [1748569456.979581189] [nurse_disinfect]: I heard: "{"performative": "request", "sender": "Coordinator", "receiver": "spotrobot1", "content": "Reset"}"
[uvdrobot-4] [INFO] [1748569456.979797134] [uvdrobot]: And it is not for me
[spotrobot-5] [INFO] [1748569456.979944549] [spotrobot]: And it is for me
[nurse_disinfect-3] [INFO] [1748569456.980111973] [nurse_disinfect]: And it is not for me
[uvdrobot-4] [INFO] [1748569456.980403757] [uvdrobot]: I heard: "{"performative": "request", "sender": "Coordinator", "receiver": "uvdrobot1", "content": "Reset"}"
[uvdrobot-4] [INFO] [1748569456.980711440] [uvdrobot]: And it is for me
[spotrobot-5] [INFO] [1748569456.980775492] [spotrobot]: I heard: "{"performative": "request", "sender": "Coordinator", "receiver": "uvdrobot1", "content": "Reset"}"
[nurse_disinfect-3] [INFO] [1748569456.981018871] [nurse_disinfect]: I heard: "{"performative": "request", "sender": "Coordinator", "receiver": "uvdrobot1", "content": "Reset"}"
[spotrobot-5] [INFO] [1748569456.981245136] [spotrobot]: And it is not for me
[uvdrobot-4] [INFO] [1748569456.981352592] [uvdrobot]: I heard: "{"performative": "request", "sender": "Coordinator", "receiver": "nurse_disinfected1", "content": "Reset"}"
[nurse_disinfect-3] [INFO] [1748569456.981545849] [nurse_disinfect]: And it is not for me
[uvdrobot-4] [INFO] [1748569456.981702978] [uvdrobot]: And it is not for me
[disinfect_environment-1] [INFO] [1748569456.981893466] [disinfect_environment]: Recebido sinal de desligamento do coordenador, finalizando...
[spotrobot-5] [INFO] [1748569456.981935838] [spotrobot]: 
[disinfect_planner-2] [INFO] [1748569456.982101837] [disinfect_planner]: Recebido sinal de desligamento do coordenador, finalizando...
[disinfect_environment-1] [INFO] [1748569456.982414867] [Quitting]: Done
[uvdrobot-4] [INFO] [1748569456.982464076] [uvdrobot]: Recebido sinal de desligamento do coordenador, finalizando...
[nurse_disinfect-3] [INFO] [1748569456.982528934] [nurse_disinfect]: I heard: "{"performative": "request", "sender": "Coordinator", "receiver": "nurse_disinfected1", "content": "Reset"}"
[disinfect_planner-2] [INFO] [1748569456.982924936] [Quitting]: Done
[spotrobot-5] [INFO] [1748569456.982946018] [spotrobot]: I heard: "{"performative": "request", "sender": "Coordinator", "receiver": "nurse_disinfected1", "content": "Reset"}"
[uvdrobot-4] [INFO] [1748569456.983049822] [Quitting]: Done
[nurse_disinfect-3] [INFO] [1748569456.983126813] [nurse_disinfect]: And it is for me
[spotrobot-5] [INFO] [1748569456.983558693] [spotrobot]: And it is not for me
[spotrobot-5] [INFO] [1748569456.984343040] [spotrobot]: Recebido sinal de desligamento do coordenador, finalizando...
[nurse_disinfect-3] [INFO] [1748569456.984880992] [nurse_disinfect]: Recebido sinal de desligamento do coordenador, finalizando...
[spotrobot-5] [INFO] [1748569456.985061009] [Quitting]: Done
[nurse_disinfect-3] [INFO] [1748569456.985922677] [Quitting]: Done
[INFO] [disinfect_environment-1]: process has finished cleanly [pid 119912]
[INFO] [spotrobot-5]: process has finished cleanly [pid 119920]
[INFO] [nurse_disinfect-3]: process has finished cleanly [pid 119916]
[INFO] [uvdrobot-4]: process has finished cleanly [pid 119918]
