[INFO] [launch]: All log files can be found below /home/rafael/.ros/log/2025-05-30-13-05-35-864626-NotebookRafael-35348
[INFO] [launch]: Default logging verbosity is set to INFO
[INFO] [disinfect_environment-1]: process started with pid [35351]
[INFO] [disinfect_planner-2]: process started with pid [35353]
[INFO] [nurse_disinfect-3]: process started with pid [35355]
[INFO] [uvdrobot-4]: process started with pid [35357]
[INFO] [spotrobot-5]: process started with pid [35359]
[disinfect_environment-1] [INFO] [1748621136.126306496] [disinfect_environment]: Starting Environment server
[disinfect_environment-1] [INFO] [1748621136.130482707] [disinfect_environment]: Environment server started
[disinfect_planner-2] [INFO] [1748621136.634554997] [disinfect_planner]: Starting Planner server
[disinfect_planner-2] [INFO] [1748621136.638381319] [disinfect_planner]: Planner server started
[disinfect_planner-2] [INFO] [1748621136.882051993] [disinfect_planner]: Creating plan for: spotrobot1 uvdrobot1 nurse_disinfected1
[disinfect_planner-2] [INFO] [1748621136.884201079] [disinfect_planner]: a_navto,spotrobot1,room1
[disinfect_planner-2] [INFO] [1748621136.884638984] [disinfect_planner]: a_open_door,spotrobot1,room1
[disinfect_planner-2] [INFO] [1748621136.885115813] [disinfect_planner]: a_approach_nurse,spotrobot1,nurse_disinfected1
[disinfect_planner-2] [INFO] [1748621136.885540803] [disinfect_planner]: a_authenticate_nurse,spotrobot1,nurse_disinfected1
[nurse_disinfect-3] [INFO] [1748621136.885908773] [nurse_disinfect]: response.response nurse_disinfected1
[disinfect_planner-2] [INFO] [1748621136.885964454] [disinfect_planner]: a_authorize_patrol,spotrobot1,nurse_disinfected1
[nurse_disinfect-3] [INFO] [1748621136.886259958] [nurse_disinfect]: My name is nurse_disinfected1
[disinfect_planner-2] [INFO] [1748621136.886343323] [disinfect_planner]: a_patrol_room,spotrobot1,room1
[disinfect_planner-2] [INFO] [1748621136.886751392] [disinfect_planner]: a_authorize_disinfect,uvdrobot1,spotrobot1
[disinfect_planner-2] [INFO] [1748621136.887202587] [disinfect_planner]: a_navto,uvdrobot1,room1
[disinfect_planner-2] [INFO] [1748621136.887655232] [disinfect_planner]: a_disinfect_room,uvdrobot1,room1
[disinfect_planner-2] [INFO] [1748621136.888077526] [disinfect_planner]: Sending response
[spotrobot-5] [INFO] [1748621136.888554773] [spotrobot]: response.response spotrobot1
[spotrobot-5] [INFO] [1748621136.888895944] [spotrobot]: My name is spotrobot1
[spotrobot-5] [INFO] [1748621136.890349350] [spotrobot]: I heard: "{"performative": "request", "sender": "Coordinator", "receiver": "uvdrobot1", "content": "Plan|a_authorize_disinfect,uvdrobot1,spotrobot1/a_navto,uvdrobot1,room1/a_disinfect_room,uvdrobot1,room1"}"
[spotrobot-5] [INFO] [1748621136.891024468] [spotrobot]: And it is not for me
[spotrobot-5] [INFO] [1748621136.892095200] [spotrobot]: I heard: "{"performative": "request", "sender": "Coordinator", "receiver": "spotrobot1", "content": "Plan|a_navto,spotrobot1,room1/a_open_door,spotrobot1,room1/a_approach_nurse,spotrobot1,nurse_disinfected1/a_authenticate_nurse,spotrobot1,nurse_disinfected1/a_authorize_patrol,spotrobot1,nurse_disinfected1/a_patrol_room,spotrobot1,room1/a_authorize_disinfect,uvdrobot1,spotrobot1"}"
[spotrobot-5] [INFO] [1748621136.892407265] [spotrobot]: And it is for me
[spotrobot-5] [INFO] [1748621136.892846143] [spotrobot]: Doing a_navto
[uvdrobot-4] [INFO] [1748621136.892895293] [uvdrobot]: response.response uvdrobot1
[uvdrobot-4] [INFO] [1748621136.893254751] [uvdrobot]: My name is uvdrobot1
[spotrobot-5] [INFO] [1748621136.893291114] [spotrobot]: Wating for response
[spotrobot-5] [INFO] [1748621136.893789721] [spotrobot]: I heard: "{"performative": "request", "sender": "Coordinator", "receiver": "nurse_disinfected1", "content": "Plan|a_approach_nurse,spotrobot1,nurse_disinfected1/a_authenticate_nurse,spotrobot1,nurse_disinfected1/a_authorize_patrol,spotrobot1,nurse_disinfected1"}"
[uvdrobot-4] [INFO] [1748621136.893872161] [uvdrobot]: I heard: "{"performative": "request", "sender": "Coordinator", "receiver": "uvdrobot1", "content": "Plan|a_authorize_disinfect,uvdrobot1,spotrobot1/a_navto,uvdrobot1,room1/a_disinfect_room,uvdrobot1,room1"}"
[spotrobot-5] [INFO] [1748621136.894093148] [spotrobot]: And it is not for me
[uvdrobot-4] [INFO] [1748621136.894143973] [uvdrobot]: And it is for me
[uvdrobot-4] [INFO] [1748621136.894576974] [uvdrobot]: Doing a_authorize_disinfect
[spotrobot-5] [INFO] [1748621136.894795536] [spotrobot]: success
[uvdrobot-4] [INFO] [1748621136.894924958] [uvdrobot]: a_authorize_disinfect
[spotrobot-5] [INFO] [1748621136.895097587] [spotrobot]: Doing a_open_door
[uvdrobot-4] [INFO] [1748621136.895386026] [uvdrobot]: Here first, waiting for spotrobot
[spotrobot-5] [INFO] [1748621136.895493498] [spotrobot]: Wating for response
[spotrobot-5] [INFO] [1748621136.896149570] [spotrobot]: I heard: "{"performative": "query", "sender": "uvdrobot1", "receiver": "spotrobot1", "content": "Ready|a_authorize_disinfect"}"
[uvdrobot-4] [INFO] [1748621136.896194770] [uvdrobot]: I heard: "{"performative": "request", "sender": "Coordinator", "receiver": "spotrobot1", "content": "Plan|a_navto,spotrobot1,room1/a_open_door,spotrobot1,room1/a_approach_nurse,spotrobot1,nurse_disinfected1/a_authenticate_nurse,spotrobot1,nurse_disinfected1/a_authorize_patrol,spotrobot1,nurse_disinfected1/a_patrol_room,spotrobot1,room1/a_authorize_disinfect,uvdrobot1,spotrobot1"}"
[spotrobot-5] [INFO] [1748621136.896495701] [spotrobot]: And it is for me
[uvdrobot-4] [INFO] [1748621136.896727547] [uvdrobot]: And it is not for me
[spotrobot-5] [INFO] [1748621136.896813615] [spotrobot]: No there yet
[uvdrobot-4] [INFO] [1748621136.897126416] [uvdrobot]: I heard: "{"performative": "query", "sender": "uvdrobot1", "receiver": "spotrobot1", "content": "Ready|a_authorize_disinfect"}"
[uvdrobot-4] [INFO] [1748621136.897438190] [uvdrobot]: And it is not for me
[spotrobot-5] [INFO] [1748621136.897468760] [spotrobot]: success
[spotrobot-5] [INFO] [1748621136.897920142] [spotrobot]: Doing a_approach_nurse
[uvdrobot-4] [INFO] [1748621136.897945548] [uvdrobot]: I heard: "{"performative": "request", "sender": "Coordinator", "receiver": "nurse_disinfected1", "content": "Plan|a_approach_nurse,spotrobot1,nurse_disinfected1/a_authenticate_nurse,spotrobot1,nurse_disinfected1/a_authorize_patrol,spotrobot1,nurse_disinfected1"}"
[uvdrobot-4] [INFO] [1748621136.898244061] [uvdrobot]: And it is not for me
[spotrobot-5] [INFO] [1748621136.898530111] [spotrobot]: Wating for response
[spotrobot-5] [INFO] [1748621136.899581242] [spotrobot]: success
[spotrobot-5] [INFO] [1748621136.899991173] [spotrobot]: Doing a_authenticate_nurse
[spotrobot-5] [INFO] [1748621136.900291820] [spotrobot]: a_authenticate_nurse
[spotrobot-5] [INFO] [1748621136.900649126] [spotrobot]: Here first, waiting for nurse
[uvdrobot-4] [INFO] [1748621136.901449724] [uvdrobot]: I heard: "{"performative": "query", "sender": "spotrobot1", "receiver": "nurse_disinfected1", "content": "Ready|a_authenticate_nurse"}"
[spotrobot-5] [INFO] [1748621136.901574033] [spotrobot]: I heard: "{"performative": "query", "sender": "spotrobot1", "receiver": "nurse_disinfected1", "content": "Ready|a_authenticate_nurse"}"
[uvdrobot-4] [INFO] [1748621136.901966656] [uvdrobot]: And it is not for me
[spotrobot-5] [INFO] [1748621136.902103412] [spotrobot]: And it is not for me
[nurse_disinfect-3] [INFO] [1748621137.888041878] [nurse_disinfect]: I heard: "{"performative": "request", "sender": "Coordinator", "receiver": "uvdrobot1", "content": "Plan|a_authorize_disinfect,uvdrobot1,spotrobot1/a_navto,uvdrobot1,room1/a_disinfect_room,uvdrobot1,room1"}"
[nurse_disinfect-3] [INFO] [1748621137.888388318] [nurse_disinfect]: And it is not for me
[nurse_disinfect-3] [INFO] [1748621137.888898773] [nurse_disinfect]: I heard: "{"performative": "query", "sender": "uvdrobot1", "receiver": "spotrobot1", "content": "Ready|a_authorize_disinfect"}"
[nurse_disinfect-3] [INFO] [1748621137.889182827] [nurse_disinfect]: And it is not for me
[nurse_disinfect-3] [INFO] [1748621137.889791608] [nurse_disinfect]: I heard: "{"performative": "request", "sender": "Coordinator", "receiver": "spotrobot1", "content": "Plan|a_navto,spotrobot1,room1/a_open_door,spotrobot1,room1/a_approach_nurse,spotrobot1,nurse_disinfected1/a_authenticate_nurse,spotrobot1,nurse_disinfected1/a_authorize_patrol,spotrobot1,nurse_disinfected1/a_patrol_room,spotrobot1,room1/a_authorize_disinfect,uvdrobot1,spotrobot1"}"
[nurse_disinfect-3] [INFO] [1748621137.890193883] [nurse_disinfect]: And it is not for me
[nurse_disinfect-3] [INFO] [1748621137.890803459] [nurse_disinfect]: I heard: "{"performative": "query", "sender": "spotrobot1", "receiver": "nurse_disinfected1", "content": "Ready|a_authenticate_nurse"}"
[nurse_disinfect-3] [INFO] [1748621137.891144041] [nurse_disinfect]: And it is for me
[nurse_disinfect-3] [INFO] [1748621137.891443817] [nurse_disinfect]: No there yet
[nurse_disinfect-3] [INFO] [1748621137.892026917] [nurse_disinfect]: I heard: "{"performative": "request", "sender": "Coordinator", "receiver": "nurse_disinfected1", "content": "Plan|a_approach_nurse,spotrobot1,nurse_disinfected1/a_authenticate_nurse,spotrobot1,nurse_disinfected1/a_authorize_patrol,spotrobot1,nurse_disinfected1"}"
[nurse_disinfect-3] [INFO] [1748621137.892367901] [nurse_disinfect]: And it is for me
[nurse_disinfect-3] [INFO] [1748621137.893939820] [nurse_disinfect]: a_approach_nurse
[nurse_disinfect-3] [INFO] [1748621137.894267823] [nurse_disinfect]: a_authenticate_nurse
[nurse_disinfect-3] [INFO] [1748621137.894602227] [nurse_disinfect]: Doing a_authenticate_nurse
[nurse_disinfect-3] [INFO] [1748621137.894904110] [nurse_disinfect]: a_authenticate_nurse
[nurse_disinfect-3] [INFO] [1748621137.895201172] [nurse_disinfect]: Robot is waiting, send action message
[nurse_disinfect-3] [INFO] [1748621137.895822690] [nurse_disinfect]: I heard: "{"performative": "query", "sender": "nurse_disinfected1", "receiver": "spotrobot1", "content": "Done|a_authenticate_nurse"}"
[spotrobot-5] [INFO] [1748621137.895835718] [spotrobot]: I heard: "{"performative": "query", "sender": "nurse_disinfected1", "receiver": "spotrobot1", "content": "Done|a_authenticate_nurse"}"
[uvdrobot-4] [INFO] [1748621137.895948110] [uvdrobot]: I heard: "{"performative": "query", "sender": "nurse_disinfected1", "receiver": "spotrobot1", "content": "Done|a_authenticate_nurse"}"
[spotrobot-5] [INFO] [1748621137.896127764] [spotrobot]: And it is for me
[nurse_disinfect-3] [INFO] [1748621137.896269186] [nurse_disinfect]: And it is not for me
[spotrobot-5] [INFO] [1748621137.896418341] [spotrobot]: Finished action
[uvdrobot-4] [INFO] [1748621137.896424330] [uvdrobot]: And it is not for me
[uvdrobot-4] [INFO] [1748621137.896977023] [uvdrobot]: I heard: "{"performative": "query", "sender": "spotrobot1", "receiver": "nurse_disinfected1", "content": "Done|a_authenticate_nurse"}"
[spotrobot-5] [INFO] [1748621137.897006007] [spotrobot]: Doing a_authorize_patrol
[nurse_disinfect-3] [INFO] [1748621137.897162601] [nurse_disinfect]: I heard: "{"performative": "query", "sender": "spotrobot1", "receiver": "nurse_disinfected1", "content": "Done|a_authenticate_nurse"}"
[uvdrobot-4] [INFO] [1748621137.897290669] [uvdrobot]: And it is not for me
[spotrobot-5] [INFO] [1748621137.897334095] [spotrobot]: a_authorize_patrol
[nurse_disinfect-3] [INFO] [1748621137.897495134] [nurse_disinfect]: And it is for me
[spotrobot-5] [INFO] [1748621137.897684615] [spotrobot]: Here first, waiting for nurse
[nurse_disinfect-3] [INFO] [1748621137.897758064] [nurse_disinfect]: Finished action
[nurse_disinfect-3] [INFO] [1748621137.898247134] [nurse_disinfect]: a_authorize_patrol
[uvdrobot-4] [INFO] [1748621137.898453681] [uvdrobot]: I heard: "{"performative": "query", "sender": "spotrobot1", "receiver": "nurse_disinfected1", "content": "Ready|a_authorize_patrol"}"
[nurse_disinfect-3] [INFO] [1748621137.898567238] [nurse_disinfect]: Doing a_authorize_patrol
[spotrobot-5] [INFO] [1748621137.898628090] [spotrobot]: I heard: "{"performative": "query", "sender": "spotrobot1", "receiver": "nurse_disinfected1", "content": "Done|a_authenticate_nurse"}"
[nurse_disinfect-3] [INFO] [1748621137.898864796] [nurse_disinfect]: a_authorize_patrol
[uvdrobot-4] [INFO] [1748621137.898967702] [uvdrobot]: And it is not for me
[spotrobot-5] [INFO] [1748621137.899118368] [spotrobot]: And it is not for me
[nurse_disinfect-3] [INFO] [1748621137.899140558] [nurse_disinfect]: Here first, waiting for robot
[uvdrobot-4] [INFO] [1748621137.899768912] [uvdrobot]: I heard: "{"performative": "query", "sender": "nurse_disinfected1", "receiver": "spotrobot1", "content": "Done|a_authenticate_nurse"}"
[nurse_disinfect-3] [INFO] [1748621137.899851856] [nurse_disinfect]: I heard: "{"performative": "query", "sender": "spotrobot1", "receiver": "nurse_disinfected1", "content": "Ready|a_authorize_patrol"}"
[spotrobot-5] [INFO] [1748621137.899971277] [spotrobot]: I heard: "{"performative": "query", "sender": "spotrobot1", "receiver": "nurse_disinfected1", "content": "Ready|a_authorize_patrol"}"
[nurse_disinfect-3] [INFO] [1748621137.900120327] [nurse_disinfect]: And it is for me
[uvdrobot-4] [INFO] [1748621137.900235642] [uvdrobot]: And it is not for me
[nurse_disinfect-3] [INFO] [1748621137.900384801] [nurse_disinfect]: Ready to act
[spotrobot-5] [INFO] [1748621137.900469800] [spotrobot]: And it is not for me
[nurse_disinfect-3] [INFO] [1748621137.901105524] [nurse_disinfect]: I heard: "{"performative": "query", "sender": "nurse_disinfected1", "receiver": "spotrobot1", "content": "Done|a_authenticate_nurse"}"
[uvdrobot-4] [INFO] [1748621137.901106165] [uvdrobot]: I heard: "{"performative": "query", "sender": "nurse_disinfected1", "receiver": "spotrobot1", "content": "Ready|a_authorize_patrol"}"
[spotrobot-5] [INFO] [1748621137.901299676] [spotrobot]: I heard: "{"performative": "query", "sender": "nurse_disinfected1", "receiver": "spotrobot1", "content": "Done|a_authenticate_nurse"}"
[nurse_disinfect-3] [INFO] [1748621137.901375979] [nurse_disinfect]: And it is not for me
[uvdrobot-4] [INFO] [1748621137.901545268] [uvdrobot]: And it is not for me
[spotrobot-5] [INFO] [1748621137.901755391] [spotrobot]: And it is for me
[nurse_disinfect-3] [INFO] [1748621137.901975073] [nurse_disinfect]: I heard: "{"performative": "query", "sender": "nurse_disinfected1", "receiver": "spotrobot1", "content": "Ready|a_authorize_patrol"}"
[spotrobot-5] [INFO] [1748621137.902320493] [spotrobot]: Already finished action
[uvdrobot-4] [INFO] [1748621137.902381836] [uvdrobot]: I heard: "{"performative": "query", "sender": "nurse_disinfected1", "receiver": "spotrobot1", "content": "Done|a_authorize_patrol"}"
[nurse_disinfect-3] [INFO] [1748621137.902411687] [nurse_disinfect]: And it is not for me
[uvdrobot-4] [INFO] [1748621137.902923803] [uvdrobot]: And it is not for me
[nurse_disinfect-3] [INFO] [1748621137.903144062] [nurse_disinfect]: I heard: "{"performative": "query", "sender": "nurse_disinfected1", "receiver": "spotrobot1", "content": "Done|a_authorize_patrol"}"
[spotrobot-5] [INFO] [1748621137.903198774] [spotrobot]: I heard: "{"performative": "query", "sender": "nurse_disinfected1", "receiver": "spotrobot1", "content": "Ready|a_authorize_patrol"}"
[nurse_disinfect-3] [INFO] [1748621137.903488387] [nurse_disinfect]: And it is not for me
[spotrobot-5] [INFO] [1748621137.903685617] [spotrobot]: And it is for me
[spotrobot-5] [INFO] [1748621137.904204683] [spotrobot]: Ready to act
[nurse_disinfect-3] [INFO] [1748621137.904826520] [nurse_disinfect]: I heard: "{"performative": "query", "sender": "spotrobot1", "receiver": "nurse_disinfected1", "content": "Done|a_authorize_patrol"}"
[uvdrobot-4] [INFO] [1748621137.905092093] [uvdrobot]: I heard: "{"performative": "query", "sender": "spotrobot1", "receiver": "nurse_disinfected1", "content": "Done|a_authorize_patrol"}"
[nurse_disinfect-3] [INFO] [1748621137.905154523] [nurse_disinfect]: And it is for me
[spotrobot-5] [INFO] [1748621137.905197714] [spotrobot]: I heard: "{"performative": "query", "sender": "nurse_disinfected1", "receiver": "spotrobot1", "content": "Done|a_authorize_patrol"}"
[nurse_disinfect-3] [INFO] [1748621137.905409348] [nurse_disinfect]: Finished action
[uvdrobot-4] [INFO] [1748621137.905577953] [uvdrobot]: And it is not for me
[spotrobot-5] [INFO] [1748621137.905636677] [spotrobot]: And it is for me
[nurse_disinfect-3] [INFO] [1748621137.906066365] [nurse_disinfect]: I heard: "{"performative": "query", "sender": "nurse_disinfected1", "receiver": "spotrobot1", "content": "Done|a_authorize_patrol"}"
[spotrobot-5] [INFO] [1748621137.906145130] [spotrobot]: Finished action
[uvdrobot-4] [INFO] [1748621137.906430273] [uvdrobot]: I heard: "{"performative": "query", "sender": "nurse_disinfected1", "receiver": "spotrobot1", "content": "Done|a_authorize_patrol"}"
[nurse_disinfect-3] [INFO] [1748621137.906435856] [nurse_disinfect]: And it is not for me
[spotrobot-5] [INFO] [1748621137.906746133] [spotrobot]: Doing a_patrol_room
[uvdrobot-4] [INFO] [1748621137.906916358] [uvdrobot]: And it is not for me
[nurse_disinfect-3] [INFO] [1748621137.907024665] [nurse_disinfect]: I heard: "{"performative": "query", "sender": "spotrobot1", "receiver": "nurse_disinfected1", "content": "Done|a_authorize_patrol"}"
[spotrobot-5] [INFO] [1748621137.907354137] [spotrobot]: Wating for response
[nurse_disinfect-3] [INFO] [1748621137.907488082] [nurse_disinfect]: And it is for me
[nurse_disinfect-3] [INFO] [1748621137.907774747] [nurse_disinfect]: Already finished action
[uvdrobot-4] [INFO] [1748621137.907814068] [uvdrobot]: I heard: "{"performative": "query", "sender": "spotrobot1", "receiver": "nurse_disinfected1", "content": "Done|a_authorize_patrol"}"
[spotrobot-5] [INFO] [1748621137.908113672] [spotrobot]: I heard: "{"performative": "query", "sender": "spotrobot1", "receiver": "nurse_disinfected1", "content": "Done|a_authorize_patrol"}"
[uvdrobot-4] [INFO] [1748621137.908317467] [uvdrobot]: And it is not for me
[spotrobot-5] [INFO] [1748621137.908612326] [spotrobot]: And it is not for me
[spotrobot-5] [INFO] [1748621137.909449783] [spotrobot]: I heard: "{"performative": "query", "sender": "nurse_disinfected1", "receiver": "spotrobot1", "content": "Done|a_authorize_patrol"}"
[spotrobot-5] [INFO] [1748621137.909963954] [spotrobot]: And it is for me
[spotrobot-5] [INFO] [1748621137.910410292] [spotrobot]: Already finished action
[spotrobot-5] [INFO] [1748621137.910959391] [spotrobot]: I heard: "{"performative": "query", "sender": "spotrobot1", "receiver": "nurse_disinfected1", "content": "Done|a_authorize_patrol"}"
[spotrobot-5] [INFO] [1748621137.911317267] [spotrobot]: And it is not for me
[spotrobot-5] [INFO] [1748621137.912506144] [spotrobot]: success
[spotrobot-5] [INFO] [1748621137.912918855] [spotrobot]: Doing a_authorize_disinfect
[spotrobot-5] [INFO] [1748621137.913450733] [spotrobot]: a_authorize_disinfect
[spotrobot-5] [INFO] [1748621137.913771829] [spotrobot]: Here first, waiting for spotrobot
[nurse_disinfect-3] [INFO] [1748621137.914566186] [nurse_disinfect]: I heard: "{"performative": "query", "sender": "spotrobot1", "receiver": "uvdrobot1", "content": "Ready|a_authorize_disinfect"}"
[spotrobot-5] [INFO] [1748621137.914689315] [spotrobot]: I heard: "{"performative": "query", "sender": "spotrobot1", "receiver": "uvdrobot1", "content": "Ready|a_authorize_disinfect"}"
[uvdrobot-4] [INFO] [1748621137.914755252] [uvdrobot]: I heard: "{"performative": "query", "sender": "spotrobot1", "receiver": "uvdrobot1", "content": "Ready|a_authorize_disinfect"}"
[nurse_disinfect-3] [INFO] [1748621137.914897567] [nurse_disinfect]: And it is not for me
[spotrobot-5] [INFO] [1748621137.915167042] [spotrobot]: And it is not for me
[uvdrobot-4] [INFO] [1748621137.915263190] [uvdrobot]: And it is for me
[uvdrobot-4] [INFO] [1748621137.915732635] [uvdrobot]: Ready to act
[nurse_disinfect-3] [INFO] [1748621137.916336300] [nurse_disinfect]: I heard: "{"performative": "query", "sender": "uvdrobot1", "receiver": "spotrobot1", "content": "Done|a_authorize_disinfect"}"
[spotrobot-5] [INFO] [1748621137.916608657] [spotrobot]: I heard: "{"performative": "query", "sender": "uvdrobot1", "receiver": "spotrobot1", "content": "Done|a_authorize_disinfect"}"
[nurse_disinfect-3] [INFO] [1748621137.916617648] [nurse_disinfect]: And it is not for me
[uvdrobot-4] [INFO] [1748621137.916711824] [uvdrobot]: I heard: "{"performative": "query", "sender": "uvdrobot1", "receiver": "spotrobot1", "content": "Done|a_authorize_disinfect"}"
[spotrobot-5] [INFO] [1748621137.917128340] [spotrobot]: And it is for me
[uvdrobot-4] [INFO] [1748621137.917195270] [uvdrobot]: And it is not for me
[spotrobot-5] [INFO] [1748621137.917631178] [spotrobot]: Finished action
[nurse_disinfect-3] [INFO] [1748621137.918395962] [nurse_disinfect]: I heard: "{"performative": "query", "sender": "spotrobot1", "receiver": "uvdrobot1", "content": "Done|a_authorize_disinfect"}"
[uvdrobot-4] [INFO] [1748621137.918516257] [uvdrobot]: I heard: "{"performative": "query", "sender": "spotrobot1", "receiver": "uvdrobot1", "content": "Done|a_authorize_disinfect"}"
[spotrobot-5] [INFO] [1748621137.918587997] [spotrobot]: I heard: "{"performative": "query", "sender": "spotrobot1", "receiver": "uvdrobot1", "content": "Done|a_authorize_disinfect"}"
[uvdrobot-4] [INFO] [1748621137.918799552] [uvdrobot]: And it is for me
[nurse_disinfect-3] [INFO] [1748621137.918987953] [nurse_disinfect]: And it is not for me
[uvdrobot-4] [INFO] [1748621137.919057064] [uvdrobot]: Finished action
[spotrobot-5] [INFO] [1748621137.919121007] [spotrobot]: And it is not for me
[uvdrobot-4] [INFO] [1748621137.919516626] [uvdrobot]: Doing a_navto
[nurse_disinfect-3] [INFO] [1748621137.919606373] [nurse_disinfect]: I heard: "{"performative": "query", "sender": "uvdrobot1", "receiver": "spotrobot1", "content": "Done|a_authorize_disinfect"}"
[spotrobot-5] [INFO] [1748621137.920006308] [spotrobot]: I heard: "{"performative": "query", "sender": "uvdrobot1", "receiver": "spotrobot1", "content": "Done|a_authorize_disinfect"}"
[nurse_disinfect-3] [INFO] [1748621137.920130044] [nurse_disinfect]: And it is not for me
[uvdrobot-4] [INFO] [1748621137.920176197] [uvdrobot]: Waiting for response
[spotrobot-5] [INFO] [1748621137.920590474] [spotrobot]: And it is for me
[uvdrobot-4] [INFO] [1748621137.920730107] [uvdrobot]: I heard: "{"performative": "query", "sender": "uvdrobot1", "receiver": "spotrobot1", "content": "Done|a_authorize_disinfect"}"
[spotrobot-5] [INFO] [1748621137.921128951] [spotrobot]: Already finished action
[uvdrobot-4] [INFO] [1748621137.921191793] [uvdrobot]: And it is not for me
[uvdrobot-4] [INFO] [1748621137.921963962] [uvdrobot]: success
[uvdrobot-4] [INFO] [1748621137.922355381] [uvdrobot]: Doing a_disinfect_room
[uvdrobot-4] [INFO] [1748621137.922829262] [uvdrobot]: Waiting for response
[uvdrobot-4] [INFO] [1748621137.923687721] [uvdrobot]: success
[uvdrobot-4] [INFO] [1748621137.926657978] [uvdrobot]: Recebido sinal de desligamento do coordenador, finalizando...
[spotrobot-5] [INFO] [1748621137.926777310] [spotrobot]: Recebido sinal de desligamento do coordenador, finalizando...
[disinfect_environment-1] [INFO] [1748621137.926832805] [disinfect_environment]: Recebido sinal de desligamento do coordenador, finalizando...
[nurse_disinfect-3] [INFO] [1748621137.926901568] [nurse_disinfect]: Recebido sinal de desligamento do coordenador, finalizando...
[disinfect_environment-1] [INFO] [1748621137.927166966] [Quitting]: Done
[disinfect_planner-2] [INFO] [1748621137.927164965] [disinfect_planner]: Recebido sinal de desligamento do coordenador, finalizando...
[uvdrobot-4] [INFO] [1748621137.927254368] [Quitting]: Done
[spotrobot-5] [INFO] [1748621137.927318707] [Quitting]: Done
[nurse_disinfect-3] [INFO] [1748621137.927609862] [Quitting]: Done
[disinfect_planner-2] [INFO] [1748621137.927850417] [Quitting]: Done
[INFO] [disinfect_environment-1]: process has finished cleanly [pid 35351]
[INFO] [uvdrobot-4]: process has finished cleanly [pid 35357]
[INFO] [spotrobot-5]: process has finished cleanly [pid 35359]
[INFO] [nurse_disinfect-3]: process has finished cleanly [pid 35355]
[INFO] [disinfect_planner-2]: process has finished cleanly [pid 35353]
