[INFO] [launch]: All log files can be found below /home/rafael/.ros/log/2025-05-29-22-42-46-317862-NotebookRafael-118407
[INFO] [launch]: Default logging verbosity is set to INFO
[INFO] [disinfect_coordinator-1]: process started with pid [118409]
[disinfect_coordinator-1] [INFO] [1748569367.314606651] [disinfect_coordinator]: spin
[disinfect_coordinator-1] [INFO] [1748569367.315573017] [disinfect_coordinator]: Received: Performative=request, Sender=spotrobot, Receiver=Coordinator, Content=Register
[disinfect_coordinator-1] [INFO] [1748569367.315906498] [disinfect_coordinator]: Current Spotrobots: spotrobot1 - 1
[disinfect_coordinator-1] [INFO] [1748569367.316204844] [disinfect_coordinator]: Response: spotrobot1
[disinfect_coordinator-1] [INFO] [1748569367.317075658] [disinfect_coordinator]: Received: Performative=request, Sender=nurse_disinfected, Receiver=Coordinator, Content=Register
[disinfect_coordinator-1] [INFO] [1748569367.317370022] [disinfect_coordinator]: Current nurses: nurse_disinfected1 - 1
[disinfect_coordinator-1] [INFO] [1748569367.317651151] [disinfect_coordinator]: Response: nurse_disinfected1
[disinfect_coordinator-1] [INFO] [1748569367.318430689] [disinfect_coordinator]: Received: Performative=request, Sender=uvdrobot, Receiver=Coordinator, Content=Register
[disinfect_coordinator-1] [INFO] [1748569367.318719976] [disinfect_coordinator]: Current uvdrobots: uvdrobot1 - 1
[disinfect_coordinator-1] [INFO] [1748569367.319034106] [disinfect_coordinator]: Response: uvdrobot1
[disinfect_coordinator-1] [INFO] [1748569367.319736054] [disinfect_coordinator]: context: nurse_disinfected1 room1 spotrobot1 uvdrobot1
[disinfect_coordinator-1] [INFO] [1748569367.320027687] [disinfect_coordinator]: Starting mission with context: ('nurse_disinfected1', 'room1', 'spotrobot1', 'uvdrobot1')
[disinfect_coordinator-1] [INFO] [1748569367.320346681] [disinfect_coordinator]: Creating plan for: spotrobot1,uvdrobot1,nurse_disinfected1 
[disinfect_coordinator-1] [INFO] [1748569367.325856036] [disinfect_coordinator]: Plan received for: spotrobot1,uvdrobot1,nurse_disinfected1 
[disinfect_coordinator-1] [INFO] [1748569367.326162853] [disinfect_coordinator]: a_navto,spotrobot1,room1/a_open_door,spotrobot1,room1/a_approach_nurse,spotrobot1,nurse_disinfected1/a_authenticate_nurse,spotrobot1,nurse_disinfected1/a_authorize_patrol,spotrobot1,nurse_disinfected1/a_patrol_room,spotrobot1,room1/a_authorize_disinfect,uvdrobot1,spotrobot1/a_navto,uvdrobot1,room1/a_disinfect_room,uvdrobot1,room1
[disinfect_coordinator-1] [INFO] [1748569367.326525802] [disinfect_coordinator]: Sending plans
[disinfect_coordinator-1] [INFO] [1748569367.327240379] [disinfect_coordinator]: Plans sent
[disinfect_coordinator-1] [INFO] [1748569368.340758738] [disinfect_coordinator]: Received: Performative=inform, Sender=nurse_disinfected1, Receiver=Coordinator, Content=infectedRoom
[disinfect_coordinator-1] [INFO] [1748569368.362422930] [disinfect_coordinator]: Received: Performative=inform, Sender=spotrobot1, Receiver=Coordinator, Content=ERROR|dirty_room,room1
[disinfect_coordinator-1] [INFO] [1748569368.362987561] [disinfect_coordinator]: Sending reset requests...
[disinfect_coordinator-1] [INFO] [1748569368.363930142] [disinfect_coordinator]: Reset requests sent.
[disinfect_coordinator-1] [INFO] [1748569368.365571765] [disinfect_coordinator]: Error found
[disinfect_coordinator-1] [INFO] [1748569368.366083493] [disinfect_coordinator]: Updating uncleaned room: room1
[disinfect_coordinator-1] [INFO] [1748569368.367180481] [disinfect_coordinator]: success
[disinfect_coordinator-1] [INFO] [1748569368.367653716] [disinfect_coordinator]: Creating new plan for: spotrobot1,uvdrobot1,nurse_disinfected1 
[disinfect_coordinator-1] [INFO] [1748569368.372553093] [disinfect_coordinator]: Plan received for: spotrobot1,uvdrobot1,nurse_disinfected1 
[disinfect_coordinator-1] [INFO] [1748569368.372875877] [disinfect_coordinator]: a_navto,spotrobot1,room1/a_approach_nurse,spotrobot1,nurse_disinfected1/a_authenticate_nurse,spotrobot1,nurse_disinfected1/a_clean_room,nurse_disinfected1,room1/a_authorize_patrol,spotrobot1,nurse_disinfected1/a_patrol_room,spotrobot1,room1/a_authorize_disinfect,uvdrobot1,spotrobot1/a_navto,uvdrobot1,room1/a_disinfect_room,uvdrobot1,room1
[disinfect_coordinator-1] [INFO] [1748569368.373187156] [disinfect_coordinator]: Sending plans
[disinfect_coordinator-1] [INFO] [1748569368.373923503] [disinfect_coordinator]: Plans sent
[disinfect_coordinator-1] [INFO] [1748569368.407781239] [disinfect_coordinator]: Freeing agent: spotrobot1
[disinfect_coordinator-1] [INFO] [1748569368.408106387] [disinfect_coordinator]: Freeing agent: uvdrobot1
[disinfect_coordinator-1] [INFO] [1748569368.408410418] [disinfect_coordinator]: Freeing agent: nurse_disinfected1
[disinfect_coordinator-1] [INFO] [1748569368.408815639] [disinfect_coordinator]: Mission Completed
[disinfect_coordinator-1] [INFO] [1748569368.409117517] [disinfect_coordinator]: Ending simulation
[disinfect_coordinator-1] [INFO] [1748569368.409585474] [Quitting]: Done
[disinfect_coordinator-1] [INFO] [1748569368.409881751] [disinfect_coordinator]: stop spin
[INFO] [disinfect_coordinator-1]: process has finished cleanly [pid 118409]
