[INFO] [launch]: All log files can be found below /home/rafael/.ros/log/2025-05-29-09-11-45-905387-NotebookRafael-11643
[INFO] [launch]: Default logging verbosity is set to INFO
[INFO] [disinfect_environment-1]: process started with pid [11646]
[INFO] [disinfect_planner-2]: process started with pid [11648]
[INFO] [nurse_disinfect-3]: process started with pid [11650]
[INFO] [uvdrobot-4]: process started with pid [11652]
[INFO] [spotrobot-5]: process started with pid [11654]
[disinfect_environment-1] [INFO] [1748520706.159599020] [disinfect_environment]: Starting Environment server
[disinfect_environment-1] [INFO] [1748520706.163628381] [disinfect_environment]: Environment server started
[disinfect_planner-2] [INFO] [1748520706.694894160] [disinfect_planner]: Starting Planner server
[disinfect_planner-2] [INFO] [1748520706.699084545] [disinfect_planner]: Planner server started
[disinfect_planner-2] [INFO] [1748520706.899277496] [disinfect_planner]: Creating plan for: spotrobot1 uvdrobot1 nurse_disinfected1
[disinfect_planner-2] [INFO] [1748520706.901046368] [disinfect_planner]: a_navto,spotrobot1,room1
[disinfect_planner-2] [INFO] [1748520706.901365854] [disinfect_planner]: a_open_door,spotrobot1,room1
[disinfect_planner-2] [INFO] [1748520706.901702997] [disinfect_planner]: a_approach_nurse,spotrobot1,nurse_disinfected1
[disinfect_planner-2] [INFO] [1748520706.902013942] [disinfect_planner]: a_authenticate_nurse,spotrobot1,nurse_disinfected1
[disinfect_planner-2] [INFO] [1748520706.902316666] [disinfect_planner]: a_authorize_patrol,spotrobot1,nurse_disinfected1
[disinfect_planner-2] [INFO] [1748520706.902630578] [disinfect_planner]: a_patrol_room,spotrobot1,room1
[disinfect_planner-2] [INFO] [1748520706.902932495] [disinfect_planner]: a_authorize_disinfect,uvdrobot1,spotrobot1
[disinfect_planner-2] [INFO] [1748520706.903230336] [disinfect_planner]: a_navto,uvdrobot1,room1
[disinfect_planner-2] [INFO] [1748520706.903622161] [disinfect_planner]: a_disinfect_room,uvdrobot1,room1
[disinfect_planner-2] [INFO] [1748520706.903979364] [disinfect_planner]: Sending response
[spotrobot-5] [INFO] [1748520706.905614726] [spotrobot]: response.response spotrobot1
[nurse_disinfect-3] [INFO] [1748520706.905966160] [nurse_disinfect]: response.response nurse_disinfected1
[spotrobot-5] [INFO] [1748520706.905987523] [spotrobot]: My name is spotrobot1
[nurse_disinfect-3] [INFO] [1748520706.906662188] [nurse_disinfect]: My name is nurse_disinfected1
[spotrobot-5] [INFO] [1748520706.906666362] [spotrobot]: I heard: "{"performative": "request", "sender": "Coordinator", "receiver": "uvdrobot1", "content": "Plan|a_authorize_disinfect,uvdrobot1,spotrobot1/a_navto,uvdrobot1,room1/a_disinfect_room,uvdrobot1,room1"}"
[spotrobot-5] [INFO] [1748520706.906989623] [spotrobot]: And it is not for me
[uvdrobot-4] [INFO] [1748520706.907485394] [uvdrobot]: response.response uvdrobot1
[spotrobot-5] [INFO] [1748520706.907930765] [spotrobot]: I heard: "{"performative": "request", "sender": "Coordinator", "receiver": "spotrobot1", "content": "Plan|a_navto,spotrobot1,room1/a_open_door,spotrobot1,room1/a_approach_nurse,spotrobot1,nurse_disinfected1/a_authenticate_nurse,spotrobot1,nurse_disinfected1/a_authorize_patrol,spotrobot1,nurse_disinfected1/a_patrol_room,spotrobot1,room1/a_authorize_disinfect,uvdrobot1,spotrobot1"}"
[uvdrobot-4] [INFO] [1748520706.908078351] [uvdrobot]: My name is uvdrobot1
[spotrobot-5] [INFO] [1748520706.908433288] [spotrobot]: And it is for me
[uvdrobot-4] [INFO] [1748520706.909074623] [uvdrobot]: I heard: "{"performative": "request", "sender": "Coordinator", "receiver": "uvdrobot1", "content": "Plan|a_authorize_disinfect,uvdrobot1,spotrobot1/a_navto,uvdrobot1,room1/a_disinfect_room,uvdrobot1,room1"}"
[spotrobot-5] [INFO] [1748520706.909142421] [spotrobot]: Doing a_navto
[uvdrobot-4] [INFO] [1748520706.909607431] [uvdrobot]: And it is for me
[spotrobot-5] [INFO] [1748520706.909731302] [spotrobot]: Wating for response
[uvdrobot-4] [INFO] [1748520706.910248310] [uvdrobot]: Doing a_authorize_disinfect
[spotrobot-5] [INFO] [1748520706.910512492] [spotrobot]: I heard: "{"performative": "request", "sender": "Coordinator", "receiver": "nurse_disinfected1", "content": "Plan|a_approach_nurse,spotrobot1,nurse_disinfected1/a_authenticate_nurse,spotrobot1,nurse_disinfected1/a_authorize_patrol,spotrobot1,nurse_disinfected1"}"
[uvdrobot-4] [INFO] [1748520706.910748975] [uvdrobot]: a_authorize_disinfect
[spotrobot-5] [INFO] [1748520706.911044804] [spotrobot]: And it is not for me
[uvdrobot-4] [INFO] [1748520706.911238444] [uvdrobot]: Here first, waiting for spotrobot
[spotrobot-5] [INFO] [1748520706.912181435] [spotrobot]: I heard: "{"performative": "query", "sender": "uvdrobot1", "receiver": "spotrobot1", "content": "Ready|a_authorize_disinfect"}"
[uvdrobot-4] [INFO] [1748520706.912318544] [uvdrobot]: I heard: "{"performative": "request", "sender": "Coordinator", "receiver": "spotrobot1", "content": "Plan|a_navto,spotrobot1,room1/a_open_door,spotrobot1,room1/a_approach_nurse,spotrobot1,nurse_disinfected1/a_authenticate_nurse,spotrobot1,nurse_disinfected1/a_authorize_patrol,spotrobot1,nurse_disinfected1/a_patrol_room,spotrobot1,room1/a_authorize_disinfect,uvdrobot1,spotrobot1"}"
[spotrobot-5] [INFO] [1748520706.912674561] [spotrobot]: And it is for me
[uvdrobot-4] [INFO] [1748520706.912773526] [uvdrobot]: And it is not for me
[spotrobot-5] [INFO] [1748520706.913183962] [spotrobot]: No there yet
[uvdrobot-4] [INFO] [1748520706.913421506] [uvdrobot]: I heard: "{"performative": "query", "sender": "uvdrobot1", "receiver": "spotrobot1", "content": "Ready|a_authorize_disinfect"}"
[spotrobot-5] [INFO] [1748520706.913796172] [spotrobot]: success
[uvdrobot-4] [INFO] [1748520706.913926442] [uvdrobot]: And it is not for me
[spotrobot-5] [INFO] [1748520706.914380112] [spotrobot]: Doing a_open_door
[uvdrobot-4] [INFO] [1748520706.914838049] [uvdrobot]: I heard: "{"performative": "request", "sender": "Coordinator", "receiver": "nurse_disinfected1", "content": "Plan|a_approach_nurse,spotrobot1,nurse_disinfected1/a_authenticate_nurse,spotrobot1,nurse_disinfected1/a_authorize_patrol,spotrobot1,nurse_disinfected1"}"
[spotrobot-5] [INFO] [1748520706.915057121] [spotrobot]: Wating for response
[uvdrobot-4] [INFO] [1748520706.915365069] [uvdrobot]: And it is not for me
[spotrobot-5] [INFO] [1748520706.917434039] [spotrobot]: success
[spotrobot-5] [INFO] [1748520706.918022463] [spotrobot]: Doing a_approach_nurse
[spotrobot-5] [INFO] [1748520706.918702606] [spotrobot]: Wating for response
[spotrobot-5] [INFO] [1748520706.919991261] [spotrobot]: success
[spotrobot-5] [INFO] [1748520706.920540646] [spotrobot]: Doing a_authenticate_nurse
[spotrobot-5] [INFO] [1748520706.921095021] [spotrobot]: a_authenticate_nurse
[spotrobot-5] [INFO] [1748520706.921657821] [spotrobot]: Here first, waiting for nurse
[uvdrobot-4] [INFO] [1748520706.922354618] [uvdrobot]: I heard: "{"performative": "query", "sender": "spotrobot1", "receiver": "nurse_disinfected1", "content": "Ready|a_authenticate_nurse"}"
[spotrobot-5] [INFO] [1748520706.922531653] [spotrobot]: I heard: "{"performative": "query", "sender": "spotrobot1", "receiver": "nurse_disinfected1", "content": "Ready|a_authenticate_nurse"}"
[uvdrobot-4] [INFO] [1748520706.923195939] [uvdrobot]: And it is not for me
[spotrobot-5] [INFO] [1748520706.923341220] [spotrobot]: And it is not for me
[nurse_disinfect-3] [INFO] [1748520707.908847898] [nurse_disinfect]: I heard: "{"performative": "request", "sender": "Coordinator", "receiver": "uvdrobot1", "content": "Plan|a_authorize_disinfect,uvdrobot1,spotrobot1/a_navto,uvdrobot1,room1/a_disinfect_room,uvdrobot1,room1"}"
[nurse_disinfect-3] [INFO] [1748520707.909259433] [nurse_disinfect]: And it is not for me
[nurse_disinfect-3] [INFO] [1748520707.909741079] [nurse_disinfect]: I heard: "{"performative": "query", "sender": "uvdrobot1", "receiver": "spotrobot1", "content": "Ready|a_authorize_disinfect"}"
[nurse_disinfect-3] [INFO] [1748520707.910083223] [nurse_disinfect]: And it is not for me
[nurse_disinfect-3] [INFO] [1748520707.910721095] [nurse_disinfect]: I heard: "{"performative": "request", "sender": "Coordinator", "receiver": "spotrobot1", "content": "Plan|a_navto,spotrobot1,room1/a_open_door,spotrobot1,room1/a_approach_nurse,spotrobot1,nurse_disinfected1/a_authenticate_nurse,spotrobot1,nurse_disinfected1/a_authorize_patrol,spotrobot1,nurse_disinfected1/a_patrol_room,spotrobot1,room1/a_authorize_disinfect,uvdrobot1,spotrobot1"}"
[nurse_disinfect-3] [INFO] [1748520707.911049123] [nurse_disinfect]: And it is not for me
[nurse_disinfect-3] [INFO] [1748520707.911427407] [nurse_disinfect]: I heard: "{"performative": "query", "sender": "spotrobot1", "receiver": "nurse_disinfected1", "content": "Ready|a_authenticate_nurse"}"
[nurse_disinfect-3] [INFO] [1748520707.911753771] [nurse_disinfect]: And it is for me
[nurse_disinfect-3] [INFO] [1748520707.912070679] [nurse_disinfect]: No there yet
[nurse_disinfect-3] [INFO] [1748520707.912641845] [nurse_disinfect]: I heard: "{"performative": "request", "sender": "Coordinator", "receiver": "nurse_disinfected1", "content": "Plan|a_approach_nurse,spotrobot1,nurse_disinfected1/a_authenticate_nurse,spotrobot1,nurse_disinfected1/a_authorize_patrol,spotrobot1,nurse_disinfected1"}"
[nurse_disinfect-3] [INFO] [1748520707.912964833] [nurse_disinfect]: And it is for me
[nurse_disinfect-3] [INFO] [1748520707.914380277] [nurse_disinfect]: a_approach_nurse
[nurse_disinfect-3] [INFO] [1748520707.914759018] [nurse_disinfect]: a_authenticate_nurse
[nurse_disinfect-3] [INFO] [1748520707.915137817] [nurse_disinfect]: Doing a_authenticate_nurse
[nurse_disinfect-3] [INFO] [1748520707.915458403] [nurse_disinfect]: a_authenticate_nurse
[nurse_disinfect-3] [INFO] [1748520707.915785623] [nurse_disinfect]: Robot is waiting, send action message
[nurse_disinfect-3] [INFO] [1748520707.916508141] [nurse_disinfect]: I heard: "{"performative": "query", "sender": "nurse_disinfected1", "receiver": "spotrobot1", "content": "Done|a_authenticate_nurse"}"
[uvdrobot-4] [INFO] [1748520707.916509506] [uvdrobot]: I heard: "{"performative": "query", "sender": "nurse_disinfected1", "receiver": "spotrobot1", "content": "Done|a_authenticate_nurse"}"
[spotrobot-5] [INFO] [1748520707.916701860] [spotrobot]: I heard: "{"performative": "query", "sender": "nurse_disinfected1", "receiver": "spotrobot1", "content": "Done|a_authenticate_nurse"}"
[uvdrobot-4] [INFO] [1748520707.916884132] [uvdrobot]: And it is not for me
[nurse_disinfect-3] [INFO] [1748520707.917127784] [nurse_disinfect]: And it is not for me
[spotrobot-5] [INFO] [1748520707.917318642] [spotrobot]: And it is for me
[spotrobot-5] [INFO] [1748520707.917855137] [spotrobot]: Finished action
[uvdrobot-4] [INFO] [1748520707.918500482] [uvdrobot]: I heard: "{"performative": "query", "sender": "spotrobot1", "receiver": "nurse_disinfected1", "content": "Done|a_authenticate_nurse"}"
[spotrobot-5] [INFO] [1748520707.918641297] [spotrobot]: Doing a_authorize_patrol
[nurse_disinfect-3] [INFO] [1748520707.918695125] [nurse_disinfect]: I heard: "{"performative": "query", "sender": "spotrobot1", "receiver": "nurse_disinfected1", "content": "Done|a_authenticate_nurse"}"
[uvdrobot-4] [INFO] [1748520707.918844765] [uvdrobot]: And it is not for me
[nurse_disinfect-3] [INFO] [1748520707.919047891] [nurse_disinfect]: And it is for me
[spotrobot-5] [INFO] [1748520707.919212580] [spotrobot]: a_authorize_patrol
[nurse_disinfect-3] [INFO] [1748520707.919326149] [nurse_disinfect]: Finished action
[spotrobot-5] [INFO] [1748520707.919740855] [spotrobot]: Here first, waiting for nurse
[nurse_disinfect-3] [INFO] [1748520707.919830783] [nurse_disinfect]: a_authorize_patrol
[uvdrobot-4] [INFO] [1748520707.919917638] [uvdrobot]: I heard: "{"performative": "query", "sender": "nurse_disinfected1", "receiver": "spotrobot1", "content": "Done|a_authenticate_nurse"}"
[nurse_disinfect-3] [INFO] [1748520707.920174182] [nurse_disinfect]: Doing a_authorize_patrol
[uvdrobot-4] [INFO] [1748520707.920337228] [uvdrobot]: And it is not for me
[nurse_disinfect-3] [INFO] [1748520707.920449423] [nurse_disinfect]: a_authorize_patrol
[nurse_disinfect-3] [INFO] [1748520707.920792004] [nurse_disinfect]: Here first, waiting for robot
[spotrobot-5] [INFO] [1748520707.920816412] [spotrobot]: I heard: "{"performative": "query", "sender": "spotrobot1", "receiver": "nurse_disinfected1", "content": "Done|a_authenticate_nurse"}"
[uvdrobot-4] [INFO] [1748520707.921090498] [uvdrobot]: I heard: "{"performative": "query", "sender": "spotrobot1", "receiver": "nurse_disinfected1", "content": "Ready|a_authorize_patrol"}"
[spotrobot-5] [INFO] [1748520707.921357664] [spotrobot]: And it is not for me
[uvdrobot-4] [INFO] [1748520707.921390284] [uvdrobot]: And it is not for me
[nurse_disinfect-3] [INFO] [1748520707.921561598] [nurse_disinfect]: I heard: "{"performative": "query", "sender": "nurse_disinfected1", "receiver": "spotrobot1", "content": "Done|a_authenticate_nurse"}"
[uvdrobot-4] [INFO] [1748520707.922152591] [uvdrobot]: I heard: "{"performative": "query", "sender": "nurse_disinfected1", "receiver": "spotrobot1", "content": "Ready|a_authorize_patrol"}"
[nurse_disinfect-3] [INFO] [1748520707.922217108] [nurse_disinfect]: And it is not for me
[spotrobot-5] [INFO] [1748520707.922482047] [spotrobot]: I heard: "{"performative": "query", "sender": "nurse_disinfected1", "receiver": "spotrobot1", "content": "Done|a_authenticate_nurse"}"
[uvdrobot-4] [INFO] [1748520707.922701956] [uvdrobot]: And it is not for me
[nurse_disinfect-3] [INFO] [1748520707.922796106] [nurse_disinfect]: I heard: "{"performative": "query", "sender": "spotrobot1", "receiver": "nurse_disinfected1", "content": "Ready|a_authorize_patrol"}"
[spotrobot-5] [INFO] [1748520707.923012403] [spotrobot]: And it is for me
[nurse_disinfect-3] [INFO] [1748520707.923186637] [nurse_disinfect]: And it is for me
[nurse_disinfect-3] [INFO] [1748520707.923468787] [nurse_disinfect]: Ready to act
[spotrobot-5] [INFO] [1748520707.923496423] [spotrobot]: Already finished action
[uvdrobot-4] [INFO] [1748520707.924319758] [uvdrobot]: I heard: "{"performative": "query", "sender": "nurse_disinfected1", "receiver": "spotrobot1", "content": "Done|a_authorize_patrol"}"
[spotrobot-5] [INFO] [1748520707.924426670] [spotrobot]: I heard: "{"performative": "query", "sender": "spotrobot1", "receiver": "nurse_disinfected1", "content": "Ready|a_authorize_patrol"}"
[nurse_disinfect-3] [INFO] [1748520707.924509468] [nurse_disinfect]: I heard: "{"performative": "query", "sender": "nurse_disinfected1", "receiver": "spotrobot1", "content": "Ready|a_authorize_patrol"}"
[uvdrobot-4] [INFO] [1748520707.924859764] [uvdrobot]: And it is not for me
[nurse_disinfect-3] [INFO] [1748520707.924861369] [nurse_disinfect]: And it is not for me
[spotrobot-5] [INFO] [1748520707.924924008] [spotrobot]: And it is not for me
[nurse_disinfect-3] [INFO] [1748520707.925446962] [nurse_disinfect]: I heard: "{"performative": "query", "sender": "nurse_disinfected1", "receiver": "spotrobot1", "content": "Done|a_authorize_patrol"}"
[spotrobot-5] [INFO] [1748520707.925789591] [spotrobot]: I heard: "{"performative": "query", "sender": "nurse_disinfected1", "receiver": "spotrobot1", "content": "Ready|a_authorize_patrol"}"
[nurse_disinfect-3] [INFO] [1748520707.925801217] [nurse_disinfect]: And it is not for me
[spotrobot-5] [INFO] [1748520707.926242033] [spotrobot]: And it is for me
[spotrobot-5] [INFO] [1748520707.926544076] [spotrobot]: Ready to act
[nurse_disinfect-3] [INFO] [1748520707.927226486] [nurse_disinfect]: I heard: "{"performative": "query", "sender": "spotrobot1", "receiver": "nurse_disinfected1", "content": "Done|a_authorize_patrol"}"
[uvdrobot-4] [INFO] [1748520707.927521487] [uvdrobot]: I heard: "{"performative": "query", "sender": "spotrobot1", "receiver": "nurse_disinfected1", "content": "Done|a_authorize_patrol"}"
[nurse_disinfect-3] [INFO] [1748520707.927553531] [nurse_disinfect]: And it is for me
[spotrobot-5] [INFO] [1748520707.927655716] [spotrobot]: I heard: "{"performative": "query", "sender": "nurse_disinfected1", "receiver": "spotrobot1", "content": "Done|a_authorize_patrol"}"
[nurse_disinfect-3] [INFO] [1748520707.927890324] [nurse_disinfect]: Finished action
[uvdrobot-4] [INFO] [1748520707.928023193] [uvdrobot]: And it is not for me
[spotrobot-5] [INFO] [1748520707.928112322] [spotrobot]: And it is for me
[spotrobot-5] [INFO] [1748520707.928601012] [spotrobot]: Finished action
[nurse_disinfect-3] [INFO] [1748520707.928899117] [nurse_disinfect]: I heard: "{"performative": "query", "sender": "nurse_disinfected1", "receiver": "spotrobot1", "content": "Done|a_authorize_patrol"}"
[uvdrobot-4] [INFO] [1748520707.928932602] [uvdrobot]: I heard: "{"performative": "query", "sender": "nurse_disinfected1", "receiver": "spotrobot1", "content": "Done|a_authorize_patrol"}"
[nurse_disinfect-3] [INFO] [1748520707.929204156] [nurse_disinfect]: And it is not for me
[spotrobot-5] [INFO] [1748520707.929310466] [spotrobot]: Doing a_patrol_room
[uvdrobot-4] [INFO] [1748520707.929414550] [uvdrobot]: And it is not for me
[nurse_disinfect-3] [INFO] [1748520707.929732684] [nurse_disinfect]: I heard: "{"performative": "query", "sender": "spotrobot1", "receiver": "nurse_disinfected1", "content": "Done|a_authorize_patrol"}"
[spotrobot-5] [INFO] [1748520707.929973107] [spotrobot]: Wating for response
[nurse_disinfect-3] [INFO] [1748520707.930066616] [nurse_disinfect]: And it is for me
[uvdrobot-4] [INFO] [1748520707.930381803] [uvdrobot]: I heard: "{"performative": "query", "sender": "spotrobot1", "receiver": "nurse_disinfected1", "content": "Done|a_authorize_patrol"}"
[nurse_disinfect-3] [INFO] [1748520707.930388642] [nurse_disinfect]: Already finished action
[spotrobot-5] [INFO] [1748520707.930799816] [spotrobot]: I heard: "{"performative": "query", "sender": "spotrobot1", "receiver": "nurse_disinfected1", "content": "Done|a_authorize_patrol"}"
[uvdrobot-4] [INFO] [1748520707.930865970] [uvdrobot]: And it is not for me
[spotrobot-5] [INFO] [1748520707.931292786] [spotrobot]: And it is not for me
[spotrobot-5] [INFO] [1748520707.932119893] [spotrobot]: I heard: "{"performative": "query", "sender": "nurse_disinfected1", "receiver": "spotrobot1", "content": "Done|a_authorize_patrol"}"
[spotrobot-5] [INFO] [1748520707.932576023] [spotrobot]: And it is for me
[spotrobot-5] [INFO] [1748520707.933063448] [spotrobot]: Already finished action
[spotrobot-5] [INFO] [1748520707.933761072] [spotrobot]: I heard: "{"performative": "query", "sender": "spotrobot1", "receiver": "nurse_disinfected1", "content": "Done|a_authorize_patrol"}"
[spotrobot-5] [INFO] [1748520707.934187200] [spotrobot]: And it is not for me
[spotrobot-5] [INFO] [1748520707.935771254] [spotrobot]: dirty room
[spotrobot-5] [INFO] [1748520707.937864312] [spotrobot]: I heard: "{"performative": "request", "sender": "Coordinator", "receiver": "nurse_disinfected1", "content": "Start|nurse_disinfected1,room1,spotrobot1,uvdrobot1"}"
[uvdrobot-4] [INFO] [1748520707.937927712] [uvdrobot]: I heard: "{"performative": "request", "sender": "Coordinator", "receiver": "nurse_disinfected1", "content": "Start|nurse_disinfected1,room1,spotrobot1,uvdrobot1"}"
[nurse_disinfect-3] [INFO] [1748520707.938065046] [nurse_disinfect]: I heard: "{"performative": "request", "sender": "Coordinator", "receiver": "nurse_disinfected1", "content": "Start|nurse_disinfected1,room1,spotrobot1,uvdrobot1"}"
[uvdrobot-4] [INFO] [1748520707.938272871] [uvdrobot]: And it is not for me
[spotrobot-5] [INFO] [1748520707.938412416] [spotrobot]: And it is not for me
[nurse_disinfect-3] [INFO] [1748520707.938570206] [nurse_disinfect]: And it is for me
[uvdrobot-4] [INFO] [1748520707.938892941] [uvdrobot]: I heard: "{"performative": "request", "sender": "Coordinator", "receiver": "room1", "content": "Start|nurse_disinfected1,room1,spotrobot1,uvdrobot1"}"
[nurse_disinfect-3] [INFO] [1748520707.939161500] [nurse_disinfect]: nurse_disinfected1
[uvdrobot-4] [INFO] [1748520707.939278589] [uvdrobot]: And it is not for me
[spotrobot-5] [INFO] [1748520707.939497536] [spotrobot]: I heard: "{"performative": "request", "sender": "Coordinator", "receiver": "room1", "content": "Start|nurse_disinfected1,room1,spotrobot1,uvdrobot1"}"
[uvdrobot-4] [INFO] [1748520707.939791600] [uvdrobot]: I heard: "{"performative": "request", "sender": "Coordinator", "receiver": "spotrobot1", "content": "Start|nurse_disinfected1,room1,spotrobot1,uvdrobot1"}"
[spotrobot-5] [INFO] [1748520707.940040325] [spotrobot]: And it is not for me
[uvdrobot-4] [INFO] [1748520707.940086036] [uvdrobot]: And it is not for me
[nurse_disinfect-3] [INFO] [1748520707.940143608] [nurse_disinfect]: I heard: "{"performative": "request", "sender": "Coordinator", "receiver": "room1", "content": "Start|nurse_disinfected1,room1,spotrobot1,uvdrobot1"}"
[uvdrobot-4] [INFO] [1748520707.940593122] [uvdrobot]: I heard: "{"performative": "request", "sender": "Coordinator", "receiver": "uvdrobot1", "content": "Start|nurse_disinfected1,room1,spotrobot1,uvdrobot1"}"
[nurse_disinfect-3] [INFO] [1748520707.940647162] [nurse_disinfect]: And it is not for me
[spotrobot-5] [INFO] [1748520707.940799831] [spotrobot]: I heard: "{"performative": "request", "sender": "Coordinator", "receiver": "spotrobot1", "content": "Start|nurse_disinfected1,room1,spotrobot1,uvdrobot1"}"
[uvdrobot-4] [INFO] [1748520707.940870611] [uvdrobot]: And it is for me
[spotrobot-5] [INFO] [1748520707.941336189] [spotrobot]: And it is for me
[nurse_disinfect-3] [INFO] [1748520707.941575298] [nurse_disinfect]: I heard: "{"performative": "request", "sender": "Coordinator", "receiver": "spotrobot1", "content": "Start|nurse_disinfected1,room1,spotrobot1,uvdrobot1"}"
[spotrobot-5] [INFO] [1748520707.942065041] [spotrobot]: 
[nurse_disinfect-3] [INFO] [1748520707.942115946] [nurse_disinfect]: And it is not for me
[spotrobot-5] [INFO] [1748520707.942902693] [spotrobot]: I heard: "{"performative": "request", "sender": "Coordinator", "receiver": "uvdrobot1", "content": "Start|nurse_disinfected1,room1,spotrobot1,uvdrobot1"}"
[nurse_disinfect-3] [INFO] [1748520707.942974874] [nurse_disinfect]: I heard: "{"performative": "request", "sender": "Coordinator", "receiver": "uvdrobot1", "content": "Start|nurse_disinfected1,room1,spotrobot1,uvdrobot1"}"
[nurse_disinfect-3] [INFO] [1748520707.943483040] [nurse_disinfect]: And it is not for me
[spotrobot-5] [INFO] [1748520707.943550664] [spotrobot]: And it is not for me
[uvdrobot-4] [INFO] [1748520707.944009361] [uvdrobot]: I heard: "{"performative": "request", "sender": "Coordinator", "receiver": "spotrobot1", "content": "Start|nurse_disinfected1,room1,spotrobot1,uvdrobot1"}"
[nurse_disinfect-3] [INFO] [1748520707.944348798] [nurse_disinfect]: I heard: "{"performative": "request", "sender": "Coordinator", "receiver": "spotrobot1", "content": "Start|nurse_disinfected1,room1,spotrobot1,uvdrobot1"}"
[spotrobot-5] [INFO] [1748520707.944407005] [spotrobot]: I heard: "{"performative": "request", "sender": "Coordinator", "receiver": "spotrobot1", "content": "Start|nurse_disinfected1,room1,spotrobot1,uvdrobot1"}"
[uvdrobot-4] [INFO] [1748520707.944411343] [uvdrobot]: And it is not for me
[nurse_disinfect-3] [INFO] [1748520707.944685493] [nurse_disinfect]: And it is not for me
[spotrobot-5] [INFO] [1748520707.944992044] [spotrobot]: And it is for me
[uvdrobot-4] [INFO] [1748520707.945015459] [uvdrobot]: I heard: "{"performative": "request", "sender": "Coordinator", "receiver": "uvdrobot1", "content": "Start|nurse_disinfected1,room1,spotrobot1,uvdrobot1"}"
[uvdrobot-4] [INFO] [1748520707.945482659] [uvdrobot]: And it is for me
[nurse_disinfect-3] [INFO] [1748520707.945537981] [nurse_disinfect]: I heard: "{"performative": "request", "sender": "Coordinator", "receiver": "uvdrobot1", "content": "Start|nurse_disinfected1,room1,spotrobot1,uvdrobot1"}"
[spotrobot-5] [INFO] [1748520707.945949811] [spotrobot]: I heard: "{"performative": "request", "sender": "Coordinator", "receiver": "uvdrobot1", "content": "Start|nurse_disinfected1,room1,spotrobot1,uvdrobot1"}"
[nurse_disinfect-3] [INFO] [1748520707.946025660] [nurse_disinfect]: And it is not for me
[uvdrobot-4] [INFO] [1748520707.946342891] [uvdrobot]: I heard: "{"performative": "request", "sender": "Coordinator", "receiver": "nurse_disinfected1", "content": "Start|nurse_disinfected1,room1,spotrobot1,uvdrobot1"}"
[spotrobot-5] [INFO] [1748520707.946458230] [spotrobot]: And it is not for me
[disinfect_planner-2] [INFO] [1748520707.946605220] [disinfect_planner]: Creating plan for: spotrobot1 uvdrobot1 nurse_disinfected1
[uvdrobot-4] [INFO] [1748520707.946861242] [uvdrobot]: And it is not for me
[nurse_disinfect-3] [INFO] [1748520707.946901457] [nurse_disinfect]: I heard: "{"performative": "request", "sender": "Coordinator", "receiver": "nurse_disinfected1", "content": "Start|nurse_disinfected1,room1,spotrobot1,uvdrobot1"}"
[spotrobot-5] [INFO] [1748520707.947125032] [spotrobot]: I heard: "{"performative": "request", "sender": "Coordinator", "receiver": "nurse_disinfected1", "content": "Start|nurse_disinfected1,room1,spotrobot1,uvdrobot1"}"
[nurse_disinfect-3] [INFO] [1748520707.947425888] [nurse_disinfect]: And it is for me
[spotrobot-5] [INFO] [1748520707.947430704] [spotrobot]: And it is not for me
[disinfect_planner-2] [INFO] [1748520707.947623430] [disinfect_planner]: a_navto,spotrobot1,room1
[nurse_disinfect-3] [INFO] [1748520707.947763206] [nurse_disinfect]: nurse_disinfected1
[disinfect_planner-2] [INFO] [1748520707.947903730] [disinfect_planner]: a_approach_nurse,spotrobot1,nurse_disinfected1
[disinfect_planner-2] [INFO] [1748520707.948177970] [disinfect_planner]: a_authenticate_nurse,spotrobot1,nurse_disinfected1
[disinfect_planner-2] [INFO] [1748520707.948504159] [disinfect_planner]: a_clean_room,nurse_disinfected1,room1
[disinfect_planner-2] [INFO] [1748520707.948819287] [disinfect_planner]: a_authorize_patrol,spotrobot1,nurse_disinfected1
[disinfect_planner-2] [INFO] [1748520707.949183465] [disinfect_planner]: a_patrol_room,spotrobot1,room1
[disinfect_planner-2] [INFO] [1748520707.949497961] [disinfect_planner]: a_authorize_disinfect,uvdrobot1,spotrobot1
[disinfect_planner-2] [INFO] [1748520707.949807787] [disinfect_planner]: a_navto,uvdrobot1,room1
[disinfect_planner-2] [INFO] [1748520707.950164211] [disinfect_planner]: a_disinfect_room,uvdrobot1,room1
[disinfect_planner-2] [INFO] [1748520707.950476780] [disinfect_planner]: Sending response
[spotrobot-5] [INFO] [1748520707.952713728] [spotrobot]: I heard: "{"performative": "request", "sender": "Coordinator", "receiver": "spotrobot1", "content": "Plan|a_navto,spotrobot1,room1/a_approach_nurse,spotrobot1,nurse_disinfected1/a_authenticate_nurse,spotrobot1,nurse_disinfected1/a_authorize_patrol,spotrobot1,nurse_disinfected1/a_patrol_room,spotrobot1,room1/a_authorize_disinfect,uvdrobot1,spotrobot1"}"
[nurse_disinfect-3] [INFO] [1748520707.952765122] [nurse_disinfect]: I heard: "{"performative": "request", "sender": "Coordinator", "receiver": "spotrobot1", "content": "Plan|a_navto,spotrobot1,room1/a_approach_nurse,spotrobot1,nurse_disinfected1/a_authenticate_nurse,spotrobot1,nurse_disinfected1/a_authorize_patrol,spotrobot1,nurse_disinfected1/a_patrol_room,spotrobot1,room1/a_authorize_disinfect,uvdrobot1,spotrobot1"}"
[uvdrobot-4] [INFO] [1748520707.952863370] [uvdrobot]: I heard: "{"performative": "request", "sender": "Coordinator", "receiver": "spotrobot1", "content": "Plan|a_navto,spotrobot1,room1/a_approach_nurse,spotrobot1,nurse_disinfected1/a_authenticate_nurse,spotrobot1,nurse_disinfected1/a_authorize_patrol,spotrobot1,nurse_disinfected1/a_patrol_room,spotrobot1,room1/a_authorize_disinfect,uvdrobot1,spotrobot1"}"
[nurse_disinfect-3] [INFO] [1748520707.953125496] [nurse_disinfect]: And it is not for me
[spotrobot-5] [INFO] [1748520707.953246760] [spotrobot]: And it is for me
[uvdrobot-4] [INFO] [1748520707.953303253] [uvdrobot]: And it is not for me
[nurse_disinfect-3] [INFO] [1748520707.953641260] [nurse_disinfect]: I heard: "{"performative": "request", "sender": "Coordinator", "receiver": "uvdrobot1", "content": "Plan|a_authorize_disinfect,uvdrobot1,spotrobot1/a_navto,uvdrobot1,room1/a_disinfect_room,uvdrobot1,room1"}"
[spotrobot-5] [INFO] [1748520707.953842422] [spotrobot]: Doing a_navto
[uvdrobot-4] [INFO] [1748520707.953880684] [uvdrobot]: I heard: "{"performative": "request", "sender": "Coordinator", "receiver": "uvdrobot1", "content": "Plan|a_authorize_disinfect,uvdrobot1,spotrobot1/a_navto,uvdrobot1,room1/a_disinfect_room,uvdrobot1,room1"}"
[nurse_disinfect-3] [INFO] [1748520707.953919771] [nurse_disinfect]: And it is not for me
[uvdrobot-4] [INFO] [1748520707.954315003] [uvdrobot]: And it is for me
[spotrobot-5] [INFO] [1748520707.954491171] [spotrobot]: Wating for response
[nurse_disinfect-3] [INFO] [1748520707.954495120] [nurse_disinfect]: I heard: "{"performative": "request", "sender": "Coordinator", "receiver": "nurse_disinfected1", "content": "Plan|a_approach_nurse,spotrobot1,nurse_disinfected1/a_authenticate_nurse,spotrobot1,nurse_disinfected1/a_clean_room,nurse_disinfected1,room1/a_authorize_patrol,spotrobot1,nurse_disinfected1"}"
[nurse_disinfect-3] [INFO] [1748520707.954803458] [nurse_disinfect]: And it is for me
[uvdrobot-4] [INFO] [1748520707.954917310] [uvdrobot]: I heard: "{"performative": "request", "sender": "Coordinator", "receiver": "nurse_disinfected1", "content": "Plan|a_approach_nurse,spotrobot1,nurse_disinfected1/a_authenticate_nurse,spotrobot1,nurse_disinfected1/a_clean_room,nurse_disinfected1,room1/a_authorize_patrol,spotrobot1,nurse_disinfected1"}"
[nurse_disinfect-3] [INFO] [1748520707.955202803] [nurse_disinfect]: a_approach_nurse
[uvdrobot-4] [INFO] [1748520707.955277596] [uvdrobot]: And it is not for me
[spotrobot-5] [INFO] [1748520707.955329641] [spotrobot]: I heard: "{"performative": "request", "sender": "Coordinator", "receiver": "uvdrobot1", "content": "Plan|a_authorize_disinfect,uvdrobot1,spotrobot1/a_navto,uvdrobot1,room1/a_disinfect_room,uvdrobot1,room1"}"
[nurse_disinfect-3] [INFO] [1748520707.955562166] [nurse_disinfect]: a_authenticate_nurse
[spotrobot-5] [INFO] [1748520707.955635858] [spotrobot]: And it is not for me
[nurse_disinfect-3] [INFO] [1748520707.955826823] [nurse_disinfect]: Doing a_authenticate_nurse
[nurse_disinfect-3] [INFO] [1748520707.956088553] [nurse_disinfect]: a_authenticate_nurse
[spotrobot-5] [INFO] [1748520707.956169648] [spotrobot]: I heard: "{"performative": "request", "sender": "Coordinator", "receiver": "nurse_disinfected1", "content": "Plan|a_approach_nurse,spotrobot1,nurse_disinfected1/a_authenticate_nurse,spotrobot1,nurse_disinfected1/a_clean_room,nurse_disinfected1,room1/a_authorize_patrol,spotrobot1,nurse_disinfected1"}"
[nurse_disinfect-3] [INFO] [1748520707.956345535] [nurse_disinfect]: Here first, waiting for robot
[spotrobot-5] [INFO] [1748520707.956533632] [spotrobot]: And it is not for me
[spotrobot-5] [INFO] [1748520707.956902839] [spotrobot]: success
[spotrobot-5] [INFO] [1748520707.957303916] [spotrobot]: Doing a_approach_nurse
[uvdrobot-4] [INFO] [1748520707.957361431] [uvdrobot]: I heard: "{"performative": "query", "sender": "nurse_disinfected1", "receiver": "spotrobot1", "content": "Ready|a_authenticate_nurse"}"
[nurse_disinfect-3] [INFO] [1748520707.957361273] [nurse_disinfect]: I heard: "{"performative": "query", "sender": "nurse_disinfected1", "receiver": "spotrobot1", "content": "Ready|a_authenticate_nurse"}"
[spotrobot-5] [INFO] [1748520707.957701783] [spotrobot]: Wating for response
[nurse_disinfect-3] [INFO] [1748520707.957812480] [nurse_disinfect]: And it is not for me
[uvdrobot-4] [INFO] [1748520707.957812531] [uvdrobot]: And it is not for me
[spotrobot-5] [INFO] [1748520707.958170325] [spotrobot]: I heard: "{"performative": "query", "sender": "nurse_disinfected1", "receiver": "spotrobot1", "content": "Ready|a_authenticate_nurse"}"
[spotrobot-5] [INFO] [1748520707.958442377] [spotrobot]: And it is for me
[spotrobot-5] [INFO] [1748520707.958697967] [spotrobot]: No there yet
[spotrobot-5] [INFO] [1748520707.959516514] [spotrobot]: success
[spotrobot-5] [INFO] [1748520707.959835747] [spotrobot]: Doing a_authenticate_nurse
[spotrobot-5] [INFO] [1748520707.960097330] [spotrobot]: a_authenticate_nurse
[spotrobot-5] [INFO] [1748520707.960352581] [spotrobot]: Nurse is waiting, send action message
[uvdrobot-4] [INFO] [1748520707.960872161] [uvdrobot]: I heard: "{"performative": "query", "sender": "spotrobot1", "receiver": "nurse_disinfected1", "content": "Done|a_authenticate_nurse"}"
[spotrobot-5] [INFO] [1748520707.961005143] [spotrobot]: I heard: "{"performative": "query", "sender": "spotrobot1", "receiver": "nurse_disinfected1", "content": "Done|a_authenticate_nurse"}"
[uvdrobot-4] [INFO] [1748520707.961215083] [uvdrobot]: And it is not for me
[nurse_disinfect-3] [INFO] [1748520707.961231277] [nurse_disinfect]: I heard: "{"performative": "query", "sender": "spotrobot1", "receiver": "nurse_disinfected1", "content": "Done|a_authenticate_nurse"}"
[spotrobot-5] [INFO] [1748520707.961353571] [spotrobot]: And it is not for me
[nurse_disinfect-3] [INFO] [1748520707.961544090] [nurse_disinfect]: And it is for me
[nurse_disinfect-3] [INFO] [1748520707.961817211] [nurse_disinfect]: Finished action
[spotrobot-5] [INFO] [1748520707.962383688] [spotrobot]: I heard: "{"performative": "query", "sender": "nurse_disinfected1", "receiver": "spotrobot1", "content": "Done|a_authenticate_nurse"}"
[uvdrobot-4] [INFO] [1748520707.962460628] [uvdrobot]: I heard: "{"performative": "query", "sender": "nurse_disinfected1", "receiver": "spotrobot1", "content": "Done|a_authenticate_nurse"}"
[nurse_disinfect-3] [INFO] [1748520707.962515098] [nurse_disinfect]: a_clean_room
[spotrobot-5] [INFO] [1748520707.962678999] [spotrobot]: And it is for me
[uvdrobot-4] [INFO] [1748520707.962770172] [uvdrobot]: And it is not for me
[spotrobot-5] [INFO] [1748520707.962998884] [spotrobot]: Finished action
[nurse_disinfect-3] [INFO] [1748520707.963049238] [nurse_disinfect]: Doing a_clean_room
[spotrobot-5] [INFO] [1748520707.963486047] [spotrobot]: Doing a_authorize_patrol
[nurse_disinfect-3] [INFO] [1748520707.963774549] [nurse_disinfect]: Waiting for response
[uvdrobot-4] [INFO] [1748520707.963814142] [uvdrobot]: I heard: "{"performative": "query", "sender": "spotrobot1", "receiver": "nurse_disinfected1", "content": "Done|a_authenticate_nurse"}"
[spotrobot-5] [INFO] [1748520707.963821234] [spotrobot]: a_authorize_patrol
[uvdrobot-4] [INFO] [1748520707.964133667] [uvdrobot]: And it is not for me
[spotrobot-5] [INFO] [1748520707.964158192] [spotrobot]: Here first, waiting for nurse
[nurse_disinfect-3] [INFO] [1748520707.964358595] [nurse_disinfect]: I heard: "{"performative": "query", "sender": "nurse_disinfected1", "receiver": "spotrobot1", "content": "Done|a_authenticate_nurse"}"
[nurse_disinfect-3] [INFO] [1748520707.964682099] [nurse_disinfect]: And it is not for me
[uvdrobot-4] [INFO] [1748520707.964822311] [uvdrobot]: I heard: "{"performative": "query", "sender": "spotrobot1", "receiver": "nurse_disinfected1", "content": "Ready|a_authorize_patrol"}"
[spotrobot-5] [INFO] [1748520707.965005593] [spotrobot]: I heard: "{"performative": "query", "sender": "spotrobot1", "receiver": "nurse_disinfected1", "content": "Done|a_authenticate_nurse"}"
[uvdrobot-4] [INFO] [1748520707.965129968] [uvdrobot]: And it is not for me
[nurse_disinfect-3] [INFO] [1748520707.965267926] [nurse_disinfect]: I heard: "{"performative": "query", "sender": "spotrobot1", "receiver": "nurse_disinfected1", "content": "Done|a_authenticate_nurse"}"
[spotrobot-5] [INFO] [1748520707.965293413] [spotrobot]: And it is not for me
[nurse_disinfect-3] [INFO] [1748520707.965566924] [nurse_disinfect]: And it is for me
[spotrobot-5] [INFO] [1748520707.965808739] [spotrobot]: I heard: "{"performative": "query", "sender": "spotrobot1", "receiver": "nurse_disinfected1", "content": "Ready|a_authorize_patrol"}"
[nurse_disinfect-3] [INFO] [1748520707.965860640] [nurse_disinfect]: Already finished action
[spotrobot-5] [INFO] [1748520707.966080936] [spotrobot]: And it is not for me
[nurse_disinfect-3] [INFO] [1748520707.966368524] [nurse_disinfect]: I heard: "{"performative": "query", "sender": "spotrobot1", "receiver": "nurse_disinfected1", "content": "Ready|a_authorize_patrol"}"
[nurse_disinfect-3] [INFO] [1748520707.966644427] [nurse_disinfect]: And it is for me
[nurse_disinfect-3] [INFO] [1748520707.966936694] [nurse_disinfect]: No there yet
[nurse_disinfect-3] [INFO] [1748520707.967388416] [nurse_disinfect]: success
[nurse_disinfect-3] [INFO] [1748520707.968123594] [nurse_disinfect]: a_authorize_patrol
[nurse_disinfect-3] [INFO] [1748520707.968675498] [nurse_disinfect]: Doing a_authorize_patrol
[nurse_disinfect-3] [INFO] [1748520707.969212645] [nurse_disinfect]: a_authorize_patrol
[nurse_disinfect-3] [INFO] [1748520707.969713515] [nurse_disinfect]: Robot is waiting, send action message
[spotrobot-5] [INFO] [1748520707.970379357] [spotrobot]: I heard: "{"performative": "query", "sender": "nurse_disinfected1", "receiver": "spotrobot1", "content": "Done|a_authorize_patrol"}"
[uvdrobot-4] [INFO] [1748520707.970446022] [uvdrobot]: I heard: "{"performative": "query", "sender": "nurse_disinfected1", "receiver": "spotrobot1", "content": "Done|a_authorize_patrol"}"
[spotrobot-5] [INFO] [1748520707.970743642] [spotrobot]: And it is for me
[nurse_disinfect-3] [INFO] [1748520707.970802527] [nurse_disinfect]: I heard: "{"performative": "query", "sender": "nurse_disinfected1", "receiver": "spotrobot1", "content": "Done|a_authorize_patrol"}"
[uvdrobot-4] [INFO] [1748520707.970877588] [uvdrobot]: And it is not for me
[spotrobot-5] [INFO] [1748520707.971102995] [spotrobot]: Finished action
[nurse_disinfect-3] [INFO] [1748520707.971323446] [nurse_disinfect]: And it is not for me
[spotrobot-5] [INFO] [1748520707.971624236] [spotrobot]: Doing a_patrol_room
[spotrobot-5] [INFO] [1748520707.972076017] [spotrobot]: Wating for response
[uvdrobot-4] [INFO] [1748520707.972180028] [uvdrobot]: I heard: "{"performative": "query", "sender": "spotrobot1", "receiver": "nurse_disinfected1", "content": "Done|a_authorize_patrol"}"
[nurse_disinfect-3] [INFO] [1748520707.972302714] [nurse_disinfect]: I heard: "{"performative": "query", "sender": "spotrobot1", "receiver": "nurse_disinfected1", "content": "Done|a_authorize_patrol"}"
[uvdrobot-4] [INFO] [1748520707.972561094] [uvdrobot]: And it is not for me
[spotrobot-5] [INFO] [1748520707.972580350] [spotrobot]: I heard: "{"performative": "query", "sender": "spotrobot1", "receiver": "nurse_disinfected1", "content": "Done|a_authorize_patrol"}"
[nurse_disinfect-3] [INFO] [1748520707.972855085] [nurse_disinfect]: And it is for me
[spotrobot-5] [INFO] [1748520707.972911169] [spotrobot]: And it is not for me
[nurse_disinfect-3] [INFO] [1748520707.973354174] [nurse_disinfect]: Finished action
[uvdrobot-4] [INFO] [1748520707.973938219] [uvdrobot]: I heard: "{"performative": "query", "sender": "nurse_disinfected1", "receiver": "spotrobot1", "content": "Done|a_authorize_patrol"}"
[spotrobot-5] [INFO] [1748520707.974007302] [spotrobot]: success
[uvdrobot-4] [INFO] [1748520707.974232197] [uvdrobot]: And it is not for me
[spotrobot-5] [INFO] [1748520707.974442496] [spotrobot]: Doing a_authorize_disinfect
[nurse_disinfect-3] [INFO] [1748520707.974466048] [nurse_disinfect]: I heard: "{"performative": "query", "sender": "nurse_disinfected1", "receiver": "spotrobot1", "content": "Done|a_authorize_patrol"}"
[spotrobot-5] [INFO] [1748520707.974855267] [spotrobot]: a_authorize_disinfect
[nurse_disinfect-3] [INFO] [1748520707.975013438] [nurse_disinfect]: And it is not for me
[spotrobot-5] [INFO] [1748520707.975362100] [spotrobot]: Here first, waiting for spotrobot
[spotrobot-5] [INFO] [1748520707.976099386] [spotrobot]: I heard: "{"performative": "query", "sender": "nurse_disinfected1", "receiver": "spotrobot1", "content": "Done|a_authorize_patrol"}"
[nurse_disinfect-3] [INFO] [1748520707.976251244] [nurse_disinfect]: I heard: "{"performative": "query", "sender": "spotrobot1", "receiver": "uvdrobot1", "content": "Ready|a_authorize_disinfect"}"
[uvdrobot-4] [INFO] [1748520707.976258255] [uvdrobot]: I heard: "{"performative": "query", "sender": "spotrobot1", "receiver": "uvdrobot1", "content": "Ready|a_authorize_disinfect"}"
[spotrobot-5] [INFO] [1748520707.976382168] [spotrobot]: And it is for me
[spotrobot-5] [INFO] [1748520707.976665085] [spotrobot]: Already finished action
[nurse_disinfect-3] [INFO] [1748520707.976815484] [nurse_disinfect]: And it is not for me
[uvdrobot-4] [INFO] [1748520707.976857477] [uvdrobot]: And it is for me
[spotrobot-5] [INFO] [1748520707.977346006] [spotrobot]: I heard: "{"performative": "query", "sender": "spotrobot1", "receiver": "uvdrobot1", "content": "Ready|a_authorize_disinfect"}"
[uvdrobot-4] [INFO] [1748520707.977420919] [uvdrobot]: Ready to act
[spotrobot-5] [INFO] [1748520707.977635529] [spotrobot]: And it is not for me
[spotrobot-5] [INFO] [1748520707.978215353] [spotrobot]: I heard: "{"performative": "query", "sender": "uvdrobot1", "receiver": "spotrobot1", "content": "Done|a_authorize_disinfect"}"
[nurse_disinfect-3] [INFO] [1748520707.978456857] [nurse_disinfect]: I heard: "{"performative": "query", "sender": "uvdrobot1", "receiver": "spotrobot1", "content": "Done|a_authorize_disinfect"}"
[spotrobot-5] [INFO] [1748520707.978539071] [spotrobot]: And it is for me
[uvdrobot-4] [INFO] [1748520707.978597738] [uvdrobot]: I heard: "{"performative": "query", "sender": "uvdrobot1", "receiver": "spotrobot1", "content": "Done|a_authorize_disinfect"}"
[spotrobot-5] [INFO] [1748520707.978912423] [spotrobot]: Finished action
[nurse_disinfect-3] [INFO] [1748520707.979009082] [nurse_disinfect]: And it is not for me
[uvdrobot-4] [INFO] [1748520707.979166589] [uvdrobot]: And it is not for me
[spotrobot-5] [INFO] [1748520707.979674993] [spotrobot]: I heard: "{"performative": "query", "sender": "spotrobot1", "receiver": "uvdrobot1", "content": "Done|a_authorize_disinfect"}"
[spotrobot-5] [INFO] [1748520707.979971423] [spotrobot]: And it is not for me
[nurse_disinfect-3] [INFO] [1748520707.980004897] [nurse_disinfect]: I heard: "{"performative": "query", "sender": "spotrobot1", "receiver": "uvdrobot1", "content": "Done|a_authorize_disinfect"}"
[uvdrobot-4] [INFO] [1748520707.980091845] [uvdrobot]: I heard: "{"performative": "query", "sender": "spotrobot1", "receiver": "uvdrobot1", "content": "Done|a_authorize_disinfect"}"
[uvdrobot-4] [INFO] [1748520707.980654635] [uvdrobot]: And it is for me
[nurse_disinfect-3] [INFO] [1748520707.980660359] [nurse_disinfect]: And it is not for me
[uvdrobot-4] [INFO] [1748520707.981224089] [uvdrobot]: Finished action
[spotrobot-5] [INFO] [1748520707.981834237] [spotrobot]: I heard: "{"performative": "query", "sender": "uvdrobot1", "receiver": "spotrobot1", "content": "Done|a_authorize_disinfect"}"
[uvdrobot-4] [INFO] [1748520707.981963788] [uvdrobot]: Doing a_navto
[nurse_disinfect-3] [INFO] [1748520707.982245055] [nurse_disinfect]: I heard: "{"performative": "query", "sender": "uvdrobot1", "receiver": "spotrobot1", "content": "Done|a_authorize_disinfect"}"
[spotrobot-5] [INFO] [1748520707.982263974] [spotrobot]: And it is for me
[uvdrobot-4] [INFO] [1748520707.982577165] [uvdrobot]: Waiting for response
[spotrobot-5] [INFO] [1748520707.982756594] [spotrobot]: Already finished action
[nurse_disinfect-3] [INFO] [1748520707.982799002] [nurse_disinfect]: And it is not for me
[uvdrobot-4] [INFO] [1748520707.983124507] [uvdrobot]: I heard: "{"performative": "query", "sender": "uvdrobot1", "receiver": "spotrobot1", "content": "Done|a_authorize_disinfect"}"
[uvdrobot-4] [INFO] [1748520707.983669884] [uvdrobot]: And it is not for me
[uvdrobot-4] [INFO] [1748520707.984854097] [uvdrobot]: success
[uvdrobot-4] [INFO] [1748520707.985339382] [uvdrobot]: Doing a_disinfect_room
[uvdrobot-4] [INFO] [1748520707.985973723] [uvdrobot]: Waiting for response
[uvdrobot-4] [INFO] [1748520707.987336975] [uvdrobot]: success
[nurse_disinfect-3] [INFO] [1748520707.989828297] [nurse_disinfect]: Recebido sinal de desligamento do coordenador, finalizando...
[uvdrobot-4] [INFO] [1748520707.989930884] [uvdrobot]: Recebido sinal de desligamento do coordenador, finalizando...
[spotrobot-5] [INFO] [1748520707.989943781] [spotrobot]: Recebido sinal de desligamento do coordenador, finalizando...
[disinfect_environment-1] [INFO] [1748520707.990006169] [disinfect_environment]: Recebido sinal de desligamento do coordenador, finalizando...
[disinfect_planner-2] [INFO] [1748520707.990044215] [disinfect_planner]: Recebido sinal de desligamento do coordenador, finalizando...
[nurse_disinfect-3] [INFO] [1748520707.990399891] [Quitting]: Done
[uvdrobot-4] [INFO] [1748520707.990504930] [Quitting]: Done
[spotrobot-5] [INFO] [1748520707.990513839] [Quitting]: Done
[disinfect_environment-1] [INFO] [1748520707.990518498] [Quitting]: Done
[disinfect_planner-2] [INFO] [1748520707.990580573] [Quitting]: Done
[INFO] [disinfect_environment-1]: process has finished cleanly [pid 11646]
[INFO] [spotrobot-5]: process has finished cleanly [pid 11654]
[INFO] [uvdrobot-4]: process has finished cleanly [pid 11652]
[INFO] [nurse_disinfect-3]: process has finished cleanly [pid 11650]
[INFO] [disinfect_planner-2]: process has finished cleanly [pid 11648]
