[INFO] [launch]: All log files can be found below /home/rafael/.ros/log/2025-05-30-13-00-11-872615-NotebookRafael-30024
[INFO] [launch]: Default logging verbosity is set to INFO
[INFO] [disinfect_environment-1]: process started with pid [30027]
[INFO] [disinfect_planner-2]: process started with pid [30029]
[INFO] [nurse_disinfect-3]: process started with pid [30031]
[INFO] [uvdrobot-4]: process started with pid [30033]
[INFO] [spotrobot-5]: process started with pid [30035]
[disinfect_environment-1] [INFO] [1748620812.132064626] [disinfect_environment]: Starting Environment server
[disinfect_environment-1] [INFO] [1748620812.137328263] [disinfect_environment]: Environment server started
[disinfect_planner-2] [INFO] [1748620812.653319905] [disinfect_planner]: Starting Planner server
[disinfect_planner-2] [INFO] [1748620812.657451967] [disinfect_planner]: Planner server started
[disinfect_planner-2] [INFO] [1748620812.878647590] [disinfect_planner]: Creating plan for: spotrobot1 uvdrobot1 nurse_disinfected1
[disinfect_planner-2] [INFO] [1748620812.880118049] [disinfect_planner]: a_navto,spotrobot1,room1
[disinfect_planner-2] [INFO] [1748620812.880421861] [disinfect_planner]: a_open_door,spotrobot1,room1
[disinfect_planner-2] [INFO] [1748620812.880721851] [disinfect_planner]: a_approach_nurse,spotrobot1,nurse_disinfected1
[disinfect_planner-2] [INFO] [1748620812.881185245] [disinfect_planner]: a_authenticate_nurse,spotrobot1,nurse_disinfected1
[disinfect_planner-2] [INFO] [1748620812.881488423] [disinfect_planner]: a_authorize_patrol,spotrobot1,nurse_disinfected1
[disinfect_planner-2] [INFO] [1748620812.881817499] [disinfect_planner]: a_patrol_room,spotrobot1,room1
[disinfect_planner-2] [INFO] [1748620812.882110944] [disinfect_planner]: a_authorize_disinfect,uvdrobot1,spotrobot1
[disinfect_planner-2] [INFO] [1748620812.882416619] [disinfect_planner]: a_navto,uvdrobot1,room1
[disinfect_planner-2] [INFO] [1748620812.882707576] [disinfect_planner]: a_disinfect_room,uvdrobot1,room1
[disinfect_planner-2] [INFO] [1748620812.883000084] [disinfect_planner]: Sending response
[spotrobot-5] [INFO] [1748620812.884219757] [spotrobot]: response.response spotrobot1
[spotrobot-5] [INFO] [1748620812.884688107] [spotrobot]: My name is spotrobot1
[uvdrobot-4] [INFO] [1748620812.884774385] [uvdrobot]: response.response uvdrobot1
[uvdrobot-4] [INFO] [1748620812.885111909] [uvdrobot]: My name is uvdrobot1
[spotrobot-5] [INFO] [1748620812.885512888] [spotrobot]: I heard: "{"performative": "request", "sender": "Coordinator", "receiver": "uvdrobot1", "content": "Plan|a_authorize_disinfect,uvdrobot1,spotrobot1/a_navto,uvdrobot1,room1/a_disinfect_room,uvdrobot1,room1"}"
[uvdrobot-4] [INFO] [1748620812.885845573] [uvdrobot]: I heard: "{"performative": "request", "sender": "Coordinator", "receiver": "uvdrobot1", "content": "Plan|a_authorize_disinfect,uvdrobot1,spotrobot1/a_navto,uvdrobot1,room1/a_disinfect_room,uvdrobot1,room1"}"
[spotrobot-5] [INFO] [1748620812.886070748] [spotrobot]: And it is not for me
[uvdrobot-4] [INFO] [1748620812.886179256] [uvdrobot]: And it is for me
[nurse_disinfect-3] [INFO] [1748620812.886297962] [nurse_disinfect]: response.response nurse_disinfected1
[uvdrobot-4] [INFO] [1748620812.886566211] [uvdrobot]: Doing a_authorize_disinfect
[nurse_disinfect-3] [INFO] [1748620812.886664524] [nurse_disinfect]: My name is nurse_disinfected1
[uvdrobot-4] [INFO] [1748620812.886888610] [uvdrobot]: a_authorize_disinfect
[spotrobot-5] [INFO] [1748620812.887032883] [spotrobot]: I heard: "{"performative": "request", "sender": "Coordinator", "receiver": "spotrobot1", "content": "Plan|a_navto,spotrobot1,room1/a_open_door,spotrobot1,room1/a_approach_nurse,spotrobot1,nurse_disinfected1/a_authenticate_nurse,spotrobot1,nurse_disinfected1/a_authorize_patrol,spotrobot1,nurse_disinfected1/a_patrol_room,spotrobot1,room1/a_authorize_disinfect,uvdrobot1,spotrobot1"}"
[uvdrobot-4] [INFO] [1748620812.887150556] [uvdrobot]: Here first, waiting for spotrobot
[spotrobot-5] [INFO] [1748620812.887563710] [spotrobot]: And it is for me
[uvdrobot-4] [INFO] [1748620812.887874676] [uvdrobot]: I heard: "{"performative": "request", "sender": "Coordinator", "receiver": "spotrobot1", "content": "Plan|a_navto,spotrobot1,room1/a_open_door,spotrobot1,room1/a_approach_nurse,spotrobot1,nurse_disinfected1/a_authenticate_nurse,spotrobot1,nurse_disinfected1/a_authorize_patrol,spotrobot1,nurse_disinfected1/a_patrol_room,spotrobot1,room1/a_authorize_disinfect,uvdrobot1,spotrobot1"}"
[uvdrobot-4] [INFO] [1748620812.888181297] [uvdrobot]: And it is not for me
[spotrobot-5] [INFO] [1748620812.888225769] [spotrobot]: Doing a_navto
[uvdrobot-4] [INFO] [1748620812.888503138] [uvdrobot]: I heard: "{"performative": "query", "sender": "uvdrobot1", "receiver": "spotrobot1", "content": "Ready|a_authorize_disinfect"}"
[uvdrobot-4] [INFO] [1748620812.888827759] [uvdrobot]: And it is not for me
[spotrobot-5] [INFO] [1748620812.888862489] [spotrobot]: Wating for response
[uvdrobot-4] [INFO] [1748620812.889345977] [uvdrobot]: I heard: "{"performative": "request", "sender": "Coordinator", "receiver": "nurse_disinfected1", "content": "Plan|a_approach_nurse,spotrobot1,nurse_disinfected1/a_authenticate_nurse,spotrobot1,nurse_disinfected1/a_authorize_patrol,spotrobot1,nurse_disinfected1"}"
[spotrobot-5] [INFO] [1748620812.889652840] [spotrobot]: I heard: "{"performative": "request", "sender": "Coordinator", "receiver": "nurse_disinfected1", "content": "Plan|a_approach_nurse,spotrobot1,nurse_disinfected1/a_authenticate_nurse,spotrobot1,nurse_disinfected1/a_authorize_patrol,spotrobot1,nurse_disinfected1"}"
[uvdrobot-4] [INFO] [1748620812.889664487] [uvdrobot]: And it is not for me
[spotrobot-5] [INFO] [1748620812.890182966] [spotrobot]: And it is not for me
[spotrobot-5] [INFO] [1748620812.890819676] [spotrobot]: I heard: "{"performative": "query", "sender": "uvdrobot1", "receiver": "spotrobot1", "content": "Ready|a_authorize_disinfect"}"
[spotrobot-5] [INFO] [1748620812.891391289] [spotrobot]: And it is for me
[spotrobot-5] [INFO] [1748620812.891885556] [spotrobot]: No there yet
[spotrobot-5] [INFO] [1748620812.892812825] [spotrobot]: success
[spotrobot-5] [INFO] [1748620812.893230248] [spotrobot]: Doing a_open_door
[spotrobot-5] [INFO] [1748620812.893727486] [spotrobot]: Wating for response
[spotrobot-5] [INFO] [1748620812.895538722] [spotrobot]: success
[spotrobot-5] [INFO] [1748620812.896128979] [spotrobot]: Doing a_approach_nurse
[spotrobot-5] [INFO] [1748620812.896772073] [spotrobot]: Wating for response
[spotrobot-5] [INFO] [1748620812.898198945] [spotrobot]: success
[spotrobot-5] [INFO] [1748620812.898842786] [spotrobot]: Doing a_authenticate_nurse
[spotrobot-5] [INFO] [1748620812.899399360] [spotrobot]: a_authenticate_nurse
[spotrobot-5] [INFO] [1748620812.899927736] [spotrobot]: Here first, waiting for nurse
[uvdrobot-4] [INFO] [1748620812.900740473] [uvdrobot]: I heard: "{"performative": "query", "sender": "spotrobot1", "receiver": "nurse_disinfected1", "content": "Ready|a_authenticate_nurse"}"
[spotrobot-5] [INFO] [1748620812.900938926] [spotrobot]: I heard: "{"performative": "query", "sender": "spotrobot1", "receiver": "nurse_disinfected1", "content": "Ready|a_authenticate_nurse"}"
[uvdrobot-4] [INFO] [1748620812.901053904] [uvdrobot]: And it is not for me
[spotrobot-5] [INFO] [1748620812.901464673] [spotrobot]: And it is not for me
[nurse_disinfect-3] [INFO] [1748620815.797200809] [nurse_disinfect]: I heard: "{"performative": "request", "sender": "Coordinator", "receiver": "uvdrobot1", "content": "Plan|a_authorize_disinfect,uvdrobot1,spotrobot1/a_navto,uvdrobot1,room1/a_disinfect_room,uvdrobot1,room1"}"
[nurse_disinfect-3] [INFO] [1748620815.797695285] [nurse_disinfect]: And it is not for me
[nurse_disinfect-3] [INFO] [1748620815.798399777] [nurse_disinfect]: I heard: "{"performative": "query", "sender": "uvdrobot1", "receiver": "spotrobot1", "content": "Ready|a_authorize_disinfect"}"
[nurse_disinfect-3] [INFO] [1748620815.798726224] [nurse_disinfect]: And it is not for me
[nurse_disinfect-3] [INFO] [1748620815.799375827] [nurse_disinfect]: I heard: "{"performative": "request", "sender": "Coordinator", "receiver": "spotrobot1", "content": "Plan|a_navto,spotrobot1,room1/a_open_door,spotrobot1,room1/a_approach_nurse,spotrobot1,nurse_disinfected1/a_authenticate_nurse,spotrobot1,nurse_disinfected1/a_authorize_patrol,spotrobot1,nurse_disinfected1/a_patrol_room,spotrobot1,room1/a_authorize_disinfect,uvdrobot1,spotrobot1"}"
[nurse_disinfect-3] [INFO] [1748620815.799749313] [nurse_disinfect]: And it is not for me
[nurse_disinfect-3] [INFO] [1748620815.800315449] [nurse_disinfect]: I heard: "{"performative": "query", "sender": "spotrobot1", "receiver": "nurse_disinfected1", "content": "Ready|a_authenticate_nurse"}"
[nurse_disinfect-3] [INFO] [1748620815.800658904] [nurse_disinfect]: And it is for me
[nurse_disinfect-3] [INFO] [1748620815.801189068] [nurse_disinfect]: No there yet
[nurse_disinfect-3] [INFO] [1748620815.801734527] [nurse_disinfect]: I heard: "{"performative": "request", "sender": "Coordinator", "receiver": "nurse_disinfected1", "content": "Plan|a_approach_nurse,spotrobot1,nurse_disinfected1/a_authenticate_nurse,spotrobot1,nurse_disinfected1/a_authorize_patrol,spotrobot1,nurse_disinfected1"}"
[nurse_disinfect-3] [INFO] [1748620815.802058335] [nurse_disinfect]: And it is for me
[nurse_disinfect-3] [INFO] [1748620815.803196785] [nurse_disinfect]: a_approach_nurse
[nurse_disinfect-3] [INFO] [1748620815.803729266] [nurse_disinfect]: a_authenticate_nurse
[nurse_disinfect-3] [INFO] [1748620815.804131612] [nurse_disinfect]: Doing a_authenticate_nurse
[nurse_disinfect-3] [INFO] [1748620815.804469040] [nurse_disinfect]: a_authenticate_nurse
[nurse_disinfect-3] [INFO] [1748620815.804815796] [nurse_disinfect]: Robot is waiting, send action message
[nurse_disinfect-3] [INFO] [1748620815.805455731] [nurse_disinfect]: I heard: "{"performative": "query", "sender": "nurse_disinfected1", "receiver": "spotrobot1", "content": "Done|a_authenticate_nurse"}"
[uvdrobot-4] [INFO] [1748620815.805456096] [uvdrobot]: I heard: "{"performative": "query", "sender": "nurse_disinfected1", "receiver": "spotrobot1", "content": "Done|a_authenticate_nurse"}"
[spotrobot-5] [INFO] [1748620815.805525518] [spotrobot]: I heard: "{"performative": "query", "sender": "nurse_disinfected1", "receiver": "spotrobot1", "content": "Done|a_authenticate_nurse"}"
[nurse_disinfect-3] [INFO] [1748620815.805826020] [nurse_disinfect]: And it is not for me
[uvdrobot-4] [INFO] [1748620815.805849143] [uvdrobot]: And it is not for me
[spotrobot-5] [INFO] [1748620815.805996243] [spotrobot]: And it is for me
[spotrobot-5] [INFO] [1748620815.806312143] [spotrobot]: Finished action
[spotrobot-5] [INFO] [1748620815.806810052] [spotrobot]: Doing a_authorize_patrol
[uvdrobot-4] [INFO] [1748620815.807086590] [uvdrobot]: I heard: "{"performative": "query", "sender": "spotrobot1", "receiver": "nurse_disinfected1", "content": "Done|a_authenticate_nurse"}"
[nurse_disinfect-3] [INFO] [1748620815.807267260] [nurse_disinfect]: I heard: "{"performative": "query", "sender": "spotrobot1", "receiver": "nurse_disinfected1", "content": "Done|a_authenticate_nurse"}"
[spotrobot-5] [INFO] [1748620815.807289242] [spotrobot]: a_authorize_patrol
[uvdrobot-4] [INFO] [1748620815.807542748] [uvdrobot]: And it is not for me
[spotrobot-5] [INFO] [1748620815.807641408] [spotrobot]: Here first, waiting for nurse
[nurse_disinfect-3] [INFO] [1748620815.807722500] [nurse_disinfect]: And it is for me
[nurse_disinfect-3] [INFO] [1748620815.808171894] [nurse_disinfect]: Finished action
[spotrobot-5] [INFO] [1748620815.808326405] [spotrobot]: I heard: "{"performative": "query", "sender": "spotrobot1", "receiver": "nurse_disinfected1", "content": "Done|a_authenticate_nurse"}"
[uvdrobot-4] [INFO] [1748620815.808398744] [uvdrobot]: I heard: "{"performative": "query", "sender": "spotrobot1", "receiver": "nurse_disinfected1", "content": "Ready|a_authorize_patrol"}"
[nurse_disinfect-3] [INFO] [1748620815.808860931] [nurse_disinfect]: a_authorize_patrol
[spotrobot-5] [INFO] [1748620815.808867201] [spotrobot]: And it is not for me
[uvdrobot-4] [INFO] [1748620815.808930356] [uvdrobot]: And it is not for me
[nurse_disinfect-3] [INFO] [1748620815.809381248] [nurse_disinfect]: Doing a_authorize_patrol
[spotrobot-5] [INFO] [1748620815.809561355] [spotrobot]: I heard: "{"performative": "query", "sender": "spotrobot1", "receiver": "nurse_disinfected1", "content": "Ready|a_authorize_patrol"}"
[uvdrobot-4] [INFO] [1748620815.809819988] [uvdrobot]: I heard: "{"performative": "query", "sender": "nurse_disinfected1", "receiver": "spotrobot1", "content": "Done|a_authenticate_nurse"}"
[nurse_disinfect-3] [INFO] [1748620815.809902341] [nurse_disinfect]: a_authorize_patrol
[spotrobot-5] [INFO] [1748620815.809904611] [spotrobot]: And it is not for me
[uvdrobot-4] [INFO] [1748620815.810278188] [uvdrobot]: And it is not for me
[nurse_disinfect-3] [INFO] [1748620815.810384596] [nurse_disinfect]: Here first, waiting for robot
[spotrobot-5] [INFO] [1748620815.810786818] [spotrobot]: I heard: "{"performative": "query", "sender": "nurse_disinfected1", "receiver": "spotrobot1", "content": "Done|a_authenticate_nurse"}"
[uvdrobot-4] [INFO] [1748620815.811207728] [uvdrobot]: I heard: "{"performative": "query", "sender": "nurse_disinfected1", "receiver": "spotrobot1", "content": "Ready|a_authorize_patrol"}"
[spotrobot-5] [INFO] [1748620815.811363387] [spotrobot]: And it is for me
[nurse_disinfect-3] [INFO] [1748620815.811473736] [nurse_disinfect]: I heard: "{"performative": "query", "sender": "spotrobot1", "receiver": "nurse_disinfected1", "content": "Ready|a_authorize_patrol"}"
[spotrobot-5] [INFO] [1748620815.811662593] [spotrobot]: Already finished action
[uvdrobot-4] [INFO] [1748620815.811724054] [uvdrobot]: And it is not for me
[nurse_disinfect-3] [INFO] [1748620815.811953096] [nurse_disinfect]: And it is for me
[spotrobot-5] [INFO] [1748620815.812249331] [spotrobot]: I heard: "{"performative": "query", "sender": "nurse_disinfected1", "receiver": "spotrobot1", "content": "Ready|a_authorize_patrol"}"
[nurse_disinfect-3] [INFO] [1748620815.812476715] [nurse_disinfect]: Ready to act
[spotrobot-5] [INFO] [1748620815.812667567] [spotrobot]: And it is for me
[spotrobot-5] [INFO] [1748620815.812984924] [spotrobot]: Ready to act
[uvdrobot-4] [INFO] [1748620815.813266589] [uvdrobot]: I heard: "{"performative": "query", "sender": "nurse_disinfected1", "receiver": "spotrobot1", "content": "Done|a_authorize_patrol"}"
[nurse_disinfect-3] [INFO] [1748620815.813518854] [nurse_disinfect]: I heard: "{"performative": "query", "sender": "nurse_disinfected1", "receiver": "spotrobot1", "content": "Done|a_authenticate_nurse"}"
[spotrobot-5] [INFO] [1748620815.813683183] [spotrobot]: I heard: "{"performative": "query", "sender": "nurse_disinfected1", "receiver": "spotrobot1", "content": "Done|a_authorize_patrol"}"
[uvdrobot-4] [INFO] [1748620815.813721347] [uvdrobot]: And it is not for me
[spotrobot-5] [INFO] [1748620815.813963102] [spotrobot]: And it is for me
[nurse_disinfect-3] [INFO] [1748620815.813997949] [nurse_disinfect]: And it is not for me
[spotrobot-5] [INFO] [1748620815.814224008] [spotrobot]: Finished action
[uvdrobot-4] [INFO] [1748620815.814618603] [uvdrobot]: I heard: "{"performative": "query", "sender": "spotrobot1", "receiver": "nurse_disinfected1", "content": "Done|a_authorize_patrol"}"
[spotrobot-5] [INFO] [1748620815.814680118] [spotrobot]: Doing a_patrol_room
[nurse_disinfect-3] [INFO] [1748620815.814884214] [nurse_disinfect]: I heard: "{"performative": "query", "sender": "nurse_disinfected1", "receiver": "spotrobot1", "content": "Ready|a_authorize_patrol"}"
[uvdrobot-4] [INFO] [1748620815.815093442] [uvdrobot]: And it is not for me
[spotrobot-5] [INFO] [1748620815.815351248] [spotrobot]: Wating for response
[nurse_disinfect-3] [INFO] [1748620815.815408551] [nurse_disinfect]: And it is not for me
[uvdrobot-4] [INFO] [1748620815.815956674] [uvdrobot]: I heard: "{"performative": "query", "sender": "spotrobot1", "receiver": "nurse_disinfected1", "content": "Done|a_authorize_patrol"}"
[spotrobot-5] [INFO] [1748620815.816053792] [spotrobot]: I heard: "{"performative": "query", "sender": "spotrobot1", "receiver": "nurse_disinfected1", "content": "Done|a_authorize_patrol"}"
[nurse_disinfect-3] [INFO] [1748620815.816300605] [nurse_disinfect]: I heard: "{"performative": "query", "sender": "nurse_disinfected1", "receiver": "spotrobot1", "content": "Done|a_authorize_patrol"}"
[spotrobot-5] [INFO] [1748620815.816357103] [spotrobot]: And it is not for me
[uvdrobot-4] [INFO] [1748620815.816454470] [uvdrobot]: And it is not for me
[nurse_disinfect-3] [INFO] [1748620815.816802477] [nurse_disinfect]: And it is not for me
[spotrobot-5] [INFO] [1748620815.816943122] [spotrobot]: I heard: "{"performative": "query", "sender": "spotrobot1", "receiver": "nurse_disinfected1", "content": "Done|a_authorize_patrol"}"
[spotrobot-5] [INFO] [1748620815.817226777] [spotrobot]: And it is not for me
[nurse_disinfect-3] [INFO] [1748620815.817655570] [nurse_disinfect]: I heard: "{"performative": "query", "sender": "spotrobot1", "receiver": "nurse_disinfected1", "content": "Done|a_authorize_patrol"}"
[nurse_disinfect-3] [INFO] [1748620815.818075405] [nurse_disinfect]: And it is for me
[nurse_disinfect-3] [INFO] [1748620815.818352448] [nurse_disinfect]: Finished action
[spotrobot-5] [INFO] [1748620815.818360336] [spotrobot]: success
[spotrobot-5] [INFO] [1748620815.818786338] [spotrobot]: Doing a_authorize_disinfect
[uvdrobot-4] [INFO] [1748620815.819117956] [uvdrobot]: I heard: "{"performative": "query", "sender": "nurse_disinfected1", "receiver": "spotrobot1", "content": "Done|a_authorize_patrol"}"
[nurse_disinfect-3] [INFO] [1748620815.819343168] [nurse_disinfect]: I heard: "{"performative": "query", "sender": "spotrobot1", "receiver": "nurse_disinfected1", "content": "Done|a_authorize_patrol"}"
[spotrobot-5] [INFO] [1748620815.819569060] [spotrobot]: a_authorize_disinfect
[uvdrobot-4] [INFO] [1748620815.819653134] [uvdrobot]: And it is not for me
[nurse_disinfect-3] [INFO] [1748620815.819892950] [nurse_disinfect]: And it is for me
[spotrobot-5] [INFO] [1748620815.819934336] [spotrobot]: Here first, waiting for spotrobot
[nurse_disinfect-3] [INFO] [1748620815.820515997] [nurse_disinfect]: Already finished action
[uvdrobot-4] [INFO] [1748620815.820943371] [uvdrobot]: I heard: "{"performative": "query", "sender": "spotrobot1", "receiver": "uvdrobot1", "content": "Ready|a_authorize_disinfect"}"
[spotrobot-5] [INFO] [1748620815.820950134] [spotrobot]: I heard: "{"performative": "query", "sender": "nurse_disinfected1", "receiver": "spotrobot1", "content": "Done|a_authorize_patrol"}"
[uvdrobot-4] [INFO] [1748620815.821272864] [uvdrobot]: And it is for me
[spotrobot-5] [INFO] [1748620815.821331490] [spotrobot]: And it is for me
[nurse_disinfect-3] [INFO] [1748620815.821331708] [nurse_disinfect]: I heard: "{"performative": "query", "sender": "nurse_disinfected1", "receiver": "spotrobot1", "content": "Done|a_authorize_patrol"}"
[uvdrobot-4] [INFO] [1748620815.821552962] [uvdrobot]: Ready to act
[nurse_disinfect-3] [INFO] [1748620815.821683798] [nurse_disinfect]: And it is not for me
[spotrobot-5] [INFO] [1748620815.821842372] [spotrobot]: Already finished action
[nurse_disinfect-3] [INFO] [1748620815.822484545] [nurse_disinfect]: I heard: "{"performative": "query", "sender": "spotrobot1", "receiver": "uvdrobot1", "content": "Ready|a_authorize_disinfect"}"
[uvdrobot-4] [INFO] [1748620815.822525720] [uvdrobot]: I heard: "{"performative": "query", "sender": "uvdrobot1", "receiver": "spotrobot1", "content": "Done|a_authorize_disinfect"}"
[spotrobot-5] [INFO] [1748620815.822802738] [spotrobot]: I heard: "{"performative": "query", "sender": "spotrobot1", "receiver": "uvdrobot1", "content": "Ready|a_authorize_disinfect"}"
[nurse_disinfect-3] [INFO] [1748620815.822827990] [nurse_disinfect]: And it is not for me
[uvdrobot-4] [INFO] [1748620815.823013480] [uvdrobot]: And it is not for me
[spotrobot-5] [INFO] [1748620815.823278244] [spotrobot]: And it is not for me
[nurse_disinfect-3] [INFO] [1748620815.823477885] [nurse_disinfect]: I heard: "{"performative": "query", "sender": "uvdrobot1", "receiver": "spotrobot1", "content": "Done|a_authorize_disinfect"}"
[nurse_disinfect-3] [INFO] [1748620815.823841516] [nurse_disinfect]: And it is not for me
[spotrobot-5] [INFO] [1748620815.824117431] [spotrobot]: I heard: "{"performative": "query", "sender": "uvdrobot1", "receiver": "spotrobot1", "content": "Done|a_authorize_disinfect"}"
[spotrobot-5] [INFO] [1748620815.824660072] [spotrobot]: And it is for me
[spotrobot-5] [INFO] [1748620815.825183738] [spotrobot]: Finished action
[uvdrobot-4] [INFO] [1748620815.825857646] [uvdrobot]: I heard: "{"performative": "query", "sender": "spotrobot1", "receiver": "uvdrobot1", "content": "Done|a_authorize_disinfect"}"
[nurse_disinfect-3] [INFO] [1748620815.825974706] [nurse_disinfect]: I heard: "{"performative": "query", "sender": "spotrobot1", "receiver": "uvdrobot1", "content": "Done|a_authorize_disinfect"}"
[spotrobot-5] [INFO] [1748620815.826134400] [spotrobot]: I heard: "{"performative": "query", "sender": "spotrobot1", "receiver": "uvdrobot1", "content": "Done|a_authorize_disinfect"}"
[uvdrobot-4] [INFO] [1748620815.826205782] [uvdrobot]: And it is for me
[nurse_disinfect-3] [INFO] [1748620815.826329161] [nurse_disinfect]: And it is not for me
[uvdrobot-4] [INFO] [1748620815.826477008] [uvdrobot]: Finished action
[spotrobot-5] [INFO] [1748620815.826666068] [spotrobot]: And it is not for me
[uvdrobot-4] [INFO] [1748620815.826962800] [uvdrobot]: Doing a_navto
[nurse_disinfect-3] [INFO] [1748620815.827337248] [nurse_disinfect]: I heard: "{"performative": "query", "sender": "uvdrobot1", "receiver": "spotrobot1", "content": "Done|a_authorize_disinfect"}"
[uvdrobot-4] [INFO] [1748620815.827592132] [uvdrobot]: Waiting for response
[spotrobot-5] [INFO] [1748620815.827655076] [spotrobot]: I heard: "{"performative": "query", "sender": "uvdrobot1", "receiver": "spotrobot1", "content": "Done|a_authorize_disinfect"}"
[nurse_disinfect-3] [INFO] [1748620815.827698674] [nurse_disinfect]: And it is not for me
[spotrobot-5] [INFO] [1748620815.828090254] [spotrobot]: And it is for me
[spotrobot-5] [INFO] [1748620815.828409616] [spotrobot]: Already finished action
[uvdrobot-4] [INFO] [1748620815.828505005] [uvdrobot]: I heard: "{"performative": "query", "sender": "uvdrobot1", "receiver": "spotrobot1", "content": "Done|a_authorize_disinfect"}"
[uvdrobot-4] [INFO] [1748620815.829046142] [uvdrobot]: And it is not for me
[uvdrobot-4] [INFO] [1748620815.830068521] [uvdrobot]: success
[uvdrobot-4] [INFO] [1748620815.830570677] [uvdrobot]: Doing a_disinfect_room
[uvdrobot-4] [INFO] [1748620815.831228395] [uvdrobot]: Waiting for response
[uvdrobot-4] [INFO] [1748620815.832592299] [uvdrobot]: success
[uvdrobot-4] [INFO] [1748620815.835671738] [uvdrobot]: Recebido sinal de desligamento do coordenador, finalizando...
[disinfect_environment-1] [INFO] [1748620815.835686559] [disinfect_environment]: Recebido sinal de desligamento do coordenador, finalizando...
[disinfect_planner-2] [INFO] [1748620815.835698297] [disinfect_planner]: Recebido sinal de desligamento do coordenador, finalizando...
[nurse_disinfect-3] [INFO] [1748620815.835894528] [nurse_disinfect]: Recebido sinal de desligamento do coordenador, finalizando...
[spotrobot-5] [INFO] [1748620815.835951921] [spotrobot]: Recebido sinal de desligamento do coordenador, finalizando...
[disinfect_environment-1] [INFO] [1748620815.836205732] [Quitting]: Done
[disinfect_planner-2] [INFO] [1748620815.836224072] [Quitting]: Done
[uvdrobot-4] [INFO] [1748620815.836389667] [Quitting]: Done
[nurse_disinfect-3] [INFO] [1748620815.836549418] [Quitting]: Done
[spotrobot-5] [INFO] [1748620815.836819079] [Quitting]: Done
[INFO] [disinfect_environment-1]: process has finished cleanly [pid 30027]
[INFO] [nurse_disinfect-3]: process has finished cleanly [pid 30031]
[INFO] [uvdrobot-4]: process has finished cleanly [pid 30033]
[INFO] [spotrobot-5]: process has finished cleanly [pid 30035]
[INFO] [disinfect_planner-2]: process has finished cleanly [pid 30029]
