[INFO] [launch]: All log files can be found below /home/rafael/.ros/log/2025-05-30-13-02-06-904383-NotebookRafael-31920
[INFO] [launch]: Default logging verbosity is set to INFO
[INFO] [disinfect_environment-1]: process started with pid [31923]
[INFO] [disinfect_planner-2]: process started with pid [31925]
[INFO] [nurse_disinfect-3]: process started with pid [31927]
[INFO] [uvdrobot-4]: process started with pid [31929]
[INFO] [spotrobot-5]: process started with pid [31931]
[disinfect_environment-1] [INFO] [1748620927.146064179] [disinfect_environment]: Starting Environment server
[disinfect_environment-1] [INFO] [1748620927.156151192] [disinfect_environment]: Environment server started
[disinfect_planner-2] [INFO] [1748620927.696276107] [disinfect_planner]: Starting Planner server
[disinfect_planner-2] [INFO] [1748620927.700180566] [disinfect_planner]: Planner server started
[disinfect_planner-2] [INFO] [1748620927.908724615] [disinfect_planner]: Creating plan for: spotrobot1 uvdrobot1 nurse_disinfected1
[disinfect_planner-2] [INFO] [1748620927.910292492] [disinfect_planner]: a_navto,spotrobot1,room1
[disinfect_planner-2] [INFO] [1748620927.910602158] [disinfect_planner]: a_open_door,spotrobot1,room1
[disinfect_planner-2] [INFO] [1748620927.910896680] [disinfect_planner]: a_approach_nurse,spotrobot1,nurse_disinfected1
[disinfect_planner-2] [INFO] [1748620927.911201163] [disinfect_planner]: a_authenticate_nurse,spotrobot1,nurse_disinfected1
[disinfect_planner-2] [INFO] [1748620927.911509576] [disinfect_planner]: a_authorize_patrol,spotrobot1,nurse_disinfected1
[disinfect_planner-2] [INFO] [1748620927.911800545] [disinfect_planner]: a_patrol_room,spotrobot1,room1
[disinfect_planner-2] [INFO] [1748620927.912090317] [disinfect_planner]: a_authorize_disinfect,uvdrobot1,spotrobot1
[disinfect_planner-2] [INFO] [1748620927.912379062] [disinfect_planner]: a_navto,uvdrobot1,room1
[disinfect_planner-2] [INFO] [1748620927.912669494] [disinfect_planner]: a_disinfect_room,uvdrobot1,room1
[disinfect_planner-2] [INFO] [1748620927.912999271] [disinfect_planner]: Sending response
[nurse_disinfect-3] [INFO] [1748620927.913828601] [nurse_disinfect]: response.response nurse_disinfected1
[nurse_disinfect-3] [INFO] [1748620927.914184766] [nurse_disinfect]: My name is nurse_disinfected1
[spotrobot-5] [INFO] [1748620927.915354075] [spotrobot]: response.response spotrobot1
[spotrobot-5] [INFO] [1748620927.915700778] [spotrobot]: My name is spotrobot1
[spotrobot-5] [INFO] [1748620927.916371509] [spotrobot]: I heard: "{"performative": "request", "sender": "Coordinator", "receiver": "uvdrobot1", "content": "Plan|a_authorize_disinfect,uvdrobot1,spotrobot1/a_navto,uvdrobot1,room1/a_disinfect_room,uvdrobot1,room1"}"
[uvdrobot-4] [INFO] [1748620927.916385708] [uvdrobot]: response.response uvdrobot1
[spotrobot-5] [INFO] [1748620927.916689685] [spotrobot]: And it is not for me
[uvdrobot-4] [INFO] [1748620927.916714165] [uvdrobot]: My name is uvdrobot1
[spotrobot-5] [INFO] [1748620927.917311760] [spotrobot]: I heard: "{"performative": "request", "sender": "Coordinator", "receiver": "spotrobot1", "content": "Plan|a_navto,spotrobot1,room1/a_open_door,spotrobot1,room1/a_approach_nurse,spotrobot1,nurse_disinfected1/a_authenticate_nurse,spotrobot1,nurse_disinfected1/a_authorize_patrol,spotrobot1,nurse_disinfected1/a_patrol_room,spotrobot1,room1/a_authorize_disinfect,uvdrobot1,spotrobot1"}"
[uvdrobot-4] [INFO] [1748620927.917358736] [uvdrobot]: I heard: "{"performative": "request", "sender": "Coordinator", "receiver": "uvdrobot1", "content": "Plan|a_authorize_disinfect,uvdrobot1,spotrobot1/a_navto,uvdrobot1,room1/a_disinfect_room,uvdrobot1,room1"}"
[spotrobot-5] [INFO] [1748620927.917615895] [spotrobot]: And it is for me
[uvdrobot-4] [INFO] [1748620927.917635437] [uvdrobot]: And it is for me
[uvdrobot-4] [INFO] [1748620927.918014681] [uvdrobot]: Doing a_authorize_disinfect
[spotrobot-5] [INFO] [1748620927.918051787] [spotrobot]: Doing a_navto
[uvdrobot-4] [INFO] [1748620927.918284172] [uvdrobot]: a_authorize_disinfect
[spotrobot-5] [INFO] [1748620927.918493080] [spotrobot]: Wating for response
[uvdrobot-4] [INFO] [1748620927.918627907] [uvdrobot]: Here first, waiting for spotrobot
[spotrobot-5] [INFO] [1748620927.918986111] [spotrobot]: I heard: "{"performative": "request", "sender": "Coordinator", "receiver": "nurse_disinfected1", "content": "Plan|a_approach_nurse,spotrobot1,nurse_disinfected1/a_authenticate_nurse,spotrobot1,nurse_disinfected1/a_authorize_patrol,spotrobot1,nurse_disinfected1"}"
[spotrobot-5] [INFO] [1748620927.919246442] [spotrobot]: And it is not for me
[uvdrobot-4] [INFO] [1748620927.919303944] [uvdrobot]: I heard: "{"performative": "request", "sender": "Coordinator", "receiver": "spotrobot1", "content": "Plan|a_navto,spotrobot1,room1/a_open_door,spotrobot1,room1/a_approach_nurse,spotrobot1,nurse_disinfected1/a_authenticate_nurse,spotrobot1,nurse_disinfected1/a_authorize_patrol,spotrobot1,nurse_disinfected1/a_patrol_room,spotrobot1,room1/a_authorize_disinfect,uvdrobot1,spotrobot1"}"
[uvdrobot-4] [INFO] [1748620927.919569035] [uvdrobot]: And it is not for me
[spotrobot-5] [INFO] [1748620927.919778008] [spotrobot]: I heard: "{"performative": "query", "sender": "uvdrobot1", "receiver": "spotrobot1", "content": "Ready|a_authorize_disinfect"}"
[uvdrobot-4] [INFO] [1748620927.919913306] [uvdrobot]: I heard: "{"performative": "query", "sender": "uvdrobot1", "receiver": "spotrobot1", "content": "Ready|a_authorize_disinfect"}"
[spotrobot-5] [INFO] [1748620927.920076554] [spotrobot]: And it is for me
[uvdrobot-4] [INFO] [1748620927.920184777] [uvdrobot]: And it is not for me
[spotrobot-5] [INFO] [1748620927.920333418] [spotrobot]: No there yet
[uvdrobot-4] [INFO] [1748620927.920736935] [uvdrobot]: I heard: "{"performative": "request", "sender": "Coordinator", "receiver": "nurse_disinfected1", "content": "Plan|a_approach_nurse,spotrobot1,nurse_disinfected1/a_authenticate_nurse,spotrobot1,nurse_disinfected1/a_authorize_patrol,spotrobot1,nurse_disinfected1"}"
[spotrobot-5] [INFO] [1748620927.920886631] [spotrobot]: success
[uvdrobot-4] [INFO] [1748620927.921000253] [uvdrobot]: And it is not for me
[spotrobot-5] [INFO] [1748620927.921191434] [spotrobot]: Doing a_open_door
[spotrobot-5] [INFO] [1748620927.921594098] [spotrobot]: Wating for response
[spotrobot-5] [INFO] [1748620927.922394128] [spotrobot]: success
[spotrobot-5] [INFO] [1748620927.922726638] [spotrobot]: Doing a_approach_nurse
[spotrobot-5] [INFO] [1748620927.923162861] [spotrobot]: Wating for response
[spotrobot-5] [INFO] [1748620927.923927956] [spotrobot]: success
[spotrobot-5] [INFO] [1748620927.924270268] [spotrobot]: Doing a_authenticate_nurse
[spotrobot-5] [INFO] [1748620927.924566005] [spotrobot]: a_authenticate_nurse
[spotrobot-5] [INFO] [1748620927.924859943] [spotrobot]: Here first, waiting for nurse
[uvdrobot-4] [INFO] [1748620927.925460719] [uvdrobot]: I heard: "{"performative": "query", "sender": "spotrobot1", "receiver": "nurse_disinfected1", "content": "Ready|a_authenticate_nurse"}"
[spotrobot-5] [INFO] [1748620927.925497021] [spotrobot]: I heard: "{"performative": "query", "sender": "spotrobot1", "receiver": "nurse_disinfected1", "content": "Ready|a_authenticate_nurse"}"
[uvdrobot-4] [INFO] [1748620927.925784795] [uvdrobot]: And it is not for me
[spotrobot-5] [INFO] [1748620927.926024441] [spotrobot]: And it is not for me
[nurse_disinfect-3] [INFO] [1748620928.916604635] [nurse_disinfect]: I heard: "{"performative": "request", "sender": "Coordinator", "receiver": "uvdrobot1", "content": "Plan|a_authorize_disinfect,uvdrobot1,spotrobot1/a_navto,uvdrobot1,room1/a_disinfect_room,uvdrobot1,room1"}"
[nurse_disinfect-3] [INFO] [1748620928.917073078] [nurse_disinfect]: And it is not for me
[nurse_disinfect-3] [INFO] [1748620928.917636498] [nurse_disinfect]: I heard: "{"performative": "query", "sender": "uvdrobot1", "receiver": "spotrobot1", "content": "Ready|a_authorize_disinfect"}"
[nurse_disinfect-3] [INFO] [1748620928.917954372] [nurse_disinfect]: And it is not for me
[nurse_disinfect-3] [INFO] [1748620928.918597303] [nurse_disinfect]: I heard: "{"performative": "request", "sender": "Coordinator", "receiver": "spotrobot1", "content": "Plan|a_navto,spotrobot1,room1/a_open_door,spotrobot1,room1/a_approach_nurse,spotrobot1,nurse_disinfected1/a_authenticate_nurse,spotrobot1,nurse_disinfected1/a_authorize_patrol,spotrobot1,nurse_disinfected1/a_patrol_room,spotrobot1,room1/a_authorize_disinfect,uvdrobot1,spotrobot1"}"
[nurse_disinfect-3] [INFO] [1748620928.918908270] [nurse_disinfect]: And it is not for me
[nurse_disinfect-3] [INFO] [1748620928.919266960] [nurse_disinfect]: I heard: "{"performative": "query", "sender": "spotrobot1", "receiver": "nurse_disinfected1", "content": "Ready|a_authenticate_nurse"}"
[nurse_disinfect-3] [INFO] [1748620928.919635951] [nurse_disinfect]: And it is for me
[nurse_disinfect-3] [INFO] [1748620928.919942913] [nurse_disinfect]: No there yet
[nurse_disinfect-3] [INFO] [1748620928.920829334] [nurse_disinfect]: I heard: "{"performative": "request", "sender": "Coordinator", "receiver": "nurse_disinfected1", "content": "Plan|a_approach_nurse,spotrobot1,nurse_disinfected1/a_authenticate_nurse,spotrobot1,nurse_disinfected1/a_authorize_patrol,spotrobot1,nurse_disinfected1"}"
[nurse_disinfect-3] [INFO] [1748620928.921241138] [nurse_disinfect]: And it is for me
[nurse_disinfect-3] [INFO] [1748620928.922385892] [nurse_disinfect]: a_approach_nurse
[nurse_disinfect-3] [INFO] [1748620928.922767823] [nurse_disinfect]: a_authenticate_nurse
[nurse_disinfect-3] [INFO] [1748620928.923074596] [nurse_disinfect]: Doing a_authenticate_nurse
[nurse_disinfect-3] [INFO] [1748620928.923374386] [nurse_disinfect]: a_authenticate_nurse
[nurse_disinfect-3] [INFO] [1748620928.923723058] [nurse_disinfect]: Robot is waiting, send action message
[spotrobot-5] [INFO] [1748620928.924308858] [spotrobot]: I heard: "{"performative": "query", "sender": "nurse_disinfected1", "receiver": "spotrobot1", "content": "Done|a_authenticate_nurse"}"
[uvdrobot-4] [INFO] [1748620928.924470384] [uvdrobot]: I heard: "{"performative": "query", "sender": "nurse_disinfected1", "receiver": "spotrobot1", "content": "Done|a_authenticate_nurse"}"
[nurse_disinfect-3] [INFO] [1748620928.924587719] [nurse_disinfect]: I heard: "{"performative": "query", "sender": "nurse_disinfected1", "receiver": "spotrobot1", "content": "Done|a_authenticate_nurse"}"
[spotrobot-5] [INFO] [1748620928.924700043] [spotrobot]: And it is for me
[uvdrobot-4] [INFO] [1748620928.924782962] [uvdrobot]: And it is not for me
[spotrobot-5] [INFO] [1748620928.925038660] [spotrobot]: Finished action
[nurse_disinfect-3] [INFO] [1748620928.925070883] [nurse_disinfect]: And it is not for me
[spotrobot-5] [INFO] [1748620928.925487926] [spotrobot]: Doing a_authorize_patrol
[uvdrobot-4] [INFO] [1748620928.925685027] [uvdrobot]: I heard: "{"performative": "query", "sender": "spotrobot1", "receiver": "nurse_disinfected1", "content": "Done|a_authenticate_nurse"}"
[spotrobot-5] [INFO] [1748620928.925791834] [spotrobot]: a_authorize_patrol
[uvdrobot-4] [INFO] [1748620928.925996277] [uvdrobot]: And it is not for me
[spotrobot-5] [INFO] [1748620928.926045606] [spotrobot]: Here first, waiting for nurse
[nurse_disinfect-3] [INFO] [1748620928.926166858] [nurse_disinfect]: I heard: "{"performative": "query", "sender": "spotrobot1", "receiver": "nurse_disinfected1", "content": "Done|a_authenticate_nurse"}"
[uvdrobot-4] [INFO] [1748620928.926625637] [uvdrobot]: I heard: "{"performative": "query", "sender": "spotrobot1", "receiver": "nurse_disinfected1", "content": "Ready|a_authorize_patrol"}"
[spotrobot-5] [INFO] [1748620928.926651594] [spotrobot]: I heard: "{"performative": "query", "sender": "spotrobot1", "receiver": "nurse_disinfected1", "content": "Done|a_authenticate_nurse"}"
[nurse_disinfect-3] [INFO] [1748620928.926686974] [nurse_disinfect]: And it is for me
[uvdrobot-4] [INFO] [1748620928.926900066] [uvdrobot]: And it is not for me
[spotrobot-5] [INFO] [1748620928.926922348] [spotrobot]: And it is not for me
[nurse_disinfect-3] [INFO] [1748620928.927184952] [nurse_disinfect]: Finished action
[spotrobot-5] [INFO] [1748620928.927497491] [spotrobot]: I heard: "{"performative": "query", "sender": "spotrobot1", "receiver": "nurse_disinfected1", "content": "Ready|a_authorize_patrol"}"
[spotrobot-5] [INFO] [1748620928.927774013] [spotrobot]: And it is not for me
[uvdrobot-4] [INFO] [1748620928.927787052] [uvdrobot]: I heard: "{"performative": "query", "sender": "nurse_disinfected1", "receiver": "spotrobot1", "content": "Done|a_authenticate_nurse"}"
[nurse_disinfect-3] [INFO] [1748620928.927913887] [nurse_disinfect]: a_authorize_patrol
[uvdrobot-4] [INFO] [1748620928.928070708] [uvdrobot]: And it is not for me
[spotrobot-5] [INFO] [1748620928.928271058] [spotrobot]: I heard: "{"performative": "query", "sender": "nurse_disinfected1", "receiver": "spotrobot1", "content": "Done|a_authenticate_nurse"}"
[nurse_disinfect-3] [INFO] [1748620928.928464245] [nurse_disinfect]: Doing a_authorize_patrol
[spotrobot-5] [INFO] [1748620928.928595106] [spotrobot]: And it is for me
[spotrobot-5] [INFO] [1748620928.928924902] [spotrobot]: Already finished action
[nurse_disinfect-3] [INFO] [1748620928.928936382] [nurse_disinfect]: a_authorize_patrol
[nurse_disinfect-3] [INFO] [1748620928.929424588] [nurse_disinfect]: Here first, waiting for robot
[uvdrobot-4] [INFO] [1748620928.930059658] [uvdrobot]: I heard: "{"performative": "query", "sender": "nurse_disinfected1", "receiver": "spotrobot1", "content": "Ready|a_authorize_patrol"}"
[nurse_disinfect-3] [INFO] [1748620928.930355755] [nurse_disinfect]: I heard: "{"performative": "query", "sender": "spotrobot1", "receiver": "nurse_disinfected1", "content": "Ready|a_authorize_patrol"}"
[uvdrobot-4] [INFO] [1748620928.930383790] [uvdrobot]: And it is not for me
[spotrobot-5] [INFO] [1748620928.930394821] [spotrobot]: I heard: "{"performative": "query", "sender": "nurse_disinfected1", "receiver": "spotrobot1", "content": "Ready|a_authorize_patrol"}"
[nurse_disinfect-3] [INFO] [1748620928.930629534] [nurse_disinfect]: And it is for me
[spotrobot-5] [INFO] [1748620928.930798822] [spotrobot]: And it is for me
[nurse_disinfect-3] [INFO] [1748620928.930880083] [nurse_disinfect]: Ready to act
[spotrobot-5] [INFO] [1748620928.931087934] [spotrobot]: Ready to act
[uvdrobot-4] [INFO] [1748620928.931421228] [uvdrobot]: I heard: "{"performative": "query", "sender": "nurse_disinfected1", "receiver": "spotrobot1", "content": "Done|a_authorize_patrol"}"
[nurse_disinfect-3] [INFO] [1748620928.931644028] [nurse_disinfect]: I heard: "{"performative": "query", "sender": "nurse_disinfected1", "receiver": "spotrobot1", "content": "Done|a_authenticate_nurse"}"
[uvdrobot-4] [INFO] [1748620928.931702387] [uvdrobot]: And it is not for me
[spotrobot-5] [INFO] [1748620928.931952246] [spotrobot]: I heard: "{"performative": "query", "sender": "nurse_disinfected1", "receiver": "spotrobot1", "content": "Done|a_authorize_patrol"}"
[nurse_disinfect-3] [INFO] [1748620928.932107345] [nurse_disinfect]: And it is not for me
[uvdrobot-4] [INFO] [1748620928.932170557] [uvdrobot]: I heard: "{"performative": "query", "sender": "spotrobot1", "receiver": "nurse_disinfected1", "content": "Done|a_authorize_patrol"}"
[spotrobot-5] [INFO] [1748620928.932225244] [spotrobot]: And it is for me
[uvdrobot-4] [INFO] [1748620928.932435987] [uvdrobot]: And it is not for me
[spotrobot-5] [INFO] [1748620928.932579882] [spotrobot]: Finished action
[nurse_disinfect-3] [INFO] [1748620928.932788933] [nurse_disinfect]: I heard: "{"performative": "query", "sender": "nurse_disinfected1", "receiver": "spotrobot1", "content": "Ready|a_authorize_patrol"}"
[nurse_disinfect-3] [INFO] [1748620928.933077452] [nurse_disinfect]: And it is not for me
[spotrobot-5] [INFO] [1748620928.933176050] [spotrobot]: Doing a_patrol_room
[uvdrobot-4] [INFO] [1748620928.933393182] [uvdrobot]: I heard: "{"performative": "query", "sender": "spotrobot1", "receiver": "nurse_disinfected1", "content": "Done|a_authorize_patrol"}"
[spotrobot-5] [INFO] [1748620928.933545220] [spotrobot]: Wating for response
[nurse_disinfect-3] [INFO] [1748620928.933751293] [nurse_disinfect]: I heard: "{"performative": "query", "sender": "nurse_disinfected1", "receiver": "spotrobot1", "content": "Done|a_authorize_patrol"}"
[uvdrobot-4] [INFO] [1748620928.933900236] [uvdrobot]: And it is not for me
[spotrobot-5] [INFO] [1748620928.934077398] [spotrobot]: I heard: "{"performative": "query", "sender": "spotrobot1", "receiver": "nurse_disinfected1", "content": "Done|a_authorize_patrol"}"
[nurse_disinfect-3] [INFO] [1748620928.934137436] [nurse_disinfect]: And it is not for me
[spotrobot-5] [INFO] [1748620928.934520048] [spotrobot]: And it is not for me
[nurse_disinfect-3] [INFO] [1748620928.934656798] [nurse_disinfect]: I heard: "{"performative": "query", "sender": "spotrobot1", "receiver": "nurse_disinfected1", "content": "Done|a_authorize_patrol"}"
[nurse_disinfect-3] [INFO] [1748620928.934940275] [nurse_disinfect]: And it is for me
[nurse_disinfect-3] [INFO] [1748620928.935252995] [nurse_disinfect]: Finished action
[spotrobot-5] [INFO] [1748620928.935497501] [spotrobot]: I heard: "{"performative": "query", "sender": "spotrobot1", "receiver": "nurse_disinfected1", "content": "Done|a_authorize_patrol"}"
[uvdrobot-4] [INFO] [1748620928.935828353] [uvdrobot]: I heard: "{"performative": "query", "sender": "nurse_disinfected1", "receiver": "spotrobot1", "content": "Done|a_authorize_patrol"}"
[spotrobot-5] [INFO] [1748620928.935963542] [spotrobot]: And it is not for me
[nurse_disinfect-3] [INFO] [1748620928.936302320] [nurse_disinfect]: I heard: "{"performative": "query", "sender": "spotrobot1", "receiver": "nurse_disinfected1", "content": "Done|a_authorize_patrol"}"
[uvdrobot-4] [INFO] [1748620928.936326171] [uvdrobot]: And it is not for me
[nurse_disinfect-3] [INFO] [1748620928.936755120] [nurse_disinfect]: And it is for me
[spotrobot-5] [INFO] [1748620928.936806348] [spotrobot]: I heard: "{"performative": "query", "sender": "nurse_disinfected1", "receiver": "spotrobot1", "content": "Done|a_authorize_patrol"}"
[nurse_disinfect-3] [INFO] [1748620928.937204385] [nurse_disinfect]: Already finished action
[spotrobot-5] [INFO] [1748620928.937261164] [spotrobot]: And it is for me
[spotrobot-5] [INFO] [1748620928.937757522] [spotrobot]: Already finished action
[nurse_disinfect-3] [INFO] [1748620928.938105885] [nurse_disinfect]: I heard: "{"performative": "query", "sender": "nurse_disinfected1", "receiver": "spotrobot1", "content": "Done|a_authorize_patrol"}"
[nurse_disinfect-3] [INFO] [1748620928.938568052] [nurse_disinfect]: And it is not for me
[spotrobot-5] [INFO] [1748620928.938607292] [spotrobot]: success
[spotrobot-5] [INFO] [1748620928.939192444] [spotrobot]: Doing a_authorize_disinfect
[spotrobot-5] [INFO] [1748620928.939693174] [spotrobot]: a_authorize_disinfect
[spotrobot-5] [INFO] [1748620928.940182285] [spotrobot]: Here first, waiting for spotrobot
[uvdrobot-4] [INFO] [1748620928.940906514] [uvdrobot]: I heard: "{"performative": "query", "sender": "spotrobot1", "receiver": "uvdrobot1", "content": "Ready|a_authorize_disinfect"}"
[nurse_disinfect-3] [INFO] [1748620928.941012964] [nurse_disinfect]: I heard: "{"performative": "query", "sender": "spotrobot1", "receiver": "uvdrobot1", "content": "Ready|a_authorize_disinfect"}"
[spotrobot-5] [INFO] [1748620928.941140339] [spotrobot]: I heard: "{"performative": "query", "sender": "spotrobot1", "receiver": "uvdrobot1", "content": "Ready|a_authorize_disinfect"}"
[uvdrobot-4] [INFO] [1748620928.941272150] [uvdrobot]: And it is for me
[nurse_disinfect-3] [INFO] [1748620928.941485629] [nurse_disinfect]: And it is not for me
[uvdrobot-4] [INFO] [1748620928.941541057] [uvdrobot]: Ready to act
[spotrobot-5] [INFO] [1748620928.941575996] [spotrobot]: And it is not for me
[uvdrobot-4] [INFO] [1748620928.942155630] [uvdrobot]: I heard: "{"performative": "query", "sender": "uvdrobot1", "receiver": "spotrobot1", "content": "Done|a_authorize_disinfect"}"
[nurse_disinfect-3] [INFO] [1748620928.942348622] [nurse_disinfect]: I heard: "{"performative": "query", "sender": "uvdrobot1", "receiver": "spotrobot1", "content": "Done|a_authorize_disinfect"}"
[uvdrobot-4] [INFO] [1748620928.942425395] [uvdrobot]: And it is not for me
[spotrobot-5] [INFO] [1748620928.942528546] [spotrobot]: I heard: "{"performative": "query", "sender": "uvdrobot1", "receiver": "spotrobot1", "content": "Done|a_authorize_disinfect"}"
[nurse_disinfect-3] [INFO] [1748620928.942828073] [nurse_disinfect]: And it is not for me
[spotrobot-5] [INFO] [1748620928.943018834] [spotrobot]: And it is for me
[spotrobot-5] [INFO] [1748620928.943471313] [spotrobot]: Finished action
[uvdrobot-4] [INFO] [1748620928.944084797] [uvdrobot]: I heard: "{"performative": "query", "sender": "spotrobot1", "receiver": "uvdrobot1", "content": "Done|a_authorize_disinfect"}"
[nurse_disinfect-3] [INFO] [1748620928.944371052] [nurse_disinfect]: I heard: "{"performative": "query", "sender": "spotrobot1", "receiver": "uvdrobot1", "content": "Done|a_authorize_disinfect"}"
[uvdrobot-4] [INFO] [1748620928.944418740] [uvdrobot]: And it is for me
[spotrobot-5] [INFO] [1748620928.944527896] [spotrobot]: I heard: "{"performative": "query", "sender": "spotrobot1", "receiver": "uvdrobot1", "content": "Done|a_authorize_disinfect"}"
[uvdrobot-4] [INFO] [1748620928.944682803] [uvdrobot]: Finished action
[nurse_disinfect-3] [INFO] [1748620928.944891582] [nurse_disinfect]: And it is not for me
[spotrobot-5] [INFO] [1748620928.944988649] [spotrobot]: And it is not for me
[uvdrobot-4] [INFO] [1748620928.945109734] [uvdrobot]: Doing a_navto
[uvdrobot-4] [INFO] [1748620928.945503001] [uvdrobot]: Waiting for response
[nurse_disinfect-3] [INFO] [1748620928.945732061] [nurse_disinfect]: I heard: "{"performative": "query", "sender": "uvdrobot1", "receiver": "spotrobot1", "content": "Done|a_authorize_disinfect"}"
[spotrobot-5] [INFO] [1748620928.945799470] [spotrobot]: I heard: "{"performative": "query", "sender": "uvdrobot1", "receiver": "spotrobot1", "content": "Done|a_authorize_disinfect"}"
[uvdrobot-4] [INFO] [1748620928.946026906] [uvdrobot]: I heard: "{"performative": "query", "sender": "uvdrobot1", "receiver": "spotrobot1", "content": "Done|a_authorize_disinfect"}"
[nurse_disinfect-3] [INFO] [1748620928.946171770] [nurse_disinfect]: And it is not for me
[spotrobot-5] [INFO] [1748620928.946247925] [spotrobot]: And it is for me
[uvdrobot-4] [INFO] [1748620928.946311023] [uvdrobot]: And it is not for me
[spotrobot-5] [INFO] [1748620928.946721439] [spotrobot]: Already finished action
[uvdrobot-4] [INFO] [1748620928.946969315] [uvdrobot]: success
[uvdrobot-4] [INFO] [1748620928.947382534] [uvdrobot]: Doing a_disinfect_room
[uvdrobot-4] [INFO] [1748620928.947898795] [uvdrobot]: Waiting for response
[uvdrobot-4] [INFO] [1748620928.948833910] [uvdrobot]: success
[nurse_disinfect-3] [INFO] [1748620928.952077580] [nurse_disinfect]: Recebido sinal de desligamento do coordenador, finalizando...
[spotrobot-5] [INFO] [1748620928.952127021] [spotrobot]: Recebido sinal de desligamento do coordenador, finalizando...
[uvdrobot-4] [INFO] [1748620928.952182934] [uvdrobot]: Recebido sinal de desligamento do coordenador, finalizando...
[disinfect_environment-1] [INFO] [1748620928.952183701] [disinfect_environment]: Recebido sinal de desligamento do coordenador, finalizando...
[disinfect_planner-2] [INFO] [1748620928.952278629] [disinfect_planner]: Recebido sinal de desligamento do coordenador, finalizando...
[nurse_disinfect-3] [INFO] [1748620928.952664663] [Quitting]: Done
[spotrobot-5] [INFO] [1748620928.952707649] [Quitting]: Done
[uvdrobot-4] [INFO] [1748620928.952717205] [Quitting]: Done
[disinfect_environment-1] [INFO] [1748620928.952772914] [Quitting]: Done
[disinfect_planner-2] [INFO] [1748620928.952827847] [Quitting]: Done
[INFO] [uvdrobot-4]: process has finished cleanly [pid 31929]
[INFO] [disinfect_environment-1]: process has finished cleanly [pid 31923]
[INFO] [nurse_disinfect-3]: process has finished cleanly [pid 31927]
[INFO] [spotrobot-5]: process has finished cleanly [pid 31931]
