[INFO] [launch]: All log files can be found below /home/rafael/.ros/log/2025-05-29-09-20-25-468744-NotebookRafael-12953
[INFO] [launch]: Default logging verbosity is set to INFO
[INFO] [disinfect_coordinator-1]: process started with pid [12955]
[disinfect_coordinator-1] [INFO] [1748521226.473179797] [disinfect_coordinator]: spin
[disinfect_coordinator-1] [INFO] [1748521226.474149562] [disinfect_coordinator]: Received: Performative=request, Sender=spotrobot, Receiver=Coordinator, Content=Register
[disinfect_coordinator-1] [INFO] [1748521226.474468996] [disinfect_coordinator]: Current Spotrobots: spotrobot1 - 1
[disinfect_coordinator-1] [INFO] [1748521226.474721178] [disinfect_coordinator]: Response: spotrobot1
[disinfect_coordinator-1] [INFO] [1748521226.475572827] [disinfect_coordinator]: Received: Performative=request, Sender=nurse_disinfected, Receiver=Coordinator, Content=Register
[disinfect_coordinator-1] [INFO] [1748521226.475904337] [disinfect_coordinator]: Current nurses: nurse_disinfected1 - 1
[disinfect_coordinator-1] [INFO] [1748521226.476209856] [disinfect_coordinator]: Response: nurse_disinfected1
[disinfect_coordinator-1] [INFO] [1748521226.477192018] [disinfect_coordinator]: Received: Performative=request, Sender=uvdrobot, Receiver=Coordinator, Content=Register
[disinfect_coordinator-1] [INFO] [1748521226.477503541] [disinfect_coordinator]: Current uvdrobots: uvdrobot1 - 1
[disinfect_coordinator-1] [INFO] [1748521226.477811531] [disinfect_coordinator]: Response: uvdrobot1
[disinfect_coordinator-1] [INFO] [1748521226.478523002] [disinfect_coordinator]: context: nurse_disinfected1 room1 spotrobot1 uvdrobot1
[disinfect_coordinator-1] [INFO] [1748521226.478946306] [disinfect_coordinator]: Starting mission with context: ('nurse_disinfected1', 'room1', 'spotrobot1', 'uvdrobot1')
[disinfect_coordinator-1] [INFO] [1748521226.479252934] [disinfect_coordinator]: Creating plan for: spotrobot1,uvdrobot1,nurse_disinfected1 
[disinfect_coordinator-1] [INFO] [1748521226.487375864] [disinfect_coordinator]: Plan received for: spotrobot1,uvdrobot1,nurse_disinfected1 
[disinfect_coordinator-1] [INFO] [1748521226.487794653] [disinfect_coordinator]: a_navto,spotrobot1,room1/a_open_door,spotrobot1,room1/a_approach_nurse,spotrobot1,nurse_disinfected1/a_authenticate_nurse,spotrobot1,nurse_disinfected1/a_authorize_patrol,spotrobot1,nurse_disinfected1/a_patrol_room,spotrobot1,room1/a_authorize_disinfect,uvdrobot1,spotrobot1/a_navto,uvdrobot1,room1/a_disinfect_room,uvdrobot1,room1
[disinfect_coordinator-1] [INFO] [1748521226.488119254] [disinfect_coordinator]: Sending plans
[disinfect_coordinator-1] [INFO] [1748521226.488892733] [disinfect_coordinator]: Plans sent
[disinfect_coordinator-1] [INFO] [1748521227.501078858] [disinfect_coordinator]: Received: Performative=inform, Sender=nurse_disinfected1, Receiver=Coordinator, Content=infectedRoom
[disinfect_coordinator-1] [INFO] [1748521227.516314177] [disinfect_coordinator]: Received: Performative=inform, Sender=spotrobot1, Receiver=Coordinator, Content=ERROR|dirty_room,room1
[disinfect_coordinator-1] [INFO] [1748521227.516870262] [disinfect_coordinator]: Sending restart to:nurse_disinfected1
[disinfect_coordinator-1] [INFO] [1748521227.517578279] [disinfect_coordinator]: Sending restart to:room1
[disinfect_coordinator-1] [INFO] [1748521227.518217955] [disinfect_coordinator]: Sending restart to:spotrobot1
[disinfect_coordinator-1] [INFO] [1748521227.518922945] [disinfect_coordinator]: Sending restart to:uvdrobot1
[disinfect_coordinator-1] [INFO] [1748521227.520205897] [disinfect_coordinator]: Ending simulation
[disinfect_coordinator-1] [INFO] [1748521227.520957889] [Quitting]: Done
[disinfect_coordinator-1] [INFO] [1748521227.521463869] [disinfect_coordinator]: stop spin
[INFO] [disinfect_coordinator-1]: process has finished cleanly [pid 12955]
