[INFO] [launch]: All log files can be found below /home/rafael/.ros/log/2025-05-29-09-20-25-468799-NotebookRafael-12954
[INFO] [launch]: Default logging verbosity is set to INFO
[INFO] [disinfect_environment-1]: process started with pid [12957]
[INFO] [disinfect_planner-2]: process started with pid [12959]
[INFO] [nurse_disinfect-3]: process started with pid [12961]
[INFO] [uvdrobot-4]: process started with pid [12963]
[INFO] [spotrobot-5]: process started with pid [12965]
[disinfect_environment-1] [INFO] [1748521225.744810003] [disinfect_environment]: Starting Environment server
[disinfect_environment-1] [INFO] [1748521225.748922853] [disinfect_environment]: Environment server started
[disinfect_planner-2] [INFO] [1748521226.287525173] [disinfect_planner]: Starting Planner server
[disinfect_planner-2] [INFO] [1748521226.291883129] [disinfect_planner]: Planner server started
[disinfect_planner-2] [INFO] [1748521226.480078425] [disinfect_planner]: Creating plan for: spotrobot1 uvdrobot1 nurse_disinfected1
[disinfect_planner-2] [INFO] [1748521226.482391037] [disinfect_planner]: a_navto,spotrobot1,room1
[disinfect_planner-2] [INFO] [1748521226.482851942] [disinfect_planner]: a_open_door,spotrobot1,room1
[disinfect_planner-2] [INFO] [1748521226.483291594] [disinfect_planner]: a_approach_nurse,spotrobot1,nurse_disinfected1
[disinfect_planner-2] [INFO] [1748521226.483770142] [disinfect_planner]: a_authenticate_nurse,spotrobot1,nurse_disinfected1
[disinfect_planner-2] [INFO] [1748521226.484217073] [disinfect_planner]: a_authorize_patrol,spotrobot1,nurse_disinfected1
[disinfect_planner-2] [INFO] [1748521226.484671273] [disinfect_planner]: a_patrol_room,spotrobot1,room1
[disinfect_planner-2] [INFO] [1748521226.485155426] [disinfect_planner]: a_authorize_disinfect,uvdrobot1,spotrobot1
[disinfect_planner-2] [INFO] [1748521226.485696136] [disinfect_planner]: a_navto,uvdrobot1,room1
[disinfect_planner-2] [INFO] [1748521226.486144867] [disinfect_planner]: a_disinfect_room,uvdrobot1,room1
[disinfect_planner-2] [INFO] [1748521226.486603378] [disinfect_planner]: Sending response
[spotrobot-5] [INFO] [1748521226.490287097] [spotrobot]: response.response spotrobot1
[spotrobot-5] [INFO] [1748521226.490826610] [spotrobot]: My name is spotrobot1
[uvdrobot-4] [INFO] [1748521226.491106652] [uvdrobot]: response.response uvdrobot1
[uvdrobot-4] [INFO] [1748521226.491482673] [uvdrobot]: My name is uvdrobot1
[nurse_disinfect-3] [INFO] [1748521226.491684650] [nurse_disinfect]: response.response nurse_disinfected1
[spotrobot-5] [INFO] [1748521226.491860017] [spotrobot]: I heard: "{"performative": "request", "sender": "Coordinator", "receiver": "uvdrobot1", "content": "Plan|a_authorize_disinfect,uvdrobot1,spotrobot1/a_navto,uvdrobot1,room1/a_disinfect_room,uvdrobot1,room1"}"
[nurse_disinfect-3] [INFO] [1748521226.492203125] [nurse_disinfect]: My name is nurse_disinfected1
[uvdrobot-4] [INFO] [1748521226.492224817] [uvdrobot]: I heard: "{"performative": "request", "sender": "Coordinator", "receiver": "uvdrobot1", "content": "Plan|a_authorize_disinfect,uvdrobot1,spotrobot1/a_navto,uvdrobot1,room1/a_disinfect_room,uvdrobot1,room1"}"
[spotrobot-5] [INFO] [1748521226.492335421] [spotrobot]: And it is not for me
[uvdrobot-4] [INFO] [1748521226.492515369] [uvdrobot]: And it is for me
[uvdrobot-4] [INFO] [1748521226.492924154] [uvdrobot]: Doing a_authorize_disinfect
[spotrobot-5] [INFO] [1748521226.493037434] [spotrobot]: I heard: "{"performative": "request", "sender": "Coordinator", "receiver": "spotrobot1", "content": "Plan|a_navto,spotrobot1,room1/a_open_door,spotrobot1,room1/a_approach_nurse,spotrobot1,nurse_disinfected1/a_authenticate_nurse,spotrobot1,nurse_disinfected1/a_authorize_patrol,spotrobot1,nurse_disinfected1/a_patrol_room,spotrobot1,room1/a_authorize_disinfect,uvdrobot1,spotrobot1"}"
[uvdrobot-4] [INFO] [1748521226.493199351] [uvdrobot]: a_authorize_disinfect
[spotrobot-5] [INFO] [1748521226.493324999] [spotrobot]: And it is for me
[uvdrobot-4] [INFO] [1748521226.493454715] [uvdrobot]: Here first, waiting for spotrobot
[spotrobot-5] [INFO] [1748521226.493778956] [spotrobot]: Doing a_navto
[spotrobot-5] [INFO] [1748521226.494178535] [spotrobot]: Wating for response
[uvdrobot-4] [INFO] [1748521226.494219669] [uvdrobot]: I heard: "{"performative": "request", "sender": "Coordinator", "receiver": "spotrobot1", "content": "Plan|a_navto,spotrobot1,room1/a_open_door,spotrobot1,room1/a_approach_nurse,spotrobot1,nurse_disinfected1/a_authenticate_nurse,spotrobot1,nurse_disinfected1/a_authorize_patrol,spotrobot1,nurse_disinfected1/a_patrol_room,spotrobot1,room1/a_authorize_disinfect,uvdrobot1,spotrobot1"}"
[uvdrobot-4] [INFO] [1748521226.494539881] [uvdrobot]: And it is not for me
[spotrobot-5] [INFO] [1748521226.494640657] [spotrobot]: I heard: "{"performative": "request", "sender": "Coordinator", "receiver": "nurse_disinfected1", "content": "Plan|a_approach_nurse,spotrobot1,nurse_disinfected1/a_authenticate_nurse,spotrobot1,nurse_disinfected1/a_authorize_patrol,spotrobot1,nurse_disinfected1"}"
[uvdrobot-4] [INFO] [1748521226.494885433] [uvdrobot]: I heard: "{"performative": "query", "sender": "uvdrobot1", "receiver": "spotrobot1", "content": "Ready|a_authorize_disinfect"}"
[spotrobot-5] [INFO] [1748521226.494928173] [spotrobot]: And it is not for me
[uvdrobot-4] [INFO] [1748521226.495154022] [uvdrobot]: And it is not for me
[spotrobot-5] [INFO] [1748521226.495279301] [spotrobot]: I heard: "{"performative": "query", "sender": "uvdrobot1", "receiver": "spotrobot1", "content": "Ready|a_authorize_disinfect"}"
[spotrobot-5] [INFO] [1748521226.495548503] [spotrobot]: And it is for me
[uvdrobot-4] [INFO] [1748521226.495665276] [uvdrobot]: I heard: "{"performative": "request", "sender": "Coordinator", "receiver": "nurse_disinfected1", "content": "Plan|a_approach_nurse,spotrobot1,nurse_disinfected1/a_authenticate_nurse,spotrobot1,nurse_disinfected1/a_authorize_patrol,spotrobot1,nurse_disinfected1"}"
[spotrobot-5] [INFO] [1748521226.495803215] [spotrobot]: No there yet
[uvdrobot-4] [INFO] [1748521226.495931422] [uvdrobot]: And it is not for me
[spotrobot-5] [INFO] [1748521226.496920348] [spotrobot]: success
[spotrobot-5] [INFO] [1748521226.497319850] [spotrobot]: Doing a_open_door
[spotrobot-5] [INFO] [1748521226.497966055] [spotrobot]: Wating for response
[spotrobot-5] [INFO] [1748521226.499127290] [spotrobot]: success
[spotrobot-5] [INFO] [1748521226.499488908] [spotrobot]: Doing a_approach_nurse
[spotrobot-5] [INFO] [1748521226.499894686] [spotrobot]: Wating for response
[spotrobot-5] [INFO] [1748521226.500709172] [spotrobot]: success
[spotrobot-5] [INFO] [1748521226.501087596] [spotrobot]: Doing a_authenticate_nurse
[spotrobot-5] [INFO] [1748521226.501400023] [spotrobot]: a_authenticate_nurse
[spotrobot-5] [INFO] [1748521226.501706252] [spotrobot]: Here first, waiting for nurse
[uvdrobot-4] [INFO] [1748521226.502333260] [uvdrobot]: I heard: "{"performative": "query", "sender": "spotrobot1", "receiver": "nurse_disinfected1", "content": "Ready|a_authenticate_nurse"}"
[spotrobot-5] [INFO] [1748521226.502373583] [spotrobot]: I heard: "{"performative": "query", "sender": "spotrobot1", "receiver": "nurse_disinfected1", "content": "Ready|a_authenticate_nurse"}"
[spotrobot-5] [INFO] [1748521226.502653840] [spotrobot]: And it is not for me
[uvdrobot-4] [INFO] [1748521226.502900906] [uvdrobot]: And it is not for me
[nurse_disinfect-3] [INFO] [1748521227.494225943] [nurse_disinfect]: I heard: "{"performative": "request", "sender": "Coordinator", "receiver": "uvdrobot1", "content": "Plan|a_authorize_disinfect,uvdrobot1,spotrobot1/a_navto,uvdrobot1,room1/a_disinfect_room,uvdrobot1,room1"}"
[nurse_disinfect-3] [INFO] [1748521227.494789823] [nurse_disinfect]: And it is not for me
[nurse_disinfect-3] [INFO] [1748521227.495340468] [nurse_disinfect]: I heard: "{"performative": "query", "sender": "uvdrobot1", "receiver": "spotrobot1", "content": "Ready|a_authorize_disinfect"}"
[nurse_disinfect-3] [INFO] [1748521227.495673535] [nurse_disinfect]: And it is not for me
[nurse_disinfect-3] [INFO] [1748521227.496292766] [nurse_disinfect]: I heard: "{"performative": "request", "sender": "Coordinator", "receiver": "spotrobot1", "content": "Plan|a_navto,spotrobot1,room1/a_open_door,spotrobot1,room1/a_approach_nurse,spotrobot1,nurse_disinfected1/a_authenticate_nurse,spotrobot1,nurse_disinfected1/a_authorize_patrol,spotrobot1,nurse_disinfected1/a_patrol_room,spotrobot1,room1/a_authorize_disinfect,uvdrobot1,spotrobot1"}"
[nurse_disinfect-3] [INFO] [1748521227.496677943] [nurse_disinfect]: And it is not for me
[nurse_disinfect-3] [INFO] [1748521227.497320314] [nurse_disinfect]: I heard: "{"performative": "query", "sender": "spotrobot1", "receiver": "nurse_disinfected1", "content": "Ready|a_authenticate_nurse"}"
[nurse_disinfect-3] [INFO] [1748521227.497728797] [nurse_disinfect]: And it is for me
[nurse_disinfect-3] [INFO] [1748521227.498311156] [nurse_disinfect]: No there yet
[nurse_disinfect-3] [INFO] [1748521227.499061212] [nurse_disinfect]: I heard: "{"performative": "request", "sender": "Coordinator", "receiver": "nurse_disinfected1", "content": "Plan|a_approach_nurse,spotrobot1,nurse_disinfected1/a_authenticate_nurse,spotrobot1,nurse_disinfected1/a_authorize_patrol,spotrobot1,nurse_disinfected1"}"
[nurse_disinfect-3] [INFO] [1748521227.499609454] [nurse_disinfect]: And it is for me
[nurse_disinfect-3] [INFO] [1748521227.501035210] [nurse_disinfect]: a_approach_nurse
[nurse_disinfect-3] [INFO] [1748521227.501385443] [nurse_disinfect]: a_authenticate_nurse
[nurse_disinfect-3] [INFO] [1748521227.501731880] [nurse_disinfect]: Doing a_authenticate_nurse
[nurse_disinfect-3] [INFO] [1748521227.502051266] [nurse_disinfect]: a_authenticate_nurse
[nurse_disinfect-3] [INFO] [1748521227.502366544] [nurse_disinfect]: Robot is waiting, send action message
[nurse_disinfect-3] [INFO] [1748521227.503014978] [nurse_disinfect]: I heard: "{"performative": "query", "sender": "nurse_disinfected1", "receiver": "spotrobot1", "content": "Done|a_authenticate_nurse"}"
[uvdrobot-4] [INFO] [1748521227.503046041] [uvdrobot]: I heard: "{"performative": "query", "sender": "nurse_disinfected1", "receiver": "spotrobot1", "content": "Done|a_authenticate_nurse"}"
[spotrobot-5] [INFO] [1748521227.503099144] [spotrobot]: I heard: "{"performative": "query", "sender": "nurse_disinfected1", "receiver": "spotrobot1", "content": "Done|a_authenticate_nurse"}"
[nurse_disinfect-3] [INFO] [1748521227.503341029] [nurse_disinfect]: And it is not for me
[uvdrobot-4] [INFO] [1748521227.503357485] [uvdrobot]: And it is not for me
[spotrobot-5] [INFO] [1748521227.503424679] [spotrobot]: And it is for me
[spotrobot-5] [INFO] [1748521227.503707339] [spotrobot]: Finished action
[nurse_disinfect-3] [INFO] [1748521227.504225530] [nurse_disinfect]: I heard: "{"performative": "query", "sender": "spotrobot1", "receiver": "nurse_disinfected1", "content": "Done|a_authenticate_nurse"}"
[spotrobot-5] [INFO] [1748521227.504235243] [spotrobot]: Doing a_authorize_patrol
[uvdrobot-4] [INFO] [1748521227.504337945] [uvdrobot]: I heard: "{"performative": "query", "sender": "spotrobot1", "receiver": "nurse_disinfected1", "content": "Done|a_authenticate_nurse"}"
[nurse_disinfect-3] [INFO] [1748521227.504508219] [nurse_disinfect]: And it is for me
[spotrobot-5] [INFO] [1748521227.504668035] [spotrobot]: a_authorize_patrol
[uvdrobot-4] [INFO] [1748521227.504756987] [uvdrobot]: And it is not for me
[nurse_disinfect-3] [INFO] [1748521227.505033535] [nurse_disinfect]: Finished action
[spotrobot-5] [INFO] [1748521227.505073287] [spotrobot]: Here first, waiting for nurse
[uvdrobot-4] [INFO] [1748521227.505675712] [uvdrobot]: I heard: "{"performative": "query", "sender": "nurse_disinfected1", "receiver": "spotrobot1", "content": "Done|a_authenticate_nurse"}"
[spotrobot-5] [INFO] [1748521227.505738410] [spotrobot]: I heard: "{"performative": "query", "sender": "spotrobot1", "receiver": "nurse_disinfected1", "content": "Done|a_authenticate_nurse"}"
[nurse_disinfect-3] [INFO] [1748521227.505798615] [nurse_disinfect]: a_authorize_patrol
[uvdrobot-4] [INFO] [1748521227.505971898] [uvdrobot]: And it is not for me
[spotrobot-5] [INFO] [1748521227.506031112] [spotrobot]: And it is not for me
[nurse_disinfect-3] [INFO] [1748521227.506324437] [nurse_disinfect]: Doing a_authorize_patrol
[uvdrobot-4] [INFO] [1748521227.506517921] [uvdrobot]: I heard: "{"performative": "query", "sender": "spotrobot1", "receiver": "nurse_disinfected1", "content": "Ready|a_authorize_patrol"}"
[spotrobot-5] [INFO] [1748521227.506595060] [spotrobot]: I heard: "{"performative": "query", "sender": "nurse_disinfected1", "receiver": "spotrobot1", "content": "Done|a_authenticate_nurse"}"
[uvdrobot-4] [INFO] [1748521227.506800893] [uvdrobot]: And it is not for me
[nurse_disinfect-3] [INFO] [1748521227.506807811] [nurse_disinfect]: a_authorize_patrol
[spotrobot-5] [INFO] [1748521227.506874149] [spotrobot]: And it is for me
[spotrobot-5] [INFO] [1748521227.507135615] [spotrobot]: Already finished action
[nurse_disinfect-3] [INFO] [1748521227.507322471] [nurse_disinfect]: Here first, waiting for robot
[spotrobot-5] [INFO] [1748521227.507657787] [spotrobot]: I heard: "{"performative": "query", "sender": "spotrobot1", "receiver": "nurse_disinfected1", "content": "Ready|a_authorize_patrol"}"
[spotrobot-5] [INFO] [1748521227.507938384] [spotrobot]: And it is not for me
[uvdrobot-4] [INFO] [1748521227.508261518] [uvdrobot]: I heard: "{"performative": "query", "sender": "nurse_disinfected1", "receiver": "spotrobot1", "content": "Ready|a_authorize_patrol"}"
[nurse_disinfect-3] [INFO] [1748521227.508479589] [nurse_disinfect]: I heard: "{"performative": "query", "sender": "nurse_disinfected1", "receiver": "spotrobot1", "content": "Done|a_authenticate_nurse"}"
[spotrobot-5] [INFO] [1748521227.508496668] [spotrobot]: I heard: "{"performative": "query", "sender": "nurse_disinfected1", "receiver": "spotrobot1", "content": "Ready|a_authorize_patrol"}"
[uvdrobot-4] [INFO] [1748521227.508751071] [uvdrobot]: And it is not for me
[spotrobot-5] [INFO] [1748521227.508792144] [spotrobot]: And it is for me
[nurse_disinfect-3] [INFO] [1748521227.509060907] [nurse_disinfect]: And it is not for me
[spotrobot-5] [INFO] [1748521227.509078989] [spotrobot]: Ready to act
[uvdrobot-4] [INFO] [1748521227.509669359] [uvdrobot]: I heard: "{"performative": "query", "sender": "spotrobot1", "receiver": "nurse_disinfected1", "content": "Done|a_authorize_patrol"}"
[nurse_disinfect-3] [INFO] [1748521227.510005157] [nurse_disinfect]: I heard: "{"performative": "query", "sender": "spotrobot1", "receiver": "nurse_disinfected1", "content": "Ready|a_authorize_patrol"}"
[uvdrobot-4] [INFO] [1748521227.510056803] [uvdrobot]: And it is not for me
[spotrobot-5] [INFO] [1748521227.510070308] [spotrobot]: I heard: "{"performative": "query", "sender": "spotrobot1", "receiver": "nurse_disinfected1", "content": "Done|a_authorize_patrol"}"
[spotrobot-5] [INFO] [1748521227.510449423] [spotrobot]: And it is not for me
[nurse_disinfect-3] [INFO] [1748521227.510544456] [nurse_disinfect]: And it is for me
[nurse_disinfect-3] [INFO] [1748521227.511074345] [nurse_disinfect]: Ready to act
[spotrobot-5] [INFO] [1748521227.511723741] [spotrobot]: I heard: "{"performative": "query", "sender": "nurse_disinfected1", "receiver": "spotrobot1", "content": "Done|a_authorize_patrol"}"
[uvdrobot-4] [INFO] [1748521227.511882165] [uvdrobot]: I heard: "{"performative": "query", "sender": "nurse_disinfected1", "receiver": "spotrobot1", "content": "Done|a_authorize_patrol"}"
[spotrobot-5] [INFO] [1748521227.512107002] [spotrobot]: And it is for me
[nurse_disinfect-3] [INFO] [1748521227.512283321] [nurse_disinfect]: I heard: "{"performative": "query", "sender": "nurse_disinfected1", "receiver": "spotrobot1", "content": "Ready|a_authorize_patrol"}"
[uvdrobot-4] [INFO] [1748521227.512322255] [uvdrobot]: And it is not for me
[spotrobot-5] [INFO] [1748521227.512424149] [spotrobot]: Finished action
[nurse_disinfect-3] [INFO] [1748521227.512841207] [nurse_disinfect]: And it is not for me
[spotrobot-5] [INFO] [1748521227.513162702] [spotrobot]: Doing a_patrol_room
[uvdrobot-4] [INFO] [1748521227.513257767] [uvdrobot]: I heard: "{"performative": "query", "sender": "spotrobot1", "receiver": "nurse_disinfected1", "content": "Done|a_authorize_patrol"}"
[uvdrobot-4] [INFO] [1748521227.513653405] [uvdrobot]: And it is not for me
[spotrobot-5] [INFO] [1748521227.513670862] [spotrobot]: Wating for response
[nurse_disinfect-3] [INFO] [1748521227.513968967] [nurse_disinfect]: I heard: "{"performative": "query", "sender": "spotrobot1", "receiver": "nurse_disinfected1", "content": "Done|a_authorize_patrol"}"
[spotrobot-5] [INFO] [1748521227.514338290] [spotrobot]: I heard: "{"performative": "query", "sender": "spotrobot1", "receiver": "nurse_disinfected1", "content": "Done|a_authorize_patrol"}"
[nurse_disinfect-3] [INFO] [1748521227.514551628] [nurse_disinfect]: And it is for me
[spotrobot-5] [INFO] [1748521227.514632569] [spotrobot]: And it is not for me
[nurse_disinfect-3] [INFO] [1748521227.515137266] [nurse_disinfect]: Finished action
[spotrobot-5] [INFO] [1748521227.515245786] [spotrobot]: dirty room
[uvdrobot-4] [INFO] [1748521227.515867746] [uvdrobot]: I heard: "{"performative": "query", "sender": "nurse_disinfected1", "receiver": "spotrobot1", "content": "Done|a_authorize_patrol"}"
[spotrobot-5] [INFO] [1748521227.515874709] [spotrobot]: I heard: "{"performative": "query", "sender": "nurse_disinfected1", "receiver": "spotrobot1", "content": "Done|a_authorize_patrol"}"
[uvdrobot-4] [INFO] [1748521227.516275869] [uvdrobot]: And it is not for me
[nurse_disinfect-3] [INFO] [1748521227.516276080] [nurse_disinfect]: I heard: "{"performative": "query", "sender": "nurse_disinfected1", "receiver": "spotrobot1", "content": "Done|a_authorize_patrol"}"
[spotrobot-5] [INFO] [1748521227.516293021] [spotrobot]: And it is for me
[spotrobot-5] [INFO] [1748521227.516592418] [spotrobot]: Already finished action
[nurse_disinfect-3] [INFO] [1748521227.516769770] [nurse_disinfect]: And it is not for me
[spotrobot-5] [INFO] [1748521227.517413316] [spotrobot]: I heard: "{"performative": "request", "sender": "Coordinator", "receiver": "nurse_disinfected1", "content": "Start|nurse_disinfected1,room1,spotrobot1,uvdrobot1"}"
[uvdrobot-4] [INFO] [1748521227.517547484] [uvdrobot]: I heard: "{"performative": "request", "sender": "Coordinator", "receiver": "nurse_disinfected1", "content": "Start|nurse_disinfected1,room1,spotrobot1,uvdrobot1"}"
[spotrobot-5] [INFO] [1748521227.517741177] [spotrobot]: And it is not for me
[nurse_disinfect-3] [INFO] [1748521227.517777077] [nurse_disinfect]: I heard: "{"performative": "request", "sender": "Coordinator", "receiver": "nurse_disinfected1", "content": "Start|nurse_disinfected1,room1,spotrobot1,uvdrobot1"}"
[uvdrobot-4] [INFO] [1748521227.517924088] [uvdrobot]: And it is not for me
[spotrobot-5] [INFO] [1748521227.518191923] [spotrobot]: I heard: "{"performative": "request", "sender": "Coordinator", "receiver": "room1", "content": "Start|nurse_disinfected1,room1,spotrobot1,uvdrobot1"}"
[nurse_disinfect-3] [INFO] [1748521227.518232494] [nurse_disinfect]: And it is for me
[spotrobot-5] [INFO] [1748521227.518525448] [spotrobot]: And it is not for me
[uvdrobot-4] [INFO] [1748521227.518731090] [uvdrobot]: I heard: "{"performative": "request", "sender": "Coordinator", "receiver": "room1", "content": "Start|nurse_disinfected1,room1,spotrobot1,uvdrobot1"}"
[nurse_disinfect-3] [INFO] [1748521227.518819719] [nurse_disinfect]: nurse_disinfected1
[uvdrobot-4] [INFO] [1748521227.519035315] [uvdrobot]: And it is not for me
[spotrobot-5] [INFO] [1748521227.519039611] [spotrobot]: I heard: "{"performative": "request", "sender": "Coordinator", "receiver": "spotrobot1", "content": "Start|nurse_disinfected1,room1,spotrobot1,uvdrobot1"}"
[spotrobot-5] [INFO] [1748521227.519320890] [spotrobot]: And it is for me
[uvdrobot-4] [INFO] [1748521227.519514329] [uvdrobot]: I heard: "{"performative": "request", "sender": "Coordinator", "receiver": "spotrobot1", "content": "Start|nurse_disinfected1,room1,spotrobot1,uvdrobot1"}"
[nurse_disinfect-3] [INFO] [1748521227.519531288] [nurse_disinfect]: I heard: "{"performative": "query", "sender": "spotrobot1", "receiver": "nurse_disinfected1", "content": "Done|a_authorize_patrol"}"
[spotrobot-5] [INFO] [1748521227.519766410] [spotrobot]: I heard: "{"performative": "request", "sender": "Coordinator", "receiver": "uvdrobot1", "content": "Start|nurse_disinfected1,room1,spotrobot1,uvdrobot1"}"
[uvdrobot-4] [INFO] [1748521227.519783210] [uvdrobot]: And it is not for me
[spotrobot-5] [INFO] [1748521227.520033996] [spotrobot]: And it is not for me
[nurse_disinfect-3] [INFO] [1748521227.520043846] [nurse_disinfect]: And it is for me
[uvdrobot-4] [INFO] [1748521227.520281862] [uvdrobot]: I heard: "{"performative": "request", "sender": "Coordinator", "receiver": "uvdrobot1", "content": "Start|nurse_disinfected1,room1,spotrobot1,uvdrobot1"}"
[spotrobot-5] [INFO] [1748521227.520384570] [spotrobot]: 
[nurse_disinfect-3] [INFO] [1748521227.520602218] [nurse_disinfect]: Already finished action
[uvdrobot-4] [INFO] [1748521227.520758580] [uvdrobot]: And it is for me
[spotrobot-5] [INFO] [1748521227.520934077] [spotrobot]: Recebido sinal de desligamento do coordenador, finalizando...
[disinfect_environment-1] [INFO] [1748521227.521212447] [disinfect_environment]: Recebido sinal de desligamento do coordenador, finalizando...
[disinfect_planner-2] [INFO] [1748521227.521265033] [disinfect_planner]: Recebido sinal de desligamento do coordenador, finalizando...
[spotrobot-5] [INFO] [1748521227.521292688] [Quitting]: Done
[uvdrobot-4] [INFO] [1748521227.521332220] [uvdrobot]: Recebido sinal de desligamento do coordenador, finalizando...
[nurse_disinfect-3] [INFO] [1748521227.521529614] [nurse_disinfect]: I heard: "{"performative": "request", "sender": "Coordinator", "receiver": "room1", "content": "Start|nurse_disinfected1,room1,spotrobot1,uvdrobot1"}"
[disinfect_environment-1] [INFO] [1748521227.521775850] [Quitting]: Done
[disinfect_planner-2] [INFO] [1748521227.521826899] [Quitting]: Done
[uvdrobot-4] [INFO] [1748521227.522013263] [Quitting]: Done
[nurse_disinfect-3] [INFO] [1748521227.522092647] [nurse_disinfect]: And it is not for me
[nurse_disinfect-3] [INFO] [1748521227.522827356] [nurse_disinfect]: Recebido sinal de desligamento do coordenador, finalizando...
[nurse_disinfect-3] [INFO] [1748521227.523583387] [Quitting]: Done
[INFO] [disinfect_environment-1]: process has finished cleanly [pid 12957]
[INFO] [spotrobot-5]: process has finished cleanly [pid 12965]
[INFO] [uvdrobot-4]: process has finished cleanly [pid 12963]
[INFO] [nurse_disinfect-3]: process has finished cleanly [pid 12961]
[INFO] [disinfect_planner-2]: process has finished cleanly [pid 12959]
