[INFO] [launch]: All log files can be found below /home/rafael/.ros/log/2025-05-29-22-40-45-683712-NotebookRafael-116433
[INFO] [launch]: Default logging verbosity is set to INFO
[INFO] [disinfect_environment-1]: process started with pid [116436]
[INFO] [disinfect_planner-2]: process started with pid [116438]
[INFO] [nurse_disinfect-3]: process started with pid [116440]
[INFO] [uvdrobot-4]: process started with pid [116442]
[INFO] [spotrobot-5]: process started with pid [116444]
[disinfect_environment-1] [INFO] [1748569245.984434384] [disinfect_environment]: Starting Environment server
[disinfect_environment-1] [INFO] [1748569245.989015456] [disinfect_environment]: Environment server started
[disinfect_planner-2] [INFO] [1748569246.550179487] [disinfect_planner]: Starting Planner server
[disinfect_planner-2] [INFO] [1748569246.554247460] [disinfect_planner]: Planner server started
[disinfect_planner-2] [INFO] [1748569246.723277671] [disinfect_planner]: Creating plan for: spotrobot1 uvdrobot1 nurse_disinfected1
[disinfect_planner-2] [INFO] [1748569246.725593556] [disinfect_planner]: a_navto,spotrobot1,room1
[disinfect_planner-2] [INFO] [1748569246.726033974] [disinfect_planner]: a_open_door,spotrobot1,room1
[disinfect_planner-2] [INFO] [1748569246.726503127] [disinfect_planner]: a_approach_nurse,spotrobot1,nurse_disinfected1
[disinfect_planner-2] [INFO] [1748569246.726950895] [disinfect_planner]: a_authenticate_nurse,spotrobot1,nurse_disinfected1
[disinfect_planner-2] [INFO] [1748569246.727400545] [disinfect_planner]: a_authorize_patrol,spotrobot1,nurse_disinfected1
[disinfect_planner-2] [INFO] [1748569246.727833527] [disinfect_planner]: a_patrol_room,spotrobot1,room1
[disinfect_planner-2] [INFO] [1748569246.728317066] [disinfect_planner]: a_authorize_disinfect,uvdrobot1,spotrobot1
[disinfect_planner-2] [INFO] [1748569246.728747776] [disinfect_planner]: a_navto,uvdrobot1,room1
[disinfect_planner-2] [INFO] [1748569246.729191398] [disinfect_planner]: a_disinfect_room,uvdrobot1,room1
[disinfect_planner-2] [INFO] [1748569246.729639499] [disinfect_planner]: Sending response
[spotrobot-5] [INFO] [1748569246.729864250] [spotrobot]: response.response spotrobot1
[spotrobot-5] [INFO] [1748569246.730203422] [spotrobot]: My name is spotrobot1
[uvdrobot-4] [INFO] [1748569246.730288786] [uvdrobot]: response.response uvdrobot1
[nurse_disinfect-3] [INFO] [1748569246.730428181] [nurse_disinfect]: response.response nurse_disinfected1
[uvdrobot-4] [INFO] [1748569246.730622920] [uvdrobot]: My name is uvdrobot1
[nurse_disinfect-3] [INFO] [1748569246.730818699] [nurse_disinfect]: My name is nurse_disinfected1
[spotrobot-5] [INFO] [1748569246.731832698] [spotrobot]: I heard: "{"performative": "request", "sender": "Coordinator", "receiver": "uvdrobot1", "content": "Plan|a_authorize_disinfect,uvdrobot1,spotrobot1/a_navto,uvdrobot1,room1/a_disinfect_room,uvdrobot1,room1"}"
[uvdrobot-4] [INFO] [1748569246.731855090] [uvdrobot]: I heard: "{"performative": "request", "sender": "Coordinator", "receiver": "uvdrobot1", "content": "Plan|a_authorize_disinfect,uvdrobot1,spotrobot1/a_navto,uvdrobot1,room1/a_disinfect_room,uvdrobot1,room1"}"
[uvdrobot-4] [INFO] [1748569246.732185544] [uvdrobot]: And it is for me
[spotrobot-5] [INFO] [1748569246.732207157] [spotrobot]: And it is not for me
[uvdrobot-4] [INFO] [1748569246.732618298] [uvdrobot]: Doing a_authorize_disinfect
[spotrobot-5] [INFO] [1748569246.732695098] [spotrobot]: I heard: "{"performative": "request", "sender": "Coordinator", "receiver": "spotrobot1", "content": "Plan|a_navto,spotrobot1,room1/a_open_door,spotrobot1,room1/a_approach_nurse,spotrobot1,nurse_disinfected1/a_authenticate_nurse,spotrobot1,nurse_disinfected1/a_authorize_patrol,spotrobot1,nurse_disinfected1/a_patrol_room,spotrobot1,room1/a_authorize_disinfect,uvdrobot1,spotrobot1"}"
[uvdrobot-4] [INFO] [1748569246.732931399] [uvdrobot]: a_authorize_disinfect
[spotrobot-5] [INFO] [1748569246.732958974] [spotrobot]: And it is for me
[uvdrobot-4] [INFO] [1748569246.733184255] [uvdrobot]: Here first, waiting for spotrobot
[spotrobot-5] [INFO] [1748569246.733388828] [spotrobot]: Doing a_navto
[spotrobot-5] [INFO] [1748569246.733738555] [spotrobot]: Wating for response
[uvdrobot-4] [INFO] [1748569246.733825338] [uvdrobot]: I heard: "{"performative": "request", "sender": "Coordinator", "receiver": "spotrobot1", "content": "Plan|a_navto,spotrobot1,room1/a_open_door,spotrobot1,room1/a_approach_nurse,spotrobot1,nurse_disinfected1/a_authenticate_nurse,spotrobot1,nurse_disinfected1/a_authorize_patrol,spotrobot1,nurse_disinfected1/a_patrol_room,spotrobot1,room1/a_authorize_disinfect,uvdrobot1,spotrobot1"}"
[uvdrobot-4] [INFO] [1748569246.734181702] [uvdrobot]: And it is not for me
[spotrobot-5] [INFO] [1748569246.734246311] [spotrobot]: I heard: "{"performative": "request", "sender": "Coordinator", "receiver": "nurse_disinfected1", "content": "Plan|a_approach_nurse,spotrobot1,nurse_disinfected1/a_authenticate_nurse,spotrobot1,nurse_disinfected1/a_authorize_patrol,spotrobot1,nurse_disinfected1"}"
[spotrobot-5] [INFO] [1748569246.734512583] [spotrobot]: And it is not for me
[uvdrobot-4] [INFO] [1748569246.734603512] [uvdrobot]: I heard: "{"performative": "query", "sender": "uvdrobot1", "receiver": "spotrobot1", "content": "Ready|a_authorize_disinfect"}"
[spotrobot-5] [INFO] [1748569246.734816689] [spotrobot]: I heard: "{"performative": "query", "sender": "uvdrobot1", "receiver": "spotrobot1", "content": "Ready|a_authorize_disinfect"}"
[uvdrobot-4] [INFO] [1748569246.734896141] [uvdrobot]: And it is not for me
[spotrobot-5] [INFO] [1748569246.735073149] [spotrobot]: And it is for me
[spotrobot-5] [INFO] [1748569246.735324911] [spotrobot]: No there yet
[uvdrobot-4] [INFO] [1748569246.735550117] [uvdrobot]: I heard: "{"performative": "request", "sender": "Coordinator", "receiver": "nurse_disinfected1", "content": "Plan|a_approach_nurse,spotrobot1,nurse_disinfected1/a_authenticate_nurse,spotrobot1,nurse_disinfected1/a_authorize_patrol,spotrobot1,nurse_disinfected1"}"
[uvdrobot-4] [INFO] [1748569246.735817967] [uvdrobot]: And it is not for me
[spotrobot-5] [INFO] [1748569246.736059537] [spotrobot]: success
[spotrobot-5] [INFO] [1748569246.736379370] [spotrobot]: Doing a_open_door
[spotrobot-5] [INFO] [1748569246.736777162] [spotrobot]: Wating for response
[spotrobot-5] [INFO] [1748569246.737638534] [spotrobot]: success
[spotrobot-5] [INFO] [1748569246.738003541] [spotrobot]: Doing a_approach_nurse
[spotrobot-5] [INFO] [1748569246.738388773] [spotrobot]: Wating for response
[spotrobot-5] [INFO] [1748569246.739266290] [spotrobot]: success
[spotrobot-5] [INFO] [1748569246.739671983] [spotrobot]: Doing a_authenticate_nurse
[spotrobot-5] [INFO] [1748569246.739971155] [spotrobot]: a_authenticate_nurse
[spotrobot-5] [INFO] [1748569246.740364934] [spotrobot]: Here first, waiting for nurse
[uvdrobot-4] [INFO] [1748569246.740980452] [uvdrobot]: I heard: "{"performative": "query", "sender": "spotrobot1", "receiver": "nurse_disinfected1", "content": "Ready|a_authenticate_nurse"}"
[spotrobot-5] [INFO] [1748569246.741015639] [spotrobot]: I heard: "{"performative": "query", "sender": "spotrobot1", "receiver": "nurse_disinfected1", "content": "Ready|a_authenticate_nurse"}"
[uvdrobot-4] [INFO] [1748569246.741304621] [uvdrobot]: And it is not for me
[spotrobot-5] [INFO] [1748569246.741570433] [spotrobot]: And it is not for me
[nurse_disinfect-3] [INFO] [1748569247.732797421] [nurse_disinfect]: I heard: "{"performative": "request", "sender": "Coordinator", "receiver": "uvdrobot1", "content": "Plan|a_authorize_disinfect,uvdrobot1,spotrobot1/a_navto,uvdrobot1,room1/a_disinfect_room,uvdrobot1,room1"}"
[nurse_disinfect-3] [INFO] [1748569247.733225744] [nurse_disinfect]: And it is not for me
[nurse_disinfect-3] [INFO] [1748569247.733810423] [nurse_disinfect]: I heard: "{"performative": "query", "sender": "uvdrobot1", "receiver": "spotrobot1", "content": "Ready|a_authorize_disinfect"}"
[nurse_disinfect-3] [INFO] [1748569247.734158676] [nurse_disinfect]: And it is not for me
[nurse_disinfect-3] [INFO] [1748569247.734792570] [nurse_disinfect]: I heard: "{"performative": "request", "sender": "Coordinator", "receiver": "spotrobot1", "content": "Plan|a_navto,spotrobot1,room1/a_open_door,spotrobot1,room1/a_approach_nurse,spotrobot1,nurse_disinfected1/a_authenticate_nurse,spotrobot1,nurse_disinfected1/a_authorize_patrol,spotrobot1,nurse_disinfected1/a_patrol_room,spotrobot1,room1/a_authorize_disinfect,uvdrobot1,spotrobot1"}"
[nurse_disinfect-3] [INFO] [1748569247.735165317] [nurse_disinfect]: And it is not for me
[nurse_disinfect-3] [INFO] [1748569247.735848969] [nurse_disinfect]: I heard: "{"performative": "query", "sender": "spotrobot1", "receiver": "nurse_disinfected1", "content": "Ready|a_authenticate_nurse"}"
[nurse_disinfect-3] [INFO] [1748569247.736199713] [nurse_disinfect]: And it is for me
[nurse_disinfect-3] [INFO] [1748569247.736512272] [nurse_disinfect]: No there yet
[nurse_disinfect-3] [INFO] [1748569247.737174805] [nurse_disinfect]: I heard: "{"performative": "request", "sender": "Coordinator", "receiver": "nurse_disinfected1", "content": "Plan|a_approach_nurse,spotrobot1,nurse_disinfected1/a_authenticate_nurse,spotrobot1,nurse_disinfected1/a_authorize_patrol,spotrobot1,nurse_disinfected1"}"
[nurse_disinfect-3] [INFO] [1748569247.737492661] [nurse_disinfect]: And it is for me
[nurse_disinfect-3] [INFO] [1748569247.739085663] [nurse_disinfect]: a_approach_nurse
[nurse_disinfect-3] [INFO] [1748569247.739724093] [nurse_disinfect]: a_authenticate_nurse
[nurse_disinfect-3] [INFO] [1748569247.740275778] [nurse_disinfect]: Doing a_authenticate_nurse
[nurse_disinfect-3] [INFO] [1748569247.740816832] [nurse_disinfect]: a_authenticate_nurse
[nurse_disinfect-3] [INFO] [1748569247.741329599] [nurse_disinfect]: Robot is waiting, send action message
[uvdrobot-4] [INFO] [1748569247.742285553] [uvdrobot]: I heard: "{"performative": "query", "sender": "nurse_disinfected1", "receiver": "spotrobot1", "content": "Done|a_authenticate_nurse"}"
[spotrobot-5] [INFO] [1748569247.742334529] [spotrobot]: I heard: "{"performative": "query", "sender": "nurse_disinfected1", "receiver": "spotrobot1", "content": "Done|a_authenticate_nurse"}"
[nurse_disinfect-3] [INFO] [1748569247.742542857] [nurse_disinfect]: I heard: "{"performative": "query", "sender": "nurse_disinfected1", "receiver": "spotrobot1", "content": "Done|a_authenticate_nurse"}"
[spotrobot-5] [INFO] [1748569247.742911116] [spotrobot]: And it is for me
[uvdrobot-4] [INFO] [1748569247.742960171] [uvdrobot]: And it is not for me
[nurse_disinfect-3] [INFO] [1748569247.743093429] [nurse_disinfect]: And it is not for me
[spotrobot-5] [INFO] [1748569247.743365549] [spotrobot]: Finished action
[spotrobot-5] [INFO] [1748569247.744100517] [spotrobot]: Doing a_authorize_patrol
[uvdrobot-4] [INFO] [1748569247.744439017] [uvdrobot]: I heard: "{"performative": "query", "sender": "spotrobot1", "receiver": "nurse_disinfected1", "content": "Done|a_authenticate_nurse"}"
[nurse_disinfect-3] [INFO] [1748569247.744454306] [nurse_disinfect]: I heard: "{"performative": "query", "sender": "spotrobot1", "receiver": "nurse_disinfected1", "content": "Done|a_authenticate_nurse"}"
[spotrobot-5] [INFO] [1748569247.744619807] [spotrobot]: a_authorize_patrol
[nurse_disinfect-3] [INFO] [1748569247.744965998] [nurse_disinfect]: And it is for me
[spotrobot-5] [INFO] [1748569247.745062963] [spotrobot]: Here first, waiting for nurse
[uvdrobot-4] [INFO] [1748569247.745068347] [uvdrobot]: And it is not for me
[nurse_disinfect-3] [INFO] [1748569247.745572460] [nurse_disinfect]: Finished action
[uvdrobot-4] [INFO] [1748569247.745896421] [uvdrobot]: I heard: "{"performative": "query", "sender": "spotrobot1", "receiver": "nurse_disinfected1", "content": "Ready|a_authorize_patrol"}"
[nurse_disinfect-3] [INFO] [1748569247.746135450] [nurse_disinfect]: a_authorize_patrol
[spotrobot-5] [INFO] [1748569247.746237370] [spotrobot]: I heard: "{"performative": "query", "sender": "spotrobot1", "receiver": "nurse_disinfected1", "content": "Done|a_authenticate_nurse"}"
[uvdrobot-4] [INFO] [1748569247.746281690] [uvdrobot]: And it is not for me
[nurse_disinfect-3] [INFO] [1748569247.746498983] [nurse_disinfect]: Doing a_authorize_patrol
[spotrobot-5] [INFO] [1748569247.746783388] [spotrobot]: And it is not for me
[nurse_disinfect-3] [INFO] [1748569247.746805343] [nurse_disinfect]: a_authorize_patrol
[uvdrobot-4] [INFO] [1748569247.747138955] [uvdrobot]: I heard: "{"performative": "query", "sender": "nurse_disinfected1", "receiver": "spotrobot1", "content": "Done|a_authenticate_nurse"}"
[nurse_disinfect-3] [INFO] [1748569247.747160309] [nurse_disinfect]: Here first, waiting for robot
[uvdrobot-4] [INFO] [1748569247.747593673] [uvdrobot]: And it is not for me
[spotrobot-5] [INFO] [1748569247.747727635] [spotrobot]: I heard: "{"performative": "query", "sender": "spotrobot1", "receiver": "nurse_disinfected1", "content": "Ready|a_authorize_patrol"}"
[spotrobot-5] [INFO] [1748569247.748085035] [spotrobot]: And it is not for me
[nurse_disinfect-3] [INFO] [1748569247.748374375] [nurse_disinfect]: I heard: "{"performative": "query", "sender": "spotrobot1", "receiver": "nurse_disinfected1", "content": "Ready|a_authorize_patrol"}"
[uvdrobot-4] [INFO] [1748569247.748508596] [uvdrobot]: I heard: "{"performative": "query", "sender": "nurse_disinfected1", "receiver": "spotrobot1", "content": "Ready|a_authorize_patrol"}"
[nurse_disinfect-3] [INFO] [1748569247.748907309] [nurse_disinfect]: And it is for me
[spotrobot-5] [INFO] [1748569247.748957351] [spotrobot]: I heard: "{"performative": "query", "sender": "nurse_disinfected1", "receiver": "spotrobot1", "content": "Done|a_authenticate_nurse"}"
[uvdrobot-4] [INFO] [1748569247.748980563] [uvdrobot]: And it is not for me
[spotrobot-5] [INFO] [1748569247.749294337] [spotrobot]: And it is for me
[nurse_disinfect-3] [INFO] [1748569247.749383345] [nurse_disinfect]: Ready to act
[spotrobot-5] [INFO] [1748569247.749571373] [spotrobot]: Already finished action
[spotrobot-5] [INFO] [1748569247.750282190] [spotrobot]: I heard: "{"performative": "query", "sender": "nurse_disinfected1", "receiver": "spotrobot1", "content": "Ready|a_authorize_patrol"}"
[uvdrobot-4] [INFO] [1748569247.750341086] [uvdrobot]: I heard: "{"performative": "query", "sender": "nurse_disinfected1", "receiver": "spotrobot1", "content": "Done|a_authorize_patrol"}"
[spotrobot-5] [INFO] [1748569247.750576902] [spotrobot]: And it is for me
[nurse_disinfect-3] [INFO] [1748569247.750587199] [nurse_disinfect]: I heard: "{"performative": "query", "sender": "nurse_disinfected1", "receiver": "spotrobot1", "content": "Done|a_authenticate_nurse"}"
[uvdrobot-4] [INFO] [1748569247.750837309] [uvdrobot]: And it is not for me
[spotrobot-5] [INFO] [1748569247.750998854] [spotrobot]: Ready to act
[nurse_disinfect-3] [INFO] [1748569247.751111063] [nurse_disinfect]: And it is not for me
[uvdrobot-4] [INFO] [1748569247.751760467] [uvdrobot]: I heard: "{"performative": "query", "sender": "spotrobot1", "receiver": "nurse_disinfected1", "content": "Done|a_authorize_patrol"}"
[spotrobot-5] [INFO] [1748569247.752131481] [spotrobot]: I heard: "{"performative": "query", "sender": "nurse_disinfected1", "receiver": "spotrobot1", "content": "Done|a_authorize_patrol"}"
[nurse_disinfect-3] [INFO] [1748569247.752247352] [nurse_disinfect]: I heard: "{"performative": "query", "sender": "nurse_disinfected1", "receiver": "spotrobot1", "content": "Ready|a_authorize_patrol"}"
[uvdrobot-4] [INFO] [1748569247.752307407] [uvdrobot]: And it is not for me
[spotrobot-5] [INFO] [1748569247.752680903] [spotrobot]: And it is for me
[nurse_disinfect-3] [INFO] [1748569247.752689272] [nurse_disinfect]: And it is not for me
[spotrobot-5] [INFO] [1748569247.753243522] [spotrobot]: Finished action
[nurse_disinfect-3] [INFO] [1748569247.753406516] [nurse_disinfect]: I heard: "{"performative": "query", "sender": "nurse_disinfected1", "receiver": "spotrobot1", "content": "Done|a_authorize_patrol"}"
[uvdrobot-4] [INFO] [1748569247.754038376] [uvdrobot]: I heard: "{"performative": "query", "sender": "spotrobot1", "receiver": "nurse_disinfected1", "content": "Done|a_authorize_patrol"}"
[nurse_disinfect-3] [INFO] [1748569247.754042388] [nurse_disinfect]: And it is not for me
[spotrobot-5] [INFO] [1748569247.754116879] [spotrobot]: Doing a_patrol_room
[uvdrobot-4] [INFO] [1748569247.754450269] [uvdrobot]: And it is not for me
[spotrobot-5] [INFO] [1748569247.754819819] [spotrobot]: Wating for response
[nurse_disinfect-3] [INFO] [1748569247.754918850] [nurse_disinfect]: I heard: "{"performative": "query", "sender": "spotrobot1", "receiver": "nurse_disinfected1", "content": "Done|a_authorize_patrol"}"
[nurse_disinfect-3] [INFO] [1748569247.755210871] [nurse_disinfect]: And it is for me
[nurse_disinfect-3] [INFO] [1748569247.755635153] [nurse_disinfect]: Finished action
[spotrobot-5] [INFO] [1748569247.755852247] [spotrobot]: I heard: "{"performative": "query", "sender": "spotrobot1", "receiver": "nurse_disinfected1", "content": "Done|a_authorize_patrol"}"
[uvdrobot-4] [INFO] [1748569247.756308139] [uvdrobot]: I heard: "{"performative": "query", "sender": "nurse_disinfected1", "receiver": "spotrobot1", "content": "Done|a_authorize_patrol"}"
[spotrobot-5] [INFO] [1748569247.756355914] [spotrobot]: And it is not for me
[nurse_disinfect-3] [INFO] [1748569247.756546920] [nurse_disinfect]: I heard: "{"performative": "query", "sender": "spotrobot1", "receiver": "nurse_disinfected1", "content": "Done|a_authorize_patrol"}"
[uvdrobot-4] [INFO] [1748569247.756690908] [uvdrobot]: And it is not for me
[nurse_disinfect-3] [INFO] [1748569247.756955666] [nurse_disinfect]: And it is for me
[spotrobot-5] [INFO] [1748569247.757344879] [spotrobot]: I heard: "{"performative": "query", "sender": "spotrobot1", "receiver": "nurse_disinfected1", "content": "Done|a_authorize_patrol"}"
[nurse_disinfect-3] [INFO] [1748569247.757449007] [nurse_disinfect]: Already finished action
[spotrobot-5] [INFO] [1748569247.757928598] [spotrobot]: And it is not for me
[nurse_disinfect-3] [INFO] [1748569247.758216351] [nurse_disinfect]: I heard: "{"performative": "query", "sender": "nurse_disinfected1", "receiver": "spotrobot1", "content": "Done|a_authorize_patrol"}"
[nurse_disinfect-3] [INFO] [1748569247.758601088] [nurse_disinfect]: And it is not for me
[spotrobot-5] [INFO] [1748569247.758928364] [spotrobot]: I heard: "{"performative": "query", "sender": "nurse_disinfected1", "receiver": "spotrobot1", "content": "Done|a_authorize_patrol"}"
[spotrobot-5] [INFO] [1748569247.759475456] [spotrobot]: And it is for me
[spotrobot-5] [INFO] [1748569247.760022197] [spotrobot]: Already finished action
[spotrobot-5] [INFO] [1748569247.761898492] [spotrobot]: dirty room
[uvdrobot-4] [INFO] [1748569247.764434878] [uvdrobot]: I heard: "{"performative": "request", "sender": "Coordinator", "receiver": "spotrobot1", "content": "Reset"}"
[nurse_disinfect-3] [INFO] [1748569247.764527718] [nurse_disinfect]: I heard: "{"performative": "request", "sender": "Coordinator", "receiver": "spotrobot1", "content": "Reset"}"
[spotrobot-5] [INFO] [1748569247.764665236] [spotrobot]: I heard: "{"performative": "request", "sender": "Coordinator", "receiver": "spotrobot1", "content": "Reset"}"
[uvdrobot-4] [INFO] [1748569247.764776172] [uvdrobot]: And it is not for me
[nurse_disinfect-3] [INFO] [1748569247.764851716] [nurse_disinfect]: And it is not for me
[spotrobot-5] [INFO] [1748569247.765228036] [spotrobot]: And it is for me
[uvdrobot-4] [INFO] [1748569247.765369284] [uvdrobot]: I heard: "{"performative": "request", "sender": "Coordinator", "receiver": "uvdrobot1", "content": "Reset"}"
[nurse_disinfect-3] [INFO] [1748569247.765478317] [nurse_disinfect]: I heard: "{"performative": "request", "sender": "Coordinator", "receiver": "uvdrobot1", "content": "Reset"}"
[uvdrobot-4] [INFO] [1748569247.765689478] [uvdrobot]: And it is for me
[nurse_disinfect-3] [INFO] [1748569247.765914237] [nurse_disinfect]: And it is not for me
[spotrobot-5] [INFO] [1748569247.766036389] [spotrobot]: I heard: "{"performative": "request", "sender": "Coordinator", "receiver": "uvdrobot1", "content": "Reset"}"
[uvdrobot-4] [INFO] [1748569247.766224704] [uvdrobot]: I heard: "{"performative": "request", "sender": "Coordinator", "receiver": "nurse_disinfected1", "content": "Reset"}"
[uvdrobot-4] [INFO] [1748569247.766495626] [uvdrobot]: And it is not for me
[nurse_disinfect-3] [INFO] [1748569247.766553266] [nurse_disinfect]: I heard: "{"performative": "request", "sender": "Coordinator", "receiver": "nurse_disinfected1", "content": "Reset"}"
[spotrobot-5] [INFO] [1748569247.766586971] [spotrobot]: And it is not for me
[nurse_disinfect-3] [INFO] [1748569247.766879736] [nurse_disinfect]: And it is for me
[spotrobot-5] [INFO] [1748569247.767202258] [spotrobot]: 
[spotrobot-5] [INFO] [1748569247.768128743] [spotrobot]: I heard: "{"performative": "request", "sender": "Coordinator", "receiver": "nurse_disinfected1", "content": "Reset"}"
[spotrobot-5] [INFO] [1748569247.768696126] [spotrobot]: And it is not for me
[disinfect_planner-2] [INFO] [1748569247.768864464] [disinfect_planner]: Creating plan for: spotrobot1 uvdrobot1 nurse_disinfected1
[disinfect_planner-2] [INFO] [1748569247.769715168] [disinfect_planner]: a_navto,spotrobot1,room1
[disinfect_planner-2] [INFO] [1748569247.770038195] [disinfect_planner]: a_approach_nurse,spotrobot1,nurse_disinfected1
[disinfect_planner-2] [INFO] [1748569247.770364561] [disinfect_planner]: a_authenticate_nurse,spotrobot1,nurse_disinfected1
[disinfect_planner-2] [INFO] [1748569247.770670083] [disinfect_planner]: a_clean_room,nurse_disinfected1,room1
[disinfect_planner-2] [INFO] [1748569247.770975758] [disinfect_planner]: a_authorize_patrol,spotrobot1,nurse_disinfected1
[disinfect_planner-2] [INFO] [1748569247.771295135] [disinfect_planner]: a_patrol_room,spotrobot1,room1
[disinfect_planner-2] [INFO] [1748569247.771598432] [disinfect_planner]: a_authorize_disinfect,uvdrobot1,spotrobot1
[disinfect_planner-2] [INFO] [1748569247.771939583] [disinfect_planner]: a_navto,uvdrobot1,room1
[disinfect_planner-2] [INFO] [1748569247.772258674] [disinfect_planner]: a_disinfect_room,uvdrobot1,room1
[disinfect_planner-2] [INFO] [1748569247.772562847] [disinfect_planner]: Sending response
[spotrobot-5] [INFO] [1748569247.774981071] [spotrobot]: I heard: "{"performative": "request", "sender": "Coordinator", "receiver": "spotrobot1", "content": "Plan|a_navto,spotrobot1,room1/a_approach_nurse,spotrobot1,nurse_disinfected1/a_authenticate_nurse,spotrobot1,nurse_disinfected1/a_authorize_patrol,spotrobot1,nurse_disinfected1/a_patrol_room,spotrobot1,room1/a_authorize_disinfect,uvdrobot1,spotrobot1"}"
[nurse_disinfect-3] [INFO] [1748569247.775124134] [nurse_disinfect]: I heard: "{"performative": "request", "sender": "Coordinator", "receiver": "spotrobot1", "content": "Plan|a_navto,spotrobot1,room1/a_approach_nurse,spotrobot1,nurse_disinfected1/a_authenticate_nurse,spotrobot1,nurse_disinfected1/a_authorize_patrol,spotrobot1,nurse_disinfected1/a_patrol_room,spotrobot1,room1/a_authorize_disinfect,uvdrobot1,spotrobot1"}"
[uvdrobot-4] [INFO] [1748569247.775266810] [uvdrobot]: I heard: "{"performative": "request", "sender": "Coordinator", "receiver": "spotrobot1", "content": "Plan|a_navto,spotrobot1,room1/a_approach_nurse,spotrobot1,nurse_disinfected1/a_authenticate_nurse,spotrobot1,nurse_disinfected1/a_authorize_patrol,spotrobot1,nurse_disinfected1/a_patrol_room,spotrobot1,room1/a_authorize_disinfect,uvdrobot1,spotrobot1"}"
[spotrobot-5] [INFO] [1748569247.775391357] [spotrobot]: And it is for me
[nurse_disinfect-3] [INFO] [1748569247.775730796] [nurse_disinfect]: And it is not for me
[uvdrobot-4] [INFO] [1748569247.775829001] [uvdrobot]: And it is not for me
[spotrobot-5] [INFO] [1748569247.775839790] [spotrobot]: Doing a_navto
[spotrobot-5] [INFO] [1748569247.776537237] [spotrobot]: Wating for response
[nurse_disinfect-3] [INFO] [1748569247.776671848] [nurse_disinfect]: I heard: "{"performative": "request", "sender": "Coordinator", "receiver": "uvdrobot1", "content": "Plan|a_authorize_disinfect,uvdrobot1,spotrobot1/a_navto,uvdrobot1,room1/a_disinfect_room,uvdrobot1,room1"}"
[uvdrobot-4] [INFO] [1748569247.776758891] [uvdrobot]: I heard: "{"performative": "request", "sender": "Coordinator", "receiver": "uvdrobot1", "content": "Plan|a_authorize_disinfect,uvdrobot1,spotrobot1/a_navto,uvdrobot1,room1/a_disinfect_room,uvdrobot1,room1"}"
[nurse_disinfect-3] [INFO] [1748569247.777151459] [nurse_disinfect]: And it is not for me
[uvdrobot-4] [INFO] [1748569247.777352897] [uvdrobot]: And it is for me
[spotrobot-5] [INFO] [1748569247.777410247] [spotrobot]: I heard: "{"performative": "request", "sender": "Coordinator", "receiver": "uvdrobot1", "content": "Plan|a_authorize_disinfect,uvdrobot1,spotrobot1/a_navto,uvdrobot1,room1/a_disinfect_room,uvdrobot1,room1"}"
[spotrobot-5] [INFO] [1748569247.777855433] [spotrobot]: And it is not for me
[uvdrobot-4] [INFO] [1748569247.777900369] [uvdrobot]: Doing a_authorize_disinfect
[nurse_disinfect-3] [INFO] [1748569247.778021845] [nurse_disinfect]: I heard: "{"performative": "request", "sender": "Coordinator", "receiver": "nurse_disinfected1", "content": "Plan|a_approach_nurse,spotrobot1,nurse_disinfected1/a_authenticate_nurse,spotrobot1,nurse_disinfected1/a_clean_room,nurse_disinfected1,room1/a_authorize_patrol,spotrobot1,nurse_disinfected1"}"
[nurse_disinfect-3] [INFO] [1748569247.778385284] [nurse_disinfect]: And it is for me
[uvdrobot-4] [INFO] [1748569247.778433979] [uvdrobot]: a_authorize_disinfect
[spotrobot-5] [INFO] [1748569247.778733577] [spotrobot]: I heard: "{"performative": "request", "sender": "Coordinator", "receiver": "nurse_disinfected1", "content": "Plan|a_approach_nurse,spotrobot1,nurse_disinfected1/a_authenticate_nurse,spotrobot1,nurse_disinfected1/a_clean_room,nurse_disinfected1,room1/a_authorize_patrol,spotrobot1,nurse_disinfected1"}"
[nurse_disinfect-3] [INFO] [1748569247.778883902] [nurse_disinfect]: a_approach_nurse
[uvdrobot-4] [INFO] [1748569247.779001371] [uvdrobot]: Here first, waiting for spotrobot
[spotrobot-5] [INFO] [1748569247.779272797] [spotrobot]: And it is not for me
[nurse_disinfect-3] [INFO] [1748569247.779335264] [nurse_disinfect]: a_authenticate_nurse
[nurse_disinfect-3] [INFO] [1748569247.779755420] [nurse_disinfect]: Doing a_authenticate_nurse
[spotrobot-5] [INFO] [1748569247.779945276] [spotrobot]: success
[nurse_disinfect-3] [INFO] [1748569247.780177781] [nurse_disinfect]: a_authenticate_nurse
[uvdrobot-4] [INFO] [1748569247.780479598] [uvdrobot]: I heard: "{"performative": "request", "sender": "Coordinator", "receiver": "nurse_disinfected1", "content": "Plan|a_approach_nurse,spotrobot1,nurse_disinfected1/a_authenticate_nurse,spotrobot1,nurse_disinfected1/a_clean_room,nurse_disinfected1,room1/a_authorize_patrol,spotrobot1,nurse_disinfected1"}"
[nurse_disinfect-3] [INFO] [1748569247.780564790] [nurse_disinfect]: Here first, waiting for robot
[spotrobot-5] [INFO] [1748569247.780571782] [spotrobot]: Doing a_approach_nurse
[uvdrobot-4] [INFO] [1748569247.780994676] [uvdrobot]: And it is not for me
[spotrobot-5] [INFO] [1748569247.781219016] [spotrobot]: Wating for response
[nurse_disinfect-3] [INFO] [1748569247.781599614] [nurse_disinfect]: I heard: "{"performative": "query", "sender": "uvdrobot1", "receiver": "spotrobot1", "content": "Ready|a_authorize_disinfect"}"
[uvdrobot-4] [INFO] [1748569247.781623293] [uvdrobot]: I heard: "{"performative": "query", "sender": "uvdrobot1", "receiver": "spotrobot1", "content": "Ready|a_authorize_disinfect"}"
[nurse_disinfect-3] [INFO] [1748569247.781978275] [nurse_disinfect]: And it is not for me
[spotrobot-5] [INFO] [1748569247.782164233] [spotrobot]: I heard: "{"performative": "query", "sender": "uvdrobot1", "receiver": "spotrobot1", "content": "Ready|a_authorize_disinfect"}"
[uvdrobot-4] [INFO] [1748569247.782174502] [uvdrobot]: And it is not for me
[nurse_disinfect-3] [INFO] [1748569247.782583102] [nurse_disinfect]: I heard: "{"performative": "query", "sender": "nurse_disinfected1", "receiver": "spotrobot1", "content": "Ready|a_authenticate_nurse"}"
[spotrobot-5] [INFO] [1748569247.782718399] [spotrobot]: And it is for me
[nurse_disinfect-3] [INFO] [1748569247.782863798] [nurse_disinfect]: And it is not for me
[spotrobot-5] [INFO] [1748569247.783220079] [spotrobot]: No there yet
[uvdrobot-4] [INFO] [1748569247.783504528] [uvdrobot]: I heard: "{"performative": "query", "sender": "nurse_disinfected1", "receiver": "spotrobot1", "content": "Ready|a_authenticate_nurse"}"
[spotrobot-5] [INFO] [1748569247.784101609] [spotrobot]: I heard: "{"performative": "query", "sender": "nurse_disinfected1", "receiver": "spotrobot1", "content": "Ready|a_authenticate_nurse"}"
[uvdrobot-4] [INFO] [1748569247.784472027] [uvdrobot]: And it is not for me
[spotrobot-5] [INFO] [1748569247.784659617] [spotrobot]: And it is for me
[spotrobot-5] [INFO] [1748569247.784954157] [spotrobot]: No there yet
[spotrobot-5] [INFO] [1748569247.786030590] [spotrobot]: success
[spotrobot-5] [INFO] [1748569247.786467119] [spotrobot]: Doing a_authenticate_nurse
[spotrobot-5] [INFO] [1748569247.786796060] [spotrobot]: a_authenticate_nurse
[spotrobot-5] [INFO] [1748569247.787344493] [spotrobot]: Nurse is waiting, send action message
[uvdrobot-4] [INFO] [1748569247.788122430] [uvdrobot]: I heard: "{"performative": "query", "sender": "spotrobot1", "receiver": "nurse_disinfected1", "content": "Done|a_authenticate_nurse"}"
[nurse_disinfect-3] [INFO] [1748569247.788297533] [nurse_disinfect]: I heard: "{"performative": "query", "sender": "spotrobot1", "receiver": "nurse_disinfected1", "content": "Done|a_authenticate_nurse"}"
[spotrobot-5] [INFO] [1748569247.788427601] [spotrobot]: I heard: "{"performative": "query", "sender": "spotrobot1", "receiver": "nurse_disinfected1", "content": "Done|a_authenticate_nurse"}"
[uvdrobot-4] [INFO] [1748569247.788722693] [uvdrobot]: And it is not for me
[nurse_disinfect-3] [INFO] [1748569247.788776517] [nurse_disinfect]: And it is for me
[spotrobot-5] [INFO] [1748569247.788882776] [spotrobot]: And it is not for me
[nurse_disinfect-3] [INFO] [1748569247.789295579] [nurse_disinfect]: Finished action
[nurse_disinfect-3] [INFO] [1748569247.790018471] [nurse_disinfect]: a_clean_room
[uvdrobot-4] [INFO] [1748569247.790052188] [uvdrobot]: I heard: "{"performative": "query", "sender": "nurse_disinfected1", "receiver": "spotrobot1", "content": "Done|a_authenticate_nurse"}"
[spotrobot-5] [INFO] [1748569247.790170313] [spotrobot]: I heard: "{"performative": "query", "sender": "nurse_disinfected1", "receiver": "spotrobot1", "content": "Done|a_authenticate_nurse"}"
[uvdrobot-4] [INFO] [1748569247.790363644] [uvdrobot]: And it is not for me
[nurse_disinfect-3] [INFO] [1748569247.790600145] [nurse_disinfect]: Doing a_clean_room
[spotrobot-5] [INFO] [1748569247.790626296] [spotrobot]: And it is for me
[spotrobot-5] [INFO] [1748569247.791120141] [spotrobot]: Finished action
[nurse_disinfect-3] [INFO] [1748569247.791220224] [nurse_disinfect]: Waiting for response
[uvdrobot-4] [INFO] [1748569247.791800023] [uvdrobot]: I heard: "{"performative": "query", "sender": "spotrobot1", "receiver": "nurse_disinfected1", "content": "Done|a_authenticate_nurse"}"
[spotrobot-5] [INFO] [1748569247.791825186] [spotrobot]: Doing a_authorize_patrol
[nurse_disinfect-3] [INFO] [1748569247.792121759] [nurse_disinfect]: I heard: "{"performative": "query", "sender": "nurse_disinfected1", "receiver": "spotrobot1", "content": "Done|a_authenticate_nurse"}"
[uvdrobot-4] [INFO] [1748569247.792237721] [uvdrobot]: And it is not for me
[spotrobot-5] [INFO] [1748569247.792283927] [spotrobot]: a_authorize_patrol
[nurse_disinfect-3] [INFO] [1748569247.792655216] [nurse_disinfect]: And it is not for me
[spotrobot-5] [INFO] [1748569247.792763434] [spotrobot]: Here first, waiting for nurse
[uvdrobot-4] [INFO] [1748569247.793494471] [uvdrobot]: I heard: "{"performative": "query", "sender": "spotrobot1", "receiver": "nurse_disinfected1", "content": "Ready|a_authorize_patrol"}"
[nurse_disinfect-3] [INFO] [1748569247.793621466] [nurse_disinfect]: I heard: "{"performative": "query", "sender": "spotrobot1", "receiver": "nurse_disinfected1", "content": "Done|a_authenticate_nurse"}"
[spotrobot-5] [INFO] [1748569247.793878270] [spotrobot]: I heard: "{"performative": "query", "sender": "spotrobot1", "receiver": "nurse_disinfected1", "content": "Done|a_authenticate_nurse"}"
[uvdrobot-4] [INFO] [1748569247.793889362] [uvdrobot]: And it is not for me
[nurse_disinfect-3] [INFO] [1748569247.794079760] [nurse_disinfect]: And it is for me
[spotrobot-5] [INFO] [1748569247.794316235] [spotrobot]: And it is not for me
[nurse_disinfect-3] [INFO] [1748569247.794555406] [nurse_disinfect]: Already finished action
[spotrobot-5] [INFO] [1748569247.795190044] [spotrobot]: I heard: "{"performative": "query", "sender": "spotrobot1", "receiver": "nurse_disinfected1", "content": "Ready|a_authorize_patrol"}"
[nurse_disinfect-3] [INFO] [1748569247.795446530] [nurse_disinfect]: I heard: "{"performative": "query", "sender": "spotrobot1", "receiver": "nurse_disinfected1", "content": "Ready|a_authorize_patrol"}"
[spotrobot-5] [INFO] [1748569247.795702678] [spotrobot]: And it is not for me
[nurse_disinfect-3] [INFO] [1748569247.795918411] [nurse_disinfect]: And it is for me
[nurse_disinfect-3] [INFO] [1748569247.796424579] [nurse_disinfect]: No there yet
[nurse_disinfect-3] [INFO] [1748569247.797515388] [nurse_disinfect]: success
[nurse_disinfect-3] [INFO] [1748569247.798157250] [nurse_disinfect]: a_authorize_patrol
[nurse_disinfect-3] [INFO] [1748569247.798683681] [nurse_disinfect]: Doing a_authorize_patrol
[nurse_disinfect-3] [INFO] [1748569247.799228976] [nurse_disinfect]: a_authorize_patrol
[nurse_disinfect-3] [INFO] [1748569247.799741506] [nurse_disinfect]: Robot is waiting, send action message
[spotrobot-5] [INFO] [1748569247.800403658] [spotrobot]: I heard: "{"performative": "query", "sender": "nurse_disinfected1", "receiver": "spotrobot1", "content": "Done|a_authorize_patrol"}"
[uvdrobot-4] [INFO] [1748569247.800412129] [uvdrobot]: I heard: "{"performative": "query", "sender": "nurse_disinfected1", "receiver": "spotrobot1", "content": "Done|a_authorize_patrol"}"
[nurse_disinfect-3] [INFO] [1748569247.800811216] [nurse_disinfect]: I heard: "{"performative": "query", "sender": "nurse_disinfected1", "receiver": "spotrobot1", "content": "Done|a_authorize_patrol"}"
[uvdrobot-4] [INFO] [1748569247.800820095] [uvdrobot]: And it is not for me
[spotrobot-5] [INFO] [1748569247.800835052] [spotrobot]: And it is for me
[spotrobot-5] [INFO] [1748569247.801118896] [spotrobot]: Finished action
[nurse_disinfect-3] [INFO] [1748569247.801348124] [nurse_disinfect]: And it is not for me
[spotrobot-5] [INFO] [1748569247.801582524] [spotrobot]: Doing a_patrol_room
[uvdrobot-4] [INFO] [1748569247.801661624] [uvdrobot]: I heard: "{"performative": "query", "sender": "spotrobot1", "receiver": "nurse_disinfected1", "content": "Done|a_authorize_patrol"}"
[spotrobot-5] [INFO] [1748569247.802017636] [spotrobot]: Wating for response
[uvdrobot-4] [INFO] [1748569247.802103801] [uvdrobot]: And it is not for me
[nurse_disinfect-3] [INFO] [1748569247.802354157] [nurse_disinfect]: I heard: "{"performative": "query", "sender": "spotrobot1", "receiver": "nurse_disinfected1", "content": "Done|a_authorize_patrol"}"
[spotrobot-5] [INFO] [1748569247.802593168] [spotrobot]: I heard: "{"performative": "query", "sender": "spotrobot1", "receiver": "nurse_disinfected1", "content": "Done|a_authorize_patrol"}"
[spotrobot-5] [INFO] [1748569247.802877601] [spotrobot]: And it is not for me
[nurse_disinfect-3] [INFO] [1748569247.802902181] [nurse_disinfect]: And it is for me
[nurse_disinfect-3] [INFO] [1748569247.803408016] [nurse_disinfect]: Finished action
[spotrobot-5] [INFO] [1748569247.803707301] [spotrobot]: success
[uvdrobot-4] [INFO] [1748569247.804041596] [uvdrobot]: I heard: "{"performative": "query", "sender": "nurse_disinfected1", "receiver": "spotrobot1", "content": "Done|a_authorize_patrol"}"
[spotrobot-5] [INFO] [1748569247.804048955] [spotrobot]: Doing a_authorize_disinfect
[spotrobot-5] [INFO] [1748569247.804362151] [spotrobot]: a_authorize_disinfect
[uvdrobot-4] [INFO] [1748569247.804432599] [uvdrobot]: And it is not for me
[nurse_disinfect-3] [INFO] [1748569247.804560059] [nurse_disinfect]: I heard: "{"performative": "query", "sender": "nurse_disinfected1", "receiver": "spotrobot1", "content": "Done|a_authorize_patrol"}"
[spotrobot-5] [INFO] [1748569247.804917145] [spotrobot]: Here first, waiting for spotrobot
[nurse_disinfect-3] [INFO] [1748569247.805087783] [nurse_disinfect]: And it is not for me
[uvdrobot-4] [INFO] [1748569247.805555003] [uvdrobot]: I heard: "{"performative": "query", "sender": "spotrobot1", "receiver": "uvdrobot1", "content": "Ready|a_authorize_disinfect"}"
[spotrobot-5] [INFO] [1748569247.805667393] [spotrobot]: I heard: "{"performative": "query", "sender": "nurse_disinfected1", "receiver": "spotrobot1", "content": "Done|a_authorize_patrol"}"
[uvdrobot-4] [INFO] [1748569247.805885210] [uvdrobot]: And it is for me
[nurse_disinfect-3] [INFO] [1748569247.806072498] [nurse_disinfect]: I heard: "{"performative": "query", "sender": "spotrobot1", "receiver": "uvdrobot1", "content": "Ready|a_authorize_disinfect"}"
[uvdrobot-4] [INFO] [1748569247.806210196] [uvdrobot]: Ready to act
[spotrobot-5] [INFO] [1748569247.806260877] [spotrobot]: And it is for me
[spotrobot-5] [INFO] [1748569247.806585711] [spotrobot]: Already finished action
[nurse_disinfect-3] [INFO] [1748569247.806651823] [nurse_disinfect]: And it is not for me
[uvdrobot-4] [INFO] [1748569247.806873671] [uvdrobot]: I heard: "{"performative": "query", "sender": "uvdrobot1", "receiver": "spotrobot1", "content": "Done|a_authorize_disinfect"}"
[spotrobot-5] [INFO] [1748569247.807164504] [spotrobot]: I heard: "{"performative": "query", "sender": "spotrobot1", "receiver": "uvdrobot1", "content": "Ready|a_authorize_disinfect"}"
[uvdrobot-4] [INFO] [1748569247.807235122] [uvdrobot]: And it is not for me
[spotrobot-5] [INFO] [1748569247.807439115] [spotrobot]: And it is not for me
[nurse_disinfect-3] [INFO] [1748569247.807632630] [nurse_disinfect]: I heard: "{"performative": "query", "sender": "uvdrobot1", "receiver": "spotrobot1", "content": "Done|a_authorize_disinfect"}"
[spotrobot-5] [INFO] [1748569247.807982889] [spotrobot]: I heard: "{"performative": "query", "sender": "uvdrobot1", "receiver": "spotrobot1", "content": "Done|a_authorize_disinfect"}"
[nurse_disinfect-3] [INFO] [1748569247.808242078] [nurse_disinfect]: And it is not for me
[spotrobot-5] [INFO] [1748569247.808312439] [spotrobot]: And it is for me
[spotrobot-5] [INFO] [1748569247.808582905] [spotrobot]: Finished action
[uvdrobot-4] [INFO] [1748569247.809180220] [uvdrobot]: I heard: "{"performative": "query", "sender": "spotrobot1", "receiver": "uvdrobot1", "content": "Done|a_authorize_disinfect"}"
[spotrobot-5] [INFO] [1748569247.809247901] [spotrobot]: I heard: "{"performative": "query", "sender": "spotrobot1", "receiver": "uvdrobot1", "content": "Done|a_authorize_disinfect"}"
[spotrobot-5] [INFO] [1748569247.809522588] [spotrobot]: And it is not for me
[uvdrobot-4] [INFO] [1748569247.809561249] [uvdrobot]: And it is for me
[nurse_disinfect-3] [INFO] [1748569247.809568581] [nurse_disinfect]: I heard: "{"performative": "query", "sender": "spotrobot1", "receiver": "uvdrobot1", "content": "Done|a_authorize_disinfect"}"
[uvdrobot-4] [INFO] [1748569247.809901562] [uvdrobot]: Finished action
[nurse_disinfect-3] [INFO] [1748569247.810112145] [nurse_disinfect]: And it is not for me
[uvdrobot-4] [INFO] [1748569247.810475326] [uvdrobot]: Doing a_navto
[spotrobot-5] [INFO] [1748569247.810561263] [spotrobot]: I heard: "{"performative": "query", "sender": "uvdrobot1", "receiver": "spotrobot1", "content": "Done|a_authorize_disinfect"}"
[spotrobot-5] [INFO] [1748569247.810918834] [spotrobot]: And it is for me
[uvdrobot-4] [INFO] [1748569247.810997848] [uvdrobot]: Waiting for response
[nurse_disinfect-3] [INFO] [1748569247.811068497] [nurse_disinfect]: I heard: "{"performative": "query", "sender": "uvdrobot1", "receiver": "spotrobot1", "content": "Done|a_authorize_disinfect"}"
[spotrobot-5] [INFO] [1748569247.811296250] [spotrobot]: Already finished action
[uvdrobot-4] [INFO] [1748569247.811534272] [uvdrobot]: I heard: "{"performative": "query", "sender": "uvdrobot1", "receiver": "spotrobot1", "content": "Done|a_authorize_disinfect"}"
[nurse_disinfect-3] [INFO] [1748569247.811715607] [nurse_disinfect]: And it is not for me
[uvdrobot-4] [INFO] [1748569247.811952964] [uvdrobot]: And it is not for me
[uvdrobot-4] [INFO] [1748569247.812567908] [uvdrobot]: success
[uvdrobot-4] [INFO] [1748569247.813209237] [uvdrobot]: Doing a_disinfect_room
[uvdrobot-4] [INFO] [1748569247.813623260] [uvdrobot]: Waiting for response
[uvdrobot-4] [INFO] [1748569247.814745675] [uvdrobot]: success
[nurse_disinfect-3] [INFO] [1748569247.818337136] [nurse_disinfect]: Recebido sinal de desligamento do coordenador, finalizando...
[spotrobot-5] [INFO] [1748569247.818413404] [spotrobot]: Recebido sinal de desligamento do coordenador, finalizando...
[disinfect_environment-1] [INFO] [1748569247.818440777] [disinfect_environment]: Recebido sinal de desligamento do coordenador, finalizando...
[uvdrobot-4] [INFO] [1748569247.818642422] [uvdrobot]: Recebido sinal de desligamento do coordenador, finalizando...
[disinfect_planner-2] [INFO] [1748569247.818678857] [disinfect_planner]: Recebido sinal de desligamento do coordenador, finalizando...
[nurse_disinfect-3] [INFO] [1748569247.818744969] [Quitting]: Done
[disinfect_environment-1] [INFO] [1748569247.818768387] [Quitting]: Done
[spotrobot-5] [INFO] [1748569247.818783146] [Quitting]: Done
[disinfect_planner-2] [INFO] [1748569247.819233660] [Quitting]: Done
[uvdrobot-4] [INFO] [1748569247.819331237] [Quitting]: Done
[INFO] [disinfect_environment-1]: process has finished cleanly [pid 116436]
[INFO] [uvdrobot-4]: process has finished cleanly [pid 116442]
[INFO] [spotrobot-5]: process has finished cleanly [pid 116444]
[INFO] [nurse_disinfect-3]: process has finished cleanly [pid 116440]
