[INFO] [launch]: All log files can be found below /home/rafael/.ros/log/2025-05-30-12-59-29-630782-NotebookRafael-29312
[INFO] [launch]: Default logging verbosity is set to INFO
[INFO] [disinfect_environment-1]: process started with pid [29313]
[INFO] [disinfect_planner-2]: process started with pid [29315]
[INFO] [nurse_disinfect-3]: process started with pid [29319]
[INFO] [uvdrobot-4]: process started with pid [29321]
[INFO] [spotrobot-5]: process started with pid [29323]
[disinfect_environment-1] [INFO] [1748620769.883417852] [disinfect_environment]: Starting Environment server
[disinfect_environment-1] [INFO] [1748620769.887570435] [disinfect_environment]: Environment server started
[disinfect_planner-2] [INFO] [1748620770.414713764] [disinfect_planner]: Starting Planner server
[disinfect_planner-2] [INFO] [1748620770.419020798] [disinfect_planner]: Planner server started
[disinfect_planner-2] [INFO] [1748620770.643462719] [disinfect_planner]: Creating plan for: spotrobot1 uvdrobot1 nurse_disinfected1
[disinfect_planner-2] [INFO] [1748620770.645008238] [disinfect_planner]: a_navto,spotrobot1,room1
[disinfect_planner-2] [INFO] [1748620770.645314112] [disinfect_planner]: a_open_door,spotrobot1,room1
[disinfect_planner-2] [INFO] [1748620770.645717724] [disinfect_planner]: a_approach_nurse,spotrobot1,nurse_disinfected1
[disinfect_planner-2] [INFO] [1748620770.646172679] [disinfect_planner]: a_authenticate_nurse,spotrobot1,nurse_disinfected1
[disinfect_planner-2] [INFO] [1748620770.646638442] [disinfect_planner]: a_authorize_patrol,spotrobot1,nurse_disinfected1
[disinfect_planner-2] [INFO] [1748620770.647089782] [disinfect_planner]: a_patrol_room,spotrobot1,room1
[disinfect_planner-2] [INFO] [1748620770.647524739] [disinfect_planner]: a_authorize_disinfect,uvdrobot1,spotrobot1
[disinfect_planner-2] [INFO] [1748620770.647996626] [disinfect_planner]: a_navto,uvdrobot1,room1
[disinfect_planner-2] [INFO] [1748620770.648425261] [disinfect_planner]: a_disinfect_room,uvdrobot1,room1
[uvdrobot-4] [INFO] [1748620770.648774562] [uvdrobot]: response.response uvdrobot1
[disinfect_planner-2] [INFO] [1748620770.648862593] [disinfect_planner]: Sending response
[uvdrobot-4] [INFO] [1748620770.649128373] [uvdrobot]: My name is uvdrobot1
[nurse_disinfect-3] [INFO] [1748620770.649852343] [nurse_disinfect]: response.response nurse_disinfected1
[nurse_disinfect-3] [INFO] [1748620770.650204791] [nurse_disinfect]: My name is nurse_disinfected1
[uvdrobot-4] [INFO] [1748620770.650814265] [uvdrobot]: I heard: "{"performative": "request", "sender": "Coordinator", "receiver": "uvdrobot1", "content": "Plan|a_authorize_disinfect,uvdrobot1,spotrobot1/a_navto,uvdrobot1,room1/a_disinfect_room,uvdrobot1,room1"}"
[uvdrobot-4] [INFO] [1748620770.651178572] [uvdrobot]: And it is for me
[uvdrobot-4] [INFO] [1748620770.651616652] [uvdrobot]: Doing a_authorize_disinfect
[uvdrobot-4] [INFO] [1748620770.651985681] [uvdrobot]: a_authorize_disinfect
[uvdrobot-4] [INFO] [1748620770.652315737] [uvdrobot]: Here first, waiting for spotrobot
[uvdrobot-4] [INFO] [1748620770.652977580] [uvdrobot]: I heard: "{"performative": "request", "sender": "Coordinator", "receiver": "spotrobot1", "content": "Plan|a_navto,spotrobot1,room1/a_open_door,spotrobot1,room1/a_approach_nurse,spotrobot1,nurse_disinfected1/a_authenticate_nurse,spotrobot1,nurse_disinfected1/a_authorize_patrol,spotrobot1,nurse_disinfected1/a_patrol_room,spotrobot1,room1/a_authorize_disinfect,uvdrobot1,spotrobot1"}"
[uvdrobot-4] [INFO] [1748620770.653311904] [uvdrobot]: And it is not for me
[spotrobot-5] [INFO] [1748620770.653333744] [spotrobot]: response.response spotrobot1
[uvdrobot-4] [INFO] [1748620770.653678293] [uvdrobot]: I heard: "{"performative": "query", "sender": "uvdrobot1", "receiver": "spotrobot1", "content": "Ready|a_authorize_disinfect"}"
[spotrobot-5] [INFO] [1748620770.653712398] [spotrobot]: My name is spotrobot1
[uvdrobot-4] [INFO] [1748620770.653973303] [uvdrobot]: And it is not for me
[spotrobot-5] [INFO] [1748620770.654318081] [spotrobot]: I heard: "{"performative": "request", "sender": "Coordinator", "receiver": "uvdrobot1", "content": "Plan|a_authorize_disinfect,uvdrobot1,spotrobot1/a_navto,uvdrobot1,room1/a_disinfect_room,uvdrobot1,room1"}"
[uvdrobot-4] [INFO] [1748620770.654490438] [uvdrobot]: I heard: "{"performative": "request", "sender": "Coordinator", "receiver": "nurse_disinfected1", "content": "Plan|a_approach_nurse,spotrobot1,nurse_disinfected1/a_authenticate_nurse,spotrobot1,nurse_disinfected1/a_authorize_patrol,spotrobot1,nurse_disinfected1"}"
[spotrobot-5] [INFO] [1748620770.654694587] [spotrobot]: And it is not for me
[uvdrobot-4] [INFO] [1748620770.654800136] [uvdrobot]: And it is not for me
[spotrobot-5] [INFO] [1748620770.655105505] [spotrobot]: I heard: "{"performative": "query", "sender": "uvdrobot1", "receiver": "spotrobot1", "content": "Ready|a_authorize_disinfect"}"
[spotrobot-5] [INFO] [1748620770.655371128] [spotrobot]: And it is for me
[spotrobot-5] [INFO] [1748620770.655618239] [spotrobot]: No there yet
[spotrobot-5] [INFO] [1748620770.656134418] [spotrobot]: I heard: "{"performative": "request", "sender": "Coordinator", "receiver": "spotrobot1", "content": "Plan|a_navto,spotrobot1,room1/a_open_door,spotrobot1,room1/a_approach_nurse,spotrobot1,nurse_disinfected1/a_authenticate_nurse,spotrobot1,nurse_disinfected1/a_authorize_patrol,spotrobot1,nurse_disinfected1/a_patrol_room,spotrobot1,room1/a_authorize_disinfect,uvdrobot1,spotrobot1"}"
[spotrobot-5] [INFO] [1748620770.656440633] [spotrobot]: And it is for me
[spotrobot-5] [INFO] [1748620770.656839011] [spotrobot]: Doing a_navto
[spotrobot-5] [INFO] [1748620770.657289925] [spotrobot]: Wating for response
[spotrobot-5] [INFO] [1748620770.657782737] [spotrobot]: I heard: "{"performative": "request", "sender": "Coordinator", "receiver": "nurse_disinfected1", "content": "Plan|a_approach_nurse,spotrobot1,nurse_disinfected1/a_authenticate_nurse,spotrobot1,nurse_disinfected1/a_authorize_patrol,spotrobot1,nurse_disinfected1"}"
[spotrobot-5] [INFO] [1748620770.658100177] [spotrobot]: And it is not for me
[spotrobot-5] [INFO] [1748620770.659357093] [spotrobot]: success
[spotrobot-5] [INFO] [1748620770.659703266] [spotrobot]: Doing a_open_door
[spotrobot-5] [INFO] [1748620770.660322175] [spotrobot]: Wating for response
[spotrobot-5] [INFO] [1748620770.661337166] [spotrobot]: success
[spotrobot-5] [INFO] [1748620770.661732847] [spotrobot]: Doing a_approach_nurse
[spotrobot-5] [INFO] [1748620770.662106921] [spotrobot]: Wating for response
[spotrobot-5] [INFO] [1748620770.662943587] [spotrobot]: success
[spotrobot-5] [INFO] [1748620770.663302613] [spotrobot]: Doing a_authenticate_nurse
[spotrobot-5] [INFO] [1748620770.663637230] [spotrobot]: a_authenticate_nurse
[spotrobot-5] [INFO] [1748620770.663935079] [spotrobot]: Here first, waiting for nurse
[uvdrobot-4] [INFO] [1748620770.664546695] [uvdrobot]: I heard: "{"performative": "query", "sender": "spotrobot1", "receiver": "nurse_disinfected1", "content": "Ready|a_authenticate_nurse"}"
[spotrobot-5] [INFO] [1748620770.664800034] [spotrobot]: I heard: "{"performative": "query", "sender": "spotrobot1", "receiver": "nurse_disinfected1", "content": "Ready|a_authenticate_nurse"}"
[uvdrobot-4] [INFO] [1748620770.664879051] [uvdrobot]: And it is not for me
[spotrobot-5] [INFO] [1748620770.665161890] [spotrobot]: And it is not for me
[nurse_disinfect-3] [INFO] [1748620771.652581237] [nurse_disinfect]: I heard: "{"performative": "request", "sender": "Coordinator", "receiver": "uvdrobot1", "content": "Plan|a_authorize_disinfect,uvdrobot1,spotrobot1/a_navto,uvdrobot1,room1/a_disinfect_room,uvdrobot1,room1"}"
[nurse_disinfect-3] [INFO] [1748620771.653073718] [nurse_disinfect]: And it is not for me
[nurse_disinfect-3] [INFO] [1748620771.653656734] [nurse_disinfect]: I heard: "{"performative": "query", "sender": "uvdrobot1", "receiver": "spotrobot1", "content": "Ready|a_authorize_disinfect"}"
[nurse_disinfect-3] [INFO] [1748620771.654013564] [nurse_disinfect]: And it is not for me
[nurse_disinfect-3] [INFO] [1748620771.654592330] [nurse_disinfect]: I heard: "{"performative": "request", "sender": "Coordinator", "receiver": "spotrobot1", "content": "Plan|a_navto,spotrobot1,room1/a_open_door,spotrobot1,room1/a_approach_nurse,spotrobot1,nurse_disinfected1/a_authenticate_nurse,spotrobot1,nurse_disinfected1/a_authorize_patrol,spotrobot1,nurse_disinfected1/a_patrol_room,spotrobot1,room1/a_authorize_disinfect,uvdrobot1,spotrobot1"}"
[nurse_disinfect-3] [INFO] [1748620771.654959987] [nurse_disinfect]: And it is not for me
[nurse_disinfect-3] [INFO] [1748620771.655500584] [nurse_disinfect]: I heard: "{"performative": "query", "sender": "spotrobot1", "receiver": "nurse_disinfected1", "content": "Ready|a_authenticate_nurse"}"
[nurse_disinfect-3] [INFO] [1748620771.655888343] [nurse_disinfect]: And it is for me
[nurse_disinfect-3] [INFO] [1748620771.656436634] [nurse_disinfect]: No there yet
[nurse_disinfect-3] [INFO] [1748620771.657344973] [nurse_disinfect]: I heard: "{"performative": "request", "sender": "Coordinator", "receiver": "nurse_disinfected1", "content": "Plan|a_approach_nurse,spotrobot1,nurse_disinfected1/a_authenticate_nurse,spotrobot1,nurse_disinfected1/a_authorize_patrol,spotrobot1,nurse_disinfected1"}"
[nurse_disinfect-3] [INFO] [1748620771.657906988] [nurse_disinfect]: And it is for me
[nurse_disinfect-3] [INFO] [1748620771.659721328] [nurse_disinfect]: a_approach_nurse
[nurse_disinfect-3] [INFO] [1748620771.660251051] [nurse_disinfect]: a_authenticate_nurse
[nurse_disinfect-3] [INFO] [1748620771.660832136] [nurse_disinfect]: Doing a_authenticate_nurse
[nurse_disinfect-3] [INFO] [1748620771.661366060] [nurse_disinfect]: a_authenticate_nurse
[nurse_disinfect-3] [INFO] [1748620771.661908607] [nurse_disinfect]: Robot is waiting, send action message
[uvdrobot-4] [INFO] [1748620771.662712438] [uvdrobot]: I heard: "{"performative": "query", "sender": "nurse_disinfected1", "receiver": "spotrobot1", "content": "Done|a_authenticate_nurse"}"
[spotrobot-5] [INFO] [1748620771.662834025] [spotrobot]: I heard: "{"performative": "query", "sender": "nurse_disinfected1", "receiver": "spotrobot1", "content": "Done|a_authenticate_nurse"}"
[nurse_disinfect-3] [INFO] [1748620771.662981472] [nurse_disinfect]: I heard: "{"performative": "query", "sender": "nurse_disinfected1", "receiver": "spotrobot1", "content": "Done|a_authenticate_nurse"}"
[uvdrobot-4] [INFO] [1748620771.663056992] [uvdrobot]: And it is not for me
[spotrobot-5] [INFO] [1748620771.663281673] [spotrobot]: And it is for me
[nurse_disinfect-3] [INFO] [1748620771.663479243] [nurse_disinfect]: And it is not for me
[spotrobot-5] [INFO] [1748620771.663776170] [spotrobot]: Finished action
[spotrobot-5] [INFO] [1748620771.664249041] [spotrobot]: Doing a_authorize_patrol
[uvdrobot-4] [INFO] [1748620771.664334574] [uvdrobot]: I heard: "{"performative": "query", "sender": "spotrobot1", "receiver": "nurse_disinfected1", "content": "Done|a_authenticate_nurse"}"
[nurse_disinfect-3] [INFO] [1748620771.664592114] [nurse_disinfect]: I heard: "{"performative": "query", "sender": "spotrobot1", "receiver": "nurse_disinfected1", "content": "Done|a_authenticate_nurse"}"
[uvdrobot-4] [INFO] [1748620771.664615075] [uvdrobot]: And it is not for me
[spotrobot-5] [INFO] [1748620771.664829936] [spotrobot]: a_authorize_patrol
[nurse_disinfect-3] [INFO] [1748620771.665111956] [nurse_disinfect]: And it is for me
[spotrobot-5] [INFO] [1748620771.665147159] [spotrobot]: Here first, waiting for nurse
[nurse_disinfect-3] [INFO] [1748620771.665667459] [nurse_disinfect]: Finished action
[uvdrobot-4] [INFO] [1748620771.665729886] [uvdrobot]: I heard: "{"performative": "query", "sender": "spotrobot1", "receiver": "nurse_disinfected1", "content": "Ready|a_authorize_patrol"}"
[spotrobot-5] [INFO] [1748620771.665782701] [spotrobot]: I heard: "{"performative": "query", "sender": "spotrobot1", "receiver": "nurse_disinfected1", "content": "Done|a_authenticate_nurse"}"
[uvdrobot-4] [INFO] [1748620771.666072888] [uvdrobot]: And it is not for me
[spotrobot-5] [INFO] [1748620771.666130303] [spotrobot]: And it is not for me
[nurse_disinfect-3] [INFO] [1748620771.666360951] [nurse_disinfect]: a_authorize_patrol
[uvdrobot-4] [INFO] [1748620771.666568492] [uvdrobot]: I heard: "{"performative": "query", "sender": "nurse_disinfected1", "receiver": "spotrobot1", "content": "Done|a_authenticate_nurse"}"
[spotrobot-5] [INFO] [1748620771.666697087] [spotrobot]: I heard: "{"performative": "query", "sender": "spotrobot1", "receiver": "nurse_disinfected1", "content": "Ready|a_authorize_patrol"}"
[nurse_disinfect-3] [INFO] [1748620771.666833973] [nurse_disinfect]: Doing a_authorize_patrol
[uvdrobot-4] [INFO] [1748620771.666840277] [uvdrobot]: And it is not for me
[spotrobot-5] [INFO] [1748620771.666993034] [spotrobot]: And it is not for me
[nurse_disinfect-3] [INFO] [1748620771.667360165] [nurse_disinfect]: a_authorize_patrol
[spotrobot-5] [INFO] [1748620771.667576920] [spotrobot]: I heard: "{"performative": "query", "sender": "nurse_disinfected1", "receiver": "spotrobot1", "content": "Done|a_authenticate_nurse"}"
[spotrobot-5] [INFO] [1748620771.667849395] [spotrobot]: And it is for me
[nurse_disinfect-3] [INFO] [1748620771.667869454] [nurse_disinfect]: Here first, waiting for robot
[spotrobot-5] [INFO] [1748620771.668148834] [spotrobot]: Already finished action
[uvdrobot-4] [INFO] [1748620771.668663126] [uvdrobot]: I heard: "{"performative": "query", "sender": "nurse_disinfected1", "receiver": "spotrobot1", "content": "Ready|a_authorize_patrol"}"
[spotrobot-5] [INFO] [1748620771.668730440] [spotrobot]: I heard: "{"performative": "query", "sender": "nurse_disinfected1", "receiver": "spotrobot1", "content": "Ready|a_authorize_patrol"}"
[nurse_disinfect-3] [INFO] [1748620771.669013122] [nurse_disinfect]: I heard: "{"performative": "query", "sender": "spotrobot1", "receiver": "nurse_disinfected1", "content": "Ready|a_authorize_patrol"}"
[spotrobot-5] [INFO] [1748620771.669059123] [spotrobot]: And it is for me
[uvdrobot-4] [INFO] [1748620771.669263101] [uvdrobot]: And it is not for me
[spotrobot-5] [INFO] [1748620771.669368991] [spotrobot]: Ready to act
[nurse_disinfect-3] [INFO] [1748620771.669546318] [nurse_disinfect]: And it is for me
[nurse_disinfect-3] [INFO] [1748620771.670058067] [nurse_disinfect]: Ready to act
[spotrobot-5] [INFO] [1748620771.670065000] [spotrobot]: I heard: "{"performative": "query", "sender": "spotrobot1", "receiver": "nurse_disinfected1", "content": "Done|a_authorize_patrol"}"
[uvdrobot-4] [INFO] [1748620771.670109847] [uvdrobot]: I heard: "{"performative": "query", "sender": "spotrobot1", "receiver": "nurse_disinfected1", "content": "Done|a_authorize_patrol"}"
[spotrobot-5] [INFO] [1748620771.670395378] [spotrobot]: And it is not for me
[uvdrobot-4] [INFO] [1748620771.670691187] [uvdrobot]: And it is not for me
[spotrobot-5] [INFO] [1748620771.670906209] [spotrobot]: I heard: "{"performative": "query", "sender": "nurse_disinfected1", "receiver": "spotrobot1", "content": "Done|a_authorize_patrol"}"
[nurse_disinfect-3] [INFO] [1748620771.671166367] [nurse_disinfect]: I heard: "{"performative": "query", "sender": "nurse_disinfected1", "receiver": "spotrobot1", "content": "Done|a_authenticate_nurse"}"
[spotrobot-5] [INFO] [1748620771.671256746] [spotrobot]: And it is for me
[uvdrobot-4] [INFO] [1748620771.671479501] [uvdrobot]: I heard: "{"performative": "query", "sender": "nurse_disinfected1", "receiver": "spotrobot1", "content": "Done|a_authorize_patrol"}"
[spotrobot-5] [INFO] [1748620771.671523779] [spotrobot]: Finished action
[nurse_disinfect-3] [INFO] [1748620771.671681864] [nurse_disinfect]: And it is not for me
[uvdrobot-4] [INFO] [1748620771.671851843] [uvdrobot]: And it is not for me
[spotrobot-5] [INFO] [1748620771.671952092] [spotrobot]: Doing a_patrol_room
[spotrobot-5] [INFO] [1748620771.672422786] [spotrobot]: Wating for response
[uvdrobot-4] [INFO] [1748620771.672491568] [uvdrobot]: I heard: "{"performative": "query", "sender": "spotrobot1", "receiver": "nurse_disinfected1", "content": "Done|a_authorize_patrol"}"
[nurse_disinfect-3] [INFO] [1748620771.672620612] [nurse_disinfect]: I heard: "{"performative": "query", "sender": "nurse_disinfected1", "receiver": "spotrobot1", "content": "Ready|a_authorize_patrol"}"
[uvdrobot-4] [INFO] [1748620771.672826270] [uvdrobot]: And it is not for me
[spotrobot-5] [INFO] [1748620771.672930656] [spotrobot]: I heard: "{"performative": "query", "sender": "spotrobot1", "receiver": "nurse_disinfected1", "content": "Done|a_authorize_patrol"}"
[nurse_disinfect-3] [INFO] [1748620771.673147902] [nurse_disinfect]: And it is not for me
[spotrobot-5] [INFO] [1748620771.673201474] [spotrobot]: And it is not for me
[spotrobot-5] [INFO] [1748620771.673832142] [spotrobot]: dirty room
[nurse_disinfect-3] [INFO] [1748620771.674088230] [nurse_disinfect]: I heard: "{"performative": "query", "sender": "spotrobot1", "receiver": "nurse_disinfected1", "content": "Done|a_authorize_patrol"}"
[nurse_disinfect-3] [INFO] [1748620771.674604608] [nurse_disinfect]: And it is for me
[nurse_disinfect-3] [INFO] [1748620771.675114616] [nurse_disinfect]: Finished action
[uvdrobot-4] [INFO] [1748620771.675668638] [uvdrobot]: I heard: "{"performative": "query", "sender": "nurse_disinfected1", "receiver": "spotrobot1", "content": "Done|a_authorize_patrol"}"
[spotrobot-5] [INFO] [1748620771.675792104] [spotrobot]: I heard: "{"performative": "query", "sender": "nurse_disinfected1", "receiver": "spotrobot1", "content": "Done|a_authorize_patrol"}"
[uvdrobot-4] [INFO] [1748620771.676045570] [uvdrobot]: And it is not for me
[spotrobot-5] [INFO] [1748620771.676174223] [spotrobot]: And it is for me
[nurse_disinfect-3] [INFO] [1748620771.676327306] [nurse_disinfect]: I heard: "{"performative": "query", "sender": "nurse_disinfected1", "receiver": "spotrobot1", "content": "Done|a_authorize_patrol"}"
[spotrobot-5] [INFO] [1748620771.676446518] [spotrobot]: Already finished action
[uvdrobot-4] [INFO] [1748620771.676593663] [uvdrobot]: I heard: "{"performative": "request", "sender": "Coordinator", "receiver": "spotrobot1", "content": "Reset"}"
[nurse_disinfect-3] [INFO] [1748620771.676853176] [nurse_disinfect]: And it is not for me
[spotrobot-5] [INFO] [1748620771.676944601] [spotrobot]: I heard: "{"performative": "request", "sender": "Coordinator", "receiver": "spotrobot1", "content": "Reset"}"
[uvdrobot-4] [INFO] [1748620771.676969979] [uvdrobot]: And it is not for me
[spotrobot-5] [INFO] [1748620771.677480428] [spotrobot]: And it is for me
[uvdrobot-4] [INFO] [1748620771.677616964] [uvdrobot]: I heard: "{"performative": "request", "sender": "Coordinator", "receiver": "uvdrobot1", "content": "Reset"}"
[nurse_disinfect-3] [INFO] [1748620771.677711761] [nurse_disinfect]: I heard: "{"performative": "request", "sender": "Coordinator", "receiver": "spotrobot1", "content": "Reset"}"
[uvdrobot-4] [INFO] [1748620771.677890423] [uvdrobot]: And it is for me
[nurse_disinfect-3] [INFO] [1748620771.678046587] [nurse_disinfect]: And it is not for me
[spotrobot-5] [INFO] [1748620771.678293813] [spotrobot]: I heard: "{"performative": "request", "sender": "Coordinator", "receiver": "uvdrobot1", "content": "Reset"}"
[uvdrobot-4] [INFO] [1748620771.678386415] [uvdrobot]: I heard: "{"performative": "request", "sender": "Coordinator", "receiver": "nurse_disinfected1", "content": "Reset"}"
[nurse_disinfect-3] [INFO] [1748620771.678516287] [nurse_disinfect]: I heard: "{"performative": "query", "sender": "spotrobot1", "receiver": "nurse_disinfected1", "content": "Done|a_authorize_patrol"}"
[uvdrobot-4] [INFO] [1748620771.678693671] [uvdrobot]: And it is not for me
[spotrobot-5] [INFO] [1748620771.678802487] [spotrobot]: And it is not for me
[nurse_disinfect-3] [INFO] [1748620771.678819171] [nurse_disinfect]: And it is for me
[nurse_disinfect-3] [INFO] [1748620771.679078538] [nurse_disinfect]: Already finished action
[spotrobot-5] [INFO] [1748620771.679509739] [spotrobot]: 
[nurse_disinfect-3] [INFO] [1748620771.679667203] [nurse_disinfect]: I heard: "{"performative": "request", "sender": "Coordinator", "receiver": "uvdrobot1", "content": "Reset"}"
[disinfect_planner-2] [INFO] [1748620771.679731524] [disinfect_planner]: Creating plan for: spotrobot1 uvdrobot1 nurse_disinfected1
[nurse_disinfect-3] [INFO] [1748620771.680009742] [nurse_disinfect]: And it is not for me
[nurse_disinfect-3] [INFO] [1748620771.680346177] [nurse_disinfect]: I heard: "{"performative": "query", "sender": "nurse_disinfected1", "receiver": "spotrobot1", "content": "Done|a_authorize_patrol"}"
[spotrobot-5] [INFO] [1748620771.680392818] [spotrobot]: I heard: "{"performative": "request", "sender": "Coordinator", "receiver": "nurse_disinfected1", "content": "Reset"}"
[disinfect_planner-2] [INFO] [1748620771.680580551] [disinfect_planner]: a_navto,spotrobot1,room1
[nurse_disinfect-3] [INFO] [1748620771.680607040] [nurse_disinfect]: And it is not for me
[disinfect_planner-2] [INFO] [1748620771.680845635] [disinfect_planner]: a_approach_nurse,spotrobot1,nurse_disinfected1
[spotrobot-5] [INFO] [1748620771.680914856] [spotrobot]: And it is not for me
[nurse_disinfect-3] [INFO] [1748620771.681106249] [nurse_disinfect]: I heard: "{"performative": "request", "sender": "Coordinator", "receiver": "nurse_disinfected1", "content": "Reset"}"
[disinfect_planner-2] [INFO] [1748620771.681152172] [disinfect_planner]: a_authenticate_nurse,spotrobot1,nurse_disinfected1
[nurse_disinfect-3] [INFO] [1748620771.681418153] [nurse_disinfect]: And it is for me
[disinfect_planner-2] [INFO] [1748620771.681464974] [disinfect_planner]: a_clean_room,nurse_disinfected1,room1
[disinfect_planner-2] [INFO] [1748620771.681728903] [disinfect_planner]: a_authorize_patrol,spotrobot1,nurse_disinfected1
[disinfect_planner-2] [INFO] [1748620771.681976734] [disinfect_planner]: a_patrol_room,spotrobot1,room1
[disinfect_planner-2] [INFO] [1748620771.682217466] [disinfect_planner]: a_authorize_disinfect,uvdrobot1,spotrobot1
[disinfect_planner-2] [INFO] [1748620771.682496774] [disinfect_planner]: a_navto,uvdrobot1,room1
[disinfect_planner-2] [INFO] [1748620771.682764972] [disinfect_planner]: a_disinfect_room,uvdrobot1,room1
[disinfect_planner-2] [INFO] [1748620771.683060899] [disinfect_planner]: Sending response
[spotrobot-5] [INFO] [1748620771.684969198] [spotrobot]: I heard: "{"performative": "request", "sender": "Coordinator", "receiver": "spotrobot1", "content": "Plan|a_navto,spotrobot1,room1/a_approach_nurse,spotrobot1,nurse_disinfected1/a_authenticate_nurse,spotrobot1,nurse_disinfected1/a_authorize_patrol,spotrobot1,nurse_disinfected1/a_patrol_room,spotrobot1,room1/a_authorize_disinfect,uvdrobot1,spotrobot1"}"
[nurse_disinfect-3] [INFO] [1748620771.685149408] [nurse_disinfect]: I heard: "{"performative": "request", "sender": "Coordinator", "receiver": "spotrobot1", "content": "Plan|a_navto,spotrobot1,room1/a_approach_nurse,spotrobot1,nurse_disinfected1/a_authenticate_nurse,spotrobot1,nurse_disinfected1/a_authorize_patrol,spotrobot1,nurse_disinfected1/a_patrol_room,spotrobot1,room1/a_authorize_disinfect,uvdrobot1,spotrobot1"}"
[uvdrobot-4] [INFO] [1748620771.685229209] [uvdrobot]: I heard: "{"performative": "request", "sender": "Coordinator", "receiver": "spotrobot1", "content": "Plan|a_navto,spotrobot1,room1/a_approach_nurse,spotrobot1,nurse_disinfected1/a_authenticate_nurse,spotrobot1,nurse_disinfected1/a_authorize_patrol,spotrobot1,nurse_disinfected1/a_patrol_room,spotrobot1,room1/a_authorize_disinfect,uvdrobot1,spotrobot1"}"
[spotrobot-5] [INFO] [1748620771.685298903] [spotrobot]: And it is for me
[nurse_disinfect-3] [INFO] [1748620771.685592552] [nurse_disinfect]: And it is not for me
[spotrobot-5] [INFO] [1748620771.685634751] [spotrobot]: Doing a_navto
[uvdrobot-4] [INFO] [1748620771.685714336] [uvdrobot]: And it is not for me
[spotrobot-5] [INFO] [1748620771.686048849] [spotrobot]: Wating for response
[nurse_disinfect-3] [INFO] [1748620771.686471438] [nurse_disinfect]: I heard: "{"performative": "request", "sender": "Coordinator", "receiver": "uvdrobot1", "content": "Plan|a_authorize_disinfect,uvdrobot1,spotrobot1/a_navto,uvdrobot1,room1/a_disinfect_room,uvdrobot1,room1"}"
[spotrobot-5] [INFO] [1748620771.686533446] [spotrobot]: I heard: "{"performative": "request", "sender": "Coordinator", "receiver": "uvdrobot1", "content": "Plan|a_authorize_disinfect,uvdrobot1,spotrobot1/a_navto,uvdrobot1,room1/a_disinfect_room,uvdrobot1,room1"}"
[uvdrobot-4] [INFO] [1748620771.686532046] [uvdrobot]: I heard: "{"performative": "request", "sender": "Coordinator", "receiver": "uvdrobot1", "content": "Plan|a_authorize_disinfect,uvdrobot1,spotrobot1/a_navto,uvdrobot1,room1/a_disinfect_room,uvdrobot1,room1"}"
[spotrobot-5] [INFO] [1748620771.686806726] [spotrobot]: And it is not for me
[nurse_disinfect-3] [INFO] [1748620771.686971263] [nurse_disinfect]: And it is not for me
[uvdrobot-4] [INFO] [1748620771.687009810] [uvdrobot]: And it is for me
[spotrobot-5] [INFO] [1748620771.687270019] [spotrobot]: I heard: "{"performative": "request", "sender": "Coordinator", "receiver": "nurse_disinfected1", "content": "Plan|a_approach_nurse,spotrobot1,nurse_disinfected1/a_authenticate_nurse,spotrobot1,nurse_disinfected1/a_clean_room,nurse_disinfected1,room1/a_authorize_patrol,spotrobot1,nurse_disinfected1"}"
[uvdrobot-4] [INFO] [1748620771.687503124] [uvdrobot]: Doing a_authorize_disinfect
[spotrobot-5] [INFO] [1748620771.687583891] [spotrobot]: And it is not for me
[nurse_disinfect-3] [INFO] [1748620771.687814157] [nurse_disinfect]: I heard: "{"performative": "request", "sender": "Coordinator", "receiver": "nurse_disinfected1", "content": "Plan|a_approach_nurse,spotrobot1,nurse_disinfected1/a_authenticate_nurse,spotrobot1,nurse_disinfected1/a_clean_room,nurse_disinfected1,room1/a_authorize_patrol,spotrobot1,nurse_disinfected1"}"
[uvdrobot-4] [INFO] [1748620771.687933377] [uvdrobot]: a_authorize_disinfect
[spotrobot-5] [INFO] [1748620771.687953138] [spotrobot]: success
[spotrobot-5] [INFO] [1748620771.688267700] [spotrobot]: Doing a_approach_nurse
[nurse_disinfect-3] [INFO] [1748620771.688287047] [nurse_disinfect]: And it is for me
[uvdrobot-4] [INFO] [1748620771.688383505] [uvdrobot]: Here first, waiting for spotrobot
[spotrobot-5] [INFO] [1748620771.688696979] [spotrobot]: Wating for response
[nurse_disinfect-3] [INFO] [1748620771.688844055] [nurse_disinfect]: a_approach_nurse
[spotrobot-5] [INFO] [1748620771.689233487] [spotrobot]: I heard: "{"performative": "query", "sender": "uvdrobot1", "receiver": "spotrobot1", "content": "Ready|a_authorize_disinfect"}"
[nurse_disinfect-3] [INFO] [1748620771.689390472] [nurse_disinfect]: a_authenticate_nurse
[uvdrobot-4] [INFO] [1748620771.689396150] [uvdrobot]: I heard: "{"performative": "request", "sender": "Coordinator", "receiver": "nurse_disinfected1", "content": "Plan|a_approach_nurse,spotrobot1,nurse_disinfected1/a_authenticate_nurse,spotrobot1,nurse_disinfected1/a_clean_room,nurse_disinfected1,room1/a_authorize_patrol,spotrobot1,nurse_disinfected1"}"
[nurse_disinfect-3] [INFO] [1748620771.689819477] [nurse_disinfect]: Doing a_authenticate_nurse
[uvdrobot-4] [INFO] [1748620771.689821416] [uvdrobot]: And it is not for me
[spotrobot-5] [INFO] [1748620771.689854246] [spotrobot]: And it is for me
[spotrobot-5] [INFO] [1748620771.690240822] [spotrobot]: No there yet
[nurse_disinfect-3] [INFO] [1748620771.690288666] [nurse_disinfect]: a_authenticate_nurse
[uvdrobot-4] [INFO] [1748620771.690351630] [uvdrobot]: I heard: "{"performative": "query", "sender": "uvdrobot1", "receiver": "spotrobot1", "content": "Ready|a_authorize_disinfect"}"
[nurse_disinfect-3] [INFO] [1748620771.690747927] [nurse_disinfect]: Here first, waiting for robot
[uvdrobot-4] [INFO] [1748620771.690868945] [uvdrobot]: And it is not for me
[spotrobot-5] [INFO] [1748620771.691319896] [spotrobot]: I heard: "{"performative": "query", "sender": "nurse_disinfected1", "receiver": "spotrobot1", "content": "Ready|a_authenticate_nurse"}"
[uvdrobot-4] [INFO] [1748620771.691691027] [uvdrobot]: I heard: "{"performative": "query", "sender": "nurse_disinfected1", "receiver": "spotrobot1", "content": "Ready|a_authenticate_nurse"}"
[spotrobot-5] [INFO] [1748620771.691699308] [spotrobot]: And it is for me
[nurse_disinfect-3] [INFO] [1748620771.691699442] [nurse_disinfect]: I heard: "{"performative": "query", "sender": "uvdrobot1", "receiver": "spotrobot1", "content": "Ready|a_authorize_disinfect"}"
[uvdrobot-4] [INFO] [1748620771.692164343] [uvdrobot]: And it is not for me
[spotrobot-5] [INFO] [1748620771.692239320] [spotrobot]: No there yet
[nurse_disinfect-3] [INFO] [1748620771.692254841] [nurse_disinfect]: And it is not for me
[spotrobot-5] [INFO] [1748620771.692728413] [spotrobot]: success
[nurse_disinfect-3] [INFO] [1748620771.693113208] [nurse_disinfect]: I heard: "{"performative": "query", "sender": "nurse_disinfected1", "receiver": "spotrobot1", "content": "Ready|a_authenticate_nurse"}"
[spotrobot-5] [INFO] [1748620771.693430971] [spotrobot]: Doing a_authenticate_nurse
[nurse_disinfect-3] [INFO] [1748620771.693481859] [nurse_disinfect]: And it is not for me
[spotrobot-5] [INFO] [1748620771.693951835] [spotrobot]: a_authenticate_nurse
[spotrobot-5] [INFO] [1748620771.694497419] [spotrobot]: Nurse is waiting, send action message
[nurse_disinfect-3] [INFO] [1748620771.695239906] [nurse_disinfect]: I heard: "{"performative": "query", "sender": "spotrobot1", "receiver": "nurse_disinfected1", "content": "Done|a_authenticate_nurse"}"
[uvdrobot-4] [INFO] [1748620771.695249330] [uvdrobot]: I heard: "{"performative": "query", "sender": "spotrobot1", "receiver": "nurse_disinfected1", "content": "Done|a_authenticate_nurse"}"
[spotrobot-5] [INFO] [1748620771.695623512] [spotrobot]: I heard: "{"performative": "query", "sender": "spotrobot1", "receiver": "nurse_disinfected1", "content": "Done|a_authenticate_nurse"}"
[nurse_disinfect-3] [INFO] [1748620771.695643168] [nurse_disinfect]: And it is for me
[uvdrobot-4] [INFO] [1748620771.695655118] [uvdrobot]: And it is not for me
[nurse_disinfect-3] [INFO] [1748620771.696044603] [nurse_disinfect]: Finished action
[spotrobot-5] [INFO] [1748620771.696175324] [spotrobot]: And it is not for me
[nurse_disinfect-3] [INFO] [1748620771.696611217] [nurse_disinfect]: a_clean_room
[uvdrobot-4] [INFO] [1748620771.696858291] [uvdrobot]: I heard: "{"performative": "query", "sender": "nurse_disinfected1", "receiver": "spotrobot1", "content": "Done|a_authenticate_nurse"}"
[nurse_disinfect-3] [INFO] [1748620771.696979981] [nurse_disinfect]: Doing a_clean_room
[spotrobot-5] [INFO] [1748620771.697080767] [spotrobot]: I heard: "{"performative": "query", "sender": "nurse_disinfected1", "receiver": "spotrobot1", "content": "Done|a_authenticate_nurse"}"
[uvdrobot-4] [INFO] [1748620771.697247460] [uvdrobot]: And it is not for me
[nurse_disinfect-3] [INFO] [1748620771.697434501] [nurse_disinfect]: Waiting for response
[spotrobot-5] [INFO] [1748620771.697651715] [spotrobot]: And it is for me
[nurse_disinfect-3] [INFO] [1748620771.698122049] [nurse_disinfect]: I heard: "{"performative": "query", "sender": "nurse_disinfected1", "receiver": "spotrobot1", "content": "Done|a_authenticate_nurse"}"
[spotrobot-5] [INFO] [1748620771.698128438] [spotrobot]: Finished action
[nurse_disinfect-3] [INFO] [1748620771.698467096] [nurse_disinfect]: And it is not for me
[spotrobot-5] [INFO] [1748620771.698798865] [spotrobot]: Doing a_authorize_patrol
[uvdrobot-4] [INFO] [1748620771.698931299] [uvdrobot]: I heard: "{"performative": "query", "sender": "spotrobot1", "receiver": "nurse_disinfected1", "content": "Done|a_authenticate_nurse"}"
[nurse_disinfect-3] [INFO] [1748620771.699088726] [nurse_disinfect]: I heard: "{"performative": "query", "sender": "spotrobot1", "receiver": "nurse_disinfected1", "content": "Done|a_authenticate_nurse"}"
[spotrobot-5] [INFO] [1748620771.699148275] [spotrobot]: a_authorize_patrol
[uvdrobot-4] [INFO] [1748620771.699274027] [uvdrobot]: And it is not for me
[nurse_disinfect-3] [INFO] [1748620771.699438741] [nurse_disinfect]: And it is for me
[spotrobot-5] [INFO] [1748620771.699687727] [spotrobot]: Here first, waiting for nurse
[nurse_disinfect-3] [INFO] [1748620771.699797000] [nurse_disinfect]: Already finished action
[uvdrobot-4] [INFO] [1748620771.700233893] [uvdrobot]: I heard: "{"performative": "query", "sender": "spotrobot1", "receiver": "nurse_disinfected1", "content": "Ready|a_authorize_patrol"}"
[nurse_disinfect-3] [INFO] [1748620771.700394676] [nurse_disinfect]: I heard: "{"performative": "query", "sender": "spotrobot1", "receiver": "nurse_disinfected1", "content": "Ready|a_authorize_patrol"}"
[uvdrobot-4] [INFO] [1748620771.700561346] [uvdrobot]: And it is not for me
[nurse_disinfect-3] [INFO] [1748620771.700719678] [nurse_disinfect]: And it is for me
[spotrobot-5] [INFO] [1748620771.700873671] [spotrobot]: I heard: "{"performative": "query", "sender": "spotrobot1", "receiver": "nurse_disinfected1", "content": "Done|a_authenticate_nurse"}"
[nurse_disinfect-3] [INFO] [1748620771.701025533] [nurse_disinfect]: No there yet
[spotrobot-5] [INFO] [1748620771.701249647] [spotrobot]: And it is not for me
[spotrobot-5] [INFO] [1748620771.701800872] [spotrobot]: I heard: "{"performative": "query", "sender": "spotrobot1", "receiver": "nurse_disinfected1", "content": "Ready|a_authorize_patrol"}"
[nurse_disinfect-3] [INFO] [1748620771.701862162] [nurse_disinfect]: success
[spotrobot-5] [INFO] [1748620771.702119817] [spotrobot]: And it is not for me
[nurse_disinfect-3] [INFO] [1748620771.702246381] [nurse_disinfect]: a_authorize_patrol
[nurse_disinfect-3] [INFO] [1748620771.702555455] [nurse_disinfect]: Doing a_authorize_patrol
[nurse_disinfect-3] [INFO] [1748620771.702901921] [nurse_disinfect]: a_authorize_patrol
[nurse_disinfect-3] [INFO] [1748620771.703232393] [nurse_disinfect]: Robot is waiting, send action message
[uvdrobot-4] [INFO] [1748620771.703860559] [uvdrobot]: I heard: "{"performative": "query", "sender": "nurse_disinfected1", "receiver": "spotrobot1", "content": "Done|a_authorize_patrol"}"
[nurse_disinfect-3] [INFO] [1748620771.703949602] [nurse_disinfect]: I heard: "{"performative": "query", "sender": "nurse_disinfected1", "receiver": "spotrobot1", "content": "Done|a_authorize_patrol"}"
[spotrobot-5] [INFO] [1748620771.703967907] [spotrobot]: I heard: "{"performative": "query", "sender": "nurse_disinfected1", "receiver": "spotrobot1", "content": "Done|a_authorize_patrol"}"
[uvdrobot-4] [INFO] [1748620771.704152312] [uvdrobot]: And it is not for me
[nurse_disinfect-3] [INFO] [1748620771.704277415] [nurse_disinfect]: And it is not for me
[spotrobot-5] [INFO] [1748620771.704369560] [spotrobot]: And it is for me
[spotrobot-5] [INFO] [1748620771.704948364] [spotrobot]: Finished action
[uvdrobot-4] [INFO] [1748620771.705535949] [uvdrobot]: I heard: "{"performative": "query", "sender": "spotrobot1", "receiver": "nurse_disinfected1", "content": "Done|a_authorize_patrol"}"
[spotrobot-5] [INFO] [1748620771.705536944] [spotrobot]: Doing a_patrol_room
[nurse_disinfect-3] [INFO] [1748620771.705722281] [nurse_disinfect]: I heard: "{"performative": "query", "sender": "spotrobot1", "receiver": "nurse_disinfected1", "content": "Done|a_authorize_patrol"}"
[uvdrobot-4] [INFO] [1748620771.705918209] [uvdrobot]: And it is not for me
[spotrobot-5] [INFO] [1748620771.705934461] [spotrobot]: Wating for response
[nurse_disinfect-3] [INFO] [1748620771.706053321] [nurse_disinfect]: And it is for me
[nurse_disinfect-3] [INFO] [1748620771.706367723] [nurse_disinfect]: Finished action
[spotrobot-5] [INFO] [1748620771.706459499] [spotrobot]: I heard: "{"performative": "query", "sender": "spotrobot1", "receiver": "nurse_disinfected1", "content": "Done|a_authorize_patrol"}"
[spotrobot-5] [INFO] [1748620771.706856286] [spotrobot]: And it is not for me
[uvdrobot-4] [INFO] [1748620771.707015748] [uvdrobot]: I heard: "{"performative": "query", "sender": "nurse_disinfected1", "receiver": "spotrobot1", "content": "Done|a_authorize_patrol"}"
[nurse_disinfect-3] [INFO] [1748620771.707134222] [nurse_disinfect]: I heard: "{"performative": "query", "sender": "nurse_disinfected1", "receiver": "spotrobot1", "content": "Done|a_authorize_patrol"}"
[nurse_disinfect-3] [INFO] [1748620771.707487219] [nurse_disinfect]: And it is not for me
[uvdrobot-4] [INFO] [1748620771.707526722] [uvdrobot]: And it is not for me
[spotrobot-5] [INFO] [1748620771.707826062] [spotrobot]: I heard: "{"performative": "query", "sender": "nurse_disinfected1", "receiver": "spotrobot1", "content": "Done|a_authorize_patrol"}"
[spotrobot-5] [INFO] [1748620771.708135637] [spotrobot]: And it is for me
[spotrobot-5] [INFO] [1748620771.708654116] [spotrobot]: Already finished action
[spotrobot-5] [INFO] [1748620771.710282421] [spotrobot]: success
[spotrobot-5] [INFO] [1748620771.710704242] [spotrobot]: Doing a_authorize_disinfect
[spotrobot-5] [INFO] [1748620771.711015899] [spotrobot]: a_authorize_disinfect
[spotrobot-5] [INFO] [1748620771.711323468] [spotrobot]: Here first, waiting for spotrobot
[spotrobot-5] [INFO] [1748620771.712035367] [spotrobot]: I heard: "{"performative": "query", "sender": "spotrobot1", "receiver": "uvdrobot1", "content": "Ready|a_authorize_disinfect"}"
[uvdrobot-4] [INFO] [1748620771.712052952] [uvdrobot]: I heard: "{"performative": "query", "sender": "spotrobot1", "receiver": "uvdrobot1", "content": "Ready|a_authorize_disinfect"}"
[nurse_disinfect-3] [INFO] [1748620771.712370596] [nurse_disinfect]: I heard: "{"performative": "query", "sender": "spotrobot1", "receiver": "uvdrobot1", "content": "Ready|a_authorize_disinfect"}"
[spotrobot-5] [INFO] [1748620771.712581832] [spotrobot]: And it is not for me
[uvdrobot-4] [INFO] [1748620771.712603278] [uvdrobot]: And it is for me
[nurse_disinfect-3] [INFO] [1748620771.712701371] [nurse_disinfect]: And it is not for me
[uvdrobot-4] [INFO] [1748620771.713131193] [uvdrobot]: Ready to act
[nurse_disinfect-3] [INFO] [1748620771.713773843] [nurse_disinfect]: I heard: "{"performative": "query", "sender": "uvdrobot1", "receiver": "spotrobot1", "content": "Done|a_authorize_disinfect"}"
[spotrobot-5] [INFO] [1748620771.714056993] [spotrobot]: I heard: "{"performative": "query", "sender": "uvdrobot1", "receiver": "spotrobot1", "content": "Done|a_authorize_disinfect"}"
[nurse_disinfect-3] [INFO] [1748620771.714157618] [nurse_disinfect]: And it is not for me
[uvdrobot-4] [INFO] [1748620771.714166693] [uvdrobot]: I heard: "{"performative": "query", "sender": "uvdrobot1", "receiver": "spotrobot1", "content": "Done|a_authorize_disinfect"}"
[spotrobot-5] [INFO] [1748620771.714406185] [spotrobot]: And it is for me
[spotrobot-5] [INFO] [1748620771.714680231] [spotrobot]: Finished action
[uvdrobot-4] [INFO] [1748620771.714716707] [uvdrobot]: And it is not for me
[nurse_disinfect-3] [INFO] [1748620771.715479090] [nurse_disinfect]: I heard: "{"performative": "query", "sender": "spotrobot1", "receiver": "uvdrobot1", "content": "Done|a_authorize_disinfect"}"
[uvdrobot-4] [INFO] [1748620771.715606979] [uvdrobot]: I heard: "{"performative": "query", "sender": "spotrobot1", "receiver": "uvdrobot1", "content": "Done|a_authorize_disinfect"}"
[spotrobot-5] [INFO] [1748620771.715614862] [spotrobot]: I heard: "{"performative": "query", "sender": "spotrobot1", "receiver": "uvdrobot1", "content": "Done|a_authorize_disinfect"}"
[nurse_disinfect-3] [INFO] [1748620771.715813821] [nurse_disinfect]: And it is not for me
[spotrobot-5] [INFO] [1748620771.715904429] [spotrobot]: And it is not for me
[uvdrobot-4] [INFO] [1748620771.716256400] [uvdrobot]: And it is for me
[uvdrobot-4] [INFO] [1748620771.716755194] [uvdrobot]: Finished action
[nurse_disinfect-3] [INFO] [1748620771.717387665] [nurse_disinfect]: I heard: "{"performative": "query", "sender": "uvdrobot1", "receiver": "spotrobot1", "content": "Done|a_authorize_disinfect"}"
[uvdrobot-4] [INFO] [1748620771.717448306] [uvdrobot]: Doing a_navto
[nurse_disinfect-3] [INFO] [1748620771.717799823] [nurse_disinfect]: And it is not for me
[spotrobot-5] [INFO] [1748620771.717826047] [spotrobot]: I heard: "{"performative": "query", "sender": "uvdrobot1", "receiver": "spotrobot1", "content": "Done|a_authorize_disinfect"}"
[uvdrobot-4] [INFO] [1748620771.718120967] [uvdrobot]: Waiting for response
[spotrobot-5] [INFO] [1748620771.718367410] [spotrobot]: And it is for me
[uvdrobot-4] [INFO] [1748620771.718666466] [uvdrobot]: I heard: "{"performative": "query", "sender": "uvdrobot1", "receiver": "spotrobot1", "content": "Done|a_authorize_disinfect"}"
[spotrobot-5] [INFO] [1748620771.718929955] [spotrobot]: Already finished action
[uvdrobot-4] [INFO] [1748620771.719023542] [uvdrobot]: And it is not for me
[uvdrobot-4] [INFO] [1748620771.720452397] [uvdrobot]: success
[uvdrobot-4] [INFO] [1748620771.720849469] [uvdrobot]: Doing a_disinfect_room
[uvdrobot-4] [INFO] [1748620771.721493784] [uvdrobot]: Waiting for response
[uvdrobot-4] [INFO] [1748620771.722635502] [uvdrobot]: success
[nurse_disinfect-3] [INFO] [1748620771.725186779] [nurse_disinfect]: Recebido sinal de desligamento do coordenador, finalizando...
[uvdrobot-4] [INFO] [1748620771.725283068] [uvdrobot]: Recebido sinal de desligamento do coordenador, finalizando...
[spotrobot-5] [INFO] [1748620771.725311930] [spotrobot]: Recebido sinal de desligamento do coordenador, finalizando...
[disinfect_planner-2] [INFO] [1748620771.725347509] [disinfect_planner]: Recebido sinal de desligamento do coordenador, finalizando...
[disinfect_environment-1] [INFO] [1748620771.725399316] [disinfect_environment]: Recebido sinal de desligamento do coordenador, finalizando...
[disinfect_planner-2] [INFO] [1748620771.725807594] [Quitting]: Done
[uvdrobot-4] [INFO] [1748620771.725819576] [Quitting]: Done
[nurse_disinfect-3] [INFO] [1748620771.725848651] [Quitting]: Done
[disinfect_environment-1] [INFO] [1748620771.725951184] [Quitting]: Done
[spotrobot-5] [INFO] [1748620771.725997566] [Quitting]: Done
[INFO] [disinfect_environment-1]: process has finished cleanly [pid 29313]
[INFO] [nurse_disinfect-3]: process has finished cleanly [pid 29319]
[INFO] [uvdrobot-4]: process has finished cleanly [pid 29321]
[INFO] [spotrobot-5]: process has finished cleanly [pid 29323]
