[INFO] [launch]: All log files can be found below /home/rafael/.ros/log/2025-05-29-09-10-40-980672-NotebookRafael-10690
[INFO] [launch]: Default logging verbosity is set to INFO
[INFO] [disinfect_environment-1]: process started with pid [10693]
[INFO] [disinfect_planner-2]: process started with pid [10695]
[INFO] [nurse_disinfect-3]: process started with pid [10697]
[INFO] [uvdrobot-4]: process started with pid [10699]
[INFO] [spotrobot-5]: process started with pid [10701]
[disinfect_environment-1] [INFO] [1748520641.238254074] [disinfect_environment]: Starting Environment server
[disinfect_environment-1] [INFO] [1748520641.242483129] [disinfect_environment]: Environment server started
[disinfect_planner-2] [INFO] [1748520641.795630653] [disinfect_planner]: Starting Planner server
[disinfect_planner-2] [INFO] [1748520641.799971811] [disinfect_planner]: Planner server started
[disinfect_planner-2] [INFO] [1748520642.012940057] [disinfect_planner]: Creating plan for: spotrobot1 uvdrobot1 nurse_disinfected1
[disinfect_planner-2] [INFO] [1748520642.014471345] [disinfect_planner]: a_navto,spotrobot1,room1
[disinfect_planner-2] [INFO] [1748520642.014790053] [disinfect_planner]: a_open_door,spotrobot1,room1
[disinfect_planner-2] [INFO] [1748520642.015096377] [disinfect_planner]: a_approach_nurse,spotrobot1,nurse_disinfected1
[disinfect_planner-2] [INFO] [1748520642.015401465] [disinfect_planner]: a_authenticate_nurse,spotrobot1,nurse_disinfected1
[disinfect_planner-2] [INFO] [1748520642.015705775] [disinfect_planner]: a_authorize_patrol,spotrobot1,nurse_disinfected1
[disinfect_planner-2] [INFO] [1748520642.016016700] [disinfect_planner]: a_patrol_room,spotrobot1,room1
[disinfect_planner-2] [INFO] [1748520642.016344708] [disinfect_planner]: a_authorize_disinfect,uvdrobot1,spotrobot1
[disinfect_planner-2] [INFO] [1748520642.016646489] [disinfect_planner]: a_navto,uvdrobot1,room1
[disinfect_planner-2] [INFO] [1748520642.016961948] [disinfect_planner]: a_disinfect_room,uvdrobot1,room1
[disinfect_planner-2] [INFO] [1748520642.017218579] [disinfect_planner]: Sending response
[spotrobot-5] [INFO] [1748520642.018016910] [spotrobot]: response.response spotrobot1
[spotrobot-5] [INFO] [1748520642.018382382] [spotrobot]: My name is spotrobot1
[spotrobot-5] [INFO] [1748520642.019642912] [spotrobot]: I heard: "{"performative": "request", "sender": "Coordinator", "receiver": "uvdrobot1", "content": "Plan|a_authorize_disinfect,uvdrobot1,spotrobot1/a_navto,uvdrobot1,room1/a_disinfect_room,uvdrobot1,room1"}"
[spotrobot-5] [INFO] [1748520642.019965463] [spotrobot]: And it is not for me
[nurse_disinfect-3] [INFO] [1748520642.020430269] [nurse_disinfect]: response.response nurse_disinfected1
[spotrobot-5] [INFO] [1748520642.020472997] [spotrobot]: I heard: "{"performative": "request", "sender": "Coordinator", "receiver": "spotrobot1", "content": "Plan|a_navto,spotrobot1,room1/a_open_door,spotrobot1,room1/a_approach_nurse,spotrobot1,nurse_disinfected1/a_authenticate_nurse,spotrobot1,nurse_disinfected1/a_authorize_patrol,spotrobot1,nurse_disinfected1/a_patrol_room,spotrobot1,room1/a_authorize_disinfect,uvdrobot1,spotrobot1"}"
[uvdrobot-4] [INFO] [1748520642.020740913] [uvdrobot]: response.response uvdrobot1
[spotrobot-5] [INFO] [1748520642.020793582] [spotrobot]: And it is for me
[nurse_disinfect-3] [INFO] [1748520642.020839557] [nurse_disinfect]: My name is nurse_disinfected1
[uvdrobot-4] [INFO] [1748520642.021349056] [uvdrobot]: My name is uvdrobot1
[spotrobot-5] [INFO] [1748520642.021365079] [spotrobot]: Doing a_navto
[spotrobot-5] [INFO] [1748520642.021833291] [spotrobot]: Wating for response
[spotrobot-5] [INFO] [1748520642.022329180] [spotrobot]: I heard: "{"performative": "request", "sender": "Coordinator", "receiver": "nurse_disinfected1", "content": "Plan|a_approach_nurse,spotrobot1,nurse_disinfected1/a_authenticate_nurse,spotrobot1,nurse_disinfected1/a_authorize_patrol,spotrobot1,nurse_disinfected1"}"
[uvdrobot-4] [INFO] [1748520642.022499453] [uvdrobot]: I heard: "{"performative": "request", "sender": "Coordinator", "receiver": "uvdrobot1", "content": "Plan|a_authorize_disinfect,uvdrobot1,spotrobot1/a_navto,uvdrobot1,room1/a_disinfect_room,uvdrobot1,room1"}"
[spotrobot-5] [INFO] [1748520642.022638762] [spotrobot]: And it is not for me
[uvdrobot-4] [INFO] [1748520642.023027202] [uvdrobot]: And it is for me
[spotrobot-5] [INFO] [1748520642.023167231] [spotrobot]: success
[spotrobot-5] [INFO] [1748520642.023500191] [spotrobot]: Doing a_open_door
[uvdrobot-4] [INFO] [1748520642.023742259] [uvdrobot]: Doing a_authorize_disinfect
[spotrobot-5] [INFO] [1748520642.023942730] [spotrobot]: Wating for response
[uvdrobot-4] [INFO] [1748520642.024226484] [uvdrobot]: a_authorize_disinfect
[spotrobot-5] [INFO] [1748520642.024698354] [spotrobot]: success
[uvdrobot-4] [INFO] [1748520642.024730807] [uvdrobot]: Here first, waiting for spotrobot
[spotrobot-5] [INFO] [1748520642.025048863] [spotrobot]: Doing a_approach_nurse
[spotrobot-5] [INFO] [1748520642.025475691] [spotrobot]: Wating for response
[spotrobot-5] [INFO] [1748520642.025957289] [spotrobot]: I heard: "{"performative": "query", "sender": "uvdrobot1", "receiver": "spotrobot1", "content": "Ready|a_authorize_disinfect"}"
[uvdrobot-4] [INFO] [1748520642.025971181] [uvdrobot]: I heard: "{"performative": "request", "sender": "Coordinator", "receiver": "spotrobot1", "content": "Plan|a_navto,spotrobot1,room1/a_open_door,spotrobot1,room1/a_approach_nurse,spotrobot1,nurse_disinfected1/a_authenticate_nurse,spotrobot1,nurse_disinfected1/a_authorize_patrol,spotrobot1,nurse_disinfected1/a_patrol_room,spotrobot1,room1/a_authorize_disinfect,uvdrobot1,spotrobot1"}"
[spotrobot-5] [INFO] [1748520642.026420874] [spotrobot]: And it is for me
[uvdrobot-4] [INFO] [1748520642.026495596] [uvdrobot]: And it is not for me
[spotrobot-5] [INFO] [1748520642.026693907] [spotrobot]: No there yet
[uvdrobot-4] [INFO] [1748520642.027071899] [uvdrobot]: I heard: "{"performative": "query", "sender": "uvdrobot1", "receiver": "spotrobot1", "content": "Ready|a_authorize_disinfect"}"
[spotrobot-5] [INFO] [1748520642.027227464] [spotrobot]: success
[uvdrobot-4] [INFO] [1748520642.027460475] [uvdrobot]: And it is not for me
[spotrobot-5] [INFO] [1748520642.027585922] [spotrobot]: Doing a_authenticate_nurse
[spotrobot-5] [INFO] [1748520642.027901915] [spotrobot]: a_authenticate_nurse
[uvdrobot-4] [INFO] [1748520642.028036476] [uvdrobot]: I heard: "{"performative": "request", "sender": "Coordinator", "receiver": "nurse_disinfected1", "content": "Plan|a_approach_nurse,spotrobot1,nurse_disinfected1/a_authenticate_nurse,spotrobot1,nurse_disinfected1/a_authorize_patrol,spotrobot1,nurse_disinfected1"}"
[spotrobot-5] [INFO] [1748520642.028167118] [spotrobot]: Here first, waiting for nurse
[uvdrobot-4] [INFO] [1748520642.028366002] [uvdrobot]: And it is not for me
[spotrobot-5] [INFO] [1748520642.028786254] [spotrobot]: I heard: "{"performative": "query", "sender": "spotrobot1", "receiver": "nurse_disinfected1", "content": "Ready|a_authenticate_nurse"}"
[uvdrobot-4] [INFO] [1748520642.028888974] [uvdrobot]: I heard: "{"performative": "query", "sender": "spotrobot1", "receiver": "nurse_disinfected1", "content": "Ready|a_authenticate_nurse"}"
[spotrobot-5] [INFO] [1748520642.029062021] [spotrobot]: And it is not for me
[uvdrobot-4] [INFO] [1748520642.029164274] [uvdrobot]: And it is not for me
[nurse_disinfect-3] [INFO] [1748520643.022889995] [nurse_disinfect]: I heard: "{"performative": "request", "sender": "Coordinator", "receiver": "uvdrobot1", "content": "Plan|a_authorize_disinfect,uvdrobot1,spotrobot1/a_navto,uvdrobot1,room1/a_disinfect_room,uvdrobot1,room1"}"
[nurse_disinfect-3] [INFO] [1748520643.023278147] [nurse_disinfect]: And it is not for me
[nurse_disinfect-3] [INFO] [1748520643.023778345] [nurse_disinfect]: I heard: "{"performative": "query", "sender": "uvdrobot1", "receiver": "spotrobot1", "content": "Ready|a_authorize_disinfect"}"
[nurse_disinfect-3] [INFO] [1748520643.024125289] [nurse_disinfect]: And it is not for me
[nurse_disinfect-3] [INFO] [1748520643.024626659] [nurse_disinfect]: I heard: "{"performative": "request", "sender": "Coordinator", "receiver": "spotrobot1", "content": "Plan|a_navto,spotrobot1,room1/a_open_door,spotrobot1,room1/a_approach_nurse,spotrobot1,nurse_disinfected1/a_authenticate_nurse,spotrobot1,nurse_disinfected1/a_authorize_patrol,spotrobot1,nurse_disinfected1/a_patrol_room,spotrobot1,room1/a_authorize_disinfect,uvdrobot1,spotrobot1"}"
[nurse_disinfect-3] [INFO] [1748520643.024932692] [nurse_disinfect]: And it is not for me
[nurse_disinfect-3] [INFO] [1748520643.025284622] [nurse_disinfect]: I heard: "{"performative": "query", "sender": "spotrobot1", "receiver": "nurse_disinfected1", "content": "Ready|a_authenticate_nurse"}"
[nurse_disinfect-3] [INFO] [1748520643.025644144] [nurse_disinfect]: And it is for me
[nurse_disinfect-3] [INFO] [1748520643.025966299] [nurse_disinfect]: No there yet
[nurse_disinfect-3] [INFO] [1748520643.026568806] [nurse_disinfect]: I heard: "{"performative": "request", "sender": "Coordinator", "receiver": "nurse_disinfected1", "content": "Plan|a_approach_nurse,spotrobot1,nurse_disinfected1/a_authenticate_nurse,spotrobot1,nurse_disinfected1/a_authorize_patrol,spotrobot1,nurse_disinfected1"}"
[nurse_disinfect-3] [INFO] [1748520643.026954261] [nurse_disinfect]: And it is for me
[nurse_disinfect-3] [INFO] [1748520643.028304081] [nurse_disinfect]: a_approach_nurse
[nurse_disinfect-3] [INFO] [1748520643.028629942] [nurse_disinfect]: a_authenticate_nurse
[nurse_disinfect-3] [INFO] [1748520643.028924694] [nurse_disinfect]: Doing a_authenticate_nurse
[nurse_disinfect-3] [INFO] [1748520643.029256516] [nurse_disinfect]: a_authenticate_nurse
[nurse_disinfect-3] [INFO] [1748520643.029555524] [nurse_disinfect]: Robot is waiting, send action message
[spotrobot-5] [INFO] [1748520643.030133469] [spotrobot]: I heard: "{"performative": "query", "sender": "nurse_disinfected1", "receiver": "spotrobot1", "content": "Done|a_authenticate_nurse"}"
[nurse_disinfect-3] [INFO] [1748520643.030193486] [nurse_disinfect]: I heard: "{"performative": "query", "sender": "nurse_disinfected1", "receiver": "spotrobot1", "content": "Done|a_authenticate_nurse"}"
[uvdrobot-4] [INFO] [1748520643.030519793] [uvdrobot]: I heard: "{"performative": "query", "sender": "nurse_disinfected1", "receiver": "spotrobot1", "content": "Done|a_authenticate_nurse"}"
[spotrobot-5] [INFO] [1748520643.030575832] [spotrobot]: And it is for me
[nurse_disinfect-3] [INFO] [1748520643.030760492] [nurse_disinfect]: And it is not for me
[spotrobot-5] [INFO] [1748520643.030894010] [spotrobot]: Finished action
[uvdrobot-4] [INFO] [1748520643.031091786] [uvdrobot]: And it is not for me
[spotrobot-5] [INFO] [1748520643.031356102] [spotrobot]: Doing a_authorize_patrol
[nurse_disinfect-3] [INFO] [1748520643.031418761] [nurse_disinfect]: I heard: "{"performative": "query", "sender": "spotrobot1", "receiver": "nurse_disinfected1", "content": "Done|a_authenticate_nurse"}"
[nurse_disinfect-3] [INFO] [1748520643.031728842] [nurse_disinfect]: And it is for me
[spotrobot-5] [INFO] [1748520643.031809853] [spotrobot]: a_authorize_patrol
[uvdrobot-4] [INFO] [1748520643.031925456] [uvdrobot]: I heard: "{"performative": "query", "sender": "spotrobot1", "receiver": "nurse_disinfected1", "content": "Done|a_authenticate_nurse"}"
[nurse_disinfect-3] [INFO] [1748520643.032257337] [nurse_disinfect]: Finished action
[spotrobot-5] [INFO] [1748520643.032274750] [spotrobot]: Here first, waiting for nurse
[uvdrobot-4] [INFO] [1748520643.032436863] [uvdrobot]: And it is not for me
[spotrobot-5] [INFO] [1748520643.032886797] [spotrobot]: I heard: "{"performative": "query", "sender": "spotrobot1", "receiver": "nurse_disinfected1", "content": "Done|a_authenticate_nurse"}"
[nurse_disinfect-3] [INFO] [1748520643.032895452] [nurse_disinfect]: a_authorize_patrol
[uvdrobot-4] [INFO] [1748520643.033037422] [uvdrobot]: I heard: "{"performative": "query", "sender": "nurse_disinfected1", "receiver": "spotrobot1", "content": "Done|a_authenticate_nurse"}"
[spotrobot-5] [INFO] [1748520643.033436985] [spotrobot]: And it is not for me
[nurse_disinfect-3] [INFO] [1748520643.033547845] [nurse_disinfect]: Doing a_authorize_patrol
[uvdrobot-4] [INFO] [1748520643.033672822] [uvdrobot]: And it is not for me
[nurse_disinfect-3] [INFO] [1748520643.033946763] [nurse_disinfect]: a_authorize_patrol
[spotrobot-5] [INFO] [1748520643.034124146] [spotrobot]: I heard: "{"performative": "query", "sender": "nurse_disinfected1", "receiver": "spotrobot1", "content": "Done|a_authenticate_nurse"}"
[nurse_disinfect-3] [INFO] [1748520643.034540252] [nurse_disinfect]: Here first, waiting for robot
[spotrobot-5] [INFO] [1748520643.034615994] [spotrobot]: And it is for me
[uvdrobot-4] [INFO] [1748520643.034769185] [uvdrobot]: I heard: "{"performative": "query", "sender": "spotrobot1", "receiver": "nurse_disinfected1", "content": "Ready|a_authorize_patrol"}"
[spotrobot-5] [INFO] [1748520643.035139502] [spotrobot]: Already finished action
[uvdrobot-4] [INFO] [1748520643.035158094] [uvdrobot]: And it is not for me
[uvdrobot-4] [INFO] [1748520643.035756453] [uvdrobot]: I heard: "{"performative": "query", "sender": "nurse_disinfected1", "receiver": "spotrobot1", "content": "Ready|a_authorize_patrol"}"
[nurse_disinfect-3] [INFO] [1748520643.035780695] [nurse_disinfect]: I heard: "{"performative": "query", "sender": "nurse_disinfected1", "receiver": "spotrobot1", "content": "Done|a_authenticate_nurse"}"
[spotrobot-5] [INFO] [1748520643.036075318] [spotrobot]: I heard: "{"performative": "query", "sender": "spotrobot1", "receiver": "nurse_disinfected1", "content": "Ready|a_authorize_patrol"}"
[uvdrobot-4] [INFO] [1748520643.036113424] [uvdrobot]: And it is not for me
[nurse_disinfect-3] [INFO] [1748520643.036268793] [nurse_disinfect]: And it is not for me
[spotrobot-5] [INFO] [1748520643.036665002] [spotrobot]: And it is not for me
[nurse_disinfect-3] [INFO] [1748520643.037156890] [nurse_disinfect]: I heard: "{"performative": "query", "sender": "spotrobot1", "receiver": "nurse_disinfected1", "content": "Ready|a_authorize_patrol"}"
[spotrobot-5] [INFO] [1748520643.037515183] [spotrobot]: I heard: "{"performative": "query", "sender": "nurse_disinfected1", "receiver": "spotrobot1", "content": "Ready|a_authorize_patrol"}"
[nurse_disinfect-3] [INFO] [1748520643.037624952] [nurse_disinfect]: And it is for me
[spotrobot-5] [INFO] [1748520643.037941901] [spotrobot]: And it is for me
[nurse_disinfect-3] [INFO] [1748520643.038035890] [nurse_disinfect]: Ready to act
[spotrobot-5] [INFO] [1748520643.038462749] [spotrobot]: Ready to act
[uvdrobot-4] [INFO] [1748520643.038664948] [uvdrobot]: I heard: "{"performative": "query", "sender": "nurse_disinfected1", "receiver": "spotrobot1", "content": "Done|a_authorize_patrol"}"
[uvdrobot-4] [INFO] [1748520643.038956193] [uvdrobot]: And it is not for me
[nurse_disinfect-3] [INFO] [1748520643.039085313] [nurse_disinfect]: I heard: "{"performative": "query", "sender": "nurse_disinfected1", "receiver": "spotrobot1", "content": "Ready|a_authorize_patrol"}"
[uvdrobot-4] [INFO] [1748520643.039404254] [uvdrobot]: I heard: "{"performative": "query", "sender": "spotrobot1", "receiver": "nurse_disinfected1", "content": "Done|a_authorize_patrol"}"
[spotrobot-5] [INFO] [1748520643.039428285] [spotrobot]: I heard: "{"performative": "query", "sender": "nurse_disinfected1", "receiver": "spotrobot1", "content": "Done|a_authorize_patrol"}"
[nurse_disinfect-3] [INFO] [1748520643.039515006] [nurse_disinfect]: And it is not for me
[uvdrobot-4] [INFO] [1748520643.039719421] [uvdrobot]: And it is not for me
[spotrobot-5] [INFO] [1748520643.039883750] [spotrobot]: And it is for me
[spotrobot-5] [INFO] [1748520643.040285743] [spotrobot]: Finished action
[nurse_disinfect-3] [INFO] [1748520643.040285818] [nurse_disinfect]: I heard: "{"performative": "query", "sender": "nurse_disinfected1", "receiver": "spotrobot1", "content": "Done|a_authorize_patrol"}"
[nurse_disinfect-3] [INFO] [1748520643.040782581] [nurse_disinfect]: And it is not for me
[uvdrobot-4] [INFO] [1748520643.040815464] [uvdrobot]: I heard: "{"performative": "query", "sender": "spotrobot1", "receiver": "nurse_disinfected1", "content": "Done|a_authorize_patrol"}"
[spotrobot-5] [INFO] [1748520643.040916573] [spotrobot]: Doing a_patrol_room
[uvdrobot-4] [INFO] [1748520643.041084147] [uvdrobot]: And it is not for me
[spotrobot-5] [INFO] [1748520643.041522804] [spotrobot]: Wating for response
[nurse_disinfect-3] [INFO] [1748520643.041656495] [nurse_disinfect]: I heard: "{"performative": "query", "sender": "spotrobot1", "receiver": "nurse_disinfected1", "content": "Done|a_authorize_patrol"}"
[nurse_disinfect-3] [INFO] [1748520643.042094322] [nurse_disinfect]: And it is for me
[spotrobot-5] [INFO] [1748520643.042267808] [spotrobot]: I heard: "{"performative": "query", "sender": "spotrobot1", "receiver": "nurse_disinfected1", "content": "Done|a_authorize_patrol"}"
[nurse_disinfect-3] [INFO] [1748520643.042533934] [nurse_disinfect]: Finished action
[spotrobot-5] [INFO] [1748520643.042751379] [spotrobot]: And it is not for me
[uvdrobot-4] [INFO] [1748520643.043198729] [uvdrobot]: I heard: "{"performative": "query", "sender": "nurse_disinfected1", "receiver": "spotrobot1", "content": "Done|a_authorize_patrol"}"
[spotrobot-5] [INFO] [1748520643.043482038] [spotrobot]: I heard: "{"performative": "query", "sender": "spotrobot1", "receiver": "nurse_disinfected1", "content": "Done|a_authorize_patrol"}"
[nurse_disinfect-3] [INFO] [1748520643.043481996] [nurse_disinfect]: I heard: "{"performative": "query", "sender": "spotrobot1", "receiver": "nurse_disinfected1", "content": "Done|a_authorize_patrol"}"
[uvdrobot-4] [INFO] [1748520643.043489126] [uvdrobot]: And it is not for me
[spotrobot-5] [INFO] [1748520643.043890478] [spotrobot]: And it is not for me
[nurse_disinfect-3] [INFO] [1748520643.043894106] [nurse_disinfect]: And it is for me
[nurse_disinfect-3] [INFO] [1748520643.044407722] [nurse_disinfect]: Already finished action
[spotrobot-5] [INFO] [1748520643.044727295] [spotrobot]: I heard: "{"performative": "query", "sender": "nurse_disinfected1", "receiver": "spotrobot1", "content": "Done|a_authorize_patrol"}"
[spotrobot-5] [INFO] [1748520643.045167827] [spotrobot]: And it is for me
[nurse_disinfect-3] [INFO] [1748520643.045243593] [nurse_disinfect]: I heard: "{"performative": "query", "sender": "nurse_disinfected1", "receiver": "spotrobot1", "content": "Done|a_authorize_patrol"}"
[spotrobot-5] [INFO] [1748520643.045575528] [spotrobot]: Already finished action
[nurse_disinfect-3] [INFO] [1748520643.045668110] [nurse_disinfect]: And it is not for me
[spotrobot-5] [INFO] [1748520643.046933265] [spotrobot]: success
[spotrobot-5] [INFO] [1748520643.047564878] [spotrobot]: Doing a_authorize_disinfect
[spotrobot-5] [INFO] [1748520643.048333580] [spotrobot]: a_authorize_disinfect
[spotrobot-5] [INFO] [1748520643.048793914] [spotrobot]: Here first, waiting for spotrobot
[uvdrobot-4] [INFO] [1748520643.049698255] [uvdrobot]: I heard: "{"performative": "query", "sender": "spotrobot1", "receiver": "uvdrobot1", "content": "Ready|a_authorize_disinfect"}"
[nurse_disinfect-3] [INFO] [1748520643.049733725] [nurse_disinfect]: I heard: "{"performative": "query", "sender": "spotrobot1", "receiver": "uvdrobot1", "content": "Ready|a_authorize_disinfect"}"
[spotrobot-5] [INFO] [1748520643.049775276] [spotrobot]: I heard: "{"performative": "query", "sender": "spotrobot1", "receiver": "uvdrobot1", "content": "Ready|a_authorize_disinfect"}"
[spotrobot-5] [INFO] [1748520643.050169523] [spotrobot]: And it is not for me
[nurse_disinfect-3] [INFO] [1748520643.050201209] [nurse_disinfect]: And it is not for me
[uvdrobot-4] [INFO] [1748520643.050224540] [uvdrobot]: And it is for me
[uvdrobot-4] [INFO] [1748520643.050712890] [uvdrobot]: Ready to act
[spotrobot-5] [INFO] [1748520643.051554356] [spotrobot]: I heard: "{"performative": "query", "sender": "uvdrobot1", "receiver": "spotrobot1", "content": "Done|a_authorize_disinfect"}"
[nurse_disinfect-3] [INFO] [1748520643.051557702] [nurse_disinfect]: I heard: "{"performative": "query", "sender": "uvdrobot1", "receiver": "spotrobot1", "content": "Done|a_authorize_disinfect"}"
[uvdrobot-4] [INFO] [1748520643.051790181] [uvdrobot]: I heard: "{"performative": "query", "sender": "uvdrobot1", "receiver": "spotrobot1", "content": "Done|a_authorize_disinfect"}"
[nurse_disinfect-3] [INFO] [1748520643.052025230] [nurse_disinfect]: And it is not for me
[spotrobot-5] [INFO] [1748520643.052099234] [spotrobot]: And it is for me
[uvdrobot-4] [INFO] [1748520643.052230398] [uvdrobot]: And it is not for me
[spotrobot-5] [INFO] [1748520643.052622291] [spotrobot]: Finished action
[nurse_disinfect-3] [INFO] [1748520643.053457558] [nurse_disinfect]: I heard: "{"performative": "query", "sender": "spotrobot1", "receiver": "uvdrobot1", "content": "Done|a_authorize_disinfect"}"
[uvdrobot-4] [INFO] [1748520643.053510271] [uvdrobot]: I heard: "{"performative": "query", "sender": "spotrobot1", "receiver": "uvdrobot1", "content": "Done|a_authorize_disinfect"}"
[spotrobot-5] [INFO] [1748520643.053632841] [spotrobot]: I heard: "{"performative": "query", "sender": "spotrobot1", "receiver": "uvdrobot1", "content": "Done|a_authorize_disinfect"}"
[spotrobot-5] [INFO] [1748520643.053915411] [spotrobot]: And it is not for me
[nurse_disinfect-3] [INFO] [1748520643.053931905] [nurse_disinfect]: And it is not for me
[uvdrobot-4] [INFO] [1748520643.053944519] [uvdrobot]: And it is for me
[uvdrobot-4] [INFO] [1748520643.054392778] [uvdrobot]: Finished action
[spotrobot-5] [INFO] [1748520643.054925970] [spotrobot]: I heard: "{"performative": "query", "sender": "uvdrobot1", "receiver": "spotrobot1", "content": "Done|a_authorize_disinfect"}"
[uvdrobot-4] [INFO] [1748520643.055047675] [uvdrobot]: Doing a_navto
[nurse_disinfect-3] [INFO] [1748520643.055357522] [nurse_disinfect]: I heard: "{"performative": "query", "sender": "uvdrobot1", "receiver": "spotrobot1", "content": "Done|a_authorize_disinfect"}"
[spotrobot-5] [INFO] [1748520643.055532643] [spotrobot]: And it is for me
[uvdrobot-4] [INFO] [1748520643.055636448] [uvdrobot]: Waiting for response
[nurse_disinfect-3] [INFO] [1748520643.055813690] [nurse_disinfect]: And it is not for me
[spotrobot-5] [INFO] [1748520643.056124997] [spotrobot]: Already finished action
[uvdrobot-4] [INFO] [1748520643.056422373] [uvdrobot]: I heard: "{"performative": "query", "sender": "uvdrobot1", "receiver": "spotrobot1", "content": "Done|a_authorize_disinfect"}"
[uvdrobot-4] [INFO] [1748520643.056970551] [uvdrobot]: And it is not for me
[uvdrobot-4] [INFO] [1748520643.057959948] [uvdrobot]: success
[uvdrobot-4] [INFO] [1748520643.058358189] [uvdrobot]: Doing a_disinfect_room
[uvdrobot-4] [INFO] [1748520643.058938081] [uvdrobot]: Waiting for response
[uvdrobot-4] [INFO] [1748520643.060085277] [uvdrobot]: success
[disinfect_environment-1] [INFO] [1748520643.062342465] [disinfect_environment]: Recebido sinal de desligamento do coordenador, finalizando...
[nurse_disinfect-3] [INFO] [1748520643.062361526] [nurse_disinfect]: Recebido sinal de desligamento do coordenador, finalizando...
[disinfect_planner-2] [INFO] [1748520643.062388264] [disinfect_planner]: Recebido sinal de desligamento do coordenador, finalizando...
[uvdrobot-4] [INFO] [1748520643.062444188] [uvdrobot]: Recebido sinal de desligamento do coordenador, finalizando...
[spotrobot-5] [INFO] [1748520643.062466913] [spotrobot]: Recebido sinal de desligamento do coordenador, finalizando...
[disinfect_environment-1] [INFO] [1748520643.062808588] [Quitting]: Done
[spotrobot-5] [INFO] [1748520643.062851999] [Quitting]: Done
[disinfect_planner-2] [INFO] [1748520643.062851041] [Quitting]: Done
[nurse_disinfect-3] [INFO] [1748520643.062952744] [Quitting]: Done
[uvdrobot-4] [INFO] [1748520643.063032078] [Quitting]: Done
[INFO] [nurse_disinfect-3]: process has finished cleanly [pid 10697]
[INFO] [disinfect_environment-1]: process has finished cleanly [pid 10693]
[INFO] [spotrobot-5]: process has finished cleanly [pid 10701]
[INFO] [uvdrobot-4]: process has finished cleanly [pid 10699]
