Error: failed to make pod: adding pod to state: name "pod_murosa-health" is in use: pod already exists
f98b4e5cd03aae6a0c39b76a2134bfcb0ddc1a8e643065a58c7e13af80d46ac6
[1;34m[health]    |[0m [INFO] [launch]: All log files can be found below /root/.ros/log/2025-04-16-10-19-31-850986-f98b4e5cd03a-1
[1;34m[health]    |[0m [INFO] [launch]: Default logging verbosity is set to INFO
[1;34m[health]    |[0m [INFO] [environment-1]: process started with pid [47]
[1;34m[health]    |[0m [INFO] [coordinator-2]: process started with pid [49]
[1;34m[health]    |[0m [INFO] [planner-3]: process started with pid [51]
[1;34m[health]    |[0m [INFO] [nurse-4]: process started with pid [53]
[1;34m[health]    |[0m [INFO] [robot-5]: process started with pid [55]
[1;34m[health]    |[0m [INFO] [arm-6]: process started with pid [57]
[1;34m[health]    |[0m [environment-1] [INFO] [1744798772.018129789] [environment]: Starting Environment server
[1;34m[health]    |[0m [environment-1] [INFO] [1744798772.020808079] [environment]: Environment server started
[1;34m[health]    |[0m [planner-3] [INFO] [1744798772.498170775] [planner]: Starting Planner server
[1;34m[health]    |[0m [planner-3] [INFO] [1744798772.500171565] [planner]: Planner server started
[1;34m[health]    |[0m [coordinator-2] [INFO] [1744798772.523861300] [coordinator]: spin
[1;34m[health]    |[0m [coordinator-2] [INFO] [1744798772.524525133] [coordinator]: Received: Performative=request, Sender=robot, Receiver=Coordinator, Content=Register
[1;34m[health]    |[0m [coordinator-2] [INFO] [1744798772.525109758] [coordinator]: Received: Performative=request, Sender=arm, Receiver=Coordinator, Content=Register
[1;34m[health]    |[0m [coordinator-2] [INFO] [1744798772.525671257] [coordinator]: Received: Performative=request, Sender=nurse, Receiver=Coordinator, Content=Register
[1;34m[health]    |[0m [robot-5] [INFO] [1744798772.533930627] [robot1]: My name is robot1
[1;34m[health]    |[0m [nurse-4] [INFO] [1744798772.534577168] [nurse1]: My name is nurse1
[1;34m[health]    |[0m [arm-6] [INFO] [1744798772.534588502] [arm1]: My name is arm1
[1;34m[health]    |[0m [coordinator-2] [INFO] [1744798776.540579035] [coordinator]: Received: Performative=inform, Sender=nurse1, Receiver=Coordinator, Content=HasSample
[1;34m[health]    |[0m [coordinator-2] [INFO] [1744798777.633067382] [coordinator]: I heard: "{"performative":"inform","sender":"robot1","receiver":"coordinator","content":"Ready"}"
[1;34m[health]    |[0m [coordinator-2] [INFO] [1744798777.647666956] [coordinator]: I heard: "{"performative":"inform","sender":"nurse1","receiver":"coordinator","content":"Ready"}"
[1;34m[health]    |[0m [coordinator-2] [INFO] [1744798777.659190157] [coordinator]: I heard: "{"performative":"inform","sender":"arm1","receiver":"coordinator","content":"Ready"}"
[1;34m[health]    |[0m [coordinator-2] [INFO] [1744798777.659737948] [coordinator]: arm1,room4,robot1,room2,nurse1,room1
[1;34m[health]    |[0m [arm-6] [INFO] [1744798777.660327864] [arm1]: I heard: "{"performative": "request", "sender": "Coordinator", "receiver": "robot1", "content": "Start|robot1,room1,nurse1,room4,arm1"}"
[1;34m[health]    |[0m [nurse-4] [INFO] [1744798777.660408864] [nurse1]: I heard: "{"performative": "request", "sender": "Coordinator", "receiver": "robot1", "content": "Start|robot1,room1,nurse1,room4,arm1"}"
[1;34m[health]    |[0m [robot-5] [INFO] [1744798777.660533489] [robot1]: I heard: "{"performative": "request", "sender": "Coordinator", "receiver": "robot1", "content": "Start|robot1,room1,nurse1,room4,arm1"}"
[1;34m[health]    |[0m [arm-6] [INFO] [1744798777.660574989] [arm1]: And it is not for me
[1;34m[health]    |[0m [nurse-4] [INFO] [1744798777.660718281] [nurse1]: And it is not for me
[1;34m[health]    |[0m [robot-5] [INFO] [1744798777.660773031] [robot1]: And it is for me
[1;34m[health]    |[0m [arm-6] [INFO] [1744798777.660938447] [arm1]: I heard: "{"performative": "request", "sender": "Coordinator", "receiver": "nurse1", "content": "Start|robot1,room1,nurse1,room4,arm1"}"
[1;34m[health]    |[0m [arm-6] [INFO] [1744798777.661161156] [arm1]: And it is not for me
[1;34m[health]    |[0m [nurse-4] [INFO] [1744798777.661193781] [nurse1]: I heard: "{"performative": "request", "sender": "Coordinator", "receiver": "nurse1", "content": "Start|robot1,room1,nurse1,room4,arm1"}"
[1;34m[health]    |[0m [robot-5] [INFO] [1744798777.661209989] [robot1]: I heard: "{"performative": "request", "sender": "Coordinator", "receiver": "nurse1", "content": "Start|robot1,room1,nurse1,room4,arm1"}"
[1;34m[health]    |[0m [robot-5] [INFO] [1744798777.661439072] [robot1]: And it is not for me
[1;34m[health]    |[0m [nurse-4] [INFO] [1744798777.661453697] [nurse1]: And it is for me
[1;34m[health]    |[0m [arm-6] [INFO] [1744798777.661543114] [arm1]: I heard: "{"performative": "request", "sender": "Coordinator", "receiver": "arm1", "content": "Start|robot1,room1,nurse1,room4,arm1"}"
[1;34m[health]    |[0m [arm-6] [INFO] [1744798777.661751239] [arm1]: And it is for me
[1;34m[health]    |[0m [robot-5] [INFO] [1744798777.661815072] [robot1]: I heard: "{"performative": "request", "sender": "Coordinator", "receiver": "arm1", "content": "Start|robot1,room1,nurse1,room4,arm1"}"
[1;34m[health]    |[0m [nurse-4] [INFO] [1744798777.661821572] [nurse1]: robot1
[1;34m[health]    |[0m [robot-5] [INFO] [1744798777.662010030] [robot1]: And it is not for me
[1;34m[health]    |[0m [nurse-4] [INFO] [1744798777.662247988] [nurse1]: I heard: "{"performative": "request", "sender": "Coordinator", "receiver": "arm1", "content": "Start|robot1,room1,nurse1,room4,arm1"}"
[1;34m[health]    |[0m [nurse-4] [INFO] [1744798777.662494113] [nurse1]: And it is not for me
[1;34m[health]    |[0m [nurse-4] [INFO] [1744798777.678294561] [nurse1]: I heard: "{"performative":"inform","sender":"jason","receiver":"robot1","content":"a_navto,robot1,room1"}"
[1;34m[health]    |[0m [arm-6] [INFO] [1744798777.678369645] [arm1]: I heard: "{"performative":"inform","sender":"jason","receiver":"robot1","content":"a_navto,robot1,room1"}"
[1;34m[health]    |[0m [robot-5] [INFO] [1744798777.678409561] [robot1]: I heard: "{"performative":"inform","sender":"jason","receiver":"robot1","content":"a_navto,robot1,room1"}"
[1;34m[health]    |[0m [robot-5] [INFO] [1744798777.678641144] [robot1]: And it is for me
[1;34m[health]    |[0m [nurse-4] [INFO] [1744798777.678541978] [nurse1]: And it is not for me
[1;34m[health]    |[0m [arm-6] [INFO] [1744798777.678605895] [arm1]: And it is not for me
[1;34m[health]    |[0m [robot-5] [INFO] [1744798777.678825936] [robot1]: Acting
[1;34m[health]    |[0m [robot-5] [INFO] [1744798777.679108311] [robot1]: Doing a_navto
[1;34m[health]    |[0m [robot-5] [INFO] [1744798777.679341811] [robot1]: Wating for response
[1;34m[health]    |[0m [robot-5] [INFO] [1744798777.680015435] [robot1]: success
[1;34m[health]    |[0m [robot-5] [INFO] [1744798777.680535477] [robot1]: Publishing: "{"performative": "inform", "sender": "robot1", "receiver": "Jason", "content": "Success|a_navto,robot1,room1"}"
[1;34m[health]    |[0m [arm-6] [INFO] [1744798777.828698299] [arm1]: I heard: "{"performative":"inform","sender":"jason","receiver":"robot1","content":"a_approach_nurse,robot1,nurse1"}"
[1;34m[health]    |[0m [arm-6] [INFO] [1744798777.828932341] [arm1]: And it is not for me
[1;34m[health]    |[0m [robot-5] [INFO] [1744798777.829297590] [robot1]: I heard: "{"performative":"inform","sender":"jason","receiver":"robot1","content":"a_approach_nurse,robot1,nurse1"}"
[1;34m[health]    |[0m [nurse-4] [INFO] [1744798777.829433340] [nurse1]: I heard: "{"performative":"inform","sender":"jason","receiver":"robot1","content":"a_approach_nurse,robot1,nurse1"}"
[1;34m[health]    |[0m [robot-5] [INFO] [1744798777.829533173] [robot1]: And it is for me
[1;34m[health]    |[0m [nurse-4] [INFO] [1744798777.829683173] [nurse1]: And it is not for me
[1;34m[health]    |[0m [robot-5] [INFO] [1744798777.829761673] [robot1]: Acting
[1;34m[health]    |[0m [robot-5] [INFO] [1744798777.829980548] [robot1]: Doing a_approach_nurse
[1;34m[health]    |[0m [robot-5] [INFO] [1744798777.830198840] [robot1]: Wating for response
[1;34m[health]    |[0m [robot-5] [INFO] [1744798777.830846339] [robot1]: success
[1;34m[health]    |[0m [robot-5] [INFO] [1744798777.831111672] [robot1]: Publishing: "{"performative": "inform", "sender": "robot1", "receiver": "Jason", "content": "Success|a_approach_nurse,robot1,nurse1"}"
[1;34m[health]    |[0m [nurse-4] [INFO] [1744798777.991221987] [nurse1]: I heard: "{"performative":"inform","sender":"jason","receiver":"robot1","content":"a_authenticate_nurse,robot1,nurse1"}"
[1;34m[health]    |[0m [arm-6] [INFO] [1744798777.991222529] [arm1]: I heard: "{"performative":"inform","sender":"jason","receiver":"robot1","content":"a_authenticate_nurse,robot1,nurse1"}"
[1;34m[health]    |[0m [robot-5] [INFO] [1744798777.991426529] [robot1]: I heard: "{"performative":"inform","sender":"jason","receiver":"robot1","content":"a_authenticate_nurse,robot1,nurse1"}"
[1;34m[health]    |[0m [nurse-4] [INFO] [1744798777.991461362] [nurse1]: And it is not for me
[1;34m[health]    |[0m [arm-6] [INFO] [1744798777.991462612] [arm1]: And it is not for me
[1;34m[health]    |[0m [nurse-4] [INFO] [1744798777.991795529] [nurse1]: I heard: "{"performative":"inform","sender":"jason","receiver":"nurse1","content":"a_authenticate_nurse,robot1,nurse1"}"
[1;34m[health]    |[0m [robot-5] [INFO] [1744798777.991863737] [robot1]: And it is for me
[1;34m[health]    |[0m [arm-6] [INFO] [1744798777.991884570] [arm1]: I heard: "{"performative":"inform","sender":"jason","receiver":"nurse1","content":"a_authenticate_nurse,robot1,nurse1"}"
[1;34m[health]    |[0m [nurse-4] [INFO] [1744798777.992009570] [nurse1]: And it is for me
[1;34m[health]    |[0m [arm-6] [INFO] [1744798777.992096653] [arm1]: And it is not for me
[1;34m[health]    |[0m [robot-5] [INFO] [1744798777.992112195] [robot1]: Acting
[1;34m[health]    |[0m [nurse-4] [INFO] [1744798777.992206653] [nurse1]: Acting
[1;34m[health]    |[0m [robot-5] [INFO] [1744798777.992327903] [robot1]: Doing a_authenticate_nurse
[1;34m[health]    |[0m [nurse-4] [INFO] [1744798777.992387861] [nurse1]: a_authenticate_nurse
[1;34m[health]    |[0m [robot-5] [INFO] [1744798777.992540611] [robot1]: a_authenticate_nurse
[1;34m[health]    |[0m [nurse-4] [INFO] [1744798777.992564361] [nurse1]: Doing a_authenticate_nurse
[1;34m[health]    |[0m [nurse-4] [INFO] [1744798777.992739028] [nurse1]: a_authenticate_nurse
[1;34m[health]    |[0m [nurse-4] [INFO] [1744798777.992940778] [nurse1]: Here first, waiting for robot
[1;34m[health]    |[0m [robot-5] [INFO] [1744798777.993072153] [robot1]: Here first, waiting for nurse
[1;34m[health]    |[0m [nurse-4] [INFO] [1744798777.993337194] [nurse1]: I heard: "{"performative": "query", "sender": "nurse1", "receiver": "robot1", "content": "Ready|a_authenticate_nurse"}"
[1;34m[health]    |[0m [nurse-4] [INFO] [1744798777.993607194] [nurse1]: And it is not for me
[1;34m[health]    |[0m [robot-5] [INFO] [1744798777.993826111] [robot1]: I heard: "{"performative":"inform","sender":"jason","receiver":"nurse1","content":"a_authenticate_nurse,robot1,nurse1"}"
[1;34m[health]    |[0m [arm-6] [INFO] [1744798777.993985652] [arm1]: I heard: "{"performative": "query", "sender": "nurse1", "receiver": "robot1", "content": "Ready|a_authenticate_nurse"}"
[1;34m[health]    |[0m [nurse-4] [INFO] [1744798777.994014944] [nurse1]: I heard: "{"performative": "query", "sender": "robot1", "receiver": "nurse1", "content": "Ready|a_authenticate_nurse"}"
[1;34m[health]    |[0m [robot-5] [INFO] [1744798777.994127402] [robot1]: And it is not for me
[1;34m[health]    |[0m [nurse-4] [INFO] [1744798777.994237027] [nurse1]: And it is for me
[1;34m[health]    |[0m [arm-6] [INFO] [1744798777.994242319] [arm1]: And it is not for me
[1;34m[health]    |[0m [nurse-4] [INFO] [1744798777.994409902] [nurse1]: Ready to act
[1;34m[health]    |[0m [robot-5] [INFO] [1744798777.994466068] [robot1]: I heard: "{"performative": "query", "sender": "nurse1", "receiver": "robot1", "content": "Ready|a_authenticate_nurse"}"
[1;34m[health]    |[0m [arm-6] [INFO] [1744798777.994670152] [arm1]: I heard: "{"performative": "query", "sender": "robot1", "receiver": "nurse1", "content": "Ready|a_authenticate_nurse"}"
[1;34m[health]    |[0m [robot-5] [INFO] [1744798777.994782235] [robot1]: And it is for me
[1;34m[health]    |[0m [arm-6] [INFO] [1744798777.994923985] [arm1]: And it is not for me
[1;34m[health]    |[0m [nurse-4] [INFO] [1744798777.994940860] [nurse1]: I heard: "{"performative": "query", "sender": "nurse1", "receiver": "robot1", "content": "Done|a_authenticate_nurse"}"
[1;34m[health]    |[0m [robot-5] [INFO] [1744798777.995108151] [robot1]: Ready to act
[1;34m[health]    |[0m [nurse-4] [INFO] [1744798777.995128901] [nurse1]: And it is not for me
[1;34m[health]    |[0m [arm-6] [INFO] [1744798777.995286401] [arm1]: I heard: "{"performative": "query", "sender": "nurse1", "receiver": "robot1", "content": "Done|a_authenticate_nurse"}"
[1;34m[health]    |[0m [arm-6] [INFO] [1744798777.995501068] [arm1]: And it is not for me
[1;34m[health]    |[0m [nurse-4] [INFO] [1744798777.995525776] [nurse1]: I heard: "{"performative": "query", "sender": "robot1", "receiver": "nurse1", "content": "Done|a_authenticate_nurse"}"
[1;34m[health]    |[0m [nurse-4] [INFO] [1744798777.995826734] [nurse1]: And it is for me
[1;34m[health]    |[0m [arm-6] [INFO] [1744798777.995843943] [arm1]: I heard: "{"performative": "query", "sender": "robot1", "receiver": "nurse1", "content": "Done|a_authenticate_nurse"}"
[1;34m[health]    |[0m [arm-6] [INFO] [1744798777.996063442] [arm1]: And it is not for me
[1;34m[health]    |[0m [robot-5] [INFO] [1744798777.996107442] [robot1]: I heard: "{"performative": "query", "sender": "robot1", "receiver": "nurse1", "content": "Ready|a_authenticate_nurse"}"
[1;34m[health]    |[0m [nurse-4] [INFO] [1744798777.996123609] [nurse1]: Finished action
[1;34m[health]    |[0m [robot-5] [INFO] [1744798777.996347234] [robot1]: And it is not for me
[1;34m[health]    |[0m [nurse-4] [INFO] [1744798777.996424776] [nurse1]: Publishing: "{"performative": "inform", "sender": "nurse1", "receiver": "Jason", "content": "Success|a_authenticate_nurse,robot1,nurse1"}"
[1;34m[health]    |[0m [robot-5] [INFO] [1744798777.996788400] [robot1]: I heard: "{"performative": "query", "sender": "nurse1", "receiver": "robot1", "content": "Done|a_authenticate_nurse"}"
[1;34m[health]    |[0m [arm-6] [INFO] [1744798777.996955984] [arm1]: I heard: "{"performative": "query", "sender": "nurse1", "receiver": "robot1", "content": "Done|a_authenticate_nurse"}"
[1;34m[health]    |[0m [nurse-4] [INFO] [1744798777.996975317] [nurse1]: I heard: "{"performative": "query", "sender": "nurse1", "receiver": "robot1", "content": "Done|a_authenticate_nurse"}"
[1;34m[health]    |[0m [robot-5] [INFO] [1744798777.997150358] [robot1]: And it is for me
[1;34m[health]    |[0m [arm-6] [INFO] [1744798777.997165108] [arm1]: And it is not for me
[1;34m[health]    |[0m [nurse-4] [INFO] [1744798777.997242442] [nurse1]: And it is not for me
[1;34m[health]    |[0m [robot-5] [INFO] [1744798777.997338900] [robot1]: Finished action
[1;34m[health]    |[0m [robot-5] [INFO] [1744798777.997589067] [robot1]: Publishing: "{"performative": "inform", "sender": "robot1", "receiver": "Jason", "content": "Success|a_authenticate_nurse,robot1,nurse1"}"
[1;34m[health]    |[0m [arm-6] [INFO] [1744798777.998097441] [arm1]: I heard: "{"performative": "query", "sender": "robot1", "receiver": "nurse1", "content": "Done|a_authenticate_nurse"}"
[1;34m[health]    |[0m [arm-6] [INFO] [1744798777.998313191] [arm1]: And it is not for me
[1;34m[health]    |[0m [nurse-4] [INFO] [1744798777.998640691] [nurse1]: I heard: "{"performative": "query", "sender": "robot1", "receiver": "nurse1", "content": "Done|a_authenticate_nurse"}"
[1;34m[health]    |[0m [nurse-4] [INFO] [1744798777.998872107] [nurse1]: And it is for me
[1;34m[health]    |[0m [robot-5] [INFO] [1744798777.998723691] [robot1]: I heard: "{"performative": "query", "sender": "robot1", "receiver": "nurse1", "content": "Done|a_authenticate_nurse"}"
[1;34m[health]    |[0m [nurse-4] [INFO] [1744798777.999210065] [nurse1]: Already finished action
[1;34m[health]    |[0m [robot-5] [INFO] [1744798777.999221315] [robot1]: And it is not for me
[1;34m[health]    |[0m [robot-5] [INFO] [1744798777.999750315] [robot1]: I heard: "{"performative": "query", "sender": "nurse1", "receiver": "robot1", "content": "Done|a_authenticate_nurse"}"
[1;34m[health]    |[0m [robot-5] [INFO] [1744798778.000348148] [robot1]: And it is for me
[1;34m[health]    |[0m [robot-5] [INFO] [1744798778.000545356] [robot1]: Already finished action
[1;34m[health]    |[0m [robot-5] [INFO] [1744798778.000988606] [robot1]: I heard: "{"performative": "query", "sender": "robot1", "receiver": "nurse1", "content": "Done|a_authenticate_nurse"}"
[1;34m[health]    |[0m [robot-5] [INFO] [1744798778.001211106] [robot1]: And it is not for me
[1;34m[health]    |[0m [nurse-4] [INFO] [1744798778.147019596] [nurse1]: I heard: "{"performative":"inform","sender":"jason","receiver":"robot1","content":"a_open_drawer,robot1"}"
[1;34m[health]    |[0m [robot-5] [INFO] [1744798778.147035555] [robot1]: I heard: "{"performative":"inform","sender":"jason","receiver":"robot1","content":"a_open_drawer,robot1"}"
[1;34m[health]    |[0m [nurse-4] [INFO] [1744798778.147248221] [nurse1]: And it is not for me
[1;34m[health]    |[0m [robot-5] [INFO] [1744798778.147267471] [robot1]: And it is for me
[1;34m[health]    |[0m [robot-5] [INFO] [1744798778.147499304] [robot1]: Acting
[1;34m[health]    |[0m [robot-5] [INFO] [1744798778.147687513] [robot1]: Doing a_open_drawer
[1;34m[health]    |[0m [arm-6] [INFO] [1744798778.147835221] [arm1]: I heard: "{"performative":"inform","sender":"jason","receiver":"robot1","content":"a_open_drawer,robot1"}"
[1;34m[health]    |[0m [robot-5] [INFO] [1744798778.147995804] [robot1]: Publishing: "{"performative": "inform", "sender": "robot1", "receiver": "Jason", "content": "Success|a_open_drawer,robot1"}"
[1;34m[health]    |[0m [arm-6] [INFO] [1744798778.148078929] [arm1]: And it is not for me
[1;34m[health]    |[0m [nurse-4] [INFO] [1744798778.297282501] [nurse1]: I heard: "{"performative":"inform","sender":"jason","receiver":"robot1","content":"a_deposit,nurse1,robot1"}"
[1;34m[health]    |[0m [robot-5] [INFO] [1744798778.297283334] [robot1]: I heard: "{"performative":"inform","sender":"jason","receiver":"robot1","content":"a_deposit,nurse1,robot1"}"
[1;34m[health]    |[0m [arm-6] [INFO] [1744798778.297351417] [arm1]: I heard: "{"performative":"inform","sender":"jason","receiver":"robot1","content":"a_deposit,nurse1,robot1"}"
[1;34m[health]    |[0m [nurse-4] [INFO] [1744798778.297544334] [nurse1]: And it is not for me
[1;34m[health]    |[0m [robot-5] [INFO] [1744798778.297557042] [robot1]: And it is for me
[1;34m[health]    |[0m [arm-6] [INFO] [1744798778.297610334] [arm1]: And it is not for me
[1;34m[health]    |[0m [robot-5] [INFO] [1744798778.297972375] [robot1]: Acting
[1;34m[health]    |[0m [nurse-4] [INFO] [1744798778.298084750] [nurse1]: I heard: "{"performative":"inform","sender":"jason","receiver":"nurse1","content":"a_deposit,nurse1,robot1"}"
[1;34m[health]    |[0m [nurse-4] [INFO] [1744798778.298338958] [nurse1]: And it is for me
[1;34m[health]    |[0m [nurse-4] [INFO] [1744798778.298534667] [nurse1]: Acting
[1;34m[health]    |[0m [nurse-4] [INFO] [1744798778.298712750] [nurse1]: a_deposit
[1;34m[health]    |[0m [arm-6] [INFO] [1744798778.298115875] [arm1]: I heard: "{"performative":"inform","sender":"jason","receiver":"nurse1","content":"a_deposit,nurse1,robot1"}"
[1;34m[health]    |[0m [arm-6] [INFO] [1744798778.298378458] [arm1]: And it is not for me
[1;34m[health]    |[0m [robot-5] [INFO] [1744798778.298232375] [robot1]: Doing a_deposit
[1;34m[health]    |[0m [robot-5] [INFO] [1744798778.298444958] [robot1]: a_deposit
[1;34m[health]    |[0m [robot-5] [INFO] [1744798778.298629000] [robot1]: Here first, waiting for nurse
[1;34m[health]    |[0m [nurse-4] [INFO] [1744798778.298885333] [nurse1]: Doing a_deposit
[1;34m[health]    |[0m [robot-5] [INFO] [1744798778.298965541] [robot1]: Publishing: "{"performative": "inform", "sender": "robot1", "receiver": "Jason", "content": "Success|a_deposit,nurse1,robot1"}"
[1;34m[health]    |[0m [nurse-4] [INFO] [1744798778.299076541] [nurse1]: a_deposit
[1;34m[health]    |[0m [robot-5] [INFO] [1744798778.299421333] [robot1]: I heard: "{"performative":"inform","sender":"jason","receiver":"nurse1","content":"a_deposit,nurse1,robot1"}"
[1;34m[health]    |[0m [robot-5] [INFO] [1744798778.299616999] [robot1]: And it is not for me
[1;34m[health]    |[0m [nurse-4] [INFO] [1744798778.299419874] [nurse1]: Here first, waiting for robot
[1;34m[health]    |[0m [arm-6] [INFO] [1744798778.299773499] [arm1]: I heard: "{"performative": "query", "sender": "robot1", "receiver": "nurse1", "content": "Ready|a_deposit"}"
[1;34m[health]    |[0m [robot-5] [INFO] [1744798778.299924999] [robot1]: I heard: "{"performative": "query", "sender": "robot1", "receiver": "nurse1", "content": "Ready|a_deposit"}"
[1;34m[health]    |[0m [robot-5] [INFO] [1744798778.300106749] [robot1]: And it is not for me
[1;34m[health]    |[0m [arm-6] [INFO] [1744798778.300027457] [arm1]: And it is not for me
[1;34m[health]    |[0m [arm-6] [INFO] [1744798778.300476499] [arm1]: I heard: "{"performative": "query", "sender": "nurse1", "receiver": "robot1", "content": "Ready|a_deposit"}"
[1;34m[health]    |[0m [robot-5] [INFO] [1744798778.300492957] [robot1]: I heard: "{"performative": "query", "sender": "nurse1", "receiver": "robot1", "content": "Ready|a_deposit"}"
[1;34m[health]    |[0m [nurse-4] [INFO] [1744798778.300575665] [nurse1]: I heard: "{"performative": "query", "sender": "robot1", "receiver": "nurse1", "content": "Ready|a_deposit"}"
[1;34m[health]    |[0m [robot-5] [INFO] [1744798778.300694790] [robot1]: And it is for me
[1;34m[health]    |[0m [robot-5] [INFO] [1744798778.300880915] [robot1]: Ready to act
[1;34m[health]    |[0m [arm-6] [INFO] [1744798778.300696832] [arm1]: And it is not for me
[1;34m[health]    |[0m [nurse-4] [INFO] [1744798778.300934540] [nurse1]: And it is for me
[1;34m[health]    |[0m [nurse-4] [INFO] [1744798778.301118873] [nurse1]: Ready to act
[1;34m[health]    |[0m [robot-5] [INFO] [1744798778.301444040] [robot1]: I heard: "{"performative": "query", "sender": "robot1", "receiver": "nurse1", "content": "Done|a_deposit"}"
[1;34m[health]    |[0m [nurse-4] [INFO] [1744798778.301640415] [nurse1]: I heard: "{"performative": "query", "sender": "nurse1", "receiver": "robot1", "content": "Ready|a_deposit"}"
[1;34m[health]    |[0m [nurse-4] [INFO] [1744798778.301845206] [nurse1]: And it is not for me
[1;34m[health]    |[0m [robot-5] [INFO] [1744798778.301693040] [robot1]: And it is not for me
[1;34m[health]    |[0m [arm-6] [INFO] [1744798778.301689165] [arm1]: I heard: "{"performative": "query", "sender": "robot1", "receiver": "nurse1", "content": "Done|a_deposit"}"
[1;34m[health]    |[0m [arm-6] [INFO] [1744798778.301932539] [arm1]: And it is not for me
[1;34m[health]    |[0m [robot-5] [INFO] [1744798778.302065206] [robot1]: I heard: "{"performative": "query", "sender": "nurse1", "receiver": "robot1", "content": "Done|a_deposit"}"
[1;34m[health]    |[0m [nurse-4] [INFO] [1744798778.302264789] [nurse1]: I heard: "{"performative": "query", "sender": "robot1", "receiver": "nurse1", "content": "Done|a_deposit"}"
[1;34m[health]    |[0m [robot-5] [INFO] [1744798778.302296956] [robot1]: And it is for me
[1;34m[health]    |[0m [arm-6] [INFO] [1744798778.302391539] [arm1]: I heard: "{"performative": "query", "sender": "nurse1", "receiver": "robot1", "content": "Done|a_deposit"}"
[1;34m[health]    |[0m [nurse-4] [INFO] [1744798778.302490789] [nurse1]: And it is for me
[1;34m[health]    |[0m [robot-5] [INFO] [1744798778.302526122] [robot1]: Already finished action
[1;34m[health]    |[0m [arm-6] [INFO] [1744798778.302601664] [arm1]: And it is not for me
[1;34m[health]    |[0m [nurse-4] [INFO] [1744798778.302672122] [nurse1]: Finished action
[1;34m[health]    |[0m [nurse-4] [INFO] [1744798778.303055414] [nurse1]: Publishing: "{"performative": "inform", "sender": "nurse1", "receiver": "Jason", "content": "Success|a_deposit,nurse1,robot1"}"
[1;34m[health]    |[0m [nurse-4] [INFO] [1744798778.303629747] [nurse1]: I heard: "{"performative": "query", "sender": "nurse1", "receiver": "robot1", "content": "Done|a_deposit"}"
[1;34m[health]    |[0m [nurse-4] [INFO] [1744798778.303826788] [nurse1]: And it is not for me
[1;34m[health]    |[0m [arm-6] [INFO] [1744798778.303838247] [arm1]: I heard: "{"performative": "query", "sender": "nurse1", "receiver": "robot1", "content": "Done|a_deposit"}"
[1;34m[health]    |[0m [robot-5] [INFO] [1744798778.303926622] [robot1]: I heard: "{"performative": "query", "sender": "nurse1", "receiver": "robot1", "content": "Done|a_deposit"}"
[1;34m[health]    |[0m [robot-5] [INFO] [1744798778.304135913] [robot1]: And it is for me
[1;34m[health]    |[0m [robot-5] [INFO] [1744798778.304314246] [robot1]: Already finished action
[1;34m[health]    |[0m [nurse-4] [INFO] [1744798778.304192330] [nurse1]: I heard: "{"performative": "query", "sender": "nurse1", "receiver": "robot1", "content": "Done|a_deposit"}"
[1;34m[health]    |[0m [nurse-4] [INFO] [1744798778.304370538] [nurse1]: And it is not for me
[1;34m[health]    |[0m [arm-6] [INFO] [1744798778.304206955] [arm1]: And it is not for me
[1;34m[health]    |[0m [arm-6] [INFO] [1744798778.454263568] [arm1]: I heard: "{"performative":"inform","sender":"jason","receiver":"robot1","content":"a_close_drawer,robot1"}"
[1;34m[health]    |[0m [robot-5] [INFO] [1744798778.454278193] [robot1]: I heard: "{"performative":"inform","sender":"jason","receiver":"robot1","content":"a_close_drawer,robot1"}"
[1;34m[health]    |[0m [nurse-4] [INFO] [1744798778.454277901] [nurse1]: I heard: "{"performative":"inform","sender":"jason","receiver":"robot1","content":"a_close_drawer,robot1"}"
[1;34m[health]    |[0m [arm-6] [INFO] [1744798778.454523567] [arm1]: And it is not for me
[1;34m[health]    |[0m [robot-5] [INFO] [1744798778.454536234] [robot1]: And it is for me
[1;34m[health]    |[0m [nurse-4] [INFO] [1744798778.454537484] [nurse1]: And it is not for me
[1;34m[health]    |[0m [robot-5] [INFO] [1744798778.454726109] [robot1]: Acting
[1;34m[health]    |[0m [robot-5] [INFO] [1744798778.454924567] [robot1]: Doing a_close_drawer
[1;34m[health]    |[0m [robot-5] [INFO] [1744798778.455183442] [robot1]: Publishing: "{"performative": "inform", "sender": "robot1", "receiver": "Jason", "content": "Success|a_close_drawer,robot1"}"
[1;34m[health]    |[0m [nurse-4] [INFO] [1744798778.603559556] [nurse1]: I heard: "{"performative":"inform","sender":"jason","receiver":"robot1","content":"a_navto,robot1,room4"}"
[1;34m[health]    |[0m [robot-5] [INFO] [1744798778.603554472] [robot1]: I heard: "{"performative":"inform","sender":"jason","receiver":"robot1","content":"a_navto,robot1,room4"}"
[1;34m[health]    |[0m [arm-6] [INFO] [1744798778.603613014] [arm1]: I heard: "{"performative":"inform","sender":"jason","receiver":"robot1","content":"a_navto,robot1,room4"}"
[1;34m[health]    |[0m [arm-6] [INFO] [1744798778.603867347] [arm1]: And it is not for me
[1;34m[health]    |[0m [nurse-4] [INFO] [1744798778.603966972] [nurse1]: And it is not for me
[1;34m[health]    |[0m [robot-5] [INFO] [1744798778.604415889] [robot1]: And it is for me
[1;34m[health]    |[0m [robot-5] [INFO] [1744798778.604672930] [robot1]: Acting
[1;34m[health]    |[0m [robot-5] [INFO] [1744798778.604934097] [robot1]: Doing a_navto
[1;34m[health]    |[0m [robot-5] [INFO] [1744798778.605186430] [robot1]: Wating for response
[1;34m[health]    |[0m [robot-5] [INFO] [1744798778.605800221] [robot1]: success
[1;34m[health]    |[0m [robot-5] [INFO] [1744798778.606430054] [robot1]: Publishing: "{"performative": "inform", "sender": "robot1", "receiver": "Jason", "content": "Success|a_navto,robot1,room4"}"
[1;34m[health]    |[0m [arm-6] [INFO] [1744798778.754485460] [arm1]: I heard: "{"performative":"inform","sender":"jason","receiver":"robot1","content":"a_approach_arm,robot1,arm1"}"
[1;34m[health]    |[0m [robot-5] [INFO] [1744798778.754485418] [robot1]: I heard: "{"performative":"inform","sender":"jason","receiver":"robot1","content":"a_approach_arm,robot1,arm1"}"
[1;34m[health]    |[0m [nurse-4] [INFO] [1744798778.754537876] [nurse1]: I heard: "{"performative":"inform","sender":"jason","receiver":"robot1","content":"a_approach_arm,robot1,arm1"}"
[1;34m[health]    |[0m [robot-5] [INFO] [1744798778.754770251] [robot1]: And it is for me
[1;34m[health]    |[0m [nurse-4] [INFO] [1744798778.754798543] [nurse1]: And it is not for me
[1;34m[health]    |[0m [robot-5] [INFO] [1744798778.754988376] [robot1]: Acting
[1;34m[health]    |[0m [arm-6] [INFO] [1744798778.754829418] [arm1]: And it is not for me
[1;34m[health]    |[0m [nurse-4] [INFO] [1744798778.755237876] [nurse1]: I heard: "{"performative":"inform","sender":"jason","receiver":"arm1","content":"a_approach_arm,robot1,arm1"}"
[1;34m[health]    |[0m [nurse-4] [INFO] [1744798778.755434917] [nurse1]: And it is not for me
[1;34m[health]    |[0m [arm-6] [INFO] [1744798778.755564126] [arm1]: I heard: "{"performative":"inform","sender":"jason","receiver":"arm1","content":"a_approach_arm,robot1,arm1"}"
[1;34m[health]    |[0m [robot-5] [INFO] [1744798778.755596334] [robot1]: Doing a_approach_arm
[1;34m[health]    |[0m [arm-6] [INFO] [1744798778.755757751] [arm1]: And it is for me
[1;34m[health]    |[0m [robot-5] [INFO] [1744798778.755982584] [robot1]: Wating for response
[1;34m[health]    |[0m [arm-6] [INFO] [1744798778.755991542] [arm1]: Acting
[1;34m[health]    |[0m [arm-6] [INFO] [1744798778.756265792] [arm1]: Publishing: "{"performative": "inform", "sender": "arm1", "receiver": "Jason", "content": "Success|a_approach_arm,robot1,arm1"}"
[1;34m[health]    |[0m [robot-5] [INFO] [1744798778.756388709] [robot1]: I heard: "{"performative":"inform","sender":"jason","receiver":"arm1","content":"a_approach_arm,robot1,arm1"}"
[1;34m[health]    |[0m [robot-5] [INFO] [1744798778.756571583] [robot1]: And it is not for me
[1;34m[health]    |[0m [robot-5] [INFO] [1744798778.757516291] [robot1]: success
[1;34m[health]    |[0m [robot-5] [INFO] [1744798778.757777541] [robot1]: Publishing: "{"performative": "inform", "sender": "robot1", "receiver": "Jason", "content": "Success|a_approach_arm,robot1,arm1"}"
[1;34m[health]    |[0m [robot-5] [INFO] [1744798778.906311446] [robot1]: I heard: "{"performative":"inform","sender":"jason","receiver":"robot1","content":"a_open_drawer,robot1"}"
[1;34m[health]    |[0m [robot-5] [INFO] [1744798778.906548071] [robot1]: And it is for me
[1;34m[health]    |[0m [arm-6] [INFO] [1744798778.906311738] [arm1]: I heard: "{"performative":"inform","sender":"jason","receiver":"robot1","content":"a_open_drawer,robot1"}"
[1;34m[health]    |[0m [arm-6] [INFO] [1744798778.906552946] [arm1]: And it is not for me
[1;34m[health]    |[0m [nurse-4] [INFO] [1744798778.906384946] [nurse1]: I heard: "{"performative":"inform","sender":"jason","receiver":"robot1","content":"a_open_drawer,robot1"}"
[1;34m[health]    |[0m [nurse-4] [INFO] [1744798778.906658655] [nurse1]: And it is not for me
[1;34m[health]    |[0m [robot-5] [INFO] [1744798778.906751113] [robot1]: Acting
[1;34m[health]    |[0m [robot-5] [INFO] [1744798778.907127321] [robot1]: Doing a_open_drawer
[1;34m[health]    |[0m [robot-5] [INFO] [1744798778.907467487] [robot1]: Publishing: "{"performative": "inform", "sender": "robot1", "receiver": "Jason", "content": "Success|a_open_drawer,robot1"}"
[1;34m[health]    |[0m [nurse-4] [INFO] [1744798779.067430177] [nurse1]: I heard: "{"performative":"inform","sender":"jason","receiver":"robot1","content":"a_pick_up_sample,arm1,robot1"}"
[1;34m[health]    |[0m [arm-6] [INFO] [1744798779.067443636] [arm1]: I heard: "{"performative":"inform","sender":"jason","receiver":"robot1","content":"a_pick_up_sample,arm1,robot1"}"
[1;34m[health]    |[0m [arm-6] [INFO] [1744798779.067659260] [arm1]: And it is not for me
[1;34m[health]    |[0m [nurse-4] [INFO] [1744798779.067665302] [nurse1]: And it is not for me
[1;34m[health]    |[0m [arm-6] [INFO] [1744798779.068064760] [arm1]: I heard: "{"performative":"inform","sender":"jason","receiver":"arm1","content":"a_pick_up_sample,arm1,robot1"}"
[1;34m[health]    |[0m [nurse-4] [INFO] [1744798779.068204760] [nurse1]: I heard: "{"performative":"inform","sender":"jason","receiver":"arm1","content":"a_pick_up_sample,arm1,robot1"}"
[1;34m[health]    |[0m [arm-6] [INFO] [1744798779.068291760] [arm1]: And it is for me
[1;34m[health]    |[0m [robot-5] [INFO] [1744798779.068310427] [robot1]: I heard: "{"performative":"inform","sender":"jason","receiver":"robot1","content":"a_pick_up_sample,arm1,robot1"}"
[1;34m[health]    |[0m [nurse-4] [INFO] [1744798779.068410218] [nurse1]: And it is not for me
[1;34m[health]    |[0m [arm-6] [INFO] [1744798779.068495885] [arm1]: Acting
[1;34m[health]    |[0m [robot-5] [INFO] [1744798779.068532677] [robot1]: And it is for me
[1;34m[health]    |[0m [robot-5] [INFO] [1744798779.068726676] [robot1]: Acting
[1;34m[health]    |[0m [arm-6] [INFO] [1744798779.068766926] [arm1]: Doing a_pick_up_sample
[1;34m[health]    |[0m [robot-5] [INFO] [1744798779.068942343] [robot1]: Doing a_pick_up_sample
[1;34m[health]    |[0m [arm-6] [INFO] [1744798779.068986885] [arm1]: a_pick_up_sample
[1;34m[health]    |[0m [robot-5] [INFO] [1744798779.069148093] [robot1]: a_pick_up_sample
[1;34m[health]    |[0m [arm-6] [INFO] [1744798779.069199218] [arm1]: Here first, waiting for robot
[1;34m[health]    |[0m [robot-5] [INFO] [1744798779.069323718] [robot1]: Here first, waiting for arm
[1;34m[health]    |[0m [arm-6] [INFO] [1744798779.069641676] [arm1]: I heard: "{"performative": "query", "sender": "arm1", "receiver": "robot1", "content": "Ready|a_pick_up_sample"}"
[1;34m[health]    |[0m [robot-5] [INFO] [1744798779.069779801] [robot1]: I heard: "{"performative":"inform","sender":"jason","receiver":"arm1","content":"a_pick_up_sample,arm1,robot1"}"
[1;34m[health]    |[0m [arm-6] [INFO] [1744798779.069854551] [arm1]: And it is not for me
[1;34m[health]    |[0m [robot-5] [INFO] [1744798779.069989426] [robot1]: And it is not for me
[1;34m[health]    |[0m [robot-5] [INFO] [1744798779.070236550] [robot1]: I heard: "{"performative": "query", "sender": "arm1", "receiver": "robot1", "content": "Ready|a_pick_up_sample"}"
[1;34m[health]    |[0m [nurse-4] [INFO] [1744798779.070291967] [nurse1]: I heard: "{"performative": "query", "sender": "arm1", "receiver": "robot1", "content": "Ready|a_pick_up_sample"}"
[1;34m[health]    |[0m [robot-5] [INFO] [1744798779.070434884] [robot1]: And it is for me
[1;34m[health]    |[0m [robot-5] [INFO] [1744798779.070610175] [robot1]: Ready to act
[1;34m[health]    |[0m [arm-6] [INFO] [1744798779.070719050] [arm1]: I heard: "{"performative": "query", "sender": "robot1", "receiver": "arm1", "content": "Ready|a_pick_up_sample"}"
[1;34m[health]    |[0m [arm-6] [INFO] [1744798779.070928175] [arm1]: And it is for me
[1;34m[health]    |[0m [arm-6] [INFO] [1744798779.071130467] [arm1]: Ready to act
[1;34m[health]    |[0m [robot-5] [INFO] [1744798779.071067508] [robot1]: I heard: "{"performative": "query", "sender": "robot1", "receiver": "arm1", "content": "Ready|a_pick_up_sample"}"
[1;34m[health]    |[0m [robot-5] [INFO] [1744798779.071318008] [robot1]: And it is not for me
[1;34m[health]    |[0m [arm-6] [INFO] [1744798779.071551550] [arm1]: I heard: "{"performative": "query", "sender": "robot1", "receiver": "arm1", "content": "Done|a_pick_up_sample"}"
[1;34m[health]    |[0m [robot-5] [INFO] [1744798779.071669800] [robot1]: I heard: "{"performative": "query", "sender": "robot1", "receiver": "arm1", "content": "Done|a_pick_up_sample"}"
[1;34m[health]    |[0m [arm-6] [INFO] [1744798779.071750758] [arm1]: And it is for me
[1;34m[health]    |[0m [robot-5] [INFO] [1744798779.071881258] [robot1]: And it is not for me
[1;34m[health]    |[0m [arm-6] [INFO] [1744798779.071960716] [arm1]: Finished action
[1;34m[health]    |[0m [arm-6] [INFO] [1744798779.072244299] [arm1]: Publishing: "{"performative": "inform", "sender": "arm1", "receiver": "Jason", "content": "Success|a_pick_up_sample,arm1,robot1"}"
[1;34m[health]    |[0m [nurse-4] [INFO] [1744798779.072287216] [nurse1]: And it is not for me
[1;34m[health]    |[0m [robot-5] [INFO] [1744798779.072324757] [robot1]: I heard: "{"performative": "query", "sender": "arm1", "receiver": "robot1", "content": "Done|a_pick_up_sample"}"
[1;34m[health]    |[0m [robot-5] [INFO] [1744798779.072500966] [robot1]: And it is for me
[1;34m[health]    |[0m [nurse-4] [INFO] [1744798779.072712882] [nurse1]: I heard: "{"performative": "query", "sender": "robot1", "receiver": "arm1", "content": "Ready|a_pick_up_sample"}"
[1;34m[health]    |[0m [arm-6] [INFO] [1744798779.072715216] [arm1]: I heard: "{"performative": "query", "sender": "arm1", "receiver": "robot1", "content": "Done|a_pick_up_sample"}"
[1;34m[health]    |[0m [robot-5] [INFO] [1744798779.072806674] [robot1]: Finished action
[1;34m[health]    |[0m [nurse-4] [INFO] [1744798779.072952840] [nurse1]: And it is not for me
[1;34m[health]    |[0m [arm-6] [INFO] [1744798779.072966924] [arm1]: And it is not for me
[1;34m[health]    |[0m [arm-6] [INFO] [1744798779.073333590] [arm1]: I heard: "{"performative": "query", "sender": "arm1", "receiver": "robot1", "content": "Done|a_pick_up_sample"}"
[1;34m[health]    |[0m [robot-5] [INFO] [1744798779.073105424] [robot1]: Publishing: "{"performative": "inform", "sender": "robot1", "receiver": "Jason", "content": "Success|a_pick_up_sample,arm1,robot1"}"
[1;34m[health]    |[0m [nurse-4] [INFO] [1744798779.073346132] [nurse1]: I heard: "{"performative": "query", "sender": "robot1", "receiver": "arm1", "content": "Done|a_pick_up_sample"}"
[1;34m[health]    |[0m [nurse-4] [INFO] [1744798779.073591007] [nurse1]: And it is not for me
[1;34m[health]    |[0m [arm-6] [INFO] [1744798779.073592757] [arm1]: And it is not for me
[1;34m[health]    |[0m [robot-5] [INFO] [1744798779.073604340] [robot1]: I heard: "{"performative": "query", "sender": "arm1", "receiver": "robot1", "content": "Done|a_pick_up_sample"}"
[1;34m[health]    |[0m [robot-5] [INFO] [1744798779.073796965] [robot1]: And it is for me
[1;34m[health]    |[0m [arm-6] [INFO] [1744798779.073975923] [arm1]: I heard: "{"performative": "query", "sender": "robot1", "receiver": "arm1", "content": "Done|a_pick_up_sample"}"
[1;34m[health]    |[0m [nurse-4] [INFO] [1744798779.073993756] [nurse1]: I heard: "{"performative": "query", "sender": "arm1", "receiver": "robot1", "content": "Done|a_pick_up_sample"}"
[1;34m[health]    |[0m [robot-5] [INFO] [1744798779.074035215] [robot1]: Already finished action
[1;34m[health]    |[0m [arm-6] [INFO] [1744798779.074206215] [arm1]: And it is for me
[1;34m[health]    |[0m [nurse-4] [INFO] [1744798779.074218840] [nurse1]: And it is not for me
[1;34m[health]    |[0m [robot-5] [INFO] [1744798779.074407464] [robot1]: I heard: "{"performative": "query", "sender": "robot1", "receiver": "arm1", "content": "Done|a_pick_up_sample"}"
[1;34m[health]    |[0m [arm-6] [INFO] [1744798779.074422506] [arm1]: Already finished action
[1;34m[health]    |[0m [nurse-4] [INFO] [1744798779.074565423] [nurse1]: I heard: "{"performative": "query", "sender": "arm1", "receiver": "robot1", "content": "Done|a_pick_up_sample"}"
[1;34m[health]    |[0m [robot-5] [INFO] [1744798779.074587714] [robot1]: And it is not for me
[1;34m[health]    |[0m [nurse-4] [INFO] [1744798779.075236339] [nurse1]: And it is not for me
[1;34m[health]    |[0m [nurse-4] [INFO] [1744798779.075654589] [nurse1]: I heard: "{"performative": "query", "sender": "robot1", "receiver": "arm1", "content": "Done|a_pick_up_sample"}"
[1;34m[health]    |[0m [nurse-4] [INFO] [1744798779.075832839] [nurse1]: And it is not for me
[1;34m[health]    |[0m [environment-1] [INFO] [1744798779.223367703] [environment]: Recebido sinal de desligamento, finalizando...
[1;34m[health]    |[0m [environment-1] [INFO] [1744798779.223651036] [Quitting]: Done
[1;34m[health]    |[0m [coordinator-2] [INFO] [1744798779.223640911] [coordinator]: Recebido sinal de desligamento, finalizando...
[1;34m[health]    |[0m [coordinator-2] [INFO] [1744798779.223927619] [Quitting]: Done
[1;34m[health]    |[0m [nurse-4] [INFO] [1744798779.223695411] [nurse1]: Recebido sinal de desligamento, finalizando...
[1;34m[health]    |[0m [arm-6] [INFO] [1744798779.223696619] [arm1]: Recebido sinal de desligamento, finalizando...
[1;34m[health]    |[0m [arm-6] [INFO] [1744798779.223932369] [Quitting]: Done
[1;34m[health]    |[0m [robot-5] [INFO] [1744798779.223742078] [robot1]: Recebido sinal de desligamento, finalizando...
[1;34m[health]    |[0m [coordinator-2] [INFO] [1744798779.224462452] [coordinator]: stop spin
[1;34m[health]    |[0m [robot-5] [INFO] [1744798779.224573202] [Quitting]: Done
[1;34m[health]    |[0m [planner-3] [INFO] [1744798779.227471534] [planner]: Recebido sinal de desligamento, finalizando...
[1;34m[health]    |[0m [planner-3] [INFO] [1744798779.228149242] [Quitting]: Done
[1;34m[health]    |[0m [INFO] [coordinator-2]: process has finished cleanly [pid 49]
[1;34m[health]    |[0m [INFO] [environment-1]: process has finished cleanly [pid 47]
[1;34m[health]    |[0m [INFO] [nurse-4]: process has finished cleanly [pid 53]
[1;34m[health]    |[0m [INFO] [robot-5]: process has finished cleanly [pid 55]
[1;34m[health]    |[0m [INFO] [arm-6]: process has finished cleanly [pid 57]
[1;34m[health]    |[0m [INFO] [planner-3]: process has finished cleanly [pid 51]
