[INFO] [launch]: All log files can be found below /home/rafael/.ros/log/2025-05-29-09-20-11-998745-NotebookRafael-12750
[INFO] [launch]: Default logging verbosity is set to INFO
[INFO] [disinfect_environment-1]: process started with pid [12753]
[INFO] [disinfect_planner-2]: process started with pid [12755]
[INFO] [nurse_disinfect-3]: process started with pid [12757]
[INFO] [uvdrobot-4]: process started with pid [12759]
[INFO] [spotrobot-5]: process started with pid [12761]
[disinfect_environment-1] [INFO] [1748521212.303228521] [disinfect_environment]: Starting Environment server
[disinfect_environment-1] [INFO] [1748521212.310431781] [disinfect_environment]: Environment server started
[disinfect_planner-2] [INFO] [1748521212.875435422] [disinfect_planner]: Starting Planner server
[disinfect_planner-2] [INFO] [1748521212.879663152] [disinfect_planner]: Planner server started
[disinfect_planner-2] [INFO] [1748521213.042424303] [disinfect_planner]: Creating plan for: spotrobot1 uvdrobot1 nurse_disinfected1
[disinfect_planner-2] [INFO] [1748521213.043980533] [disinfect_planner]: a_navto,spotrobot1,room1
[disinfect_planner-2] [INFO] [1748521213.044305525] [disinfect_planner]: a_open_door,spotrobot1,room1
[disinfect_planner-2] [INFO] [1748521213.044611989] [disinfect_planner]: a_approach_nurse,spotrobot1,nurse_disinfected1
[disinfect_planner-2] [INFO] [1748521213.044948542] [disinfect_planner]: a_authenticate_nurse,spotrobot1,nurse_disinfected1
[disinfect_planner-2] [INFO] [1748521213.045303944] [disinfect_planner]: a_authorize_patrol,spotrobot1,nurse_disinfected1
[disinfect_planner-2] [INFO] [1748521213.045607771] [disinfect_planner]: a_patrol_room,spotrobot1,room1
[disinfect_planner-2] [INFO] [1748521213.045909505] [disinfect_planner]: a_authorize_disinfect,uvdrobot1,spotrobot1
[disinfect_planner-2] [INFO] [1748521213.046208788] [disinfect_planner]: a_navto,uvdrobot1,room1
[disinfect_planner-2] [INFO] [1748521213.046533527] [disinfect_planner]: a_disinfect_room,uvdrobot1,room1
[disinfect_planner-2] [INFO] [1748521213.046987662] [disinfect_planner]: Sending response
[uvdrobot-4] [INFO] [1748521213.050281117] [uvdrobot]: response.response uvdrobot1
[uvdrobot-4] [INFO] [1748521213.050642971] [uvdrobot]: My name is uvdrobot1
[uvdrobot-4] [INFO] [1748521213.051306540] [uvdrobot]: I heard: "{"performative": "request", "sender": "Coordinator", "receiver": "uvdrobot1", "content": "Plan|a_authorize_disinfect,uvdrobot1,spotrobot1/a_navto,uvdrobot1,room1/a_disinfect_room,uvdrobot1,room1"}"
[uvdrobot-4] [INFO] [1748521213.051634831] [uvdrobot]: And it is for me
[spotrobot-5] [INFO] [1748521213.052014611] [spotrobot]: response.response spotrobot1
[uvdrobot-4] [INFO] [1748521213.052162270] [uvdrobot]: Doing a_authorize_disinfect
[spotrobot-5] [INFO] [1748521213.052393504] [spotrobot]: My name is spotrobot1
[uvdrobot-4] [INFO] [1748521213.052438733] [uvdrobot]: a_authorize_disinfect
[uvdrobot-4] [INFO] [1748521213.052727788] [uvdrobot]: Here first, waiting for spotrobot
[spotrobot-5] [INFO] [1748521213.053068994] [spotrobot]: I heard: "{"performative": "request", "sender": "Coordinator", "receiver": "uvdrobot1", "content": "Plan|a_authorize_disinfect,uvdrobot1,spotrobot1/a_navto,uvdrobot1,room1/a_disinfect_room,uvdrobot1,room1"}"
[spotrobot-5] [INFO] [1748521213.053455964] [spotrobot]: And it is not for me
[nurse_disinfect-3] [INFO] [1748521213.053577720] [nurse_disinfect]: response.response nurse_disinfected1
[uvdrobot-4] [INFO] [1748521213.053738060] [uvdrobot]: I heard: "{"performative": "request", "sender": "Coordinator", "receiver": "spotrobot1", "content": "Plan|a_navto,spotrobot1,room1/a_open_door,spotrobot1,room1/a_approach_nurse,spotrobot1,nurse_disinfected1/a_authenticate_nurse,spotrobot1,nurse_disinfected1/a_authorize_patrol,spotrobot1,nurse_disinfected1/a_patrol_room,spotrobot1,room1/a_authorize_disinfect,uvdrobot1,spotrobot1"}"
[uvdrobot-4] [INFO] [1748521213.054059617] [uvdrobot]: And it is not for me
[spotrobot-5] [INFO] [1748521213.054099000] [spotrobot]: I heard: "{"performative": "request", "sender": "Coordinator", "receiver": "spotrobot1", "content": "Plan|a_navto,spotrobot1,room1/a_open_door,spotrobot1,room1/a_approach_nurse,spotrobot1,nurse_disinfected1/a_authenticate_nurse,spotrobot1,nurse_disinfected1/a_authorize_patrol,spotrobot1,nurse_disinfected1/a_patrol_room,spotrobot1,room1/a_authorize_disinfect,uvdrobot1,spotrobot1"}"
[nurse_disinfect-3] [INFO] [1748521213.054186969] [nurse_disinfect]: My name is nurse_disinfected1
[spotrobot-5] [INFO] [1748521213.054381535] [spotrobot]: And it is for me
[uvdrobot-4] [INFO] [1748521213.054695442] [uvdrobot]: I heard: "{"performative": "query", "sender": "uvdrobot1", "receiver": "spotrobot1", "content": "Ready|a_authorize_disinfect"}"
[spotrobot-5] [INFO] [1748521213.054748605] [spotrobot]: Doing a_navto
[uvdrobot-4] [INFO] [1748521213.054982755] [uvdrobot]: And it is not for me
[spotrobot-5] [INFO] [1748521213.055229744] [spotrobot]: Wating for response
[uvdrobot-4] [INFO] [1748521213.055543407] [uvdrobot]: I heard: "{"performative": "request", "sender": "Coordinator", "receiver": "nurse_disinfected1", "content": "Plan|a_approach_nurse,spotrobot1,nurse_disinfected1/a_authenticate_nurse,spotrobot1,nurse_disinfected1/a_authorize_patrol,spotrobot1,nurse_disinfected1"}"
[uvdrobot-4] [INFO] [1748521213.055859301] [uvdrobot]: And it is not for me
[spotrobot-5] [INFO] [1748521213.055987598] [spotrobot]: I heard: "{"performative": "request", "sender": "Coordinator", "receiver": "nurse_disinfected1", "content": "Plan|a_approach_nurse,spotrobot1,nurse_disinfected1/a_authenticate_nurse,spotrobot1,nurse_disinfected1/a_authorize_patrol,spotrobot1,nurse_disinfected1"}"
[spotrobot-5] [INFO] [1748521213.056530871] [spotrobot]: And it is not for me
[spotrobot-5] [INFO] [1748521213.057164263] [spotrobot]: I heard: "{"performative": "query", "sender": "uvdrobot1", "receiver": "spotrobot1", "content": "Ready|a_authorize_disinfect"}"
[spotrobot-5] [INFO] [1748521213.057711321] [spotrobot]: And it is for me
[spotrobot-5] [INFO] [1748521213.058276031] [spotrobot]: No there yet
[spotrobot-5] [INFO] [1748521213.059820953] [spotrobot]: success
[spotrobot-5] [INFO] [1748521213.060538442] [spotrobot]: Doing a_open_door
[spotrobot-5] [INFO] [1748521213.061209252] [spotrobot]: Wating for response
[spotrobot-5] [INFO] [1748521213.062884951] [spotrobot]: success
[spotrobot-5] [INFO] [1748521213.063257139] [spotrobot]: Doing a_approach_nurse
[spotrobot-5] [INFO] [1748521213.063698458] [spotrobot]: Wating for response
[spotrobot-5] [INFO] [1748521213.064620750] [spotrobot]: success
[spotrobot-5] [INFO] [1748521213.064983791] [spotrobot]: Doing a_authenticate_nurse
[spotrobot-5] [INFO] [1748521213.065300229] [spotrobot]: a_authenticate_nurse
[spotrobot-5] [INFO] [1748521213.065609194] [spotrobot]: Here first, waiting for nurse
[uvdrobot-4] [INFO] [1748521213.066238792] [uvdrobot]: I heard: "{"performative": "query", "sender": "spotrobot1", "receiver": "nurse_disinfected1", "content": "Ready|a_authenticate_nurse"}"
[spotrobot-5] [INFO] [1748521213.066435984] [spotrobot]: I heard: "{"performative": "query", "sender": "spotrobot1", "receiver": "nurse_disinfected1", "content": "Ready|a_authenticate_nurse"}"
[uvdrobot-4] [INFO] [1748521213.066600821] [uvdrobot]: And it is not for me
[spotrobot-5] [INFO] [1748521213.066733068] [spotrobot]: And it is not for me
[nurse_disinfect-3] [INFO] [1748521214.056162948] [nurse_disinfect]: I heard: "{"performative": "request", "sender": "Coordinator", "receiver": "uvdrobot1", "content": "Plan|a_authorize_disinfect,uvdrobot1,spotrobot1/a_navto,uvdrobot1,room1/a_disinfect_room,uvdrobot1,room1"}"
[nurse_disinfect-3] [INFO] [1748521214.056577243] [nurse_disinfect]: And it is not for me
[nurse_disinfect-3] [INFO] [1748521214.057429519] [nurse_disinfect]: I heard: "{"performative": "query", "sender": "uvdrobot1", "receiver": "spotrobot1", "content": "Ready|a_authorize_disinfect"}"
[nurse_disinfect-3] [INFO] [1748521214.057775151] [nurse_disinfect]: And it is not for me
[nurse_disinfect-3] [INFO] [1748521214.058455186] [nurse_disinfect]: I heard: "{"performative": "request", "sender": "Coordinator", "receiver": "spotrobot1", "content": "Plan|a_navto,spotrobot1,room1/a_open_door,spotrobot1,room1/a_approach_nurse,spotrobot1,nurse_disinfected1/a_authenticate_nurse,spotrobot1,nurse_disinfected1/a_authorize_patrol,spotrobot1,nurse_disinfected1/a_patrol_room,spotrobot1,room1/a_authorize_disinfect,uvdrobot1,spotrobot1"}"
[nurse_disinfect-3] [INFO] [1748521214.058879523] [nurse_disinfect]: And it is not for me
[nurse_disinfect-3] [INFO] [1748521214.059263010] [nurse_disinfect]: I heard: "{"performative": "query", "sender": "spotrobot1", "receiver": "nurse_disinfected1", "content": "Ready|a_authenticate_nurse"}"
[nurse_disinfect-3] [INFO] [1748521214.059590366] [nurse_disinfect]: And it is for me
[nurse_disinfect-3] [INFO] [1748521214.059910104] [nurse_disinfect]: No there yet
[nurse_disinfect-3] [INFO] [1748521214.060845747] [nurse_disinfect]: I heard: "{"performative": "request", "sender": "Coordinator", "receiver": "nurse_disinfected1", "content": "Plan|a_approach_nurse,spotrobot1,nurse_disinfected1/a_authenticate_nurse,spotrobot1,nurse_disinfected1/a_authorize_patrol,spotrobot1,nurse_disinfected1"}"
[nurse_disinfect-3] [INFO] [1748521214.061237466] [nurse_disinfect]: And it is for me
[nurse_disinfect-3] [INFO] [1748521214.062709939] [nurse_disinfect]: a_approach_nurse
[nurse_disinfect-3] [INFO] [1748521214.063111156] [nurse_disinfect]: a_authenticate_nurse
[nurse_disinfect-3] [INFO] [1748521214.063437043] [nurse_disinfect]: Doing a_authenticate_nurse
[nurse_disinfect-3] [INFO] [1748521214.063761957] [nurse_disinfect]: a_authenticate_nurse
[nurse_disinfect-3] [INFO] [1748521214.064117029] [nurse_disinfect]: Robot is waiting, send action message
[nurse_disinfect-3] [INFO] [1748521214.064817080] [nurse_disinfect]: I heard: "{"performative": "query", "sender": "nurse_disinfected1", "receiver": "spotrobot1", "content": "Done|a_authenticate_nurse"}"
[uvdrobot-4] [INFO] [1748521214.065107058] [uvdrobot]: I heard: "{"performative": "query", "sender": "nurse_disinfected1", "receiver": "spotrobot1", "content": "Done|a_authenticate_nurse"}"
[spotrobot-5] [INFO] [1748521214.065110355] [spotrobot]: I heard: "{"performative": "query", "sender": "nurse_disinfected1", "receiver": "spotrobot1", "content": "Done|a_authenticate_nurse"}"
[nurse_disinfect-3] [INFO] [1748521214.065148427] [nurse_disinfect]: And it is not for me
[uvdrobot-4] [INFO] [1748521214.065644297] [uvdrobot]: And it is not for me
[spotrobot-5] [INFO] [1748521214.065644285] [spotrobot]: And it is for me
[spotrobot-5] [INFO] [1748521214.066231679] [spotrobot]: Finished action
[nurse_disinfect-3] [INFO] [1748521214.066896915] [nurse_disinfect]: I heard: "{"performative": "query", "sender": "spotrobot1", "receiver": "nurse_disinfected1", "content": "Done|a_authenticate_nurse"}"
[spotrobot-5] [INFO] [1748521214.067048777] [spotrobot]: Doing a_authorize_patrol
[nurse_disinfect-3] [INFO] [1748521214.067233468] [nurse_disinfect]: And it is for me
[uvdrobot-4] [INFO] [1748521214.067316542] [uvdrobot]: I heard: "{"performative": "query", "sender": "spotrobot1", "receiver": "nurse_disinfected1", "content": "Done|a_authenticate_nurse"}"
[nurse_disinfect-3] [INFO] [1748521214.067499956] [nurse_disinfect]: Finished action
[spotrobot-5] [INFO] [1748521214.067514783] [spotrobot]: a_authorize_patrol
[uvdrobot-4] [INFO] [1748521214.067780155] [uvdrobot]: And it is not for me
[nurse_disinfect-3] [INFO] [1748521214.067996412] [nurse_disinfect]: a_authorize_patrol
[spotrobot-5] [INFO] [1748521214.068001975] [spotrobot]: Here first, waiting for nurse
[nurse_disinfect-3] [INFO] [1748521214.068286771] [nurse_disinfect]: Doing a_authorize_patrol
[nurse_disinfect-3] [INFO] [1748521214.068601691] [nurse_disinfect]: a_authorize_patrol
[uvdrobot-4] [INFO] [1748521214.068652185] [uvdrobot]: I heard: "{"performative": "query", "sender": "nurse_disinfected1", "receiver": "spotrobot1", "content": "Done|a_authenticate_nurse"}"
[nurse_disinfect-3] [INFO] [1748521214.068963418] [nurse_disinfect]: Here first, waiting for robot
[spotrobot-5] [INFO] [1748521214.069007507] [spotrobot]: I heard: "{"performative": "query", "sender": "spotrobot1", "receiver": "nurse_disinfected1", "content": "Done|a_authenticate_nurse"}"
[uvdrobot-4] [INFO] [1748521214.069157846] [uvdrobot]: And it is not for me
[spotrobot-5] [INFO] [1748521214.069537710] [spotrobot]: And it is not for me
[nurse_disinfect-3] [INFO] [1748521214.069900979] [nurse_disinfect]: I heard: "{"performative": "query", "sender": "nurse_disinfected1", "receiver": "spotrobot1", "content": "Done|a_authenticate_nurse"}"
[uvdrobot-4] [INFO] [1748521214.070164080] [uvdrobot]: I heard: "{"performative": "query", "sender": "spotrobot1", "receiver": "nurse_disinfected1", "content": "Ready|a_authorize_patrol"}"
[nurse_disinfect-3] [INFO] [1748521214.070215685] [nurse_disinfect]: And it is not for me
[spotrobot-5] [INFO] [1748521214.070506663] [spotrobot]: I heard: "{"performative": "query", "sender": "nurse_disinfected1", "receiver": "spotrobot1", "content": "Done|a_authenticate_nurse"}"
[uvdrobot-4] [INFO] [1748521214.070640323] [uvdrobot]: And it is not for me
[nurse_disinfect-3] [INFO] [1748521214.070800918] [nurse_disinfect]: I heard: "{"performative": "query", "sender": "spotrobot1", "receiver": "nurse_disinfected1", "content": "Ready|a_authorize_patrol"}"
[spotrobot-5] [INFO] [1748521214.071011643] [spotrobot]: And it is for me
[nurse_disinfect-3] [INFO] [1748521214.071080816] [nurse_disinfect]: And it is for me
[spotrobot-5] [INFO] [1748521214.071476181] [spotrobot]: Already finished action
[nurse_disinfect-3] [INFO] [1748521214.071478305] [nurse_disinfect]: Ready to act
[uvdrobot-4] [INFO] [1748521214.071531865] [uvdrobot]: I heard: "{"performative": "query", "sender": "nurse_disinfected1", "receiver": "spotrobot1", "content": "Ready|a_authorize_patrol"}"
[uvdrobot-4] [INFO] [1748521214.072047812] [uvdrobot]: And it is not for me
[nurse_disinfect-3] [INFO] [1748521214.072287910] [nurse_disinfect]: I heard: "{"performative": "query", "sender": "nurse_disinfected1", "receiver": "spotrobot1", "content": "Ready|a_authorize_patrol"}"
[spotrobot-5] [INFO] [1748521214.072411162] [spotrobot]: I heard: "{"performative": "query", "sender": "spotrobot1", "receiver": "nurse_disinfected1", "content": "Ready|a_authorize_patrol"}"
[nurse_disinfect-3] [INFO] [1748521214.072571574] [nurse_disinfect]: And it is not for me
[spotrobot-5] [INFO] [1748521214.072865112] [spotrobot]: And it is not for me
[uvdrobot-4] [INFO] [1748521214.072865095] [uvdrobot]: I heard: "{"performative": "query", "sender": "nurse_disinfected1", "receiver": "spotrobot1", "content": "Done|a_authorize_patrol"}"
[nurse_disinfect-3] [INFO] [1748521214.073095832] [nurse_disinfect]: I heard: "{"performative": "query", "sender": "nurse_disinfected1", "receiver": "spotrobot1", "content": "Done|a_authorize_patrol"}"
[uvdrobot-4] [INFO] [1748521214.073387552] [uvdrobot]: And it is not for me
[nurse_disinfect-3] [INFO] [1748521214.073396593] [nurse_disinfect]: And it is not for me
[spotrobot-5] [INFO] [1748521214.073798779] [spotrobot]: I heard: "{"performative": "query", "sender": "nurse_disinfected1", "receiver": "spotrobot1", "content": "Ready|a_authorize_patrol"}"
[spotrobot-5] [INFO] [1748521214.074297600] [spotrobot]: And it is for me
[spotrobot-5] [INFO] [1748521214.074734111] [spotrobot]: Ready to act
[spotrobot-5] [INFO] [1748521214.075433929] [spotrobot]: I heard: "{"performative": "query", "sender": "nurse_disinfected1", "receiver": "spotrobot1", "content": "Done|a_authorize_patrol"}"
[spotrobot-5] [INFO] [1748521214.075765529] [spotrobot]: And it is for me
[nurse_disinfect-3] [INFO] [1748521214.075783317] [nurse_disinfect]: I heard: "{"performative": "query", "sender": "spotrobot1", "receiver": "nurse_disinfected1", "content": "Done|a_authorize_patrol"}"
[uvdrobot-4] [INFO] [1748521214.075789612] [uvdrobot]: I heard: "{"performative": "query", "sender": "spotrobot1", "receiver": "nurse_disinfected1", "content": "Done|a_authorize_patrol"}"
[spotrobot-5] [INFO] [1748521214.076218963] [spotrobot]: Finished action
[nurse_disinfect-3] [INFO] [1748521214.076282838] [nurse_disinfect]: And it is for me
[uvdrobot-4] [INFO] [1748521214.076296276] [uvdrobot]: And it is not for me
[nurse_disinfect-3] [INFO] [1748521214.076772823] [nurse_disinfect]: Finished action
[spotrobot-5] [INFO] [1748521214.076958094] [spotrobot]: Doing a_patrol_room
[uvdrobot-4] [INFO] [1748521214.077207202] [uvdrobot]: I heard: "{"performative": "query", "sender": "spotrobot1", "receiver": "nurse_disinfected1", "content": "Done|a_authorize_patrol"}"
[spotrobot-5] [INFO] [1748521214.077417017] [spotrobot]: Wating for response
[uvdrobot-4] [INFO] [1748521214.077701935] [uvdrobot]: And it is not for me
[nurse_disinfect-3] [INFO] [1748521214.077926600] [nurse_disinfect]: I heard: "{"performative": "query", "sender": "spotrobot1", "receiver": "nurse_disinfected1", "content": "Done|a_authorize_patrol"}"
[spotrobot-5] [INFO] [1748521214.078105712] [spotrobot]: I heard: "{"performative": "query", "sender": "spotrobot1", "receiver": "nurse_disinfected1", "content": "Done|a_authorize_patrol"}"
[nurse_disinfect-3] [INFO] [1748521214.078413363] [nurse_disinfect]: And it is for me
[spotrobot-5] [INFO] [1748521214.078425741] [spotrobot]: And it is not for me
[uvdrobot-4] [INFO] [1748521214.078697717] [uvdrobot]: I heard: "{"performative": "query", "sender": "nurse_disinfected1", "receiver": "spotrobot1", "content": "Done|a_authorize_patrol"}"
[nurse_disinfect-3] [INFO] [1748521214.078942876] [nurse_disinfect]: Already finished action
[uvdrobot-4] [INFO] [1748521214.079220330] [uvdrobot]: And it is not for me
[spotrobot-5] [INFO] [1748521214.079280625] [spotrobot]: I heard: "{"performative": "query", "sender": "spotrobot1", "receiver": "nurse_disinfected1", "content": "Done|a_authorize_patrol"}"
[spotrobot-5] [INFO] [1748521214.079687602] [spotrobot]: And it is not for me
[nurse_disinfect-3] [INFO] [1748521214.079961477] [nurse_disinfect]: I heard: "{"performative": "query", "sender": "nurse_disinfected1", "receiver": "spotrobot1", "content": "Done|a_authorize_patrol"}"
[spotrobot-5] [INFO] [1748521214.080276378] [spotrobot]: I heard: "{"performative": "query", "sender": "nurse_disinfected1", "receiver": "spotrobot1", "content": "Done|a_authorize_patrol"}"
[nurse_disinfect-3] [INFO] [1748521214.080325501] [nurse_disinfect]: And it is not for me
[spotrobot-5] [INFO] [1748521214.080609184] [spotrobot]: And it is for me
[spotrobot-5] [INFO] [1748521214.080875672] [spotrobot]: Already finished action
[spotrobot-5] [INFO] [1748521214.081895266] [spotrobot]: dirty room
[spotrobot-5] [INFO] [1748521214.083941753] [spotrobot]: I heard: "{"performative": "request", "sender": "Coordinator", "receiver": "nurse_disinfected1", "content": "Start|nurse_disinfected1,room1,spotrobot1,uvdrobot1"}"
[uvdrobot-4] [INFO] [1748521214.084021062] [uvdrobot]: I heard: "{"performative": "request", "sender": "Coordinator", "receiver": "nurse_disinfected1", "content": "Start|nurse_disinfected1,room1,spotrobot1,uvdrobot1"}"
[nurse_disinfect-3] [INFO] [1748521214.084099245] [nurse_disinfect]: I heard: "{"performative": "request", "sender": "Coordinator", "receiver": "nurse_disinfected1", "content": "Start|nurse_disinfected1,room1,spotrobot1,uvdrobot1"}"
[spotrobot-5] [INFO] [1748521214.084269898] [spotrobot]: And it is not for me
[uvdrobot-4] [INFO] [1748521214.084443891] [uvdrobot]: And it is not for me
[nurse_disinfect-3] [INFO] [1748521214.084669891] [nurse_disinfect]: And it is for me
[spotrobot-5] [INFO] [1748521214.084741432] [spotrobot]: I heard: "{"performative": "request", "sender": "Coordinator", "receiver": "room1", "content": "Start|nurse_disinfected1,room1,spotrobot1,uvdrobot1"}"
[uvdrobot-4] [INFO] [1748521214.085138727] [uvdrobot]: I heard: "{"performative": "request", "sender": "Coordinator", "receiver": "room1", "content": "Start|nurse_disinfected1,room1,spotrobot1,uvdrobot1"}"
[spotrobot-5] [INFO] [1748521214.085267021] [spotrobot]: And it is not for me
[nurse_disinfect-3] [INFO] [1748521214.085275355] [nurse_disinfect]: nurse_disinfected1
[uvdrobot-4] [INFO] [1748521214.085427548] [uvdrobot]: And it is not for me
[uvdrobot-4] [INFO] [1748521214.085987626] [uvdrobot]: I heard: "{"performative": "request", "sender": "Coordinator", "receiver": "spotrobot1", "content": "Start|nurse_disinfected1,room1,spotrobot1,uvdrobot1"}"
[spotrobot-5] [INFO] [1748521214.086146156] [spotrobot]: I heard: "{"performative": "request", "sender": "Coordinator", "receiver": "spotrobot1", "content": "Start|nurse_disinfected1,room1,spotrobot1,uvdrobot1"}"
[uvdrobot-4] [INFO] [1748521214.086295307] [uvdrobot]: And it is not for me
[nurse_disinfect-3] [INFO] [1748521214.086352130] [nurse_disinfect]: I heard: "{"performative": "request", "sender": "Coordinator", "receiver": "room1", "content": "Start|nurse_disinfected1,room1,spotrobot1,uvdrobot1"}"
[spotrobot-5] [INFO] [1748521214.086622468] [spotrobot]: And it is for me
[uvdrobot-4] [INFO] [1748521214.086814183] [uvdrobot]: I heard: "{"performative": "request", "sender": "Coordinator", "receiver": "uvdrobot1", "content": "Start|nurse_disinfected1,room1,spotrobot1,uvdrobot1"}"
[nurse_disinfect-3] [INFO] [1748521214.086869595] [nurse_disinfect]: And it is not for me
[uvdrobot-4] [INFO] [1748521214.087288033] [uvdrobot]: And it is for me
[spotrobot-5] [INFO] [1748521214.087337378] [spotrobot]: 
[disinfect_environment-1] [INFO] [1748521214.087654673] [disinfect_environment]: Recebido sinal de desligamento do coordenador, finalizando...
[disinfect_planner-2] [INFO] [1748521214.087868720] [disinfect_planner]: Recebido sinal de desligamento do coordenador, finalizando...
[nurse_disinfect-3] [INFO] [1748521214.087921477] [nurse_disinfect]: I heard: "{"performative": "request", "sender": "Coordinator", "receiver": "spotrobot1", "content": "Start|nurse_disinfected1,room1,spotrobot1,uvdrobot1"}"
[disinfect_environment-1] [INFO] [1748521214.087978371] [Quitting]: Done
[uvdrobot-4] [INFO] [1748521214.088101666] [uvdrobot]: Recebido sinal de desligamento do coordenador, finalizando...
[spotrobot-5] [INFO] [1748521214.088277858] [spotrobot]: I heard: "{"performative": "request", "sender": "Coordinator", "receiver": "uvdrobot1", "content": "Start|nurse_disinfected1,room1,spotrobot1,uvdrobot1"}"
[disinfect_planner-2] [INFO] [1748521214.088381407] [Quitting]: Done
[nurse_disinfect-3] [INFO] [1748521214.088434543] [nurse_disinfect]: And it is not for me
[uvdrobot-4] [INFO] [1748521214.088696329] [Quitting]: Done
[spotrobot-5] [INFO] [1748521214.089037571] [spotrobot]: And it is not for me
[nurse_disinfect-3] [INFO] [1748521214.089119609] [nurse_disinfect]: Recebido sinal de desligamento do coordenador, finalizando...
[spotrobot-5] [INFO] [1748521214.089715202] [spotrobot]: Recebido sinal de desligamento do coordenador, finalizando...
[nurse_disinfect-3] [INFO] [1748521214.089783100] [Quitting]: Done
[spotrobot-5] [INFO] [1748521214.090423057] [Quitting]: Done
[INFO] [disinfect_environment-1]: process has finished cleanly [pid 12753]
[INFO] [uvdrobot-4]: process has finished cleanly [pid 12759]
[INFO] [spotrobot-5]: process has finished cleanly [pid 12761]
[INFO] [nurse_disinfect-3]: process has finished cleanly [pid 12757]
[INFO] [disinfect_planner-2]: process has finished cleanly [pid 12755]
