[INFO] [launch]: All log files can be found below /home/rafael/.ros/log/2025-05-30-13-12-01-539125-NotebookRafael-41750
[INFO] [launch]: Default logging verbosity is set to INFO
[INFO] [disinfect_environment-1]: process started with pid [41753]
[INFO] [disinfect_planner-2]: process started with pid [41755]
[INFO] [nurse_disinfect-3]: process started with pid [41757]
[INFO] [uvdrobot-4]: process started with pid [41759]
[INFO] [spotrobot-5]: process started with pid [41761]
[disinfect_environment-1] [INFO] [1748621521.829777987] [disinfect_environment]: Starting Environment server
[disinfect_environment-1] [INFO] [1748621521.833490470] [disinfect_environment]: Environment server started
[disinfect_planner-2] [INFO] [1748621522.342226506] [disinfect_planner]: Starting Planner server
[disinfect_planner-2] [INFO] [1748621522.346424935] [disinfect_planner]: Planner server started
[disinfect_planner-2] [INFO] [1748621522.553766814] [disinfect_planner]: Creating plan for: spotrobot1 uvdrobot1 nurse_disinfected1
[disinfect_planner-2] [INFO] [1748621522.555198401] [disinfect_planner]: a_navto,spotrobot1,room1
[disinfect_planner-2] [INFO] [1748621522.555522840] [disinfect_planner]: a_open_door,spotrobot1,room1
[disinfect_planner-2] [INFO] [1748621522.555816761] [disinfect_planner]: a_approach_nurse,spotrobot1,nurse_disinfected1
[disinfect_planner-2] [INFO] [1748621522.556106758] [disinfect_planner]: a_authenticate_nurse,spotrobot1,nurse_disinfected1
[disinfect_planner-2] [INFO] [1748621522.556400452] [disinfect_planner]: a_authorize_patrol,spotrobot1,nurse_disinfected1
[disinfect_planner-2] [INFO] [1748621522.556694467] [disinfect_planner]: a_patrol_room,spotrobot1,room1
[disinfect_planner-2] [INFO] [1748621522.556980359] [disinfect_planner]: a_authorize_disinfect,uvdrobot1,spotrobot1
[disinfect_planner-2] [INFO] [1748621522.557296618] [disinfect_planner]: a_navto,uvdrobot1,room1
[disinfect_planner-2] [INFO] [1748621522.557583673] [disinfect_planner]: a_disinfect_room,uvdrobot1,room1
[disinfect_planner-2] [INFO] [1748621522.557827423] [disinfect_planner]: Sending response
[spotrobot-5] [INFO] [1748621522.559286977] [spotrobot]: response.response spotrobot1
[spotrobot-5] [INFO] [1748621522.559780303] [spotrobot]: My name is spotrobot1
[nurse_disinfect-3] [INFO] [1748621522.559892072] [nurse_disinfect]: response.response nurse_disinfected1
[nurse_disinfect-3] [INFO] [1748621522.560226376] [nurse_disinfect]: My name is nurse_disinfected1
[spotrobot-5] [INFO] [1748621522.560474842] [spotrobot]: I heard: "{"performative": "request", "sender": "Coordinator", "receiver": "uvdrobot1", "content": "Plan|a_authorize_disinfect,uvdrobot1,spotrobot1/a_navto,uvdrobot1,room1/a_disinfect_room,uvdrobot1,room1"}"
[spotrobot-5] [INFO] [1748621522.560761481] [spotrobot]: And it is not for me
[spotrobot-5] [INFO] [1748621522.561357210] [spotrobot]: I heard: "{"performative": "request", "sender": "Coordinator", "receiver": "spotrobot1", "content": "Plan|a_navto,spotrobot1,room1/a_open_door,spotrobot1,room1/a_approach_nurse,spotrobot1,nurse_disinfected1/a_authenticate_nurse,spotrobot1,nurse_disinfected1/a_authorize_patrol,spotrobot1,nurse_disinfected1/a_patrol_room,spotrobot1,room1/a_authorize_disinfect,uvdrobot1,spotrobot1"}"
[spotrobot-5] [INFO] [1748621522.561669516] [spotrobot]: And it is for me
[spotrobot-5] [INFO] [1748621522.562078295] [spotrobot]: Doing a_navto
[spotrobot-5] [INFO] [1748621522.562518888] [spotrobot]: Wating for response
[spotrobot-5] [INFO] [1748621522.562992477] [spotrobot]: I heard: "{"performative": "request", "sender": "Coordinator", "receiver": "nurse_disinfected1", "content": "Plan|a_approach_nurse,spotrobot1,nurse_disinfected1/a_authenticate_nurse,spotrobot1,nurse_disinfected1/a_authorize_patrol,spotrobot1,nurse_disinfected1"}"
[uvdrobot-4] [INFO] [1748621522.563261568] [uvdrobot]: response.response uvdrobot1
[spotrobot-5] [INFO] [1748621522.563291798] [spotrobot]: And it is not for me
[uvdrobot-4] [INFO] [1748621522.563854630] [uvdrobot]: My name is uvdrobot1
[spotrobot-5] [INFO] [1748621522.563959582] [spotrobot]: success
[spotrobot-5] [INFO] [1748621522.564305631] [spotrobot]: Doing a_open_door
[spotrobot-5] [INFO] [1748621522.564687353] [spotrobot]: Wating for response
[uvdrobot-4] [INFO] [1748621522.564992173] [uvdrobot]: I heard: "{"performative": "request", "sender": "Coordinator", "receiver": "uvdrobot1", "content": "Plan|a_authorize_disinfect,uvdrobot1,spotrobot1/a_navto,uvdrobot1,room1/a_disinfect_room,uvdrobot1,room1"}"
[spotrobot-5] [INFO] [1748621522.565522265] [spotrobot]: success
[uvdrobot-4] [INFO] [1748621522.565538450] [uvdrobot]: And it is for me
[spotrobot-5] [INFO] [1748621522.565862507] [spotrobot]: Doing a_approach_nurse
[uvdrobot-4] [INFO] [1748621522.566208721] [uvdrobot]: Doing a_authorize_disinfect
[spotrobot-5] [INFO] [1748621522.566266945] [spotrobot]: Wating for response
[uvdrobot-4] [INFO] [1748621522.566702625] [uvdrobot]: a_authorize_disinfect
[spotrobot-5] [INFO] [1748621522.566931703] [spotrobot]: success
[uvdrobot-4] [INFO] [1748621522.567235568] [uvdrobot]: Here first, waiting for spotrobot
[spotrobot-5] [INFO] [1748621522.567268219] [spotrobot]: Doing a_authenticate_nurse
[spotrobot-5] [INFO] [1748621522.567541646] [spotrobot]: a_authenticate_nurse
[spotrobot-5] [INFO] [1748621522.567785756] [spotrobot]: Here first, waiting for nurse
[uvdrobot-4] [INFO] [1748621522.568412018] [uvdrobot]: I heard: "{"performative": "request", "sender": "Coordinator", "receiver": "spotrobot1", "content": "Plan|a_navto,spotrobot1,room1/a_open_door,spotrobot1,room1/a_approach_nurse,spotrobot1,nurse_disinfected1/a_authenticate_nurse,spotrobot1,nurse_disinfected1/a_authorize_patrol,spotrobot1,nurse_disinfected1/a_patrol_room,spotrobot1,room1/a_authorize_disinfect,uvdrobot1,spotrobot1"}"
[spotrobot-5] [INFO] [1748621522.568465040] [spotrobot]: I heard: "{"performative": "query", "sender": "uvdrobot1", "receiver": "spotrobot1", "content": "Ready|a_authorize_disinfect"}"
[spotrobot-5] [INFO] [1748621522.568729360] [spotrobot]: And it is for me
[uvdrobot-4] [INFO] [1748621522.568919076] [uvdrobot]: And it is not for me
[spotrobot-5] [INFO] [1748621522.568983163] [spotrobot]: No there yet
[spotrobot-5] [INFO] [1748621522.569481351] [spotrobot]: I heard: "{"performative": "query", "sender": "spotrobot1", "receiver": "nurse_disinfected1", "content": "Ready|a_authenticate_nurse"}"
[uvdrobot-4] [INFO] [1748621522.569497357] [uvdrobot]: I heard: "{"performative": "query", "sender": "uvdrobot1", "receiver": "spotrobot1", "content": "Ready|a_authorize_disinfect"}"
[spotrobot-5] [INFO] [1748621522.569786810] [spotrobot]: And it is not for me
[uvdrobot-4] [INFO] [1748621522.570033893] [uvdrobot]: And it is not for me
[uvdrobot-4] [INFO] [1748621522.570983682] [uvdrobot]: I heard: "{"performative": "request", "sender": "Coordinator", "receiver": "nurse_disinfected1", "content": "Plan|a_approach_nurse,spotrobot1,nurse_disinfected1/a_authenticate_nurse,spotrobot1,nurse_disinfected1/a_authorize_patrol,spotrobot1,nurse_disinfected1"}"
[uvdrobot-4] [INFO] [1748621522.571522469] [uvdrobot]: And it is not for me
[uvdrobot-4] [INFO] [1748621522.572135269] [uvdrobot]: I heard: "{"performative": "query", "sender": "spotrobot1", "receiver": "nurse_disinfected1", "content": "Ready|a_authenticate_nurse"}"
[uvdrobot-4] [INFO] [1748621522.572452360] [uvdrobot]: And it is not for me
[nurse_disinfect-3] [INFO] [1748621523.562175196] [nurse_disinfect]: I heard: "{"performative": "request", "sender": "Coordinator", "receiver": "uvdrobot1", "content": "Plan|a_authorize_disinfect,uvdrobot1,spotrobot1/a_navto,uvdrobot1,room1/a_disinfect_room,uvdrobot1,room1"}"
[nurse_disinfect-3] [INFO] [1748621523.562629550] [nurse_disinfect]: And it is not for me
[nurse_disinfect-3] [INFO] [1748621523.563141506] [nurse_disinfect]: I heard: "{"performative": "query", "sender": "uvdrobot1", "receiver": "spotrobot1", "content": "Ready|a_authorize_disinfect"}"
[nurse_disinfect-3] [INFO] [1748621523.563565495] [nurse_disinfect]: And it is not for me
[nurse_disinfect-3] [INFO] [1748621523.564232693] [nurse_disinfect]: I heard: "{"performative": "request", "sender": "Coordinator", "receiver": "spotrobot1", "content": "Plan|a_navto,spotrobot1,room1/a_open_door,spotrobot1,room1/a_approach_nurse,spotrobot1,nurse_disinfected1/a_authenticate_nurse,spotrobot1,nurse_disinfected1/a_authorize_patrol,spotrobot1,nurse_disinfected1/a_patrol_room,spotrobot1,room1/a_authorize_disinfect,uvdrobot1,spotrobot1"}"
[nurse_disinfect-3] [INFO] [1748621523.564691097] [nurse_disinfect]: And it is not for me
[nurse_disinfect-3] [INFO] [1748621523.565232252] [nurse_disinfect]: I heard: "{"performative": "query", "sender": "spotrobot1", "receiver": "nurse_disinfected1", "content": "Ready|a_authenticate_nurse"}"
[nurse_disinfect-3] [INFO] [1748621523.565706664] [nurse_disinfect]: And it is for me
[nurse_disinfect-3] [INFO] [1748621523.566212285] [nurse_disinfect]: No there yet
[nurse_disinfect-3] [INFO] [1748621523.566972200] [nurse_disinfect]: I heard: "{"performative": "request", "sender": "Coordinator", "receiver": "nurse_disinfected1", "content": "Plan|a_approach_nurse,spotrobot1,nurse_disinfected1/a_authenticate_nurse,spotrobot1,nurse_disinfected1/a_authorize_patrol,spotrobot1,nurse_disinfected1"}"
[nurse_disinfect-3] [INFO] [1748621523.567456010] [nurse_disinfect]: And it is for me
[nurse_disinfect-3] [INFO] [1748621523.568907562] [nurse_disinfect]: a_approach_nurse
[nurse_disinfect-3] [INFO] [1748621523.569244067] [nurse_disinfect]: a_authenticate_nurse
[nurse_disinfect-3] [INFO] [1748621523.569587306] [nurse_disinfect]: Doing a_authenticate_nurse
[nurse_disinfect-3] [INFO] [1748621523.569891909] [nurse_disinfect]: a_authenticate_nurse
[nurse_disinfect-3] [INFO] [1748621523.570195792] [nurse_disinfect]: Robot is waiting, send action message
[uvdrobot-4] [INFO] [1748621523.570816449] [uvdrobot]: I heard: "{"performative": "query", "sender": "nurse_disinfected1", "receiver": "spotrobot1", "content": "Done|a_authenticate_nurse"}"
[spotrobot-5] [INFO] [1748621523.570872837] [spotrobot]: I heard: "{"performative": "query", "sender": "nurse_disinfected1", "receiver": "spotrobot1", "content": "Done|a_authenticate_nurse"}"
[nurse_disinfect-3] [INFO] [1748621523.570975983] [nurse_disinfect]: I heard: "{"performative": "query", "sender": "nurse_disinfected1", "receiver": "spotrobot1", "content": "Done|a_authenticate_nurse"}"
[uvdrobot-4] [INFO] [1748621523.571162476] [uvdrobot]: And it is not for me
[spotrobot-5] [INFO] [1748621523.571284090] [spotrobot]: And it is for me
[nurse_disinfect-3] [INFO] [1748621523.571332252] [nurse_disinfect]: And it is not for me
[spotrobot-5] [INFO] [1748621523.571625214] [spotrobot]: Finished action
[spotrobot-5] [INFO] [1748621523.572095605] [spotrobot]: Doing a_authorize_patrol
[uvdrobot-4] [INFO] [1748621523.572273023] [uvdrobot]: I heard: "{"performative": "query", "sender": "spotrobot1", "receiver": "nurse_disinfected1", "content": "Done|a_authenticate_nurse"}"
[nurse_disinfect-3] [INFO] [1748621523.572345561] [nurse_disinfect]: I heard: "{"performative": "query", "sender": "spotrobot1", "receiver": "nurse_disinfected1", "content": "Done|a_authenticate_nurse"}"
[spotrobot-5] [INFO] [1748621523.572359221] [spotrobot]: a_authorize_patrol
[spotrobot-5] [INFO] [1748621523.572605512] [spotrobot]: Here first, waiting for nurse
[nurse_disinfect-3] [INFO] [1748621523.572643384] [nurse_disinfect]: And it is for me
[uvdrobot-4] [INFO] [1748621523.572684124] [uvdrobot]: And it is not for me
[nurse_disinfect-3] [INFO] [1748621523.572903900] [nurse_disinfect]: Finished action
[nurse_disinfect-3] [INFO] [1748621523.573365528] [nurse_disinfect]: a_authorize_patrol
[uvdrobot-4] [INFO] [1748621523.573368401] [uvdrobot]: I heard: "{"performative": "query", "sender": "spotrobot1", "receiver": "nurse_disinfected1", "content": "Ready|a_authorize_patrol"}"
[spotrobot-5] [INFO] [1748621523.573532628] [spotrobot]: I heard: "{"performative": "query", "sender": "spotrobot1", "receiver": "nurse_disinfected1", "content": "Done|a_authenticate_nurse"}"
[uvdrobot-4] [INFO] [1748621523.573658163] [uvdrobot]: And it is not for me
[nurse_disinfect-3] [INFO] [1748621523.573680611] [nurse_disinfect]: Doing a_authorize_patrol
[spotrobot-5] [INFO] [1748621523.573935507] [spotrobot]: And it is not for me
[nurse_disinfect-3] [INFO] [1748621523.574087510] [nurse_disinfect]: a_authorize_patrol
[uvdrobot-4] [INFO] [1748621523.574212168] [uvdrobot]: I heard: "{"performative": "query", "sender": "nurse_disinfected1", "receiver": "spotrobot1", "content": "Done|a_authenticate_nurse"}"
[nurse_disinfect-3] [INFO] [1748621523.574588485] [nurse_disinfect]: Here first, waiting for robot
[uvdrobot-4] [INFO] [1748621523.574592647] [uvdrobot]: And it is not for me
[spotrobot-5] [INFO] [1748621523.574612795] [spotrobot]: I heard: "{"performative": "query", "sender": "spotrobot1", "receiver": "nurse_disinfected1", "content": "Ready|a_authorize_patrol"}"
[spotrobot-5] [INFO] [1748621523.575024180] [spotrobot]: And it is not for me
[uvdrobot-4] [INFO] [1748621523.575165533] [uvdrobot]: I heard: "{"performative": "query", "sender": "nurse_disinfected1", "receiver": "spotrobot1", "content": "Ready|a_authorize_patrol"}"
[nurse_disinfect-3] [INFO] [1748621523.575581272] [nurse_disinfect]: I heard: "{"performative": "query", "sender": "spotrobot1", "receiver": "nurse_disinfected1", "content": "Ready|a_authorize_patrol"}"
[uvdrobot-4] [INFO] [1748621523.575585122] [uvdrobot]: And it is not for me
[nurse_disinfect-3] [INFO] [1748621523.575911633] [nurse_disinfect]: And it is for me
[spotrobot-5] [INFO] [1748621523.575913135] [spotrobot]: I heard: "{"performative": "query", "sender": "nurse_disinfected1", "receiver": "spotrobot1", "content": "Done|a_authenticate_nurse"}"
[spotrobot-5] [INFO] [1748621523.576199398] [spotrobot]: And it is for me
[nurse_disinfect-3] [INFO] [1748621523.576415888] [nurse_disinfect]: Ready to act
[spotrobot-5] [INFO] [1748621523.576455855] [spotrobot]: Already finished action
[spotrobot-5] [INFO] [1748621523.577005820] [spotrobot]: I heard: "{"performative": "query", "sender": "nurse_disinfected1", "receiver": "spotrobot1", "content": "Ready|a_authorize_patrol"}"
[uvdrobot-4] [INFO] [1748621523.577037911] [uvdrobot]: I heard: "{"performative": "query", "sender": "nurse_disinfected1", "receiver": "spotrobot1", "content": "Done|a_authorize_patrol"}"
[spotrobot-5] [INFO] [1748621523.577279423] [spotrobot]: And it is for me
[uvdrobot-4] [INFO] [1748621523.577327806] [uvdrobot]: And it is not for me
[spotrobot-5] [INFO] [1748621523.577549867] [spotrobot]: Ready to act
[nurse_disinfect-3] [INFO] [1748621523.577551836] [nurse_disinfect]: I heard: "{"performative": "query", "sender": "nurse_disinfected1", "receiver": "spotrobot1", "content": "Done|a_authenticate_nurse"}"
[nurse_disinfect-3] [INFO] [1748621523.577995863] [nurse_disinfect]: And it is not for me
[uvdrobot-4] [INFO] [1748621523.578069988] [uvdrobot]: I heard: "{"performative": "query", "sender": "spotrobot1", "receiver": "nurse_disinfected1", "content": "Done|a_authorize_patrol"}"
[spotrobot-5] [INFO] [1748621523.578190550] [spotrobot]: I heard: "{"performative": "query", "sender": "nurse_disinfected1", "receiver": "spotrobot1", "content": "Done|a_authorize_patrol"}"
[uvdrobot-4] [INFO] [1748621523.578343145] [uvdrobot]: And it is not for me
[spotrobot-5] [INFO] [1748621523.578455883] [spotrobot]: And it is for me
[spotrobot-5] [INFO] [1748621523.578869431] [spotrobot]: Finished action
[nurse_disinfect-3] [INFO] [1748621523.578990831] [nurse_disinfect]: I heard: "{"performative": "query", "sender": "nurse_disinfected1", "receiver": "spotrobot1", "content": "Ready|a_authorize_patrol"}"
[spotrobot-5] [INFO] [1748621523.579324364] [spotrobot]: Doing a_patrol_room
[nurse_disinfect-3] [INFO] [1748621523.579366816] [nurse_disinfect]: And it is not for me
[uvdrobot-4] [INFO] [1748621523.579496319] [uvdrobot]: I heard: "{"performative": "query", "sender": "spotrobot1", "receiver": "nurse_disinfected1", "content": "Done|a_authorize_patrol"}"
[spotrobot-5] [INFO] [1748621523.579712705] [spotrobot]: Wating for response
[uvdrobot-4] [INFO] [1748621523.579824783] [uvdrobot]: And it is not for me
[nurse_disinfect-3] [INFO] [1748621523.580134147] [nurse_disinfect]: I heard: "{"performative": "query", "sender": "nurse_disinfected1", "receiver": "spotrobot1", "content": "Done|a_authorize_patrol"}"
[spotrobot-5] [INFO] [1748621523.580248398] [spotrobot]: I heard: "{"performative": "query", "sender": "spotrobot1", "receiver": "nurse_disinfected1", "content": "Done|a_authorize_patrol"}"
[nurse_disinfect-3] [INFO] [1748621523.580529876] [nurse_disinfect]: And it is not for me
[spotrobot-5] [INFO] [1748621523.580684222] [spotrobot]: And it is not for me
[nurse_disinfect-3] [INFO] [1748621523.581106385] [nurse_disinfect]: I heard: "{"performative": "query", "sender": "spotrobot1", "receiver": "nurse_disinfected1", "content": "Done|a_authorize_patrol"}"
[nurse_disinfect-3] [INFO] [1748621523.581386616] [nurse_disinfect]: And it is for me
[spotrobot-5] [INFO] [1748621523.581529563] [spotrobot]: I heard: "{"performative": "query", "sender": "spotrobot1", "receiver": "nurse_disinfected1", "content": "Done|a_authorize_patrol"}"
[nurse_disinfect-3] [INFO] [1748621523.581696843] [nurse_disinfect]: Finished action
[spotrobot-5] [INFO] [1748621523.582054748] [spotrobot]: And it is not for me
[uvdrobot-4] [INFO] [1748621523.582294795] [uvdrobot]: I heard: "{"performative": "query", "sender": "nurse_disinfected1", "receiver": "spotrobot1", "content": "Done|a_authorize_patrol"}"
[nurse_disinfect-3] [INFO] [1748621523.582539558] [nurse_disinfect]: I heard: "{"performative": "query", "sender": "spotrobot1", "receiver": "nurse_disinfected1", "content": "Done|a_authorize_patrol"}"
[uvdrobot-4] [INFO] [1748621523.582597540] [uvdrobot]: And it is not for me
[spotrobot-5] [INFO] [1748621523.582926956] [spotrobot]: I heard: "{"performative": "query", "sender": "nurse_disinfected1", "receiver": "spotrobot1", "content": "Done|a_authorize_patrol"}"
[nurse_disinfect-3] [INFO] [1748621523.583099177] [nurse_disinfect]: And it is for me
[nurse_disinfect-3] [INFO] [1748621523.583381191] [nurse_disinfect]: Already finished action
[spotrobot-5] [INFO] [1748621523.583450879] [spotrobot]: And it is for me
[nurse_disinfect-3] [INFO] [1748621523.583909876] [nurse_disinfect]: I heard: "{"performative": "query", "sender": "nurse_disinfected1", "receiver": "spotrobot1", "content": "Done|a_authorize_patrol"}"
[spotrobot-5] [INFO] [1748621523.583968051] [spotrobot]: Already finished action
[nurse_disinfect-3] [INFO] [1748621523.584251047] [nurse_disinfect]: And it is not for me
[spotrobot-5] [INFO] [1748621523.584893469] [spotrobot]: dirty room
[nurse_disinfect-3] [INFO] [1748621523.587058938] [nurse_disinfect]: I heard: "{"performative": "request", "sender": "Coordinator", "receiver": "spotrobot1", "content": "Reset"}"
[uvdrobot-4] [INFO] [1748621523.587199737] [uvdrobot]: I heard: "{"performative": "request", "sender": "Coordinator", "receiver": "spotrobot1", "content": "Reset"}"
[spotrobot-5] [INFO] [1748621523.587309653] [spotrobot]: I heard: "{"performative": "request", "sender": "Coordinator", "receiver": "spotrobot1", "content": "Reset"}"
[nurse_disinfect-3] [INFO] [1748621523.587450106] [nurse_disinfect]: And it is not for me
[uvdrobot-4] [INFO] [1748621523.587545925] [uvdrobot]: And it is not for me
[spotrobot-5] [INFO] [1748621523.587850695] [spotrobot]: And it is for me
[nurse_disinfect-3] [INFO] [1748621523.587990530] [nurse_disinfect]: I heard: "{"performative": "request", "sender": "Coordinator", "receiver": "uvdrobot1", "content": "Reset"}"
[uvdrobot-4] [INFO] [1748621523.588104349] [uvdrobot]: I heard: "{"performative": "request", "sender": "Coordinator", "receiver": "uvdrobot1", "content": "Reset"}"
[nurse_disinfect-3] [INFO] [1748621523.588316083] [nurse_disinfect]: And it is not for me
[uvdrobot-4] [INFO] [1748621523.588549410] [uvdrobot]: And it is for me
[spotrobot-5] [INFO] [1748621523.588669303] [spotrobot]: I heard: "{"performative": "request", "sender": "Coordinator", "receiver": "uvdrobot1", "content": "Reset"}"
[nurse_disinfect-3] [INFO] [1748621523.588845213] [nurse_disinfect]: I heard: "{"performative": "request", "sender": "Coordinator", "receiver": "nurse_disinfected1", "content": "Reset"}"
[uvdrobot-4] [INFO] [1748621523.589090480] [uvdrobot]: I heard: "{"performative": "request", "sender": "Coordinator", "receiver": "nurse_disinfected1", "content": "Reset"}"
[nurse_disinfect-3] [INFO] [1748621523.589117004] [nurse_disinfect]: And it is for me
[spotrobot-5] [INFO] [1748621523.589125269] [spotrobot]: And it is not for me
[uvdrobot-4] [INFO] [1748621523.589409906] [uvdrobot]: And it is not for me
[spotrobot-5] [INFO] [1748621523.589715908] [spotrobot]: 
[nurse_disinfect-3] [INFO] [1748621523.590288557] [nurse_disinfect]: Recebido sinal de desligamento do coordenador, finalizando...
[uvdrobot-4] [INFO] [1748621523.590318144] [uvdrobot]: Recebido sinal de desligamento do coordenador, finalizando...
[disinfect_environment-1] [INFO] [1748621523.590431731] [disinfect_environment]: Recebido sinal de desligamento do coordenador, finalizando...
[disinfect_planner-2] [INFO] [1748621523.590560245] [disinfect_planner]: Recebido sinal de desligamento do coordenador, finalizando...
[spotrobot-5] [INFO] [1748621523.590598206] [spotrobot]: I heard: "{"performative": "request", "sender": "Coordinator", "receiver": "nurse_disinfected1", "content": "Reset"}"
[nurse_disinfect-3] [INFO] [1748621523.590686685] [Quitting]: Done
[uvdrobot-4] [INFO] [1748621523.590701155] [Quitting]: Done
[disinfect_environment-1] [INFO] [1748621523.590743561] [Quitting]: Done
[spotrobot-5] [INFO] [1748621523.591224142] [spotrobot]: And it is not for me
[disinfect_planner-2] [INFO] [1748621523.591314111] [Quitting]: Done
[spotrobot-5] [INFO] [1748621523.591944721] [spotrobot]: Recebido sinal de desligamento do coordenador, finalizando...
[spotrobot-5] [INFO] [1748621523.592616916] [Quitting]: Done
[INFO] [disinfect_environment-1]: process has finished cleanly [pid 41753]
[INFO] [uvdrobot-4]: process has finished cleanly [pid 41759]
[INFO] [nurse_disinfect-3]: process has finished cleanly [pid 41757]
[INFO] [spotrobot-5]: process has finished cleanly [pid 41761]
