[INFO] [launch]: All log files can be found below /home/rafael/.ros/log/2025-05-30-13-10-37-580962-NotebookRafael-40327
[INFO] [launch]: Default logging verbosity is set to INFO
[INFO] [disinfect_environment-1]: process started with pid [40330]
[INFO] [disinfect_planner-2]: process started with pid [40332]
[INFO] [nurse_disinfect-3]: process started with pid [40334]
[INFO] [uvdrobot-4]: process started with pid [40336]
[INFO] [spotrobot-5]: process started with pid [40338]
[disinfect_environment-1] [INFO] [1748621437.838033616] [disinfect_environment]: Starting Environment server
[disinfect_environment-1] [INFO] [1748621437.841876993] [disinfect_environment]: Environment server started
[disinfect_planner-2] [INFO] [1748621438.382123482] [disinfect_planner]: Starting Planner server
[disinfect_planner-2] [INFO] [1748621438.386431575] [disinfect_planner]: Planner server started
[disinfect_planner-2] [INFO] [1748621438.591361431] [disinfect_planner]: Creating plan for: spotrobot1 uvdrobot1 nurse_disinfected1
[disinfect_planner-2] [INFO] [1748621438.592866358] [disinfect_planner]: a_navto,spotrobot1,room1
[disinfect_planner-2] [INFO] [1748621438.593225164] [disinfect_planner]: a_open_door,spotrobot1,room1
[disinfect_planner-2] [INFO] [1748621438.593569935] [disinfect_planner]: a_approach_nurse,spotrobot1,nurse_disinfected1
[disinfect_planner-2] [INFO] [1748621438.593904746] [disinfect_planner]: a_authenticate_nurse,spotrobot1,nurse_disinfected1
[disinfect_planner-2] [INFO] [1748621438.594203540] [disinfect_planner]: a_authorize_patrol,spotrobot1,nurse_disinfected1
[disinfect_planner-2] [INFO] [1748621438.594500551] [disinfect_planner]: a_patrol_room,spotrobot1,room1
[disinfect_planner-2] [INFO] [1748621438.594796229] [disinfect_planner]: a_authorize_disinfect,uvdrobot1,spotrobot1
[disinfect_planner-2] [INFO] [1748621438.595089894] [disinfect_planner]: a_navto,uvdrobot1,room1
[disinfect_planner-2] [INFO] [1748621438.595385467] [disinfect_planner]: a_disinfect_room,uvdrobot1,room1
[disinfect_planner-2] [INFO] [1748621438.595678499] [disinfect_planner]: Sending response
[uvdrobot-4] [INFO] [1748621438.596662316] [uvdrobot]: response.response uvdrobot1
[uvdrobot-4] [INFO] [1748621438.597138390] [uvdrobot]: My name is uvdrobot1
[uvdrobot-4] [INFO] [1748621438.598094343] [uvdrobot]: I heard: "{"performative": "request", "sender": "Coordinator", "receiver": "uvdrobot1", "content": "Plan|a_authorize_disinfect,uvdrobot1,spotrobot1/a_navto,uvdrobot1,room1/a_disinfect_room,uvdrobot1,room1"}"
[uvdrobot-4] [INFO] [1748621438.598444185] [uvdrobot]: And it is for me
[nurse_disinfect-3] [INFO] [1748621438.598802636] [nurse_disinfect]: response.response nurse_disinfected1
[uvdrobot-4] [INFO] [1748621438.598921932] [uvdrobot]: Doing a_authorize_disinfect
[uvdrobot-4] [INFO] [1748621438.599280028] [uvdrobot]: a_authorize_disinfect
[nurse_disinfect-3] [INFO] [1748621438.599317578] [nurse_disinfect]: My name is nurse_disinfected1
[uvdrobot-4] [INFO] [1748621438.599543323] [uvdrobot]: Here first, waiting for spotrobot
[uvdrobot-4] [INFO] [1748621438.600292379] [uvdrobot]: I heard: "{"performative": "request", "sender": "Coordinator", "receiver": "spotrobot1", "content": "Plan|a_navto,spotrobot1,room1/a_open_door,spotrobot1,room1/a_approach_nurse,spotrobot1,nurse_disinfected1/a_authenticate_nurse,spotrobot1,nurse_disinfected1/a_authorize_patrol,spotrobot1,nurse_disinfected1/a_patrol_room,spotrobot1,room1/a_authorize_disinfect,uvdrobot1,spotrobot1"}"
[spotrobot-5] [INFO] [1748621438.600568643] [spotrobot]: response.response spotrobot1
[uvdrobot-4] [INFO] [1748621438.600607546] [uvdrobot]: And it is not for me
[uvdrobot-4] [INFO] [1748621438.600935349] [uvdrobot]: I heard: "{"performative": "query", "sender": "uvdrobot1", "receiver": "spotrobot1", "content": "Ready|a_authorize_disinfect"}"
[spotrobot-5] [INFO] [1748621438.600942825] [spotrobot]: My name is spotrobot1
[uvdrobot-4] [INFO] [1748621438.601208672] [uvdrobot]: And it is not for me
[spotrobot-5] [INFO] [1748621438.601649413] [spotrobot]: I heard: "{"performative": "request", "sender": "Coordinator", "receiver": "uvdrobot1", "content": "Plan|a_authorize_disinfect,uvdrobot1,spotrobot1/a_navto,uvdrobot1,room1/a_disinfect_room,uvdrobot1,room1"}"
[uvdrobot-4] [INFO] [1748621438.601753917] [uvdrobot]: I heard: "{"performative": "request", "sender": "Coordinator", "receiver": "nurse_disinfected1", "content": "Plan|a_approach_nurse,spotrobot1,nurse_disinfected1/a_authenticate_nurse,spotrobot1,nurse_disinfected1/a_authorize_patrol,spotrobot1,nurse_disinfected1"}"
[spotrobot-5] [INFO] [1748621438.601975710] [spotrobot]: And it is not for me
[uvdrobot-4] [INFO] [1748621438.602030921] [uvdrobot]: And it is not for me
[spotrobot-5] [INFO] [1748621438.602423250] [spotrobot]: I heard: "{"performative": "query", "sender": "uvdrobot1", "receiver": "spotrobot1", "content": "Ready|a_authorize_disinfect"}"
[spotrobot-5] [INFO] [1748621438.602762623] [spotrobot]: And it is for me
[spotrobot-5] [INFO] [1748621438.603067927] [spotrobot]: No there yet
[spotrobot-5] [INFO] [1748621438.603696920] [spotrobot]: I heard: "{"performative": "request", "sender": "Coordinator", "receiver": "spotrobot1", "content": "Plan|a_navto,spotrobot1,room1/a_open_door,spotrobot1,room1/a_approach_nurse,spotrobot1,nurse_disinfected1/a_authenticate_nurse,spotrobot1,nurse_disinfected1/a_authorize_patrol,spotrobot1,nurse_disinfected1/a_patrol_room,spotrobot1,room1/a_authorize_disinfect,uvdrobot1,spotrobot1"}"
[spotrobot-5] [INFO] [1748621438.604008886] [spotrobot]: And it is for me
[spotrobot-5] [INFO] [1748621438.604432583] [spotrobot]: Doing a_navto
[spotrobot-5] [INFO] [1748621438.604808866] [spotrobot]: Wating for response
[spotrobot-5] [INFO] [1748621438.605298931] [spotrobot]: I heard: "{"performative": "request", "sender": "Coordinator", "receiver": "nurse_disinfected1", "content": "Plan|a_approach_nurse,spotrobot1,nurse_disinfected1/a_authenticate_nurse,spotrobot1,nurse_disinfected1/a_authorize_patrol,spotrobot1,nurse_disinfected1"}"
[spotrobot-5] [INFO] [1748621438.605628172] [spotrobot]: And it is not for me
[spotrobot-5] [INFO] [1748621438.606875653] [spotrobot]: success
[spotrobot-5] [INFO] [1748621438.607256824] [spotrobot]: Doing a_open_door
[spotrobot-5] [INFO] [1748621438.607897657] [spotrobot]: Wating for response
[spotrobot-5] [INFO] [1748621438.609198630] [spotrobot]: success
[spotrobot-5] [INFO] [1748621438.609762282] [spotrobot]: Doing a_approach_nurse
[spotrobot-5] [INFO] [1748621438.610164726] [spotrobot]: Wating for response
[spotrobot-5] [INFO] [1748621438.611249886] [spotrobot]: success
[spotrobot-5] [INFO] [1748621438.611669787] [spotrobot]: Doing a_authenticate_nurse
[spotrobot-5] [INFO] [1748621438.611978034] [spotrobot]: a_authenticate_nurse
[spotrobot-5] [INFO] [1748621438.612374179] [spotrobot]: Here first, waiting for nurse
[uvdrobot-4] [INFO] [1748621438.612997656] [uvdrobot]: I heard: "{"performative": "query", "sender": "spotrobot1", "receiver": "nurse_disinfected1", "content": "Ready|a_authenticate_nurse"}"
[uvdrobot-4] [INFO] [1748621438.613328066] [uvdrobot]: And it is not for me
[spotrobot-5] [INFO] [1748621438.613446695] [spotrobot]: I heard: "{"performative": "query", "sender": "spotrobot1", "receiver": "nurse_disinfected1", "content": "Ready|a_authenticate_nurse"}"
[spotrobot-5] [INFO] [1748621438.613976449] [spotrobot]: And it is not for me
[nurse_disinfect-3] [INFO] [1748621439.601224799] [nurse_disinfect]: I heard: "{"performative": "request", "sender": "Coordinator", "receiver": "uvdrobot1", "content": "Plan|a_authorize_disinfect,uvdrobot1,spotrobot1/a_navto,uvdrobot1,room1/a_disinfect_room,uvdrobot1,room1"}"
[nurse_disinfect-3] [INFO] [1748621439.601737949] [nurse_disinfect]: And it is not for me
[nurse_disinfect-3] [INFO] [1748621439.602628382] [nurse_disinfect]: I heard: "{"performative": "query", "sender": "uvdrobot1", "receiver": "spotrobot1", "content": "Ready|a_authorize_disinfect"}"
[nurse_disinfect-3] [INFO] [1748621439.603206956] [nurse_disinfect]: And it is not for me
[nurse_disinfect-3] [INFO] [1748621439.604091320] [nurse_disinfect]: I heard: "{"performative": "request", "sender": "Coordinator", "receiver": "spotrobot1", "content": "Plan|a_navto,spotrobot1,room1/a_open_door,spotrobot1,room1/a_approach_nurse,spotrobot1,nurse_disinfected1/a_authenticate_nurse,spotrobot1,nurse_disinfected1/a_authorize_patrol,spotrobot1,nurse_disinfected1/a_patrol_room,spotrobot1,room1/a_authorize_disinfect,uvdrobot1,spotrobot1"}"
[nurse_disinfect-3] [INFO] [1748621439.604436815] [nurse_disinfect]: And it is not for me
[nurse_disinfect-3] [INFO] [1748621439.604797823] [nurse_disinfect]: I heard: "{"performative": "query", "sender": "spotrobot1", "receiver": "nurse_disinfected1", "content": "Ready|a_authenticate_nurse"}"
[nurse_disinfect-3] [INFO] [1748621439.605205527] [nurse_disinfect]: And it is for me
[nurse_disinfect-3] [INFO] [1748621439.605711204] [nurse_disinfect]: No there yet
[nurse_disinfect-3] [INFO] [1748621439.606670695] [nurse_disinfect]: I heard: "{"performative": "request", "sender": "Coordinator", "receiver": "nurse_disinfected1", "content": "Plan|a_approach_nurse,spotrobot1,nurse_disinfected1/a_authenticate_nurse,spotrobot1,nurse_disinfected1/a_authorize_patrol,spotrobot1,nurse_disinfected1"}"
[nurse_disinfect-3] [INFO] [1748621439.607214601] [nurse_disinfect]: And it is for me
[nurse_disinfect-3] [INFO] [1748621439.609017764] [nurse_disinfect]: a_approach_nurse
[nurse_disinfect-3] [INFO] [1748621439.609496031] [nurse_disinfect]: a_authenticate_nurse
[nurse_disinfect-3] [INFO] [1748621439.610069940] [nurse_disinfect]: Doing a_authenticate_nurse
[nurse_disinfect-3] [INFO] [1748621439.610581463] [nurse_disinfect]: a_authenticate_nurse
[nurse_disinfect-3] [INFO] [1748621439.611110311] [nurse_disinfect]: Robot is waiting, send action message
[uvdrobot-4] [INFO] [1748621439.611724720] [uvdrobot]: I heard: "{"performative": "query", "sender": "nurse_disinfected1", "receiver": "spotrobot1", "content": "Done|a_authenticate_nurse"}"
[spotrobot-5] [INFO] [1748621439.611709350] [spotrobot]: I heard: "{"performative": "query", "sender": "nurse_disinfected1", "receiver": "spotrobot1", "content": "Done|a_authenticate_nurse"}"
[spotrobot-5] [INFO] [1748621439.612058777] [spotrobot]: And it is for me
[uvdrobot-4] [INFO] [1748621439.612067092] [uvdrobot]: And it is not for me
[nurse_disinfect-3] [INFO] [1748621439.612189646] [nurse_disinfect]: I heard: "{"performative": "query", "sender": "nurse_disinfected1", "receiver": "spotrobot1", "content": "Done|a_authenticate_nurse"}"
[spotrobot-5] [INFO] [1748621439.612383128] [spotrobot]: Finished action
[nurse_disinfect-3] [INFO] [1748621439.612690927] [nurse_disinfect]: And it is not for me
[spotrobot-5] [INFO] [1748621439.612856693] [spotrobot]: Doing a_authorize_patrol
[uvdrobot-4] [INFO] [1748621439.613017415] [uvdrobot]: I heard: "{"performative": "query", "sender": "spotrobot1", "receiver": "nurse_disinfected1", "content": "Done|a_authenticate_nurse"}"
[spotrobot-5] [INFO] [1748621439.613121521] [spotrobot]: a_authorize_patrol
[uvdrobot-4] [INFO] [1748621439.613309420] [uvdrobot]: And it is not for me
[spotrobot-5] [INFO] [1748621439.613373012] [spotrobot]: Here first, waiting for nurse
[nurse_disinfect-3] [INFO] [1748621439.613708685] [nurse_disinfect]: I heard: "{"performative": "query", "sender": "spotrobot1", "receiver": "nurse_disinfected1", "content": "Done|a_authenticate_nurse"}"
[uvdrobot-4] [INFO] [1748621439.613876283] [uvdrobot]: I heard: "{"performative": "query", "sender": "spotrobot1", "receiver": "nurse_disinfected1", "content": "Ready|a_authorize_patrol"}"
[spotrobot-5] [INFO] [1748621439.614030859] [spotrobot]: I heard: "{"performative": "query", "sender": "spotrobot1", "receiver": "nurse_disinfected1", "content": "Done|a_authenticate_nurse"}"
[uvdrobot-4] [INFO] [1748621439.614236139] [uvdrobot]: And it is not for me
[nurse_disinfect-3] [INFO] [1748621439.614239476] [nurse_disinfect]: And it is for me
[spotrobot-5] [INFO] [1748621439.614302909] [spotrobot]: And it is not for me
[nurse_disinfect-3] [INFO] [1748621439.614746036] [nurse_disinfect]: Finished action
[spotrobot-5] [INFO] [1748621439.615062224] [spotrobot]: I heard: "{"performative": "query", "sender": "spotrobot1", "receiver": "nurse_disinfected1", "content": "Ready|a_authorize_patrol"}"
[uvdrobot-4] [INFO] [1748621439.615264047] [uvdrobot]: I heard: "{"performative": "query", "sender": "nurse_disinfected1", "receiver": "spotrobot1", "content": "Done|a_authenticate_nurse"}"
[spotrobot-5] [INFO] [1748621439.615389345] [spotrobot]: And it is not for me
[nurse_disinfect-3] [INFO] [1748621439.615417416] [nurse_disinfect]: a_authorize_patrol
[uvdrobot-4] [INFO] [1748621439.615532826] [uvdrobot]: And it is not for me
[spotrobot-5] [INFO] [1748621439.615939227] [spotrobot]: I heard: "{"performative": "query", "sender": "nurse_disinfected1", "receiver": "spotrobot1", "content": "Done|a_authenticate_nurse"}"
[nurse_disinfect-3] [INFO] [1748621439.615962613] [nurse_disinfect]: Doing a_authorize_patrol
[spotrobot-5] [INFO] [1748621439.616406926] [spotrobot]: And it is for me
[nurse_disinfect-3] [INFO] [1748621439.616462407] [nurse_disinfect]: a_authorize_patrol
[spotrobot-5] [INFO] [1748621439.616808682] [spotrobot]: Already finished action
[nurse_disinfect-3] [INFO] [1748621439.616916370] [nurse_disinfect]: Here first, waiting for robot
[uvdrobot-4] [INFO] [1748621439.617531032] [uvdrobot]: I heard: "{"performative": "query", "sender": "nurse_disinfected1", "receiver": "spotrobot1", "content": "Ready|a_authorize_patrol"}"
[uvdrobot-4] [INFO] [1748621439.617847017] [uvdrobot]: And it is not for me
[spotrobot-5] [INFO] [1748621439.617863618] [spotrobot]: I heard: "{"performative": "query", "sender": "nurse_disinfected1", "receiver": "spotrobot1", "content": "Ready|a_authorize_patrol"}"
[nurse_disinfect-3] [INFO] [1748621439.618034499] [nurse_disinfect]: I heard: "{"performative": "query", "sender": "spotrobot1", "receiver": "nurse_disinfected1", "content": "Ready|a_authorize_patrol"}"
[spotrobot-5] [INFO] [1748621439.618146013] [spotrobot]: And it is for me
[nurse_disinfect-3] [INFO] [1748621439.618652724] [nurse_disinfect]: And it is for me
[nurse_disinfect-3] [INFO] [1748621439.619252248] [nurse_disinfect]: Ready to act
[spotrobot-5] [INFO] [1748621439.619424536] [spotrobot]: Ready to act
[uvdrobot-4] [INFO] [1748621439.619980537] [uvdrobot]: I heard: "{"performative": "query", "sender": "nurse_disinfected1", "receiver": "spotrobot1", "content": "Done|a_authorize_patrol"}"
[nurse_disinfect-3] [INFO] [1748621439.620055656] [nurse_disinfect]: I heard: "{"performative": "query", "sender": "nurse_disinfected1", "receiver": "spotrobot1", "content": "Done|a_authenticate_nurse"}"
[spotrobot-5] [INFO] [1748621439.620311855] [spotrobot]: I heard: "{"performative": "query", "sender": "nurse_disinfected1", "receiver": "spotrobot1", "content": "Done|a_authorize_patrol"}"
[uvdrobot-4] [INFO] [1748621439.620402238] [uvdrobot]: And it is not for me
[nurse_disinfect-3] [INFO] [1748621439.620560208] [nurse_disinfect]: And it is not for me
[spotrobot-5] [INFO] [1748621439.620775186] [spotrobot]: And it is for me
[uvdrobot-4] [INFO] [1748621439.620899169] [uvdrobot]: I heard: "{"performative": "query", "sender": "spotrobot1", "receiver": "nurse_disinfected1", "content": "Done|a_authorize_patrol"}"
[spotrobot-5] [INFO] [1748621439.621219705] [spotrobot]: Finished action
[uvdrobot-4] [INFO] [1748621439.621234013] [uvdrobot]: And it is not for me
[nurse_disinfect-3] [INFO] [1748621439.621470810] [nurse_disinfect]: I heard: "{"performative": "query", "sender": "nurse_disinfected1", "receiver": "spotrobot1", "content": "Ready|a_authorize_patrol"}"
[uvdrobot-4] [INFO] [1748621439.621749812] [uvdrobot]: I heard: "{"performative": "query", "sender": "spotrobot1", "receiver": "nurse_disinfected1", "content": "Done|a_authorize_patrol"}"
[spotrobot-5] [INFO] [1748621439.621798819] [spotrobot]: Doing a_patrol_room
[nurse_disinfect-3] [INFO] [1748621439.622006416] [nurse_disinfect]: And it is not for me
[uvdrobot-4] [INFO] [1748621439.622021584] [uvdrobot]: And it is not for me
[spotrobot-5] [INFO] [1748621439.622249956] [spotrobot]: Wating for response
[spotrobot-5] [INFO] [1748621439.622775105] [spotrobot]: I heard: "{"performative": "query", "sender": "spotrobot1", "receiver": "nurse_disinfected1", "content": "Done|a_authorize_patrol"}"
[nurse_disinfect-3] [INFO] [1748621439.622908364] [nurse_disinfect]: I heard: "{"performative": "query", "sender": "nurse_disinfected1", "receiver": "spotrobot1", "content": "Done|a_authorize_patrol"}"
[spotrobot-5] [INFO] [1748621439.623205413] [spotrobot]: And it is not for me
[nurse_disinfect-3] [INFO] [1748621439.623530799] [nurse_disinfect]: And it is not for me
[spotrobot-5] [INFO] [1748621439.623797222] [spotrobot]: I heard: "{"performative": "query", "sender": "spotrobot1", "receiver": "nurse_disinfected1", "content": "Done|a_authorize_patrol"}"
[spotrobot-5] [INFO] [1748621439.624109982] [spotrobot]: And it is not for me
[nurse_disinfect-3] [INFO] [1748621439.624466273] [nurse_disinfect]: I heard: "{"performative": "query", "sender": "spotrobot1", "receiver": "nurse_disinfected1", "content": "Done|a_authorize_patrol"}"
[spotrobot-5] [INFO] [1748621439.624786521] [spotrobot]: dirty room
[nurse_disinfect-3] [INFO] [1748621439.624999871] [nurse_disinfect]: And it is for me
[nurse_disinfect-3] [INFO] [1748621439.625505121] [nurse_disinfect]: Finished action
[uvdrobot-4] [INFO] [1748621439.626077327] [uvdrobot]: I heard: "{"performative": "query", "sender": "nurse_disinfected1", "receiver": "spotrobot1", "content": "Done|a_authorize_patrol"}"
[spotrobot-5] [INFO] [1748621439.626116811] [spotrobot]: I heard: "{"performative": "query", "sender": "nurse_disinfected1", "receiver": "spotrobot1", "content": "Done|a_authorize_patrol"}"
[uvdrobot-4] [INFO] [1748621439.626401064] [uvdrobot]: And it is not for me
[spotrobot-5] [INFO] [1748621439.626416187] [spotrobot]: And it is for me
[nurse_disinfect-3] [INFO] [1748621439.626531820] [nurse_disinfect]: I heard: "{"performative": "query", "sender": "spotrobot1", "receiver": "nurse_disinfected1", "content": "Done|a_authorize_patrol"}"
[spotrobot-5] [INFO] [1748621439.626675095] [spotrobot]: Already finished action
[uvdrobot-4] [INFO] [1748621439.626984072] [uvdrobot]: I heard: "{"performative": "request", "sender": "Coordinator", "receiver": "spotrobot1", "content": "Reset"}"
[spotrobot-5] [INFO] [1748621439.627139644] [spotrobot]: I heard: "{"performative": "request", "sender": "Coordinator", "receiver": "spotrobot1", "content": "Reset"}"
[nurse_disinfect-3] [INFO] [1748621439.627140007] [nurse_disinfect]: And it is for me
[uvdrobot-4] [INFO] [1748621439.627291023] [uvdrobot]: And it is not for me
[spotrobot-5] [INFO] [1748621439.627480557] [spotrobot]: And it is for me
[nurse_disinfect-3] [INFO] [1748621439.627658083] [nurse_disinfect]: Already finished action
[uvdrobot-4] [INFO] [1748621439.627779087] [uvdrobot]: I heard: "{"performative": "request", "sender": "Coordinator", "receiver": "uvdrobot1", "content": "Reset"}"
[spotrobot-5] [INFO] [1748621439.627934715] [spotrobot]: I heard: "{"performative": "request", "sender": "Coordinator", "receiver": "uvdrobot1", "content": "Reset"}"
[uvdrobot-4] [INFO] [1748621439.628048136] [uvdrobot]: And it is for me
[spotrobot-5] [INFO] [1748621439.628194998] [spotrobot]: And it is not for me
[nurse_disinfect-3] [INFO] [1748621439.628505965] [nurse_disinfect]: I heard: "{"performative": "request", "sender": "Coordinator", "receiver": "spotrobot1", "content": "Reset"}"
[uvdrobot-4] [INFO] [1748621439.628509004] [uvdrobot]: I heard: "{"performative": "request", "sender": "Coordinator", "receiver": "nurse_disinfected1", "content": "Reset"}"
[spotrobot-5] [INFO] [1748621439.628542604] [spotrobot]: 
[uvdrobot-4] [INFO] [1748621439.628845456] [uvdrobot]: And it is not for me
[spotrobot-5] [INFO] [1748621439.629069045] [spotrobot]: I heard: "{"performative": "request", "sender": "Coordinator", "receiver": "nurse_disinfected1", "content": "Reset"}"
[nurse_disinfect-3] [INFO] [1748621439.629072308] [nurse_disinfect]: And it is not for me
[spotrobot-5] [INFO] [1748621439.629387717] [spotrobot]: And it is not for me
[uvdrobot-4] [INFO] [1748621439.629540202] [uvdrobot]: Recebido sinal de desligamento do coordenador, finalizando...
[nurse_disinfect-3] [INFO] [1748621439.629628565] [nurse_disinfect]: I heard: "{"performative": "query", "sender": "nurse_disinfected1", "receiver": "spotrobot1", "content": "Done|a_authorize_patrol"}"
[disinfect_environment-1] [INFO] [1748621439.629645482] [disinfect_environment]: Recebido sinal de desligamento do coordenador, finalizando...
[spotrobot-5] [INFO] [1748621439.629863270] [spotrobot]: Recebido sinal de desligamento do coordenador, finalizando...
[uvdrobot-4] [INFO] [1748621439.629869237] [Quitting]: Done
[disinfect_environment-1] [INFO] [1748621439.629956801] [Quitting]: Done
[disinfect_planner-2] [INFO] [1748621439.629978509] [disinfect_planner]: Recebido sinal de desligamento do coordenador, finalizando...
[nurse_disinfect-3] [INFO] [1748621439.630066504] [nurse_disinfect]: And it is not for me
[spotrobot-5] [INFO] [1748621439.630448388] [Quitting]: Done
[disinfect_planner-2] [INFO] [1748621439.630816892] [Quitting]: Done
[nurse_disinfect-3] [INFO] [1748621439.631273053] [nurse_disinfect]: I heard: "{"performative": "request", "sender": "Coordinator", "receiver": "uvdrobot1", "content": "Reset"}"
[nurse_disinfect-3] [INFO] [1748621439.631835649] [nurse_disinfect]: And it is not for me
[nurse_disinfect-3] [INFO] [1748621439.632527273] [nurse_disinfect]: Recebido sinal de desligamento do coordenador, finalizando...
[nurse_disinfect-3] [INFO] [1748621439.633146510] [Quitting]: Done
[INFO] [uvdrobot-4]: process has finished cleanly [pid 40336]
[INFO] [disinfect_environment-1]: process has finished cleanly [pid 40330]
[INFO] [nurse_disinfect-3]: process has finished cleanly [pid 40334]
[INFO] [spotrobot-5]: process has finished cleanly [pid 40338]
