[INFO] [launch]: All log files can be found below /home/rafael/.ros/log/2025-05-29-22-36-58-956670-NotebookRafael-112638
[INFO] [launch]: Default logging verbosity is set to INFO
[INFO] [disinfect_environment-1]: process started with pid [112639]
[INFO] [disinfect_planner-2]: process started with pid [112643]
[INFO] [nurse_disinfect-3]: process started with pid [112645]
[INFO] [uvdrobot-4]: process started with pid [112647]
[INFO] [spotrobot-5]: process started with pid [112649]
[disinfect_environment-1] [INFO] [1748569019.228740870] [disinfect_environment]: Starting Environment server
[disinfect_environment-1] [INFO] [1748569019.233898127] [disinfect_environment]: Environment server started
[disinfect_planner-2] [INFO] [1748569019.793354889] [disinfect_planner]: Starting Planner server
[disinfect_planner-2] [INFO] [1748569019.797785180] [disinfect_planner]: Planner server started
[disinfect_planner-2] [INFO] [1748569020.004600711] [disinfect_planner]: Creating plan for: spotrobot1 uvdrobot1 nurse_disinfected1
[disinfect_planner-2] [INFO] [1748569020.006277442] [disinfect_planner]: a_navto,spotrobot1,room1
[disinfect_planner-2] [INFO] [1748569020.006602317] [disinfect_planner]: a_open_door,spotrobot1,room1
[disinfect_planner-2] [INFO] [1748569020.006908953] [disinfect_planner]: a_approach_nurse,spotrobot1,nurse_disinfected1
[disinfect_planner-2] [INFO] [1748569020.007249640] [disinfect_planner]: a_authenticate_nurse,spotrobot1,nurse_disinfected1
[disinfect_planner-2] [INFO] [1748569020.007558543] [disinfect_planner]: a_authorize_patrol,spotrobot1,nurse_disinfected1
[disinfect_planner-2] [INFO] [1748569020.007863754] [disinfect_planner]: a_patrol_room,spotrobot1,room1
[disinfect_planner-2] [INFO] [1748569020.008167677] [disinfect_planner]: a_authorize_disinfect,uvdrobot1,spotrobot1
[disinfect_planner-2] [INFO] [1748569020.008472441] [disinfect_planner]: a_navto,uvdrobot1,room1
[disinfect_planner-2] [INFO] [1748569020.008775919] [disinfect_planner]: a_disinfect_room,uvdrobot1,room1
[disinfect_planner-2] [INFO] [1748569020.009122369] [disinfect_planner]: Sending response
[nurse_disinfect-3] [INFO] [1748569020.009213948] [nurse_disinfect]: response.response nurse_disinfected1
[nurse_disinfect-3] [INFO] [1748569020.009615499] [nurse_disinfect]: My name is nurse_disinfected1
[spotrobot-5] [INFO] [1748569020.010215266] [spotrobot]: response.response spotrobot1
[spotrobot-5] [INFO] [1748569020.010587430] [spotrobot]: My name is spotrobot1
[spotrobot-5] [INFO] [1748569020.011892779] [spotrobot]: I heard: "{"performative": "request", "sender": "Coordinator", "receiver": "uvdrobot1", "content": "Plan|a_authorize_disinfect,uvdrobot1,spotrobot1/a_navto,uvdrobot1,room1/a_disinfect_room,uvdrobot1,room1"}"
[spotrobot-5] [INFO] [1748569020.012329958] [spotrobot]: And it is not for me
[spotrobot-5] [INFO] [1748569020.012892298] [spotrobot]: I heard: "{"performative": "request", "sender": "Coordinator", "receiver": "spotrobot1", "content": "Plan|a_navto,spotrobot1,room1/a_open_door,spotrobot1,room1/a_approach_nurse,spotrobot1,nurse_disinfected1/a_authenticate_nurse,spotrobot1,nurse_disinfected1/a_authorize_patrol,spotrobot1,nurse_disinfected1/a_patrol_room,spotrobot1,room1/a_authorize_disinfect,uvdrobot1,spotrobot1"}"
[spotrobot-5] [INFO] [1748569020.013271560] [spotrobot]: And it is for me
[spotrobot-5] [INFO] [1748569020.013714192] [spotrobot]: Doing a_navto
[spotrobot-5] [INFO] [1748569020.014199786] [spotrobot]: Wating for response
[uvdrobot-4] [INFO] [1748569020.014657378] [uvdrobot]: response.response uvdrobot1
[spotrobot-5] [INFO] [1748569020.014768245] [spotrobot]: I heard: "{"performative": "request", "sender": "Coordinator", "receiver": "nurse_disinfected1", "content": "Plan|a_approach_nurse,spotrobot1,nurse_disinfected1/a_authenticate_nurse,spotrobot1,nurse_disinfected1/a_authorize_patrol,spotrobot1,nurse_disinfected1"}"
[uvdrobot-4] [INFO] [1748569020.015072395] [uvdrobot]: My name is uvdrobot1
[spotrobot-5] [INFO] [1748569020.015125546] [spotrobot]: And it is not for me
[uvdrobot-4] [INFO] [1748569020.015773245] [uvdrobot]: I heard: "{"performative": "request", "sender": "Coordinator", "receiver": "uvdrobot1", "content": "Plan|a_authorize_disinfect,uvdrobot1,spotrobot1/a_navto,uvdrobot1,room1/a_disinfect_room,uvdrobot1,room1"}"
[spotrobot-5] [INFO] [1748569020.015940708] [spotrobot]: success
[uvdrobot-4] [INFO] [1748569020.016174440] [uvdrobot]: And it is for me
[spotrobot-5] [INFO] [1748569020.016324743] [spotrobot]: Doing a_open_door
[uvdrobot-4] [INFO] [1748569020.016626121] [uvdrobot]: Doing a_authorize_disinfect
[spotrobot-5] [INFO] [1748569020.016839793] [spotrobot]: Wating for response
[uvdrobot-4] [INFO] [1748569020.017144746] [uvdrobot]: a_authorize_disinfect
[uvdrobot-4] [INFO] [1748569020.017473225] [uvdrobot]: Here first, waiting for spotrobot
[spotrobot-5] [INFO] [1748569020.017713343] [spotrobot]: success
[spotrobot-5] [INFO] [1748569020.018085844] [spotrobot]: Doing a_approach_nurse
[uvdrobot-4] [INFO] [1748569020.018288218] [uvdrobot]: I heard: "{"performative": "request", "sender": "Coordinator", "receiver": "spotrobot1", "content": "Plan|a_navto,spotrobot1,room1/a_open_door,spotrobot1,room1/a_approach_nurse,spotrobot1,nurse_disinfected1/a_authenticate_nurse,spotrobot1,nurse_disinfected1/a_authorize_patrol,spotrobot1,nurse_disinfected1/a_patrol_room,spotrobot1,room1/a_authorize_disinfect,uvdrobot1,spotrobot1"}"
[spotrobot-5] [INFO] [1748569020.018537119] [spotrobot]: Wating for response
[uvdrobot-4] [INFO] [1748569020.018701215] [uvdrobot]: And it is not for me
[spotrobot-5] [INFO] [1748569020.019068576] [spotrobot]: I heard: "{"performative": "query", "sender": "uvdrobot1", "receiver": "spotrobot1", "content": "Ready|a_authorize_disinfect"}"
[uvdrobot-4] [INFO] [1748569020.019129905] [uvdrobot]: I heard: "{"performative": "query", "sender": "uvdrobot1", "receiver": "spotrobot1", "content": "Ready|a_authorize_disinfect"}"
[spotrobot-5] [INFO] [1748569020.019392748] [spotrobot]: And it is for me
[uvdrobot-4] [INFO] [1748569020.019430046] [uvdrobot]: And it is not for me
[spotrobot-5] [INFO] [1748569020.019946364] [spotrobot]: No there yet
[uvdrobot-4] [INFO] [1748569020.019986286] [uvdrobot]: I heard: "{"performative": "request", "sender": "Coordinator", "receiver": "nurse_disinfected1", "content": "Plan|a_approach_nurse,spotrobot1,nurse_disinfected1/a_authenticate_nurse,spotrobot1,nurse_disinfected1/a_authorize_patrol,spotrobot1,nurse_disinfected1"}"
[uvdrobot-4] [INFO] [1748569020.020262456] [uvdrobot]: And it is not for me
[spotrobot-5] [INFO] [1748569020.020804656] [spotrobot]: success
[spotrobot-5] [INFO] [1748569020.021178275] [spotrobot]: Doing a_authenticate_nurse
[spotrobot-5] [INFO] [1748569020.021554845] [spotrobot]: a_authenticate_nurse
[spotrobot-5] [INFO] [1748569020.021921642] [spotrobot]: Here first, waiting for nurse
[uvdrobot-4] [INFO] [1748569020.022571667] [uvdrobot]: I heard: "{"performative": "query", "sender": "spotrobot1", "receiver": "nurse_disinfected1", "content": "Ready|a_authenticate_nurse"}"
[spotrobot-5] [INFO] [1748569020.022635482] [spotrobot]: I heard: "{"performative": "query", "sender": "spotrobot1", "receiver": "nurse_disinfected1", "content": "Ready|a_authenticate_nurse"}"
[spotrobot-5] [INFO] [1748569020.022913216] [spotrobot]: And it is not for me
[uvdrobot-4] [INFO] [1748569020.022917325] [uvdrobot]: And it is not for me
[nurse_disinfect-3] [INFO] [1748569021.011747810] [nurse_disinfect]: I heard: "{"performative": "request", "sender": "Coordinator", "receiver": "uvdrobot1", "content": "Plan|a_authorize_disinfect,uvdrobot1,spotrobot1/a_navto,uvdrobot1,room1/a_disinfect_room,uvdrobot1,room1"}"
[nurse_disinfect-3] [INFO] [1748569021.012375924] [nurse_disinfect]: And it is not for me
[nurse_disinfect-3] [INFO] [1748569021.012928451] [nurse_disinfect]: I heard: "{"performative": "query", "sender": "uvdrobot1", "receiver": "spotrobot1", "content": "Ready|a_authorize_disinfect"}"
[nurse_disinfect-3] [INFO] [1748569021.013277505] [nurse_disinfect]: And it is not for me
[nurse_disinfect-3] [INFO] [1748569021.013926957] [nurse_disinfect]: I heard: "{"performative": "request", "sender": "Coordinator", "receiver": "spotrobot1", "content": "Plan|a_navto,spotrobot1,room1/a_open_door,spotrobot1,room1/a_approach_nurse,spotrobot1,nurse_disinfected1/a_authenticate_nurse,spotrobot1,nurse_disinfected1/a_authorize_patrol,spotrobot1,nurse_disinfected1/a_patrol_room,spotrobot1,room1/a_authorize_disinfect,uvdrobot1,spotrobot1"}"
[nurse_disinfect-3] [INFO] [1748569021.014516970] [nurse_disinfect]: And it is not for me
[nurse_disinfect-3] [INFO] [1748569021.015133520] [nurse_disinfect]: I heard: "{"performative": "query", "sender": "spotrobot1", "receiver": "nurse_disinfected1", "content": "Ready|a_authenticate_nurse"}"
[nurse_disinfect-3] [INFO] [1748569021.015727504] [nurse_disinfect]: And it is for me
[nurse_disinfect-3] [INFO] [1748569021.016308874] [nurse_disinfect]: No there yet
[nurse_disinfect-3] [INFO] [1748569021.017411690] [nurse_disinfect]: I heard: "{"performative": "request", "sender": "Coordinator", "receiver": "nurse_disinfected1", "content": "Plan|a_approach_nurse,spotrobot1,nurse_disinfected1/a_authenticate_nurse,spotrobot1,nurse_disinfected1/a_authorize_patrol,spotrobot1,nurse_disinfected1"}"
[nurse_disinfect-3] [INFO] [1748569021.018018398] [nurse_disinfect]: And it is for me
[nurse_disinfect-3] [INFO] [1748569021.019971714] [nurse_disinfect]: a_approach_nurse
[nurse_disinfect-3] [INFO] [1748569021.020549331] [nurse_disinfect]: a_authenticate_nurse
[nurse_disinfect-3] [INFO] [1748569021.021129572] [nurse_disinfect]: Doing a_authenticate_nurse
[nurse_disinfect-3] [INFO] [1748569021.021719843] [nurse_disinfect]: a_authenticate_nurse
[nurse_disinfect-3] [INFO] [1748569021.022287114] [nurse_disinfect]: Robot is waiting, send action message
[spotrobot-5] [INFO] [1748569021.022943002] [spotrobot]: I heard: "{"performative": "query", "sender": "nurse_disinfected1", "receiver": "spotrobot1", "content": "Done|a_authenticate_nurse"}"
[uvdrobot-4] [INFO] [1748569021.023023732] [uvdrobot]: I heard: "{"performative": "query", "sender": "nurse_disinfected1", "receiver": "spotrobot1", "content": "Done|a_authenticate_nurse"}"
[spotrobot-5] [INFO] [1748569021.023310947] [spotrobot]: And it is for me
[uvdrobot-4] [INFO] [1748569021.023338695] [uvdrobot]: And it is not for me
[nurse_disinfect-3] [INFO] [1748569021.023450893] [nurse_disinfect]: I heard: "{"performative": "query", "sender": "nurse_disinfected1", "receiver": "spotrobot1", "content": "Done|a_authenticate_nurse"}"
[spotrobot-5] [INFO] [1748569021.023592870] [spotrobot]: Finished action
[nurse_disinfect-3] [INFO] [1748569021.024005559] [nurse_disinfect]: And it is not for me
[spotrobot-5] [INFO] [1748569021.024090107] [spotrobot]: Doing a_authorize_patrol
[uvdrobot-4] [INFO] [1748569021.024204285] [uvdrobot]: I heard: "{"performative": "query", "sender": "spotrobot1", "receiver": "nurse_disinfected1", "content": "Done|a_authenticate_nurse"}"
[spotrobot-5] [INFO] [1748569021.024430547] [spotrobot]: a_authorize_patrol
[uvdrobot-4] [INFO] [1748569021.024500247] [uvdrobot]: And it is not for me
[spotrobot-5] [INFO] [1748569021.024720321] [spotrobot]: Here first, waiting for nurse
[nurse_disinfect-3] [INFO] [1748569021.025101247] [nurse_disinfect]: I heard: "{"performative": "query", "sender": "spotrobot1", "receiver": "nurse_disinfected1", "content": "Done|a_authenticate_nurse"}"
[spotrobot-5] [INFO] [1748569021.025393398] [spotrobot]: I heard: "{"performative": "query", "sender": "spotrobot1", "receiver": "nurse_disinfected1", "content": "Done|a_authenticate_nurse"}"
[uvdrobot-4] [INFO] [1748569021.025417439] [uvdrobot]: I heard: "{"performative": "query", "sender": "spotrobot1", "receiver": "nurse_disinfected1", "content": "Ready|a_authorize_patrol"}"
[spotrobot-5] [INFO] [1748569021.025732025] [spotrobot]: And it is not for me
[uvdrobot-4] [INFO] [1748569021.025794009] [uvdrobot]: And it is not for me
[nurse_disinfect-3] [INFO] [1748569021.025831128] [nurse_disinfect]: And it is for me
[spotrobot-5] [INFO] [1748569021.026335584] [spotrobot]: I heard: "{"performative": "query", "sender": "spotrobot1", "receiver": "nurse_disinfected1", "content": "Ready|a_authorize_patrol"}"
[nurse_disinfect-3] [INFO] [1748569021.026350159] [nurse_disinfect]: Finished action
[spotrobot-5] [INFO] [1748569021.026726936] [spotrobot]: And it is not for me
[nurse_disinfect-3] [INFO] [1748569021.027063504] [nurse_disinfect]: a_authorize_patrol
[uvdrobot-4] [INFO] [1748569021.027217858] [uvdrobot]: I heard: "{"performative": "query", "sender": "nurse_disinfected1", "receiver": "spotrobot1", "content": "Done|a_authenticate_nurse"}"
[spotrobot-5] [INFO] [1748569021.027277761] [spotrobot]: I heard: "{"performative": "query", "sender": "nurse_disinfected1", "receiver": "spotrobot1", "content": "Done|a_authenticate_nurse"}"
[spotrobot-5] [INFO] [1748569021.027560208] [spotrobot]: And it is for me
[nurse_disinfect-3] [INFO] [1748569021.027661211] [nurse_disinfect]: Doing a_authorize_patrol
[uvdrobot-4] [INFO] [1748569021.027802902] [uvdrobot]: And it is not for me
[spotrobot-5] [INFO] [1748569021.027843496] [spotrobot]: Already finished action
[nurse_disinfect-3] [INFO] [1748569021.028201510] [nurse_disinfect]: a_authorize_patrol
[nurse_disinfect-3] [INFO] [1748569021.028740116] [nurse_disinfect]: Here first, waiting for robot
[spotrobot-5] [INFO] [1748569021.029295932] [spotrobot]: I heard: "{"performative": "query", "sender": "nurse_disinfected1", "receiver": "spotrobot1", "content": "Ready|a_authorize_patrol"}"
[uvdrobot-4] [INFO] [1748569021.029617300] [uvdrobot]: I heard: "{"performative": "query", "sender": "nurse_disinfected1", "receiver": "spotrobot1", "content": "Ready|a_authorize_patrol"}"
[spotrobot-5] [INFO] [1748569021.029687720] [spotrobot]: And it is for me
[nurse_disinfect-3] [INFO] [1748569021.029965712] [nurse_disinfect]: I heard: "{"performative": "query", "sender": "spotrobot1", "receiver": "nurse_disinfected1", "content": "Ready|a_authorize_patrol"}"
[spotrobot-5] [INFO] [1748569021.030096945] [spotrobot]: Ready to act
[uvdrobot-4] [INFO] [1748569021.030144905] [uvdrobot]: And it is not for me
[nurse_disinfect-3] [INFO] [1748569021.030323924] [nurse_disinfect]: And it is for me
[nurse_disinfect-3] [INFO] [1748569021.030700019] [nurse_disinfect]: Ready to act
[spotrobot-5] [INFO] [1748569021.030963079] [spotrobot]: I heard: "{"performative": "query", "sender": "spotrobot1", "receiver": "nurse_disinfected1", "content": "Done|a_authorize_patrol"}"
[uvdrobot-4] [INFO] [1748569021.031100696] [uvdrobot]: I heard: "{"performative": "query", "sender": "spotrobot1", "receiver": "nurse_disinfected1", "content": "Done|a_authorize_patrol"}"
[spotrobot-5] [INFO] [1748569021.031264427] [spotrobot]: And it is not for me
[nurse_disinfect-3] [INFO] [1748569021.031479189] [nurse_disinfect]: I heard: "{"performative": "query", "sender": "nurse_disinfected1", "receiver": "spotrobot1", "content": "Done|a_authenticate_nurse"}"
[uvdrobot-4] [INFO] [1748569021.031658679] [uvdrobot]: And it is not for me
[nurse_disinfect-3] [INFO] [1748569021.031869096] [nurse_disinfect]: And it is not for me
[spotrobot-5] [INFO] [1748569021.031907463] [spotrobot]: I heard: "{"performative": "query", "sender": "nurse_disinfected1", "receiver": "spotrobot1", "content": "Done|a_authorize_patrol"}"
[spotrobot-5] [INFO] [1748569021.032194722] [spotrobot]: And it is for me
[spotrobot-5] [INFO] [1748569021.032460040] [spotrobot]: Finished action
[nurse_disinfect-3] [INFO] [1748569021.032482487] [nurse_disinfect]: I heard: "{"performative": "query", "sender": "nurse_disinfected1", "receiver": "spotrobot1", "content": "Ready|a_authorize_patrol"}"
[uvdrobot-4] [INFO] [1748569021.032660244] [uvdrobot]: I heard: "{"performative": "query", "sender": "nurse_disinfected1", "receiver": "spotrobot1", "content": "Done|a_authorize_patrol"}"
[nurse_disinfect-3] [INFO] [1748569021.032778191] [nurse_disinfect]: And it is not for me
[spotrobot-5] [INFO] [1748569021.032912999] [spotrobot]: Doing a_patrol_room
[uvdrobot-4] [INFO] [1748569021.033266169] [uvdrobot]: And it is not for me
[nurse_disinfect-3] [INFO] [1748569021.033370393] [nurse_disinfect]: I heard: "{"performative": "query", "sender": "spotrobot1", "receiver": "nurse_disinfected1", "content": "Done|a_authorize_patrol"}"
[spotrobot-5] [INFO] [1748569021.033643978] [spotrobot]: Wating for response
[nurse_disinfect-3] [INFO] [1748569021.033729784] [nurse_disinfect]: And it is for me
[nurse_disinfect-3] [INFO] [1748569021.034005369] [nurse_disinfect]: Finished action
[uvdrobot-4] [INFO] [1748569021.034220297] [uvdrobot]: I heard: "{"performative": "query", "sender": "spotrobot1", "receiver": "nurse_disinfected1", "content": "Done|a_authorize_patrol"}"
[spotrobot-5] [INFO] [1748569021.034347601] [spotrobot]: I heard: "{"performative": "query", "sender": "spotrobot1", "receiver": "nurse_disinfected1", "content": "Done|a_authorize_patrol"}"
[spotrobot-5] [INFO] [1748569021.034729774] [spotrobot]: And it is not for me
[nurse_disinfect-3] [INFO] [1748569021.034740379] [nurse_disinfect]: I heard: "{"performative": "query", "sender": "nurse_disinfected1", "receiver": "spotrobot1", "content": "Done|a_authorize_patrol"}"
[uvdrobot-4] [INFO] [1748569021.034789082] [uvdrobot]: And it is not for me
[nurse_disinfect-3] [INFO] [1748569021.035091076] [nurse_disinfect]: And it is not for me
[spotrobot-5] [INFO] [1748569021.035536024] [spotrobot]: I heard: "{"performative": "query", "sender": "nurse_disinfected1", "receiver": "spotrobot1", "content": "Done|a_authorize_patrol"}"
[nurse_disinfect-3] [INFO] [1748569021.035645178] [nurse_disinfect]: I heard: "{"performative": "query", "sender": "spotrobot1", "receiver": "nurse_disinfected1", "content": "Done|a_authorize_patrol"}"
[uvdrobot-4] [INFO] [1748569021.035760200] [uvdrobot]: I heard: "{"performative": "query", "sender": "nurse_disinfected1", "receiver": "spotrobot1", "content": "Done|a_authorize_patrol"}"
[nurse_disinfect-3] [INFO] [1748569021.035930664] [nurse_disinfect]: And it is for me
[spotrobot-5] [INFO] [1748569021.036124593] [spotrobot]: And it is for me
[nurse_disinfect-3] [INFO] [1748569021.036212072] [nurse_disinfect]: Already finished action
[uvdrobot-4] [INFO] [1748569021.036289221] [uvdrobot]: And it is not for me
[spotrobot-5] [INFO] [1748569021.036659436] [spotrobot]: Already finished action
[nurse_disinfect-3] [INFO] [1748569021.036784718] [nurse_disinfect]: I heard: "{"performative": "query", "sender": "nurse_disinfected1", "receiver": "spotrobot1", "content": "Done|a_authorize_patrol"}"
[nurse_disinfect-3] [INFO] [1748569021.037072205] [nurse_disinfect]: And it is not for me
[spotrobot-5] [INFO] [1748569021.037678091] [spotrobot]: success
[spotrobot-5] [INFO] [1748569021.038315354] [spotrobot]: Doing a_authorize_disinfect
[spotrobot-5] [INFO] [1748569021.038841078] [spotrobot]: a_authorize_disinfect
[spotrobot-5] [INFO] [1748569021.039372693] [spotrobot]: Here first, waiting for spotrobot
[nurse_disinfect-3] [INFO] [1748569021.039982737] [nurse_disinfect]: I heard: "{"performative": "query", "sender": "spotrobot1", "receiver": "uvdrobot1", "content": "Ready|a_authorize_disinfect"}"
[uvdrobot-4] [INFO] [1748569021.040008965] [uvdrobot]: I heard: "{"performative": "query", "sender": "spotrobot1", "receiver": "uvdrobot1", "content": "Ready|a_authorize_disinfect"}"
[uvdrobot-4] [INFO] [1748569021.040311799] [uvdrobot]: And it is for me
[spotrobot-5] [INFO] [1748569021.040450439] [spotrobot]: I heard: "{"performative": "query", "sender": "spotrobot1", "receiver": "uvdrobot1", "content": "Ready|a_authorize_disinfect"}"
[nurse_disinfect-3] [INFO] [1748569021.040548561] [nurse_disinfect]: And it is not for me
[uvdrobot-4] [INFO] [1748569021.040588988] [uvdrobot]: Ready to act
[spotrobot-5] [INFO] [1748569021.040979164] [spotrobot]: And it is not for me
[uvdrobot-4] [INFO] [1748569021.041260609] [uvdrobot]: I heard: "{"performative": "query", "sender": "uvdrobot1", "receiver": "spotrobot1", "content": "Done|a_authorize_disinfect"}"
[nurse_disinfect-3] [INFO] [1748569021.041589365] [nurse_disinfect]: I heard: "{"performative": "query", "sender": "uvdrobot1", "receiver": "spotrobot1", "content": "Done|a_authorize_disinfect"}"
[uvdrobot-4] [INFO] [1748569021.041662348] [uvdrobot]: And it is not for me
[spotrobot-5] [INFO] [1748569021.041837921] [spotrobot]: I heard: "{"performative": "query", "sender": "uvdrobot1", "receiver": "spotrobot1", "content": "Done|a_authorize_disinfect"}"
[nurse_disinfect-3] [INFO] [1748569021.042140298] [nurse_disinfect]: And it is not for me
[spotrobot-5] [INFO] [1748569021.042190796] [spotrobot]: And it is for me
[spotrobot-5] [INFO] [1748569021.042463461] [spotrobot]: Finished action
[spotrobot-5] [INFO] [1748569021.043189916] [spotrobot]: I heard: "{"performative": "query", "sender": "spotrobot1", "receiver": "uvdrobot1", "content": "Done|a_authorize_disinfect"}"
[uvdrobot-4] [INFO] [1748569021.043308642] [uvdrobot]: I heard: "{"performative": "query", "sender": "spotrobot1", "receiver": "uvdrobot1", "content": "Done|a_authorize_disinfect"}"
[nurse_disinfect-3] [INFO] [1748569021.043465421] [nurse_disinfect]: I heard: "{"performative": "query", "sender": "spotrobot1", "receiver": "uvdrobot1", "content": "Done|a_authorize_disinfect"}"
[spotrobot-5] [INFO] [1748569021.043547930] [spotrobot]: And it is not for me
[uvdrobot-4] [INFO] [1748569021.043785334] [uvdrobot]: And it is for me
[nurse_disinfect-3] [INFO] [1748569021.044042712] [nurse_disinfect]: And it is not for me
[uvdrobot-4] [INFO] [1748569021.044218054] [uvdrobot]: Finished action
[uvdrobot-4] [INFO] [1748569021.044705906] [uvdrobot]: Doing a_navto
[spotrobot-5] [INFO] [1748569021.044862825] [spotrobot]: I heard: "{"performative": "query", "sender": "uvdrobot1", "receiver": "spotrobot1", "content": "Done|a_authorize_disinfect"}"
[nurse_disinfect-3] [INFO] [1748569021.045001879] [nurse_disinfect]: I heard: "{"performative": "query", "sender": "uvdrobot1", "receiver": "spotrobot1", "content": "Done|a_authorize_disinfect"}"
[uvdrobot-4] [INFO] [1748569021.045250413] [uvdrobot]: Waiting for response
[spotrobot-5] [INFO] [1748569021.045417421] [spotrobot]: And it is for me
[nurse_disinfect-3] [INFO] [1748569021.045577150] [nurse_disinfect]: And it is not for me
[uvdrobot-4] [INFO] [1748569021.045919935] [uvdrobot]: I heard: "{"performative": "query", "sender": "uvdrobot1", "receiver": "spotrobot1", "content": "Done|a_authorize_disinfect"}"
[spotrobot-5] [INFO] [1748569021.045995148] [spotrobot]: Already finished action
[uvdrobot-4] [INFO] [1748569021.046290653] [uvdrobot]: And it is not for me
[uvdrobot-4] [INFO] [1748569021.047663629] [uvdrobot]: success
[uvdrobot-4] [INFO] [1748569021.048076844] [uvdrobot]: Doing a_disinfect_room
[uvdrobot-4] [INFO] [1748569021.048511643] [uvdrobot]: Waiting for response
[uvdrobot-4] [INFO] [1748569021.049406580] [uvdrobot]: success
[uvdrobot-4] [INFO] [1748569021.051935912] [uvdrobot]: Recebido sinal de desligamento do coordenador, finalizando...
[disinfect_planner-2] [INFO] [1748569021.051944526] [disinfect_planner]: Recebido sinal de desligamento do coordenador, finalizando...
[nurse_disinfect-3] [INFO] [1748569021.051974357] [nurse_disinfect]: Recebido sinal de desligamento do coordenador, finalizando...
[spotrobot-5] [INFO] [1748569021.052119373] [spotrobot]: Recebido sinal de desligamento do coordenador, finalizando...
[disinfect_environment-1] [INFO] [1748569021.052157307] [disinfect_environment]: Recebido sinal de desligamento do coordenador, finalizando...
[nurse_disinfect-3] [INFO] [1748569021.052537232] [Quitting]: Done
[disinfect_planner-2] [INFO] [1748569021.052567066] [Quitting]: Done
[uvdrobot-4] [INFO] [1748569021.052592671] [Quitting]: Done
[disinfect_environment-1] [INFO] [1748569021.052754806] [Quitting]: Done
[spotrobot-5] [INFO] [1748569021.052782162] [Quitting]: Done
[INFO] [disinfect_environment-1]: process has finished cleanly [pid 112639]
[INFO] [spotrobot-5]: process has finished cleanly [pid 112649]
[INFO] [nurse_disinfect-3]: process has finished cleanly [pid 112645]
[INFO] [uvdrobot-4]: process has finished cleanly [pid 112647]
[INFO] [disinfect_planner-2]: process has finished cleanly [pid 112643]
