[INFO] [launch]: All log files can be found below /home/rafael/.ros/log/2025-05-29-22-33-16-834192-NotebookRafael-109003
[INFO] [launch]: Default logging verbosity is set to INFO
[INFO] [disinfect_environment-1]: process started with pid [109006]
[INFO] [disinfect_planner-2]: process started with pid [109008]
[INFO] [nurse_disinfect-3]: process started with pid [109010]
[INFO] [uvdrobot-4]: process started with pid [109012]
[INFO] [spotrobot-5]: process started with pid [109014]
[disinfect_environment-1] [INFO] [1748568797.116363694] [disinfect_environment]: Starting Environment server
[disinfect_environment-1] [INFO] [1748568797.120488036] [disinfect_environment]: Environment server started
[disinfect_planner-2] [INFO] [1748568797.632331844] [disinfect_planner]: Starting Planner server
[disinfect_planner-2] [INFO] [1748568797.636806470] [disinfect_planner]: Planner server started
[disinfect_planner-2] [INFO] [1748568797.853703221] [disinfect_planner]: Creating plan for: spotrobot1 uvdrobot1 nurse_disinfected1
[disinfect_planner-2] [INFO] [1748568797.855924386] [disinfect_planner]: a_navto,spotrobot1,room1
[disinfect_planner-2] [INFO] [1748568797.856368693] [disinfect_planner]: a_open_door,spotrobot1,room1
[disinfect_planner-2] [INFO] [1748568797.856852098] [disinfect_planner]: a_approach_nurse,spotrobot1,nurse_disinfected1
[disinfect_planner-2] [INFO] [1748568797.857284990] [disinfect_planner]: a_authenticate_nurse,spotrobot1,nurse_disinfected1
[disinfect_planner-2] [INFO] [1748568797.857713492] [disinfect_planner]: a_authorize_patrol,spotrobot1,nurse_disinfected1
[disinfect_planner-2] [INFO] [1748568797.858135349] [disinfect_planner]: a_patrol_room,spotrobot1,room1
[spotrobot-5] [INFO] [1748568797.858359893] [spotrobot]: response.response spotrobot1
[disinfect_planner-2] [INFO] [1748568797.858612299] [disinfect_planner]: a_authorize_disinfect,uvdrobot1,spotrobot1
[spotrobot-5] [INFO] [1748568797.858715158] [spotrobot]: My name is spotrobot1
[disinfect_planner-2] [INFO] [1748568797.859060836] [disinfect_planner]: a_navto,uvdrobot1,room1
[disinfect_planner-2] [INFO] [1748568797.859493805] [disinfect_planner]: a_disinfect_room,uvdrobot1,room1
[nurse_disinfect-3] [INFO] [1748568797.859706158] [nurse_disinfect]: response.response nurse_disinfected1
[disinfect_planner-2] [INFO] [1748568797.859938727] [disinfect_planner]: Sending response
[nurse_disinfect-3] [INFO] [1748568797.860053824] [nurse_disinfect]: My name is nurse_disinfected1
[spotrobot-5] [INFO] [1748568797.862015552] [spotrobot]: I heard: "{"performative": "request", "sender": "Coordinator", "receiver": "uvdrobot1", "content": "Plan|a_authorize_disinfect,uvdrobot1,spotrobot1/a_navto,uvdrobot1,room1/a_disinfect_room,uvdrobot1,room1"}"
[spotrobot-5] [INFO] [1748568797.862348358] [spotrobot]: And it is not for me
[spotrobot-5] [INFO] [1748568797.862908017] [spotrobot]: I heard: "{"performative": "request", "sender": "Coordinator", "receiver": "spotrobot1", "content": "Plan|a_navto,spotrobot1,room1/a_open_door,spotrobot1,room1/a_approach_nurse,spotrobot1,nurse_disinfected1/a_authenticate_nurse,spotrobot1,nurse_disinfected1/a_authorize_patrol,spotrobot1,nurse_disinfected1/a_patrol_room,spotrobot1,room1/a_authorize_disinfect,uvdrobot1,spotrobot1"}"
[spotrobot-5] [INFO] [1748568797.863223391] [spotrobot]: And it is for me
[spotrobot-5] [INFO] [1748568797.863784460] [spotrobot]: Doing a_navto
[spotrobot-5] [INFO] [1748568797.864331361] [spotrobot]: Wating for response
[uvdrobot-4] [INFO] [1748568797.864915550] [uvdrobot]: response.response uvdrobot1
[spotrobot-5] [INFO] [1748568797.865206186] [spotrobot]: I heard: "{"performative": "request", "sender": "Coordinator", "receiver": "nurse_disinfected1", "content": "Plan|a_approach_nurse,spotrobot1,nurse_disinfected1/a_authenticate_nurse,spotrobot1,nurse_disinfected1/a_authorize_patrol,spotrobot1,nurse_disinfected1"}"
[uvdrobot-4] [INFO] [1748568797.865283451] [uvdrobot]: My name is uvdrobot1
[spotrobot-5] [INFO] [1748568797.865705746] [spotrobot]: And it is not for me
[uvdrobot-4] [INFO] [1748568797.865982654] [uvdrobot]: I heard: "{"performative": "request", "sender": "Coordinator", "receiver": "uvdrobot1", "content": "Plan|a_authorize_disinfect,uvdrobot1,spotrobot1/a_navto,uvdrobot1,room1/a_disinfect_room,uvdrobot1,room1"}"
[uvdrobot-4] [INFO] [1748568797.866524226] [uvdrobot]: And it is for me
[spotrobot-5] [INFO] [1748568797.866947344] [spotrobot]: success
[uvdrobot-4] [INFO] [1748568797.867312981] [uvdrobot]: Doing a_authorize_disinfect
[spotrobot-5] [INFO] [1748568797.867541700] [spotrobot]: Doing a_open_door
[uvdrobot-4] [INFO] [1748568797.867845686] [uvdrobot]: a_authorize_disinfect
[spotrobot-5] [INFO] [1748568797.868227501] [spotrobot]: Wating for response
[uvdrobot-4] [INFO] [1748568797.868457522] [uvdrobot]: Here first, waiting for spotrobot
[spotrobot-5] [INFO] [1748568797.869325023] [spotrobot]: I heard: "{"performative": "query", "sender": "uvdrobot1", "receiver": "spotrobot1", "content": "Ready|a_authorize_disinfect"}"
[uvdrobot-4] [INFO] [1748568797.869536276] [uvdrobot]: I heard: "{"performative": "request", "sender": "Coordinator", "receiver": "spotrobot1", "content": "Plan|a_navto,spotrobot1,room1/a_open_door,spotrobot1,room1/a_approach_nurse,spotrobot1,nurse_disinfected1/a_authenticate_nurse,spotrobot1,nurse_disinfected1/a_authorize_patrol,spotrobot1,nurse_disinfected1/a_patrol_room,spotrobot1,room1/a_authorize_disinfect,uvdrobot1,spotrobot1"}"
[spotrobot-5] [INFO] [1748568797.869851339] [spotrobot]: And it is for me
[uvdrobot-4] [INFO] [1748568797.869895725] [uvdrobot]: And it is not for me
[spotrobot-5] [INFO] [1748568797.870503937] [spotrobot]: No there yet
[uvdrobot-4] [INFO] [1748568797.870516441] [uvdrobot]: I heard: "{"performative": "query", "sender": "uvdrobot1", "receiver": "spotrobot1", "content": "Ready|a_authorize_disinfect"}"
[uvdrobot-4] [INFO] [1748568797.870963796] [uvdrobot]: And it is not for me
[spotrobot-5] [INFO] [1748568797.871410619] [spotrobot]: success
[uvdrobot-4] [INFO] [1748568797.872015955] [uvdrobot]: I heard: "{"performative": "request", "sender": "Coordinator", "receiver": "nurse_disinfected1", "content": "Plan|a_approach_nurse,spotrobot1,nurse_disinfected1/a_authenticate_nurse,spotrobot1,nurse_disinfected1/a_authorize_patrol,spotrobot1,nurse_disinfected1"}"
[spotrobot-5] [INFO] [1748568797.872025598] [spotrobot]: Doing a_approach_nurse
[spotrobot-5] [INFO] [1748568797.872486988] [spotrobot]: Wating for response
[uvdrobot-4] [INFO] [1748568797.872545943] [uvdrobot]: And it is not for me
[spotrobot-5] [INFO] [1748568797.873544040] [spotrobot]: success
[spotrobot-5] [INFO] [1748568797.874007286] [spotrobot]: Doing a_authenticate_nurse
[spotrobot-5] [INFO] [1748568797.874385020] [spotrobot]: a_authenticate_nurse
[spotrobot-5] [INFO] [1748568797.874949857] [spotrobot]: Here first, waiting for nurse
[uvdrobot-4] [INFO] [1748568797.875608354] [uvdrobot]: I heard: "{"performative": "query", "sender": "spotrobot1", "receiver": "nurse_disinfected1", "content": "Ready|a_authenticate_nurse"}"
[spotrobot-5] [INFO] [1748568797.875662953] [spotrobot]: I heard: "{"performative": "query", "sender": "spotrobot1", "receiver": "nurse_disinfected1", "content": "Ready|a_authenticate_nurse"}"
[spotrobot-5] [INFO] [1748568797.875935822] [spotrobot]: And it is not for me
[uvdrobot-4] [INFO] [1748568797.876177885] [uvdrobot]: And it is not for me
[nurse_disinfect-3] [INFO] [1748568798.862170005] [nurse_disinfect]: I heard: "{"performative": "request", "sender": "Coordinator", "receiver": "uvdrobot1", "content": "Plan|a_authorize_disinfect,uvdrobot1,spotrobot1/a_navto,uvdrobot1,room1/a_disinfect_room,uvdrobot1,room1"}"
[nurse_disinfect-3] [INFO] [1748568798.862746625] [nurse_disinfect]: And it is not for me
[nurse_disinfect-3] [INFO] [1748568798.863303274] [nurse_disinfect]: I heard: "{"performative": "query", "sender": "uvdrobot1", "receiver": "spotrobot1", "content": "Ready|a_authorize_disinfect"}"
[nurse_disinfect-3] [INFO] [1748568798.863825445] [nurse_disinfect]: And it is not for me
[nurse_disinfect-3] [INFO] [1748568798.864564421] [nurse_disinfect]: I heard: "{"performative": "request", "sender": "Coordinator", "receiver": "spotrobot1", "content": "Plan|a_navto,spotrobot1,room1/a_open_door,spotrobot1,room1/a_approach_nurse,spotrobot1,nurse_disinfected1/a_authenticate_nurse,spotrobot1,nurse_disinfected1/a_authorize_patrol,spotrobot1,nurse_disinfected1/a_patrol_room,spotrobot1,room1/a_authorize_disinfect,uvdrobot1,spotrobot1"}"
[nurse_disinfect-3] [INFO] [1748568798.864888786] [nurse_disinfect]: And it is not for me
[nurse_disinfect-3] [INFO] [1748568798.865281814] [nurse_disinfect]: I heard: "{"performative": "query", "sender": "spotrobot1", "receiver": "nurse_disinfected1", "content": "Ready|a_authenticate_nurse"}"
[nurse_disinfect-3] [INFO] [1748568798.865599175] [nurse_disinfect]: And it is for me
[nurse_disinfect-3] [INFO] [1748568798.865904630] [nurse_disinfect]: No there yet
[nurse_disinfect-3] [INFO] [1748568798.866452922] [nurse_disinfect]: I heard: "{"performative": "request", "sender": "Coordinator", "receiver": "nurse_disinfected1", "content": "Plan|a_approach_nurse,spotrobot1,nurse_disinfected1/a_authenticate_nurse,spotrobot1,nurse_disinfected1/a_authorize_patrol,spotrobot1,nurse_disinfected1"}"
[nurse_disinfect-3] [INFO] [1748568798.866998385] [nurse_disinfect]: And it is for me
[nurse_disinfect-3] [INFO] [1748568798.868230255] [nurse_disinfect]: a_approach_nurse
[nurse_disinfect-3] [INFO] [1748568798.868564084] [nurse_disinfect]: a_authenticate_nurse
[nurse_disinfect-3] [INFO] [1748568798.868906648] [nurse_disinfect]: Doing a_authenticate_nurse
[nurse_disinfect-3] [INFO] [1748568798.869209633] [nurse_disinfect]: a_authenticate_nurse
[nurse_disinfect-3] [INFO] [1748568798.869517557] [nurse_disinfect]: Robot is waiting, send action message
[nurse_disinfect-3] [INFO] [1748568798.870228202] [nurse_disinfect]: I heard: "{"performative": "query", "sender": "nurse_disinfected1", "receiver": "spotrobot1", "content": "Done|a_authenticate_nurse"}"
[spotrobot-5] [INFO] [1748568798.870354501] [spotrobot]: I heard: "{"performative": "query", "sender": "nurse_disinfected1", "receiver": "spotrobot1", "content": "Done|a_authenticate_nurse"}"
[uvdrobot-4] [INFO] [1748568798.870470991] [uvdrobot]: I heard: "{"performative": "query", "sender": "nurse_disinfected1", "receiver": "spotrobot1", "content": "Done|a_authenticate_nurse"}"
[nurse_disinfect-3] [INFO] [1748568798.870541683] [nurse_disinfect]: And it is not for me
[spotrobot-5] [INFO] [1748568798.870669581] [spotrobot]: And it is for me
[spotrobot-5] [INFO] [1748568798.870934821] [spotrobot]: Finished action
[uvdrobot-4] [INFO] [1748568798.871076855] [uvdrobot]: And it is not for me
[spotrobot-5] [INFO] [1748568798.871395700] [spotrobot]: Doing a_authorize_patrol
[nurse_disinfect-3] [INFO] [1748568798.871497106] [nurse_disinfect]: I heard: "{"performative": "query", "sender": "spotrobot1", "receiver": "nurse_disinfected1", "content": "Done|a_authenticate_nurse"}"
[spotrobot-5] [INFO] [1748568798.871724248] [spotrobot]: a_authorize_patrol
[nurse_disinfect-3] [INFO] [1748568798.871770429] [nurse_disinfect]: And it is for me
[spotrobot-5] [INFO] [1748568798.871983147] [spotrobot]: Here first, waiting for nurse
[uvdrobot-4] [INFO] [1748568798.871980309] [uvdrobot]: I heard: "{"performative": "query", "sender": "spotrobot1", "receiver": "nurse_disinfected1", "content": "Done|a_authenticate_nurse"}"
[nurse_disinfect-3] [INFO] [1748568798.872056207] [nurse_disinfect]: Finished action
[nurse_disinfect-3] [INFO] [1748568798.872484746] [nurse_disinfect]: a_authorize_patrol
[uvdrobot-4] [INFO] [1748568798.872504420] [uvdrobot]: And it is not for me
[nurse_disinfect-3] [INFO] [1748568798.872795425] [nurse_disinfect]: Doing a_authorize_patrol
[spotrobot-5] [INFO] [1748568798.872908029] [spotrobot]: I heard: "{"performative": "query", "sender": "spotrobot1", "receiver": "nurse_disinfected1", "content": "Done|a_authenticate_nurse"}"
[nurse_disinfect-3] [INFO] [1748568798.873058119] [nurse_disinfect]: a_authorize_patrol
[spotrobot-5] [INFO] [1748568798.873287419] [spotrobot]: And it is not for me
[nurse_disinfect-3] [INFO] [1748568798.873305794] [nurse_disinfect]: Here first, waiting for robot
[uvdrobot-4] [INFO] [1748568798.873442173] [uvdrobot]: I heard: "{"performative": "query", "sender": "spotrobot1", "receiver": "nurse_disinfected1", "content": "Ready|a_authorize_patrol"}"
[uvdrobot-4] [INFO] [1748568798.873853099] [uvdrobot]: And it is not for me
[nurse_disinfect-3] [INFO] [1748568798.874082932] [nurse_disinfect]: I heard: "{"performative": "query", "sender": "spotrobot1", "receiver": "nurse_disinfected1", "content": "Ready|a_authorize_patrol"}"
[spotrobot-5] [INFO] [1748568798.874085070] [spotrobot]: I heard: "{"performative": "query", "sender": "spotrobot1", "receiver": "nurse_disinfected1", "content": "Ready|a_authorize_patrol"}"
[uvdrobot-4] [INFO] [1748568798.874398912] [uvdrobot]: I heard: "{"performative": "query", "sender": "nurse_disinfected1", "receiver": "spotrobot1", "content": "Done|a_authenticate_nurse"}"
[nurse_disinfect-3] [INFO] [1748568798.874456862] [nurse_disinfect]: And it is for me
[spotrobot-5] [INFO] [1748568798.874660677] [spotrobot]: And it is not for me
[nurse_disinfect-3] [INFO] [1748568798.874731803] [nurse_disinfect]: Ready to act
[uvdrobot-4] [INFO] [1748568798.874781662] [uvdrobot]: And it is not for me
[uvdrobot-4] [INFO] [1748568798.875355234] [uvdrobot]: I heard: "{"performative": "query", "sender": "nurse_disinfected1", "receiver": "spotrobot1", "content": "Ready|a_authorize_patrol"}"
[nurse_disinfect-3] [INFO] [1748568798.875458490] [nurse_disinfect]: I heard: "{"performative": "query", "sender": "nurse_disinfected1", "receiver": "spotrobot1", "content": "Done|a_authenticate_nurse"}"
[spotrobot-5] [INFO] [1748568798.875613763] [spotrobot]: I heard: "{"performative": "query", "sender": "nurse_disinfected1", "receiver": "spotrobot1", "content": "Done|a_authenticate_nurse"}"
[uvdrobot-4] [INFO] [1748568798.875723816] [uvdrobot]: And it is not for me
[spotrobot-5] [INFO] [1748568798.875965214] [spotrobot]: And it is for me
[nurse_disinfect-3] [INFO] [1748568798.876024386] [nurse_disinfect]: And it is not for me
[spotrobot-5] [INFO] [1748568798.876246147] [spotrobot]: Already finished action
[uvdrobot-4] [INFO] [1748568798.876301742] [uvdrobot]: I heard: "{"performative": "query", "sender": "nurse_disinfected1", "receiver": "spotrobot1", "content": "Done|a_authorize_patrol"}"
[uvdrobot-4] [INFO] [1748568798.876643568] [uvdrobot]: And it is not for me
[nurse_disinfect-3] [INFO] [1748568798.876947554] [nurse_disinfect]: I heard: "{"performative": "query", "sender": "nurse_disinfected1", "receiver": "spotrobot1", "content": "Ready|a_authorize_patrol"}"
[spotrobot-5] [INFO] [1748568798.877075797] [spotrobot]: I heard: "{"performative": "query", "sender": "nurse_disinfected1", "receiver": "spotrobot1", "content": "Ready|a_authorize_patrol"}"
[spotrobot-5] [INFO] [1748568798.877358745] [spotrobot]: And it is for me
[nurse_disinfect-3] [INFO] [1748568798.877496320] [nurse_disinfect]: And it is not for me
[spotrobot-5] [INFO] [1748568798.877638173] [spotrobot]: Ready to act
[spotrobot-5] [INFO] [1748568798.878321248] [spotrobot]: I heard: "{"performative": "query", "sender": "nurse_disinfected1", "receiver": "spotrobot1", "content": "Done|a_authorize_patrol"}"
[nurse_disinfect-3] [INFO] [1748568798.878438966] [nurse_disinfect]: I heard: "{"performative": "query", "sender": "nurse_disinfected1", "receiver": "spotrobot1", "content": "Done|a_authorize_patrol"}"
[uvdrobot-4] [INFO] [1748568798.878589256] [uvdrobot]: I heard: "{"performative": "query", "sender": "spotrobot1", "receiver": "nurse_disinfected1", "content": "Done|a_authorize_patrol"}"
[spotrobot-5] [INFO] [1748568798.878596388] [spotrobot]: And it is for me
[spotrobot-5] [INFO] [1748568798.878902344] [spotrobot]: Finished action
[nurse_disinfect-3] [INFO] [1748568798.878963313] [nurse_disinfect]: And it is not for me
[uvdrobot-4] [INFO] [1748568798.879100959] [uvdrobot]: And it is not for me
[spotrobot-5] [INFO] [1748568798.879340196] [spotrobot]: Doing a_patrol_room
[nurse_disinfect-3] [INFO] [1748568798.879925721] [nurse_disinfect]: I heard: "{"performative": "query", "sender": "spotrobot1", "receiver": "nurse_disinfected1", "content": "Done|a_authorize_patrol"}"
[spotrobot-5] [INFO] [1748568798.880014025] [spotrobot]: Wating for response
[uvdrobot-4] [INFO] [1748568798.880129523] [uvdrobot]: I heard: "{"performative": "query", "sender": "spotrobot1", "receiver": "nurse_disinfected1", "content": "Done|a_authorize_patrol"}"
[nurse_disinfect-3] [INFO] [1748568798.880444012] [nurse_disinfect]: And it is for me
[uvdrobot-4] [INFO] [1748568798.880655262] [uvdrobot]: And it is not for me
[spotrobot-5] [INFO] [1748568798.880682714] [spotrobot]: I heard: "{"performative": "query", "sender": "spotrobot1", "receiver": "nurse_disinfected1", "content": "Done|a_authorize_patrol"}"
[spotrobot-5] [INFO] [1748568798.880960353] [spotrobot]: And it is not for me
[nurse_disinfect-3] [INFO] [1748568798.880970915] [nurse_disinfect]: Finished action
[spotrobot-5] [INFO] [1748568798.881474498] [spotrobot]: I heard: "{"performative": "query", "sender": "spotrobot1", "receiver": "nurse_disinfected1", "content": "Done|a_authorize_patrol"}"
[spotrobot-5] [INFO] [1748568798.881792635] [spotrobot]: And it is not for me
[uvdrobot-4] [INFO] [1748568798.881906126] [uvdrobot]: I heard: "{"performative": "query", "sender": "nurse_disinfected1", "receiver": "spotrobot1", "content": "Done|a_authorize_patrol"}"
[nurse_disinfect-3] [INFO] [1748568798.882059843] [nurse_disinfect]: I heard: "{"performative": "query", "sender": "spotrobot1", "receiver": "nurse_disinfected1", "content": "Done|a_authorize_patrol"}"
[spotrobot-5] [INFO] [1748568798.882283090] [spotrobot]: I heard: "{"performative": "query", "sender": "nurse_disinfected1", "receiver": "spotrobot1", "content": "Done|a_authorize_patrol"}"
[uvdrobot-4] [INFO] [1748568798.882434307] [uvdrobot]: And it is not for me
[spotrobot-5] [INFO] [1748568798.882552078] [spotrobot]: And it is for me
[nurse_disinfect-3] [INFO] [1748568798.882570070] [nurse_disinfect]: And it is for me
[spotrobot-5] [INFO] [1748568798.882801797] [spotrobot]: Already finished action
[nurse_disinfect-3] [INFO] [1748568798.883107838] [nurse_disinfect]: Already finished action
[spotrobot-5] [INFO] [1748568798.883496580] [spotrobot]: success
[spotrobot-5] [INFO] [1748568798.884003096] [spotrobot]: Doing a_authorize_disinfect
[nurse_disinfect-3] [INFO] [1748568798.884085702] [nurse_disinfect]: I heard: "{"performative": "query", "sender": "nurse_disinfected1", "receiver": "spotrobot1", "content": "Done|a_authorize_patrol"}"
[spotrobot-5] [INFO] [1748568798.884521207] [spotrobot]: a_authorize_disinfect
[nurse_disinfect-3] [INFO] [1748568798.884702640] [nurse_disinfect]: And it is not for me
[spotrobot-5] [INFO] [1748568798.884976550] [spotrobot]: Here first, waiting for spotrobot
[uvdrobot-4] [INFO] [1748568798.885828566] [uvdrobot]: I heard: "{"performative": "query", "sender": "spotrobot1", "receiver": "uvdrobot1", "content": "Ready|a_authorize_disinfect"}"
[nurse_disinfect-3] [INFO] [1748568798.885853011] [nurse_disinfect]: I heard: "{"performative": "query", "sender": "spotrobot1", "receiver": "uvdrobot1", "content": "Ready|a_authorize_disinfect"}"
[spotrobot-5] [INFO] [1748568798.885974970] [spotrobot]: I heard: "{"performative": "query", "sender": "spotrobot1", "receiver": "uvdrobot1", "content": "Ready|a_authorize_disinfect"}"
[nurse_disinfect-3] [INFO] [1748568798.886147127] [nurse_disinfect]: And it is not for me
[uvdrobot-4] [INFO] [1748568798.886363940] [uvdrobot]: And it is for me
[spotrobot-5] [INFO] [1748568798.886438073] [spotrobot]: And it is not for me
[uvdrobot-4] [INFO] [1748568798.886842328] [uvdrobot]: Ready to act
[nurse_disinfect-3] [INFO] [1748568798.887471986] [nurse_disinfect]: I heard: "{"performative": "query", "sender": "uvdrobot1", "receiver": "spotrobot1", "content": "Done|a_authorize_disinfect"}"
[spotrobot-5] [INFO] [1748568798.887704582] [spotrobot]: I heard: "{"performative": "query", "sender": "uvdrobot1", "receiver": "spotrobot1", "content": "Done|a_authorize_disinfect"}"
[nurse_disinfect-3] [INFO] [1748568798.887800051] [nurse_disinfect]: And it is not for me
[uvdrobot-4] [INFO] [1748568798.887885288] [uvdrobot]: I heard: "{"performative": "query", "sender": "uvdrobot1", "receiver": "spotrobot1", "content": "Done|a_authorize_disinfect"}"
[spotrobot-5] [INFO] [1748568798.888166597] [spotrobot]: And it is for me
[uvdrobot-4] [INFO] [1748568798.888373879] [uvdrobot]: And it is not for me
[spotrobot-5] [INFO] [1748568798.888665031] [spotrobot]: Finished action
[uvdrobot-4] [INFO] [1748568798.889475263] [uvdrobot]: I heard: "{"performative": "query", "sender": "spotrobot1", "receiver": "uvdrobot1", "content": "Done|a_authorize_disinfect"}"
[nurse_disinfect-3] [INFO] [1748568798.889478698] [nurse_disinfect]: I heard: "{"performative": "query", "sender": "spotrobot1", "receiver": "uvdrobot1", "content": "Done|a_authorize_disinfect"}"
[uvdrobot-4] [INFO] [1748568798.889817297] [uvdrobot]: And it is for me
[spotrobot-5] [INFO] [1748568798.889825815] [spotrobot]: I heard: "{"performative": "query", "sender": "spotrobot1", "receiver": "uvdrobot1", "content": "Done|a_authorize_disinfect"}"
[nurse_disinfect-3] [INFO] [1748568798.889879194] [nurse_disinfect]: And it is not for me
[spotrobot-5] [INFO] [1748568798.890195533] [spotrobot]: And it is not for me
[uvdrobot-4] [INFO] [1748568798.890215257] [uvdrobot]: Finished action
[uvdrobot-4] [INFO] [1748568798.890648339] [uvdrobot]: Doing a_navto
[spotrobot-5] [INFO] [1748568798.890742974] [spotrobot]: I heard: "{"performative": "query", "sender": "uvdrobot1", "receiver": "spotrobot1", "content": "Done|a_authorize_disinfect"}"
[nurse_disinfect-3] [INFO] [1748568798.890789699] [nurse_disinfect]: I heard: "{"performative": "query", "sender": "uvdrobot1", "receiver": "spotrobot1", "content": "Done|a_authorize_disinfect"}"
[spotrobot-5] [INFO] [1748568798.891033692] [spotrobot]: And it is for me
[nurse_disinfect-3] [INFO] [1748568798.891147842] [nurse_disinfect]: And it is not for me
[uvdrobot-4] [INFO] [1748568798.891264151] [uvdrobot]: Waiting for response
[spotrobot-5] [INFO] [1748568798.891440255] [spotrobot]: Already finished action
[uvdrobot-4] [INFO] [1748568798.891757445] [uvdrobot]: I heard: "{"performative": "query", "sender": "uvdrobot1", "receiver": "spotrobot1", "content": "Done|a_authorize_disinfect"}"
[uvdrobot-4] [INFO] [1748568798.892079131] [uvdrobot]: And it is not for me
[uvdrobot-4] [INFO] [1748568798.892920357] [uvdrobot]: success
[uvdrobot-4] [INFO] [1748568798.893287482] [uvdrobot]: Doing a_disinfect_room
[uvdrobot-4] [INFO] [1748568798.893742881] [uvdrobot]: Waiting for response
[uvdrobot-4] [INFO] [1748568798.894686653] [uvdrobot]: success
[uvdrobot-4] [INFO] [1748568798.897728384] [uvdrobot]: Recebido sinal de desligamento do coordenador, finalizando...
[nurse_disinfect-3] [INFO] [1748568798.897731363] [nurse_disinfect]: Recebido sinal de desligamento do coordenador, finalizando...
[spotrobot-5] [INFO] [1748568798.897761801] [spotrobot]: Recebido sinal de desligamento do coordenador, finalizando...
[disinfect_environment-1] [INFO] [1748568798.897878840] [disinfect_environment]: Recebido sinal de desligamento do coordenador, finalizando...
[disinfect_planner-2] [INFO] [1748568798.898022957] [disinfect_planner]: Recebido sinal de desligamento do coordenador, finalizando...
[nurse_disinfect-3] [INFO] [1748568798.898093898] [Quitting]: Done
[spotrobot-5] [INFO] [1748568798.898105823] [Quitting]: Done
[disinfect_environment-1] [INFO] [1748568798.898361818] [Quitting]: Done
[uvdrobot-4] [INFO] [1748568798.898371538] [Quitting]: Done
[disinfect_planner-2] [INFO] [1748568798.898852797] [Quitting]: Done
[INFO] [uvdrobot-4]: process has finished cleanly [pid 109012]
[INFO] [disinfect_environment-1]: process has finished cleanly [pid 109006]
[INFO] [spotrobot-5]: process has finished cleanly [pid 109014]
[INFO] [nurse_disinfect-3]: process has finished cleanly [pid 109010]
[INFO] [disinfect_planner-2]: process has finished cleanly [pid 109008]
