[INFO] [launch]: All log files can be found below /home/rafael/.ros/log/2025-05-29-22-34-56-509264-NotebookRafael-110662
[INFO] [launch]: Default logging verbosity is set to INFO
[INFO] [disinfect_coordinator-1]: process started with pid [110664]
[disinfect_coordinator-1] [INFO] [1748568897.527374553] [disinfect_coordinator]: spin
[disinfect_coordinator-1] [INFO] [1748568897.528369294] [disinfect_coordinator]: Received: Performative=request, Sender=uvdrobot, Receiver=Coordinator, Content=Register
[disinfect_coordinator-1] [INFO] [1748568897.528710080] [disinfect_coordinator]: Current uvdrobots: uvdrobot1 - 1
[disinfect_coordinator-1] [INFO] [1748568897.529036316] [disinfect_coordinator]: Response: uvdrobot1
[disinfect_coordinator-1] [INFO] [1748568897.529876374] [disinfect_coordinator]: Received: Performative=request, Sender=nurse_disinfected, Receiver=Coordinator, Content=Register
[disinfect_coordinator-1] [INFO] [1748568897.530176664] [disinfect_coordinator]: Current nurses: nurse_disinfected1 - 1
[disinfect_coordinator-1] [INFO] [1748568897.530465047] [disinfect_coordinator]: Response: nurse_disinfected1
[disinfect_coordinator-1] [INFO] [1748568897.531232685] [disinfect_coordinator]: Received: Performative=request, Sender=spotrobot, Receiver=Coordinator, Content=Register
[disinfect_coordinator-1] [INFO] [1748568897.531528908] [disinfect_coordinator]: Current Spotrobots: spotrobot1 - 1
[disinfect_coordinator-1] [INFO] [1748568897.531878010] [disinfect_coordinator]: Response: spotrobot1
[disinfect_coordinator-1] [INFO] [1748568897.532533932] [disinfect_coordinator]: context: nurse_disinfected1 room1 spotrobot1 uvdrobot1
[disinfect_coordinator-1] [INFO] [1748568897.532860453] [disinfect_coordinator]: Starting mission with context: ('nurse_disinfected1', 'room1', 'spotrobot1', 'uvdrobot1')
[disinfect_coordinator-1] [INFO] [1748568897.533155574] [disinfect_coordinator]: Creating plan for: spotrobot1,uvdrobot1,nurse_disinfected1 
[disinfect_coordinator-1] [INFO] [1748568897.539804811] [disinfect_coordinator]: Plan received for: spotrobot1,uvdrobot1,nurse_disinfected1 
[disinfect_coordinator-1] [INFO] [1748568897.540166857] [disinfect_coordinator]: a_navto,spotrobot1,room1/a_open_door,spotrobot1,room1/a_approach_nurse,spotrobot1,nurse_disinfected1/a_authenticate_nurse,spotrobot1,nurse_disinfected1/a_authorize_patrol,spotrobot1,nurse_disinfected1/a_patrol_room,spotrobot1,room1/a_authorize_disinfect,uvdrobot1,spotrobot1/a_navto,uvdrobot1,room1/a_disinfect_room,uvdrobot1,room1
[disinfect_coordinator-1] [INFO] [1748568897.540445907] [disinfect_coordinator]: Sending plans
[disinfect_coordinator-1] [INFO] [1748568897.541268259] [disinfect_coordinator]: Plans sent
[disinfect_coordinator-1] [INFO] [1748568898.549673595] [disinfect_coordinator]: Received: Performative=inform, Sender=nurse_disinfected1, Receiver=Coordinator, Content=infectedRoom
[disinfect_coordinator-1] [INFO] [1748568898.573071721] [disinfect_coordinator]: Received: Performative=inform, Sender=spotrobot1, Receiver=Coordinator, Content=ERROR|dirty_room,room1
[disinfect_coordinator-1] [INFO] [1748568898.573439479] [disinfect_coordinator]: Sending reset requests...
[disinfect_coordinator-1] [INFO] [1748568898.574149278] [disinfect_coordinator]: Reset requests sent.
[disinfect_coordinator-1] [INFO] [1748568898.575366521] [disinfect_coordinator]: Error found
[disinfect_coordinator-1] [INFO] [1748568898.575684479] [disinfect_coordinator]: Ending simulation
[disinfect_coordinator-1] [INFO] [1748568898.576280718] [Quitting]: Done
[disinfect_coordinator-1] [INFO] [1748568898.576590113] [disinfect_coordinator]: stop spin
[INFO] [disinfect_coordinator-1]: process has finished cleanly [pid 110664]
