[INFO] [launch]: All log files can be found below /home/rafael/.ros/log/2025-05-30-13-01-47-095813-NotebookRafael-31604
[INFO] [launch]: Default logging verbosity is set to INFO
[INFO] [disinfect_environment-1]: process started with pid [31607]
[INFO] [disinfect_planner-2]: process started with pid [31609]
[INFO] [nurse_disinfect-3]: process started with pid [31611]
[INFO] [uvdrobot-4]: process started with pid [31613]
[INFO] [spotrobot-5]: process started with pid [31615]
[disinfect_environment-1] [INFO] [1748620907.340289077] [disinfect_environment]: Starting Environment server
[disinfect_environment-1] [INFO] [1748620907.344097865] [disinfect_environment]: Environment server started
[disinfect_planner-2] [INFO] [1748620907.897222296] [disinfect_planner]: Starting Planner server
[disinfect_planner-2] [INFO] [1748620907.901231204] [disinfect_planner]: Planner server started
[disinfect_planner-2] [INFO] [1748620908.128767981] [disinfect_planner]: Creating plan for: spotrobot1 uvdrobot1 nurse_disinfected1
[disinfect_planner-2] [INFO] [1748620908.130895377] [disinfect_planner]: a_navto,spotrobot1,room1
[disinfect_planner-2] [INFO] [1748620908.131331640] [disinfect_planner]: a_open_door,spotrobot1,room1
[disinfect_planner-2] [INFO] [1748620908.131803234] [disinfect_planner]: a_approach_nurse,spotrobot1,nurse_disinfected1
[disinfect_planner-2] [INFO] [1748620908.132234453] [disinfect_planner]: a_authenticate_nurse,spotrobot1,nurse_disinfected1
[disinfect_planner-2] [INFO] [1748620908.132680721] [disinfect_planner]: a_authorize_patrol,spotrobot1,nurse_disinfected1
[nurse_disinfect-3] [INFO] [1748620908.133018666] [nurse_disinfect]: response.response nurse_disinfected1
[disinfect_planner-2] [INFO] [1748620908.133126239] [disinfect_planner]: a_patrol_room,spotrobot1,room1
[nurse_disinfect-3] [INFO] [1748620908.133419771] [nurse_disinfect]: My name is nurse_disinfected1
[disinfect_planner-2] [INFO] [1748620908.133537508] [disinfect_planner]: a_authorize_disinfect,uvdrobot1,spotrobot1
[disinfect_planner-2] [INFO] [1748620908.133957880] [disinfect_planner]: a_navto,uvdrobot1,room1
[disinfect_planner-2] [INFO] [1748620908.134382349] [disinfect_planner]: a_disinfect_room,uvdrobot1,room1
[spotrobot-5] [INFO] [1748620908.134557783] [spotrobot]: response.response spotrobot1
[disinfect_planner-2] [INFO] [1748620908.134814772] [disinfect_planner]: Sending response
[spotrobot-5] [INFO] [1748620908.134889726] [spotrobot]: My name is spotrobot1
[spotrobot-5] [INFO] [1748620908.136793099] [spotrobot]: I heard: "{"performative": "request", "sender": "Coordinator", "receiver": "uvdrobot1", "content": "Plan|a_authorize_disinfect,uvdrobot1,spotrobot1/a_navto,uvdrobot1,room1/a_disinfect_room,uvdrobot1,room1"}"
[spotrobot-5] [INFO] [1748620908.137115058] [spotrobot]: And it is not for me
[spotrobot-5] [INFO] [1748620908.137610233] [spotrobot]: I heard: "{"performative": "request", "sender": "Coordinator", "receiver": "spotrobot1", "content": "Plan|a_navto,spotrobot1,room1/a_open_door,spotrobot1,room1/a_approach_nurse,spotrobot1,nurse_disinfected1/a_authenticate_nurse,spotrobot1,nurse_disinfected1/a_authorize_patrol,spotrobot1,nurse_disinfected1/a_patrol_room,spotrobot1,room1/a_authorize_disinfect,uvdrobot1,spotrobot1"}"
[spotrobot-5] [INFO] [1748620908.137947667] [spotrobot]: And it is for me
[spotrobot-5] [INFO] [1748620908.138378640] [spotrobot]: Doing a_navto
[spotrobot-5] [INFO] [1748620908.138774738] [spotrobot]: Wating for response
[spotrobot-5] [INFO] [1748620908.139252618] [spotrobot]: I heard: "{"performative": "request", "sender": "Coordinator", "receiver": "nurse_disinfected1", "content": "Plan|a_approach_nurse,spotrobot1,nurse_disinfected1/a_authenticate_nurse,spotrobot1,nurse_disinfected1/a_authorize_patrol,spotrobot1,nurse_disinfected1"}"
[spotrobot-5] [INFO] [1748620908.139555339] [spotrobot]: And it is not for me
[uvdrobot-4] [INFO] [1748620908.139802122] [uvdrobot]: response.response uvdrobot1
[uvdrobot-4] [INFO] [1748620908.140190568] [uvdrobot]: My name is uvdrobot1
[spotrobot-5] [INFO] [1748620908.140267726] [spotrobot]: success
[spotrobot-5] [INFO] [1748620908.140623886] [spotrobot]: Doing a_open_door
[uvdrobot-4] [INFO] [1748620908.141039002] [uvdrobot]: I heard: "{"performative": "request", "sender": "Coordinator", "receiver": "uvdrobot1", "content": "Plan|a_authorize_disinfect,uvdrobot1,spotrobot1/a_navto,uvdrobot1,room1/a_disinfect_room,uvdrobot1,room1"}"
[spotrobot-5] [INFO] [1748620908.141097414] [spotrobot]: Wating for response
[uvdrobot-4] [INFO] [1748620908.141741993] [uvdrobot]: And it is for me
[uvdrobot-4] [INFO] [1748620908.142150967] [uvdrobot]: Doing a_authorize_disinfect
[spotrobot-5] [INFO] [1748620908.142217904] [spotrobot]: success
[uvdrobot-4] [INFO] [1748620908.142456144] [uvdrobot]: a_authorize_disinfect
[spotrobot-5] [INFO] [1748620908.142600291] [spotrobot]: Doing a_approach_nurse
[uvdrobot-4] [INFO] [1748620908.142775410] [uvdrobot]: Here first, waiting for spotrobot
[spotrobot-5] [INFO] [1748620908.143189868] [spotrobot]: Wating for response
[uvdrobot-4] [INFO] [1748620908.143560078] [uvdrobot]: I heard: "{"performative": "request", "sender": "Coordinator", "receiver": "spotrobot1", "content": "Plan|a_navto,spotrobot1,room1/a_open_door,spotrobot1,room1/a_approach_nurse,spotrobot1,nurse_disinfected1/a_authenticate_nurse,spotrobot1,nurse_disinfected1/a_authorize_patrol,spotrobot1,nurse_disinfected1/a_patrol_room,spotrobot1,room1/a_authorize_disinfect,uvdrobot1,spotrobot1"}"
[uvdrobot-4] [INFO] [1748620908.143869881] [uvdrobot]: And it is not for me
[spotrobot-5] [INFO] [1748620908.144058224] [spotrobot]: I heard: "{"performative": "query", "sender": "uvdrobot1", "receiver": "spotrobot1", "content": "Ready|a_authorize_disinfect"}"
[uvdrobot-4] [INFO] [1748620908.144278799] [uvdrobot]: I heard: "{"performative": "query", "sender": "uvdrobot1", "receiver": "spotrobot1", "content": "Ready|a_authorize_disinfect"}"
[uvdrobot-4] [INFO] [1748620908.144548541] [uvdrobot]: And it is not for me
[spotrobot-5] [INFO] [1748620908.144559562] [spotrobot]: And it is for me
[spotrobot-5] [INFO] [1748620908.145051542] [spotrobot]: No there yet
[uvdrobot-4] [INFO] [1748620908.145118671] [uvdrobot]: I heard: "{"performative": "request", "sender": "Coordinator", "receiver": "nurse_disinfected1", "content": "Plan|a_approach_nurse,spotrobot1,nurse_disinfected1/a_authenticate_nurse,spotrobot1,nurse_disinfected1/a_authorize_patrol,spotrobot1,nurse_disinfected1"}"
[uvdrobot-4] [INFO] [1748620908.145384392] [uvdrobot]: And it is not for me
[spotrobot-5] [INFO] [1748620908.146311833] [spotrobot]: success
[spotrobot-5] [INFO] [1748620908.146756962] [spotrobot]: Doing a_authenticate_nurse
[spotrobot-5] [INFO] [1748620908.147063428] [spotrobot]: a_authenticate_nurse
[spotrobot-5] [INFO] [1748620908.147359179] [spotrobot]: Here first, waiting for nurse
[uvdrobot-4] [INFO] [1748620908.147987538] [uvdrobot]: I heard: "{"performative": "query", "sender": "spotrobot1", "receiver": "nurse_disinfected1", "content": "Ready|a_authenticate_nurse"}"
[spotrobot-5] [INFO] [1748620908.148054840] [spotrobot]: I heard: "{"performative": "query", "sender": "spotrobot1", "receiver": "nurse_disinfected1", "content": "Ready|a_authenticate_nurse"}"
[uvdrobot-4] [INFO] [1748620908.148349625] [uvdrobot]: And it is not for me
[spotrobot-5] [INFO] [1748620908.148411427] [spotrobot]: And it is not for me
[nurse_disinfect-3] [INFO] [1748620909.135416915] [nurse_disinfect]: I heard: "{"performative": "request", "sender": "Coordinator", "receiver": "uvdrobot1", "content": "Plan|a_authorize_disinfect,uvdrobot1,spotrobot1/a_navto,uvdrobot1,room1/a_disinfect_room,uvdrobot1,room1"}"
[nurse_disinfect-3] [INFO] [1748620909.135766903] [nurse_disinfect]: And it is not for me
[nurse_disinfect-3] [INFO] [1748620909.136228170] [nurse_disinfect]: I heard: "{"performative": "query", "sender": "uvdrobot1", "receiver": "spotrobot1", "content": "Ready|a_authorize_disinfect"}"
[nurse_disinfect-3] [INFO] [1748620909.136550386] [nurse_disinfect]: And it is not for me
[nurse_disinfect-3] [INFO] [1748620909.137272359] [nurse_disinfect]: I heard: "{"performative": "request", "sender": "Coordinator", "receiver": "spotrobot1", "content": "Plan|a_navto,spotrobot1,room1/a_open_door,spotrobot1,room1/a_approach_nurse,spotrobot1,nurse_disinfected1/a_authenticate_nurse,spotrobot1,nurse_disinfected1/a_authorize_patrol,spotrobot1,nurse_disinfected1/a_patrol_room,spotrobot1,room1/a_authorize_disinfect,uvdrobot1,spotrobot1"}"
[nurse_disinfect-3] [INFO] [1748620909.137586040] [nurse_disinfect]: And it is not for me
[nurse_disinfect-3] [INFO] [1748620909.137944211] [nurse_disinfect]: I heard: "{"performative": "query", "sender": "spotrobot1", "receiver": "nurse_disinfected1", "content": "Ready|a_authenticate_nurse"}"
[nurse_disinfect-3] [INFO] [1748620909.138250136] [nurse_disinfect]: And it is for me
[nurse_disinfect-3] [INFO] [1748620909.138551434] [nurse_disinfect]: No there yet
[nurse_disinfect-3] [INFO] [1748620909.139152541] [nurse_disinfect]: I heard: "{"performative": "request", "sender": "Coordinator", "receiver": "nurse_disinfected1", "content": "Plan|a_approach_nurse,spotrobot1,nurse_disinfected1/a_authenticate_nurse,spotrobot1,nurse_disinfected1/a_authorize_patrol,spotrobot1,nurse_disinfected1"}"
[nurse_disinfect-3] [INFO] [1748620909.139461358] [nurse_disinfect]: And it is for me
[nurse_disinfect-3] [INFO] [1748620909.140582995] [nurse_disinfect]: a_approach_nurse
[nurse_disinfect-3] [INFO] [1748620909.140951198] [nurse_disinfect]: a_authenticate_nurse
[nurse_disinfect-3] [INFO] [1748620909.141252316] [nurse_disinfect]: Doing a_authenticate_nurse
[nurse_disinfect-3] [INFO] [1748620909.141552741] [nurse_disinfect]: a_authenticate_nurse
[nurse_disinfect-3] [INFO] [1748620909.141850019] [nurse_disinfect]: Robot is waiting, send action message
[nurse_disinfect-3] [INFO] [1748620909.142513157] [nurse_disinfect]: I heard: "{"performative": "query", "sender": "nurse_disinfected1", "receiver": "spotrobot1", "content": "Done|a_authenticate_nurse"}"
[spotrobot-5] [INFO] [1748620909.142756325] [spotrobot]: I heard: "{"performative": "query", "sender": "nurse_disinfected1", "receiver": "spotrobot1", "content": "Done|a_authenticate_nurse"}"
[nurse_disinfect-3] [INFO] [1748620909.142894321] [nurse_disinfect]: And it is not for me
[uvdrobot-4] [INFO] [1748620909.142994364] [uvdrobot]: I heard: "{"performative": "query", "sender": "nurse_disinfected1", "receiver": "spotrobot1", "content": "Done|a_authenticate_nurse"}"
[spotrobot-5] [INFO] [1748620909.143342299] [spotrobot]: And it is for me
[uvdrobot-4] [INFO] [1748620909.143591090] [uvdrobot]: And it is not for me
[spotrobot-5] [INFO] [1748620909.143848283] [spotrobot]: Finished action
[nurse_disinfect-3] [INFO] [1748620909.144558855] [nurse_disinfect]: I heard: "{"performative": "query", "sender": "spotrobot1", "receiver": "nurse_disinfected1", "content": "Done|a_authenticate_nurse"}"
[spotrobot-5] [INFO] [1748620909.144564235] [spotrobot]: Doing a_authorize_patrol
[uvdrobot-4] [INFO] [1748620909.144554701] [uvdrobot]: I heard: "{"performative": "query", "sender": "spotrobot1", "receiver": "nurse_disinfected1", "content": "Done|a_authenticate_nurse"}"
[uvdrobot-4] [INFO] [1748620909.144929427] [uvdrobot]: And it is not for me
[nurse_disinfect-3] [INFO] [1748620909.145041249] [nurse_disinfect]: And it is for me
[spotrobot-5] [INFO] [1748620909.145134801] [spotrobot]: a_authorize_patrol
[nurse_disinfect-3] [INFO] [1748620909.145517706] [nurse_disinfect]: Finished action
[spotrobot-5] [INFO] [1748620909.145645498] [spotrobot]: Here first, waiting for nurse
[nurse_disinfect-3] [INFO] [1748620909.146005940] [nurse_disinfect]: a_authorize_patrol
[uvdrobot-4] [INFO] [1748620909.146082951] [uvdrobot]: I heard: "{"performative": "query", "sender": "nurse_disinfected1", "receiver": "spotrobot1", "content": "Done|a_authenticate_nurse"}"
[uvdrobot-4] [INFO] [1748620909.146368717] [uvdrobot]: And it is not for me
[nurse_disinfect-3] [INFO] [1748620909.146497313] [nurse_disinfect]: Doing a_authorize_patrol
[spotrobot-5] [INFO] [1748620909.146744236] [spotrobot]: I heard: "{"performative": "query", "sender": "spotrobot1", "receiver": "nurse_disinfected1", "content": "Done|a_authenticate_nurse"}"
[nurse_disinfect-3] [INFO] [1748620909.146943590] [nurse_disinfect]: a_authorize_patrol
[uvdrobot-4] [INFO] [1748620909.147014067] [uvdrobot]: I heard: "{"performative": "query", "sender": "spotrobot1", "receiver": "nurse_disinfected1", "content": "Ready|a_authorize_patrol"}"
[nurse_disinfect-3] [INFO] [1748620909.147240716] [nurse_disinfect]: Here first, waiting for robot
[spotrobot-5] [INFO] [1748620909.147320339] [spotrobot]: And it is not for me
[uvdrobot-4] [INFO] [1748620909.147351662] [uvdrobot]: And it is not for me
[nurse_disinfect-3] [INFO] [1748620909.147930498] [nurse_disinfect]: I heard: "{"performative": "query", "sender": "nurse_disinfected1", "receiver": "spotrobot1", "content": "Done|a_authenticate_nurse"}"
[uvdrobot-4] [INFO] [1748620909.148119594] [uvdrobot]: I heard: "{"performative": "query", "sender": "nurse_disinfected1", "receiver": "spotrobot1", "content": "Ready|a_authorize_patrol"}"
[spotrobot-5] [INFO] [1748620909.148205999] [spotrobot]: I heard: "{"performative": "query", "sender": "nurse_disinfected1", "receiver": "spotrobot1", "content": "Done|a_authenticate_nurse"}"
[nurse_disinfect-3] [INFO] [1748620909.148303413] [nurse_disinfect]: And it is not for me
[uvdrobot-4] [INFO] [1748620909.148400278] [uvdrobot]: And it is not for me
[spotrobot-5] [INFO] [1748620909.148792229] [spotrobot]: And it is for me
[nurse_disinfect-3] [INFO] [1748620909.149158285] [nurse_disinfect]: I heard: "{"performative": "query", "sender": "spotrobot1", "receiver": "nurse_disinfected1", "content": "Ready|a_authorize_patrol"}"
[spotrobot-5] [INFO] [1748620909.149351521] [spotrobot]: Already finished action
[nurse_disinfect-3] [INFO] [1748620909.149536784] [nurse_disinfect]: And it is for me
[nurse_disinfect-3] [INFO] [1748620909.149806460] [nurse_disinfect]: Ready to act
[spotrobot-5] [INFO] [1748620909.150244851] [spotrobot]: I heard: "{"performative": "query", "sender": "spotrobot1", "receiver": "nurse_disinfected1", "content": "Ready|a_authorize_patrol"}"
[nurse_disinfect-3] [INFO] [1748620909.150589908] [nurse_disinfect]: I heard: "{"performative": "query", "sender": "nurse_disinfected1", "receiver": "spotrobot1", "content": "Ready|a_authorize_patrol"}"
[uvdrobot-4] [INFO] [1748620909.150665217] [uvdrobot]: I heard: "{"performative": "query", "sender": "nurse_disinfected1", "receiver": "spotrobot1", "content": "Done|a_authorize_patrol"}"
[spotrobot-5] [INFO] [1748620909.150819068] [spotrobot]: And it is not for me
[nurse_disinfect-3] [INFO] [1748620909.150974912] [nurse_disinfect]: And it is not for me
[uvdrobot-4] [INFO] [1748620909.151317024] [uvdrobot]: And it is not for me
[spotrobot-5] [INFO] [1748620909.151621216] [spotrobot]: I heard: "{"performative": "query", "sender": "nurse_disinfected1", "receiver": "spotrobot1", "content": "Ready|a_authorize_patrol"}"
[nurse_disinfect-3] [INFO] [1748620909.151687457] [nurse_disinfect]: I heard: "{"performative": "query", "sender": "nurse_disinfected1", "receiver": "spotrobot1", "content": "Done|a_authorize_patrol"}"
[nurse_disinfect-3] [INFO] [1748620909.152035283] [nurse_disinfect]: And it is not for me
[spotrobot-5] [INFO] [1748620909.152161904] [spotrobot]: And it is for me
[spotrobot-5] [INFO] [1748620909.152608048] [spotrobot]: Ready to act
[nurse_disinfect-3] [INFO] [1748620909.153147722] [nurse_disinfect]: I heard: "{"performative": "query", "sender": "spotrobot1", "receiver": "nurse_disinfected1", "content": "Done|a_authorize_patrol"}"
[uvdrobot-4] [INFO] [1748620909.153356950] [uvdrobot]: I heard: "{"performative": "query", "sender": "spotrobot1", "receiver": "nurse_disinfected1", "content": "Done|a_authorize_patrol"}"
[nurse_disinfect-3] [INFO] [1748620909.153466477] [nurse_disinfect]: And it is for me
[spotrobot-5] [INFO] [1748620909.153609521] [spotrobot]: I heard: "{"performative": "query", "sender": "nurse_disinfected1", "receiver": "spotrobot1", "content": "Done|a_authorize_patrol"}"
[nurse_disinfect-3] [INFO] [1748620909.153723134] [nurse_disinfect]: Finished action
[uvdrobot-4] [INFO] [1748620909.153931688] [uvdrobot]: And it is not for me
[spotrobot-5] [INFO] [1748620909.153970469] [spotrobot]: And it is for me
[spotrobot-5] [INFO] [1748620909.154306831] [spotrobot]: Finished action
[nurse_disinfect-3] [INFO] [1748620909.154402410] [nurse_disinfect]: I heard: "{"performative": "query", "sender": "nurse_disinfected1", "receiver": "spotrobot1", "content": "Done|a_authorize_patrol"}"
[nurse_disinfect-3] [INFO] [1748620909.154675822] [nurse_disinfect]: And it is not for me
[spotrobot-5] [INFO] [1748620909.154831420] [spotrobot]: Doing a_patrol_room
[uvdrobot-4] [INFO] [1748620909.154834709] [uvdrobot]: I heard: "{"performative": "query", "sender": "nurse_disinfected1", "receiver": "spotrobot1", "content": "Done|a_authorize_patrol"}"
[nurse_disinfect-3] [INFO] [1748620909.155248805] [nurse_disinfect]: I heard: "{"performative": "query", "sender": "spotrobot1", "receiver": "nurse_disinfected1", "content": "Done|a_authorize_patrol"}"
[uvdrobot-4] [INFO] [1748620909.155428610] [uvdrobot]: And it is not for me
[spotrobot-5] [INFO] [1748620909.155457161] [spotrobot]: Wating for response
[nurse_disinfect-3] [INFO] [1748620909.155531632] [nurse_disinfect]: And it is for me
[nurse_disinfect-3] [INFO] [1748620909.155829166] [nurse_disinfect]: Already finished action
[spotrobot-5] [INFO] [1748620909.155956991] [spotrobot]: I heard: "{"performative": "query", "sender": "spotrobot1", "receiver": "nurse_disinfected1", "content": "Done|a_authorize_patrol"}"
[spotrobot-5] [INFO] [1748620909.156264841] [spotrobot]: And it is not for me
[uvdrobot-4] [INFO] [1748620909.156321970] [uvdrobot]: I heard: "{"performative": "query", "sender": "spotrobot1", "receiver": "nurse_disinfected1", "content": "Done|a_authorize_patrol"}"
[uvdrobot-4] [INFO] [1748620909.156903611] [uvdrobot]: And it is not for me
[spotrobot-5] [INFO] [1748620909.157064462] [spotrobot]: I heard: "{"performative": "query", "sender": "nurse_disinfected1", "receiver": "spotrobot1", "content": "Done|a_authorize_patrol"}"
[spotrobot-5] [INFO] [1748620909.157390755] [spotrobot]: And it is for me
[spotrobot-5] [INFO] [1748620909.157763205] [spotrobot]: Already finished action
[spotrobot-5] [INFO] [1748620909.158349824] [spotrobot]: I heard: "{"performative": "query", "sender": "spotrobot1", "receiver": "nurse_disinfected1", "content": "Done|a_authorize_patrol"}"
[spotrobot-5] [INFO] [1748620909.158732392] [spotrobot]: And it is not for me
[spotrobot-5] [INFO] [1748620909.159990730] [spotrobot]: success
[spotrobot-5] [INFO] [1748620909.160648283] [spotrobot]: Doing a_authorize_disinfect
[spotrobot-5] [INFO] [1748620909.161034539] [spotrobot]: a_authorize_disinfect
[spotrobot-5] [INFO] [1748620909.161406430] [spotrobot]: Here first, waiting for spotrobot
[spotrobot-5] [INFO] [1748620909.162097388] [spotrobot]: I heard: "{"performative": "query", "sender": "spotrobot1", "receiver": "uvdrobot1", "content": "Ready|a_authorize_disinfect"}"
[nurse_disinfect-3] [INFO] [1748620909.162157312] [nurse_disinfect]: I heard: "{"performative": "query", "sender": "spotrobot1", "receiver": "uvdrobot1", "content": "Ready|a_authorize_disinfect"}"
[uvdrobot-4] [INFO] [1748620909.162190472] [uvdrobot]: I heard: "{"performative": "query", "sender": "spotrobot1", "receiver": "uvdrobot1", "content": "Ready|a_authorize_disinfect"}"
[spotrobot-5] [INFO] [1748620909.162471147] [spotrobot]: And it is not for me
[uvdrobot-4] [INFO] [1748620909.162667218] [uvdrobot]: And it is for me
[nurse_disinfect-3] [INFO] [1748620909.162712195] [nurse_disinfect]: And it is not for me
[uvdrobot-4] [INFO] [1748620909.162991937] [uvdrobot]: Ready to act
[spotrobot-5] [INFO] [1748620909.163599108] [spotrobot]: I heard: "{"performative": "query", "sender": "uvdrobot1", "receiver": "spotrobot1", "content": "Done|a_authorize_disinfect"}"
[nurse_disinfect-3] [INFO] [1748620909.163651352] [nurse_disinfect]: I heard: "{"performative": "query", "sender": "uvdrobot1", "receiver": "spotrobot1", "content": "Done|a_authorize_disinfect"}"
[uvdrobot-4] [INFO] [1748620909.163896286] [uvdrobot]: I heard: "{"performative": "query", "sender": "uvdrobot1", "receiver": "spotrobot1", "content": "Done|a_authorize_disinfect"}"
[spotrobot-5] [INFO] [1748620909.163975560] [spotrobot]: And it is for me
[nurse_disinfect-3] [INFO] [1748620909.164023215] [nurse_disinfect]: And it is not for me
[uvdrobot-4] [INFO] [1748620909.164359839] [uvdrobot]: And it is not for me
[spotrobot-5] [INFO] [1748620909.164388925] [spotrobot]: Finished action
[nurse_disinfect-3] [INFO] [1748620909.164938506] [nurse_disinfect]: I heard: "{"performative": "query", "sender": "spotrobot1", "receiver": "uvdrobot1", "content": "Done|a_authorize_disinfect"}"
[uvdrobot-4] [INFO] [1748620909.164995289] [uvdrobot]: I heard: "{"performative": "query", "sender": "spotrobot1", "receiver": "uvdrobot1", "content": "Done|a_authorize_disinfect"}"
[spotrobot-5] [INFO] [1748620909.165197582] [spotrobot]: I heard: "{"performative": "query", "sender": "spotrobot1", "receiver": "uvdrobot1", "content": "Done|a_authorize_disinfect"}"
[nurse_disinfect-3] [INFO] [1748620909.165263546] [nurse_disinfect]: And it is not for me
[uvdrobot-4] [INFO] [1748620909.165552429] [uvdrobot]: And it is for me
[spotrobot-5] [INFO] [1748620909.165567340] [spotrobot]: And it is not for me
[uvdrobot-4] [INFO] [1748620909.166099736] [uvdrobot]: Finished action
[uvdrobot-4] [INFO] [1748620909.166833453] [uvdrobot]: Doing a_navto
[spotrobot-5] [INFO] [1748620909.166953181] [spotrobot]: I heard: "{"performative": "query", "sender": "uvdrobot1", "receiver": "spotrobot1", "content": "Done|a_authorize_disinfect"}"
[nurse_disinfect-3] [INFO] [1748620909.166969328] [nurse_disinfect]: I heard: "{"performative": "query", "sender": "uvdrobot1", "receiver": "spotrobot1", "content": "Done|a_authorize_disinfect"}"
[spotrobot-5] [INFO] [1748620909.167299793] [spotrobot]: And it is for me
[uvdrobot-4] [INFO] [1748620909.167490276] [uvdrobot]: Waiting for response
[nurse_disinfect-3] [INFO] [1748620909.167490275] [nurse_disinfect]: And it is not for me
[spotrobot-5] [INFO] [1748620909.167579008] [spotrobot]: Already finished action
[uvdrobot-4] [INFO] [1748620909.168287897] [uvdrobot]: I heard: "{"performative": "query", "sender": "uvdrobot1", "receiver": "spotrobot1", "content": "Done|a_authorize_disinfect"}"
[uvdrobot-4] [INFO] [1748620909.168763728] [uvdrobot]: And it is not for me
[uvdrobot-4] [INFO] [1748620909.169898801] [uvdrobot]: success
[uvdrobot-4] [INFO] [1748620909.170266331] [uvdrobot]: Doing a_disinfect_room
[uvdrobot-4] [INFO] [1748620909.170664932] [uvdrobot]: Waiting for response
[uvdrobot-4] [INFO] [1748620909.171775181] [uvdrobot]: success
[disinfect_environment-1] [INFO] [1748620909.173991781] [disinfect_environment]: Recebido sinal de desligamento do coordenador, finalizando...
[spotrobot-5] [INFO] [1748620909.174018195] [spotrobot]: Recebido sinal de desligamento do coordenador, finalizando...
[nurse_disinfect-3] [INFO] [1748620909.174053036] [nurse_disinfect]: Recebido sinal de desligamento do coordenador, finalizando...
[disinfect_planner-2] [INFO] [1748620909.174154472] [disinfect_planner]: Recebido sinal de desligamento do coordenador, finalizando...
[uvdrobot-4] [INFO] [1748620909.174230778] [uvdrobot]: Recebido sinal de desligamento do coordenador, finalizando...
[disinfect_environment-1] [INFO] [1748620909.174351886] [Quitting]: Done
[spotrobot-5] [INFO] [1748620909.174364940] [Quitting]: Done
[nurse_disinfect-3] [INFO] [1748620909.174397553] [Quitting]: Done
[disinfect_planner-2] [INFO] [1748620909.174486454] [Quitting]: Done
[uvdrobot-4] [INFO] [1748620909.174891498] [Quitting]: Done
[INFO] [disinfect_environment-1]: process has finished cleanly [pid 31607]
[INFO] [spotrobot-5]: process has finished cleanly [pid 31615]
[INFO] [uvdrobot-4]: process has finished cleanly [pid 31613]
[INFO] [nurse_disinfect-3]: process has finished cleanly [pid 31611]
