[INFO] [launch]: All log files can be found below /home/rafael/.ros/log/2025-05-29-22-37-45-900815-NotebookRafael-113427
[INFO] [launch]: Default logging verbosity is set to INFO
[INFO] [disinfect_coordinator-1]: process started with pid [113429]
[disinfect_coordinator-1] [INFO] [1748569066.884480379] [disinfect_coordinator]: spin
[disinfect_coordinator-1] [INFO] [1748569066.885403029] [disinfect_coordinator]: Received: Performative=request, Sender=nurse_disinfected, Receiver=Coordinator, Content=Register
[disinfect_coordinator-1] [INFO] [1748569066.885749953] [disinfect_coordinator]: Current nurses: nurse_disinfected1 - 1
[disinfect_coordinator-1] [INFO] [1748569066.886046292] [disinfect_coordinator]: Response: nurse_disinfected1
[disinfect_coordinator-1] [INFO] [1748569066.886860466] [disinfect_coordinator]: Received: Performative=request, Sender=uvdrobot, Receiver=Coordinator, Content=Register
[disinfect_coordinator-1] [INFO] [1748569066.887191593] [disinfect_coordinator]: Current uvdrobots: uvdrobot1 - 1
[disinfect_coordinator-1] [INFO] [1748569066.887475587] [disinfect_coordinator]: Response: uvdrobot1
[disinfect_coordinator-1] [INFO] [1748569066.888439481] [disinfect_coordinator]: Received: Performative=request, Sender=spotrobot, Receiver=Coordinator, Content=Register
[disinfect_coordinator-1] [INFO] [1748569066.888731095] [disinfect_coordinator]: Current Spotrobots: spotrobot1 - 1
[disinfect_coordinator-1] [INFO] [1748569066.889168903] [disinfect_coordinator]: Response: spotrobot1
[disinfect_coordinator-1] [INFO] [1748569066.890056116] [disinfect_coordinator]: context: nurse_disinfected1 room1 spotrobot1 uvdrobot1
[disinfect_coordinator-1] [INFO] [1748569066.890557567] [disinfect_coordinator]: Starting mission with context: ('nurse_disinfected1', 'room1', 'spotrobot1', 'uvdrobot1')
[disinfect_coordinator-1] [INFO] [1748569066.890885402] [disinfect_coordinator]: Creating plan for: spotrobot1,uvdrobot1,nurse_disinfected1 
[disinfect_coordinator-1] [INFO] [1748569066.896348785] [disinfect_coordinator]: Plan received for: spotrobot1,uvdrobot1,nurse_disinfected1 
[disinfect_coordinator-1] [INFO] [1748569066.896663853] [disinfect_coordinator]: a_navto,spotrobot1,room1/a_open_door,spotrobot1,room1/a_approach_nurse,spotrobot1,nurse_disinfected1/a_authenticate_nurse,spotrobot1,nurse_disinfected1/a_authorize_patrol,spotrobot1,nurse_disinfected1/a_patrol_room,spotrobot1,room1/a_authorize_disinfect,uvdrobot1,spotrobot1/a_navto,uvdrobot1,room1/a_disinfect_room,uvdrobot1,room1
[disinfect_coordinator-1] [INFO] [1748569066.896991868] [disinfect_coordinator]: Sending plans
[disinfect_coordinator-1] [INFO] [1748569066.897673545] [disinfect_coordinator]: Plans sent
[disinfect_coordinator-1] [INFO] [1748569067.912163883] [disinfect_coordinator]: Received: Performative=inform, Sender=nurse_disinfected1, Receiver=Coordinator, Content=infectedRoom
[disinfect_coordinator-1] [INFO] [1748569067.927277311] [disinfect_coordinator]: Received: Performative=inform, Sender=spotrobot1, Receiver=Coordinator, Content=ERROR|dirty_room,room1
[disinfect_coordinator-1] [INFO] [1748569067.927851449] [disinfect_coordinator]: Sending reset requests...
[disinfect_coordinator-1] [INFO] [1748569067.928811358] [disinfect_coordinator]: Reset requests sent.
[disinfect_coordinator-1] [INFO] [1748569067.929903611] [disinfect_coordinator]: Error found
[disinfect_coordinator-1] [INFO] [1748569067.930374368] [disinfect_coordinator]: Updating uncleaned room: room1
[disinfect_coordinator-1] [INFO] [1748569067.931440715] [disinfect_coordinator]: success
[disinfect_coordinator-1] [INFO] [1748569067.931963933] [disinfect_coordinator]: Creating new plan for: spotrobot1,uvdrobot1,nurse_disinfected1 
[disinfect_coordinator-1] [INFO] [1748569067.936710343] [disinfect_coordinator]: Plan received for: spotrobot1,uvdrobot1,nurse_disinfected1 
[disinfect_coordinator-1] [INFO] [1748569067.937013345] [disinfect_coordinator]: a_navto,spotrobot1,room1/a_approach_nurse,spotrobot1,nurse_disinfected1/a_authenticate_nurse,spotrobot1,nurse_disinfected1/a_clean_room,nurse_disinfected1,room1/a_authorize_patrol,spotrobot1,nurse_disinfected1/a_patrol_room,spotrobot1,room1/a_authorize_disinfect,uvdrobot1,spotrobot1/a_navto,uvdrobot1,room1/a_disinfect_room,uvdrobot1,room1
[disinfect_coordinator-1] [INFO] [1748569067.937309224] [disinfect_coordinator]: Sending plans
[disinfect_coordinator-1] [INFO] [1748569067.938013740] [disinfect_coordinator]: Plans sent
[disinfect_coordinator-1] [INFO] [1748569067.983295704] [disinfect_coordinator]: Freeing agent: spotrobot1
[disinfect_coordinator-1] [INFO] [1748569067.983643287] [disinfect_coordinator]: Freeing agent: uvdrobot1
[disinfect_coordinator-1] [INFO] [1748569067.983953828] [disinfect_coordinator]: Freeing agent: nurse_disinfected1
[disinfect_coordinator-1] [INFO] [1748569067.984333349] [disinfect_coordinator]: Mission Completed
[disinfect_coordinator-1] [INFO] [1748569067.984633439] [disinfect_coordinator]: Ending simulation
[disinfect_coordinator-1] [INFO] [1748569067.985112303] [Quitting]: Done
[disinfect_coordinator-1] [INFO] [1748569067.985455792] [disinfect_coordinator]: stop spin
[INFO] [disinfect_coordinator-1]: process has finished cleanly [pid 113429]
