[INFO] [launch]: All log files can be found below /home/rafael/.ros/log/2025-05-30-12-58-52-031583-NotebookRafael-28680
[INFO] [launch]: Default logging verbosity is set to INFO
[INFO] [disinfect_environment-1]: process started with pid [28683]
[INFO] [disinfect_planner-2]: process started with pid [28685]
[INFO] [nurse_disinfect-3]: process started with pid [28687]
[INFO] [uvdrobot-4]: process started with pid [28689]
[INFO] [spotrobot-5]: process started with pid [28691]
[disinfect_environment-1] [INFO] [1748620732.283212405] [disinfect_environment]: Starting Environment server
[disinfect_environment-1] [INFO] [1748620732.286906988] [disinfect_environment]: Environment server started
[disinfect_planner-2] [INFO] [1748620732.854247150] [disinfect_planner]: Starting Planner server
[disinfect_planner-2] [INFO] [1748620732.858020409] [disinfect_planner]: Planner server started
[disinfect_planner-2] [INFO] [1748620733.016757204] [disinfect_planner]: Creating plan for: spotrobot1 uvdrobot1 nurse_disinfected1
[disinfect_planner-2] [INFO] [1748620733.018331143] [disinfect_planner]: a_navto,spotrobot1,room1
[disinfect_planner-2] [INFO] [1748620733.018639937] [disinfect_planner]: a_open_door,spotrobot1,room1
[disinfect_planner-2] [INFO] [1748620733.018933892] [disinfect_planner]: a_approach_nurse,spotrobot1,nurse_disinfected1
[disinfect_planner-2] [INFO] [1748620733.019264595] [disinfect_planner]: a_authenticate_nurse,spotrobot1,nurse_disinfected1
[disinfect_planner-2] [INFO] [1748620733.019559088] [disinfect_planner]: a_authorize_patrol,spotrobot1,nurse_disinfected1
[disinfect_planner-2] [INFO] [1748620733.019852403] [disinfect_planner]: a_patrol_room,spotrobot1,room1
[disinfect_planner-2] [INFO] [1748620733.020143917] [disinfect_planner]: a_authorize_disinfect,uvdrobot1,spotrobot1
[disinfect_planner-2] [INFO] [1748620733.020429737] [disinfect_planner]: a_navto,uvdrobot1,room1
[disinfect_planner-2] [INFO] [1748620733.020716047] [disinfect_planner]: a_disinfect_room,uvdrobot1,room1
[disinfect_planner-2] [INFO] [1748620733.021008787] [disinfect_planner]: Sending response
[uvdrobot-4] [INFO] [1748620733.021520505] [uvdrobot]: response.response uvdrobot1
[uvdrobot-4] [INFO] [1748620733.021874992] [uvdrobot]: My name is uvdrobot1
[nurse_disinfect-3] [INFO] [1748620733.022675696] [nurse_disinfect]: response.response nurse_disinfected1
[uvdrobot-4] [INFO] [1748620733.023005895] [uvdrobot]: I heard: "{"performative": "request", "sender": "Coordinator", "receiver": "uvdrobot1", "content": "Plan|a_authorize_disinfect,uvdrobot1,spotrobot1/a_navto,uvdrobot1,room1/a_disinfect_room,uvdrobot1,room1"}"
[nurse_disinfect-3] [INFO] [1748620733.023028015] [nurse_disinfect]: My name is nurse_disinfected1
[uvdrobot-4] [INFO] [1748620733.023293346] [uvdrobot]: And it is for me
[uvdrobot-4] [INFO] [1748620733.023631760] [uvdrobot]: Doing a_authorize_disinfect
[uvdrobot-4] [INFO] [1748620733.023882954] [uvdrobot]: a_authorize_disinfect
[uvdrobot-4] [INFO] [1748620733.024131019] [uvdrobot]: Here first, waiting for spotrobot
[spotrobot-5] [INFO] [1748620733.024275348] [spotrobot]: response.response spotrobot1
[uvdrobot-4] [INFO] [1748620733.024826880] [uvdrobot]: I heard: "{"performative": "request", "sender": "Coordinator", "receiver": "spotrobot1", "content": "Plan|a_navto,spotrobot1,room1/a_open_door,spotrobot1,room1/a_approach_nurse,spotrobot1,nurse_disinfected1/a_authenticate_nurse,spotrobot1,nurse_disinfected1/a_authorize_patrol,spotrobot1,nurse_disinfected1/a_patrol_room,spotrobot1,room1/a_authorize_disinfect,uvdrobot1,spotrobot1"}"
[spotrobot-5] [INFO] [1748620733.024849072] [spotrobot]: My name is spotrobot1
[uvdrobot-4] [INFO] [1748620733.025142584] [uvdrobot]: And it is not for me
[uvdrobot-4] [INFO] [1748620733.025466801] [uvdrobot]: I heard: "{"performative": "query", "sender": "uvdrobot1", "receiver": "spotrobot1", "content": "Ready|a_authorize_disinfect"}"
[uvdrobot-4] [INFO] [1748620733.025775368] [uvdrobot]: And it is not for me
[spotrobot-5] [INFO] [1748620733.025889795] [spotrobot]: I heard: "{"performative": "request", "sender": "Coordinator", "receiver": "uvdrobot1", "content": "Plan|a_authorize_disinfect,uvdrobot1,spotrobot1/a_navto,uvdrobot1,room1/a_disinfect_room,uvdrobot1,room1"}"
[uvdrobot-4] [INFO] [1748620733.026307764] [uvdrobot]: I heard: "{"performative": "request", "sender": "Coordinator", "receiver": "nurse_disinfected1", "content": "Plan|a_approach_nurse,spotrobot1,nurse_disinfected1/a_authenticate_nurse,spotrobot1,nurse_disinfected1/a_authorize_patrol,spotrobot1,nurse_disinfected1"}"
[spotrobot-5] [INFO] [1748620733.026404383] [spotrobot]: And it is not for me
[uvdrobot-4] [INFO] [1748620733.026646715] [uvdrobot]: And it is not for me
[spotrobot-5] [INFO] [1748620733.027097293] [spotrobot]: I heard: "{"performative": "query", "sender": "uvdrobot1", "receiver": "spotrobot1", "content": "Ready|a_authorize_disinfect"}"
[spotrobot-5] [INFO] [1748620733.027731350] [spotrobot]: And it is for me
[spotrobot-5] [INFO] [1748620733.028264952] [spotrobot]: No there yet
[spotrobot-5] [INFO] [1748620733.029256301] [spotrobot]: I heard: "{"performative": "request", "sender": "Coordinator", "receiver": "spotrobot1", "content": "Plan|a_navto,spotrobot1,room1/a_open_door,spotrobot1,room1/a_approach_nurse,spotrobot1,nurse_disinfected1/a_authenticate_nurse,spotrobot1,nurse_disinfected1/a_authorize_patrol,spotrobot1,nurse_disinfected1/a_patrol_room,spotrobot1,room1/a_authorize_disinfect,uvdrobot1,spotrobot1"}"
[spotrobot-5] [INFO] [1748620733.029583327] [spotrobot]: And it is for me
[spotrobot-5] [INFO] [1748620733.029935184] [spotrobot]: Doing a_navto
[spotrobot-5] [INFO] [1748620733.030685779] [spotrobot]: Wating for response
[spotrobot-5] [INFO] [1748620733.031307968] [spotrobot]: I heard: "{"performative": "request", "sender": "Coordinator", "receiver": "nurse_disinfected1", "content": "Plan|a_approach_nurse,spotrobot1,nurse_disinfected1/a_authenticate_nurse,spotrobot1,nurse_disinfected1/a_authorize_patrol,spotrobot1,nurse_disinfected1"}"
[spotrobot-5] [INFO] [1748620733.031620976] [spotrobot]: And it is not for me
[spotrobot-5] [INFO] [1748620733.032837505] [spotrobot]: success
[spotrobot-5] [INFO] [1748620733.033379620] [spotrobot]: Doing a_open_door
[spotrobot-5] [INFO] [1748620733.033849494] [spotrobot]: Wating for response
[spotrobot-5] [INFO] [1748620733.034839509] [spotrobot]: success
[spotrobot-5] [INFO] [1748620733.035182599] [spotrobot]: Doing a_approach_nurse
[spotrobot-5] [INFO] [1748620733.035611259] [spotrobot]: Wating for response
[spotrobot-5] [INFO] [1748620733.036430200] [spotrobot]: success
[spotrobot-5] [INFO] [1748620733.036769067] [spotrobot]: Doing a_authenticate_nurse
[spotrobot-5] [INFO] [1748620733.037117643] [spotrobot]: a_authenticate_nurse
[spotrobot-5] [INFO] [1748620733.037417585] [spotrobot]: Here first, waiting for nurse
[uvdrobot-4] [INFO] [1748620733.038029219] [uvdrobot]: I heard: "{"performative": "query", "sender": "spotrobot1", "receiver": "nurse_disinfected1", "content": "Ready|a_authenticate_nurse"}"
[spotrobot-5] [INFO] [1748620733.038039425] [spotrobot]: I heard: "{"performative": "query", "sender": "spotrobot1", "receiver": "nurse_disinfected1", "content": "Ready|a_authenticate_nurse"}"
[uvdrobot-4] [INFO] [1748620733.038362929] [uvdrobot]: And it is not for me
[spotrobot-5] [INFO] [1748620733.038456121] [spotrobot]: And it is not for me
[nurse_disinfect-3] [INFO] [1748620734.025214036] [nurse_disinfect]: I heard: "{"performative": "request", "sender": "Coordinator", "receiver": "uvdrobot1", "content": "Plan|a_authorize_disinfect,uvdrobot1,spotrobot1/a_navto,uvdrobot1,room1/a_disinfect_room,uvdrobot1,room1"}"
[nurse_disinfect-3] [INFO] [1748620734.025772846] [nurse_disinfect]: And it is not for me
[nurse_disinfect-3] [INFO] [1748620734.026325698] [nurse_disinfect]: I heard: "{"performative": "query", "sender": "uvdrobot1", "receiver": "spotrobot1", "content": "Ready|a_authorize_disinfect"}"
[nurse_disinfect-3] [INFO] [1748620734.026810053] [nurse_disinfect]: And it is not for me
[nurse_disinfect-3] [INFO] [1748620734.027874174] [nurse_disinfect]: I heard: "{"performative": "request", "sender": "Coordinator", "receiver": "spotrobot1", "content": "Plan|a_navto,spotrobot1,room1/a_open_door,spotrobot1,room1/a_approach_nurse,spotrobot1,nurse_disinfected1/a_authenticate_nurse,spotrobot1,nurse_disinfected1/a_authorize_patrol,spotrobot1,nurse_disinfected1/a_patrol_room,spotrobot1,room1/a_authorize_disinfect,uvdrobot1,spotrobot1"}"
[nurse_disinfect-3] [INFO] [1748620734.028214464] [nurse_disinfect]: And it is not for me
[nurse_disinfect-3] [INFO] [1748620734.028550154] [nurse_disinfect]: I heard: "{"performative": "query", "sender": "spotrobot1", "receiver": "nurse_disinfected1", "content": "Ready|a_authenticate_nurse"}"
[nurse_disinfect-3] [INFO] [1748620734.029044181] [nurse_disinfect]: And it is for me
[nurse_disinfect-3] [INFO] [1748620734.029549162] [nurse_disinfect]: No there yet
[nurse_disinfect-3] [INFO] [1748620734.030434018] [nurse_disinfect]: I heard: "{"performative": "request", "sender": "Coordinator", "receiver": "nurse_disinfected1", "content": "Plan|a_approach_nurse,spotrobot1,nurse_disinfected1/a_authenticate_nurse,spotrobot1,nurse_disinfected1/a_authorize_patrol,spotrobot1,nurse_disinfected1"}"
[nurse_disinfect-3] [INFO] [1748620734.030943185] [nurse_disinfect]: And it is for me
[nurse_disinfect-3] [INFO] [1748620734.032972051] [nurse_disinfect]: a_approach_nurse
[nurse_disinfect-3] [INFO] [1748620734.033381488] [nurse_disinfect]: a_authenticate_nurse
[nurse_disinfect-3] [INFO] [1748620734.033847309] [nurse_disinfect]: Doing a_authenticate_nurse
[nurse_disinfect-3] [INFO] [1748620734.034424184] [nurse_disinfect]: a_authenticate_nurse
[nurse_disinfect-3] [INFO] [1748620734.034744460] [nurse_disinfect]: Robot is waiting, send action message
[nurse_disinfect-3] [INFO] [1748620734.035610348] [nurse_disinfect]: I heard: "{"performative": "query", "sender": "nurse_disinfected1", "receiver": "spotrobot1", "content": "Done|a_authenticate_nurse"}"
[uvdrobot-4] [INFO] [1748620734.035636979] [uvdrobot]: I heard: "{"performative": "query", "sender": "nurse_disinfected1", "receiver": "spotrobot1", "content": "Done|a_authenticate_nurse"}"
[spotrobot-5] [INFO] [1748620734.035699349] [spotrobot]: I heard: "{"performative": "query", "sender": "nurse_disinfected1", "receiver": "spotrobot1", "content": "Done|a_authenticate_nurse"}"
[nurse_disinfect-3] [INFO] [1748620734.036020097] [nurse_disinfect]: And it is not for me
[spotrobot-5] [INFO] [1748620734.036154386] [spotrobot]: And it is for me
[uvdrobot-4] [INFO] [1748620734.036156978] [uvdrobot]: And it is not for me
[spotrobot-5] [INFO] [1748620734.036629898] [spotrobot]: Finished action
[spotrobot-5] [INFO] [1748620734.037336761] [spotrobot]: Doing a_authorize_patrol
[uvdrobot-4] [INFO] [1748620734.037677785] [uvdrobot]: I heard: "{"performative": "query", "sender": "spotrobot1", "receiver": "nurse_disinfected1", "content": "Done|a_authenticate_nurse"}"
[nurse_disinfect-3] [INFO] [1748620734.037757719] [nurse_disinfect]: I heard: "{"performative": "query", "sender": "spotrobot1", "receiver": "nurse_disinfected1", "content": "Done|a_authenticate_nurse"}"
[spotrobot-5] [INFO] [1748620734.037825735] [spotrobot]: a_authorize_patrol
[uvdrobot-4] [INFO] [1748620734.038156314] [uvdrobot]: And it is not for me
[spotrobot-5] [INFO] [1748620734.038222125] [spotrobot]: Here first, waiting for nurse
[nurse_disinfect-3] [INFO] [1748620734.038257571] [nurse_disinfect]: And it is for me
[nurse_disinfect-3] [INFO] [1748620734.038777306] [nurse_disinfect]: Finished action
[uvdrobot-4] [INFO] [1748620734.038886367] [uvdrobot]: I heard: "{"performative": "query", "sender": "spotrobot1", "receiver": "nurse_disinfected1", "content": "Ready|a_authorize_patrol"}"
[spotrobot-5] [INFO] [1748620734.039129653] [spotrobot]: I heard: "{"performative": "query", "sender": "spotrobot1", "receiver": "nurse_disinfected1", "content": "Done|a_authenticate_nurse"}"
[uvdrobot-4] [INFO] [1748620734.039358863] [uvdrobot]: And it is not for me
[nurse_disinfect-3] [INFO] [1748620734.039536527] [nurse_disinfect]: a_authorize_patrol
[spotrobot-5] [INFO] [1748620734.039689368] [spotrobot]: And it is not for me
[nurse_disinfect-3] [INFO] [1748620734.039986152] [nurse_disinfect]: Doing a_authorize_patrol
[uvdrobot-4] [INFO] [1748620734.040238580] [uvdrobot]: I heard: "{"performative": "query", "sender": "nurse_disinfected1", "receiver": "spotrobot1", "content": "Done|a_authenticate_nurse"}"
[nurse_disinfect-3] [INFO] [1748620734.040450493] [nurse_disinfect]: a_authorize_patrol
[spotrobot-5] [INFO] [1748620734.040556180] [spotrobot]: I heard: "{"performative": "query", "sender": "spotrobot1", "receiver": "nurse_disinfected1", "content": "Ready|a_authorize_patrol"}"
[uvdrobot-4] [INFO] [1748620734.040651940] [uvdrobot]: And it is not for me
[nurse_disinfect-3] [INFO] [1748620734.041007295] [nurse_disinfect]: Here first, waiting for robot
[spotrobot-5] [INFO] [1748620734.041014129] [spotrobot]: And it is not for me
[uvdrobot-4] [INFO] [1748620734.041726609] [uvdrobot]: I heard: "{"performative": "query", "sender": "nurse_disinfected1", "receiver": "spotrobot1", "content": "Ready|a_authorize_patrol"}"
[nurse_disinfect-3] [INFO] [1748620734.041917293] [nurse_disinfect]: I heard: "{"performative": "query", "sender": "spotrobot1", "receiver": "nurse_disinfected1", "content": "Ready|a_authorize_patrol"}"
[spotrobot-5] [INFO] [1748620734.041986317] [spotrobot]: I heard: "{"performative": "query", "sender": "nurse_disinfected1", "receiver": "spotrobot1", "content": "Done|a_authenticate_nurse"}"
[uvdrobot-4] [INFO] [1748620734.042109886] [uvdrobot]: And it is not for me
[nurse_disinfect-3] [INFO] [1748620734.042277172] [nurse_disinfect]: And it is for me
[spotrobot-5] [INFO] [1748620734.042560729] [spotrobot]: And it is for me
[nurse_disinfect-3] [INFO] [1748620734.042762385] [nurse_disinfect]: Ready to act
[spotrobot-5] [INFO] [1748620734.043043340] [spotrobot]: Already finished action
[uvdrobot-4] [INFO] [1748620734.043681062] [uvdrobot]: I heard: "{"performative": "query", "sender": "nurse_disinfected1", "receiver": "spotrobot1", "content": "Done|a_authorize_patrol"}"
[nurse_disinfect-3] [INFO] [1748620734.043878364] [nurse_disinfect]: I heard: "{"performative": "query", "sender": "nurse_disinfected1", "receiver": "spotrobot1", "content": "Done|a_authenticate_nurse"}"
[spotrobot-5] [INFO] [1748620734.044084563] [spotrobot]: I heard: "{"performative": "query", "sender": "nurse_disinfected1", "receiver": "spotrobot1", "content": "Ready|a_authorize_patrol"}"
[uvdrobot-4] [INFO] [1748620734.044152539] [uvdrobot]: And it is not for me
[nurse_disinfect-3] [INFO] [1748620734.044254411] [nurse_disinfect]: And it is not for me
[spotrobot-5] [INFO] [1748620734.044663773] [spotrobot]: And it is for me
[nurse_disinfect-3] [INFO] [1748620734.045147562] [nurse_disinfect]: I heard: "{"performative": "query", "sender": "nurse_disinfected1", "receiver": "spotrobot1", "content": "Ready|a_authorize_patrol"}"
[spotrobot-5] [INFO] [1748620734.045380128] [spotrobot]: Ready to act
[nurse_disinfect-3] [INFO] [1748620734.045558225] [nurse_disinfect]: And it is not for me
[uvdrobot-4] [INFO] [1748620734.046140663] [uvdrobot]: I heard: "{"performative": "query", "sender": "spotrobot1", "receiver": "nurse_disinfected1", "content": "Done|a_authorize_patrol"}"
[nurse_disinfect-3] [INFO] [1748620734.046170016] [nurse_disinfect]: I heard: "{"performative": "query", "sender": "nurse_disinfected1", "receiver": "spotrobot1", "content": "Done|a_authorize_patrol"}"
[nurse_disinfect-3] [INFO] [1748620734.046617897] [nurse_disinfect]: And it is not for me
[spotrobot-5] [INFO] [1748620734.046638268] [spotrobot]: I heard: "{"performative": "query", "sender": "nurse_disinfected1", "receiver": "spotrobot1", "content": "Done|a_authorize_patrol"}"
[uvdrobot-4] [INFO] [1748620734.046845084] [uvdrobot]: And it is not for me
[spotrobot-5] [INFO] [1748620734.047042813] [spotrobot]: And it is for me
[nurse_disinfect-3] [INFO] [1748620734.047459727] [nurse_disinfect]: I heard: "{"performative": "query", "sender": "spotrobot1", "receiver": "nurse_disinfected1", "content": "Done|a_authorize_patrol"}"
[spotrobot-5] [INFO] [1748620734.047598927] [spotrobot]: Finished action
[nurse_disinfect-3] [INFO] [1748620734.047926680] [nurse_disinfect]: And it is for me
[spotrobot-5] [INFO] [1748620734.048172094] [spotrobot]: Doing a_patrol_room
[nurse_disinfect-3] [INFO] [1748620734.048474592] [nurse_disinfect]: Finished action
[uvdrobot-4] [INFO] [1748620734.048519959] [uvdrobot]: I heard: "{"performative": "query", "sender": "spotrobot1", "receiver": "nurse_disinfected1", "content": "Done|a_authorize_patrol"}"
[spotrobot-5] [INFO] [1748620734.048723646] [spotrobot]: Wating for response
[uvdrobot-4] [INFO] [1748620734.048931772] [uvdrobot]: And it is not for me
[spotrobot-5] [INFO] [1748620734.049361474] [spotrobot]: I heard: "{"performative": "query", "sender": "spotrobot1", "receiver": "nurse_disinfected1", "content": "Done|a_authorize_patrol"}"
[nurse_disinfect-3] [INFO] [1748620734.049641685] [nurse_disinfect]: I heard: "{"performative": "query", "sender": "spotrobot1", "receiver": "nurse_disinfected1", "content": "Done|a_authorize_patrol"}"
[uvdrobot-4] [INFO] [1748620734.049693340] [uvdrobot]: I heard: "{"performative": "query", "sender": "nurse_disinfected1", "receiver": "spotrobot1", "content": "Done|a_authorize_patrol"}"
[spotrobot-5] [INFO] [1748620734.049729347] [spotrobot]: And it is not for me
[uvdrobot-4] [INFO] [1748620734.050065183] [uvdrobot]: And it is not for me
[nurse_disinfect-3] [INFO] [1748620734.050151003] [nurse_disinfect]: And it is for me
[spotrobot-5] [INFO] [1748620734.050424520] [spotrobot]: I heard: "{"performative": "query", "sender": "spotrobot1", "receiver": "nurse_disinfected1", "content": "Done|a_authorize_patrol"}"
[nurse_disinfect-3] [INFO] [1748620734.050669956] [nurse_disinfect]: Already finished action
[spotrobot-5] [INFO] [1748620734.050854877] [spotrobot]: And it is not for me
[nurse_disinfect-3] [INFO] [1748620734.051733445] [nurse_disinfect]: I heard: "{"performative": "query", "sender": "nurse_disinfected1", "receiver": "spotrobot1", "content": "Done|a_authorize_patrol"}"
[spotrobot-5] [INFO] [1748620734.051818797] [spotrobot]: I heard: "{"performative": "query", "sender": "nurse_disinfected1", "receiver": "spotrobot1", "content": "Done|a_authorize_patrol"}"
[nurse_disinfect-3] [INFO] [1748620734.052116986] [nurse_disinfect]: And it is not for me
[spotrobot-5] [INFO] [1748620734.052266811] [spotrobot]: And it is for me
[spotrobot-5] [INFO] [1748620734.052590151] [spotrobot]: Already finished action
[spotrobot-5] [INFO] [1748620734.054173413] [spotrobot]: success
[spotrobot-5] [INFO] [1748620734.054765293] [spotrobot]: Doing a_authorize_disinfect
[spotrobot-5] [INFO] [1748620734.055251383] [spotrobot]: a_authorize_disinfect
[spotrobot-5] [INFO] [1748620734.055718835] [spotrobot]: Here first, waiting for spotrobot
[uvdrobot-4] [INFO] [1748620734.056535455] [uvdrobot]: I heard: "{"performative": "query", "sender": "spotrobot1", "receiver": "uvdrobot1", "content": "Ready|a_authorize_disinfect"}"
[spotrobot-5] [INFO] [1748620734.056590323] [spotrobot]: I heard: "{"performative": "query", "sender": "spotrobot1", "receiver": "uvdrobot1", "content": "Ready|a_authorize_disinfect"}"
[nurse_disinfect-3] [INFO] [1748620734.056848937] [nurse_disinfect]: I heard: "{"performative": "query", "sender": "spotrobot1", "receiver": "uvdrobot1", "content": "Ready|a_authorize_disinfect"}"
[spotrobot-5] [INFO] [1748620734.057080353] [spotrobot]: And it is not for me
[uvdrobot-4] [INFO] [1748620734.057108614] [uvdrobot]: And it is for me
[nurse_disinfect-3] [INFO] [1748620734.057229669] [nurse_disinfect]: And it is not for me
[uvdrobot-4] [INFO] [1748620734.057650012] [uvdrobot]: Ready to act
[nurse_disinfect-3] [INFO] [1748620734.058432085] [nurse_disinfect]: I heard: "{"performative": "query", "sender": "uvdrobot1", "receiver": "spotrobot1", "content": "Done|a_authorize_disinfect"}"
[uvdrobot-4] [INFO] [1748620734.058577421] [uvdrobot]: I heard: "{"performative": "query", "sender": "uvdrobot1", "receiver": "spotrobot1", "content": "Done|a_authorize_disinfect"}"
[spotrobot-5] [INFO] [1748620734.058834764] [spotrobot]: I heard: "{"performative": "query", "sender": "uvdrobot1", "receiver": "spotrobot1", "content": "Done|a_authorize_disinfect"}"
[uvdrobot-4] [INFO] [1748620734.058956834] [uvdrobot]: And it is not for me
[nurse_disinfect-3] [INFO] [1748620734.058965036] [nurse_disinfect]: And it is not for me
[spotrobot-5] [INFO] [1748620734.059358336] [spotrobot]: And it is for me
[spotrobot-5] [INFO] [1748620734.059878608] [spotrobot]: Finished action
[uvdrobot-4] [INFO] [1748620734.060669521] [uvdrobot]: I heard: "{"performative": "query", "sender": "spotrobot1", "receiver": "uvdrobot1", "content": "Done|a_authorize_disinfect"}"
[nurse_disinfect-3] [INFO] [1748620734.060826220] [nurse_disinfect]: I heard: "{"performative": "query", "sender": "spotrobot1", "receiver": "uvdrobot1", "content": "Done|a_authorize_disinfect"}"
[nurse_disinfect-3] [INFO] [1748620734.061326488] [nurse_disinfect]: And it is not for me
[uvdrobot-4] [INFO] [1748620734.061357766] [uvdrobot]: And it is for me
[spotrobot-5] [INFO] [1748620734.061369315] [spotrobot]: I heard: "{"performative": "query", "sender": "spotrobot1", "receiver": "uvdrobot1", "content": "Done|a_authorize_disinfect"}"
[spotrobot-5] [INFO] [1748620734.061930963] [spotrobot]: And it is not for me
[uvdrobot-4] [INFO] [1748620734.061948510] [uvdrobot]: Finished action
[uvdrobot-4] [INFO] [1748620734.062463965] [uvdrobot]: Doing a_navto
[spotrobot-5] [INFO] [1748620734.062721425] [spotrobot]: I heard: "{"performative": "query", "sender": "uvdrobot1", "receiver": "spotrobot1", "content": "Done|a_authorize_disinfect"}"
[uvdrobot-4] [INFO] [1748620734.062870584] [uvdrobot]: Waiting for response
[nurse_disinfect-3] [INFO] [1748620734.062899974] [nurse_disinfect]: I heard: "{"performative": "query", "sender": "uvdrobot1", "receiver": "spotrobot1", "content": "Done|a_authorize_disinfect"}"
[spotrobot-5] [INFO] [1748620734.063269356] [spotrobot]: And it is for me
[nurse_disinfect-3] [INFO] [1748620734.063333479] [nurse_disinfect]: And it is not for me
[uvdrobot-4] [INFO] [1748620734.063385407] [uvdrobot]: I heard: "{"performative": "query", "sender": "uvdrobot1", "receiver": "spotrobot1", "content": "Done|a_authorize_disinfect"}"
[spotrobot-5] [INFO] [1748620734.063656546] [spotrobot]: Already finished action
[uvdrobot-4] [INFO] [1748620734.063785569] [uvdrobot]: And it is not for me
[uvdrobot-4] [INFO] [1748620734.064904367] [uvdrobot]: success
[uvdrobot-4] [INFO] [1748620734.065513923] [uvdrobot]: Doing a_disinfect_room
[uvdrobot-4] [INFO] [1748620734.066179061] [uvdrobot]: Waiting for response
[uvdrobot-4] [INFO] [1748620734.067608379] [uvdrobot]: success
[nurse_disinfect-3] [INFO] [1748620734.070167761] [nurse_disinfect]: Recebido sinal de desligamento do coordenador, finalizando...
[disinfect_planner-2] [INFO] [1748620734.070172450] [disinfect_planner]: Recebido sinal de desligamento do coordenador, finalizando...
[spotrobot-5] [INFO] [1748620734.070199611] [spotrobot]: Recebido sinal de desligamento do coordenador, finalizando...
[uvdrobot-4] [INFO] [1748620734.070241508] [uvdrobot]: Recebido sinal de desligamento do coordenador, finalizando...
[disinfect_environment-1] [INFO] [1748620734.070293684] [disinfect_environment]: Recebido sinal de desligamento do coordenador, finalizando...
[spotrobot-5] [INFO] [1748620734.070556700] [Quitting]: Done
[disinfect_planner-2] [INFO] [1748620734.070565644] [Quitting]: Done
[nurse_disinfect-3] [INFO] [1748620734.070568356] [Quitting]: Done
[uvdrobot-4] [INFO] [1748620734.070788459] [Quitting]: Done
[disinfect_environment-1] [INFO] [1748620734.070935141] [Quitting]: Done
[INFO] [disinfect_environment-1]: process has finished cleanly [pid 28683]
[INFO] [nurse_disinfect-3]: process has finished cleanly [pid 28687]
[INFO] [uvdrobot-4]: process has finished cleanly [pid 28689]
[INFO] [spotrobot-5]: process has finished cleanly [pid 28691]
