[INFO] [launch]: All log files can be found below /home/rafael/.ros/log/2025-05-30-12-58-09-748429-NotebookRafael-27969
[INFO] [launch]: Default logging verbosity is set to INFO
[INFO] [disinfect_environment-1]: process started with pid [27972]
[INFO] [disinfect_planner-2]: process started with pid [27974]
[INFO] [nurse_disinfect-3]: process started with pid [27976]
[INFO] [uvdrobot-4]: process started with pid [27978]
[INFO] [spotrobot-5]: process started with pid [27980]
[disinfect_environment-1] [INFO] [1748620690.017242685] [disinfect_environment]: Starting Environment server
[disinfect_environment-1] [INFO] [1748620690.020892750] [disinfect_environment]: Environment server started
[disinfect_planner-2] [INFO] [1748620690.559572273] [disinfect_planner]: Starting Planner server
[disinfect_planner-2] [INFO] [1748620690.563449204] [disinfect_planner]: Planner server started
[disinfect_planner-2] [INFO] [1748620690.787565284] [disinfect_planner]: Creating plan for: spotrobot1 uvdrobot1 nurse_disinfected1
[disinfect_planner-2] [INFO] [1748620690.789009187] [disinfect_planner]: a_navto,spotrobot1,room1
[disinfect_planner-2] [INFO] [1748620690.789311925] [disinfect_planner]: a_open_door,spotrobot1,room1
[disinfect_planner-2] [INFO] [1748620690.789616799] [disinfect_planner]: a_approach_nurse,spotrobot1,nurse_disinfected1
[disinfect_planner-2] [INFO] [1748620690.789905951] [disinfect_planner]: a_authenticate_nurse,spotrobot1,nurse_disinfected1
[disinfect_planner-2] [INFO] [1748620690.790193937] [disinfect_planner]: a_authorize_patrol,spotrobot1,nurse_disinfected1
[disinfect_planner-2] [INFO] [1748620690.790480945] [disinfect_planner]: a_patrol_room,spotrobot1,room1
[disinfect_planner-2] [INFO] [1748620690.790806340] [disinfect_planner]: a_authorize_disinfect,uvdrobot1,spotrobot1
[disinfect_planner-2] [INFO] [1748620690.791118528] [disinfect_planner]: a_navto,uvdrobot1,room1
[uvdrobot-4] [INFO] [1748620690.791250116] [uvdrobot]: response.response uvdrobot1
[disinfect_planner-2] [INFO] [1748620690.791406922] [disinfect_planner]: a_disinfect_room,uvdrobot1,room1
[uvdrobot-4] [INFO] [1748620690.791582864] [uvdrobot]: My name is uvdrobot1
[disinfect_planner-2] [INFO] [1748620690.791651255] [disinfect_planner]: Sending response
[uvdrobot-4] [INFO] [1748620690.794213856] [uvdrobot]: I heard: "{"performative": "request", "sender": "Coordinator", "receiver": "uvdrobot1", "content": "Plan|a_authorize_disinfect,uvdrobot1,spotrobot1/a_navto,uvdrobot1,room1/a_disinfect_room,uvdrobot1,room1"}"
[nurse_disinfect-3] [INFO] [1748620690.794551276] [nurse_disinfect]: response.response nurse_disinfected1
[uvdrobot-4] [INFO] [1748620690.794603083] [uvdrobot]: And it is for me
[uvdrobot-4] [INFO] [1748620690.794980480] [uvdrobot]: Doing a_authorize_disinfect
[nurse_disinfect-3] [INFO] [1748620690.795099258] [nurse_disinfect]: My name is nurse_disinfected1
[spotrobot-5] [INFO] [1748620690.795109746] [spotrobot]: response.response spotrobot1
[uvdrobot-4] [INFO] [1748620690.795241037] [uvdrobot]: a_authorize_disinfect
[uvdrobot-4] [INFO] [1748620690.795593054] [uvdrobot]: Here first, waiting for spotrobot
[spotrobot-5] [INFO] [1748620690.795651553] [spotrobot]: My name is spotrobot1
[uvdrobot-4] [INFO] [1748620690.796411698] [uvdrobot]: I heard: "{"performative": "request", "sender": "Coordinator", "receiver": "spotrobot1", "content": "Plan|a_navto,spotrobot1,room1/a_open_door,spotrobot1,room1/a_approach_nurse,spotrobot1,nurse_disinfected1/a_authenticate_nurse,spotrobot1,nurse_disinfected1/a_authorize_patrol,spotrobot1,nurse_disinfected1/a_patrol_room,spotrobot1,room1/a_authorize_disinfect,uvdrobot1,spotrobot1"}"
[uvdrobot-4] [INFO] [1748620690.796688611] [uvdrobot]: And it is not for me
[spotrobot-5] [INFO] [1748620690.796736332] [spotrobot]: I heard: "{"performative": "request", "sender": "Coordinator", "receiver": "uvdrobot1", "content": "Plan|a_authorize_disinfect,uvdrobot1,spotrobot1/a_navto,uvdrobot1,room1/a_disinfect_room,uvdrobot1,room1"}"
[uvdrobot-4] [INFO] [1748620690.797152904] [uvdrobot]: I heard: "{"performative": "query", "sender": "uvdrobot1", "receiver": "spotrobot1", "content": "Ready|a_authorize_disinfect"}"
[spotrobot-5] [INFO] [1748620690.797232019] [spotrobot]: And it is not for me
[uvdrobot-4] [INFO] [1748620690.797545462] [uvdrobot]: And it is not for me
[spotrobot-5] [INFO] [1748620690.797906547] [spotrobot]: I heard: "{"performative": "query", "sender": "uvdrobot1", "receiver": "spotrobot1", "content": "Ready|a_authorize_disinfect"}"
[spotrobot-5] [INFO] [1748620690.798229494] [spotrobot]: And it is for me
[uvdrobot-4] [INFO] [1748620690.798292674] [uvdrobot]: I heard: "{"performative": "request", "sender": "Coordinator", "receiver": "nurse_disinfected1", "content": "Plan|a_approach_nurse,spotrobot1,nurse_disinfected1/a_authenticate_nurse,spotrobot1,nurse_disinfected1/a_authorize_patrol,spotrobot1,nurse_disinfected1"}"
[uvdrobot-4] [INFO] [1748620690.798654245] [uvdrobot]: And it is not for me
[spotrobot-5] [INFO] [1748620690.798804678] [spotrobot]: No there yet
[spotrobot-5] [INFO] [1748620690.799599945] [spotrobot]: I heard: "{"performative": "request", "sender": "Coordinator", "receiver": "spotrobot1", "content": "Plan|a_navto,spotrobot1,room1/a_open_door,spotrobot1,room1/a_approach_nurse,spotrobot1,nurse_disinfected1/a_authenticate_nurse,spotrobot1,nurse_disinfected1/a_authorize_patrol,spotrobot1,nurse_disinfected1/a_patrol_room,spotrobot1,room1/a_authorize_disinfect,uvdrobot1,spotrobot1"}"
[spotrobot-5] [INFO] [1748620690.799978252] [spotrobot]: And it is for me
[spotrobot-5] [INFO] [1748620690.800342147] [spotrobot]: Doing a_navto
[spotrobot-5] [INFO] [1748620690.800741858] [spotrobot]: Wating for response
[spotrobot-5] [INFO] [1748620690.801226701] [spotrobot]: I heard: "{"performative": "request", "sender": "Coordinator", "receiver": "nurse_disinfected1", "content": "Plan|a_approach_nurse,spotrobot1,nurse_disinfected1/a_authenticate_nurse,spotrobot1,nurse_disinfected1/a_authorize_patrol,spotrobot1,nurse_disinfected1"}"
[spotrobot-5] [INFO] [1748620690.801628757] [spotrobot]: And it is not for me
[spotrobot-5] [INFO] [1748620690.802942424] [spotrobot]: success
[spotrobot-5] [INFO] [1748620690.803336680] [spotrobot]: Doing a_open_door
[spotrobot-5] [INFO] [1748620690.804068503] [spotrobot]: Wating for response
[spotrobot-5] [INFO] [1748620690.805385196] [spotrobot]: success
[spotrobot-5] [INFO] [1748620690.806008102] [spotrobot]: Doing a_approach_nurse
[spotrobot-5] [INFO] [1748620690.806695078] [spotrobot]: Wating for response
[spotrobot-5] [INFO] [1748620690.807772827] [spotrobot]: success
[spotrobot-5] [INFO] [1748620690.808236371] [spotrobot]: Doing a_authenticate_nurse
[spotrobot-5] [INFO] [1748620690.808545039] [spotrobot]: a_authenticate_nurse
[spotrobot-5] [INFO] [1748620690.808895472] [spotrobot]: Here first, waiting for nurse
[spotrobot-5] [INFO] [1748620690.809592077] [spotrobot]: I heard: "{"performative": "query", "sender": "spotrobot1", "receiver": "nurse_disinfected1", "content": "Ready|a_authenticate_nurse"}"
[uvdrobot-4] [INFO] [1748620690.809675169] [uvdrobot]: I heard: "{"performative": "query", "sender": "spotrobot1", "receiver": "nurse_disinfected1", "content": "Ready|a_authenticate_nurse"}"
[spotrobot-5] [INFO] [1748620690.809904541] [spotrobot]: And it is not for me
[uvdrobot-4] [INFO] [1748620690.809968231] [uvdrobot]: And it is not for me
[nurse_disinfect-3] [INFO] [1748620691.796643351] [nurse_disinfect]: I heard: "{"performative": "request", "sender": "Coordinator", "receiver": "uvdrobot1", "content": "Plan|a_authorize_disinfect,uvdrobot1,spotrobot1/a_navto,uvdrobot1,room1/a_disinfect_room,uvdrobot1,room1"}"
[nurse_disinfect-3] [INFO] [1748620691.797028280] [nurse_disinfect]: And it is not for me
[nurse_disinfect-3] [INFO] [1748620691.797708899] [nurse_disinfect]: I heard: "{"performative": "query", "sender": "uvdrobot1", "receiver": "spotrobot1", "content": "Ready|a_authorize_disinfect"}"
[nurse_disinfect-3] [INFO] [1748620691.798032804] [nurse_disinfect]: And it is not for me
[nurse_disinfect-3] [INFO] [1748620691.798628699] [nurse_disinfect]: I heard: "{"performative": "request", "sender": "Coordinator", "receiver": "spotrobot1", "content": "Plan|a_navto,spotrobot1,room1/a_open_door,spotrobot1,room1/a_approach_nurse,spotrobot1,nurse_disinfected1/a_authenticate_nurse,spotrobot1,nurse_disinfected1/a_authorize_patrol,spotrobot1,nurse_disinfected1/a_patrol_room,spotrobot1,room1/a_authorize_disinfect,uvdrobot1,spotrobot1"}"
[nurse_disinfect-3] [INFO] [1748620691.798945584] [nurse_disinfect]: And it is not for me
[nurse_disinfect-3] [INFO] [1748620691.799313673] [nurse_disinfect]: I heard: "{"performative": "query", "sender": "spotrobot1", "receiver": "nurse_disinfected1", "content": "Ready|a_authenticate_nurse"}"
[nurse_disinfect-3] [INFO] [1748620691.799660396] [nurse_disinfect]: And it is for me
[nurse_disinfect-3] [INFO] [1748620691.799966256] [nurse_disinfect]: No there yet
[nurse_disinfect-3] [INFO] [1748620691.800494647] [nurse_disinfect]: I heard: "{"performative": "request", "sender": "Coordinator", "receiver": "nurse_disinfected1", "content": "Plan|a_approach_nurse,spotrobot1,nurse_disinfected1/a_authenticate_nurse,spotrobot1,nurse_disinfected1/a_authorize_patrol,spotrobot1,nurse_disinfected1"}"
[nurse_disinfect-3] [INFO] [1748620691.800965429] [nurse_disinfect]: And it is for me
[nurse_disinfect-3] [INFO] [1748620691.802418174] [nurse_disinfect]: a_approach_nurse
[nurse_disinfect-3] [INFO] [1748620691.802963387] [nurse_disinfect]: a_authenticate_nurse
[nurse_disinfect-3] [INFO] [1748620691.803446797] [nurse_disinfect]: Doing a_authenticate_nurse
[nurse_disinfect-3] [INFO] [1748620691.803903699] [nurse_disinfect]: a_authenticate_nurse
[nurse_disinfect-3] [INFO] [1748620691.804466065] [nurse_disinfect]: Robot is waiting, send action message
[uvdrobot-4] [INFO] [1748620691.805129520] [uvdrobot]: I heard: "{"performative": "query", "sender": "nurse_disinfected1", "receiver": "spotrobot1", "content": "Done|a_authenticate_nurse"}"
[spotrobot-5] [INFO] [1748620691.805215774] [spotrobot]: I heard: "{"performative": "query", "sender": "nurse_disinfected1", "receiver": "spotrobot1", "content": "Done|a_authenticate_nurse"}"
[nurse_disinfect-3] [INFO] [1748620691.805268286] [nurse_disinfect]: I heard: "{"performative": "query", "sender": "nurse_disinfected1", "receiver": "spotrobot1", "content": "Done|a_authenticate_nurse"}"
[uvdrobot-4] [INFO] [1748620691.805470162] [uvdrobot]: And it is not for me
[spotrobot-5] [INFO] [1748620691.805524338] [spotrobot]: And it is for me
[nurse_disinfect-3] [INFO] [1748620691.805764742] [nurse_disinfect]: And it is not for me
[spotrobot-5] [INFO] [1748620691.805795027] [spotrobot]: Finished action
[uvdrobot-4] [INFO] [1748620691.806385275] [uvdrobot]: I heard: "{"performative": "query", "sender": "spotrobot1", "receiver": "nurse_disinfected1", "content": "Done|a_authenticate_nurse"}"
[nurse_disinfect-3] [INFO] [1748620691.806494411] [nurse_disinfect]: I heard: "{"performative": "query", "sender": "spotrobot1", "receiver": "nurse_disinfected1", "content": "Done|a_authenticate_nurse"}"
[spotrobot-5] [INFO] [1748620691.806536765] [spotrobot]: Doing a_authorize_patrol
[nurse_disinfect-3] [INFO] [1748620691.806829332] [nurse_disinfect]: And it is for me
[uvdrobot-4] [INFO] [1748620691.806862633] [uvdrobot]: And it is not for me
[spotrobot-5] [INFO] [1748620691.806984891] [spotrobot]: a_authorize_patrol
[spotrobot-5] [INFO] [1748620691.807263844] [spotrobot]: Here first, waiting for nurse
[nurse_disinfect-3] [INFO] [1748620691.807363017] [nurse_disinfect]: Finished action
[nurse_disinfect-3] [INFO] [1748620691.807911977] [nurse_disinfect]: a_authorize_patrol
[spotrobot-5] [INFO] [1748620691.807931057] [spotrobot]: I heard: "{"performative": "query", "sender": "spotrobot1", "receiver": "nurse_disinfected1", "content": "Done|a_authenticate_nurse"}"
[uvdrobot-4] [INFO] [1748620691.808084764] [uvdrobot]: I heard: "{"performative": "query", "sender": "spotrobot1", "receiver": "nurse_disinfected1", "content": "Ready|a_authorize_patrol"}"
[spotrobot-5] [INFO] [1748620691.808207051] [spotrobot]: And it is not for me
[nurse_disinfect-3] [INFO] [1748620691.808222951] [nurse_disinfect]: Doing a_authorize_patrol
[nurse_disinfect-3] [INFO] [1748620691.808475993] [nurse_disinfect]: a_authorize_patrol
[uvdrobot-4] [INFO] [1748620691.808587472] [uvdrobot]: And it is not for me
[spotrobot-5] [INFO] [1748620691.808774796] [spotrobot]: I heard: "{"performative": "query", "sender": "spotrobot1", "receiver": "nurse_disinfected1", "content": "Ready|a_authorize_patrol"}"
[nurse_disinfect-3] [INFO] [1748620691.809023100] [nurse_disinfect]: Here first, waiting for robot
[spotrobot-5] [INFO] [1748620691.809351175] [spotrobot]: And it is not for me
[uvdrobot-4] [INFO] [1748620691.809470973] [uvdrobot]: I heard: "{"performative": "query", "sender": "nurse_disinfected1", "receiver": "spotrobot1", "content": "Done|a_authenticate_nurse"}"
[spotrobot-5] [INFO] [1748620691.809956443] [spotrobot]: I heard: "{"performative": "query", "sender": "nurse_disinfected1", "receiver": "spotrobot1", "content": "Done|a_authenticate_nurse"}"
[uvdrobot-4] [INFO] [1748620691.809959753] [uvdrobot]: And it is not for me
[nurse_disinfect-3] [INFO] [1748620691.810104872] [nurse_disinfect]: I heard: "{"performative": "query", "sender": "spotrobot1", "receiver": "nurse_disinfected1", "content": "Ready|a_authorize_patrol"}"
[spotrobot-5] [INFO] [1748620691.810342625] [spotrobot]: And it is for me
[nurse_disinfect-3] [INFO] [1748620691.810587419] [nurse_disinfect]: And it is for me
[spotrobot-5] [INFO] [1748620691.810622338] [spotrobot]: Already finished action
[uvdrobot-4] [INFO] [1748620691.810821148] [uvdrobot]: I heard: "{"performative": "query", "sender": "nurse_disinfected1", "receiver": "spotrobot1", "content": "Ready|a_authorize_patrol"}"
[nurse_disinfect-3] [INFO] [1748620691.811030108] [nurse_disinfect]: Ready to act
[spotrobot-5] [INFO] [1748620691.811163793] [spotrobot]: I heard: "{"performative": "query", "sender": "nurse_disinfected1", "receiver": "spotrobot1", "content": "Ready|a_authorize_patrol"}"
[uvdrobot-4] [INFO] [1748620691.811336844] [uvdrobot]: And it is not for me
[spotrobot-5] [INFO] [1748620691.811445355] [spotrobot]: And it is for me
[spotrobot-5] [INFO] [1748620691.811794640] [spotrobot]: Ready to act
[nurse_disinfect-3] [INFO] [1748620691.812134290] [nurse_disinfect]: I heard: "{"performative": "query", "sender": "nurse_disinfected1", "receiver": "spotrobot1", "content": "Done|a_authenticate_nurse"}"
[uvdrobot-4] [INFO] [1748620691.812152338] [uvdrobot]: I heard: "{"performative": "query", "sender": "nurse_disinfected1", "receiver": "spotrobot1", "content": "Done|a_authorize_patrol"}"
[spotrobot-5] [INFO] [1748620691.812546340] [spotrobot]: I heard: "{"performative": "query", "sender": "nurse_disinfected1", "receiver": "spotrobot1", "content": "Done|a_authorize_patrol"}"
[nurse_disinfect-3] [INFO] [1748620691.812601505] [nurse_disinfect]: And it is not for me
[uvdrobot-4] [INFO] [1748620691.812620388] [uvdrobot]: And it is not for me
[spotrobot-5] [INFO] [1748620691.812817959] [spotrobot]: And it is for me
[spotrobot-5] [INFO] [1748620691.813070082] [spotrobot]: Finished action
[uvdrobot-4] [INFO] [1748620691.813419222] [uvdrobot]: I heard: "{"performative": "query", "sender": "spotrobot1", "receiver": "nurse_disinfected1", "content": "Done|a_authorize_patrol"}"
[nurse_disinfect-3] [INFO] [1748620691.813436107] [nurse_disinfect]: I heard: "{"performative": "query", "sender": "nurse_disinfected1", "receiver": "spotrobot1", "content": "Ready|a_authorize_patrol"}"
[spotrobot-5] [INFO] [1748620691.813499138] [spotrobot]: Doing a_patrol_room
[nurse_disinfect-3] [INFO] [1748620691.813945361] [nurse_disinfect]: And it is not for me
[uvdrobot-4] [INFO] [1748620691.813960213] [uvdrobot]: And it is not for me
[spotrobot-5] [INFO] [1748620691.814006722] [spotrobot]: Wating for response
[spotrobot-5] [INFO] [1748620691.814604287] [spotrobot]: I heard: "{"performative": "query", "sender": "spotrobot1", "receiver": "nurse_disinfected1", "content": "Done|a_authorize_patrol"}"
[nurse_disinfect-3] [INFO] [1748620691.814791756] [nurse_disinfect]: I heard: "{"performative": "query", "sender": "nurse_disinfected1", "receiver": "spotrobot1", "content": "Done|a_authorize_patrol"}"
[uvdrobot-4] [INFO] [1748620691.814853353] [uvdrobot]: I heard: "{"performative": "query", "sender": "spotrobot1", "receiver": "nurse_disinfected1", "content": "Done|a_authorize_patrol"}"
[spotrobot-5] [INFO] [1748620691.815128930] [spotrobot]: And it is not for me
[nurse_disinfect-3] [INFO] [1748620691.815261723] [nurse_disinfect]: And it is not for me
[uvdrobot-4] [INFO] [1748620691.815301109] [uvdrobot]: And it is not for me
[spotrobot-5] [INFO] [1748620691.815792500] [spotrobot]: I heard: "{"performative": "query", "sender": "spotrobot1", "receiver": "nurse_disinfected1", "content": "Done|a_authorize_patrol"}"
[nurse_disinfect-3] [INFO] [1748620691.816196979] [nurse_disinfect]: I heard: "{"performative": "query", "sender": "spotrobot1", "receiver": "nurse_disinfected1", "content": "Done|a_authorize_patrol"}"
[spotrobot-5] [INFO] [1748620691.816313197] [spotrobot]: And it is not for me
[nurse_disinfect-3] [INFO] [1748620691.816686385] [nurse_disinfect]: And it is for me
[nurse_disinfect-3] [INFO] [1748620691.817050831] [nurse_disinfect]: Finished action
[spotrobot-5] [INFO] [1748620691.817065314] [spotrobot]: success
[spotrobot-5] [INFO] [1748620691.817392198] [spotrobot]: Doing a_authorize_disinfect
[spotrobot-5] [INFO] [1748620691.817647063] [spotrobot]: a_authorize_disinfect
[uvdrobot-4] [INFO] [1748620691.817799891] [uvdrobot]: I heard: "{"performative": "query", "sender": "nurse_disinfected1", "receiver": "spotrobot1", "content": "Done|a_authorize_patrol"}"
[spotrobot-5] [INFO] [1748620691.817950048] [spotrobot]: Here first, waiting for spotrobot
[nurse_disinfect-3] [INFO] [1748620691.818004786] [nurse_disinfect]: I heard: "{"performative": "query", "sender": "spotrobot1", "receiver": "nurse_disinfected1", "content": "Done|a_authorize_patrol"}"
[uvdrobot-4] [INFO] [1748620691.818301490] [uvdrobot]: And it is not for me
[nurse_disinfect-3] [INFO] [1748620691.818342212] [nurse_disinfect]: And it is for me
[spotrobot-5] [INFO] [1748620691.818547357] [spotrobot]: I heard: "{"performative": "query", "sender": "nurse_disinfected1", "receiver": "spotrobot1", "content": "Done|a_authorize_patrol"}"
[nurse_disinfect-3] [INFO] [1748620691.818645244] [nurse_disinfect]: Already finished action
[spotrobot-5] [INFO] [1748620691.818817230] [spotrobot]: And it is for me
[uvdrobot-4] [INFO] [1748620691.818922109] [uvdrobot]: I heard: "{"performative": "query", "sender": "spotrobot1", "receiver": "uvdrobot1", "content": "Ready|a_authorize_disinfect"}"
[spotrobot-5] [INFO] [1748620691.819097227] [spotrobot]: Already finished action
[uvdrobot-4] [INFO] [1748620691.819257001] [uvdrobot]: And it is for me
[nurse_disinfect-3] [INFO] [1748620691.819412561] [nurse_disinfect]: I heard: "{"performative": "query", "sender": "nurse_disinfected1", "receiver": "spotrobot1", "content": "Done|a_authorize_patrol"}"
[spotrobot-5] [INFO] [1748620691.819618237] [spotrobot]: I heard: "{"performative": "query", "sender": "spotrobot1", "receiver": "uvdrobot1", "content": "Ready|a_authorize_disinfect"}"
[nurse_disinfect-3] [INFO] [1748620691.819751153] [nurse_disinfect]: And it is not for me
[uvdrobot-4] [INFO] [1748620691.819796957] [uvdrobot]: Ready to act
[spotrobot-5] [INFO] [1748620691.819928869] [spotrobot]: And it is not for me
[nurse_disinfect-3] [INFO] [1748620691.820467407] [nurse_disinfect]: I heard: "{"performative": "query", "sender": "spotrobot1", "receiver": "uvdrobot1", "content": "Ready|a_authorize_disinfect"}"
[uvdrobot-4] [INFO] [1748620691.820515517] [uvdrobot]: I heard: "{"performative": "query", "sender": "uvdrobot1", "receiver": "spotrobot1", "content": "Done|a_authorize_disinfect"}"
[spotrobot-5] [INFO] [1748620691.820681546] [spotrobot]: I heard: "{"performative": "query", "sender": "uvdrobot1", "receiver": "spotrobot1", "content": "Done|a_authorize_disinfect"}"
[nurse_disinfect-3] [INFO] [1748620691.820857374] [nurse_disinfect]: And it is not for me
[spotrobot-5] [INFO] [1748620691.820959465] [spotrobot]: And it is for me
[uvdrobot-4] [INFO] [1748620691.821014145] [uvdrobot]: And it is not for me
[spotrobot-5] [INFO] [1748620691.821210003] [spotrobot]: Finished action
[nurse_disinfect-3] [INFO] [1748620691.821685022] [nurse_disinfect]: I heard: "{"performative": "query", "sender": "uvdrobot1", "receiver": "spotrobot1", "content": "Done|a_authorize_disinfect"}"
[uvdrobot-4] [INFO] [1748620691.821835607] [uvdrobot]: I heard: "{"performative": "query", "sender": "spotrobot1", "receiver": "uvdrobot1", "content": "Done|a_authorize_disinfect"}"
[spotrobot-5] [INFO] [1748620691.821881704] [spotrobot]: I heard: "{"performative": "query", "sender": "spotrobot1", "receiver": "uvdrobot1", "content": "Done|a_authorize_disinfect"}"
[nurse_disinfect-3] [INFO] [1748620691.822068604] [nurse_disinfect]: And it is not for me
[spotrobot-5] [INFO] [1748620691.822148039] [spotrobot]: And it is not for me
[uvdrobot-4] [INFO] [1748620691.822341417] [uvdrobot]: And it is for me
[nurse_disinfect-3] [INFO] [1748620691.822606084] [nurse_disinfect]: I heard: "{"performative": "query", "sender": "spotrobot1", "receiver": "uvdrobot1", "content": "Done|a_authorize_disinfect"}"
[uvdrobot-4] [INFO] [1748620691.822729487] [uvdrobot]: Finished action
[nurse_disinfect-3] [INFO] [1748620691.822877400] [nurse_disinfect]: And it is not for me
[uvdrobot-4] [INFO] [1748620691.823182452] [uvdrobot]: Doing a_navto
[spotrobot-5] [INFO] [1748620691.823519656] [spotrobot]: I heard: "{"performative": "query", "sender": "uvdrobot1", "receiver": "spotrobot1", "content": "Done|a_authorize_disinfect"}"
[nurse_disinfect-3] [INFO] [1748620691.823523241] [nurse_disinfect]: I heard: "{"performative": "query", "sender": "uvdrobot1", "receiver": "spotrobot1", "content": "Done|a_authorize_disinfect"}"
[spotrobot-5] [INFO] [1748620691.823815611] [spotrobot]: And it is for me
[uvdrobot-4] [INFO] [1748620691.824020110] [uvdrobot]: Waiting for response
[nurse_disinfect-3] [INFO] [1748620691.824108994] [nurse_disinfect]: And it is not for me
[spotrobot-5] [INFO] [1748620691.824150512] [spotrobot]: Already finished action
[uvdrobot-4] [INFO] [1748620691.824762777] [uvdrobot]: I heard: "{"performative": "query", "sender": "uvdrobot1", "receiver": "spotrobot1", "content": "Done|a_authorize_disinfect"}"
[uvdrobot-4] [INFO] [1748620691.825054520] [uvdrobot]: And it is not for me
[uvdrobot-4] [INFO] [1748620691.825745195] [uvdrobot]: success
[uvdrobot-4] [INFO] [1748620691.826082431] [uvdrobot]: Doing a_disinfect_room
[uvdrobot-4] [INFO] [1748620691.826483186] [uvdrobot]: Waiting for response
[uvdrobot-4] [INFO] [1748620691.827364134] [uvdrobot]: success
[spotrobot-5] [INFO] [1748620691.829949443] [spotrobot]: Recebido sinal de desligamento do coordenador, finalizando...
[nurse_disinfect-3] [INFO] [1748620691.830109568] [nurse_disinfect]: Recebido sinal de desligamento do coordenador, finalizando...
[uvdrobot-4] [INFO] [1748620691.830154218] [uvdrobot]: Recebido sinal de desligamento do coordenador, finalizando...
[disinfect_environment-1] [INFO] [1748620691.830197410] [disinfect_environment]: Recebido sinal de desligamento do coordenador, finalizando...
[disinfect_planner-2] [INFO] [1748620691.830206211] [disinfect_planner]: Recebido sinal de desligamento do coordenador, finalizando...
[spotrobot-5] [INFO] [1748620691.830356374] [Quitting]: Done
[nurse_disinfect-3] [INFO] [1748620691.830467069] [Quitting]: Done
[disinfect_environment-1] [INFO] [1748620691.830717774] [Quitting]: Done
[uvdrobot-4] [INFO] [1748620691.830739677] [Quitting]: Done
[disinfect_planner-2] [INFO] [1748620691.830761271] [Quitting]: Done
[INFO] [disinfect_environment-1]: process has finished cleanly [pid 27972]
[INFO] [uvdrobot-4]: process has finished cleanly [pid 27978]
[INFO] [spotrobot-5]: process has finished cleanly [pid 27980]
[INFO] [nurse_disinfect-3]: process has finished cleanly [pid 27976]
