[INFO] [launch]: All log files can be found below /home/rafael/.ros/log/2025-05-30-13-06-13-530037-NotebookRafael-35980
[INFO] [launch]: Default logging verbosity is set to INFO
[INFO] [disinfect_environment-1]: process started with pid [35983]
[INFO] [disinfect_planner-2]: process started with pid [35985]
[INFO] [nurse_disinfect-3]: process started with pid [35987]
[INFO] [uvdrobot-4]: process started with pid [35989]
[INFO] [spotrobot-5]: process started with pid [35991]
[disinfect_environment-1] [INFO] [1748621173.777178379] [disinfect_environment]: Starting Environment server
[disinfect_environment-1] [INFO] [1748621173.780541658] [disinfect_environment]: Environment server started
[disinfect_planner-2] [INFO] [1748621174.302624387] [disinfect_planner]: Starting Planner server
[disinfect_planner-2] [INFO] [1748621174.306660642] [disinfect_planner]: Planner server started
[disinfect_planner-2] [INFO] [1748621174.516892388] [disinfect_planner]: Creating plan for: spotrobot1 uvdrobot1 nurse_disinfected1
[disinfect_planner-2] [INFO] [1748621174.518617613] [disinfect_planner]: a_navto,spotrobot1,room1
[disinfect_planner-2] [INFO] [1748621174.518924114] [disinfect_planner]: a_open_door,spotrobot1,room1
[disinfect_planner-2] [INFO] [1748621174.519163750] [disinfect_planner]: a_approach_nurse,spotrobot1,nurse_disinfected1
[disinfect_planner-2] [INFO] [1748621174.519446721] [disinfect_planner]: a_authenticate_nurse,spotrobot1,nurse_disinfected1
[disinfect_planner-2] [INFO] [1748621174.519739377] [disinfect_planner]: a_authorize_patrol,spotrobot1,nurse_disinfected1
[disinfect_planner-2] [INFO] [1748621174.520021610] [disinfect_planner]: a_patrol_room,spotrobot1,room1
[disinfect_planner-2] [INFO] [1748621174.520306860] [disinfect_planner]: a_authorize_disinfect,uvdrobot1,spotrobot1
[disinfect_planner-2] [INFO] [1748621174.520589028] [disinfect_planner]: a_navto,uvdrobot1,room1
[disinfect_planner-2] [INFO] [1748621174.520870826] [disinfect_planner]: a_disinfect_room,uvdrobot1,room1
[disinfect_planner-2] [INFO] [1748621174.521220558] [disinfect_planner]: Sending response
[nurse_disinfect-3] [INFO] [1748621174.522117046] [nurse_disinfect]: response.response nurse_disinfected1
[nurse_disinfect-3] [INFO] [1748621174.522500068] [nurse_disinfect]: My name is nurse_disinfected1
[spotrobot-5] [INFO] [1748621174.523610732] [spotrobot]: response.response spotrobot1
[spotrobot-5] [INFO] [1748621174.523965562] [spotrobot]: My name is spotrobot1
[spotrobot-5] [INFO] [1748621174.524618542] [spotrobot]: I heard: "{"performative": "request", "sender": "Coordinator", "receiver": "uvdrobot1", "content": "Plan|a_authorize_disinfect,uvdrobot1,spotrobot1/a_navto,uvdrobot1,room1/a_disinfect_room,uvdrobot1,room1"}"
[spotrobot-5] [INFO] [1748621174.524979822] [spotrobot]: And it is not for me
[uvdrobot-4] [INFO] [1748621174.525173186] [uvdrobot]: response.response uvdrobot1
[spotrobot-5] [INFO] [1748621174.525570278] [spotrobot]: I heard: "{"performative": "request", "sender": "Coordinator", "receiver": "spotrobot1", "content": "Plan|a_navto,spotrobot1,room1/a_open_door,spotrobot1,room1/a_approach_nurse,spotrobot1,nurse_disinfected1/a_authenticate_nurse,spotrobot1,nurse_disinfected1/a_authorize_patrol,spotrobot1,nurse_disinfected1/a_patrol_room,spotrobot1,room1/a_authorize_disinfect,uvdrobot1,spotrobot1"}"
[uvdrobot-4] [INFO] [1748621174.525735931] [uvdrobot]: My name is uvdrobot1
[spotrobot-5] [INFO] [1748621174.525878160] [spotrobot]: And it is for me
[spotrobot-5] [INFO] [1748621174.526225263] [spotrobot]: Doing a_navto
[spotrobot-5] [INFO] [1748621174.526684713] [spotrobot]: Wating for response
[uvdrobot-4] [INFO] [1748621174.526747193] [uvdrobot]: I heard: "{"performative": "request", "sender": "Coordinator", "receiver": "uvdrobot1", "content": "Plan|a_authorize_disinfect,uvdrobot1,spotrobot1/a_navto,uvdrobot1,room1/a_disinfect_room,uvdrobot1,room1"}"
[uvdrobot-4] [INFO] [1748621174.527263010] [uvdrobot]: And it is for me
[spotrobot-5] [INFO] [1748621174.527434671] [spotrobot]: I heard: "{"performative": "request", "sender": "Coordinator", "receiver": "nurse_disinfected1", "content": "Plan|a_approach_nurse,spotrobot1,nurse_disinfected1/a_authenticate_nurse,spotrobot1,nurse_disinfected1/a_authorize_patrol,spotrobot1,nurse_disinfected1"}"
[spotrobot-5] [INFO] [1748621174.527709196] [spotrobot]: And it is not for me
[uvdrobot-4] [INFO] [1748621174.527937080] [uvdrobot]: Doing a_authorize_disinfect
[uvdrobot-4] [INFO] [1748621174.528428468] [uvdrobot]: a_authorize_disinfect
[spotrobot-5] [INFO] [1748621174.528556549] [spotrobot]: success
[spotrobot-5] [INFO] [1748621174.528948358] [spotrobot]: Doing a_open_door
[uvdrobot-4] [INFO] [1748621174.528972951] [uvdrobot]: Here first, waiting for spotrobot
[spotrobot-5] [INFO] [1748621174.529406427] [spotrobot]: Wating for response
[spotrobot-5] [INFO] [1748621174.529945954] [spotrobot]: I heard: "{"performative": "query", "sender": "uvdrobot1", "receiver": "spotrobot1", "content": "Ready|a_authorize_disinfect"}"
[uvdrobot-4] [INFO] [1748621174.530068735] [uvdrobot]: I heard: "{"performative": "request", "sender": "Coordinator", "receiver": "spotrobot1", "content": "Plan|a_navto,spotrobot1,room1/a_open_door,spotrobot1,room1/a_approach_nurse,spotrobot1,nurse_disinfected1/a_authenticate_nurse,spotrobot1,nurse_disinfected1/a_authorize_patrol,spotrobot1,nurse_disinfected1/a_patrol_room,spotrobot1,room1/a_authorize_disinfect,uvdrobot1,spotrobot1"}"
[spotrobot-5] [INFO] [1748621174.530255028] [spotrobot]: And it is for me
[spotrobot-5] [INFO] [1748621174.530571951] [spotrobot]: No there yet
[uvdrobot-4] [INFO] [1748621174.530592951] [uvdrobot]: And it is not for me
[uvdrobot-4] [INFO] [1748621174.531297689] [uvdrobot]: I heard: "{"performative": "query", "sender": "uvdrobot1", "receiver": "spotrobot1", "content": "Ready|a_authorize_disinfect"}"
[spotrobot-5] [INFO] [1748621174.531393097] [spotrobot]: success
[spotrobot-5] [INFO] [1748621174.531707817] [spotrobot]: Doing a_approach_nurse
[uvdrobot-4] [INFO] [1748621174.531723725] [uvdrobot]: And it is not for me
[spotrobot-5] [INFO] [1748621174.532066543] [spotrobot]: Wating for response
[uvdrobot-4] [INFO] [1748621174.532402505] [uvdrobot]: I heard: "{"performative": "request", "sender": "Coordinator", "receiver": "nurse_disinfected1", "content": "Plan|a_approach_nurse,spotrobot1,nurse_disinfected1/a_authenticate_nurse,spotrobot1,nurse_disinfected1/a_authorize_patrol,spotrobot1,nurse_disinfected1"}"
[uvdrobot-4] [INFO] [1748621174.532809323] [uvdrobot]: And it is not for me
[spotrobot-5] [INFO] [1748621174.532877928] [spotrobot]: success
[spotrobot-5] [INFO] [1748621174.533376580] [spotrobot]: Doing a_authenticate_nurse
[spotrobot-5] [INFO] [1748621174.533792354] [spotrobot]: a_authenticate_nurse
[spotrobot-5] [INFO] [1748621174.534255870] [spotrobot]: Here first, waiting for nurse
[spotrobot-5] [INFO] [1748621174.534925827] [spotrobot]: I heard: "{"performative": "query", "sender": "spotrobot1", "receiver": "nurse_disinfected1", "content": "Ready|a_authenticate_nurse"}"
[uvdrobot-4] [INFO] [1748621174.535167695] [uvdrobot]: I heard: "{"performative": "query", "sender": "spotrobot1", "receiver": "nurse_disinfected1", "content": "Ready|a_authenticate_nurse"}"
[spotrobot-5] [INFO] [1748621174.535471368] [spotrobot]: And it is not for me
[uvdrobot-4] [INFO] [1748621174.535669467] [uvdrobot]: And it is not for me
[nurse_disinfect-3] [INFO] [1748621175.524461822] [nurse_disinfect]: I heard: "{"performative": "request", "sender": "Coordinator", "receiver": "uvdrobot1", "content": "Plan|a_authorize_disinfect,uvdrobot1,spotrobot1/a_navto,uvdrobot1,room1/a_disinfect_room,uvdrobot1,room1"}"
[nurse_disinfect-3] [INFO] [1748621175.524848486] [nurse_disinfect]: And it is not for me
[nurse_disinfect-3] [INFO] [1748621175.525291905] [nurse_disinfect]: I heard: "{"performative": "query", "sender": "uvdrobot1", "receiver": "spotrobot1", "content": "Ready|a_authorize_disinfect"}"
[nurse_disinfect-3] [INFO] [1748621175.525729110] [nurse_disinfect]: And it is not for me
[nurse_disinfect-3] [INFO] [1748621175.526380284] [nurse_disinfect]: I heard: "{"performative": "request", "sender": "Coordinator", "receiver": "spotrobot1", "content": "Plan|a_navto,spotrobot1,room1/a_open_door,spotrobot1,room1/a_approach_nurse,spotrobot1,nurse_disinfected1/a_authenticate_nurse,spotrobot1,nurse_disinfected1/a_authorize_patrol,spotrobot1,nurse_disinfected1/a_patrol_room,spotrobot1,room1/a_authorize_disinfect,uvdrobot1,spotrobot1"}"
[nurse_disinfect-3] [INFO] [1748621175.526735407] [nurse_disinfect]: And it is not for me
[nurse_disinfect-3] [INFO] [1748621175.527098228] [nurse_disinfect]: I heard: "{"performative": "query", "sender": "spotrobot1", "receiver": "nurse_disinfected1", "content": "Ready|a_authenticate_nurse"}"
[nurse_disinfect-3] [INFO] [1748621175.527414660] [nurse_disinfect]: And it is for me
[nurse_disinfect-3] [INFO] [1748621175.527721398] [nurse_disinfect]: No there yet
[nurse_disinfect-3] [INFO] [1748621175.528233148] [nurse_disinfect]: I heard: "{"performative": "request", "sender": "Coordinator", "receiver": "nurse_disinfected1", "content": "Plan|a_approach_nurse,spotrobot1,nurse_disinfected1/a_authenticate_nurse,spotrobot1,nurse_disinfected1/a_authorize_patrol,spotrobot1,nurse_disinfected1"}"
[nurse_disinfect-3] [INFO] [1748621175.528569290] [nurse_disinfect]: And it is for me
[nurse_disinfect-3] [INFO] [1748621175.529746343] [nurse_disinfect]: a_approach_nurse
[nurse_disinfect-3] [INFO] [1748621175.530073879] [nurse_disinfect]: a_authenticate_nurse
[nurse_disinfect-3] [INFO] [1748621175.530379453] [nurse_disinfect]: Doing a_authenticate_nurse
[nurse_disinfect-3] [INFO] [1748621175.530699564] [nurse_disinfect]: a_authenticate_nurse
[nurse_disinfect-3] [INFO] [1748621175.531056976] [nurse_disinfect]: Robot is waiting, send action message
[nurse_disinfect-3] [INFO] [1748621175.531719593] [nurse_disinfect]: I heard: "{"performative": "query", "sender": "nurse_disinfected1", "receiver": "spotrobot1", "content": "Done|a_authenticate_nurse"}"
[spotrobot-5] [INFO] [1748621175.531732792] [spotrobot]: I heard: "{"performative": "query", "sender": "nurse_disinfected1", "receiver": "spotrobot1", "content": "Done|a_authenticate_nurse"}"
[uvdrobot-4] [INFO] [1748621175.531730767] [uvdrobot]: I heard: "{"performative": "query", "sender": "nurse_disinfected1", "receiver": "spotrobot1", "content": "Done|a_authenticate_nurse"}"
[nurse_disinfect-3] [INFO] [1748621175.532060851] [nurse_disinfect]: And it is not for me
[spotrobot-5] [INFO] [1748621175.532122331] [spotrobot]: And it is for me
[uvdrobot-4] [INFO] [1748621175.532347903] [uvdrobot]: And it is not for me
[spotrobot-5] [INFO] [1748621175.532404479] [spotrobot]: Finished action
[spotrobot-5] [INFO] [1748621175.532878323] [spotrobot]: Doing a_authorize_patrol
[uvdrobot-4] [INFO] [1748621175.532997733] [uvdrobot]: I heard: "{"performative": "query", "sender": "spotrobot1", "receiver": "nurse_disinfected1", "content": "Done|a_authenticate_nurse"}"
[nurse_disinfect-3] [INFO] [1748621175.533142525] [nurse_disinfect]: I heard: "{"performative": "query", "sender": "spotrobot1", "receiver": "nurse_disinfected1", "content": "Done|a_authenticate_nurse"}"
[uvdrobot-4] [INFO] [1748621175.533311990] [uvdrobot]: And it is not for me
[spotrobot-5] [INFO] [1748621175.533440407] [spotrobot]: a_authorize_patrol
[nurse_disinfect-3] [INFO] [1748621175.533664839] [nurse_disinfect]: And it is for me
[spotrobot-5] [INFO] [1748621175.533829416] [spotrobot]: Here first, waiting for nurse
[nurse_disinfect-3] [INFO] [1748621175.534144509] [nurse_disinfect]: Finished action
[uvdrobot-4] [INFO] [1748621175.534437271] [uvdrobot]: I heard: "{"performative": "query", "sender": "spotrobot1", "receiver": "nurse_disinfected1", "content": "Ready|a_authorize_patrol"}"
[spotrobot-5] [INFO] [1748621175.534719327] [spotrobot]: I heard: "{"performative": "query", "sender": "spotrobot1", "receiver": "nurse_disinfected1", "content": "Done|a_authenticate_nurse"}"
[uvdrobot-4] [INFO] [1748621175.534865549] [uvdrobot]: And it is not for me
[nurse_disinfect-3] [INFO] [1748621175.534919482] [nurse_disinfect]: a_authorize_patrol
[spotrobot-5] [INFO] [1748621175.535116149] [spotrobot]: And it is not for me
[uvdrobot-4] [INFO] [1748621175.535357353] [uvdrobot]: I heard: "{"performative": "query", "sender": "nurse_disinfected1", "receiver": "spotrobot1", "content": "Done|a_authenticate_nurse"}"
[nurse_disinfect-3] [INFO] [1748621175.535404250] [nurse_disinfect]: Doing a_authorize_patrol
[uvdrobot-4] [INFO] [1748621175.535647417] [uvdrobot]: And it is not for me
[spotrobot-5] [INFO] [1748621175.535736217] [spotrobot]: I heard: "{"performative": "query", "sender": "spotrobot1", "receiver": "nurse_disinfected1", "content": "Ready|a_authorize_patrol"}"
[nurse_disinfect-3] [INFO] [1748621175.535908188] [nurse_disinfect]: a_authorize_patrol
[spotrobot-5] [INFO] [1748621175.536245460] [spotrobot]: And it is not for me
[nurse_disinfect-3] [INFO] [1748621175.536429499] [nurse_disinfect]: Here first, waiting for robot
[spotrobot-5] [INFO] [1748621175.536768834] [spotrobot]: I heard: "{"performative": "query", "sender": "nurse_disinfected1", "receiver": "spotrobot1", "content": "Done|a_authenticate_nurse"}"
[uvdrobot-4] [INFO] [1748621175.537050225] [uvdrobot]: I heard: "{"performative": "query", "sender": "nurse_disinfected1", "receiver": "spotrobot1", "content": "Ready|a_authorize_patrol"}"
[spotrobot-5] [INFO] [1748621175.537342531] [spotrobot]: And it is for me
[uvdrobot-4] [INFO] [1748621175.537415997] [uvdrobot]: And it is not for me
[nurse_disinfect-3] [INFO] [1748621175.537654947] [nurse_disinfect]: I heard: "{"performative": "query", "sender": "spotrobot1", "receiver": "nurse_disinfected1", "content": "Ready|a_authorize_patrol"}"
[spotrobot-5] [INFO] [1748621175.537731417] [spotrobot]: Already finished action
[nurse_disinfect-3] [INFO] [1748621175.538204555] [nurse_disinfect]: And it is for me
[spotrobot-5] [INFO] [1748621175.538254819] [spotrobot]: I heard: "{"performative": "query", "sender": "nurse_disinfected1", "receiver": "spotrobot1", "content": "Ready|a_authorize_patrol"}"
[spotrobot-5] [INFO] [1748621175.538592351] [spotrobot]: And it is for me
[nurse_disinfect-3] [INFO] [1748621175.538737509] [nurse_disinfect]: Ready to act
[spotrobot-5] [INFO] [1748621175.538885857] [spotrobot]: Ready to act
[uvdrobot-4] [INFO] [1748621175.539395449] [uvdrobot]: I heard: "{"performative": "query", "sender": "nurse_disinfected1", "receiver": "spotrobot1", "content": "Done|a_authorize_patrol"}"
[spotrobot-5] [INFO] [1748621175.539755274] [spotrobot]: I heard: "{"performative": "query", "sender": "nurse_disinfected1", "receiver": "spotrobot1", "content": "Done|a_authorize_patrol"}"
[uvdrobot-4] [INFO] [1748621175.539774471] [uvdrobot]: And it is not for me
[nurse_disinfect-3] [INFO] [1748621175.539844879] [nurse_disinfect]: I heard: "{"performative": "query", "sender": "nurse_disinfected1", "receiver": "spotrobot1", "content": "Done|a_authenticate_nurse"}"
[uvdrobot-4] [INFO] [1748621175.540259825] [uvdrobot]: I heard: "{"performative": "query", "sender": "spotrobot1", "receiver": "nurse_disinfected1", "content": "Done|a_authorize_patrol"}"
[spotrobot-5] [INFO] [1748621175.540296797] [spotrobot]: And it is for me
[nurse_disinfect-3] [INFO] [1748621175.540350075] [nurse_disinfect]: And it is not for me
[uvdrobot-4] [INFO] [1748621175.540693398] [uvdrobot]: And it is not for me
[spotrobot-5] [INFO] [1748621175.540763150] [spotrobot]: Finished action
[nurse_disinfect-3] [INFO] [1748621175.541134355] [nurse_disinfect]: I heard: "{"performative": "query", "sender": "nurse_disinfected1", "receiver": "spotrobot1", "content": "Ready|a_authorize_patrol"}"
[uvdrobot-4] [INFO] [1748621175.541345839] [uvdrobot]: I heard: "{"performative": "query", "sender": "spotrobot1", "receiver": "nurse_disinfected1", "content": "Done|a_authorize_patrol"}"
[spotrobot-5] [INFO] [1748621175.541496331] [spotrobot]: Doing a_patrol_room
[uvdrobot-4] [INFO] [1748621175.541666225] [uvdrobot]: And it is not for me
[nurse_disinfect-3] [INFO] [1748621175.541669124] [nurse_disinfect]: And it is not for me
[spotrobot-5] [INFO] [1748621175.542139399] [spotrobot]: Wating for response
[nurse_disinfect-3] [INFO] [1748621175.542567841] [nurse_disinfect]: I heard: "{"performative": "query", "sender": "nurse_disinfected1", "receiver": "spotrobot1", "content": "Done|a_authorize_patrol"}"
[spotrobot-5] [INFO] [1748621175.542960488] [spotrobot]: I heard: "{"performative": "query", "sender": "spotrobot1", "receiver": "nurse_disinfected1", "content": "Done|a_authorize_patrol"}"
[nurse_disinfect-3] [INFO] [1748621175.543090335] [nurse_disinfect]: And it is not for me
[spotrobot-5] [INFO] [1748621175.543493556] [spotrobot]: And it is not for me
[nurse_disinfect-3] [INFO] [1748621175.544063426] [nurse_disinfect]: I heard: "{"performative": "query", "sender": "spotrobot1", "receiver": "nurse_disinfected1", "content": "Done|a_authorize_patrol"}"
[spotrobot-5] [INFO] [1748621175.544140615] [spotrobot]: I heard: "{"performative": "query", "sender": "spotrobot1", "receiver": "nurse_disinfected1", "content": "Done|a_authorize_patrol"}"
[spotrobot-5] [INFO] [1748621175.544418366] [spotrobot]: And it is not for me
[nurse_disinfect-3] [INFO] [1748621175.544646553] [nurse_disinfect]: And it is for me
[nurse_disinfect-3] [INFO] [1748621175.545176575] [nurse_disinfect]: Finished action
[spotrobot-5] [INFO] [1748621175.545286610] [spotrobot]: dirty room
[spotrobot-5] [INFO] [1748621175.545901684] [spotrobot]: I heard: "{"performative": "query", "sender": "nurse_disinfected1", "receiver": "spotrobot1", "content": "Done|a_authorize_patrol"}"
[uvdrobot-4] [INFO] [1748621175.545955242] [uvdrobot]: I heard: "{"performative": "query", "sender": "nurse_disinfected1", "receiver": "spotrobot1", "content": "Done|a_authorize_patrol"}"
[spotrobot-5] [INFO] [1748621175.546248607] [spotrobot]: And it is for me
[uvdrobot-4] [INFO] [1748621175.546251501] [uvdrobot]: And it is not for me
[nurse_disinfect-3] [INFO] [1748621175.546273627] [nurse_disinfect]: I heard: "{"performative": "query", "sender": "spotrobot1", "receiver": "nurse_disinfected1", "content": "Done|a_authorize_patrol"}"
[spotrobot-5] [INFO] [1748621175.546517316] [spotrobot]: Already finished action
[nurse_disinfect-3] [INFO] [1748621175.546758876] [nurse_disinfect]: And it is for me
[nurse_disinfect-3] [INFO] [1748621175.547278836] [nurse_disinfect]: Already finished action
[spotrobot-5] [INFO] [1748621175.547568537] [spotrobot]: I heard: "{"performative": "request", "sender": "Coordinator", "receiver": "spotrobot1", "content": "Reset"}"
[uvdrobot-4] [INFO] [1748621175.547651502] [uvdrobot]: I heard: "{"performative": "request", "sender": "Coordinator", "receiver": "spotrobot1", "content": "Reset"}"
[spotrobot-5] [INFO] [1748621175.547918032] [spotrobot]: And it is for me
[uvdrobot-4] [INFO] [1748621175.547925914] [uvdrobot]: And it is not for me
[nurse_disinfect-3] [INFO] [1748621175.548310460] [nurse_disinfect]: I heard: "{"performative": "request", "sender": "Coordinator", "receiver": "spotrobot1", "content": "Reset"}"
[spotrobot-5] [INFO] [1748621175.548374370] [spotrobot]: I heard: "{"performative": "request", "sender": "Coordinator", "receiver": "uvdrobot1", "content": "Reset"}"
[uvdrobot-4] [INFO] [1748621175.548425114] [uvdrobot]: I heard: "{"performative": "request", "sender": "Coordinator", "receiver": "uvdrobot1", "content": "Reset"}"
[spotrobot-5] [INFO] [1748621175.548640308] [spotrobot]: And it is not for me
[uvdrobot-4] [INFO] [1748621175.548693785] [uvdrobot]: And it is for me
[nurse_disinfect-3] [INFO] [1748621175.548861421] [nurse_disinfect]: And it is not for me
[spotrobot-5] [INFO] [1748621175.549118531] [spotrobot]: I heard: "{"performative": "request", "sender": "Coordinator", "receiver": "nurse_disinfected1", "content": "Reset"}"
[uvdrobot-4] [INFO] [1748621175.549202376] [uvdrobot]: I heard: "{"performative": "request", "sender": "Coordinator", "receiver": "nurse_disinfected1", "content": "Reset"}"
[spotrobot-5] [INFO] [1748621175.549388517] [spotrobot]: And it is not for me
[nurse_disinfect-3] [INFO] [1748621175.549445522] [nurse_disinfect]: I heard: "{"performative": "query", "sender": "nurse_disinfected1", "receiver": "spotrobot1", "content": "Done|a_authorize_patrol"}"
[uvdrobot-4] [INFO] [1748621175.549478575] [uvdrobot]: And it is not for me
[spotrobot-5] [INFO] [1748621175.549772769] [spotrobot]: 
[nurse_disinfect-3] [INFO] [1748621175.549942291] [nurse_disinfect]: And it is not for me
[nurse_disinfect-3] [INFO] [1748621175.550870279] [nurse_disinfect]: I heard: "{"performative": "request", "sender": "Coordinator", "receiver": "uvdrobot1", "content": "Reset"}"
[spotrobot-5] [INFO] [1748621175.550897871] [spotrobot]: Recebido sinal de desligamento do coordenador, finalizando...
[disinfect_planner-2] [INFO] [1748621175.551014393] [disinfect_planner]: Recebido sinal de desligamento do coordenador, finalizando...
[uvdrobot-4] [INFO] [1748621175.551058377] [uvdrobot]: Recebido sinal de desligamento do coordenador, finalizando...
[disinfect_environment-1] [INFO] [1748621175.551152138] [disinfect_environment]: Recebido sinal de desligamento do coordenador, finalizando...
[spotrobot-5] [INFO] [1748621175.551319661] [Quitting]: Done
[disinfect_planner-2] [INFO] [1748621175.551337899] [Quitting]: Done
[nurse_disinfect-3] [INFO] [1748621175.551408917] [nurse_disinfect]: And it is not for me
[uvdrobot-4] [INFO] [1748621175.551585476] [Quitting]: Done
[disinfect_environment-1] [INFO] [1748621175.551656454] [Quitting]: Done
[nurse_disinfect-3] [INFO] [1748621175.552700147] [nurse_disinfect]: I heard: "{"performative": "request", "sender": "Coordinator", "receiver": "nurse_disinfected1", "content": "Reset"}"
[nurse_disinfect-3] [INFO] [1748621175.553313566] [nurse_disinfect]: And it is for me
[nurse_disinfect-3] [INFO] [1748621175.554055453] [nurse_disinfect]: Recebido sinal de desligamento do coordenador, finalizando...
[nurse_disinfect-3] [INFO] [1748621175.554782457] [Quitting]: Done
[INFO] [spotrobot-5]: process has finished cleanly [pid 35991]
[INFO] [disinfect_environment-1]: process has finished cleanly [pid 35983]
[INFO] [uvdrobot-4]: process has finished cleanly [pid 35989]
[INFO] [nurse_disinfect-3]: process has finished cleanly [pid 35987]
[INFO] [disinfect_planner-2]: process has finished cleanly [pid 35985]
