[INFO] [launch]: All log files can be found below /home/rafael/.ros/log/2025-05-30-12-54-36-962009-NotebookRafael-24411
[INFO] [launch]: Default logging verbosity is set to INFO
[INFO] [disinfect_coordinator-1]: process started with pid [24413]
[disinfect_coordinator-1] [INFO] [1748620477.939858421] [disinfect_coordinator]: spin
[disinfect_coordinator-1] [INFO] [1748620477.940761112] [disinfect_coordinator]: Received: Performative=request, Sender=nurse_disinfected, Receiver=Coordinator, Content=Register
[disinfect_coordinator-1] [INFO] [1748620477.941087512] [disinfect_coordinator]: Current nurses: nurse_disinfected1 - 1
[disinfect_coordinator-1] [INFO] [1748620477.941382042] [disinfect_coordinator]: Response: nurse_disinfected1
[disinfect_coordinator-1] [INFO] [1748620477.942576703] [disinfect_coordinator]: Received: Performative=request, Sender=uvdrobot, Receiver=Coordinator, Content=Register
[disinfect_coordinator-1] [INFO] [1748620477.942976294] [disinfect_coordinator]: Current uvdrobots: uvdrobot1 - 1
[disinfect_coordinator-1] [INFO] [1748620477.943278827] [disinfect_coordinator]: Response: uvdrobot1
[disinfect_coordinator-1] [INFO] [1748620477.944244099] [disinfect_coordinator]: Received: Performative=request, Sender=spotrobot, Receiver=Coordinator, Content=Register
[disinfect_coordinator-1] [INFO] [1748620477.944582154] [disinfect_coordinator]: Current Spotrobots: spotrobot1 - 1
[disinfect_coordinator-1] [INFO] [1748620477.944904835] [disinfect_coordinator]: Response: spotrobot1
[disinfect_coordinator-1] [INFO] [1748620477.945590454] [disinfect_coordinator]: context: nurse_disinfected1 room1 spotrobot1 uvdrobot1
[disinfect_coordinator-1] [INFO] [1748620477.946033619] [disinfect_coordinator]: Starting mission with context: ('nurse_disinfected1', 'room1', 'spotrobot1', 'uvdrobot1')
[disinfect_coordinator-1] [INFO] [1748620477.946469719] [disinfect_coordinator]: Creating plan for: spotrobot1,uvdrobot1,nurse_disinfected1 
[disinfect_coordinator-1] [INFO] [1748620477.952337395] [disinfect_coordinator]: Plan received for: spotrobot1,uvdrobot1,nurse_disinfected1 
[disinfect_coordinator-1] [INFO] [1748620477.952854921] [disinfect_coordinator]: a_navto,spotrobot1,room1/a_open_door,spotrobot1,room1/a_approach_nurse,spotrobot1,nurse_disinfected1/a_authenticate_nurse,spotrobot1,nurse_disinfected1/a_authorize_patrol,spotrobot1,nurse_disinfected1/a_patrol_room,spotrobot1,room1/a_authorize_disinfect,uvdrobot1,spotrobot1/a_navto,uvdrobot1,room1/a_disinfect_room,uvdrobot1,room1
[disinfect_coordinator-1] [INFO] [1748620477.953314400] [disinfect_coordinator]: Sending plans
[disinfect_coordinator-1] [INFO] [1748620477.954334719] [disinfect_coordinator]: Plans sent
[disinfect_coordinator-1] [INFO] [1748620478.960607124] [disinfect_coordinator]: Received: Performative=inform, Sender=nurse_disinfected1, Receiver=Coordinator, Content=infectedRoom
[disinfect_coordinator-1] [INFO] [1748620478.993114304] [disinfect_coordinator]: Freeing agent: spotrobot1
[disinfect_coordinator-1] [INFO] [1748620478.993458369] [disinfect_coordinator]: Freeing agent: uvdrobot1
[disinfect_coordinator-1] [INFO] [1748620478.993729559] [disinfect_coordinator]: Freeing agent: nurse_disinfected1
[disinfect_coordinator-1] [INFO] [1748620478.994122728] [disinfect_coordinator]: Mission Completed
[disinfect_coordinator-1] [INFO] [1748620478.994507165] [disinfect_coordinator]: Ending simulation
[disinfect_coordinator-1] [INFO] [1748620478.995047772] [Quitting]: Done
[disinfect_coordinator-1] [INFO] [1748620478.995355413] [disinfect_coordinator]: stop spin
[INFO] [disinfect_coordinator-1]: process has finished cleanly [pid 24413]
