[INFO] [launch]: All log files can be found below /home/rafael/.ros/log/2025-05-30-12-58-38-659213-NotebookRafael-28443
[INFO] [launch]: Default logging verbosity is set to INFO
[INFO] [disinfect_environment-1]: process started with pid [28446]
[INFO] [disinfect_planner-2]: process started with pid [28448]
[INFO] [nurse_disinfect-3]: process started with pid [28450]
[INFO] [uvdrobot-4]: process started with pid [28452]
[INFO] [spotrobot-5]: process started with pid [28454]
[disinfect_environment-1] [INFO] [1748620718.926730392] [disinfect_environment]: Starting Environment server
[disinfect_environment-1] [INFO] [1748620718.932020891] [disinfect_environment]: Environment server started
[disinfect_planner-2] [INFO] [1748620719.462598020] [disinfect_planner]: Starting Planner server
[disinfect_planner-2] [INFO] [1748620719.466392582] [disinfect_planner]: Planner server started
[disinfect_planner-2] [INFO] [1748620719.669972681] [disinfect_planner]: Creating plan for: spotrobot1 uvdrobot1 nurse_disinfected1
[disinfect_planner-2] [INFO] [1748620719.671491075] [disinfect_planner]: a_navto,spotrobot1,room1
[disinfect_planner-2] [INFO] [1748620719.671799029] [disinfect_planner]: a_open_door,spotrobot1,room1
[disinfect_planner-2] [INFO] [1748620719.672093938] [disinfect_planner]: a_approach_nurse,spotrobot1,nurse_disinfected1
[disinfect_planner-2] [INFO] [1748620719.672416635] [disinfect_planner]: a_authenticate_nurse,spotrobot1,nurse_disinfected1
[disinfect_planner-2] [INFO] [1748620719.672707967] [disinfect_planner]: a_authorize_patrol,spotrobot1,nurse_disinfected1
[disinfect_planner-2] [INFO] [1748620719.672997914] [disinfect_planner]: a_patrol_room,spotrobot1,room1
[disinfect_planner-2] [INFO] [1748620719.673239436] [disinfect_planner]: a_authorize_disinfect,uvdrobot1,spotrobot1
[disinfect_planner-2] [INFO] [1748620719.673525683] [disinfect_planner]: a_navto,uvdrobot1,room1
[disinfect_planner-2] [INFO] [1748620719.673850885] [disinfect_planner]: a_disinfect_room,uvdrobot1,room1
[disinfect_planner-2] [INFO] [1748620719.674145168] [disinfect_planner]: Sending response
[nurse_disinfect-3] [INFO] [1748620719.675208681] [nurse_disinfect]: response.response nurse_disinfected1
[nurse_disinfect-3] [INFO] [1748620719.675566444] [nurse_disinfect]: My name is nurse_disinfected1
[uvdrobot-4] [INFO] [1748620719.676932232] [uvdrobot]: response.response uvdrobot1
[uvdrobot-4] [INFO] [1748620719.677546784] [uvdrobot]: My name is uvdrobot1
[spotrobot-5] [INFO] [1748620719.677556212] [spotrobot]: response.response spotrobot1
[spotrobot-5] [INFO] [1748620719.677933168] [spotrobot]: My name is spotrobot1
[uvdrobot-4] [INFO] [1748620719.678225593] [uvdrobot]: I heard: "{"performative": "request", "sender": "Coordinator", "receiver": "uvdrobot1", "content": "Plan|a_authorize_disinfect,uvdrobot1,spotrobot1/a_navto,uvdrobot1,room1/a_disinfect_room,uvdrobot1,room1"}"
[uvdrobot-4] [INFO] [1748620719.678584912] [uvdrobot]: And it is for me
[spotrobot-5] [INFO] [1748620719.678602500] [spotrobot]: I heard: "{"performative": "request", "sender": "Coordinator", "receiver": "uvdrobot1", "content": "Plan|a_authorize_disinfect,uvdrobot1,spotrobot1/a_navto,uvdrobot1,room1/a_disinfect_room,uvdrobot1,room1"}"
[uvdrobot-4] [INFO] [1748620719.679013509] [uvdrobot]: Doing a_authorize_disinfect
[spotrobot-5] [INFO] [1748620719.679145041] [spotrobot]: And it is not for me
[uvdrobot-4] [INFO] [1748620719.679319404] [uvdrobot]: a_authorize_disinfect
[uvdrobot-4] [INFO] [1748620719.679571353] [uvdrobot]: Here first, waiting for spotrobot
[spotrobot-5] [INFO] [1748620719.679969958] [spotrobot]: I heard: "{"performative": "request", "sender": "Coordinator", "receiver": "spotrobot1", "content": "Plan|a_navto,spotrobot1,room1/a_open_door,spotrobot1,room1/a_approach_nurse,spotrobot1,nurse_disinfected1/a_authenticate_nurse,spotrobot1,nurse_disinfected1/a_authorize_patrol,spotrobot1,nurse_disinfected1/a_patrol_room,spotrobot1,room1/a_authorize_disinfect,uvdrobot1,spotrobot1"}"
[uvdrobot-4] [INFO] [1748620719.680326139] [uvdrobot]: I heard: "{"performative": "request", "sender": "Coordinator", "receiver": "spotrobot1", "content": "Plan|a_navto,spotrobot1,room1/a_open_door,spotrobot1,room1/a_approach_nurse,spotrobot1,nurse_disinfected1/a_authenticate_nurse,spotrobot1,nurse_disinfected1/a_authorize_patrol,spotrobot1,nurse_disinfected1/a_patrol_room,spotrobot1,room1/a_authorize_disinfect,uvdrobot1,spotrobot1"}"
[spotrobot-5] [INFO] [1748620719.680346535] [spotrobot]: And it is for me
[uvdrobot-4] [INFO] [1748620719.680673067] [uvdrobot]: And it is not for me
[spotrobot-5] [INFO] [1748620719.680725332] [spotrobot]: Doing a_navto
[uvdrobot-4] [INFO] [1748620719.681069055] [uvdrobot]: I heard: "{"performative": "query", "sender": "uvdrobot1", "receiver": "spotrobot1", "content": "Ready|a_authorize_disinfect"}"
[spotrobot-5] [INFO] [1748620719.681177030] [spotrobot]: Wating for response
[uvdrobot-4] [INFO] [1748620719.681401098] [uvdrobot]: And it is not for me
[spotrobot-5] [INFO] [1748620719.681691451] [spotrobot]: I heard: "{"performative": "request", "sender": "Coordinator", "receiver": "nurse_disinfected1", "content": "Plan|a_approach_nurse,spotrobot1,nurse_disinfected1/a_authenticate_nurse,spotrobot1,nurse_disinfected1/a_authorize_patrol,spotrobot1,nurse_disinfected1"}"
[spotrobot-5] [INFO] [1748620719.682044128] [spotrobot]: And it is not for me
[uvdrobot-4] [INFO] [1748620719.682056986] [uvdrobot]: I heard: "{"performative": "request", "sender": "Coordinator", "receiver": "nurse_disinfected1", "content": "Plan|a_approach_nurse,spotrobot1,nurse_disinfected1/a_authenticate_nurse,spotrobot1,nurse_disinfected1/a_authorize_patrol,spotrobot1,nurse_disinfected1"}"
[uvdrobot-4] [INFO] [1748620719.682457585] [uvdrobot]: And it is not for me
[spotrobot-5] [INFO] [1748620719.682504660] [spotrobot]: I heard: "{"performative": "query", "sender": "uvdrobot1", "receiver": "spotrobot1", "content": "Ready|a_authorize_disinfect"}"
[spotrobot-5] [INFO] [1748620719.682779085] [spotrobot]: And it is for me
[spotrobot-5] [INFO] [1748620719.683154125] [spotrobot]: No there yet
[spotrobot-5] [INFO] [1748620719.684062778] [spotrobot]: success
[spotrobot-5] [INFO] [1748620719.684414972] [spotrobot]: Doing a_open_door
[spotrobot-5] [INFO] [1748620719.684769566] [spotrobot]: Wating for response
[spotrobot-5] [INFO] [1748620719.686617091] [spotrobot]: success
[spotrobot-5] [INFO] [1748620719.687242296] [spotrobot]: Doing a_approach_nurse
[spotrobot-5] [INFO] [1748620719.687903336] [spotrobot]: Wating for response
[spotrobot-5] [INFO] [1748620719.689158187] [spotrobot]: success
[spotrobot-5] [INFO] [1748620719.689511614] [spotrobot]: Doing a_authenticate_nurse
[spotrobot-5] [INFO] [1748620719.689819872] [spotrobot]: a_authenticate_nurse
[spotrobot-5] [INFO] [1748620719.690125036] [spotrobot]: Here first, waiting for nurse
[uvdrobot-4] [INFO] [1748620719.690698195] [uvdrobot]: I heard: "{"performative": "query", "sender": "spotrobot1", "receiver": "nurse_disinfected1", "content": "Ready|a_authenticate_nurse"}"
[spotrobot-5] [INFO] [1748620719.690793011] [spotrobot]: I heard: "{"performative": "query", "sender": "spotrobot1", "receiver": "nurse_disinfected1", "content": "Ready|a_authenticate_nurse"}"
[spotrobot-5] [INFO] [1748620719.691068499] [spotrobot]: And it is not for me
[uvdrobot-4] [INFO] [1748620719.691240357] [uvdrobot]: And it is not for me
[nurse_disinfect-3] [INFO] [1748620720.677487730] [nurse_disinfect]: I heard: "{"performative": "request", "sender": "Coordinator", "receiver": "uvdrobot1", "content": "Plan|a_authorize_disinfect,uvdrobot1,spotrobot1/a_navto,uvdrobot1,room1/a_disinfect_room,uvdrobot1,room1"}"
[nurse_disinfect-3] [INFO] [1748620720.678037207] [nurse_disinfect]: And it is not for me
[nurse_disinfect-3] [INFO] [1748620720.678915528] [nurse_disinfect]: I heard: "{"performative": "query", "sender": "uvdrobot1", "receiver": "spotrobot1", "content": "Ready|a_authorize_disinfect"}"
[nurse_disinfect-3] [INFO] [1748620720.679476608] [nurse_disinfect]: And it is not for me
[nurse_disinfect-3] [INFO] [1748620720.680454254] [nurse_disinfect]: I heard: "{"performative": "request", "sender": "Coordinator", "receiver": "spotrobot1", "content": "Plan|a_navto,spotrobot1,room1/a_open_door,spotrobot1,room1/a_approach_nurse,spotrobot1,nurse_disinfected1/a_authenticate_nurse,spotrobot1,nurse_disinfected1/a_authorize_patrol,spotrobot1,nurse_disinfected1/a_patrol_room,spotrobot1,room1/a_authorize_disinfect,uvdrobot1,spotrobot1"}"
[nurse_disinfect-3] [INFO] [1748620720.680995884] [nurse_disinfect]: And it is not for me
[nurse_disinfect-3] [INFO] [1748620720.681549462] [nurse_disinfect]: I heard: "{"performative": "query", "sender": "spotrobot1", "receiver": "nurse_disinfected1", "content": "Ready|a_authenticate_nurse"}"
[nurse_disinfect-3] [INFO] [1748620720.682089821] [nurse_disinfect]: And it is for me
[nurse_disinfect-3] [INFO] [1748620720.682530542] [nurse_disinfect]: No there yet
[nurse_disinfect-3] [INFO] [1748620720.683254693] [nurse_disinfect]: I heard: "{"performative": "request", "sender": "Coordinator", "receiver": "nurse_disinfected1", "content": "Plan|a_approach_nurse,spotrobot1,nurse_disinfected1/a_authenticate_nurse,spotrobot1,nurse_disinfected1/a_authorize_patrol,spotrobot1,nurse_disinfected1"}"
[nurse_disinfect-3] [INFO] [1748620720.683572903] [nurse_disinfect]: And it is for me
[nurse_disinfect-3] [INFO] [1748620720.684848578] [nurse_disinfect]: a_approach_nurse
[nurse_disinfect-3] [INFO] [1748620720.685191996] [nurse_disinfect]: a_authenticate_nurse
[nurse_disinfect-3] [INFO] [1748620720.685596003] [nurse_disinfect]: Doing a_authenticate_nurse
[nurse_disinfect-3] [INFO] [1748620720.685948700] [nurse_disinfect]: a_authenticate_nurse
[nurse_disinfect-3] [INFO] [1748620720.686253665] [nurse_disinfect]: Robot is waiting, send action message
[nurse_disinfect-3] [INFO] [1748620720.686851452] [nurse_disinfect]: I heard: "{"performative": "query", "sender": "nurse_disinfected1", "receiver": "spotrobot1", "content": "Done|a_authenticate_nurse"}"
[spotrobot-5] [INFO] [1748620720.686902185] [spotrobot]: I heard: "{"performative": "query", "sender": "nurse_disinfected1", "receiver": "spotrobot1", "content": "Done|a_authenticate_nurse"}"
[uvdrobot-4] [INFO] [1748620720.687082463] [uvdrobot]: I heard: "{"performative": "query", "sender": "nurse_disinfected1", "receiver": "spotrobot1", "content": "Done|a_authenticate_nurse"}"
[spotrobot-5] [INFO] [1748620720.687198005] [spotrobot]: And it is for me
[nurse_disinfect-3] [INFO] [1748620720.687377428] [nurse_disinfect]: And it is not for me
[spotrobot-5] [INFO] [1748620720.687485143] [spotrobot]: Finished action
[uvdrobot-4] [INFO] [1748620720.687656265] [uvdrobot]: And it is not for me
[spotrobot-5] [INFO] [1748620720.687968046] [spotrobot]: Doing a_authorize_patrol
[spotrobot-5] [INFO] [1748620720.688230251] [spotrobot]: a_authorize_patrol
[nurse_disinfect-3] [INFO] [1748620720.688484512] [nurse_disinfect]: I heard: "{"performative": "query", "sender": "spotrobot1", "receiver": "nurse_disinfected1", "content": "Done|a_authenticate_nurse"}"
[spotrobot-5] [INFO] [1748620720.688513101] [spotrobot]: Here first, waiting for nurse
[uvdrobot-4] [INFO] [1748620720.688661197] [uvdrobot]: I heard: "{"performative": "query", "sender": "spotrobot1", "receiver": "nurse_disinfected1", "content": "Done|a_authenticate_nurse"}"
[nurse_disinfect-3] [INFO] [1748620720.688977092] [nurse_disinfect]: And it is for me
[uvdrobot-4] [INFO] [1748620720.689191528] [uvdrobot]: And it is not for me
[spotrobot-5] [INFO] [1748620720.689246673] [spotrobot]: I heard: "{"performative": "query", "sender": "spotrobot1", "receiver": "nurse_disinfected1", "content": "Done|a_authenticate_nurse"}"
[spotrobot-5] [INFO] [1748620720.689515899] [spotrobot]: And it is not for me
[nurse_disinfect-3] [INFO] [1748620720.689483562] [nurse_disinfect]: Finished action
[spotrobot-5] [INFO] [1748620720.690001534] [spotrobot]: I heard: "{"performative": "query", "sender": "spotrobot1", "receiver": "nurse_disinfected1", "content": "Ready|a_authorize_patrol"}"
[uvdrobot-4] [INFO] [1748620720.690147306] [uvdrobot]: I heard: "{"performative": "query", "sender": "spotrobot1", "receiver": "nurse_disinfected1", "content": "Ready|a_authorize_patrol"}"
[nurse_disinfect-3] [INFO] [1748620720.690174060] [nurse_disinfect]: a_authorize_patrol
[spotrobot-5] [INFO] [1748620720.690261235] [spotrobot]: And it is not for me
[nurse_disinfect-3] [INFO] [1748620720.690649306] [nurse_disinfect]: Doing a_authorize_patrol
[uvdrobot-4] [INFO] [1748620720.690705918] [uvdrobot]: And it is not for me
[spotrobot-5] [INFO] [1748620720.690781992] [spotrobot]: I heard: "{"performative": "query", "sender": "nurse_disinfected1", "receiver": "spotrobot1", "content": "Done|a_authenticate_nurse"}"
[spotrobot-5] [INFO] [1748620720.691056057] [spotrobot]: And it is for me
[nurse_disinfect-3] [INFO] [1748620720.691139031] [nurse_disinfect]: a_authorize_patrol
[spotrobot-5] [INFO] [1748620720.691312674] [spotrobot]: Already finished action
[uvdrobot-4] [INFO] [1748620720.691594629] [uvdrobot]: I heard: "{"performative": "query", "sender": "nurse_disinfected1", "receiver": "spotrobot1", "content": "Done|a_authenticate_nurse"}"
[nurse_disinfect-3] [INFO] [1748620720.691625464] [nurse_disinfect]: Here first, waiting for robot
[uvdrobot-4] [INFO] [1748620720.692145462] [uvdrobot]: And it is not for me
[spotrobot-5] [INFO] [1748620720.692178881] [spotrobot]: I heard: "{"performative": "query", "sender": "nurse_disinfected1", "receiver": "spotrobot1", "content": "Ready|a_authorize_patrol"}"
[spotrobot-5] [INFO] [1748620720.692450972] [spotrobot]: And it is for me
[nurse_disinfect-3] [INFO] [1748620720.692461566] [nurse_disinfect]: I heard: "{"performative": "query", "sender": "spotrobot1", "receiver": "nurse_disinfected1", "content": "Ready|a_authorize_patrol"}"
[spotrobot-5] [INFO] [1748620720.692731630] [spotrobot]: Ready to act
[nurse_disinfect-3] [INFO] [1748620720.692988073] [nurse_disinfect]: And it is for me
[uvdrobot-4] [INFO] [1748620720.693038480] [uvdrobot]: I heard: "{"performative": "query", "sender": "nurse_disinfected1", "receiver": "spotrobot1", "content": "Ready|a_authorize_patrol"}"
[nurse_disinfect-3] [INFO] [1748620720.693305069] [nurse_disinfect]: Ready to act
[spotrobot-5] [INFO] [1748620720.693363116] [spotrobot]: I heard: "{"performative": "query", "sender": "spotrobot1", "receiver": "nurse_disinfected1", "content": "Done|a_authorize_patrol"}"
[uvdrobot-4] [INFO] [1748620720.693551202] [uvdrobot]: And it is not for me
[spotrobot-5] [INFO] [1748620720.693682768] [spotrobot]: And it is not for me
[nurse_disinfect-3] [INFO] [1748620720.694098696] [nurse_disinfect]: I heard: "{"performative": "query", "sender": "nurse_disinfected1", "receiver": "spotrobot1", "content": "Done|a_authenticate_nurse"}"
[spotrobot-5] [INFO] [1748620720.694244171] [spotrobot]: I heard: "{"performative": "query", "sender": "nurse_disinfected1", "receiver": "spotrobot1", "content": "Done|a_authorize_patrol"}"
[nurse_disinfect-3] [INFO] [1748620720.694444486] [nurse_disinfect]: And it is not for me
[spotrobot-5] [INFO] [1748620720.694511651] [spotrobot]: And it is for me
[uvdrobot-4] [INFO] [1748620720.694512672] [uvdrobot]: I heard: "{"performative": "query", "sender": "spotrobot1", "receiver": "nurse_disinfected1", "content": "Done|a_authorize_patrol"}"
[spotrobot-5] [INFO] [1748620720.694763003] [spotrobot]: Finished action
[nurse_disinfect-3] [INFO] [1748620720.694964855] [nurse_disinfect]: I heard: "{"performative": "query", "sender": "nurse_disinfected1", "receiver": "spotrobot1", "content": "Ready|a_authorize_patrol"}"
[uvdrobot-4] [INFO] [1748620720.695054018] [uvdrobot]: And it is not for me
[spotrobot-5] [INFO] [1748620720.695177719] [spotrobot]: Doing a_patrol_room
[nurse_disinfect-3] [INFO] [1748620720.695238407] [nurse_disinfect]: And it is not for me
[spotrobot-5] [INFO] [1748620720.695590718] [spotrobot]: Wating for response
[uvdrobot-4] [INFO] [1748620720.695972557] [uvdrobot]: I heard: "{"performative": "query", "sender": "nurse_disinfected1", "receiver": "spotrobot1", "content": "Done|a_authorize_patrol"}"
[spotrobot-5] [INFO] [1748620720.696053033] [spotrobot]: I heard: "{"performative": "query", "sender": "spotrobot1", "receiver": "nurse_disinfected1", "content": "Done|a_authorize_patrol"}"
[nurse_disinfect-3] [INFO] [1748620720.696223444] [nurse_disinfect]: I heard: "{"performative": "query", "sender": "spotrobot1", "receiver": "nurse_disinfected1", "content": "Done|a_authorize_patrol"}"
[spotrobot-5] [INFO] [1748620720.696316652] [spotrobot]: And it is not for me
[uvdrobot-4] [INFO] [1748620720.696503713] [uvdrobot]: And it is not for me
[nurse_disinfect-3] [INFO] [1748620720.696560800] [nurse_disinfect]: And it is for me
[nurse_disinfect-3] [INFO] [1748620720.696839779] [nurse_disinfect]: Finished action
[spotrobot-5] [INFO] [1748620720.696938822] [spotrobot]: success
[spotrobot-5] [INFO] [1748620720.697359857] [spotrobot]: Doing a_authorize_disinfect
[uvdrobot-4] [INFO] [1748620720.697423524] [uvdrobot]: I heard: "{"performative": "query", "sender": "spotrobot1", "receiver": "nurse_disinfected1", "content": "Done|a_authorize_patrol"}"
[nurse_disinfect-3] [INFO] [1748620720.697586244] [nurse_disinfect]: I heard: "{"performative": "query", "sender": "nurse_disinfected1", "receiver": "spotrobot1", "content": "Done|a_authorize_patrol"}"
[spotrobot-5] [INFO] [1748620720.697664338] [spotrobot]: a_authorize_disinfect
[spotrobot-5] [INFO] [1748620720.697924608] [spotrobot]: Here first, waiting for spotrobot
[uvdrobot-4] [INFO] [1748620720.697987374] [uvdrobot]: And it is not for me
[nurse_disinfect-3] [INFO] [1748620720.698168889] [nurse_disinfect]: And it is not for me
[spotrobot-5] [INFO] [1748620720.698545639] [spotrobot]: I heard: "{"performative": "query", "sender": "nurse_disinfected1", "receiver": "spotrobot1", "content": "Done|a_authorize_patrol"}"
[nurse_disinfect-3] [INFO] [1748620720.698752548] [nurse_disinfect]: I heard: "{"performative": "query", "sender": "spotrobot1", "receiver": "nurse_disinfected1", "content": "Done|a_authorize_patrol"}"
[spotrobot-5] [INFO] [1748620720.698825226] [spotrobot]: And it is for me
[uvdrobot-4] [INFO] [1748620720.698922393] [uvdrobot]: I heard: "{"performative": "query", "sender": "nurse_disinfected1", "receiver": "spotrobot1", "content": "Done|a_authorize_patrol"}"
[nurse_disinfect-3] [INFO] [1748620720.699088832] [nurse_disinfect]: And it is for me
[spotrobot-5] [INFO] [1748620720.699347957] [spotrobot]: Already finished action
[nurse_disinfect-3] [INFO] [1748620720.699363855] [nurse_disinfect]: Already finished action
[uvdrobot-4] [INFO] [1748620720.699484241] [uvdrobot]: And it is not for me
[nurse_disinfect-3] [INFO] [1748620720.699917506] [nurse_disinfect]: I heard: "{"performative": "query", "sender": "nurse_disinfected1", "receiver": "spotrobot1", "content": "Done|a_authorize_patrol"}"
[spotrobot-5] [INFO] [1748620720.699923657] [spotrobot]: I heard: "{"performative": "query", "sender": "spotrobot1", "receiver": "uvdrobot1", "content": "Ready|a_authorize_disinfect"}"
[nurse_disinfect-3] [INFO] [1748620720.700407410] [nurse_disinfect]: And it is not for me
[uvdrobot-4] [INFO] [1748620720.700455401] [uvdrobot]: I heard: "{"performative": "query", "sender": "spotrobot1", "receiver": "uvdrobot1", "content": "Ready|a_authorize_disinfect"}"
[spotrobot-5] [INFO] [1748620720.700569280] [spotrobot]: And it is not for me
[uvdrobot-4] [INFO] [1748620720.700891389] [uvdrobot]: And it is for me
[nurse_disinfect-3] [INFO] [1748620720.701139246] [nurse_disinfect]: I heard: "{"performative": "query", "sender": "spotrobot1", "receiver": "uvdrobot1", "content": "Ready|a_authorize_disinfect"}"
[uvdrobot-4] [INFO] [1748620720.701333400] [uvdrobot]: Ready to act
[nurse_disinfect-3] [INFO] [1748620720.701707915] [nurse_disinfect]: And it is not for me
[spotrobot-5] [INFO] [1748620720.702115429] [spotrobot]: I heard: "{"performative": "query", "sender": "uvdrobot1", "receiver": "spotrobot1", "content": "Done|a_authorize_disinfect"}"
[spotrobot-5] [INFO] [1748620720.702470915] [spotrobot]: And it is for me
[uvdrobot-4] [INFO] [1748620720.702546184] [uvdrobot]: I heard: "{"performative": "query", "sender": "uvdrobot1", "receiver": "spotrobot1", "content": "Done|a_authorize_disinfect"}"
[nurse_disinfect-3] [INFO] [1748620720.702710940] [nurse_disinfect]: I heard: "{"performative": "query", "sender": "uvdrobot1", "receiver": "spotrobot1", "content": "Done|a_authorize_disinfect"}"
[spotrobot-5] [INFO] [1748620720.702849180] [spotrobot]: Finished action
[uvdrobot-4] [INFO] [1748620720.703154654] [uvdrobot]: And it is not for me
[nurse_disinfect-3] [INFO] [1748620720.703206746] [nurse_disinfect]: And it is not for me
[spotrobot-5] [INFO] [1748620720.703595000] [spotrobot]: I heard: "{"performative": "query", "sender": "spotrobot1", "receiver": "uvdrobot1", "content": "Done|a_authorize_disinfect"}"
[uvdrobot-4] [INFO] [1748620720.703849108] [uvdrobot]: I heard: "{"performative": "query", "sender": "spotrobot1", "receiver": "uvdrobot1", "content": "Done|a_authorize_disinfect"}"
[spotrobot-5] [INFO] [1748620720.704046917] [spotrobot]: And it is not for me
[uvdrobot-4] [INFO] [1748620720.704165022] [uvdrobot]: And it is for me
[nurse_disinfect-3] [INFO] [1748620720.704197931] [nurse_disinfect]: I heard: "{"performative": "query", "sender": "spotrobot1", "receiver": "uvdrobot1", "content": "Done|a_authorize_disinfect"}"
[uvdrobot-4] [INFO] [1748620720.704484731] [uvdrobot]: Finished action
[nurse_disinfect-3] [INFO] [1748620720.704742863] [nurse_disinfect]: And it is not for me
[uvdrobot-4] [INFO] [1748620720.705245067] [uvdrobot]: Doing a_navto
[spotrobot-5] [INFO] [1748620720.705312822] [spotrobot]: I heard: "{"performative": "query", "sender": "uvdrobot1", "receiver": "spotrobot1", "content": "Done|a_authorize_disinfect"}"
[nurse_disinfect-3] [INFO] [1748620720.705635198] [nurse_disinfect]: I heard: "{"performative": "query", "sender": "uvdrobot1", "receiver": "spotrobot1", "content": "Done|a_authorize_disinfect"}"
[spotrobot-5] [INFO] [1748620720.705907175] [spotrobot]: And it is for me
[nurse_disinfect-3] [INFO] [1748620720.706019668] [nurse_disinfect]: And it is not for me
[uvdrobot-4] [INFO] [1748620720.706050325] [uvdrobot]: Waiting for response
[spotrobot-5] [INFO] [1748620720.706345278] [spotrobot]: Already finished action
[uvdrobot-4] [INFO] [1748620720.706907509] [uvdrobot]: I heard: "{"performative": "query", "sender": "uvdrobot1", "receiver": "spotrobot1", "content": "Done|a_authorize_disinfect"}"
[uvdrobot-4] [INFO] [1748620720.707438096] [uvdrobot]: And it is not for me
[uvdrobot-4] [INFO] [1748620720.709809367] [uvdrobot]: success
[uvdrobot-4] [INFO] [1748620720.710449041] [uvdrobot]: Doing a_disinfect_room
[uvdrobot-4] [INFO] [1748620720.711120972] [uvdrobot]: Waiting for response
[uvdrobot-4] [INFO] [1748620720.713008970] [uvdrobot]: success
[disinfect_environment-1] [INFO] [1748620720.715268503] [disinfect_environment]: Recebido sinal de desligamento do coordenador, finalizando...
[nurse_disinfect-3] [INFO] [1748620720.715279859] [nurse_disinfect]: Recebido sinal de desligamento do coordenador, finalizando...
[uvdrobot-4] [INFO] [1748620720.715320569] [uvdrobot]: Recebido sinal de desligamento do coordenador, finalizando...
[spotrobot-5] [INFO] [1748620720.715349972] [spotrobot]: Recebido sinal de desligamento do coordenador, finalizando...
[disinfect_planner-2] [INFO] [1748620720.715351181] [disinfect_planner]: Recebido sinal de desligamento do coordenador, finalizando...
[disinfect_planner-2] [INFO] [1748620720.715838277] [Quitting]: Done
[disinfect_environment-1] [INFO] [1748620720.715840227] [Quitting]: Done
[nurse_disinfect-3] [INFO] [1748620720.715857836] [Quitting]: Done
[spotrobot-5] [INFO] [1748620720.715890967] [Quitting]: Done
[uvdrobot-4] [INFO] [1748620720.715981994] [Quitting]: Done
[INFO] [disinfect_environment-1]: process has finished cleanly [pid 28446]
[INFO] [spotrobot-5]: process has finished cleanly [pid 28454]
[INFO] [nurse_disinfect-3]: process has finished cleanly [pid 28450]
[INFO] [uvdrobot-4]: process has finished cleanly [pid 28452]
[INFO] [disinfect_planner-2]: process has finished cleanly [pid 28448]
