[INFO] [launch]: All log files can be found below /home/rafael/.ros/log/2025-05-29-09-10-04-013301-NotebookRafael-10146
[INFO] [launch]: Default logging verbosity is set to INFO
[INFO] [disinfect_environment-1]: process started with pid [10149]
[INFO] [disinfect_planner-2]: process started with pid [10151]
[INFO] [nurse_disinfect-3]: process started with pid [10153]
[INFO] [uvdrobot-4]: process started with pid [10155]
[INFO] [spotrobot-5]: process started with pid [10157]
[disinfect_environment-1] [INFO] [1748520604.282615380] [disinfect_environment]: Starting Environment server
[disinfect_environment-1] [INFO] [1748520604.288838014] [disinfect_environment]: Environment server started
[disinfect_planner-2] [INFO] [1748520605.559930060] [disinfect_planner]: Starting Planner server
[disinfect_planner-2] [INFO] [1748520605.564095373] [disinfect_planner]: Planner server started
[disinfect_planner-2] [INFO] [1748520605.756351262] [disinfect_planner]: Creating plan for: spotrobot1 uvdrobot1 nurse_disinfected1
[disinfect_planner-2] [INFO] [1748520605.758013626] [disinfect_planner]: a_navto,spotrobot1,room1
[disinfect_planner-2] [INFO] [1748520605.758346609] [disinfect_planner]: a_open_door,spotrobot1,room1
[disinfect_planner-2] [INFO] [1748520605.758603298] [disinfect_planner]: a_approach_nurse,spotrobot1,nurse_disinfected1
[disinfect_planner-2] [INFO] [1748520605.758931532] [disinfect_planner]: a_authenticate_nurse,spotrobot1,nurse_disinfected1
[disinfect_planner-2] [INFO] [1748520605.759232863] [disinfect_planner]: a_authorize_patrol,spotrobot1,nurse_disinfected1
[disinfect_planner-2] [INFO] [1748520605.759532861] [disinfect_planner]: a_patrol_room,spotrobot1,room1
[disinfect_planner-2] [INFO] [1748520605.759830690] [disinfect_planner]: a_authorize_disinfect,uvdrobot1,spotrobot1
[disinfect_planner-2] [INFO] [1748520605.760125939] [disinfect_planner]: a_navto,uvdrobot1,room1
[disinfect_planner-2] [INFO] [1748520605.760419902] [disinfect_planner]: a_disinfect_room,uvdrobot1,room1
[disinfect_planner-2] [INFO] [1748520605.760755140] [disinfect_planner]: Sending response
[uvdrobot-4] [INFO] [1748520605.761984877] [uvdrobot]: response.response uvdrobot1
[nurse_disinfect-3] [INFO] [1748520605.762229665] [nurse_disinfect]: response.response nurse_disinfected1
[uvdrobot-4] [INFO] [1748520605.762393858] [uvdrobot]: My name is uvdrobot1
[nurse_disinfect-3] [INFO] [1748520605.762611234] [nurse_disinfect]: My name is nurse_disinfected1
[uvdrobot-4] [INFO] [1748520605.763270467] [uvdrobot]: I heard: "{"performative": "request", "sender": "Coordinator", "receiver": "uvdrobot1", "content": "Plan|a_authorize_disinfect,uvdrobot1,spotrobot1/a_navto,uvdrobot1,room1/a_disinfect_room,uvdrobot1,room1"}"
[uvdrobot-4] [INFO] [1748520605.763682114] [uvdrobot]: And it is for me
[uvdrobot-4] [INFO] [1748520605.764208713] [uvdrobot]: Doing a_authorize_disinfect
[uvdrobot-4] [INFO] [1748520605.764683194] [uvdrobot]: a_authorize_disinfect
[uvdrobot-4] [INFO] [1748520605.765182381] [uvdrobot]: Here first, waiting for spotrobot
[uvdrobot-4] [INFO] [1748520605.766384416] [uvdrobot]: I heard: "{"performative": "request", "sender": "Coordinator", "receiver": "spotrobot1", "content": "Plan|a_navto,spotrobot1,room1/a_open_door,spotrobot1,room1/a_approach_nurse,spotrobot1,nurse_disinfected1/a_authenticate_nurse,spotrobot1,nurse_disinfected1/a_authorize_patrol,spotrobot1,nurse_disinfected1/a_patrol_room,spotrobot1,room1/a_authorize_disinfect,uvdrobot1,spotrobot1"}"
[spotrobot-5] [INFO] [1748520605.766747534] [spotrobot]: response.response spotrobot1
[uvdrobot-4] [INFO] [1748520605.766763155] [uvdrobot]: And it is not for me
[uvdrobot-4] [INFO] [1748520605.767188647] [uvdrobot]: I heard: "{"performative": "query", "sender": "uvdrobot1", "receiver": "spotrobot1", "content": "Ready|a_authorize_disinfect"}"
[spotrobot-5] [INFO] [1748520605.767369818] [spotrobot]: My name is spotrobot1
[uvdrobot-4] [INFO] [1748520605.767741889] [uvdrobot]: And it is not for me
[spotrobot-5] [INFO] [1748520605.768420491] [spotrobot]: I heard: "{"performative": "request", "sender": "Coordinator", "receiver": "uvdrobot1", "content": "Plan|a_authorize_disinfect,uvdrobot1,spotrobot1/a_navto,uvdrobot1,room1/a_disinfect_room,uvdrobot1,room1"}"
[uvdrobot-4] [INFO] [1748520605.768419052] [uvdrobot]: I heard: "{"performative": "request", "sender": "Coordinator", "receiver": "nurse_disinfected1", "content": "Plan|a_approach_nurse,spotrobot1,nurse_disinfected1/a_authenticate_nurse,spotrobot1,nurse_disinfected1/a_authorize_patrol,spotrobot1,nurse_disinfected1"}"
[uvdrobot-4] [INFO] [1748520605.768851328] [uvdrobot]: And it is not for me
[spotrobot-5] [INFO] [1748520605.769004694] [spotrobot]: And it is not for me
[spotrobot-5] [INFO] [1748520605.769809376] [spotrobot]: I heard: "{"performative": "query", "sender": "uvdrobot1", "receiver": "spotrobot1", "content": "Ready|a_authorize_disinfect"}"
[spotrobot-5] [INFO] [1748520605.770326822] [spotrobot]: And it is for me
[spotrobot-5] [INFO] [1748520605.770878001] [spotrobot]: No there yet
[spotrobot-5] [INFO] [1748520605.771903306] [spotrobot]: I heard: "{"performative": "request", "sender": "Coordinator", "receiver": "spotrobot1", "content": "Plan|a_navto,spotrobot1,room1/a_open_door,spotrobot1,room1/a_approach_nurse,spotrobot1,nurse_disinfected1/a_authenticate_nurse,spotrobot1,nurse_disinfected1/a_authorize_patrol,spotrobot1,nurse_disinfected1/a_patrol_room,spotrobot1,room1/a_authorize_disinfect,uvdrobot1,spotrobot1"}"
[spotrobot-5] [INFO] [1748520605.772455723] [spotrobot]: And it is for me
[spotrobot-5] [INFO] [1748520605.772996655] [spotrobot]: Doing a_navto
[spotrobot-5] [INFO] [1748520605.773608586] [spotrobot]: Wating for response
[spotrobot-5] [INFO] [1748520605.774560572] [spotrobot]: I heard: "{"performative": "request", "sender": "Coordinator", "receiver": "nurse_disinfected1", "content": "Plan|a_approach_nurse,spotrobot1,nurse_disinfected1/a_authenticate_nurse,spotrobot1,nurse_disinfected1/a_authorize_patrol,spotrobot1,nurse_disinfected1"}"
[spotrobot-5] [INFO] [1748520605.775122113] [spotrobot]: And it is not for me
[spotrobot-5] [INFO] [1748520605.777512979] [spotrobot]: success
[spotrobot-5] [INFO] [1748520605.778179925] [spotrobot]: Doing a_open_door
[spotrobot-5] [INFO] [1748520605.778623109] [spotrobot]: Wating for response
[spotrobot-5] [INFO] [1748520605.780995164] [spotrobot]: success
[spotrobot-5] [INFO] [1748520605.781662263] [spotrobot]: Doing a_approach_nurse
[spotrobot-5] [INFO] [1748520605.782365302] [spotrobot]: Wating for response
[spotrobot-5] [INFO] [1748520605.783910423] [spotrobot]: success
[spotrobot-5] [INFO] [1748520605.784543077] [spotrobot]: Doing a_authenticate_nurse
[spotrobot-5] [INFO] [1748520605.785117599] [spotrobot]: a_authenticate_nurse
[spotrobot-5] [INFO] [1748520605.785691316] [spotrobot]: Here first, waiting for nurse
[uvdrobot-4] [INFO] [1748520605.786498249] [uvdrobot]: I heard: "{"performative": "query", "sender": "spotrobot1", "receiver": "nurse_disinfected1", "content": "Ready|a_authenticate_nurse"}"
[uvdrobot-4] [INFO] [1748520605.786837823] [uvdrobot]: And it is not for me
[spotrobot-5] [INFO] [1748520605.786851087] [spotrobot]: I heard: "{"performative": "query", "sender": "spotrobot1", "receiver": "nurse_disinfected1", "content": "Ready|a_authenticate_nurse"}"
[spotrobot-5] [INFO] [1748520605.787388287] [spotrobot]: And it is not for me
[nurse_disinfect-3] [INFO] [1748520606.764329997] [nurse_disinfect]: I heard: "{"performative": "request", "sender": "Coordinator", "receiver": "uvdrobot1", "content": "Plan|a_authorize_disinfect,uvdrobot1,spotrobot1/a_navto,uvdrobot1,room1/a_disinfect_room,uvdrobot1,room1"}"
[nurse_disinfect-3] [INFO] [1748520606.764733058] [nurse_disinfect]: And it is not for me
[nurse_disinfect-3] [INFO] [1748520606.765412475] [nurse_disinfect]: I heard: "{"performative": "query", "sender": "uvdrobot1", "receiver": "spotrobot1", "content": "Ready|a_authorize_disinfect"}"
[nurse_disinfect-3] [INFO] [1748520606.765748682] [nurse_disinfect]: And it is not for me
[nurse_disinfect-3] [INFO] [1748520606.766686813] [nurse_disinfect]: I heard: "{"performative": "request", "sender": "Coordinator", "receiver": "spotrobot1", "content": "Plan|a_navto,spotrobot1,room1/a_open_door,spotrobot1,room1/a_approach_nurse,spotrobot1,nurse_disinfected1/a_authenticate_nurse,spotrobot1,nurse_disinfected1/a_authorize_patrol,spotrobot1,nurse_disinfected1/a_patrol_room,spotrobot1,room1/a_authorize_disinfect,uvdrobot1,spotrobot1"}"
[nurse_disinfect-3] [INFO] [1748520606.767210284] [nurse_disinfect]: And it is not for me
[nurse_disinfect-3] [INFO] [1748520606.767866042] [nurse_disinfect]: I heard: "{"performative": "query", "sender": "spotrobot1", "receiver": "nurse_disinfected1", "content": "Ready|a_authenticate_nurse"}"
[nurse_disinfect-3] [INFO] [1748520606.768420876] [nurse_disinfect]: And it is for me
[nurse_disinfect-3] [INFO] [1748520606.768951341] [nurse_disinfect]: No there yet
[nurse_disinfect-3] [INFO] [1748520606.769986077] [nurse_disinfect]: I heard: "{"performative": "request", "sender": "Coordinator", "receiver": "nurse_disinfected1", "content": "Plan|a_approach_nurse,spotrobot1,nurse_disinfected1/a_authenticate_nurse,spotrobot1,nurse_disinfected1/a_authorize_patrol,spotrobot1,nurse_disinfected1"}"
[nurse_disinfect-3] [INFO] [1748520606.770638573] [nurse_disinfect]: And it is for me
[nurse_disinfect-3] [INFO] [1748520606.772407099] [nurse_disinfect]: a_approach_nurse
[nurse_disinfect-3] [INFO] [1748520606.773032328] [nurse_disinfect]: a_authenticate_nurse
[nurse_disinfect-3] [INFO] [1748520606.773603492] [nurse_disinfect]: Doing a_authenticate_nurse
[nurse_disinfect-3] [INFO] [1748520606.774168036] [nurse_disinfect]: a_authenticate_nurse
[nurse_disinfect-3] [INFO] [1748520606.774674169] [nurse_disinfect]: Robot is waiting, send action message
[spotrobot-5] [INFO] [1748520606.775433672] [spotrobot]: I heard: "{"performative": "query", "sender": "nurse_disinfected1", "receiver": "spotrobot1", "content": "Done|a_authenticate_nurse"}"
[uvdrobot-4] [INFO] [1748520606.775536140] [uvdrobot]: I heard: "{"performative": "query", "sender": "nurse_disinfected1", "receiver": "spotrobot1", "content": "Done|a_authenticate_nurse"}"
[nurse_disinfect-3] [INFO] [1748520606.775661757] [nurse_disinfect]: I heard: "{"performative": "query", "sender": "nurse_disinfected1", "receiver": "spotrobot1", "content": "Done|a_authenticate_nurse"}"
[spotrobot-5] [INFO] [1748520606.775890653] [spotrobot]: And it is for me
[uvdrobot-4] [INFO] [1748520606.776051090] [uvdrobot]: And it is not for me
[nurse_disinfect-3] [INFO] [1748520606.776191694] [nurse_disinfect]: And it is not for me
[spotrobot-5] [INFO] [1748520606.776321068] [spotrobot]: Finished action
[spotrobot-5] [INFO] [1748520606.777048573] [spotrobot]: Doing a_authorize_patrol
[nurse_disinfect-3] [INFO] [1748520606.777192582] [nurse_disinfect]: I heard: "{"performative": "query", "sender": "spotrobot1", "receiver": "nurse_disinfected1", "content": "Done|a_authenticate_nurse"}"
[uvdrobot-4] [INFO] [1748520606.777192920] [uvdrobot]: I heard: "{"performative": "query", "sender": "spotrobot1", "receiver": "nurse_disinfected1", "content": "Done|a_authenticate_nurse"}"
[spotrobot-5] [INFO] [1748520606.777373228] [spotrobot]: a_authorize_patrol
[spotrobot-5] [INFO] [1748520606.777639828] [spotrobot]: Here first, waiting for nurse
[nurse_disinfect-3] [INFO] [1748520606.777693246] [nurse_disinfect]: And it is for me
[uvdrobot-4] [INFO] [1748520606.777693258] [uvdrobot]: And it is not for me
[nurse_disinfect-3] [INFO] [1748520606.778188385] [nurse_disinfect]: Finished action
[uvdrobot-4] [INFO] [1748520606.778577757] [uvdrobot]: I heard: "{"performative": "query", "sender": "spotrobot1", "receiver": "nurse_disinfected1", "content": "Ready|a_authorize_patrol"}"
[spotrobot-5] [INFO] [1748520606.778690376] [spotrobot]: I heard: "{"performative": "query", "sender": "spotrobot1", "receiver": "nurse_disinfected1", "content": "Done|a_authenticate_nurse"}"
[nurse_disinfect-3] [INFO] [1748520606.778869635] [nurse_disinfect]: a_authorize_patrol
[uvdrobot-4] [INFO] [1748520606.779085655] [uvdrobot]: And it is not for me
[spotrobot-5] [INFO] [1748520606.779208330] [spotrobot]: And it is not for me
[nurse_disinfect-3] [INFO] [1748520606.779335434] [nurse_disinfect]: Doing a_authorize_patrol
[nurse_disinfect-3] [INFO] [1748520606.779850701] [nurse_disinfect]: a_authorize_patrol
[uvdrobot-4] [INFO] [1748520606.779959609] [uvdrobot]: I heard: "{"performative": "query", "sender": "nurse_disinfected1", "receiver": "spotrobot1", "content": "Done|a_authenticate_nurse"}"
[spotrobot-5] [INFO] [1748520606.780204948] [spotrobot]: I heard: "{"performative": "query", "sender": "spotrobot1", "receiver": "nurse_disinfected1", "content": "Ready|a_authorize_patrol"}"
[nurse_disinfect-3] [INFO] [1748520606.780324079] [nurse_disinfect]: Here first, waiting for robot
[uvdrobot-4] [INFO] [1748520606.780466817] [uvdrobot]: And it is not for me
[spotrobot-5] [INFO] [1748520606.780816323] [spotrobot]: And it is not for me
[uvdrobot-4] [INFO] [1748520606.781311499] [uvdrobot]: I heard: "{"performative": "query", "sender": "nurse_disinfected1", "receiver": "spotrobot1", "content": "Ready|a_authorize_patrol"}"
[nurse_disinfect-3] [INFO] [1748520606.781385431] [nurse_disinfect]: I heard: "{"performative": "query", "sender": "spotrobot1", "receiver": "nurse_disinfected1", "content": "Ready|a_authorize_patrol"}"
[uvdrobot-4] [INFO] [1748520606.781838596] [uvdrobot]: And it is not for me
[nurse_disinfect-3] [INFO] [1748520606.781892898] [nurse_disinfect]: And it is for me
[spotrobot-5] [INFO] [1748520606.782197827] [spotrobot]: I heard: "{"performative": "query", "sender": "nurse_disinfected1", "receiver": "spotrobot1", "content": "Done|a_authenticate_nurse"}"
[nurse_disinfect-3] [INFO] [1748520606.782407887] [nurse_disinfect]: Ready to act
[spotrobot-5] [INFO] [1748520606.782579800] [spotrobot]: And it is for me
[spotrobot-5] [INFO] [1748520606.783142991] [spotrobot]: Already finished action
[uvdrobot-4] [INFO] [1748520606.783410475] [uvdrobot]: I heard: "{"performative": "query", "sender": "nurse_disinfected1", "receiver": "spotrobot1", "content": "Done|a_authorize_patrol"}"
[nurse_disinfect-3] [INFO] [1748520606.783556270] [nurse_disinfect]: I heard: "{"performative": "query", "sender": "nurse_disinfected1", "receiver": "spotrobot1", "content": "Done|a_authenticate_nurse"}"
[spotrobot-5] [INFO] [1748520606.783811519] [spotrobot]: I heard: "{"performative": "query", "sender": "nurse_disinfected1", "receiver": "spotrobot1", "content": "Ready|a_authorize_patrol"}"
[uvdrobot-4] [INFO] [1748520606.783923853] [uvdrobot]: And it is not for me
[nurse_disinfect-3] [INFO] [1748520606.784047474] [nurse_disinfect]: And it is not for me
[spotrobot-5] [INFO] [1748520606.784153147] [spotrobot]: And it is for me
[spotrobot-5] [INFO] [1748520606.784541358] [spotrobot]: Ready to act
[nurse_disinfect-3] [INFO] [1748520606.784715091] [nurse_disinfect]: I heard: "{"performative": "query", "sender": "nurse_disinfected1", "receiver": "spotrobot1", "content": "Ready|a_authorize_patrol"}"
[nurse_disinfect-3] [INFO] [1748520606.784998548] [nurse_disinfect]: And it is not for me
[uvdrobot-4] [INFO] [1748520606.785228689] [uvdrobot]: I heard: "{"performative": "query", "sender": "spotrobot1", "receiver": "nurse_disinfected1", "content": "Done|a_authorize_patrol"}"
[spotrobot-5] [INFO] [1748520606.785414986] [spotrobot]: I heard: "{"performative": "query", "sender": "nurse_disinfected1", "receiver": "spotrobot1", "content": "Done|a_authorize_patrol"}"
[nurse_disinfect-3] [INFO] [1748520606.785617128] [nurse_disinfect]: I heard: "{"performative": "query", "sender": "nurse_disinfected1", "receiver": "spotrobot1", "content": "Done|a_authorize_patrol"}"
[uvdrobot-4] [INFO] [1748520606.785624487] [uvdrobot]: And it is not for me
[spotrobot-5] [INFO] [1748520606.785791154] [spotrobot]: And it is for me
[nurse_disinfect-3] [INFO] [1748520606.785938943] [nurse_disinfect]: And it is not for me
[spotrobot-5] [INFO] [1748520606.786165537] [spotrobot]: Finished action
[nurse_disinfect-3] [INFO] [1748520606.786536876] [nurse_disinfect]: I heard: "{"performative": "query", "sender": "spotrobot1", "receiver": "nurse_disinfected1", "content": "Done|a_authorize_patrol"}"
[spotrobot-5] [INFO] [1748520606.786714222] [spotrobot]: Doing a_patrol_room
[nurse_disinfect-3] [INFO] [1748520606.786816198] [nurse_disinfect]: And it is for me
[uvdrobot-4] [INFO] [1748520606.786870205] [uvdrobot]: I heard: "{"performative": "query", "sender": "spotrobot1", "receiver": "nurse_disinfected1", "content": "Done|a_authorize_patrol"}"
[nurse_disinfect-3] [INFO] [1748520606.787146581] [nurse_disinfect]: Finished action
[spotrobot-5] [INFO] [1748520606.787255403] [spotrobot]: Wating for response
[uvdrobot-4] [INFO] [1748520606.787349196] [uvdrobot]: And it is not for me
[spotrobot-5] [INFO] [1748520606.787826126] [spotrobot]: I heard: "{"performative": "query", "sender": "spotrobot1", "receiver": "nurse_disinfected1", "content": "Done|a_authorize_patrol"}"
[uvdrobot-4] [INFO] [1748520606.787865039] [uvdrobot]: I heard: "{"performative": "query", "sender": "nurse_disinfected1", "receiver": "spotrobot1", "content": "Done|a_authorize_patrol"}"
[nurse_disinfect-3] [INFO] [1748520606.787866641] [nurse_disinfect]: I heard: "{"performative": "query", "sender": "spotrobot1", "receiver": "nurse_disinfected1", "content": "Done|a_authorize_patrol"}"
[spotrobot-5] [INFO] [1748520606.788196614] [spotrobot]: And it is not for me
[uvdrobot-4] [INFO] [1748520606.788236726] [uvdrobot]: And it is not for me
[nurse_disinfect-3] [INFO] [1748520606.788288919] [nurse_disinfect]: And it is for me
[nurse_disinfect-3] [INFO] [1748520606.788603347] [nurse_disinfect]: Already finished action
[spotrobot-5] [INFO] [1748520606.788719509] [spotrobot]: I heard: "{"performative": "query", "sender": "spotrobot1", "receiver": "nurse_disinfected1", "content": "Done|a_authorize_patrol"}"
[spotrobot-5] [INFO] [1748520606.789015180] [spotrobot]: And it is not for me
[nurse_disinfect-3] [INFO] [1748520606.789148049] [nurse_disinfect]: I heard: "{"performative": "query", "sender": "nurse_disinfected1", "receiver": "spotrobot1", "content": "Done|a_authorize_patrol"}"
[nurse_disinfect-3] [INFO] [1748520606.789474374] [nurse_disinfect]: And it is not for me
[spotrobot-5] [INFO] [1748520606.789522119] [spotrobot]: I heard: "{"performative": "query", "sender": "nurse_disinfected1", "receiver": "spotrobot1", "content": "Done|a_authorize_patrol"}"
[spotrobot-5] [INFO] [1748520606.789908361] [spotrobot]: And it is for me
[spotrobot-5] [INFO] [1748520606.790310846] [spotrobot]: Already finished action
[spotrobot-5] [INFO] [1748520606.791378290] [spotrobot]: success
[spotrobot-5] [INFO] [1748520606.791962560] [spotrobot]: Doing a_authorize_disinfect
[spotrobot-5] [INFO] [1748520606.792372567] [spotrobot]: a_authorize_disinfect
[spotrobot-5] [INFO] [1748520606.792887010] [spotrobot]: Here first, waiting for spotrobot
[nurse_disinfect-3] [INFO] [1748520606.793532771] [nurse_disinfect]: I heard: "{"performative": "query", "sender": "spotrobot1", "receiver": "uvdrobot1", "content": "Ready|a_authorize_disinfect"}"
[uvdrobot-4] [INFO] [1748520606.793711520] [uvdrobot]: I heard: "{"performative": "query", "sender": "spotrobot1", "receiver": "uvdrobot1", "content": "Ready|a_authorize_disinfect"}"
[nurse_disinfect-3] [INFO] [1748520606.793947489] [nurse_disinfect]: And it is not for me
[spotrobot-5] [INFO] [1748520606.794087691] [spotrobot]: I heard: "{"performative": "query", "sender": "spotrobot1", "receiver": "uvdrobot1", "content": "Ready|a_authorize_disinfect"}"
[uvdrobot-4] [INFO] [1748520606.794238071] [uvdrobot]: And it is for me
[spotrobot-5] [INFO] [1748520606.794549499] [spotrobot]: And it is not for me
[uvdrobot-4] [INFO] [1748520606.794694803] [uvdrobot]: Ready to act
[nurse_disinfect-3] [INFO] [1748520606.795311694] [nurse_disinfect]: I heard: "{"performative": "query", "sender": "uvdrobot1", "receiver": "spotrobot1", "content": "Done|a_authorize_disinfect"}"
[spotrobot-5] [INFO] [1748520606.795500121] [spotrobot]: I heard: "{"performative": "query", "sender": "uvdrobot1", "receiver": "spotrobot1", "content": "Done|a_authorize_disinfect"}"
[nurse_disinfect-3] [INFO] [1748520606.795605964] [nurse_disinfect]: And it is not for me
[uvdrobot-4] [INFO] [1748520606.795721874] [uvdrobot]: I heard: "{"performative": "query", "sender": "uvdrobot1", "receiver": "spotrobot1", "content": "Done|a_authorize_disinfect"}"
[spotrobot-5] [INFO] [1748520606.796062315] [spotrobot]: And it is for me
[uvdrobot-4] [INFO] [1748520606.796285286] [uvdrobot]: And it is not for me
[spotrobot-5] [INFO] [1748520606.796594248] [spotrobot]: Finished action
[nurse_disinfect-3] [INFO] [1748520606.797340200] [nurse_disinfect]: I heard: "{"performative": "query", "sender": "spotrobot1", "receiver": "uvdrobot1", "content": "Done|a_authorize_disinfect"}"
[uvdrobot-4] [INFO] [1748520606.797536731] [uvdrobot]: I heard: "{"performative": "query", "sender": "spotrobot1", "receiver": "uvdrobot1", "content": "Done|a_authorize_disinfect"}"
[spotrobot-5] [INFO] [1748520606.797777429] [spotrobot]: I heard: "{"performative": "query", "sender": "spotrobot1", "receiver": "uvdrobot1", "content": "Done|a_authorize_disinfect"}"
[nurse_disinfect-3] [INFO] [1748520606.797864774] [nurse_disinfect]: And it is not for me
[uvdrobot-4] [INFO] [1748520606.798062677] [uvdrobot]: And it is for me
[spotrobot-5] [INFO] [1748520606.798278698] [spotrobot]: And it is not for me
[uvdrobot-4] [INFO] [1748520606.798533465] [uvdrobot]: Finished action
[nurse_disinfect-3] [INFO] [1748520606.799130028] [nurse_disinfect]: I heard: "{"performative": "query", "sender": "uvdrobot1", "receiver": "spotrobot1", "content": "Done|a_authorize_disinfect"}"
[uvdrobot-4] [INFO] [1748520606.799171195] [uvdrobot]: Doing a_navto
[nurse_disinfect-3] [INFO] [1748520606.799485280] [nurse_disinfect]: And it is not for me
[spotrobot-5] [INFO] [1748520606.799591395] [spotrobot]: I heard: "{"performative": "query", "sender": "uvdrobot1", "receiver": "spotrobot1", "content": "Done|a_authorize_disinfect"}"
[uvdrobot-4] [INFO] [1748520606.799857099] [uvdrobot]: Waiting for response
[spotrobot-5] [INFO] [1748520606.800238811] [spotrobot]: And it is for me
[uvdrobot-4] [INFO] [1748520606.800510842] [uvdrobot]: I heard: "{"performative": "query", "sender": "uvdrobot1", "receiver": "spotrobot1", "content": "Done|a_authorize_disinfect"}"
[spotrobot-5] [INFO] [1748520606.800729603] [spotrobot]: Already finished action
[uvdrobot-4] [INFO] [1748520606.800794644] [uvdrobot]: And it is not for me
[uvdrobot-4] [INFO] [1748520606.801701133] [uvdrobot]: success
[uvdrobot-4] [INFO] [1748520606.802184077] [uvdrobot]: Doing a_disinfect_room
[uvdrobot-4] [INFO] [1748520606.802756124] [uvdrobot]: Waiting for response
[uvdrobot-4] [INFO] [1748520606.804532153] [uvdrobot]: success
[spotrobot-5] [INFO] [1748520606.807491383] [spotrobot]: Recebido sinal de desligamento do coordenador, finalizando...
[nurse_disinfect-3] [INFO] [1748520606.807606927] [nurse_disinfect]: Recebido sinal de desligamento do coordenador, finalizando...
[uvdrobot-4] [INFO] [1748520606.807632555] [uvdrobot]: Recebido sinal de desligamento do coordenador, finalizando...
[disinfect_environment-1] [INFO] [1748520606.807738326] [disinfect_environment]: Recebido sinal de desligamento do coordenador, finalizando...
[disinfect_planner-2] [INFO] [1748520606.807750979] [disinfect_planner]: Recebido sinal de desligamento do coordenador, finalizando...
[spotrobot-5] [INFO] [1748520606.808062681] [Quitting]: Done
[nurse_disinfect-3] [INFO] [1748520606.808220508] [Quitting]: Done
[disinfect_environment-1] [INFO] [1748520606.808294072] [Quitting]: Done
[disinfect_planner-2] [INFO] [1748520606.808306821] [Quitting]: Done
[uvdrobot-4] [INFO] [1748520606.808422902] [Quitting]: Done
[INFO] [disinfect_environment-1]: process has finished cleanly [pid 10149]
[INFO] [spotrobot-5]: process has finished cleanly [pid 10157]
[INFO] [nurse_disinfect-3]: process has finished cleanly [pid 10153]
[INFO] [uvdrobot-4]: process has finished cleanly [pid 10155]
[INFO] [disinfect_planner-2]: process has finished cleanly [pid 10151]
