[INFO] [launch]: All log files can be found below /home/rafael/.ros/log/2025-05-29-09-11-54-922258-NotebookRafael-11779
[INFO] [launch]: Default logging verbosity is set to INFO
[INFO] [disinfect_environment-1]: process started with pid [11780]
[INFO] [disinfect_planner-2]: process started with pid [11782]
[INFO] [nurse_disinfect-3]: process started with pid [11785]
[INFO] [uvdrobot-4]: process started with pid [11788]
[INFO] [spotrobot-5]: process started with pid [11790]
[disinfect_environment-1] [INFO] [1748520715.175124314] [disinfect_environment]: Starting Environment server
[disinfect_environment-1] [INFO] [1748520715.179556517] [disinfect_environment]: Environment server started
[disinfect_planner-2] [INFO] [1748520715.730905720] [disinfect_planner]: Starting Planner server
[disinfect_planner-2] [INFO] [1748520715.734876697] [disinfect_planner]: Planner server started
[disinfect_planner-2] [INFO] [1748520715.952001473] [disinfect_planner]: Creating plan for: spotrobot1 uvdrobot1 nurse_disinfected1
[disinfect_planner-2] [INFO] [1748520715.953459285] [disinfect_planner]: a_navto,spotrobot1,room1
[disinfect_planner-2] [INFO] [1748520715.953805582] [disinfect_planner]: a_open_door,spotrobot1,room1
[disinfect_planner-2] [INFO] [1748520715.954107514] [disinfect_planner]: a_approach_nurse,spotrobot1,nurse_disinfected1
[disinfect_planner-2] [INFO] [1748520715.954402261] [disinfect_planner]: a_authenticate_nurse,spotrobot1,nurse_disinfected1
[disinfect_planner-2] [INFO] [1748520715.954741013] [disinfect_planner]: a_authorize_patrol,spotrobot1,nurse_disinfected1
[disinfect_planner-2] [INFO] [1748520715.955039033] [disinfect_planner]: a_patrol_room,spotrobot1,room1
[disinfect_planner-2] [INFO] [1748520715.955433346] [disinfect_planner]: a_authorize_disinfect,uvdrobot1,spotrobot1
[disinfect_planner-2] [INFO] [1748520715.955870067] [disinfect_planner]: a_navto,uvdrobot1,room1
[disinfect_planner-2] [INFO] [1748520715.956173955] [disinfect_planner]: a_disinfect_room,uvdrobot1,room1
[disinfect_planner-2] [INFO] [1748520715.956471191] [disinfect_planner]: Sending response
[uvdrobot-4] [INFO] [1748520715.957663336] [uvdrobot]: response.response uvdrobot1
[uvdrobot-4] [INFO] [1748520715.958081123] [uvdrobot]: My name is uvdrobot1
[spotrobot-5] [INFO] [1748520715.958563119] [spotrobot]: response.response spotrobot1
[uvdrobot-4] [INFO] [1748520715.958915081] [uvdrobot]: I heard: "{"performative": "request", "sender": "Coordinator", "receiver": "uvdrobot1", "content": "Plan|a_authorize_disinfect,uvdrobot1,spotrobot1/a_navto,uvdrobot1,room1/a_disinfect_room,uvdrobot1,room1"}"
[spotrobot-5] [INFO] [1748520715.958930305] [spotrobot]: My name is spotrobot1
[uvdrobot-4] [INFO] [1748520715.959274442] [uvdrobot]: And it is for me
[spotrobot-5] [INFO] [1748520715.959660194] [spotrobot]: I heard: "{"performative": "request", "sender": "Coordinator", "receiver": "uvdrobot1", "content": "Plan|a_authorize_disinfect,uvdrobot1,spotrobot1/a_navto,uvdrobot1,room1/a_disinfect_room,uvdrobot1,room1"}"
[uvdrobot-4] [INFO] [1748520715.959670256] [uvdrobot]: Doing a_authorize_disinfect
[nurse_disinfect-3] [INFO] [1748520715.960076644] [nurse_disinfect]: response.response nurse_disinfected1
[uvdrobot-4] [INFO] [1748520715.960170245] [uvdrobot]: a_authorize_disinfect
[spotrobot-5] [INFO] [1748520715.960237562] [spotrobot]: And it is not for me
[nurse_disinfect-3] [INFO] [1748520715.960424849] [nurse_disinfect]: My name is nurse_disinfected1
[uvdrobot-4] [INFO] [1748520715.960704924] [uvdrobot]: Here first, waiting for spotrobot
[spotrobot-5] [INFO] [1748520715.961360688] [spotrobot]: I heard: "{"performative": "request", "sender": "Coordinator", "receiver": "spotrobot1", "content": "Plan|a_navto,spotrobot1,room1/a_open_door,spotrobot1,room1/a_approach_nurse,spotrobot1,nurse_disinfected1/a_authenticate_nurse,spotrobot1,nurse_disinfected1/a_authorize_patrol,spotrobot1,nurse_disinfected1/a_patrol_room,spotrobot1,room1/a_authorize_disinfect,uvdrobot1,spotrobot1"}"
[uvdrobot-4] [INFO] [1748520715.961798755] [uvdrobot]: I heard: "{"performative": "request", "sender": "Coordinator", "receiver": "spotrobot1", "content": "Plan|a_navto,spotrobot1,room1/a_open_door,spotrobot1,room1/a_approach_nurse,spotrobot1,nurse_disinfected1/a_authenticate_nurse,spotrobot1,nurse_disinfected1/a_authorize_patrol,spotrobot1,nurse_disinfected1/a_patrol_room,spotrobot1,room1/a_authorize_disinfect,uvdrobot1,spotrobot1"}"
[spotrobot-5] [INFO] [1748520715.961867505] [spotrobot]: And it is for me
[uvdrobot-4] [INFO] [1748520715.962119698] [uvdrobot]: And it is not for me
[uvdrobot-4] [INFO] [1748520715.962451642] [uvdrobot]: I heard: "{"performative": "query", "sender": "uvdrobot1", "receiver": "spotrobot1", "content": "Ready|a_authorize_disinfect"}"
[spotrobot-5] [INFO] [1748520715.962523162] [spotrobot]: Doing a_navto
[uvdrobot-4] [INFO] [1748520715.962801794] [uvdrobot]: And it is not for me
[spotrobot-5] [INFO] [1748520715.963149776] [spotrobot]: Wating for response
[uvdrobot-4] [INFO] [1748520715.963500189] [uvdrobot]: I heard: "{"performative": "request", "sender": "Coordinator", "receiver": "nurse_disinfected1", "content": "Plan|a_approach_nurse,spotrobot1,nurse_disinfected1/a_authenticate_nurse,spotrobot1,nurse_disinfected1/a_authorize_patrol,spotrobot1,nurse_disinfected1"}"
[uvdrobot-4] [INFO] [1748520715.963856112] [uvdrobot]: And it is not for me
[spotrobot-5] [INFO] [1748520715.964006046] [spotrobot]: I heard: "{"performative": "request", "sender": "Coordinator", "receiver": "nurse_disinfected1", "content": "Plan|a_approach_nurse,spotrobot1,nurse_disinfected1/a_authenticate_nurse,spotrobot1,nurse_disinfected1/a_authorize_patrol,spotrobot1,nurse_disinfected1"}"
[spotrobot-5] [INFO] [1748520715.964526179] [spotrobot]: And it is not for me
[spotrobot-5] [INFO] [1748520715.965158972] [spotrobot]: I heard: "{"performative": "query", "sender": "uvdrobot1", "receiver": "spotrobot1", "content": "Ready|a_authorize_disinfect"}"
[spotrobot-5] [INFO] [1748520715.965683056] [spotrobot]: And it is for me
[spotrobot-5] [INFO] [1748520715.966214365] [spotrobot]: No there yet
[spotrobot-5] [INFO] [1748520715.967832144] [spotrobot]: success
[spotrobot-5] [INFO] [1748520715.968465169] [spotrobot]: Doing a_open_door
[spotrobot-5] [INFO] [1748520715.969170459] [spotrobot]: Wating for response
[spotrobot-5] [INFO] [1748520715.971221279] [spotrobot]: success
[spotrobot-5] [INFO] [1748520715.971820137] [spotrobot]: Doing a_approach_nurse
[spotrobot-5] [INFO] [1748520715.972411295] [spotrobot]: Wating for response
[spotrobot-5] [INFO] [1748520715.973813663] [spotrobot]: success
[spotrobot-5] [INFO] [1748520715.974300298] [spotrobot]: Doing a_authenticate_nurse
[spotrobot-5] [INFO] [1748520715.974659969] [spotrobot]: a_authenticate_nurse
[spotrobot-5] [INFO] [1748520715.975019446] [spotrobot]: Here first, waiting for nurse
[spotrobot-5] [INFO] [1748520715.975762729] [spotrobot]: I heard: "{"performative": "query", "sender": "spotrobot1", "receiver": "nurse_disinfected1", "content": "Ready|a_authenticate_nurse"}"
[uvdrobot-4] [INFO] [1748520715.975798415] [uvdrobot]: I heard: "{"performative": "query", "sender": "spotrobot1", "receiver": "nurse_disinfected1", "content": "Ready|a_authenticate_nurse"}"
[spotrobot-5] [INFO] [1748520715.976087865] [spotrobot]: And it is not for me
[uvdrobot-4] [INFO] [1748520715.976101180] [uvdrobot]: And it is not for me
[nurse_disinfect-3] [INFO] [1748520716.962640993] [nurse_disinfect]: I heard: "{"performative": "request", "sender": "Coordinator", "receiver": "uvdrobot1", "content": "Plan|a_authorize_disinfect,uvdrobot1,spotrobot1/a_navto,uvdrobot1,room1/a_disinfect_room,uvdrobot1,room1"}"
[nurse_disinfect-3] [INFO] [1748520716.963042890] [nurse_disinfect]: And it is not for me
[nurse_disinfect-3] [INFO] [1748520716.963811842] [nurse_disinfect]: I heard: "{"performative": "query", "sender": "uvdrobot1", "receiver": "spotrobot1", "content": "Ready|a_authorize_disinfect"}"
[nurse_disinfect-3] [INFO] [1748520716.964302283] [nurse_disinfect]: And it is not for me
[nurse_disinfect-3] [INFO] [1748520716.965009626] [nurse_disinfect]: I heard: "{"performative": "request", "sender": "Coordinator", "receiver": "spotrobot1", "content": "Plan|a_navto,spotrobot1,room1/a_open_door,spotrobot1,room1/a_approach_nurse,spotrobot1,nurse_disinfected1/a_authenticate_nurse,spotrobot1,nurse_disinfected1/a_authorize_patrol,spotrobot1,nurse_disinfected1/a_patrol_room,spotrobot1,room1/a_authorize_disinfect,uvdrobot1,spotrobot1"}"
[nurse_disinfect-3] [INFO] [1748520716.965395719] [nurse_disinfect]: And it is not for me
[nurse_disinfect-3] [INFO] [1748520716.965784584] [nurse_disinfect]: I heard: "{"performative": "query", "sender": "spotrobot1", "receiver": "nurse_disinfected1", "content": "Ready|a_authenticate_nurse"}"
[nurse_disinfect-3] [INFO] [1748520716.966292010] [nurse_disinfect]: And it is for me
[nurse_disinfect-3] [INFO] [1748520716.966880418] [nurse_disinfect]: No there yet
[nurse_disinfect-3] [INFO] [1748520716.967556489] [nurse_disinfect]: I heard: "{"performative": "request", "sender": "Coordinator", "receiver": "nurse_disinfected1", "content": "Plan|a_approach_nurse,spotrobot1,nurse_disinfected1/a_authenticate_nurse,spotrobot1,nurse_disinfected1/a_authorize_patrol,spotrobot1,nurse_disinfected1"}"
[nurse_disinfect-3] [INFO] [1748520716.967918972] [nurse_disinfect]: And it is for me
[nurse_disinfect-3] [INFO] [1748520716.969084134] [nurse_disinfect]: a_approach_nurse
[nurse_disinfect-3] [INFO] [1748520716.969467837] [nurse_disinfect]: a_authenticate_nurse
[nurse_disinfect-3] [INFO] [1748520716.969827650] [nurse_disinfect]: Doing a_authenticate_nurse
[nurse_disinfect-3] [INFO] [1748520716.970312104] [nurse_disinfect]: a_authenticate_nurse
[nurse_disinfect-3] [INFO] [1748520716.970741214] [nurse_disinfect]: Robot is waiting, send action message
[uvdrobot-4] [INFO] [1748520716.971489827] [uvdrobot]: I heard: "{"performative": "query", "sender": "nurse_disinfected1", "receiver": "spotrobot1", "content": "Done|a_authenticate_nurse"}"
[nurse_disinfect-3] [INFO] [1748520716.971541786] [nurse_disinfect]: I heard: "{"performative": "query", "sender": "nurse_disinfected1", "receiver": "spotrobot1", "content": "Done|a_authenticate_nurse"}"
[spotrobot-5] [INFO] [1748520716.971748891] [spotrobot]: I heard: "{"performative": "query", "sender": "nurse_disinfected1", "receiver": "spotrobot1", "content": "Done|a_authenticate_nurse"}"
[nurse_disinfect-3] [INFO] [1748520716.971844656] [nurse_disinfect]: And it is not for me
[uvdrobot-4] [INFO] [1748520716.971985879] [uvdrobot]: And it is not for me
[spotrobot-5] [INFO] [1748520716.972302851] [spotrobot]: And it is for me
[spotrobot-5] [INFO] [1748520716.972820910] [spotrobot]: Finished action
[nurse_disinfect-3] [INFO] [1748520716.973465649] [nurse_disinfect]: I heard: "{"performative": "query", "sender": "spotrobot1", "receiver": "nurse_disinfected1", "content": "Done|a_authenticate_nurse"}"
[spotrobot-5] [INFO] [1748520716.973577936] [spotrobot]: Doing a_authorize_patrol
[uvdrobot-4] [INFO] [1748520716.973702547] [uvdrobot]: I heard: "{"performative": "query", "sender": "spotrobot1", "receiver": "nurse_disinfected1", "content": "Done|a_authenticate_nurse"}"
[nurse_disinfect-3] [INFO] [1748520716.973796963] [nurse_disinfect]: And it is for me
[spotrobot-5] [INFO] [1748520716.974077764] [spotrobot]: a_authorize_patrol
[nurse_disinfect-3] [INFO] [1748520716.974116650] [nurse_disinfect]: Finished action
[uvdrobot-4] [INFO] [1748520716.974213701] [uvdrobot]: And it is not for me
[spotrobot-5] [INFO] [1748520716.974501920] [spotrobot]: Here first, waiting for nurse
[nurse_disinfect-3] [INFO] [1748520716.974687942] [nurse_disinfect]: a_authorize_patrol
[uvdrobot-4] [INFO] [1748520716.975079066] [uvdrobot]: I heard: "{"performative": "query", "sender": "nurse_disinfected1", "receiver": "spotrobot1", "content": "Done|a_authenticate_nurse"}"
[nurse_disinfect-3] [INFO] [1748520716.975165172] [nurse_disinfect]: Doing a_authorize_patrol
[spotrobot-5] [INFO] [1748520716.975177579] [spotrobot]: I heard: "{"performative": "query", "sender": "spotrobot1", "receiver": "nurse_disinfected1", "content": "Done|a_authenticate_nurse"}"
[spotrobot-5] [INFO] [1748520716.975452109] [spotrobot]: And it is not for me
[uvdrobot-4] [INFO] [1748520716.975641635] [uvdrobot]: And it is not for me
[nurse_disinfect-3] [INFO] [1748520716.975697471] [nurse_disinfect]: a_authorize_patrol
[spotrobot-5] [INFO] [1748520716.975985392] [spotrobot]: I heard: "{"performative": "query", "sender": "nurse_disinfected1", "receiver": "spotrobot1", "content": "Done|a_authenticate_nurse"}"
[nurse_disinfect-3] [INFO] [1748520716.976079329] [nurse_disinfect]: Here first, waiting for robot
[spotrobot-5] [INFO] [1748520716.976254461] [spotrobot]: And it is for me
[spotrobot-5] [INFO] [1748520716.976519303] [spotrobot]: Already finished action
[uvdrobot-4] [INFO] [1748520716.976546171] [uvdrobot]: I heard: "{"performative": "query", "sender": "spotrobot1", "receiver": "nurse_disinfected1", "content": "Ready|a_authorize_patrol"}"
[nurse_disinfect-3] [INFO] [1748520716.976975863] [nurse_disinfect]: I heard: "{"performative": "query", "sender": "nurse_disinfected1", "receiver": "spotrobot1", "content": "Done|a_authenticate_nurse"}"
[spotrobot-5] [INFO] [1748520716.977022410] [spotrobot]: I heard: "{"performative": "query", "sender": "spotrobot1", "receiver": "nurse_disinfected1", "content": "Ready|a_authorize_patrol"}"
[uvdrobot-4] [INFO] [1748520716.977053165] [uvdrobot]: And it is not for me
[spotrobot-5] [INFO] [1748520716.977349123] [spotrobot]: And it is not for me
[nurse_disinfect-3] [INFO] [1748520716.977370031] [nurse_disinfect]: And it is not for me
[spotrobot-5] [INFO] [1748520716.977886192] [spotrobot]: I heard: "{"performative": "query", "sender": "nurse_disinfected1", "receiver": "spotrobot1", "content": "Ready|a_authorize_patrol"}"
[nurse_disinfect-3] [INFO] [1748520716.977890948] [nurse_disinfect]: I heard: "{"performative": "query", "sender": "spotrobot1", "receiver": "nurse_disinfected1", "content": "Ready|a_authorize_patrol"}"
[uvdrobot-4] [INFO] [1748520716.977970995] [uvdrobot]: I heard: "{"performative": "query", "sender": "nurse_disinfected1", "receiver": "spotrobot1", "content": "Ready|a_authorize_patrol"}"
[spotrobot-5] [INFO] [1748520716.978204323] [spotrobot]: And it is for me
[nurse_disinfect-3] [INFO] [1748520716.978248943] [nurse_disinfect]: And it is for me
[spotrobot-5] [INFO] [1748520716.978527364] [spotrobot]: Ready to act
[uvdrobot-4] [INFO] [1748520716.978551796] [uvdrobot]: And it is not for me
[nurse_disinfect-3] [INFO] [1748520716.978593972] [nurse_disinfect]: Ready to act
[spotrobot-5] [INFO] [1748520716.979264126] [spotrobot]: I heard: "{"performative": "query", "sender": "spotrobot1", "receiver": "nurse_disinfected1", "content": "Done|a_authorize_patrol"}"
[uvdrobot-4] [INFO] [1748520716.979428075] [uvdrobot]: I heard: "{"performative": "query", "sender": "spotrobot1", "receiver": "nurse_disinfected1", "content": "Done|a_authorize_patrol"}"
[nurse_disinfect-3] [INFO] [1748520716.979450268] [nurse_disinfect]: I heard: "{"performative": "query", "sender": "nurse_disinfected1", "receiver": "spotrobot1", "content": "Ready|a_authorize_patrol"}"
[spotrobot-5] [INFO] [1748520716.979584796] [spotrobot]: And it is not for me
[nurse_disinfect-3] [INFO] [1748520716.979731581] [nurse_disinfect]: And it is not for me
[uvdrobot-4] [INFO] [1748520716.979973959] [uvdrobot]: And it is not for me
[spotrobot-5] [INFO] [1748520716.980107558] [spotrobot]: I heard: "{"performative": "query", "sender": "nurse_disinfected1", "receiver": "spotrobot1", "content": "Done|a_authorize_patrol"}"
[nurse_disinfect-3] [INFO] [1748520716.980274205] [nurse_disinfect]: I heard: "{"performative": "query", "sender": "spotrobot1", "receiver": "nurse_disinfected1", "content": "Done|a_authorize_patrol"}"
[spotrobot-5] [INFO] [1748520716.980380899] [spotrobot]: And it is for me
[nurse_disinfect-3] [INFO] [1748520716.980571613] [nurse_disinfect]: And it is for me
[spotrobot-5] [INFO] [1748520716.980630414] [spotrobot]: Finished action
[nurse_disinfect-3] [INFO] [1748520716.980826881] [nurse_disinfect]: Finished action
[uvdrobot-4] [INFO] [1748520716.980890814] [uvdrobot]: I heard: "{"performative": "query", "sender": "nurse_disinfected1", "receiver": "spotrobot1", "content": "Done|a_authorize_patrol"}"
[spotrobot-5] [INFO] [1748520716.981056033] [spotrobot]: Doing a_patrol_room
[uvdrobot-4] [INFO] [1748520716.981413867] [uvdrobot]: And it is not for me
[spotrobot-5] [INFO] [1748520716.981476639] [spotrobot]: Wating for response
[nurse_disinfect-3] [INFO] [1748520716.981947852] [nurse_disinfect]: I heard: "{"performative": "query", "sender": "nurse_disinfected1", "receiver": "spotrobot1", "content": "Done|a_authorize_patrol"}"
[spotrobot-5] [INFO] [1748520716.982005744] [spotrobot]: I heard: "{"performative": "query", "sender": "spotrobot1", "receiver": "nurse_disinfected1", "content": "Done|a_authorize_patrol"}"
[nurse_disinfect-3] [INFO] [1748520716.982240903] [nurse_disinfect]: And it is not for me
[spotrobot-5] [INFO] [1748520716.982328288] [spotrobot]: And it is not for me
[uvdrobot-4] [INFO] [1748520716.982352139] [uvdrobot]: I heard: "{"performative": "query", "sender": "spotrobot1", "receiver": "nurse_disinfected1", "content": "Done|a_authorize_patrol"}"
[nurse_disinfect-3] [INFO] [1748520716.982756845] [nurse_disinfect]: I heard: "{"performative": "query", "sender": "spotrobot1", "receiver": "nurse_disinfected1", "content": "Done|a_authorize_patrol"}"
[uvdrobot-4] [INFO] [1748520716.982870095] [uvdrobot]: And it is not for me
[spotrobot-5] [INFO] [1748520716.983018281] [spotrobot]: I heard: "{"performative": "query", "sender": "nurse_disinfected1", "receiver": "spotrobot1", "content": "Done|a_authorize_patrol"}"
[nurse_disinfect-3] [INFO] [1748520716.983022081] [nurse_disinfect]: And it is for me
[nurse_disinfect-3] [INFO] [1748520716.983275747] [nurse_disinfect]: Already finished action
[spotrobot-5] [INFO] [1748520716.983343289] [spotrobot]: And it is for me
[spotrobot-5] [INFO] [1748520716.983607420] [spotrobot]: Already finished action
[nurse_disinfect-3] [INFO] [1748520716.983762543] [nurse_disinfect]: I heard: "{"performative": "query", "sender": "nurse_disinfected1", "receiver": "spotrobot1", "content": "Done|a_authorize_patrol"}"
[uvdrobot-4] [INFO] [1748520716.983773834] [uvdrobot]: I heard: "{"performative": "query", "sender": "nurse_disinfected1", "receiver": "spotrobot1", "content": "Done|a_authorize_patrol"}"
[nurse_disinfect-3] [INFO] [1748520716.984110542] [nurse_disinfect]: And it is not for me
[uvdrobot-4] [INFO] [1748520716.984329424] [uvdrobot]: And it is not for me
[spotrobot-5] [INFO] [1748520716.984743689] [spotrobot]: success
[spotrobot-5] [INFO] [1748520716.985371312] [spotrobot]: Doing a_authorize_disinfect
[spotrobot-5] [INFO] [1748520716.985887226] [spotrobot]: a_authorize_disinfect
[spotrobot-5] [INFO] [1748520716.986355978] [spotrobot]: Here first, waiting for spotrobot
[uvdrobot-4] [INFO] [1748520716.987147960] [uvdrobot]: I heard: "{"performative": "query", "sender": "spotrobot1", "receiver": "uvdrobot1", "content": "Ready|a_authorize_disinfect"}"
[spotrobot-5] [INFO] [1748520716.987203992] [spotrobot]: I heard: "{"performative": "query", "sender": "spotrobot1", "receiver": "uvdrobot1", "content": "Ready|a_authorize_disinfect"}"
[nurse_disinfect-3] [INFO] [1748520716.987386680] [nurse_disinfect]: I heard: "{"performative": "query", "sender": "spotrobot1", "receiver": "uvdrobot1", "content": "Ready|a_authorize_disinfect"}"
[uvdrobot-4] [INFO] [1748520716.987489242] [uvdrobot]: And it is for me
[spotrobot-5] [INFO] [1748520716.987529628] [spotrobot]: And it is not for me
[uvdrobot-4] [INFO] [1748520716.987750197] [uvdrobot]: Ready to act
[nurse_disinfect-3] [INFO] [1748520716.987934194] [nurse_disinfect]: And it is not for me
[spotrobot-5] [INFO] [1748520716.988293839] [spotrobot]: I heard: "{"performative": "query", "sender": "uvdrobot1", "receiver": "spotrobot1", "content": "Done|a_authorize_disinfect"}"
[uvdrobot-4] [INFO] [1748520716.988451132] [uvdrobot]: I heard: "{"performative": "query", "sender": "uvdrobot1", "receiver": "spotrobot1", "content": "Done|a_authorize_disinfect"}"
[spotrobot-5] [INFO] [1748520716.988615260] [spotrobot]: And it is for me
[uvdrobot-4] [INFO] [1748520716.988736539] [uvdrobot]: And it is not for me
[nurse_disinfect-3] [INFO] [1748520716.988866311] [nurse_disinfect]: I heard: "{"performative": "query", "sender": "uvdrobot1", "receiver": "spotrobot1", "content": "Done|a_authorize_disinfect"}"
[spotrobot-5] [INFO] [1748520716.988899983] [spotrobot]: Finished action
[nurse_disinfect-3] [INFO] [1748520716.989394703] [nurse_disinfect]: And it is not for me
[uvdrobot-4] [INFO] [1748520716.989406914] [uvdrobot]: I heard: "{"performative": "query", "sender": "spotrobot1", "receiver": "uvdrobot1", "content": "Done|a_authorize_disinfect"}"
[uvdrobot-4] [INFO] [1748520716.989674109] [uvdrobot]: And it is for me
[spotrobot-5] [INFO] [1748520716.989960516] [spotrobot]: I heard: "{"performative": "query", "sender": "spotrobot1", "receiver": "uvdrobot1", "content": "Done|a_authorize_disinfect"}"
[uvdrobot-4] [INFO] [1748520716.990024047] [uvdrobot]: Finished action
[nurse_disinfect-3] [INFO] [1748520716.990340311] [nurse_disinfect]: I heard: "{"performative": "query", "sender": "spotrobot1", "receiver": "uvdrobot1", "content": "Done|a_authorize_disinfect"}"
[spotrobot-5] [INFO] [1748520716.990346879] [spotrobot]: And it is not for me
[uvdrobot-4] [INFO] [1748520716.990508210] [uvdrobot]: Doing a_navto
[spotrobot-5] [INFO] [1748520716.990865491] [spotrobot]: I heard: "{"performative": "query", "sender": "uvdrobot1", "receiver": "spotrobot1", "content": "Done|a_authorize_disinfect"}"
[nurse_disinfect-3] [INFO] [1748520716.990903311] [nurse_disinfect]: And it is not for me
[uvdrobot-4] [INFO] [1748520716.990929838] [uvdrobot]: Waiting for response
[spotrobot-5] [INFO] [1748520716.991138784] [spotrobot]: And it is for me
[uvdrobot-4] [INFO] [1748520716.991426414] [uvdrobot]: I heard: "{"performative": "query", "sender": "uvdrobot1", "receiver": "spotrobot1", "content": "Done|a_authorize_disinfect"}"
[spotrobot-5] [INFO] [1748520716.991437832] [spotrobot]: Already finished action
[nurse_disinfect-3] [INFO] [1748520716.991588179] [nurse_disinfect]: I heard: "{"performative": "query", "sender": "uvdrobot1", "receiver": "spotrobot1", "content": "Done|a_authorize_disinfect"}"
[nurse_disinfect-3] [INFO] [1748520716.991870795] [nurse_disinfect]: And it is not for me
[uvdrobot-4] [INFO] [1748520716.991938909] [uvdrobot]: And it is not for me
[uvdrobot-4] [INFO] [1748520716.992892020] [uvdrobot]: success
[uvdrobot-4] [INFO] [1748520716.993520199] [uvdrobot]: Doing a_disinfect_room
[uvdrobot-4] [INFO] [1748520716.994208552] [uvdrobot]: Waiting for response
[uvdrobot-4] [INFO] [1748520716.995932162] [uvdrobot]: success
[nurse_disinfect-3] [INFO] [1748520716.998596658] [nurse_disinfect]: Recebido sinal de desligamento do coordenador, finalizando...
[uvdrobot-4] [INFO] [1748520716.998620276] [uvdrobot]: Recebido sinal de desligamento do coordenador, finalizando...
[spotrobot-5] [INFO] [1748520716.998655743] [spotrobot]: Recebido sinal de desligamento do coordenador, finalizando...
[disinfect_planner-2] [INFO] [1748520716.998653148] [disinfect_planner]: Recebido sinal de desligamento do coordenador, finalizando...
[disinfect_environment-1] [INFO] [1748520716.998663518] [disinfect_environment]: Recebido sinal de desligamento do coordenador, finalizando...
[disinfect_planner-2] [INFO] [1748520716.999080032] [Quitting]: Done
[spotrobot-5] [INFO] [1748520716.999224084] [Quitting]: Done
[nurse_disinfect-3] [INFO] [1748520716.999272345] [Quitting]: Done
[uvdrobot-4] [INFO] [1748520716.999374984] [Quitting]: Done
[disinfect_environment-1] [INFO] [1748520716.999408312] [Quitting]: Done
[INFO] [disinfect_environment-1]: process has finished cleanly [pid 11780]
[INFO] [uvdrobot-4]: process has finished cleanly [pid 11788]
[INFO] [nurse_disinfect-3]: process has finished cleanly [pid 11785]
[INFO] [spotrobot-5]: process has finished cleanly [pid 11790]
