[INFO] [launch]: All log files can be found below /home/rafael/.ros/log/2025-05-29-22-42-08-280328-NotebookRafael-117775
[INFO] [launch]: Default logging verbosity is set to INFO
[INFO] [disinfect_coordinator-1]: process started with pid [117787]
[disinfect_coordinator-1] [INFO] [1748569329.309727094] [disinfect_coordinator]: spin
[disinfect_coordinator-1] [INFO] [1748569329.310669441] [disinfect_coordinator]: Received: Performative=request, Sender=nurse_disinfected, Receiver=Coordinator, Content=Register
[disinfect_coordinator-1] [INFO] [1748569329.311034747] [disinfect_coordinator]: Current nurses: nurse_disinfected1 - 1
[disinfect_coordinator-1] [INFO] [1748569329.311325496] [disinfect_coordinator]: Response: nurse_disinfected1
[disinfect_coordinator-1] [INFO] [1748569329.312133715] [disinfect_coordinator]: Received: Performative=request, Sender=spotrobot, Receiver=Coordinator, Content=Register
[disinfect_coordinator-1] [INFO] [1748569329.312426793] [disinfect_coordinator]: Current Spotrobots: spotrobot1 - 1
[disinfect_coordinator-1] [INFO] [1748569329.312716972] [disinfect_coordinator]: Response: spotrobot1
[disinfect_coordinator-1] [INFO] [1748569329.313496813] [disinfect_coordinator]: Received: Performative=request, Sender=uvdrobot, Receiver=Coordinator, Content=Register
[disinfect_coordinator-1] [INFO] [1748569329.313792637] [disinfect_coordinator]: Current uvdrobots: uvdrobot1 - 1
[disinfect_coordinator-1] [INFO] [1748569329.314080202] [disinfect_coordinator]: Response: uvdrobot1
[disinfect_coordinator-1] [INFO] [1748569329.314714722] [disinfect_coordinator]: context: nurse_disinfected1 room1 spotrobot1 uvdrobot1
[disinfect_coordinator-1] [INFO] [1748569329.315019403] [disinfect_coordinator]: Starting mission with context: ('nurse_disinfected1', 'room1', 'spotrobot1', 'uvdrobot1')
[disinfect_coordinator-1] [INFO] [1748569329.315348262] [disinfect_coordinator]: Creating plan for: spotrobot1,uvdrobot1,nurse_disinfected1 
[disinfect_coordinator-1] [INFO] [1748569329.322150807] [disinfect_coordinator]: Plan received for: spotrobot1,uvdrobot1,nurse_disinfected1 
[disinfect_coordinator-1] [INFO] [1748569329.322554479] [disinfect_coordinator]: a_navto,spotrobot1,room1/a_open_door,spotrobot1,room1/a_approach_nurse,spotrobot1,nurse_disinfected1/a_authenticate_nurse,spotrobot1,nurse_disinfected1/a_authorize_patrol,spotrobot1,nurse_disinfected1/a_patrol_room,spotrobot1,room1/a_authorize_disinfect,uvdrobot1,spotrobot1/a_navto,uvdrobot1,room1/a_disinfect_room,uvdrobot1,room1
[disinfect_coordinator-1] [INFO] [1748569329.322863685] [disinfect_coordinator]: Sending plans
[disinfect_coordinator-1] [INFO] [1748569329.323575137] [disinfect_coordinator]: Plans sent
[disinfect_coordinator-1] [INFO] [1748569330.331994551] [disinfect_coordinator]: Received: Performative=inform, Sender=nurse_disinfected1, Receiver=Coordinator, Content=infectedRoom
[disinfect_coordinator-1] [INFO] [1748569330.351350669] [disinfect_coordinator]: Received: Performative=inform, Sender=spotrobot1, Receiver=Coordinator, Content=ERROR|dirty_room,room1
[disinfect_coordinator-1] [INFO] [1748569330.351685059] [disinfect_coordinator]: Sending reset requests...
[disinfect_coordinator-1] [INFO] [1748569330.352389935] [disinfect_coordinator]: Reset requests sent.
[disinfect_coordinator-1] [INFO] [1748569330.353554442] [disinfect_coordinator]: Error found
[disinfect_coordinator-1] [INFO] [1748569330.353891179] [disinfect_coordinator]: Updating uncleaned room: room1
[disinfect_coordinator-1] [INFO] [1748569330.354917615] [disinfect_coordinator]: success
[disinfect_coordinator-1] [INFO] [1748569330.355409911] [disinfect_coordinator]: Creating new plan for: spotrobot1,uvdrobot1,nurse_disinfected1 
[disinfect_coordinator-1] [INFO] [1748569330.360471878] [disinfect_coordinator]: Plan received for: spotrobot1,uvdrobot1,nurse_disinfected1 
[disinfect_coordinator-1] [INFO] [1748569330.360789684] [disinfect_coordinator]: a_navto,spotrobot1,room1/a_approach_nurse,spotrobot1,nurse_disinfected1/a_authenticate_nurse,spotrobot1,nurse_disinfected1/a_clean_room,nurse_disinfected1,room1/a_authorize_patrol,spotrobot1,nurse_disinfected1/a_patrol_room,spotrobot1,room1/a_authorize_disinfect,uvdrobot1,spotrobot1/a_navto,uvdrobot1,room1/a_disinfect_room,uvdrobot1,room1
[disinfect_coordinator-1] [INFO] [1748569330.361121308] [disinfect_coordinator]: Sending plans
[disinfect_coordinator-1] [INFO] [1748569330.362061241] [disinfect_coordinator]: Plans sent
[disinfect_coordinator-1] [INFO] [1748569330.407937160] [disinfect_coordinator]: Freeing agent: spotrobot1
[disinfect_coordinator-1] [INFO] [1748569330.408519750] [disinfect_coordinator]: Freeing agent: uvdrobot1
[disinfect_coordinator-1] [INFO] [1748569330.409018984] [disinfect_coordinator]: Freeing agent: nurse_disinfected1
[disinfect_coordinator-1] [INFO] [1748569330.409454466] [disinfect_coordinator]: Mission Completed
[disinfect_coordinator-1] [INFO] [1748569330.409785425] [disinfect_coordinator]: Ending simulation
[disinfect_coordinator-1] [INFO] [1748569330.410495861] [Quitting]: Done
[disinfect_coordinator-1] [INFO] [1748569330.410966849] [disinfect_coordinator]: stop spin
[INFO] [disinfect_coordinator-1]: process has finished cleanly [pid 117787]
