[INFO] [launch]: All log files can be found below /home/rafael/.ros/log/2025-05-30-13-08-59-392173-NotebookRafael-38747
[INFO] [launch]: Default logging verbosity is set to INFO
[INFO] [disinfect_environment-1]: process started with pid [38750]
[INFO] [disinfect_planner-2]: process started with pid [38752]
[INFO] [nurse_disinfect-3]: process started with pid [38754]
[INFO] [uvdrobot-4]: process started with pid [38756]
[INFO] [spotrobot-5]: process started with pid [38758]
[disinfect_environment-1] [INFO] [1748621339.662150393] [disinfect_environment]: Starting Environment server
[disinfect_environment-1] [INFO] [1748621339.665652110] [disinfect_environment]: Environment server started
[disinfect_planner-2] [INFO] [1748621340.185537375] [disinfect_planner]: Starting Planner server
[disinfect_planner-2] [INFO] [1748621340.189724231] [disinfect_planner]: Planner server started
[disinfect_planner-2] [INFO] [1748621340.411578038] [disinfect_planner]: Creating plan for: spotrobot1 uvdrobot1 nurse_disinfected1
[disinfect_planner-2] [INFO] [1748621340.413044163] [disinfect_planner]: a_navto,spotrobot1,room1
[disinfect_planner-2] [INFO] [1748621340.413348783] [disinfect_planner]: a_open_door,spotrobot1,room1
[disinfect_planner-2] [INFO] [1748621340.413645761] [disinfect_planner]: a_approach_nurse,spotrobot1,nurse_disinfected1
[disinfect_planner-2] [INFO] [1748621340.413939013] [disinfect_planner]: a_authenticate_nurse,spotrobot1,nurse_disinfected1
[disinfect_planner-2] [INFO] [1748621340.414230363] [disinfect_planner]: a_authorize_patrol,spotrobot1,nurse_disinfected1
[disinfect_planner-2] [INFO] [1748621340.414523028] [disinfect_planner]: a_patrol_room,spotrobot1,room1
[disinfect_planner-2] [INFO] [1748621340.414853461] [disinfect_planner]: a_authorize_disinfect,uvdrobot1,spotrobot1
[disinfect_planner-2] [INFO] [1748621340.415146788] [disinfect_planner]: a_navto,uvdrobot1,room1
[disinfect_planner-2] [INFO] [1748621340.415437486] [disinfect_planner]: a_disinfect_room,uvdrobot1,room1
[disinfect_planner-2] [INFO] [1748621340.415729375] [disinfect_planner]: Sending response
[spotrobot-5] [INFO] [1748621340.417365498] [spotrobot]: response.response spotrobot1
[spotrobot-5] [INFO] [1748621340.417742608] [spotrobot]: My name is spotrobot1
[uvdrobot-4] [INFO] [1748621340.418209299] [uvdrobot]: response.response uvdrobot1
[spotrobot-5] [INFO] [1748621340.418550213] [spotrobot]: I heard: "{"performative": "request", "sender": "Coordinator", "receiver": "uvdrobot1", "content": "Plan|a_authorize_disinfect,uvdrobot1,spotrobot1/a_navto,uvdrobot1,room1/a_disinfect_room,uvdrobot1,room1"}"
[uvdrobot-4] [INFO] [1748621340.418812364] [uvdrobot]: My name is uvdrobot1
[spotrobot-5] [INFO] [1748621340.418878290] [spotrobot]: And it is not for me
[spotrobot-5] [INFO] [1748621340.419477392] [spotrobot]: I heard: "{"performative": "request", "sender": "Coordinator", "receiver": "spotrobot1", "content": "Plan|a_navto,spotrobot1,room1/a_open_door,spotrobot1,room1/a_approach_nurse,spotrobot1,nurse_disinfected1/a_authenticate_nurse,spotrobot1,nurse_disinfected1/a_authorize_patrol,spotrobot1,nurse_disinfected1/a_patrol_room,spotrobot1,room1/a_authorize_disinfect,uvdrobot1,spotrobot1"}"
[spotrobot-5] [INFO] [1748621340.419791859] [spotrobot]: And it is for me
[uvdrobot-4] [INFO] [1748621340.419848723] [uvdrobot]: I heard: "{"performative": "request", "sender": "Coordinator", "receiver": "uvdrobot1", "content": "Plan|a_authorize_disinfect,uvdrobot1,spotrobot1/a_navto,uvdrobot1,room1/a_disinfect_room,uvdrobot1,room1"}"
[spotrobot-5] [INFO] [1748621340.420191944] [spotrobot]: Doing a_navto
[uvdrobot-4] [INFO] [1748621340.420390288] [uvdrobot]: And it is for me
[spotrobot-5] [INFO] [1748621340.420600825] [spotrobot]: Wating for response
[nurse_disinfect-3] [INFO] [1748621340.420796128] [nurse_disinfect]: response.response nurse_disinfected1
[uvdrobot-4] [INFO] [1748621340.421029494] [uvdrobot]: Doing a_authorize_disinfect
[spotrobot-5] [INFO] [1748621340.421088090] [spotrobot]: I heard: "{"performative": "request", "sender": "Coordinator", "receiver": "nurse_disinfected1", "content": "Plan|a_approach_nurse,spotrobot1,nurse_disinfected1/a_authenticate_nurse,spotrobot1,nurse_disinfected1/a_authorize_patrol,spotrobot1,nurse_disinfected1"}"
[spotrobot-5] [INFO] [1748621340.421351462] [spotrobot]: And it is not for me
[nurse_disinfect-3] [INFO] [1748621340.421381675] [nurse_disinfect]: My name is nurse_disinfected1
[uvdrobot-4] [INFO] [1748621340.421535911] [uvdrobot]: a_authorize_disinfect
[spotrobot-5] [INFO] [1748621340.422003332] [spotrobot]: success
[uvdrobot-4] [INFO] [1748621340.422071121] [uvdrobot]: Here first, waiting for spotrobot
[spotrobot-5] [INFO] [1748621340.422442784] [spotrobot]: Doing a_open_door
[spotrobot-5] [INFO] [1748621340.422916409] [spotrobot]: Wating for response
[uvdrobot-4] [INFO] [1748621340.423290435] [uvdrobot]: I heard: "{"performative": "request", "sender": "Coordinator", "receiver": "spotrobot1", "content": "Plan|a_navto,spotrobot1,room1/a_open_door,spotrobot1,room1/a_approach_nurse,spotrobot1,nurse_disinfected1/a_authenticate_nurse,spotrobot1,nurse_disinfected1/a_authorize_patrol,spotrobot1,nurse_disinfected1/a_patrol_room,spotrobot1,room1/a_authorize_disinfect,uvdrobot1,spotrobot1"}"
[spotrobot-5] [INFO] [1748621340.423641494] [spotrobot]: I heard: "{"performative": "query", "sender": "uvdrobot1", "receiver": "spotrobot1", "content": "Ready|a_authorize_disinfect"}"
[uvdrobot-4] [INFO] [1748621340.423797515] [uvdrobot]: And it is not for me
[spotrobot-5] [INFO] [1748621340.424259872] [spotrobot]: And it is for me
[uvdrobot-4] [INFO] [1748621340.424414058] [uvdrobot]: I heard: "{"performative": "query", "sender": "uvdrobot1", "receiver": "spotrobot1", "content": "Ready|a_authorize_disinfect"}"
[spotrobot-5] [INFO] [1748621340.424728011] [spotrobot]: No there yet
[uvdrobot-4] [INFO] [1748621340.424860509] [uvdrobot]: And it is not for me
[uvdrobot-4] [INFO] [1748621340.425747158] [uvdrobot]: I heard: "{"performative": "request", "sender": "Coordinator", "receiver": "nurse_disinfected1", "content": "Plan|a_approach_nurse,spotrobot1,nurse_disinfected1/a_authenticate_nurse,spotrobot1,nurse_disinfected1/a_authorize_patrol,spotrobot1,nurse_disinfected1"}"
[spotrobot-5] [INFO] [1748621340.426029538] [spotrobot]: success
[uvdrobot-4] [INFO] [1748621340.426255023] [uvdrobot]: And it is not for me
[spotrobot-5] [INFO] [1748621340.426587108] [spotrobot]: Doing a_approach_nurse
[spotrobot-5] [INFO] [1748621340.427262511] [spotrobot]: Wating for response
[spotrobot-5] [INFO] [1748621340.428800084] [spotrobot]: success
[spotrobot-5] [INFO] [1748621340.429158552] [spotrobot]: Doing a_authenticate_nurse
[spotrobot-5] [INFO] [1748621340.429474069] [spotrobot]: a_authenticate_nurse
[spotrobot-5] [INFO] [1748621340.429771803] [spotrobot]: Here first, waiting for nurse
[uvdrobot-4] [INFO] [1748621340.430379935] [uvdrobot]: I heard: "{"performative": "query", "sender": "spotrobot1", "receiver": "nurse_disinfected1", "content": "Ready|a_authenticate_nurse"}"
[spotrobot-5] [INFO] [1748621340.430430957] [spotrobot]: I heard: "{"performative": "query", "sender": "spotrobot1", "receiver": "nurse_disinfected1", "content": "Ready|a_authenticate_nurse"}"
[spotrobot-5] [INFO] [1748621340.430781905] [spotrobot]: And it is not for me
[uvdrobot-4] [INFO] [1748621340.430953092] [uvdrobot]: And it is not for me
[nurse_disinfect-3] [INFO] [1748621341.423167554] [nurse_disinfect]: I heard: "{"performative": "request", "sender": "Coordinator", "receiver": "uvdrobot1", "content": "Plan|a_authorize_disinfect,uvdrobot1,spotrobot1/a_navto,uvdrobot1,room1/a_disinfect_room,uvdrobot1,room1"}"
[nurse_disinfect-3] [INFO] [1748621341.423555760] [nurse_disinfect]: And it is not for me
[nurse_disinfect-3] [INFO] [1748621341.424005284] [nurse_disinfect]: I heard: "{"performative": "query", "sender": "uvdrobot1", "receiver": "spotrobot1", "content": "Ready|a_authorize_disinfect"}"
[nurse_disinfect-3] [INFO] [1748621341.424392762] [nurse_disinfect]: And it is not for me
[nurse_disinfect-3] [INFO] [1748621341.424935330] [nurse_disinfect]: I heard: "{"performative": "request", "sender": "Coordinator", "receiver": "spotrobot1", "content": "Plan|a_navto,spotrobot1,room1/a_open_door,spotrobot1,room1/a_approach_nurse,spotrobot1,nurse_disinfected1/a_authenticate_nurse,spotrobot1,nurse_disinfected1/a_authorize_patrol,spotrobot1,nurse_disinfected1/a_patrol_room,spotrobot1,room1/a_authorize_disinfect,uvdrobot1,spotrobot1"}"
[nurse_disinfect-3] [INFO] [1748621341.425290951] [nurse_disinfect]: And it is not for me
[nurse_disinfect-3] [INFO] [1748621341.425651386] [nurse_disinfect]: I heard: "{"performative": "query", "sender": "spotrobot1", "receiver": "nurse_disinfected1", "content": "Ready|a_authenticate_nurse"}"
[nurse_disinfect-3] [INFO] [1748621341.425959326] [nurse_disinfect]: And it is for me
[nurse_disinfect-3] [INFO] [1748621341.426263209] [nurse_disinfect]: No there yet
[nurse_disinfect-3] [INFO] [1748621341.426870738] [nurse_disinfect]: I heard: "{"performative": "request", "sender": "Coordinator", "receiver": "nurse_disinfected1", "content": "Plan|a_approach_nurse,spotrobot1,nurse_disinfected1/a_authenticate_nurse,spotrobot1,nurse_disinfected1/a_authorize_patrol,spotrobot1,nurse_disinfected1"}"
[nurse_disinfect-3] [INFO] [1748621341.427248587] [nurse_disinfect]: And it is for me
[nurse_disinfect-3] [INFO] [1748621341.428550082] [nurse_disinfect]: a_approach_nurse
[nurse_disinfect-3] [INFO] [1748621341.429079030] [nurse_disinfect]: a_authenticate_nurse
[nurse_disinfect-3] [INFO] [1748621341.429474670] [nurse_disinfect]: Doing a_authenticate_nurse
[nurse_disinfect-3] [INFO] [1748621341.429890371] [nurse_disinfect]: a_authenticate_nurse
[nurse_disinfect-3] [INFO] [1748621341.430461513] [nurse_disinfect]: Robot is waiting, send action message
[spotrobot-5] [INFO] [1748621341.431162441] [spotrobot]: I heard: "{"performative": "query", "sender": "nurse_disinfected1", "receiver": "spotrobot1", "content": "Done|a_authenticate_nurse"}"
[uvdrobot-4] [INFO] [1748621341.431296137] [uvdrobot]: I heard: "{"performative": "query", "sender": "nurse_disinfected1", "receiver": "spotrobot1", "content": "Done|a_authenticate_nurse"}"
[nurse_disinfect-3] [INFO] [1748621341.431497437] [nurse_disinfect]: I heard: "{"performative": "query", "sender": "nurse_disinfected1", "receiver": "spotrobot1", "content": "Done|a_authenticate_nurse"}"
[spotrobot-5] [INFO] [1748621341.431505861] [spotrobot]: And it is for me
[uvdrobot-4] [INFO] [1748621341.431699211] [uvdrobot]: And it is not for me
[spotrobot-5] [INFO] [1748621341.431765241] [spotrobot]: Finished action
[nurse_disinfect-3] [INFO] [1748621341.432020388] [nurse_disinfect]: And it is not for me
[spotrobot-5] [INFO] [1748621341.432188481] [spotrobot]: Doing a_authorize_patrol
[uvdrobot-4] [INFO] [1748621341.432296127] [uvdrobot]: I heard: "{"performative": "query", "sender": "spotrobot1", "receiver": "nurse_disinfected1", "content": "Done|a_authenticate_nurse"}"
[spotrobot-5] [INFO] [1748621341.432535636] [spotrobot]: a_authorize_patrol
[uvdrobot-4] [INFO] [1748621341.432627204] [uvdrobot]: And it is not for me
[spotrobot-5] [INFO] [1748621341.432798545] [spotrobot]: Here first, waiting for nurse
[nurse_disinfect-3] [INFO] [1748621341.433132727] [nurse_disinfect]: I heard: "{"performative": "query", "sender": "spotrobot1", "receiver": "nurse_disinfected1", "content": "Done|a_authenticate_nurse"}"
[spotrobot-5] [INFO] [1748621341.433436871] [spotrobot]: I heard: "{"performative": "query", "sender": "spotrobot1", "receiver": "nurse_disinfected1", "content": "Done|a_authenticate_nurse"}"
[uvdrobot-4] [INFO] [1748621341.433461037] [uvdrobot]: I heard: "{"performative": "query", "sender": "spotrobot1", "receiver": "nurse_disinfected1", "content": "Ready|a_authorize_patrol"}"
[nurse_disinfect-3] [INFO] [1748621341.433664739] [nurse_disinfect]: And it is for me
[spotrobot-5] [INFO] [1748621341.433708973] [spotrobot]: And it is not for me
[uvdrobot-4] [INFO] [1748621341.433803170] [uvdrobot]: And it is not for me
[nurse_disinfect-3] [INFO] [1748621341.434189318] [nurse_disinfect]: Finished action
[spotrobot-5] [INFO] [1748621341.434196464] [spotrobot]: I heard: "{"performative": "query", "sender": "spotrobot1", "receiver": "nurse_disinfected1", "content": "Ready|a_authorize_patrol"}"
[spotrobot-5] [INFO] [1748621341.434512965] [spotrobot]: And it is not for me
[uvdrobot-4] [INFO] [1748621341.434831069] [uvdrobot]: I heard: "{"performative": "query", "sender": "nurse_disinfected1", "receiver": "spotrobot1", "content": "Done|a_authenticate_nurse"}"
[nurse_disinfect-3] [INFO] [1748621341.434857788] [nurse_disinfect]: a_authorize_patrol
[spotrobot-5] [INFO] [1748621341.435014389] [spotrobot]: I heard: "{"performative": "query", "sender": "nurse_disinfected1", "receiver": "spotrobot1", "content": "Done|a_authenticate_nurse"}"
[uvdrobot-4] [INFO] [1748621341.435238721] [uvdrobot]: And it is not for me
[spotrobot-5] [INFO] [1748621341.435281412] [spotrobot]: And it is for me
[nurse_disinfect-3] [INFO] [1748621341.435386916] [nurse_disinfect]: Doing a_authorize_patrol
[spotrobot-5] [INFO] [1748621341.435530634] [spotrobot]: Already finished action
[nurse_disinfect-3] [INFO] [1748621341.435909432] [nurse_disinfect]: a_authorize_patrol
[nurse_disinfect-3] [INFO] [1748621341.436394114] [nurse_disinfect]: Here first, waiting for robot
[spotrobot-5] [INFO] [1748621341.437029286] [spotrobot]: I heard: "{"performative": "query", "sender": "nurse_disinfected1", "receiver": "spotrobot1", "content": "Ready|a_authorize_patrol"}"
[nurse_disinfect-3] [INFO] [1748621341.437180219] [nurse_disinfect]: I heard: "{"performative": "query", "sender": "spotrobot1", "receiver": "nurse_disinfected1", "content": "Ready|a_authorize_patrol"}"
[uvdrobot-4] [INFO] [1748621341.437233604] [uvdrobot]: I heard: "{"performative": "query", "sender": "nurse_disinfected1", "receiver": "spotrobot1", "content": "Ready|a_authorize_patrol"}"
[nurse_disinfect-3] [INFO] [1748621341.437455150] [nurse_disinfect]: And it is for me
[spotrobot-5] [INFO] [1748621341.437486312] [spotrobot]: And it is for me
[uvdrobot-4] [INFO] [1748621341.437726279] [uvdrobot]: And it is not for me
[nurse_disinfect-3] [INFO] [1748621341.437735311] [nurse_disinfect]: Ready to act
[spotrobot-5] [INFO] [1748621341.437919464] [spotrobot]: Ready to act
[nurse_disinfect-3] [INFO] [1748621341.438466699] [nurse_disinfect]: I heard: "{"performative": "query", "sender": "nurse_disinfected1", "receiver": "spotrobot1", "content": "Done|a_authenticate_nurse"}"
[spotrobot-5] [INFO] [1748621341.438561781] [spotrobot]: I heard: "{"performative": "query", "sender": "nurse_disinfected1", "receiver": "spotrobot1", "content": "Done|a_authorize_patrol"}"
[uvdrobot-4] [INFO] [1748621341.438621583] [uvdrobot]: I heard: "{"performative": "query", "sender": "nurse_disinfected1", "receiver": "spotrobot1", "content": "Done|a_authorize_patrol"}"
[nurse_disinfect-3] [INFO] [1748621341.438738773] [nurse_disinfect]: And it is not for me
[spotrobot-5] [INFO] [1748621341.438831453] [spotrobot]: And it is for me
[spotrobot-5] [INFO] [1748621341.439076456] [spotrobot]: Finished action
[uvdrobot-4] [INFO] [1748621341.439141933] [uvdrobot]: And it is not for me
[nurse_disinfect-3] [INFO] [1748621341.439541837] [nurse_disinfect]: I heard: "{"performative": "query", "sender": "nurse_disinfected1", "receiver": "spotrobot1", "content": "Ready|a_authorize_patrol"}"
[spotrobot-5] [INFO] [1748621341.439557885] [spotrobot]: Doing a_patrol_room
[uvdrobot-4] [INFO] [1748621341.440039346] [uvdrobot]: I heard: "{"performative": "query", "sender": "spotrobot1", "receiver": "nurse_disinfected1", "content": "Done|a_authorize_patrol"}"
[nurse_disinfect-3] [INFO] [1748621341.440116734] [nurse_disinfect]: And it is not for me
[spotrobot-5] [INFO] [1748621341.440144028] [spotrobot]: Wating for response
[uvdrobot-4] [INFO] [1748621341.440617535] [uvdrobot]: And it is not for me
[spotrobot-5] [INFO] [1748621341.440730994] [spotrobot]: I heard: "{"performative": "query", "sender": "spotrobot1", "receiver": "nurse_disinfected1", "content": "Done|a_authorize_patrol"}"
[nurse_disinfect-3] [INFO] [1748621341.440847006] [nurse_disinfect]: I heard: "{"performative": "query", "sender": "nurse_disinfected1", "receiver": "spotrobot1", "content": "Done|a_authorize_patrol"}"
[spotrobot-5] [INFO] [1748621341.441099932] [spotrobot]: And it is not for me
[nurse_disinfect-3] [INFO] [1748621341.441215065] [nurse_disinfect]: And it is not for me
[uvdrobot-4] [INFO] [1748621341.441619535] [uvdrobot]: I heard: "{"performative": "query", "sender": "spotrobot1", "receiver": "nurse_disinfected1", "content": "Done|a_authorize_patrol"}"
[spotrobot-5] [INFO] [1748621341.441918481] [spotrobot]: I heard: "{"performative": "query", "sender": "spotrobot1", "receiver": "nurse_disinfected1", "content": "Done|a_authorize_patrol"}"
[nurse_disinfect-3] [INFO] [1748621341.442000083] [nurse_disinfect]: I heard: "{"performative": "query", "sender": "spotrobot1", "receiver": "nurse_disinfected1", "content": "Done|a_authorize_patrol"}"
[uvdrobot-4] [INFO] [1748621341.442224151] [uvdrobot]: And it is not for me
[spotrobot-5] [INFO] [1748621341.442313931] [spotrobot]: And it is not for me
[nurse_disinfect-3] [INFO] [1748621341.442527328] [nurse_disinfect]: And it is for me
[nurse_disinfect-3] [INFO] [1748621341.442800622] [nurse_disinfect]: Finished action
[spotrobot-5] [INFO] [1748621341.443244629] [spotrobot]: dirty room
[nurse_disinfect-3] [INFO] [1748621341.443578669] [nurse_disinfect]: I heard: "{"performative": "query", "sender": "spotrobot1", "receiver": "nurse_disinfected1", "content": "Done|a_authorize_patrol"}"
[uvdrobot-4] [INFO] [1748621341.443750573] [uvdrobot]: I heard: "{"performative": "query", "sender": "nurse_disinfected1", "receiver": "spotrobot1", "content": "Done|a_authorize_patrol"}"
[spotrobot-5] [INFO] [1748621341.443941030] [spotrobot]: I heard: "{"performative": "query", "sender": "nurse_disinfected1", "receiver": "spotrobot1", "content": "Done|a_authorize_patrol"}"
[nurse_disinfect-3] [INFO] [1748621341.443968766] [nurse_disinfect]: And it is for me
[spotrobot-5] [INFO] [1748621341.444225901] [spotrobot]: And it is for me
[nurse_disinfect-3] [INFO] [1748621341.444240679] [nurse_disinfect]: Already finished action
[uvdrobot-4] [INFO] [1748621341.444301087] [uvdrobot]: And it is not for me
[spotrobot-5] [INFO] [1748621341.444475312] [spotrobot]: Already finished action
[nurse_disinfect-3] [INFO] [1748621341.444817496] [nurse_disinfect]: I heard: "{"performative": "query", "sender": "nurse_disinfected1", "receiver": "spotrobot1", "content": "Done|a_authorize_patrol"}"
[nurse_disinfect-3] [INFO] [1748621341.445108903] [nurse_disinfect]: And it is not for me
[uvdrobot-4] [INFO] [1748621341.445586675] [uvdrobot]: I heard: "{"performative": "request", "sender": "Coordinator", "receiver": "spotrobot1", "content": "Reset"}"
[spotrobot-5] [INFO] [1748621341.445652966] [spotrobot]: I heard: "{"performative": "request", "sender": "Coordinator", "receiver": "spotrobot1", "content": "Reset"}"
[nurse_disinfect-3] [INFO] [1748621341.445708345] [nurse_disinfect]: I heard: "{"performative": "request", "sender": "Coordinator", "receiver": "spotrobot1", "content": "Reset"}"
[uvdrobot-4] [INFO] [1748621341.445915102] [uvdrobot]: And it is not for me
[spotrobot-5] [INFO] [1748621341.445931150] [spotrobot]: And it is for me
[nurse_disinfect-3] [INFO] [1748621341.445979861] [nurse_disinfect]: And it is not for me
[uvdrobot-4] [INFO] [1748621341.446456763] [uvdrobot]: I heard: "{"performative": "request", "sender": "Coordinator", "receiver": "uvdrobot1", "content": "Reset"}"
[spotrobot-5] [INFO] [1748621341.446470284] [spotrobot]: I heard: "{"performative": "request", "sender": "Coordinator", "receiver": "uvdrobot1", "content": "Reset"}"
[nurse_disinfect-3] [INFO] [1748621341.446478617] [nurse_disinfect]: I heard: "{"performative": "request", "sender": "Coordinator", "receiver": "uvdrobot1", "content": "Reset"}"
[uvdrobot-4] [INFO] [1748621341.446739534] [uvdrobot]: And it is for me
[nurse_disinfect-3] [INFO] [1748621341.446751457] [nurse_disinfect]: And it is not for me
[spotrobot-5] [INFO] [1748621341.446786974] [spotrobot]: And it is not for me
[spotrobot-5] [INFO] [1748621341.447225404] [spotrobot]: 
[nurse_disinfect-3] [INFO] [1748621341.447330299] [nurse_disinfect]: I heard: "{"performative": "request", "sender": "Coordinator", "receiver": "nurse_disinfected1", "content": "Reset"}"
[uvdrobot-4] [INFO] [1748621341.447364155] [uvdrobot]: I heard: "{"performative": "request", "sender": "Coordinator", "receiver": "nurse_disinfected1", "content": "Reset"}"
[nurse_disinfect-3] [INFO] [1748621341.447607840] [nurse_disinfect]: And it is for me
[spotrobot-5] [INFO] [1748621341.447799914] [spotrobot]: I heard: "{"performative": "request", "sender": "Coordinator", "receiver": "nurse_disinfected1", "content": "Reset"}"
[uvdrobot-4] [INFO] [1748621341.447819572] [uvdrobot]: And it is not for me
[spotrobot-5] [INFO] [1748621341.448116045] [spotrobot]: And it is not for me
[disinfect_planner-2] [INFO] [1748621341.449402350] [disinfect_planner]: Creating plan for: spotrobot1 uvdrobot1 nurse_disinfected1
[disinfect_planner-2] [INFO] [1748621341.450265401] [disinfect_planner]: a_navto,spotrobot1,room1
[disinfect_planner-2] [INFO] [1748621341.450572603] [disinfect_planner]: a_approach_nurse,spotrobot1,nurse_disinfected1
[disinfect_planner-2] [INFO] [1748621341.450910234] [disinfect_planner]: a_authenticate_nurse,spotrobot1,nurse_disinfected1
[disinfect_planner-2] [INFO] [1748621341.451224001] [disinfect_planner]: a_clean_room,nurse_disinfected1,room1
[disinfect_planner-2] [INFO] [1748621341.451524564] [disinfect_planner]: a_authorize_patrol,spotrobot1,nurse_disinfected1
[disinfect_planner-2] [INFO] [1748621341.451869062] [disinfect_planner]: a_patrol_room,spotrobot1,room1
[disinfect_planner-2] [INFO] [1748621341.452169483] [disinfect_planner]: a_authorize_disinfect,uvdrobot1,spotrobot1
[disinfect_planner-2] [INFO] [1748621341.452469677] [disinfect_planner]: a_navto,uvdrobot1,room1
[disinfect_planner-2] [INFO] [1748621341.452767620] [disinfect_planner]: a_disinfect_room,uvdrobot1,room1
[disinfect_planner-2] [INFO] [1748621341.453071219] [disinfect_planner]: Sending response
[nurse_disinfect-3] [INFO] [1748621341.455089951] [nurse_disinfect]: I heard: "{"performative": "request", "sender": "Coordinator", "receiver": "spotrobot1", "content": "Plan|a_navto,spotrobot1,room1/a_approach_nurse,spotrobot1,nurse_disinfected1/a_authenticate_nurse,spotrobot1,nurse_disinfected1/a_authorize_patrol,spotrobot1,nurse_disinfected1/a_patrol_room,spotrobot1,room1/a_authorize_disinfect,uvdrobot1,spotrobot1"}"
[spotrobot-5] [INFO] [1748621341.455145378] [spotrobot]: I heard: "{"performative": "request", "sender": "Coordinator", "receiver": "spotrobot1", "content": "Plan|a_navto,spotrobot1,room1/a_approach_nurse,spotrobot1,nurse_disinfected1/a_authenticate_nurse,spotrobot1,nurse_disinfected1/a_authorize_patrol,spotrobot1,nurse_disinfected1/a_patrol_room,spotrobot1,room1/a_authorize_disinfect,uvdrobot1,spotrobot1"}"
[uvdrobot-4] [INFO] [1748621341.455294237] [uvdrobot]: I heard: "{"performative": "request", "sender": "Coordinator", "receiver": "spotrobot1", "content": "Plan|a_navto,spotrobot1,room1/a_approach_nurse,spotrobot1,nurse_disinfected1/a_authenticate_nurse,spotrobot1,nurse_disinfected1/a_authorize_patrol,spotrobot1,nurse_disinfected1/a_patrol_room,spotrobot1,room1/a_authorize_disinfect,uvdrobot1,spotrobot1"}"
[nurse_disinfect-3] [INFO] [1748621341.455497339] [nurse_disinfect]: And it is not for me
[spotrobot-5] [INFO] [1748621341.455592671] [spotrobot]: And it is for me
[uvdrobot-4] [INFO] [1748621341.455745673] [uvdrobot]: And it is not for me
[spotrobot-5] [INFO] [1748621341.456127824] [spotrobot]: Doing a_navto
[nurse_disinfect-3] [INFO] [1748621341.456381898] [nurse_disinfect]: I heard: "{"performative": "request", "sender": "Coordinator", "receiver": "uvdrobot1", "content": "Plan|a_authorize_disinfect,uvdrobot1,spotrobot1/a_navto,uvdrobot1,room1/a_disinfect_room,uvdrobot1,room1"}"
[uvdrobot-4] [INFO] [1748621341.456602017] [uvdrobot]: I heard: "{"performative": "request", "sender": "Coordinator", "receiver": "uvdrobot1", "content": "Plan|a_authorize_disinfect,uvdrobot1,spotrobot1/a_navto,uvdrobot1,room1/a_disinfect_room,uvdrobot1,room1"}"
[spotrobot-5] [INFO] [1748621341.456805950] [spotrobot]: Wating for response
[nurse_disinfect-3] [INFO] [1748621341.456902144] [nurse_disinfect]: And it is not for me
[uvdrobot-4] [INFO] [1748621341.456986978] [uvdrobot]: And it is for me
[uvdrobot-4] [INFO] [1748621341.457303214] [uvdrobot]: Doing a_authorize_disinfect
[spotrobot-5] [INFO] [1748621341.457430959] [spotrobot]: I heard: "{"performative": "request", "sender": "Coordinator", "receiver": "uvdrobot1", "content": "Plan|a_authorize_disinfect,uvdrobot1,spotrobot1/a_navto,uvdrobot1,room1/a_disinfect_room,uvdrobot1,room1"}"
[uvdrobot-4] [INFO] [1748621341.457566189] [uvdrobot]: a_authorize_disinfect
[nurse_disinfect-3] [INFO] [1748621341.457646931] [nurse_disinfect]: I heard: "{"performative": "request", "sender": "Coordinator", "receiver": "nurse_disinfected1", "content": "Plan|a_approach_nurse,spotrobot1,nurse_disinfected1/a_authenticate_nurse,spotrobot1,nurse_disinfected1/a_clean_room,nurse_disinfected1,room1/a_authorize_patrol,spotrobot1,nurse_disinfected1"}"
[uvdrobot-4] [INFO] [1748621341.457817123] [uvdrobot]: Here first, waiting for spotrobot
[spotrobot-5] [INFO] [1748621341.457817358] [spotrobot]: And it is not for me
[nurse_disinfect-3] [INFO] [1748621341.458072942] [nurse_disinfect]: And it is for me
[nurse_disinfect-3] [INFO] [1748621341.458444367] [nurse_disinfect]: a_approach_nurse
[uvdrobot-4] [INFO] [1748621341.458525773] [uvdrobot]: I heard: "{"performative": "request", "sender": "Coordinator", "receiver": "nurse_disinfected1", "content": "Plan|a_approach_nurse,spotrobot1,nurse_disinfected1/a_authenticate_nurse,spotrobot1,nurse_disinfected1/a_clean_room,nurse_disinfected1,room1/a_authorize_patrol,spotrobot1,nurse_disinfected1"}"
[spotrobot-5] [INFO] [1748621341.458617187] [spotrobot]: I heard: "{"performative": "request", "sender": "Coordinator", "receiver": "nurse_disinfected1", "content": "Plan|a_approach_nurse,spotrobot1,nurse_disinfected1/a_authenticate_nurse,spotrobot1,nurse_disinfected1/a_clean_room,nurse_disinfected1,room1/a_authorize_patrol,spotrobot1,nurse_disinfected1"}"
[nurse_disinfect-3] [INFO] [1748621341.458863199] [nurse_disinfect]: a_authenticate_nurse
[uvdrobot-4] [INFO] [1748621341.458870838] [uvdrobot]: And it is not for me
[spotrobot-5] [INFO] [1748621341.459006187] [spotrobot]: And it is not for me
[nurse_disinfect-3] [INFO] [1748621341.459238740] [nurse_disinfect]: Doing a_authenticate_nurse
[uvdrobot-4] [INFO] [1748621341.459280892] [uvdrobot]: I heard: "{"performative": "query", "sender": "uvdrobot1", "receiver": "spotrobot1", "content": "Ready|a_authorize_disinfect"}"
[spotrobot-5] [INFO] [1748621341.459343875] [spotrobot]: I heard: "{"performative": "query", "sender": "uvdrobot1", "receiver": "spotrobot1", "content": "Ready|a_authorize_disinfect"}"
[uvdrobot-4] [INFO] [1748621341.459554224] [uvdrobot]: And it is not for me
[nurse_disinfect-3] [INFO] [1748621341.459589499] [nurse_disinfect]: a_authenticate_nurse
[spotrobot-5] [INFO] [1748621341.459608987] [spotrobot]: And it is for me
[spotrobot-5] [INFO] [1748621341.459855684] [spotrobot]: No there yet
[nurse_disinfect-3] [INFO] [1748621341.460031305] [nurse_disinfect]: Here first, waiting for robot
[spotrobot-5] [INFO] [1748621341.460202849] [spotrobot]: success
[spotrobot-5] [INFO] [1748621341.460583591] [spotrobot]: Doing a_approach_nurse
[uvdrobot-4] [INFO] [1748621341.460723125] [uvdrobot]: I heard: "{"performative": "query", "sender": "nurse_disinfected1", "receiver": "spotrobot1", "content": "Ready|a_authenticate_nurse"}"
[spotrobot-5] [INFO] [1748621341.461021690] [spotrobot]: Wating for response
[nurse_disinfect-3] [INFO] [1748621341.461077728] [nurse_disinfect]: I heard: "{"performative": "query", "sender": "uvdrobot1", "receiver": "spotrobot1", "content": "Ready|a_authorize_disinfect"}"
[uvdrobot-4] [INFO] [1748621341.461143773] [uvdrobot]: And it is not for me
[spotrobot-5] [INFO] [1748621341.461567805] [spotrobot]: I heard: "{"performative": "query", "sender": "nurse_disinfected1", "receiver": "spotrobot1", "content": "Ready|a_authenticate_nurse"}"
[nurse_disinfect-3] [INFO] [1748621341.461601398] [nurse_disinfect]: And it is not for me
[spotrobot-5] [INFO] [1748621341.462095429] [spotrobot]: And it is for me
[spotrobot-5] [INFO] [1748621341.462431253] [spotrobot]: No there yet
[nurse_disinfect-3] [INFO] [1748621341.462548780] [nurse_disinfect]: I heard: "{"performative": "query", "sender": "nurse_disinfected1", "receiver": "spotrobot1", "content": "Ready|a_authenticate_nurse"}"
[nurse_disinfect-3] [INFO] [1748621341.463076981] [nurse_disinfect]: And it is not for me
[spotrobot-5] [INFO] [1748621341.463345918] [spotrobot]: success
[spotrobot-5] [INFO] [1748621341.463670137] [spotrobot]: Doing a_authenticate_nurse
[spotrobot-5] [INFO] [1748621341.464034611] [spotrobot]: a_authenticate_nurse
[spotrobot-5] [INFO] [1748621341.464585521] [spotrobot]: Nurse is waiting, send action message
[uvdrobot-4] [INFO] [1748621341.465185223] [uvdrobot]: I heard: "{"performative": "query", "sender": "spotrobot1", "receiver": "nurse_disinfected1", "content": "Done|a_authenticate_nurse"}"
[spotrobot-5] [INFO] [1748621341.465249281] [spotrobot]: I heard: "{"performative": "query", "sender": "spotrobot1", "receiver": "nurse_disinfected1", "content": "Done|a_authenticate_nurse"}"
[uvdrobot-4] [INFO] [1748621341.465516261] [uvdrobot]: And it is not for me
[spotrobot-5] [INFO] [1748621341.465523823] [spotrobot]: And it is not for me
[nurse_disinfect-3] [INFO] [1748621341.465682098] [nurse_disinfect]: I heard: "{"performative": "query", "sender": "spotrobot1", "receiver": "nurse_disinfected1", "content": "Done|a_authenticate_nurse"}"
[nurse_disinfect-3] [INFO] [1748621341.466219493] [nurse_disinfect]: And it is for me
[nurse_disinfect-3] [INFO] [1748621341.466742567] [nurse_disinfect]: Finished action
[nurse_disinfect-3] [INFO] [1748621341.467316877] [nurse_disinfect]: a_clean_room
[uvdrobot-4] [INFO] [1748621341.467479142] [uvdrobot]: I heard: "{"performative": "query", "sender": "nurse_disinfected1", "receiver": "spotrobot1", "content": "Done|a_authenticate_nurse"}"
[spotrobot-5] [INFO] [1748621341.467671874] [spotrobot]: I heard: "{"performative": "query", "sender": "nurse_disinfected1", "receiver": "spotrobot1", "content": "Done|a_authenticate_nurse"}"
[nurse_disinfect-3] [INFO] [1748621341.467717332] [nurse_disinfect]: Doing a_clean_room
[uvdrobot-4] [INFO] [1748621341.467768591] [uvdrobot]: And it is not for me
[spotrobot-5] [INFO] [1748621341.468238798] [spotrobot]: And it is for me
[nurse_disinfect-3] [INFO] [1748621341.468310361] [nurse_disinfect]: Waiting for response
[spotrobot-5] [INFO] [1748621341.468635034] [spotrobot]: Finished action
[nurse_disinfect-3] [INFO] [1748621341.468900657] [nurse_disinfect]: I heard: "{"performative": "query", "sender": "nurse_disinfected1", "receiver": "spotrobot1", "content": "Done|a_authenticate_nurse"}"
[spotrobot-5] [INFO] [1748621341.469114107] [spotrobot]: Doing a_authorize_patrol
[nurse_disinfect-3] [INFO] [1748621341.469182094] [nurse_disinfect]: And it is not for me
[uvdrobot-4] [INFO] [1748621341.469212499] [uvdrobot]: I heard: "{"performative": "query", "sender": "spotrobot1", "receiver": "nurse_disinfected1", "content": "Done|a_authenticate_nurse"}"
[spotrobot-5] [INFO] [1748621341.469420752] [spotrobot]: a_authorize_patrol
[uvdrobot-4] [INFO] [1748621341.469490419] [uvdrobot]: And it is not for me
[spotrobot-5] [INFO] [1748621341.469705472] [spotrobot]: Here first, waiting for nurse
[nurse_disinfect-3] [INFO] [1748621341.469713208] [nurse_disinfect]: I heard: "{"performative": "query", "sender": "spotrobot1", "receiver": "nurse_disinfected1", "content": "Done|a_authenticate_nurse"}"
[nurse_disinfect-3] [INFO] [1748621341.469980439] [nurse_disinfect]: And it is for me
[nurse_disinfect-3] [INFO] [1748621341.470229558] [nurse_disinfect]: Already finished action
[uvdrobot-4] [INFO] [1748621341.470249672] [uvdrobot]: I heard: "{"performative": "query", "sender": "spotrobot1", "receiver": "nurse_disinfected1", "content": "Ready|a_authorize_patrol"}"
[spotrobot-5] [INFO] [1748621341.470380336] [spotrobot]: I heard: "{"performative": "query", "sender": "spotrobot1", "receiver": "nurse_disinfected1", "content": "Done|a_authenticate_nurse"}"
[uvdrobot-4] [INFO] [1748621341.470575971] [uvdrobot]: And it is not for me
[nurse_disinfect-3] [INFO] [1748621341.470732003] [nurse_disinfect]: I heard: "{"performative": "query", "sender": "spotrobot1", "receiver": "nurse_disinfected1", "content": "Ready|a_authorize_patrol"}"
[spotrobot-5] [INFO] [1748621341.470896543] [spotrobot]: And it is not for me
[nurse_disinfect-3] [INFO] [1748621341.471019797] [nurse_disinfect]: And it is for me
[nurse_disinfect-3] [INFO] [1748621341.471313890] [nurse_disinfect]: No there yet
[spotrobot-5] [INFO] [1748621341.471537669] [spotrobot]: I heard: "{"performative": "query", "sender": "spotrobot1", "receiver": "nurse_disinfected1", "content": "Ready|a_authorize_patrol"}"
[spotrobot-5] [INFO] [1748621341.471818861] [spotrobot]: And it is not for me
[nurse_disinfect-3] [INFO] [1748621341.472278723] [nurse_disinfect]: success
[nurse_disinfect-3] [INFO] [1748621341.472660904] [nurse_disinfect]: a_authorize_patrol
[nurse_disinfect-3] [INFO] [1748621341.472926092] [nurse_disinfect]: Doing a_authorize_patrol
[nurse_disinfect-3] [INFO] [1748621341.473212316] [nurse_disinfect]: a_authorize_patrol
[nurse_disinfect-3] [INFO] [1748621341.473480559] [nurse_disinfect]: Robot is waiting, send action message
[uvdrobot-4] [INFO] [1748621341.474041472] [uvdrobot]: I heard: "{"performative": "query", "sender": "nurse_disinfected1", "receiver": "spotrobot1", "content": "Done|a_authorize_patrol"}"
[spotrobot-5] [INFO] [1748621341.474058586] [spotrobot]: I heard: "{"performative": "query", "sender": "nurse_disinfected1", "receiver": "spotrobot1", "content": "Done|a_authorize_patrol"}"
[nurse_disinfect-3] [INFO] [1748621341.474081127] [nurse_disinfect]: I heard: "{"performative": "query", "sender": "nurse_disinfected1", "receiver": "spotrobot1", "content": "Done|a_authorize_patrol"}"
[uvdrobot-4] [INFO] [1748621341.474321908] [uvdrobot]: And it is not for me
[spotrobot-5] [INFO] [1748621341.474332353] [spotrobot]: And it is for me
[nurse_disinfect-3] [INFO] [1748621341.474359632] [nurse_disinfect]: And it is not for me
[spotrobot-5] [INFO] [1748621341.474632490] [spotrobot]: Finished action
[spotrobot-5] [INFO] [1748621341.475069549] [spotrobot]: Doing a_patrol_room
[uvdrobot-4] [INFO] [1748621341.475291139] [uvdrobot]: I heard: "{"performative": "query", "sender": "spotrobot1", "receiver": "nurse_disinfected1", "content": "Done|a_authorize_patrol"}"
[nurse_disinfect-3] [INFO] [1748621341.475323643] [nurse_disinfect]: I heard: "{"performative": "query", "sender": "spotrobot1", "receiver": "nurse_disinfected1", "content": "Done|a_authorize_patrol"}"
[nurse_disinfect-3] [INFO] [1748621341.475595651] [nurse_disinfect]: And it is for me
[spotrobot-5] [INFO] [1748621341.475611171] [spotrobot]: Wating for response
[uvdrobot-4] [INFO] [1748621341.475654564] [uvdrobot]: And it is not for me
[nurse_disinfect-3] [INFO] [1748621341.475853631] [nurse_disinfect]: Finished action
[spotrobot-5] [INFO] [1748621341.476349209] [spotrobot]: I heard: "{"performative": "query", "sender": "spotrobot1", "receiver": "nurse_disinfected1", "content": "Done|a_authorize_patrol"}"
[uvdrobot-4] [INFO] [1748621341.476473613] [uvdrobot]: I heard: "{"performative": "query", "sender": "nurse_disinfected1", "receiver": "spotrobot1", "content": "Done|a_authorize_patrol"}"
[nurse_disinfect-3] [INFO] [1748621341.476636209] [nurse_disinfect]: I heard: "{"performative": "query", "sender": "nurse_disinfected1", "receiver": "spotrobot1", "content": "Done|a_authorize_patrol"}"
[uvdrobot-4] [INFO] [1748621341.476812672] [uvdrobot]: And it is not for me
[spotrobot-5] [INFO] [1748621341.476847360] [spotrobot]: And it is not for me
[nurse_disinfect-3] [INFO] [1748621341.476916427] [nurse_disinfect]: And it is not for me
[spotrobot-5] [INFO] [1748621341.477428263] [spotrobot]: I heard: "{"performative": "query", "sender": "nurse_disinfected1", "receiver": "spotrobot1", "content": "Done|a_authorize_patrol"}"
[spotrobot-5] [INFO] [1748621341.477782929] [spotrobot]: And it is for me
[spotrobot-5] [INFO] [1748621341.478088949] [spotrobot]: Already finished action
[spotrobot-5] [INFO] [1748621341.478601392] [spotrobot]: success
[spotrobot-5] [INFO] [1748621341.478924844] [spotrobot]: Doing a_authorize_disinfect
[spotrobot-5] [INFO] [1748621341.479177869] [spotrobot]: a_authorize_disinfect
[spotrobot-5] [INFO] [1748621341.479484457] [spotrobot]: Here first, waiting for spotrobot
[uvdrobot-4] [INFO] [1748621341.480115076] [uvdrobot]: I heard: "{"performative": "query", "sender": "spotrobot1", "receiver": "uvdrobot1", "content": "Ready|a_authorize_disinfect"}"
[nurse_disinfect-3] [INFO] [1748621341.480163081] [nurse_disinfect]: I heard: "{"performative": "query", "sender": "spotrobot1", "receiver": "uvdrobot1", "content": "Ready|a_authorize_disinfect"}"
[spotrobot-5] [INFO] [1748621341.480193966] [spotrobot]: I heard: "{"performative": "query", "sender": "spotrobot1", "receiver": "uvdrobot1", "content": "Ready|a_authorize_disinfect"}"
[spotrobot-5] [INFO] [1748621341.480476029] [spotrobot]: And it is not for me
[uvdrobot-4] [INFO] [1748621341.480406246] [uvdrobot]: And it is for me
[uvdrobot-4] [INFO] [1748621341.480660860] [uvdrobot]: Ready to act
[nurse_disinfect-3] [INFO] [1748621341.480672810] [nurse_disinfect]: And it is not for me
[spotrobot-5] [INFO] [1748621341.481200957] [spotrobot]: I heard: "{"performative": "query", "sender": "uvdrobot1", "receiver": "spotrobot1", "content": "Done|a_authorize_disinfect"}"
[nurse_disinfect-3] [INFO] [1748621341.481233642] [nurse_disinfect]: I heard: "{"performative": "query", "sender": "uvdrobot1", "receiver": "spotrobot1", "content": "Done|a_authorize_disinfect"}"
[nurse_disinfect-3] [INFO] [1748621341.481514692] [nurse_disinfect]: And it is not for me
[spotrobot-5] [INFO] [1748621341.481617017] [spotrobot]: And it is for me
[uvdrobot-4] [INFO] [1748621341.481616017] [uvdrobot]: I heard: "{"performative": "query", "sender": "uvdrobot1", "receiver": "spotrobot1", "content": "Done|a_authorize_disinfect"}"
[spotrobot-5] [INFO] [1748621341.481973366] [spotrobot]: Finished action
[uvdrobot-4] [INFO] [1748621341.481977531] [uvdrobot]: And it is not for me
[spotrobot-5] [INFO] [1748621341.482756095] [spotrobot]: I heard: "{"performative": "query", "sender": "spotrobot1", "receiver": "uvdrobot1", "content": "Done|a_authorize_disinfect"}"
[uvdrobot-4] [INFO] [1748621341.482779735] [uvdrobot]: I heard: "{"performative": "query", "sender": "spotrobot1", "receiver": "uvdrobot1", "content": "Done|a_authorize_disinfect"}"
[nurse_disinfect-3] [INFO] [1748621341.482799995] [nurse_disinfect]: I heard: "{"performative": "query", "sender": "spotrobot1", "receiver": "uvdrobot1", "content": "Done|a_authorize_disinfect"}"
[spotrobot-5] [INFO] [1748621341.483057358] [spotrobot]: And it is not for me
[uvdrobot-4] [INFO] [1748621341.483315512] [uvdrobot]: And it is for me
[nurse_disinfect-3] [INFO] [1748621341.483330929] [nurse_disinfect]: And it is not for me
[uvdrobot-4] [INFO] [1748621341.483704360] [uvdrobot]: Finished action
[uvdrobot-4] [INFO] [1748621341.484164375] [uvdrobot]: Doing a_navto
[spotrobot-5] [INFO] [1748621341.484260733] [spotrobot]: I heard: "{"performative": "query", "sender": "uvdrobot1", "receiver": "spotrobot1", "content": "Done|a_authorize_disinfect"}"
[spotrobot-5] [INFO] [1748621341.484540024] [spotrobot]: And it is for me
[nurse_disinfect-3] [INFO] [1748621341.484542289] [nurse_disinfect]: I heard: "{"performative": "query", "sender": "uvdrobot1", "receiver": "spotrobot1", "content": "Done|a_authorize_disinfect"}"
[uvdrobot-4] [INFO] [1748621341.484760308] [uvdrobot]: Waiting for response
[spotrobot-5] [INFO] [1748621341.484860743] [spotrobot]: Already finished action
[nurse_disinfect-3] [INFO] [1748621341.485089492] [nurse_disinfect]: And it is not for me
[uvdrobot-4] [INFO] [1748621341.485578658] [uvdrobot]: I heard: "{"performative": "query", "sender": "uvdrobot1", "receiver": "spotrobot1", "content": "Done|a_authorize_disinfect"}"
[uvdrobot-4] [INFO] [1748621341.486074907] [uvdrobot]: And it is not for me
[uvdrobot-4] [INFO] [1748621341.487207440] [uvdrobot]: success
[uvdrobot-4] [INFO] [1748621341.487587369] [uvdrobot]: Doing a_disinfect_room
[uvdrobot-4] [INFO] [1748621341.487984882] [uvdrobot]: Waiting for response
[uvdrobot-4] [INFO] [1748621341.489399760] [uvdrobot]: success
[disinfect_environment-1] [INFO] [1748621341.491793881] [disinfect_environment]: Recebido sinal de desligamento do coordenador, finalizando...
[nurse_disinfect-3] [INFO] [1748621341.491811076] [nurse_disinfect]: Recebido sinal de desligamento do coordenador, finalizando...
[disinfect_planner-2] [INFO] [1748621341.491815782] [disinfect_planner]: Recebido sinal de desligamento do coordenador, finalizando...
[spotrobot-5] [INFO] [1748621341.492285298] [spotrobot]: Recebido sinal de desligamento do coordenador, finalizando...
[disinfect_planner-2] [INFO] [1748621341.492297627] [Quitting]: Done
[nurse_disinfect-3] [INFO] [1748621341.492440104] [Quitting]: Done
[spotrobot-5] [INFO] [1748621341.492952671] [Quitting]: Done
[disinfect_environment-1] [INFO] [1748621341.493245695] [Quitting]: Done
[uvdrobot-4] [INFO] [1748621341.493892114] [uvdrobot]: Recebido sinal de desligamento do coordenador, finalizando...
[uvdrobot-4] [INFO] [1748621341.494644793] [Quitting]: Done
[INFO] [disinfect_environment-1]: process has finished cleanly [pid 38750]
[INFO] [spotrobot-5]: process has finished cleanly [pid 38758]
[INFO] [nurse_disinfect-3]: process has finished cleanly [pid 38754]
[INFO] [uvdrobot-4]: process has finished cleanly [pid 38756]
