[INFO] [launch]: All log files can be found below /home/rafael/.ros/log/2025-05-29-22-44-10-484351-NotebookRafael-119830
[INFO] [launch]: Default logging verbosity is set to INFO
[INFO] [disinfect_environment-1]: process started with pid [119833]
[INFO] [disinfect_planner-2]: process started with pid [119835]
[INFO] [nurse_disinfect-3]: process started with pid [119837]
[INFO] [uvdrobot-4]: process started with pid [119839]
[INFO] [spotrobot-5]: process started with pid [119841]
[disinfect_environment-1] [INFO] [1748569450.751569117] [disinfect_environment]: Starting Environment server
[disinfect_environment-1] [INFO] [1748569450.755267095] [disinfect_environment]: Environment server started
[disinfect_planner-2] [INFO] [1748569451.304889364] [disinfect_planner]: Starting Planner server
[disinfect_planner-2] [INFO] [1748569451.309299889] [disinfect_planner]: Planner server started
[disinfect_planner-2] [INFO] [1748569451.489666235] [disinfect_planner]: Creating plan for: spotrobot1 uvdrobot1 nurse_disinfected1
[disinfect_planner-2] [INFO] [1748569451.491333176] [disinfect_planner]: a_navto,spotrobot1,room1
[disinfect_planner-2] [INFO] [1748569451.491680560] [disinfect_planner]: a_open_door,spotrobot1,room1
[disinfect_planner-2] [INFO] [1748569451.491985270] [disinfect_planner]: a_approach_nurse,spotrobot1,nurse_disinfected1
[disinfect_planner-2] [INFO] [1748569451.492286601] [disinfect_planner]: a_authenticate_nurse,spotrobot1,nurse_disinfected1
[disinfect_planner-2] [INFO] [1748569451.492584834] [disinfect_planner]: a_authorize_patrol,spotrobot1,nurse_disinfected1
[disinfect_planner-2] [INFO] [1748569451.492923029] [disinfect_planner]: a_patrol_room,spotrobot1,room1
[disinfect_planner-2] [INFO] [1748569451.493225957] [disinfect_planner]: a_authorize_disinfect,uvdrobot1,spotrobot1
[disinfect_planner-2] [INFO] [1748569451.493524558] [disinfect_planner]: a_navto,uvdrobot1,room1
[disinfect_planner-2] [INFO] [1748569451.493823071] [disinfect_planner]: a_disinfect_room,uvdrobot1,room1
[disinfect_planner-2] [INFO] [1748569451.494124818] [disinfect_planner]: Sending response
[spotrobot-5] [INFO] [1748569451.499277221] [spotrobot]: response.response spotrobot1
[spotrobot-5] [INFO] [1748569451.499657257] [spotrobot]: My name is spotrobot1
[nurse_disinfect-3] [INFO] [1748569451.500068890] [nurse_disinfect]: response.response nurse_disinfected1
[nurse_disinfect-3] [INFO] [1748569451.500435612] [nurse_disinfect]: My name is nurse_disinfected1
[spotrobot-5] [INFO] [1748569451.500762922] [spotrobot]: I heard: "{"performative": "request", "sender": "Coordinator", "receiver": "uvdrobot1", "content": "Plan|a_authorize_disinfect,uvdrobot1,spotrobot1/a_navto,uvdrobot1,room1/a_disinfect_room,uvdrobot1,room1"}"
[uvdrobot-4] [INFO] [1748569451.500991328] [uvdrobot]: response.response uvdrobot1
[spotrobot-5] [INFO] [1748569451.501305248] [spotrobot]: And it is not for me
[uvdrobot-4] [INFO] [1748569451.501413370] [uvdrobot]: My name is uvdrobot1
[uvdrobot-4] [INFO] [1748569451.502148992] [uvdrobot]: I heard: "{"performative": "request", "sender": "Coordinator", "receiver": "uvdrobot1", "content": "Plan|a_authorize_disinfect,uvdrobot1,spotrobot1/a_navto,uvdrobot1,room1/a_disinfect_room,uvdrobot1,room1"}"
[spotrobot-5] [INFO] [1748569451.502441153] [spotrobot]: I heard: "{"performative": "request", "sender": "Coordinator", "receiver": "spotrobot1", "content": "Plan|a_navto,spotrobot1,room1/a_open_door,spotrobot1,room1/a_approach_nurse,spotrobot1,nurse_disinfected1/a_authenticate_nurse,spotrobot1,nurse_disinfected1/a_authorize_patrol,spotrobot1,nurse_disinfected1/a_patrol_room,spotrobot1,room1/a_authorize_disinfect,uvdrobot1,spotrobot1"}"
[uvdrobot-4] [INFO] [1748569451.502485230] [uvdrobot]: And it is for me
[uvdrobot-4] [INFO] [1748569451.502899419] [uvdrobot]: Doing a_authorize_disinfect
[spotrobot-5] [INFO] [1748569451.503018523] [spotrobot]: And it is for me
[uvdrobot-4] [INFO] [1748569451.503171168] [uvdrobot]: a_authorize_disinfect
[uvdrobot-4] [INFO] [1748569451.503523219] [uvdrobot]: Here first, waiting for spotrobot
[spotrobot-5] [INFO] [1748569451.503710202] [spotrobot]: Doing a_navto
[uvdrobot-4] [INFO] [1748569451.504335241] [uvdrobot]: I heard: "{"performative": "request", "sender": "Coordinator", "receiver": "spotrobot1", "content": "Plan|a_navto,spotrobot1,room1/a_open_door,spotrobot1,room1/a_approach_nurse,spotrobot1,nurse_disinfected1/a_authenticate_nurse,spotrobot1,nurse_disinfected1/a_authorize_patrol,spotrobot1,nurse_disinfected1/a_patrol_room,spotrobot1,room1/a_authorize_disinfect,uvdrobot1,spotrobot1"}"
[spotrobot-5] [INFO] [1748569451.504356264] [spotrobot]: Wating for response
[uvdrobot-4] [INFO] [1748569451.504656926] [uvdrobot]: And it is not for me
[uvdrobot-4] [INFO] [1748569451.504989718] [uvdrobot]: I heard: "{"performative": "query", "sender": "uvdrobot1", "receiver": "spotrobot1", "content": "Ready|a_authorize_disinfect"}"
[spotrobot-5] [INFO] [1748569451.505260083] [spotrobot]: I heard: "{"performative": "request", "sender": "Coordinator", "receiver": "nurse_disinfected1", "content": "Plan|a_approach_nurse,spotrobot1,nurse_disinfected1/a_authenticate_nurse,spotrobot1,nurse_disinfected1/a_authorize_patrol,spotrobot1,nurse_disinfected1"}"
[uvdrobot-4] [INFO] [1748569451.505304392] [uvdrobot]: And it is not for me
[spotrobot-5] [INFO] [1748569451.505804955] [spotrobot]: And it is not for me
[uvdrobot-4] [INFO] [1748569451.505821600] [uvdrobot]: I heard: "{"performative": "request", "sender": "Coordinator", "receiver": "nurse_disinfected1", "content": "Plan|a_approach_nurse,spotrobot1,nurse_disinfected1/a_authenticate_nurse,spotrobot1,nurse_disinfected1/a_authorize_patrol,spotrobot1,nurse_disinfected1"}"
[uvdrobot-4] [INFO] [1748569451.506145716] [uvdrobot]: And it is not for me
[spotrobot-5] [INFO] [1748569451.506411830] [spotrobot]: I heard: "{"performative": "query", "sender": "uvdrobot1", "receiver": "spotrobot1", "content": "Ready|a_authorize_disinfect"}"
[spotrobot-5] [INFO] [1748569451.506941374] [spotrobot]: And it is for me
[spotrobot-5] [INFO] [1748569451.507493354] [spotrobot]: No there yet
[spotrobot-5] [INFO] [1748569451.510011727] [spotrobot]: success
[spotrobot-5] [INFO] [1748569451.510546394] [spotrobot]: Doing a_open_door
[spotrobot-5] [INFO] [1748569451.510990978] [spotrobot]: Wating for response
[spotrobot-5] [INFO] [1748569451.512804745] [spotrobot]: success
[spotrobot-5] [INFO] [1748569451.513194396] [spotrobot]: Doing a_approach_nurse
[spotrobot-5] [INFO] [1748569451.513721916] [spotrobot]: Wating for response
[spotrobot-5] [INFO] [1748569451.514874573] [spotrobot]: success
[spotrobot-5] [INFO] [1748569451.515249177] [spotrobot]: Doing a_authenticate_nurse
[spotrobot-5] [INFO] [1748569451.515555272] [spotrobot]: a_authenticate_nurse
[spotrobot-5] [INFO] [1748569451.515908456] [spotrobot]: Here first, waiting for nurse
[uvdrobot-4] [INFO] [1748569451.516564367] [uvdrobot]: I heard: "{"performative": "query", "sender": "spotrobot1", "receiver": "nurse_disinfected1", "content": "Ready|a_authenticate_nurse"}"
[spotrobot-5] [INFO] [1748569451.516588342] [spotrobot]: I heard: "{"performative": "query", "sender": "spotrobot1", "receiver": "nurse_disinfected1", "content": "Ready|a_authenticate_nurse"}"
[uvdrobot-4] [INFO] [1748569451.516978924] [uvdrobot]: And it is not for me
[spotrobot-5] [INFO] [1748569451.517163726] [spotrobot]: And it is not for me
[nurse_disinfect-3] [INFO] [1748569452.502472805] [nurse_disinfect]: I heard: "{"performative": "request", "sender": "Coordinator", "receiver": "uvdrobot1", "content": "Plan|a_authorize_disinfect,uvdrobot1,spotrobot1/a_navto,uvdrobot1,room1/a_disinfect_room,uvdrobot1,room1"}"
[nurse_disinfect-3] [INFO] [1748569452.502994942] [nurse_disinfect]: And it is not for me
[nurse_disinfect-3] [INFO] [1748569452.503591726] [nurse_disinfect]: I heard: "{"performative": "query", "sender": "uvdrobot1", "receiver": "spotrobot1", "content": "Ready|a_authorize_disinfect"}"
[nurse_disinfect-3] [INFO] [1748569452.504416695] [nurse_disinfect]: And it is not for me
[nurse_disinfect-3] [INFO] [1748569452.505193305] [nurse_disinfect]: I heard: "{"performative": "request", "sender": "Coordinator", "receiver": "spotrobot1", "content": "Plan|a_navto,spotrobot1,room1/a_open_door,spotrobot1,room1/a_approach_nurse,spotrobot1,nurse_disinfected1/a_authenticate_nurse,spotrobot1,nurse_disinfected1/a_authorize_patrol,spotrobot1,nurse_disinfected1/a_patrol_room,spotrobot1,room1/a_authorize_disinfect,uvdrobot1,spotrobot1"}"
[nurse_disinfect-3] [INFO] [1748569452.505740444] [nurse_disinfect]: And it is not for me
[nurse_disinfect-3] [INFO] [1748569452.506193423] [nurse_disinfect]: I heard: "{"performative": "query", "sender": "spotrobot1", "receiver": "nurse_disinfected1", "content": "Ready|a_authenticate_nurse"}"
[nurse_disinfect-3] [INFO] [1748569452.506521683] [nurse_disinfect]: And it is for me
[nurse_disinfect-3] [INFO] [1748569452.506836222] [nurse_disinfect]: No there yet
[nurse_disinfect-3] [INFO] [1748569452.507660484] [nurse_disinfect]: I heard: "{"performative": "request", "sender": "Coordinator", "receiver": "nurse_disinfected1", "content": "Plan|a_approach_nurse,spotrobot1,nurse_disinfected1/a_authenticate_nurse,spotrobot1,nurse_disinfected1/a_authorize_patrol,spotrobot1,nurse_disinfected1"}"
[nurse_disinfect-3] [INFO] [1748569452.508116920] [nurse_disinfect]: And it is for me
[nurse_disinfect-3] [INFO] [1748569452.509723428] [nurse_disinfect]: a_approach_nurse
[nurse_disinfect-3] [INFO] [1748569452.510160536] [nurse_disinfect]: a_authenticate_nurse
[nurse_disinfect-3] [INFO] [1748569452.510503931] [nurse_disinfect]: Doing a_authenticate_nurse
[nurse_disinfect-3] [INFO] [1748569452.510997754] [nurse_disinfect]: a_authenticate_nurse
[nurse_disinfect-3] [INFO] [1748569452.511412378] [nurse_disinfect]: Robot is waiting, send action message
[nurse_disinfect-3] [INFO] [1748569452.512116946] [nurse_disinfect]: I heard: "{"performative": "query", "sender": "nurse_disinfected1", "receiver": "spotrobot1", "content": "Done|a_authenticate_nurse"}"
[spotrobot-5] [INFO] [1748569452.512163897] [spotrobot]: I heard: "{"performative": "query", "sender": "nurse_disinfected1", "receiver": "spotrobot1", "content": "Done|a_authenticate_nurse"}"
[uvdrobot-4] [INFO] [1748569452.512258879] [uvdrobot]: I heard: "{"performative": "query", "sender": "nurse_disinfected1", "receiver": "spotrobot1", "content": "Done|a_authenticate_nurse"}"
[nurse_disinfect-3] [INFO] [1748569452.512442214] [nurse_disinfect]: And it is not for me
[uvdrobot-4] [INFO] [1748569452.512572266] [uvdrobot]: And it is not for me
[spotrobot-5] [INFO] [1748569452.512700858] [spotrobot]: And it is for me
[spotrobot-5] [INFO] [1748569452.512999730] [spotrobot]: Finished action
[uvdrobot-4] [INFO] [1748569452.513515292] [uvdrobot]: I heard: "{"performative": "query", "sender": "spotrobot1", "receiver": "nurse_disinfected1", "content": "Done|a_authenticate_nurse"}"
[spotrobot-5] [INFO] [1748569452.513524481] [spotrobot]: Doing a_authorize_patrol
[nurse_disinfect-3] [INFO] [1748569452.513840155] [nurse_disinfect]: I heard: "{"performative": "query", "sender": "spotrobot1", "receiver": "nurse_disinfected1", "content": "Done|a_authenticate_nurse"}"
[uvdrobot-4] [INFO] [1748569452.513884560] [uvdrobot]: And it is not for me
[spotrobot-5] [INFO] [1748569452.513954637] [spotrobot]: a_authorize_patrol
[nurse_disinfect-3] [INFO] [1748569452.514125441] [nurse_disinfect]: And it is for me
[spotrobot-5] [INFO] [1748569452.514297305] [spotrobot]: Here first, waiting for nurse
[nurse_disinfect-3] [INFO] [1748569452.514388107] [nurse_disinfect]: Finished action
[nurse_disinfect-3] [INFO] [1748569452.515025896] [nurse_disinfect]: a_authorize_patrol
[uvdrobot-4] [INFO] [1748569452.515069075] [uvdrobot]: I heard: "{"performative": "query", "sender": "spotrobot1", "receiver": "nurse_disinfected1", "content": "Ready|a_authorize_patrol"}"
[spotrobot-5] [INFO] [1748569452.515241358] [spotrobot]: I heard: "{"performative": "query", "sender": "spotrobot1", "receiver": "nurse_disinfected1", "content": "Done|a_authenticate_nurse"}"
[nurse_disinfect-3] [INFO] [1748569452.515329832] [nurse_disinfect]: Doing a_authorize_patrol
[uvdrobot-4] [INFO] [1748569452.515636587] [uvdrobot]: And it is not for me
[nurse_disinfect-3] [INFO] [1748569452.515649803] [nurse_disinfect]: a_authorize_patrol
[spotrobot-5] [INFO] [1748569452.515670342] [spotrobot]: And it is not for me
[nurse_disinfect-3] [INFO] [1748569452.515955975] [nurse_disinfect]: Here first, waiting for robot
[spotrobot-5] [INFO] [1748569452.516246317] [spotrobot]: I heard: "{"performative": "query", "sender": "spotrobot1", "receiver": "nurse_disinfected1", "content": "Ready|a_authorize_patrol"}"
[spotrobot-5] [INFO] [1748569452.516522975] [spotrobot]: And it is not for me
[uvdrobot-4] [INFO] [1748569452.516554252] [uvdrobot]: I heard: "{"performative": "query", "sender": "nurse_disinfected1", "receiver": "spotrobot1", "content": "Done|a_authenticate_nurse"}"
[nurse_disinfect-3] [INFO] [1748569452.516929116] [nurse_disinfect]: I heard: "{"performative": "query", "sender": "spotrobot1", "receiver": "nurse_disinfected1", "content": "Ready|a_authorize_patrol"}"
[uvdrobot-4] [INFO] [1748569452.517057971] [uvdrobot]: And it is not for me
[spotrobot-5] [INFO] [1748569452.517092618] [spotrobot]: I heard: "{"performative": "query", "sender": "nurse_disinfected1", "receiver": "spotrobot1", "content": "Done|a_authenticate_nurse"}"
[nurse_disinfect-3] [INFO] [1748569452.517292458] [nurse_disinfect]: And it is for me
[spotrobot-5] [INFO] [1748569452.517371580] [spotrobot]: And it is for me
[spotrobot-5] [INFO] [1748569452.517629289] [spotrobot]: Already finished action
[nurse_disinfect-3] [INFO] [1748569452.517682332] [nurse_disinfect]: Ready to act
[uvdrobot-4] [INFO] [1748569452.518107493] [uvdrobot]: I heard: "{"performative": "query", "sender": "nurse_disinfected1", "receiver": "spotrobot1", "content": "Ready|a_authorize_patrol"}"
[spotrobot-5] [INFO] [1748569452.518316582] [spotrobot]: I heard: "{"performative": "query", "sender": "nurse_disinfected1", "receiver": "spotrobot1", "content": "Ready|a_authorize_patrol"}"
[nurse_disinfect-3] [INFO] [1748569452.518434502] [nurse_disinfect]: I heard: "{"performative": "query", "sender": "nurse_disinfected1", "receiver": "spotrobot1", "content": "Done|a_authenticate_nurse"}"
[spotrobot-5] [INFO] [1748569452.518639119] [spotrobot]: And it is for me
[uvdrobot-4] [INFO] [1748569452.518657362] [uvdrobot]: And it is not for me
[nurse_disinfect-3] [INFO] [1748569452.518736676] [nurse_disinfect]: And it is not for me
[spotrobot-5] [INFO] [1748569452.519004601] [spotrobot]: Ready to act
[nurse_disinfect-3] [INFO] [1748569452.519348730] [nurse_disinfect]: I heard: "{"performative": "query", "sender": "nurse_disinfected1", "receiver": "spotrobot1", "content": "Ready|a_authorize_patrol"}"
[uvdrobot-4] [INFO] [1748569452.519621962] [uvdrobot]: I heard: "{"performative": "query", "sender": "nurse_disinfected1", "receiver": "spotrobot1", "content": "Done|a_authorize_patrol"}"
[nurse_disinfect-3] [INFO] [1748569452.519665903] [nurse_disinfect]: And it is not for me
[spotrobot-5] [INFO] [1748569452.519750525] [spotrobot]: I heard: "{"performative": "query", "sender": "nurse_disinfected1", "receiver": "spotrobot1", "content": "Done|a_authorize_patrol"}"
[spotrobot-5] [INFO] [1748569452.520027232] [spotrobot]: And it is for me
[uvdrobot-4] [INFO] [1748569452.520158091] [uvdrobot]: And it is not for me
[nurse_disinfect-3] [INFO] [1748569452.520260450] [nurse_disinfect]: I heard: "{"performative": "query", "sender": "nurse_disinfected1", "receiver": "spotrobot1", "content": "Done|a_authorize_patrol"}"
[spotrobot-5] [INFO] [1748569452.520364856] [spotrobot]: Finished action
[nurse_disinfect-3] [INFO] [1748569452.520735720] [nurse_disinfect]: And it is not for me
[spotrobot-5] [INFO] [1748569452.520839273] [spotrobot]: Doing a_patrol_room
[uvdrobot-4] [INFO] [1748569452.521098628] [uvdrobot]: I heard: "{"performative": "query", "sender": "spotrobot1", "receiver": "nurse_disinfected1", "content": "Done|a_authorize_patrol"}"
[spotrobot-5] [INFO] [1748569452.521261528] [spotrobot]: Wating for response
[nurse_disinfect-3] [INFO] [1748569452.521435689] [nurse_disinfect]: I heard: "{"performative": "query", "sender": "spotrobot1", "receiver": "nurse_disinfected1", "content": "Done|a_authorize_patrol"}"
[uvdrobot-4] [INFO] [1748569452.521653843] [uvdrobot]: And it is not for me
[nurse_disinfect-3] [INFO] [1748569452.521825224] [nurse_disinfect]: And it is for me
[spotrobot-5] [INFO] [1748569452.521833088] [spotrobot]: I heard: "{"performative": "query", "sender": "spotrobot1", "receiver": "nurse_disinfected1", "content": "Done|a_authorize_patrol"}"
[nurse_disinfect-3] [INFO] [1748569452.522244157] [nurse_disinfect]: Finished action
[spotrobot-5] [INFO] [1748569452.522267911] [spotrobot]: And it is not for me
[uvdrobot-4] [INFO] [1748569452.522571983] [uvdrobot]: I heard: "{"performative": "query", "sender": "spotrobot1", "receiver": "nurse_disinfected1", "content": "Done|a_authorize_patrol"}"
[spotrobot-5] [INFO] [1748569452.522859360] [spotrobot]: I heard: "{"performative": "query", "sender": "spotrobot1", "receiver": "nurse_disinfected1", "content": "Done|a_authorize_patrol"}"
[nurse_disinfect-3] [INFO] [1748569452.523076223] [nurse_disinfect]: I heard: "{"performative": "query", "sender": "spotrobot1", "receiver": "nurse_disinfected1", "content": "Done|a_authorize_patrol"}"
[uvdrobot-4] [INFO] [1748569452.523095126] [uvdrobot]: And it is not for me
[spotrobot-5] [INFO] [1748569452.523192074] [spotrobot]: And it is not for me
[nurse_disinfect-3] [INFO] [1748569452.523414941] [nurse_disinfect]: And it is for me
[nurse_disinfect-3] [INFO] [1748569452.523694359] [nurse_disinfect]: Already finished action
[spotrobot-5] [INFO] [1748569452.523704043] [spotrobot]: I heard: "{"performative": "query", "sender": "nurse_disinfected1", "receiver": "spotrobot1", "content": "Done|a_authorize_patrol"}"
[spotrobot-5] [INFO] [1748569452.523977138] [spotrobot]: And it is for me
[uvdrobot-4] [INFO] [1748569452.524080342] [uvdrobot]: I heard: "{"performative": "query", "sender": "nurse_disinfected1", "receiver": "spotrobot1", "content": "Done|a_authorize_patrol"}"
[nurse_disinfect-3] [INFO] [1748569452.524233799] [nurse_disinfect]: I heard: "{"performative": "query", "sender": "nurse_disinfected1", "receiver": "spotrobot1", "content": "Done|a_authorize_patrol"}"
[spotrobot-5] [INFO] [1748569452.524248316] [spotrobot]: Already finished action
[nurse_disinfect-3] [INFO] [1748569452.524509470] [nurse_disinfect]: And it is not for me
[uvdrobot-4] [INFO] [1748569452.524625331] [uvdrobot]: And it is not for me
[spotrobot-5] [INFO] [1748569452.524977401] [spotrobot]: dirty room
[uvdrobot-4] [INFO] [1748569452.527235615] [uvdrobot]: I heard: "{"performative": "request", "sender": "Coordinator", "receiver": "spotrobot1", "content": "Reset"}"
[spotrobot-5] [INFO] [1748569452.527328462] [spotrobot]: I heard: "{"performative": "request", "sender": "Coordinator", "receiver": "spotrobot1", "content": "Reset"}"
[nurse_disinfect-3] [INFO] [1748569452.527364451] [nurse_disinfect]: I heard: "{"performative": "request", "sender": "Coordinator", "receiver": "spotrobot1", "content": "Reset"}"
[uvdrobot-4] [INFO] [1748569452.527565646] [uvdrobot]: And it is not for me
[nurse_disinfect-3] [INFO] [1748569452.527653814] [nurse_disinfect]: And it is not for me
[spotrobot-5] [INFO] [1748569452.527670394] [spotrobot]: And it is for me
[uvdrobot-4] [INFO] [1748569452.528146473] [uvdrobot]: I heard: "{"performative": "request", "sender": "Coordinator", "receiver": "uvdrobot1", "content": "Reset"}"
[nurse_disinfect-3] [INFO] [1748569452.528301522] [nurse_disinfect]: I heard: "{"performative": "request", "sender": "Coordinator", "receiver": "uvdrobot1", "content": "Reset"}"
[spotrobot-5] [INFO] [1748569452.528385003] [spotrobot]: I heard: "{"performative": "request", "sender": "Coordinator", "receiver": "uvdrobot1", "content": "Reset"}"
[uvdrobot-4] [INFO] [1748569452.528434247] [uvdrobot]: And it is for me
[nurse_disinfect-3] [INFO] [1748569452.528647841] [nurse_disinfect]: And it is not for me
[spotrobot-5] [INFO] [1748569452.528680699] [spotrobot]: And it is not for me
[uvdrobot-4] [INFO] [1748569452.528948986] [uvdrobot]: I heard: "{"performative": "request", "sender": "Coordinator", "receiver": "nurse_disinfected1", "content": "Reset"}"
[spotrobot-5] [INFO] [1748569452.529049996] [spotrobot]: 
[nurse_disinfect-3] [INFO] [1748569452.529206202] [nurse_disinfect]: I heard: "{"performative": "request", "sender": "Coordinator", "receiver": "nurse_disinfected1", "content": "Reset"}"
[uvdrobot-4] [INFO] [1748569452.529223301] [uvdrobot]: And it is not for me
[nurse_disinfect-3] [INFO] [1748569452.529560016] [nurse_disinfect]: And it is for me
[uvdrobot-4] [INFO] [1748569452.529968645] [uvdrobot]: Recebido sinal de desligamento do coordenador, finalizando...
[spotrobot-5] [INFO] [1748569452.529993454] [spotrobot]: I heard: "{"performative": "request", "sender": "Coordinator", "receiver": "nurse_disinfected1", "content": "Reset"}"
[disinfect_planner-2] [INFO] [1748569452.530070775] [disinfect_planner]: Recebido sinal de desligamento do coordenador, finalizando...
[disinfect_environment-1] [INFO] [1748569452.530202989] [disinfect_environment]: Recebido sinal de desligamento do coordenador, finalizando...
[disinfect_planner-2] [INFO] [1748569452.530437041] [Quitting]: Done
[spotrobot-5] [INFO] [1748569452.530454092] [spotrobot]: And it is not for me
[nurse_disinfect-3] [INFO] [1748569452.530504650] [nurse_disinfect]: Recebido sinal de desligamento do coordenador, finalizando...
[uvdrobot-4] [INFO] [1748569452.530522726] [Quitting]: Done
[disinfect_environment-1] [INFO] [1748569452.530748307] [Quitting]: Done
[nurse_disinfect-3] [INFO] [1748569452.531066110] [Quitting]: Done
[spotrobot-5] [INFO] [1748569452.531447578] [spotrobot]: Recebido sinal de desligamento do coordenador, finalizando...
[spotrobot-5] [INFO] [1748569452.532086174] [Quitting]: Done
[INFO] [uvdrobot-4]: process has finished cleanly [pid 119839]
[INFO] [spotrobot-5]: process has finished cleanly [pid 119841]
[INFO] [disinfect_environment-1]: process has finished cleanly [pid 119833]
[INFO] [nurse_disinfect-3]: process has finished cleanly [pid 119837]
