[INFO] [launch]: All log files can be found below /home/rafael/.ros/log/2025-05-30-13-09-23-702882-NotebookRafael-39142
[INFO] [launch]: Default logging verbosity is set to INFO
[INFO] [disinfect_environment-1]: process started with pid [39145]
[INFO] [disinfect_planner-2]: process started with pid [39147]
[INFO] [nurse_disinfect-3]: process started with pid [39149]
[INFO] [uvdrobot-4]: process started with pid [39151]
[INFO] [spotrobot-5]: process started with pid [39153]
[disinfect_environment-1] [INFO] [1748621363.983006682] [disinfect_environment]: Starting Environment server
[disinfect_environment-1] [INFO] [1748621363.987387755] [disinfect_environment]: Environment server started
[disinfect_planner-2] [INFO] [1748621364.541754948] [disinfect_planner]: Starting Planner server
[disinfect_planner-2] [INFO] [1748621364.545951440] [disinfect_planner]: Planner server started
[disinfect_planner-2] [INFO] [1748621364.769286212] [disinfect_planner]: Creating plan for: spotrobot1 uvdrobot1 nurse_disinfected1
[disinfect_planner-2] [INFO] [1748621364.771422947] [disinfect_planner]: a_navto,spotrobot1,room1
[disinfect_planner-2] [INFO] [1748621364.771879678] [disinfect_planner]: a_open_door,spotrobot1,room1
[disinfect_planner-2] [INFO] [1748621364.772354306] [disinfect_planner]: a_approach_nurse,spotrobot1,nurse_disinfected1
[disinfect_planner-2] [INFO] [1748621364.772785064] [disinfect_planner]: a_authenticate_nurse,spotrobot1,nurse_disinfected1
[disinfect_planner-2] [INFO] [1748621364.773206741] [disinfect_planner]: a_authorize_patrol,spotrobot1,nurse_disinfected1
[disinfect_planner-2] [INFO] [1748621364.773659713] [disinfect_planner]: a_patrol_room,spotrobot1,room1
[disinfect_planner-2] [INFO] [1748621364.774169263] [disinfect_planner]: a_authorize_disinfect,uvdrobot1,spotrobot1
[disinfect_planner-2] [INFO] [1748621364.774594945] [disinfect_planner]: a_navto,uvdrobot1,room1
[disinfect_planner-2] [INFO] [1748621364.775032009] [disinfect_planner]: a_disinfect_room,uvdrobot1,room1
[disinfect_planner-2] [INFO] [1748621364.775558945] [disinfect_planner]: Sending response
[uvdrobot-4] [INFO] [1748621364.777407989] [uvdrobot]: response.response uvdrobot1
[spotrobot-5] [INFO] [1748621364.777444062] [spotrobot]: response.response spotrobot1
[spotrobot-5] [INFO] [1748621364.777781615] [spotrobot]: My name is spotrobot1
[uvdrobot-4] [INFO] [1748621364.777954497] [uvdrobot]: My name is uvdrobot1
[spotrobot-5] [INFO] [1748621364.778448380] [spotrobot]: I heard: "{"performative": "request", "sender": "Coordinator", "receiver": "uvdrobot1", "content": "Plan|a_authorize_disinfect,uvdrobot1,spotrobot1/a_navto,uvdrobot1,room1/a_disinfect_room,uvdrobot1,room1"}"
[uvdrobot-4] [INFO] [1748621364.778644527] [uvdrobot]: I heard: "{"performative": "request", "sender": "Coordinator", "receiver": "uvdrobot1", "content": "Plan|a_authorize_disinfect,uvdrobot1,spotrobot1/a_navto,uvdrobot1,room1/a_disinfect_room,uvdrobot1,room1"}"
[spotrobot-5] [INFO] [1748621364.778792477] [spotrobot]: And it is not for me
[uvdrobot-4] [INFO] [1748621364.778981427] [uvdrobot]: And it is for me
[uvdrobot-4] [INFO] [1748621364.779403388] [uvdrobot]: Doing a_authorize_disinfect
[spotrobot-5] [INFO] [1748621364.779403337] [spotrobot]: I heard: "{"performative": "request", "sender": "Coordinator", "receiver": "spotrobot1", "content": "Plan|a_navto,spotrobot1,room1/a_open_door,spotrobot1,room1/a_approach_nurse,spotrobot1,nurse_disinfected1/a_authenticate_nurse,spotrobot1,nurse_disinfected1/a_authorize_patrol,spotrobot1,nurse_disinfected1/a_patrol_room,spotrobot1,room1/a_authorize_disinfect,uvdrobot1,spotrobot1"}"
[nurse_disinfect-3] [INFO] [1748621364.779627206] [nurse_disinfect]: response.response nurse_disinfected1
[uvdrobot-4] [INFO] [1748621364.779723159] [uvdrobot]: a_authorize_disinfect
[spotrobot-5] [INFO] [1748621364.779776049] [spotrobot]: And it is for me
[uvdrobot-4] [INFO] [1748621364.779972442] [uvdrobot]: Here first, waiting for spotrobot
[nurse_disinfect-3] [INFO] [1748621364.780298052] [nurse_disinfect]: My name is nurse_disinfected1
[spotrobot-5] [INFO] [1748621364.780310247] [spotrobot]: Doing a_navto
[uvdrobot-4] [INFO] [1748621364.780700510] [uvdrobot]: I heard: "{"performative": "request", "sender": "Coordinator", "receiver": "spotrobot1", "content": "Plan|a_navto,spotrobot1,room1/a_open_door,spotrobot1,room1/a_approach_nurse,spotrobot1,nurse_disinfected1/a_authenticate_nurse,spotrobot1,nurse_disinfected1/a_authorize_patrol,spotrobot1,nurse_disinfected1/a_patrol_room,spotrobot1,room1/a_authorize_disinfect,uvdrobot1,spotrobot1"}"
[uvdrobot-4] [INFO] [1748621364.780967623] [uvdrobot]: And it is not for me
[spotrobot-5] [INFO] [1748621364.781016470] [spotrobot]: Wating for response
[uvdrobot-4] [INFO] [1748621364.781320668] [uvdrobot]: I heard: "{"performative": "query", "sender": "uvdrobot1", "receiver": "spotrobot1", "content": "Ready|a_authorize_disinfect"}"
[spotrobot-5] [INFO] [1748621364.781563224] [spotrobot]: I heard: "{"performative": "request", "sender": "Coordinator", "receiver": "nurse_disinfected1", "content": "Plan|a_approach_nurse,spotrobot1,nurse_disinfected1/a_authenticate_nurse,spotrobot1,nurse_disinfected1/a_authorize_patrol,spotrobot1,nurse_disinfected1"}"
[uvdrobot-4] [INFO] [1748621364.781622457] [uvdrobot]: And it is not for me
[spotrobot-5] [INFO] [1748621364.781828784] [spotrobot]: And it is not for me
[spotrobot-5] [INFO] [1748621364.782200966] [spotrobot]: I heard: "{"performative": "query", "sender": "uvdrobot1", "receiver": "spotrobot1", "content": "Ready|a_authorize_disinfect"}"
[uvdrobot-4] [INFO] [1748621364.782208413] [uvdrobot]: I heard: "{"performative": "request", "sender": "Coordinator", "receiver": "nurse_disinfected1", "content": "Plan|a_approach_nurse,spotrobot1,nurse_disinfected1/a_authenticate_nurse,spotrobot1,nurse_disinfected1/a_authorize_patrol,spotrobot1,nurse_disinfected1"}"
[uvdrobot-4] [INFO] [1748621364.782472629] [uvdrobot]: And it is not for me
[spotrobot-5] [INFO] [1748621364.782478154] [spotrobot]: And it is for me
[spotrobot-5] [INFO] [1748621364.782998679] [spotrobot]: No there yet
[spotrobot-5] [INFO] [1748621364.784000280] [spotrobot]: success
[spotrobot-5] [INFO] [1748621364.784325240] [spotrobot]: Doing a_open_door
[spotrobot-5] [INFO] [1748621364.784782492] [spotrobot]: Wating for response
[spotrobot-5] [INFO] [1748621364.785811070] [spotrobot]: success
[spotrobot-5] [INFO] [1748621364.786154475] [spotrobot]: Doing a_approach_nurse
[spotrobot-5] [INFO] [1748621364.786614975] [spotrobot]: Wating for response
[spotrobot-5] [INFO] [1748621364.787400407] [spotrobot]: success
[spotrobot-5] [INFO] [1748621364.787822377] [spotrobot]: Doing a_authenticate_nurse
[spotrobot-5] [INFO] [1748621364.788204634] [spotrobot]: a_authenticate_nurse
[spotrobot-5] [INFO] [1748621364.788544280] [spotrobot]: Here first, waiting for nurse
[uvdrobot-4] [INFO] [1748621364.789171370] [uvdrobot]: I heard: "{"performative": "query", "sender": "spotrobot1", "receiver": "nurse_disinfected1", "content": "Ready|a_authenticate_nurse"}"
[spotrobot-5] [INFO] [1748621364.789232512] [spotrobot]: I heard: "{"performative": "query", "sender": "spotrobot1", "receiver": "nurse_disinfected1", "content": "Ready|a_authenticate_nurse"}"
[spotrobot-5] [INFO] [1748621364.789500591] [spotrobot]: And it is not for me
[uvdrobot-4] [INFO] [1748621364.789525579] [uvdrobot]: And it is not for me
[nurse_disinfect-3] [INFO] [1748621365.782343387] [nurse_disinfect]: I heard: "{"performative": "request", "sender": "Coordinator", "receiver": "uvdrobot1", "content": "Plan|a_authorize_disinfect,uvdrobot1,spotrobot1/a_navto,uvdrobot1,room1/a_disinfect_room,uvdrobot1,room1"}"
[nurse_disinfect-3] [INFO] [1748621365.782835514] [nurse_disinfect]: And it is not for me
[nurse_disinfect-3] [INFO] [1748621365.783344855] [nurse_disinfect]: I heard: "{"performative": "query", "sender": "uvdrobot1", "receiver": "spotrobot1", "content": "Ready|a_authorize_disinfect"}"
[nurse_disinfect-3] [INFO] [1748621365.783845750] [nurse_disinfect]: And it is not for me
[nurse_disinfect-3] [INFO] [1748621365.784483237] [nurse_disinfect]: I heard: "{"performative": "request", "sender": "Coordinator", "receiver": "spotrobot1", "content": "Plan|a_navto,spotrobot1,room1/a_open_door,spotrobot1,room1/a_approach_nurse,spotrobot1,nurse_disinfected1/a_authenticate_nurse,spotrobot1,nurse_disinfected1/a_authorize_patrol,spotrobot1,nurse_disinfected1/a_patrol_room,spotrobot1,room1/a_authorize_disinfect,uvdrobot1,spotrobot1"}"
[nurse_disinfect-3] [INFO] [1748621365.784952723] [nurse_disinfect]: And it is not for me
[nurse_disinfect-3] [INFO] [1748621365.785465294] [nurse_disinfect]: I heard: "{"performative": "query", "sender": "spotrobot1", "receiver": "nurse_disinfected1", "content": "Ready|a_authenticate_nurse"}"
[nurse_disinfect-3] [INFO] [1748621365.786035228] [nurse_disinfect]: And it is for me
[nurse_disinfect-3] [INFO] [1748621365.786493806] [nurse_disinfect]: No there yet
[nurse_disinfect-3] [INFO] [1748621365.787482576] [nurse_disinfect]: I heard: "{"performative": "request", "sender": "Coordinator", "receiver": "nurse_disinfected1", "content": "Plan|a_approach_nurse,spotrobot1,nurse_disinfected1/a_authenticate_nurse,spotrobot1,nurse_disinfected1/a_authorize_patrol,spotrobot1,nurse_disinfected1"}"
[nurse_disinfect-3] [INFO] [1748621365.787848016] [nurse_disinfect]: And it is for me
[nurse_disinfect-3] [INFO] [1748621365.789025515] [nurse_disinfect]: a_approach_nurse
[nurse_disinfect-3] [INFO] [1748621365.789382064] [nurse_disinfect]: a_authenticate_nurse
[nurse_disinfect-3] [INFO] [1748621365.789856606] [nurse_disinfect]: Doing a_authenticate_nurse
[nurse_disinfect-3] [INFO] [1748621365.790351839] [nurse_disinfect]: a_authenticate_nurse
[nurse_disinfect-3] [INFO] [1748621365.790697962] [nurse_disinfect]: Robot is waiting, send action message
[spotrobot-5] [INFO] [1748621365.791597294] [spotrobot]: I heard: "{"performative": "query", "sender": "nurse_disinfected1", "receiver": "spotrobot1", "content": "Done|a_authenticate_nurse"}"
[nurse_disinfect-3] [INFO] [1748621365.791766866] [nurse_disinfect]: I heard: "{"performative": "query", "sender": "nurse_disinfected1", "receiver": "spotrobot1", "content": "Done|a_authenticate_nurse"}"
[uvdrobot-4] [INFO] [1748621365.792020521] [uvdrobot]: I heard: "{"performative": "query", "sender": "nurse_disinfected1", "receiver": "spotrobot1", "content": "Done|a_authenticate_nurse"}"
[spotrobot-5] [INFO] [1748621365.792026925] [spotrobot]: And it is for me
[nurse_disinfect-3] [INFO] [1748621365.792314482] [nurse_disinfect]: And it is not for me
[spotrobot-5] [INFO] [1748621365.792394874] [spotrobot]: Finished action
[uvdrobot-4] [INFO] [1748621365.792589262] [uvdrobot]: And it is not for me
[spotrobot-5] [INFO] [1748621365.793039946] [spotrobot]: Doing a_authorize_patrol
[nurse_disinfect-3] [INFO] [1748621365.793089630] [nurse_disinfect]: I heard: "{"performative": "query", "sender": "spotrobot1", "receiver": "nurse_disinfected1", "content": "Done|a_authenticate_nurse"}"
[spotrobot-5] [INFO] [1748621365.793532773] [spotrobot]: a_authorize_patrol
[uvdrobot-4] [INFO] [1748621365.793536748] [uvdrobot]: I heard: "{"performative": "query", "sender": "spotrobot1", "receiver": "nurse_disinfected1", "content": "Done|a_authenticate_nurse"}"
[nurse_disinfect-3] [INFO] [1748621365.793738810] [nurse_disinfect]: And it is for me
[uvdrobot-4] [INFO] [1748621365.793973509] [uvdrobot]: And it is not for me
[spotrobot-5] [INFO] [1748621365.794112868] [spotrobot]: Here first, waiting for nurse
[nurse_disinfect-3] [INFO] [1748621365.794347284] [nurse_disinfect]: Finished action
[uvdrobot-4] [INFO] [1748621365.794891091] [uvdrobot]: I heard: "{"performative": "query", "sender": "spotrobot1", "receiver": "nurse_disinfected1", "content": "Ready|a_authorize_patrol"}"
[nurse_disinfect-3] [INFO] [1748621365.795059320] [nurse_disinfect]: a_authorize_patrol
[spotrobot-5] [INFO] [1748621365.795186358] [spotrobot]: I heard: "{"performative": "query", "sender": "spotrobot1", "receiver": "nurse_disinfected1", "content": "Done|a_authenticate_nurse"}"
[uvdrobot-4] [INFO] [1748621365.795398567] [uvdrobot]: And it is not for me
[nurse_disinfect-3] [INFO] [1748621365.795542044] [nurse_disinfect]: Doing a_authorize_patrol
[spotrobot-5] [INFO] [1748621365.795765610] [spotrobot]: And it is not for me
[nurse_disinfect-3] [INFO] [1748621365.796073951] [nurse_disinfect]: a_authorize_patrol
[uvdrobot-4] [INFO] [1748621365.796306131] [uvdrobot]: I heard: "{"performative": "query", "sender": "nurse_disinfected1", "receiver": "spotrobot1", "content": "Done|a_authenticate_nurse"}"
[nurse_disinfect-3] [INFO] [1748621365.796553626] [nurse_disinfect]: Here first, waiting for robot
[spotrobot-5] [INFO] [1748621365.796756899] [spotrobot]: I heard: "{"performative": "query", "sender": "spotrobot1", "receiver": "nurse_disinfected1", "content": "Ready|a_authorize_patrol"}"
[uvdrobot-4] [INFO] [1748621365.797011645] [uvdrobot]: And it is not for me
[spotrobot-5] [INFO] [1748621365.797275435] [spotrobot]: And it is not for me
[uvdrobot-4] [INFO] [1748621365.797667862] [uvdrobot]: I heard: "{"performative": "query", "sender": "nurse_disinfected1", "receiver": "spotrobot1", "content": "Ready|a_authorize_patrol"}"
[nurse_disinfect-3] [INFO] [1748621365.797735480] [nurse_disinfect]: I heard: "{"performative": "query", "sender": "spotrobot1", "receiver": "nurse_disinfected1", "content": "Ready|a_authorize_patrol"}"
[uvdrobot-4] [INFO] [1748621365.798003796] [uvdrobot]: And it is not for me
[nurse_disinfect-3] [INFO] [1748621365.798088932] [nurse_disinfect]: And it is for me
[spotrobot-5] [INFO] [1748621365.798331910] [spotrobot]: I heard: "{"performative": "query", "sender": "nurse_disinfected1", "receiver": "spotrobot1", "content": "Done|a_authenticate_nurse"}"
[nurse_disinfect-3] [INFO] [1748621365.798420909] [nurse_disinfect]: Ready to act
[spotrobot-5] [INFO] [1748621365.798855587] [spotrobot]: And it is for me
[nurse_disinfect-3] [INFO] [1748621365.799279233] [nurse_disinfect]: I heard: "{"performative": "query", "sender": "nurse_disinfected1", "receiver": "spotrobot1", "content": "Done|a_authenticate_nurse"}"
[uvdrobot-4] [INFO] [1748621365.799364370] [uvdrobot]: I heard: "{"performative": "query", "sender": "nurse_disinfected1", "receiver": "spotrobot1", "content": "Done|a_authorize_patrol"}"
[spotrobot-5] [INFO] [1748621365.799376084] [spotrobot]: Already finished action
[nurse_disinfect-3] [INFO] [1748621365.799897213] [nurse_disinfect]: And it is not for me
[uvdrobot-4] [INFO] [1748621365.799877797] [uvdrobot]: And it is not for me
[spotrobot-5] [INFO] [1748621365.800332979] [spotrobot]: I heard: "{"performative": "query", "sender": "nurse_disinfected1", "receiver": "spotrobot1", "content": "Ready|a_authorize_patrol"}"
[nurse_disinfect-3] [INFO] [1748621365.800754156] [nurse_disinfect]: I heard: "{"performative": "query", "sender": "nurse_disinfected1", "receiver": "spotrobot1", "content": "Ready|a_authorize_patrol"}"
[spotrobot-5] [INFO] [1748621365.800803668] [spotrobot]: And it is for me
[nurse_disinfect-3] [INFO] [1748621365.801098035] [nurse_disinfect]: And it is not for me
[spotrobot-5] [INFO] [1748621365.801371860] [spotrobot]: Ready to act
[nurse_disinfect-3] [INFO] [1748621365.801858478] [nurse_disinfect]: I heard: "{"performative": "query", "sender": "nurse_disinfected1", "receiver": "spotrobot1", "content": "Done|a_authorize_patrol"}"
[uvdrobot-4] [INFO] [1748621365.802068956] [uvdrobot]: I heard: "{"performative": "query", "sender": "spotrobot1", "receiver": "nurse_disinfected1", "content": "Done|a_authorize_patrol"}"
[nurse_disinfect-3] [INFO] [1748621365.802231663] [nurse_disinfect]: And it is not for me
[uvdrobot-4] [INFO] [1748621365.802359913] [uvdrobot]: And it is not for me
[spotrobot-5] [INFO] [1748621365.802507410] [spotrobot]: I heard: "{"performative": "query", "sender": "nurse_disinfected1", "receiver": "spotrobot1", "content": "Done|a_authorize_patrol"}"
[nurse_disinfect-3] [INFO] [1748621365.803065690] [nurse_disinfect]: I heard: "{"performative": "query", "sender": "spotrobot1", "receiver": "nurse_disinfected1", "content": "Done|a_authorize_patrol"}"
[spotrobot-5] [INFO] [1748621365.803091359] [spotrobot]: And it is for me
[nurse_disinfect-3] [INFO] [1748621365.803397648] [nurse_disinfect]: And it is for me
[spotrobot-5] [INFO] [1748621365.803617527] [spotrobot]: Finished action
[nurse_disinfect-3] [INFO] [1748621365.803660178] [nurse_disinfect]: Finished action
[spotrobot-5] [INFO] [1748621365.804397135] [spotrobot]: Doing a_patrol_room
[uvdrobot-4] [INFO] [1748621365.804460295] [uvdrobot]: I heard: "{"performative": "query", "sender": "spotrobot1", "receiver": "nurse_disinfected1", "content": "Done|a_authorize_patrol"}"
[nurse_disinfect-3] [INFO] [1748621365.804604595] [nurse_disinfect]: I heard: "{"performative": "query", "sender": "spotrobot1", "receiver": "nurse_disinfected1", "content": "Done|a_authorize_patrol"}"
[uvdrobot-4] [INFO] [1748621365.804961304] [uvdrobot]: And it is not for me
[nurse_disinfect-3] [INFO] [1748621365.805110575] [nurse_disinfect]: And it is for me
[spotrobot-5] [INFO] [1748621365.805194346] [spotrobot]: Wating for response
[nurse_disinfect-3] [INFO] [1748621365.805437088] [nurse_disinfect]: Already finished action
[uvdrobot-4] [INFO] [1748621365.805651742] [uvdrobot]: I heard: "{"performative": "query", "sender": "nurse_disinfected1", "receiver": "spotrobot1", "content": "Done|a_authorize_patrol"}"
[uvdrobot-4] [INFO] [1748621365.806024151] [uvdrobot]: And it is not for me
[spotrobot-5] [INFO] [1748621365.806074724] [spotrobot]: I heard: "{"performative": "query", "sender": "spotrobot1", "receiver": "nurse_disinfected1", "content": "Done|a_authorize_patrol"}"
[nurse_disinfect-3] [INFO] [1748621365.806203537] [nurse_disinfect]: I heard: "{"performative": "query", "sender": "nurse_disinfected1", "receiver": "spotrobot1", "content": "Done|a_authorize_patrol"}"
[spotrobot-5] [INFO] [1748621365.806639157] [spotrobot]: And it is not for me
[nurse_disinfect-3] [INFO] [1748621365.806653811] [nurse_disinfect]: And it is not for me
[spotrobot-5] [INFO] [1748621365.807653361] [spotrobot]: I heard: "{"performative": "query", "sender": "spotrobot1", "receiver": "nurse_disinfected1", "content": "Done|a_authorize_patrol"}"
[spotrobot-5] [INFO] [1748621365.808233152] [spotrobot]: And it is not for me
[spotrobot-5] [INFO] [1748621365.809190571] [spotrobot]: I heard: "{"performative": "query", "sender": "nurse_disinfected1", "receiver": "spotrobot1", "content": "Done|a_authorize_patrol"}"
[spotrobot-5] [INFO] [1748621365.809745648] [spotrobot]: And it is for me
[spotrobot-5] [INFO] [1748621365.810361763] [spotrobot]: Already finished action
[spotrobot-5] [INFO] [1748621365.812276060] [spotrobot]: dirty room
[uvdrobot-4] [INFO] [1748621365.814931886] [uvdrobot]: I heard: "{"performative": "request", "sender": "Coordinator", "receiver": "spotrobot1", "content": "Reset"}"
[spotrobot-5] [INFO] [1748621365.814934603] [spotrobot]: I heard: "{"performative": "request", "sender": "Coordinator", "receiver": "spotrobot1", "content": "Reset"}"
[nurse_disinfect-3] [INFO] [1748621365.815062685] [nurse_disinfect]: I heard: "{"performative": "request", "sender": "Coordinator", "receiver": "spotrobot1", "content": "Reset"}"
[nurse_disinfect-3] [INFO] [1748621365.815515449] [nurse_disinfect]: And it is not for me
[spotrobot-5] [INFO] [1748621365.815556569] [spotrobot]: And it is for me
[uvdrobot-4] [INFO] [1748621365.815573524] [uvdrobot]: And it is not for me
[nurse_disinfect-3] [INFO] [1748621365.816183805] [nurse_disinfect]: I heard: "{"performative": "request", "sender": "Coordinator", "receiver": "uvdrobot1", "content": "Reset"}"
[spotrobot-5] [INFO] [1748621365.816397215] [spotrobot]: I heard: "{"performative": "request", "sender": "Coordinator", "receiver": "uvdrobot1", "content": "Reset"}"
[nurse_disinfect-3] [INFO] [1748621365.816472876] [nurse_disinfect]: And it is not for me
[uvdrobot-4] [INFO] [1748621365.816503254] [uvdrobot]: I heard: "{"performative": "request", "sender": "Coordinator", "receiver": "uvdrobot1", "content": "Reset"}"
[uvdrobot-4] [INFO] [1748621365.816866384] [uvdrobot]: And it is for me
[spotrobot-5] [INFO] [1748621365.816877969] [spotrobot]: And it is not for me
[nurse_disinfect-3] [INFO] [1748621365.817064665] [nurse_disinfect]: I heard: "{"performative": "request", "sender": "Coordinator", "receiver": "nurse_disinfected1", "content": "Reset"}"
[nurse_disinfect-3] [INFO] [1748621365.817338672] [nurse_disinfect]: And it is for me
[uvdrobot-4] [INFO] [1748621365.817413308] [uvdrobot]: I heard: "{"performative": "request", "sender": "Coordinator", "receiver": "nurse_disinfected1", "content": "Reset"}"
[spotrobot-5] [INFO] [1748621365.817495779] [spotrobot]: 
[uvdrobot-4] [INFO] [1748621365.817792923] [uvdrobot]: And it is not for me
[spotrobot-5] [INFO] [1748621365.818389518] [spotrobot]: I heard: "{"performative": "request", "sender": "Coordinator", "receiver": "nurse_disinfected1", "content": "Reset"}"
[spotrobot-5] [INFO] [1748621365.818899484] [spotrobot]: And it is not for me
[disinfect_planner-2] [INFO] [1748621365.819832075] [disinfect_planner]: Creating plan for: spotrobot1 uvdrobot1 nurse_disinfected1
[disinfect_planner-2] [INFO] [1748621365.820694206] [disinfect_planner]: a_navto,spotrobot1,room1
[disinfect_planner-2] [INFO] [1748621365.821015217] [disinfect_planner]: a_approach_nurse,spotrobot1,nurse_disinfected1
[disinfect_planner-2] [INFO] [1748621365.821327791] [disinfect_planner]: a_authenticate_nurse,spotrobot1,nurse_disinfected1
[disinfect_planner-2] [INFO] [1748621365.821636899] [disinfect_planner]: a_clean_room,nurse_disinfected1,room1
[disinfect_planner-2] [INFO] [1748621365.821967730] [disinfect_planner]: a_authorize_patrol,spotrobot1,nurse_disinfected1
[disinfect_planner-2] [INFO] [1748621365.822278155] [disinfect_planner]: a_patrol_room,spotrobot1,room1
[disinfect_planner-2] [INFO] [1748621365.822580369] [disinfect_planner]: a_authorize_disinfect,uvdrobot1,spotrobot1
[disinfect_planner-2] [INFO] [1748621365.822918207] [disinfect_planner]: a_navto,uvdrobot1,room1
[disinfect_planner-2] [INFO] [1748621365.823255060] [disinfect_planner]: a_disinfect_room,uvdrobot1,room1
[disinfect_planner-2] [INFO] [1748621365.823564585] [disinfect_planner]: Sending response
[nurse_disinfect-3] [INFO] [1748621365.825814588] [nurse_disinfect]: I heard: "{"performative": "request", "sender": "Coordinator", "receiver": "spotrobot1", "content": "Plan|a_navto,spotrobot1,room1/a_approach_nurse,spotrobot1,nurse_disinfected1/a_authenticate_nurse,spotrobot1,nurse_disinfected1/a_authorize_patrol,spotrobot1,nurse_disinfected1/a_patrol_room,spotrobot1,room1/a_authorize_disinfect,uvdrobot1,spotrobot1"}"
[spotrobot-5] [INFO] [1748621365.825856881] [spotrobot]: I heard: "{"performative": "request", "sender": "Coordinator", "receiver": "spotrobot1", "content": "Plan|a_navto,spotrobot1,room1/a_approach_nurse,spotrobot1,nurse_disinfected1/a_authenticate_nurse,spotrobot1,nurse_disinfected1/a_authorize_patrol,spotrobot1,nurse_disinfected1/a_patrol_room,spotrobot1,room1/a_authorize_disinfect,uvdrobot1,spotrobot1"}"
[uvdrobot-4] [INFO] [1748621365.826007262] [uvdrobot]: I heard: "{"performative": "request", "sender": "Coordinator", "receiver": "spotrobot1", "content": "Plan|a_navto,spotrobot1,room1/a_approach_nurse,spotrobot1,nurse_disinfected1/a_authenticate_nurse,spotrobot1,nurse_disinfected1/a_authorize_patrol,spotrobot1,nurse_disinfected1/a_patrol_room,spotrobot1,room1/a_authorize_disinfect,uvdrobot1,spotrobot1"}"
[nurse_disinfect-3] [INFO] [1748621365.826191770] [nurse_disinfect]: And it is not for me
[spotrobot-5] [INFO] [1748621365.826391827] [spotrobot]: And it is for me
[uvdrobot-4] [INFO] [1748621365.826415796] [uvdrobot]: And it is not for me
[nurse_disinfect-3] [INFO] [1748621365.826759640] [nurse_disinfect]: I heard: "{"performative": "request", "sender": "Coordinator", "receiver": "uvdrobot1", "content": "Plan|a_authorize_disinfect,uvdrobot1,spotrobot1/a_navto,uvdrobot1,room1/a_disinfect_room,uvdrobot1,room1"}"
[spotrobot-5] [INFO] [1748621365.826915855] [spotrobot]: Doing a_navto
[nurse_disinfect-3] [INFO] [1748621365.827044091] [nurse_disinfect]: And it is not for me
[uvdrobot-4] [INFO] [1748621365.827237049] [uvdrobot]: I heard: "{"performative": "request", "sender": "Coordinator", "receiver": "uvdrobot1", "content": "Plan|a_authorize_disinfect,uvdrobot1,spotrobot1/a_navto,uvdrobot1,room1/a_disinfect_room,uvdrobot1,room1"}"
[spotrobot-5] [INFO] [1748621365.827532370] [spotrobot]: Wating for response
[uvdrobot-4] [INFO] [1748621365.827649361] [uvdrobot]: And it is for me
[nurse_disinfect-3] [INFO] [1748621365.827756554] [nurse_disinfect]: I heard: "{"performative": "request", "sender": "Coordinator", "receiver": "nurse_disinfected1", "content": "Plan|a_approach_nurse,spotrobot1,nurse_disinfected1/a_authenticate_nurse,spotrobot1,nurse_disinfected1/a_clean_room,nurse_disinfected1,room1/a_authorize_patrol,spotrobot1,nurse_disinfected1"}"
[uvdrobot-4] [INFO] [1748621365.828038104] [uvdrobot]: Doing a_authorize_disinfect
[nurse_disinfect-3] [INFO] [1748621365.828259381] [nurse_disinfect]: And it is for me
[spotrobot-5] [INFO] [1748621365.828373878] [spotrobot]: I heard: "{"performative": "request", "sender": "Coordinator", "receiver": "uvdrobot1", "content": "Plan|a_authorize_disinfect,uvdrobot1,spotrobot1/a_navto,uvdrobot1,room1/a_disinfect_room,uvdrobot1,room1"}"
[uvdrobot-4] [INFO] [1748621365.828551773] [uvdrobot]: a_authorize_disinfect
[nurse_disinfect-3] [INFO] [1748621365.828730231] [nurse_disinfect]: a_approach_nurse
[spotrobot-5] [INFO] [1748621365.828820648] [spotrobot]: And it is not for me
[uvdrobot-4] [INFO] [1748621365.829063151] [uvdrobot]: Here first, waiting for spotrobot
[nurse_disinfect-3] [INFO] [1748621365.829286359] [nurse_disinfect]: a_authenticate_nurse
[spotrobot-5] [INFO] [1748621365.829636030] [spotrobot]: I heard: "{"performative": "request", "sender": "Coordinator", "receiver": "nurse_disinfected1", "content": "Plan|a_approach_nurse,spotrobot1,nurse_disinfected1/a_authenticate_nurse,spotrobot1,nurse_disinfected1/a_clean_room,nurse_disinfected1,room1/a_authorize_patrol,spotrobot1,nurse_disinfected1"}"
[nurse_disinfect-3] [INFO] [1748621365.829715261] [nurse_disinfect]: Doing a_authenticate_nurse
[uvdrobot-4] [INFO] [1748621365.830093490] [uvdrobot]: I heard: "{"performative": "request", "sender": "Coordinator", "receiver": "nurse_disinfected1", "content": "Plan|a_approach_nurse,spotrobot1,nurse_disinfected1/a_authenticate_nurse,spotrobot1,nurse_disinfected1/a_clean_room,nurse_disinfected1,room1/a_authorize_patrol,spotrobot1,nurse_disinfected1"}"
[nurse_disinfect-3] [INFO] [1748621365.830143774] [nurse_disinfect]: a_authenticate_nurse
[spotrobot-5] [INFO] [1748621365.830214197] [spotrobot]: And it is not for me
[uvdrobot-4] [INFO] [1748621365.830584377] [uvdrobot]: And it is not for me
[nurse_disinfect-3] [INFO] [1748621365.830659252] [nurse_disinfect]: Here first, waiting for robot
[spotrobot-5] [INFO] [1748621365.830900411] [spotrobot]: success
[uvdrobot-4] [INFO] [1748621365.831198825] [uvdrobot]: I heard: "{"performative": "query", "sender": "uvdrobot1", "receiver": "spotrobot1", "content": "Ready|a_authorize_disinfect"}"
[spotrobot-5] [INFO] [1748621365.831437270] [spotrobot]: Doing a_approach_nurse
[uvdrobot-4] [INFO] [1748621365.831489081] [uvdrobot]: And it is not for me
[nurse_disinfect-3] [INFO] [1748621365.831784292] [nurse_disinfect]: I heard: "{"performative": "query", "sender": "uvdrobot1", "receiver": "spotrobot1", "content": "Ready|a_authorize_disinfect"}"
[spotrobot-5] [INFO] [1748621365.832049910] [spotrobot]: Wating for response
[nurse_disinfect-3] [INFO] [1748621365.832311123] [nurse_disinfect]: And it is not for me
[uvdrobot-4] [INFO] [1748621365.832483788] [uvdrobot]: I heard: "{"performative": "query", "sender": "nurse_disinfected1", "receiver": "spotrobot1", "content": "Ready|a_authenticate_nurse"}"
[spotrobot-5] [INFO] [1748621365.832898793] [spotrobot]: I heard: "{"performative": "query", "sender": "uvdrobot1", "receiver": "spotrobot1", "content": "Ready|a_authorize_disinfect"}"
[uvdrobot-4] [INFO] [1748621365.833061108] [uvdrobot]: And it is not for me
[nurse_disinfect-3] [INFO] [1748621365.833336643] [nurse_disinfect]: I heard: "{"performative": "query", "sender": "nurse_disinfected1", "receiver": "spotrobot1", "content": "Ready|a_authenticate_nurse"}"
[spotrobot-5] [INFO] [1748621365.833418646] [spotrobot]: And it is for me
[spotrobot-5] [INFO] [1748621365.833863844] [spotrobot]: No there yet
[nurse_disinfect-3] [INFO] [1748621365.833887677] [nurse_disinfect]: And it is not for me
[spotrobot-5] [INFO] [1748621365.834849802] [spotrobot]: I heard: "{"performative": "query", "sender": "nurse_disinfected1", "receiver": "spotrobot1", "content": "Ready|a_authenticate_nurse"}"
[spotrobot-5] [INFO] [1748621365.835370752] [spotrobot]: And it is for me
[spotrobot-5] [INFO] [1748621365.835859594] [spotrobot]: No there yet
[spotrobot-5] [INFO] [1748621365.837105402] [spotrobot]: success
[spotrobot-5] [INFO] [1748621365.837796701] [spotrobot]: Doing a_authenticate_nurse
[spotrobot-5] [INFO] [1748621365.838301091] [spotrobot]: a_authenticate_nurse
[spotrobot-5] [INFO] [1748621365.838836652] [spotrobot]: Nurse is waiting, send action message
[uvdrobot-4] [INFO] [1748621365.839600958] [uvdrobot]: I heard: "{"performative": "query", "sender": "spotrobot1", "receiver": "nurse_disinfected1", "content": "Done|a_authenticate_nurse"}"
[nurse_disinfect-3] [INFO] [1748621365.839768717] [nurse_disinfect]: I heard: "{"performative": "query", "sender": "spotrobot1", "receiver": "nurse_disinfected1", "content": "Done|a_authenticate_nurse"}"
[spotrobot-5] [INFO] [1748621365.839870884] [spotrobot]: I heard: "{"performative": "query", "sender": "spotrobot1", "receiver": "nurse_disinfected1", "content": "Done|a_authenticate_nurse"}"
[nurse_disinfect-3] [INFO] [1748621365.840132567] [nurse_disinfect]: And it is for me
[uvdrobot-4] [INFO] [1748621365.840144010] [uvdrobot]: And it is not for me
[spotrobot-5] [INFO] [1748621365.840362641] [spotrobot]: And it is not for me
[nurse_disinfect-3] [INFO] [1748621365.840470471] [nurse_disinfect]: Finished action
[nurse_disinfect-3] [INFO] [1748621365.841047743] [nurse_disinfect]: a_clean_room
[uvdrobot-4] [INFO] [1748621365.841050816] [uvdrobot]: I heard: "{"performative": "query", "sender": "nurse_disinfected1", "receiver": "spotrobot1", "content": "Done|a_authenticate_nurse"}"
[spotrobot-5] [INFO] [1748621365.841196952] [spotrobot]: I heard: "{"performative": "query", "sender": "nurse_disinfected1", "receiver": "spotrobot1", "content": "Done|a_authenticate_nurse"}"
[uvdrobot-4] [INFO] [1748621365.841357263] [uvdrobot]: And it is not for me
[nurse_disinfect-3] [INFO] [1748621365.841487809] [nurse_disinfect]: Doing a_clean_room
[spotrobot-5] [INFO] [1748621365.841697080] [spotrobot]: And it is for me
[spotrobot-5] [INFO] [1748621365.842086155] [spotrobot]: Finished action
[nurse_disinfect-3] [INFO] [1748621365.842132313] [nurse_disinfect]: Waiting for response
[spotrobot-5] [INFO] [1748621365.842783060] [spotrobot]: Doing a_authorize_patrol
[nurse_disinfect-3] [INFO] [1748621365.842823262] [nurse_disinfect]: I heard: "{"performative": "query", "sender": "nurse_disinfected1", "receiver": "spotrobot1", "content": "Done|a_authenticate_nurse"}"
[uvdrobot-4] [INFO] [1748621365.842862496] [uvdrobot]: I heard: "{"performative": "query", "sender": "spotrobot1", "receiver": "nurse_disinfected1", "content": "Done|a_authenticate_nurse"}"
[nurse_disinfect-3] [INFO] [1748621365.843112163] [nurse_disinfect]: And it is not for me
[uvdrobot-4] [INFO] [1748621365.843213733] [uvdrobot]: And it is not for me
[spotrobot-5] [INFO] [1748621365.843307997] [spotrobot]: a_authorize_patrol
[spotrobot-5] [INFO] [1748621365.843760345] [spotrobot]: Here first, waiting for nurse
[nurse_disinfect-3] [INFO] [1748621365.843868979] [nurse_disinfect]: I heard: "{"performative": "query", "sender": "spotrobot1", "receiver": "nurse_disinfected1", "content": "Done|a_authenticate_nurse"}"
[nurse_disinfect-3] [INFO] [1748621365.844219827] [nurse_disinfect]: And it is for me
[uvdrobot-4] [INFO] [1748621365.844510301] [uvdrobot]: I heard: "{"performative": "query", "sender": "spotrobot1", "receiver": "nurse_disinfected1", "content": "Ready|a_authorize_patrol"}"
[nurse_disinfect-3] [INFO] [1748621365.844526360] [nurse_disinfect]: Already finished action
[uvdrobot-4] [INFO] [1748621365.844881773] [uvdrobot]: And it is not for me
[spotrobot-5] [INFO] [1748621365.845145078] [spotrobot]: I heard: "{"performative": "query", "sender": "spotrobot1", "receiver": "nurse_disinfected1", "content": "Done|a_authenticate_nurse"}"
[nurse_disinfect-3] [INFO] [1748621365.845287579] [nurse_disinfect]: I heard: "{"performative": "query", "sender": "spotrobot1", "receiver": "nurse_disinfected1", "content": "Ready|a_authorize_patrol"}"
[nurse_disinfect-3] [INFO] [1748621365.845571292] [nurse_disinfect]: And it is for me
[spotrobot-5] [INFO] [1748621365.845718355] [spotrobot]: And it is not for me
[nurse_disinfect-3] [INFO] [1748621365.845869227] [nurse_disinfect]: No there yet
[nurse_disinfect-3] [INFO] [1748621365.846711435] [nurse_disinfect]: success
[spotrobot-5] [INFO] [1748621365.846775473] [spotrobot]: I heard: "{"performative": "query", "sender": "spotrobot1", "receiver": "nurse_disinfected1", "content": "Ready|a_authorize_patrol"}"
[nurse_disinfect-3] [INFO] [1748621365.847148016] [nurse_disinfect]: a_authorize_patrol
[spotrobot-5] [INFO] [1748621365.847262847] [spotrobot]: And it is not for me
[nurse_disinfect-3] [INFO] [1748621365.847556512] [nurse_disinfect]: Doing a_authorize_patrol
[nurse_disinfect-3] [INFO] [1748621365.848005114] [nurse_disinfect]: a_authorize_patrol
[nurse_disinfect-3] [INFO] [1748621365.848406943] [nurse_disinfect]: Robot is waiting, send action message
[spotrobot-5] [INFO] [1748621365.849100596] [spotrobot]: I heard: "{"performative": "query", "sender": "nurse_disinfected1", "receiver": "spotrobot1", "content": "Done|a_authorize_patrol"}"
[uvdrobot-4] [INFO] [1748621365.849240820] [uvdrobot]: I heard: "{"performative": "query", "sender": "nurse_disinfected1", "receiver": "spotrobot1", "content": "Done|a_authorize_patrol"}"
[nurse_disinfect-3] [INFO] [1748621365.849388546] [nurse_disinfect]: I heard: "{"performative": "query", "sender": "nurse_disinfected1", "receiver": "spotrobot1", "content": "Done|a_authorize_patrol"}"
[spotrobot-5] [INFO] [1748621365.849634396] [spotrobot]: And it is for me
[uvdrobot-4] [INFO] [1748621365.849765596] [uvdrobot]: And it is not for me
[nurse_disinfect-3] [INFO] [1748621365.849869007] [nurse_disinfect]: And it is not for me
[spotrobot-5] [INFO] [1748621365.850092368] [spotrobot]: Finished action
[spotrobot-5] [INFO] [1748621365.850599967] [spotrobot]: Doing a_patrol_room
[uvdrobot-4] [INFO] [1748621365.850910767] [uvdrobot]: I heard: "{"performative": "query", "sender": "spotrobot1", "receiver": "nurse_disinfected1", "content": "Done|a_authorize_patrol"}"
[nurse_disinfect-3] [INFO] [1748621365.851085177] [nurse_disinfect]: I heard: "{"performative": "query", "sender": "spotrobot1", "receiver": "nurse_disinfected1", "content": "Done|a_authorize_patrol"}"
[spotrobot-5] [INFO] [1748621365.851110426] [spotrobot]: Wating for response
[uvdrobot-4] [INFO] [1748621365.851362830] [uvdrobot]: And it is not for me
[nurse_disinfect-3] [INFO] [1748621365.851541747] [nurse_disinfect]: And it is for me
[spotrobot-5] [INFO] [1748621365.851906273] [spotrobot]: I heard: "{"performative": "query", "sender": "spotrobot1", "receiver": "nurse_disinfected1", "content": "Done|a_authorize_patrol"}"
[nurse_disinfect-3] [INFO] [1748621365.851996159] [nurse_disinfect]: Finished action
[spotrobot-5] [INFO] [1748621365.852431211] [spotrobot]: And it is not for me
[uvdrobot-4] [INFO] [1748621365.852892456] [uvdrobot]: I heard: "{"performative": "query", "sender": "nurse_disinfected1", "receiver": "spotrobot1", "content": "Done|a_authorize_patrol"}"
[nurse_disinfect-3] [INFO] [1748621365.853128263] [nurse_disinfect]: I heard: "{"performative": "query", "sender": "nurse_disinfected1", "receiver": "spotrobot1", "content": "Done|a_authorize_patrol"}"
[spotrobot-5] [INFO] [1748621365.853336587] [spotrobot]: I heard: "{"performative": "query", "sender": "nurse_disinfected1", "receiver": "spotrobot1", "content": "Done|a_authorize_patrol"}"
[uvdrobot-4] [INFO] [1748621365.853454966] [uvdrobot]: And it is not for me
[nurse_disinfect-3] [INFO] [1748621365.853609661] [nurse_disinfect]: And it is not for me
[spotrobot-5] [INFO] [1748621365.853915772] [spotrobot]: And it is for me
[spotrobot-5] [INFO] [1748621365.854453512] [spotrobot]: Already finished action
[spotrobot-5] [INFO] [1748621365.856878523] [spotrobot]: success
[spotrobot-5] [INFO] [1748621365.857511048] [spotrobot]: Doing a_authorize_disinfect
[spotrobot-5] [INFO] [1748621365.858052253] [spotrobot]: a_authorize_disinfect
[spotrobot-5] [INFO] [1748621365.858558053] [spotrobot]: Here first, waiting for spotrobot
[uvdrobot-4] [INFO] [1748621365.859271209] [uvdrobot]: I heard: "{"performative": "query", "sender": "spotrobot1", "receiver": "uvdrobot1", "content": "Ready|a_authorize_disinfect"}"
[nurse_disinfect-3] [INFO] [1748621365.859483860] [nurse_disinfect]: I heard: "{"performative": "query", "sender": "spotrobot1", "receiver": "uvdrobot1", "content": "Ready|a_authorize_disinfect"}"
[uvdrobot-4] [INFO] [1748621365.859618033] [uvdrobot]: And it is for me
[spotrobot-5] [INFO] [1748621365.859660386] [spotrobot]: I heard: "{"performative": "query", "sender": "spotrobot1", "receiver": "uvdrobot1", "content": "Ready|a_authorize_disinfect"}"
[uvdrobot-4] [INFO] [1748621365.859953408] [uvdrobot]: Ready to act
[nurse_disinfect-3] [INFO] [1748621365.860009081] [nurse_disinfect]: And it is not for me
[spotrobot-5] [INFO] [1748621365.860228276] [spotrobot]: And it is not for me
[nurse_disinfect-3] [INFO] [1748621365.860611352] [nurse_disinfect]: I heard: "{"performative": "query", "sender": "uvdrobot1", "receiver": "spotrobot1", "content": "Done|a_authorize_disinfect"}"
[uvdrobot-4] [INFO] [1748621365.860753971] [uvdrobot]: I heard: "{"performative": "query", "sender": "uvdrobot1", "receiver": "spotrobot1", "content": "Done|a_authorize_disinfect"}"
[nurse_disinfect-3] [INFO] [1748621365.860975599] [nurse_disinfect]: And it is not for me
[uvdrobot-4] [INFO] [1748621365.861036993] [uvdrobot]: And it is not for me
[spotrobot-5] [INFO] [1748621365.861211999] [spotrobot]: I heard: "{"performative": "query", "sender": "uvdrobot1", "receiver": "spotrobot1", "content": "Done|a_authorize_disinfect"}"
[spotrobot-5] [INFO] [1748621365.861807197] [spotrobot]: And it is for me
[spotrobot-5] [INFO] [1748621365.862324417] [spotrobot]: Finished action
[uvdrobot-4] [INFO] [1748621365.863105449] [uvdrobot]: I heard: "{"performative": "query", "sender": "spotrobot1", "receiver": "uvdrobot1", "content": "Done|a_authorize_disinfect"}"
[nurse_disinfect-3] [INFO] [1748621365.863127693] [nurse_disinfect]: I heard: "{"performative": "query", "sender": "spotrobot1", "receiver": "uvdrobot1", "content": "Done|a_authorize_disinfect"}"
[uvdrobot-4] [INFO] [1748621365.863537428] [uvdrobot]: And it is for me
[spotrobot-5] [INFO] [1748621365.863597108] [spotrobot]: I heard: "{"performative": "query", "sender": "spotrobot1", "receiver": "uvdrobot1", "content": "Done|a_authorize_disinfect"}"
[nurse_disinfect-3] [INFO] [1748621365.863649013] [nurse_disinfect]: And it is not for me
[uvdrobot-4] [INFO] [1748621365.864092515] [uvdrobot]: Finished action
[spotrobot-5] [INFO] [1748621365.864124242] [spotrobot]: And it is not for me
[uvdrobot-4] [INFO] [1748621365.864822240] [uvdrobot]: Doing a_navto
[nurse_disinfect-3] [INFO] [1748621365.864996225] [nurse_disinfect]: I heard: "{"performative": "query", "sender": "uvdrobot1", "receiver": "spotrobot1", "content": "Done|a_authorize_disinfect"}"
[spotrobot-5] [INFO] [1748621365.865097795] [spotrobot]: I heard: "{"performative": "query", "sender": "uvdrobot1", "receiver": "spotrobot1", "content": "Done|a_authorize_disinfect"}"
[nurse_disinfect-3] [INFO] [1748621365.865483873] [nurse_disinfect]: And it is not for me
[uvdrobot-4] [INFO] [1748621365.865663003] [uvdrobot]: Waiting for response
[spotrobot-5] [INFO] [1748621365.865695896] [spotrobot]: And it is for me
[spotrobot-5] [INFO] [1748621365.866231221] [spotrobot]: Already finished action
[uvdrobot-4] [INFO] [1748621365.866376630] [uvdrobot]: I heard: "{"performative": "query", "sender": "uvdrobot1", "receiver": "spotrobot1", "content": "Done|a_authorize_disinfect"}"
[uvdrobot-4] [INFO] [1748621365.866985511] [uvdrobot]: And it is not for me
[uvdrobot-4] [INFO] [1748621365.868664819] [uvdrobot]: success
[uvdrobot-4] [INFO] [1748621365.869275537] [uvdrobot]: Doing a_disinfect_room
[uvdrobot-4] [INFO] [1748621365.869878300] [uvdrobot]: Waiting for response
[uvdrobot-4] [INFO] [1748621365.871598910] [uvdrobot]: success
[uvdrobot-4] [INFO] [1748621365.873700757] [uvdrobot]: Recebido sinal de desligamento do coordenador, finalizando...
[spotrobot-5] [INFO] [1748621365.874061174] [spotrobot]: Recebido sinal de desligamento do coordenador, finalizando...
[nurse_disinfect-3] [INFO] [1748621365.874104020] [nurse_disinfect]: Recebido sinal de desligamento do coordenador, finalizando...
[disinfect_planner-2] [INFO] [1748621365.874299294] [disinfect_planner]: Recebido sinal de desligamento do coordenador, finalizando...
[uvdrobot-4] [INFO] [1748621365.874350582] [Quitting]: Done
[disinfect_environment-1] [INFO] [1748621365.874361851] [disinfect_environment]: Recebido sinal de desligamento do coordenador, finalizando...
[spotrobot-5] [INFO] [1748621365.874755816] [Quitting]: Done
[disinfect_environment-1] [INFO] [1748621365.875007245] [Quitting]: Done
[disinfect_planner-2] [INFO] [1748621365.875170759] [Quitting]: Done
[nurse_disinfect-3] [INFO] [1748621365.875338032] [Quitting]: Done
[INFO] [disinfect_environment-1]: process has finished cleanly [pid 39145]
[INFO] [spotrobot-5]: process has finished cleanly [pid 39153]
[INFO] [uvdrobot-4]: process has finished cleanly [pid 39151]
[INFO] [nurse_disinfect-3]: process has finished cleanly [pid 39149]
