[INFO] [launch]: All log files can be found below /home/rafael/.ros/log/2025-05-30-13-09-53-568215-NotebookRafael-39616
[INFO] [launch]: Default logging verbosity is set to INFO
[INFO] [disinfect_environment-1]: process started with pid [39619]
[INFO] [disinfect_planner-2]: process started with pid [39621]
[INFO] [nurse_disinfect-3]: process started with pid [39623]
[INFO] [uvdrobot-4]: process started with pid [39625]
[INFO] [spotrobot-5]: process started with pid [39627]
[disinfect_environment-1] [INFO] [1748621393.850900077] [disinfect_environment]: Starting Environment server
[disinfect_environment-1] [INFO] [1748621393.853709138] [disinfect_environment]: Environment server started
[disinfect_planner-2] [INFO] [1748621396.259783470] [disinfect_planner]: Starting Planner server
[disinfect_planner-2] [INFO] [1748621396.264014192] [disinfect_planner]: Planner server started
[disinfect_planner-2] [INFO] [1748621396.466110119] [disinfect_planner]: Creating plan for: spotrobot1 uvdrobot1 nurse_disinfected1
[disinfect_planner-2] [INFO] [1748621396.468317134] [disinfect_planner]: a_navto,spotrobot1,room1
[disinfect_planner-2] [INFO] [1748621396.468760463] [disinfect_planner]: a_open_door,spotrobot1,room1
[disinfect_planner-2] [INFO] [1748621396.469220579] [disinfect_planner]: a_approach_nurse,spotrobot1,nurse_disinfected1
[disinfect_planner-2] [INFO] [1748621396.469642698] [disinfect_planner]: a_authenticate_nurse,spotrobot1,nurse_disinfected1
[disinfect_planner-2] [INFO] [1748621396.470085838] [disinfect_planner]: a_authorize_patrol,spotrobot1,nurse_disinfected1
[disinfect_planner-2] [INFO] [1748621396.470534838] [disinfect_planner]: a_patrol_room,spotrobot1,room1
[disinfect_planner-2] [INFO] [1748621396.471004802] [disinfect_planner]: a_authorize_disinfect,uvdrobot1,spotrobot1
[disinfect_planner-2] [INFO] [1748621396.471435367] [disinfect_planner]: a_navto,uvdrobot1,room1
[disinfect_planner-2] [INFO] [1748621396.471865989] [disinfect_planner]: a_disinfect_room,uvdrobot1,room1
[disinfect_planner-2] [INFO] [1748621396.472333245] [disinfect_planner]: Sending response
[uvdrobot-4] [INFO] [1748621396.472481078] [uvdrobot]: response.response uvdrobot1
[spotrobot-5] [INFO] [1748621396.472850188] [spotrobot]: response.response spotrobot1
[uvdrobot-4] [INFO] [1748621396.472855513] [uvdrobot]: My name is uvdrobot1
[spotrobot-5] [INFO] [1748621396.473196321] [spotrobot]: My name is spotrobot1
[nurse_disinfect-3] [INFO] [1748621396.473556013] [nurse_disinfect]: response.response nurse_disinfected1
[nurse_disinfect-3] [INFO] [1748621396.473944973] [nurse_disinfect]: My name is nurse_disinfected1
[uvdrobot-4] [INFO] [1748621396.474301622] [uvdrobot]: I heard: "{"performative": "request", "sender": "Coordinator", "receiver": "uvdrobot1", "content": "Plan|a_authorize_disinfect,uvdrobot1,spotrobot1/a_navto,uvdrobot1,room1/a_disinfect_room,uvdrobot1,room1"}"
[spotrobot-5] [INFO] [1748621396.474503274] [spotrobot]: I heard: "{"performative": "request", "sender": "Coordinator", "receiver": "uvdrobot1", "content": "Plan|a_authorize_disinfect,uvdrobot1,spotrobot1/a_navto,uvdrobot1,room1/a_disinfect_room,uvdrobot1,room1"}"
[uvdrobot-4] [INFO] [1748621396.474628553] [uvdrobot]: And it is for me
[uvdrobot-4] [INFO] [1748621396.475008272] [uvdrobot]: Doing a_authorize_disinfect
[spotrobot-5] [INFO] [1748621396.475048485] [spotrobot]: And it is not for me
[uvdrobot-4] [INFO] [1748621396.475307016] [uvdrobot]: a_authorize_disinfect
[uvdrobot-4] [INFO] [1748621396.475594482] [uvdrobot]: Here first, waiting for spotrobot
[spotrobot-5] [INFO] [1748621396.475886493] [spotrobot]: I heard: "{"performative": "request", "sender": "Coordinator", "receiver": "spotrobot1", "content": "Plan|a_navto,spotrobot1,room1/a_open_door,spotrobot1,room1/a_approach_nurse,spotrobot1,nurse_disinfected1/a_authenticate_nurse,spotrobot1,nurse_disinfected1/a_authorize_patrol,spotrobot1,nurse_disinfected1/a_patrol_room,spotrobot1,room1/a_authorize_disinfect,uvdrobot1,spotrobot1"}"
[uvdrobot-4] [INFO] [1748621396.476240628] [uvdrobot]: I heard: "{"performative": "request", "sender": "Coordinator", "receiver": "spotrobot1", "content": "Plan|a_navto,spotrobot1,room1/a_open_door,spotrobot1,room1/a_approach_nurse,spotrobot1,nurse_disinfected1/a_authenticate_nurse,spotrobot1,nurse_disinfected1/a_authorize_patrol,spotrobot1,nurse_disinfected1/a_patrol_room,spotrobot1,room1/a_authorize_disinfect,uvdrobot1,spotrobot1"}"
[spotrobot-5] [INFO] [1748621396.476419413] [spotrobot]: And it is for me
[uvdrobot-4] [INFO] [1748621396.476542145] [uvdrobot]: And it is not for me
[uvdrobot-4] [INFO] [1748621396.476896517] [uvdrobot]: I heard: "{"performative": "query", "sender": "uvdrobot1", "receiver": "spotrobot1", "content": "Ready|a_authorize_disinfect"}"
[spotrobot-5] [INFO] [1748621396.477050958] [spotrobot]: Doing a_navto
[uvdrobot-4] [INFO] [1748621396.477198432] [uvdrobot]: And it is not for me
[spotrobot-5] [INFO] [1748621396.477792094] [spotrobot]: Wating for response
[uvdrobot-4] [INFO] [1748621396.477962630] [uvdrobot]: I heard: "{"performative": "request", "sender": "Coordinator", "receiver": "nurse_disinfected1", "content": "Plan|a_approach_nurse,spotrobot1,nurse_disinfected1/a_authenticate_nurse,spotrobot1,nurse_disinfected1/a_authorize_patrol,spotrobot1,nurse_disinfected1"}"
[uvdrobot-4] [INFO] [1748621396.478313602] [uvdrobot]: And it is not for me
[spotrobot-5] [INFO] [1748621396.478543795] [spotrobot]: I heard: "{"performative": "request", "sender": "Coordinator", "receiver": "nurse_disinfected1", "content": "Plan|a_approach_nurse,spotrobot1,nurse_disinfected1/a_authenticate_nurse,spotrobot1,nurse_disinfected1/a_authorize_patrol,spotrobot1,nurse_disinfected1"}"
[spotrobot-5] [INFO] [1748621396.479118292] [spotrobot]: And it is not for me
[spotrobot-5] [INFO] [1748621396.479664033] [spotrobot]: I heard: "{"performative": "query", "sender": "uvdrobot1", "receiver": "spotrobot1", "content": "Ready|a_authorize_disinfect"}"
[spotrobot-5] [INFO] [1748621396.480070255] [spotrobot]: And it is for me
[spotrobot-5] [INFO] [1748621396.480373969] [spotrobot]: No there yet
[spotrobot-5] [INFO] [1748621396.481397589] [spotrobot]: success
[spotrobot-5] [INFO] [1748621396.481768256] [spotrobot]: Doing a_open_door
[spotrobot-5] [INFO] [1748621396.482179789] [spotrobot]: Wating for response
[spotrobot-5] [INFO] [1748621396.483385292] [spotrobot]: success
[spotrobot-5] [INFO] [1748621396.483928145] [spotrobot]: Doing a_approach_nurse
[spotrobot-5] [INFO] [1748621396.484425691] [spotrobot]: Wating for response
[spotrobot-5] [INFO] [1748621396.485384906] [spotrobot]: success
[spotrobot-5] [INFO] [1748621396.485919900] [spotrobot]: Doing a_authenticate_nurse
[spotrobot-5] [INFO] [1748621396.486300424] [spotrobot]: a_authenticate_nurse
[spotrobot-5] [INFO] [1748621396.486627384] [spotrobot]: Here first, waiting for nurse
[uvdrobot-4] [INFO] [1748621396.487316830] [uvdrobot]: I heard: "{"performative": "query", "sender": "spotrobot1", "receiver": "nurse_disinfected1", "content": "Ready|a_authenticate_nurse"}"
[spotrobot-5] [INFO] [1748621396.487401744] [spotrobot]: I heard: "{"performative": "query", "sender": "spotrobot1", "receiver": "nurse_disinfected1", "content": "Ready|a_authenticate_nurse"}"
[uvdrobot-4] [INFO] [1748621396.487657396] [uvdrobot]: And it is not for me
[spotrobot-5] [INFO] [1748621396.487758539] [spotrobot]: And it is not for me
[nurse_disinfect-3] [INFO] [1748621397.475899987] [nurse_disinfect]: I heard: "{"performative": "request", "sender": "Coordinator", "receiver": "uvdrobot1", "content": "Plan|a_authorize_disinfect,uvdrobot1,spotrobot1/a_navto,uvdrobot1,room1/a_disinfect_room,uvdrobot1,room1"}"
[nurse_disinfect-3] [INFO] [1748621397.476422295] [nurse_disinfect]: And it is not for me
[nurse_disinfect-3] [INFO] [1748621397.477127942] [nurse_disinfect]: I heard: "{"performative": "query", "sender": "uvdrobot1", "receiver": "spotrobot1", "content": "Ready|a_authorize_disinfect"}"
[nurse_disinfect-3] [INFO] [1748621397.477517899] [nurse_disinfect]: And it is not for me
[nurse_disinfect-3] [INFO] [1748621397.478406723] [nurse_disinfect]: I heard: "{"performative": "request", "sender": "Coordinator", "receiver": "spotrobot1", "content": "Plan|a_navto,spotrobot1,room1/a_open_door,spotrobot1,room1/a_approach_nurse,spotrobot1,nurse_disinfected1/a_authenticate_nurse,spotrobot1,nurse_disinfected1/a_authorize_patrol,spotrobot1,nurse_disinfected1/a_patrol_room,spotrobot1,room1/a_authorize_disinfect,uvdrobot1,spotrobot1"}"
[nurse_disinfect-3] [INFO] [1748621397.478906026] [nurse_disinfect]: And it is not for me
[nurse_disinfect-3] [INFO] [1748621397.479284898] [nurse_disinfect]: I heard: "{"performative": "query", "sender": "spotrobot1", "receiver": "nurse_disinfected1", "content": "Ready|a_authenticate_nurse"}"
[nurse_disinfect-3] [INFO] [1748621397.479619508] [nurse_disinfect]: And it is for me
[nurse_disinfect-3] [INFO] [1748621397.479925110] [nurse_disinfect]: No there yet
[nurse_disinfect-3] [INFO] [1748621397.480489677] [nurse_disinfect]: I heard: "{"performative": "request", "sender": "Coordinator", "receiver": "nurse_disinfected1", "content": "Plan|a_approach_nurse,spotrobot1,nurse_disinfected1/a_authenticate_nurse,spotrobot1,nurse_disinfected1/a_authorize_patrol,spotrobot1,nurse_disinfected1"}"
[nurse_disinfect-3] [INFO] [1748621397.480998488] [nurse_disinfect]: And it is for me
[nurse_disinfect-3] [INFO] [1748621397.482415214] [nurse_disinfect]: a_approach_nurse
[nurse_disinfect-3] [INFO] [1748621397.482792595] [nurse_disinfect]: a_authenticate_nurse
[nurse_disinfect-3] [INFO] [1748621397.483098757] [nurse_disinfect]: Doing a_authenticate_nurse
[nurse_disinfect-3] [INFO] [1748621397.483402764] [nurse_disinfect]: a_authenticate_nurse
[nurse_disinfect-3] [INFO] [1748621397.483685446] [nurse_disinfect]: Robot is waiting, send action message
[uvdrobot-4] [INFO] [1748621397.484429225] [uvdrobot]: I heard: "{"performative": "query", "sender": "nurse_disinfected1", "receiver": "spotrobot1", "content": "Done|a_authenticate_nurse"}"
[spotrobot-5] [INFO] [1748621397.484481727] [spotrobot]: I heard: "{"performative": "query", "sender": "nurse_disinfected1", "receiver": "spotrobot1", "content": "Done|a_authenticate_nurse"}"
[nurse_disinfect-3] [INFO] [1748621397.484732180] [nurse_disinfect]: I heard: "{"performative": "query", "sender": "nurse_disinfected1", "receiver": "spotrobot1", "content": "Done|a_authenticate_nurse"}"
[uvdrobot-4] [INFO] [1748621397.484918488] [uvdrobot]: And it is not for me
[spotrobot-5] [INFO] [1748621397.484922748] [spotrobot]: And it is for me
[nurse_disinfect-3] [INFO] [1748621397.485029215] [nurse_disinfect]: And it is not for me
[spotrobot-5] [INFO] [1748621397.485200159] [spotrobot]: Finished action
[spotrobot-5] [INFO] [1748621397.485695197] [spotrobot]: Doing a_authorize_patrol
[uvdrobot-4] [INFO] [1748621397.485756942] [uvdrobot]: I heard: "{"performative": "query", "sender": "spotrobot1", "receiver": "nurse_disinfected1", "content": "Done|a_authenticate_nurse"}"
[nurse_disinfect-3] [INFO] [1748621397.485771772] [nurse_disinfect]: I heard: "{"performative": "query", "sender": "spotrobot1", "receiver": "nurse_disinfected1", "content": "Done|a_authenticate_nurse"}"
[spotrobot-5] [INFO] [1748621397.485969787] [spotrobot]: a_authorize_patrol
[nurse_disinfect-3] [INFO] [1748621397.486067923] [nurse_disinfect]: And it is for me
[uvdrobot-4] [INFO] [1748621397.486095788] [uvdrobot]: And it is not for me
[nurse_disinfect-3] [INFO] [1748621397.486327676] [nurse_disinfect]: Finished action
[spotrobot-5] [INFO] [1748621397.486496911] [spotrobot]: Here first, waiting for nurse
[nurse_disinfect-3] [INFO] [1748621397.486805855] [nurse_disinfect]: a_authorize_patrol
[uvdrobot-4] [INFO] [1748621397.487028115] [uvdrobot]: I heard: "{"performative": "query", "sender": "nurse_disinfected1", "receiver": "spotrobot1", "content": "Done|a_authenticate_nurse"}"
[nurse_disinfect-3] [INFO] [1748621397.487121620] [nurse_disinfect]: Doing a_authorize_patrol
[spotrobot-5] [INFO] [1748621397.487251816] [spotrobot]: I heard: "{"performative": "query", "sender": "spotrobot1", "receiver": "nurse_disinfected1", "content": "Done|a_authenticate_nurse"}"
[uvdrobot-4] [INFO] [1748621397.487365451] [uvdrobot]: And it is not for me
[nurse_disinfect-3] [INFO] [1748621397.487388355] [nurse_disinfect]: a_authorize_patrol
[nurse_disinfect-3] [INFO] [1748621397.487645192] [nurse_disinfect]: Here first, waiting for robot
[spotrobot-5] [INFO] [1748621397.487776375] [spotrobot]: And it is not for me
[uvdrobot-4] [INFO] [1748621397.487922751] [uvdrobot]: I heard: "{"performative": "query", "sender": "spotrobot1", "receiver": "nurse_disinfected1", "content": "Ready|a_authorize_patrol"}"
[uvdrobot-4] [INFO] [1748621397.488248765] [uvdrobot]: And it is not for me
[spotrobot-5] [INFO] [1748621397.488387760] [spotrobot]: I heard: "{"performative": "query", "sender": "nurse_disinfected1", "receiver": "spotrobot1", "content": "Done|a_authenticate_nurse"}"
[nurse_disinfect-3] [INFO] [1748621397.488610715] [nurse_disinfect]: I heard: "{"performative": "query", "sender": "nurse_disinfected1", "receiver": "spotrobot1", "content": "Done|a_authenticate_nurse"}"
[spotrobot-5] [INFO] [1748621397.488702281] [spotrobot]: And it is for me
[uvdrobot-4] [INFO] [1748621397.488846025] [uvdrobot]: I heard: "{"performative": "query", "sender": "nurse_disinfected1", "receiver": "spotrobot1", "content": "Ready|a_authorize_patrol"}"
[spotrobot-5] [INFO] [1748621397.488971542] [spotrobot]: Already finished action
[nurse_disinfect-3] [INFO] [1748621397.489146216] [nurse_disinfect]: And it is not for me
[uvdrobot-4] [INFO] [1748621397.489176741] [uvdrobot]: And it is not for me
[spotrobot-5] [INFO] [1748621397.489776969] [spotrobot]: I heard: "{"performative": "query", "sender": "spotrobot1", "receiver": "nurse_disinfected1", "content": "Ready|a_authorize_patrol"}"
[nurse_disinfect-3] [INFO] [1748621397.490092565] [nurse_disinfect]: I heard: "{"performative": "query", "sender": "spotrobot1", "receiver": "nurse_disinfected1", "content": "Ready|a_authorize_patrol"}"
[spotrobot-5] [INFO] [1748621397.490229217] [spotrobot]: And it is not for me
[nurse_disinfect-3] [INFO] [1748621397.490607806] [nurse_disinfect]: And it is for me
[nurse_disinfect-3] [INFO] [1748621397.491081739] [nurse_disinfect]: Ready to act
[spotrobot-5] [INFO] [1748621397.491256043] [spotrobot]: I heard: "{"performative": "query", "sender": "nurse_disinfected1", "receiver": "spotrobot1", "content": "Ready|a_authorize_patrol"}"
[spotrobot-5] [INFO] [1748621397.491731315] [spotrobot]: And it is for me
[uvdrobot-4] [INFO] [1748621397.492135218] [uvdrobot]: I heard: "{"performative": "query", "sender": "nurse_disinfected1", "receiver": "spotrobot1", "content": "Done|a_authorize_patrol"}"
[nurse_disinfect-3] [INFO] [1748621397.492224436] [nurse_disinfect]: I heard: "{"performative": "query", "sender": "nurse_disinfected1", "receiver": "spotrobot1", "content": "Ready|a_authorize_patrol"}"
[spotrobot-5] [INFO] [1748621397.492224435] [spotrobot]: Ready to act
[nurse_disinfect-3] [INFO] [1748621397.492644750] [nurse_disinfect]: And it is not for me
[uvdrobot-4] [INFO] [1748621397.492667148] [uvdrobot]: And it is not for me
[spotrobot-5] [INFO] [1748621397.493126276] [spotrobot]: I heard: "{"performative": "query", "sender": "nurse_disinfected1", "receiver": "spotrobot1", "content": "Done|a_authorize_patrol"}"
[nurse_disinfect-3] [INFO] [1748621397.493340262] [nurse_disinfect]: I heard: "{"performative": "query", "sender": "nurse_disinfected1", "receiver": "spotrobot1", "content": "Done|a_authorize_patrol"}"
[spotrobot-5] [INFO] [1748621397.493470128] [spotrobot]: And it is for me
[uvdrobot-4] [INFO] [1748621397.493543937] [uvdrobot]: I heard: "{"performative": "query", "sender": "spotrobot1", "receiver": "nurse_disinfected1", "content": "Done|a_authorize_patrol"}"
[nurse_disinfect-3] [INFO] [1748621397.493677655] [nurse_disinfect]: And it is not for me
[spotrobot-5] [INFO] [1748621397.493744262] [spotrobot]: Finished action
[uvdrobot-4] [INFO] [1748621397.494053612] [uvdrobot]: And it is not for me
[spotrobot-5] [INFO] [1748621397.494209048] [spotrobot]: Doing a_patrol_room
[nurse_disinfect-3] [INFO] [1748621397.494233303] [nurse_disinfect]: I heard: "{"performative": "query", "sender": "spotrobot1", "receiver": "nurse_disinfected1", "content": "Done|a_authorize_patrol"}"
[nurse_disinfect-3] [INFO] [1748621397.494532266] [nurse_disinfect]: And it is for me
[spotrobot-5] [INFO] [1748621397.494756384] [spotrobot]: Wating for response
[nurse_disinfect-3] [INFO] [1748621397.494811690] [nurse_disinfect]: Finished action
[uvdrobot-4] [INFO] [1748621397.495020902] [uvdrobot]: I heard: "{"performative": "query", "sender": "spotrobot1", "receiver": "nurse_disinfected1", "content": "Done|a_authorize_patrol"}"
[spotrobot-5] [INFO] [1748621397.495463398] [spotrobot]: I heard: "{"performative": "query", "sender": "spotrobot1", "receiver": "nurse_disinfected1", "content": "Done|a_authorize_patrol"}"
[uvdrobot-4] [INFO] [1748621397.495551160] [uvdrobot]: And it is not for me
[nurse_disinfect-3] [INFO] [1748621397.495572389] [nurse_disinfect]: I heard: "{"performative": "query", "sender": "spotrobot1", "receiver": "nurse_disinfected1", "content": "Done|a_authorize_patrol"}"
[spotrobot-5] [INFO] [1748621397.495805987] [spotrobot]: And it is not for me
[nurse_disinfect-3] [INFO] [1748621397.495850503] [nurse_disinfect]: And it is for me
[nurse_disinfect-3] [INFO] [1748621397.496103787] [nurse_disinfect]: Already finished action
[uvdrobot-4] [INFO] [1748621397.496541132] [uvdrobot]: I heard: "{"performative": "query", "sender": "nurse_disinfected1", "receiver": "spotrobot1", "content": "Done|a_authorize_patrol"}"
[spotrobot-5] [INFO] [1748621397.496555963] [spotrobot]: I heard: "{"performative": "query", "sender": "spotrobot1", "receiver": "nurse_disinfected1", "content": "Done|a_authorize_patrol"}"
[spotrobot-5] [INFO] [1748621397.496838464] [spotrobot]: And it is not for me
[nurse_disinfect-3] [INFO] [1748621397.496950666] [nurse_disinfect]: I heard: "{"performative": "query", "sender": "nurse_disinfected1", "receiver": "spotrobot1", "content": "Done|a_authorize_patrol"}"
[uvdrobot-4] [INFO] [1748621397.497072065] [uvdrobot]: And it is not for me
[nurse_disinfect-3] [INFO] [1748621397.497234260] [nurse_disinfect]: And it is not for me
[spotrobot-5] [INFO] [1748621397.497367032] [spotrobot]: I heard: "{"performative": "query", "sender": "nurse_disinfected1", "receiver": "spotrobot1", "content": "Done|a_authorize_patrol"}"
[spotrobot-5] [INFO] [1748621397.497694005] [spotrobot]: And it is for me
[spotrobot-5] [INFO] [1748621397.497974332] [spotrobot]: Already finished action
[spotrobot-5] [INFO] [1748621397.498775656] [spotrobot]: dirty room
[spotrobot-5] [INFO] [1748621397.500476892] [spotrobot]: I heard: "{"performative": "request", "sender": "Coordinator", "receiver": "spotrobot1", "content": "Reset"}"
[uvdrobot-4] [INFO] [1748621397.500518383] [uvdrobot]: I heard: "{"performative": "request", "sender": "Coordinator", "receiver": "spotrobot1", "content": "Reset"}"
[nurse_disinfect-3] [INFO] [1748621397.500555930] [nurse_disinfect]: I heard: "{"performative": "request", "sender": "Coordinator", "receiver": "spotrobot1", "content": "Reset"}"
[uvdrobot-4] [INFO] [1748621397.500816861] [uvdrobot]: And it is not for me
[spotrobot-5] [INFO] [1748621397.500929956] [spotrobot]: And it is for me
[nurse_disinfect-3] [INFO] [1748621397.501138914] [nurse_disinfect]: And it is not for me
[uvdrobot-4] [INFO] [1748621397.501283907] [uvdrobot]: I heard: "{"performative": "request", "sender": "Coordinator", "receiver": "uvdrobot1", "content": "Reset"}"
[spotrobot-5] [INFO] [1748621397.501453281] [spotrobot]: I heard: "{"performative": "request", "sender": "Coordinator", "receiver": "uvdrobot1", "content": "Reset"}"
[uvdrobot-4] [INFO] [1748621397.501539937] [uvdrobot]: And it is for me
[nurse_disinfect-3] [INFO] [1748621397.501648770] [nurse_disinfect]: I heard: "{"performative": "request", "sender": "Coordinator", "receiver": "uvdrobot1", "content": "Reset"}"
[spotrobot-5] [INFO] [1748621397.501744920] [spotrobot]: And it is not for me
[uvdrobot-4] [INFO] [1748621397.502039373] [uvdrobot]: I heard: "{"performative": "request", "sender": "Coordinator", "receiver": "nurse_disinfected1", "content": "Reset"}"
[nurse_disinfect-3] [INFO] [1748621397.502048425] [nurse_disinfect]: And it is not for me
[spotrobot-5] [INFO] [1748621397.502222348] [spotrobot]: 
[uvdrobot-4] [INFO] [1748621397.502343047] [uvdrobot]: And it is not for me
[nurse_disinfect-3] [INFO] [1748621397.502732767] [nurse_disinfect]: I heard: "{"performative": "request", "sender": "Coordinator", "receiver": "nurse_disinfected1", "content": "Reset"}"
[spotrobot-5] [INFO] [1748621397.502735918] [spotrobot]: I heard: "{"performative": "request", "sender": "Coordinator", "receiver": "nurse_disinfected1", "content": "Reset"}"
[spotrobot-5] [INFO] [1748621397.503086970] [spotrobot]: And it is not for me
[nurse_disinfect-3] [INFO] [1748621397.503091997] [nurse_disinfect]: And it is for me
[disinfect_planner-2] [INFO] [1748621397.503518318] [disinfect_planner]: Creating plan for: spotrobot1 uvdrobot1 nurse_disinfected1
[disinfect_planner-2] [INFO] [1748621397.504363866] [disinfect_planner]: a_navto,spotrobot1,room1
[disinfect_planner-2] [INFO] [1748621397.504871385] [disinfect_planner]: a_approach_nurse,spotrobot1,nurse_disinfected1
[disinfect_planner-2] [INFO] [1748621397.505214744] [disinfect_planner]: a_authenticate_nurse,spotrobot1,nurse_disinfected1
[disinfect_planner-2] [INFO] [1748621397.505526443] [disinfect_planner]: a_clean_room,nurse_disinfected1,room1
[disinfect_planner-2] [INFO] [1748621397.505831903] [disinfect_planner]: a_authorize_patrol,spotrobot1,nurse_disinfected1
[disinfect_planner-2] [INFO] [1748621397.506158506] [disinfect_planner]: a_patrol_room,spotrobot1,room1
[disinfect_planner-2] [INFO] [1748621397.506467071] [disinfect_planner]: a_authorize_disinfect,uvdrobot1,spotrobot1
[disinfect_planner-2] [INFO] [1748621397.506770165] [disinfect_planner]: a_navto,uvdrobot1,room1
[disinfect_planner-2] [INFO] [1748621397.507069470] [disinfect_planner]: a_disinfect_room,uvdrobot1,room1
[disinfect_planner-2] [INFO] [1748621397.507371918] [disinfect_planner]: Sending response
[uvdrobot-4] [INFO] [1748621397.509525465] [uvdrobot]: I heard: "{"performative": "request", "sender": "Coordinator", "receiver": "spotrobot1", "content": "Plan|a_navto,spotrobot1,room1/a_approach_nurse,spotrobot1,nurse_disinfected1/a_authenticate_nurse,spotrobot1,nurse_disinfected1/a_authorize_patrol,spotrobot1,nurse_disinfected1/a_patrol_room,spotrobot1,room1/a_authorize_disinfect,uvdrobot1,spotrobot1"}"
[nurse_disinfect-3] [INFO] [1748621397.509547970] [nurse_disinfect]: I heard: "{"performative": "request", "sender": "Coordinator", "receiver": "spotrobot1", "content": "Plan|a_navto,spotrobot1,room1/a_approach_nurse,spotrobot1,nurse_disinfected1/a_authenticate_nurse,spotrobot1,nurse_disinfected1/a_authorize_patrol,spotrobot1,nurse_disinfected1/a_patrol_room,spotrobot1,room1/a_authorize_disinfect,uvdrobot1,spotrobot1"}"
[spotrobot-5] [INFO] [1748621397.509654657] [spotrobot]: I heard: "{"performative": "request", "sender": "Coordinator", "receiver": "spotrobot1", "content": "Plan|a_navto,spotrobot1,room1/a_approach_nurse,spotrobot1,nurse_disinfected1/a_authenticate_nurse,spotrobot1,nurse_disinfected1/a_authorize_patrol,spotrobot1,nurse_disinfected1/a_patrol_room,spotrobot1,room1/a_authorize_disinfect,uvdrobot1,spotrobot1"}"
[uvdrobot-4] [INFO] [1748621397.509923458] [uvdrobot]: And it is not for me
[nurse_disinfect-3] [INFO] [1748621397.509924953] [nurse_disinfect]: And it is not for me
[spotrobot-5] [INFO] [1748621397.509975808] [spotrobot]: And it is for me
[spotrobot-5] [INFO] [1748621397.510279462] [spotrobot]: Doing a_navto
[nurse_disinfect-3] [INFO] [1748621397.510525442] [nurse_disinfect]: I heard: "{"performative": "request", "sender": "Coordinator", "receiver": "uvdrobot1", "content": "Plan|a_authorize_disinfect,uvdrobot1,spotrobot1/a_navto,uvdrobot1,room1/a_disinfect_room,uvdrobot1,room1"}"
[spotrobot-5] [INFO] [1748621397.510703035] [spotrobot]: Wating for response
[uvdrobot-4] [INFO] [1748621397.510713706] [uvdrobot]: I heard: "{"performative": "request", "sender": "Coordinator", "receiver": "uvdrobot1", "content": "Plan|a_authorize_disinfect,uvdrobot1,spotrobot1/a_navto,uvdrobot1,room1/a_disinfect_room,uvdrobot1,room1"}"
[nurse_disinfect-3] [INFO] [1748621397.510905512] [nurse_disinfect]: And it is not for me
[spotrobot-5] [INFO] [1748621397.511172161] [spotrobot]: I heard: "{"performative": "request", "sender": "Coordinator", "receiver": "uvdrobot1", "content": "Plan|a_authorize_disinfect,uvdrobot1,spotrobot1/a_navto,uvdrobot1,room1/a_disinfect_room,uvdrobot1,room1"}"
[uvdrobot-4] [INFO] [1748621397.511241571] [uvdrobot]: And it is for me
[spotrobot-5] [INFO] [1748621397.511522557] [spotrobot]: And it is not for me
[nurse_disinfect-3] [INFO] [1748621397.511770959] [nurse_disinfect]: I heard: "{"performative": "request", "sender": "Coordinator", "receiver": "nurse_disinfected1", "content": "Plan|a_approach_nurse,spotrobot1,nurse_disinfected1/a_authenticate_nurse,spotrobot1,nurse_disinfected1/a_clean_room,nurse_disinfected1,room1/a_authorize_patrol,spotrobot1,nurse_disinfected1"}"
[uvdrobot-4] [INFO] [1748621397.511800610] [uvdrobot]: Doing a_authorize_disinfect
[spotrobot-5] [INFO] [1748621397.512015392] [spotrobot]: I heard: "{"performative": "request", "sender": "Coordinator", "receiver": "nurse_disinfected1", "content": "Plan|a_approach_nurse,spotrobot1,nurse_disinfected1/a_authenticate_nurse,spotrobot1,nurse_disinfected1/a_clean_room,nurse_disinfected1,room1/a_authorize_patrol,spotrobot1,nurse_disinfected1"}"
[nurse_disinfect-3] [INFO] [1748621397.512051884] [nurse_disinfect]: And it is for me
[spotrobot-5] [INFO] [1748621397.512279229] [spotrobot]: And it is not for me
[uvdrobot-4] [INFO] [1748621397.512314616] [uvdrobot]: a_authorize_disinfect
[nurse_disinfect-3] [INFO] [1748621397.512383863] [nurse_disinfect]: a_approach_nurse
[spotrobot-5] [INFO] [1748621397.512721186] [spotrobot]: success
[nurse_disinfect-3] [INFO] [1748621397.512800910] [nurse_disinfect]: a_authenticate_nurse
[uvdrobot-4] [INFO] [1748621397.512805209] [uvdrobot]: Here first, waiting for spotrobot
[nurse_disinfect-3] [INFO] [1748621397.513073638] [nurse_disinfect]: Doing a_authenticate_nurse
[spotrobot-5] [INFO] [1748621397.513189192] [spotrobot]: Doing a_approach_nurse
[nurse_disinfect-3] [INFO] [1748621397.513326989] [nurse_disinfect]: a_authenticate_nurse
[nurse_disinfect-3] [INFO] [1748621397.513573910] [nurse_disinfect]: Here first, waiting for robot
[spotrobot-5] [INFO] [1748621397.513840185] [spotrobot]: Wating for response
[uvdrobot-4] [INFO] [1748621397.513934133] [uvdrobot]: I heard: "{"performative": "request", "sender": "Coordinator", "receiver": "nurse_disinfected1", "content": "Plan|a_approach_nurse,spotrobot1,nurse_disinfected1/a_authenticate_nurse,spotrobot1,nurse_disinfected1/a_clean_room,nurse_disinfected1,room1/a_authorize_patrol,spotrobot1,nurse_disinfected1"}"
[nurse_disinfect-3] [INFO] [1748621397.514285464] [nurse_disinfect]: I heard: "{"performative": "query", "sender": "uvdrobot1", "receiver": "spotrobot1", "content": "Ready|a_authorize_disinfect"}"
[uvdrobot-4] [INFO] [1748621397.514475923] [uvdrobot]: And it is not for me
[spotrobot-5] [INFO] [1748621397.514482515] [spotrobot]: I heard: "{"performative": "query", "sender": "uvdrobot1", "receiver": "spotrobot1", "content": "Ready|a_authorize_disinfect"}"
[nurse_disinfect-3] [INFO] [1748621397.514575270] [nurse_disinfect]: And it is not for me
[spotrobot-5] [INFO] [1748621397.514956248] [spotrobot]: And it is for me
[uvdrobot-4] [INFO] [1748621397.515114549] [uvdrobot]: I heard: "{"performative": "query", "sender": "uvdrobot1", "receiver": "spotrobot1", "content": "Ready|a_authorize_disinfect"}"
[nurse_disinfect-3] [INFO] [1748621397.515141461] [nurse_disinfect]: I heard: "{"performative": "query", "sender": "nurse_disinfected1", "receiver": "spotrobot1", "content": "Ready|a_authenticate_nurse"}"
[nurse_disinfect-3] [INFO] [1748621397.515411853] [nurse_disinfect]: And it is not for me
[spotrobot-5] [INFO] [1748621397.515513681] [spotrobot]: No there yet
[uvdrobot-4] [INFO] [1748621397.515656984] [uvdrobot]: And it is not for me
[spotrobot-5] [INFO] [1748621397.516050351] [spotrobot]: I heard: "{"performative": "query", "sender": "nurse_disinfected1", "receiver": "spotrobot1", "content": "Ready|a_authenticate_nurse"}"
[spotrobot-5] [INFO] [1748621397.516320239] [spotrobot]: And it is for me
[uvdrobot-4] [INFO] [1748621397.516548552] [uvdrobot]: I heard: "{"performative": "query", "sender": "nurse_disinfected1", "receiver": "spotrobot1", "content": "Ready|a_authenticate_nurse"}"
[spotrobot-5] [INFO] [1748621397.516695246] [spotrobot]: No there yet
[uvdrobot-4] [INFO] [1748621397.517074955] [uvdrobot]: And it is not for me
[spotrobot-5] [INFO] [1748621397.517324316] [spotrobot]: success
[spotrobot-5] [INFO] [1748621397.517703351] [spotrobot]: Doing a_authenticate_nurse
[spotrobot-5] [INFO] [1748621397.518043726] [spotrobot]: a_authenticate_nurse
[spotrobot-5] [INFO] [1748621397.518610630] [spotrobot]: Nurse is waiting, send action message
[nurse_disinfect-3] [INFO] [1748621397.519225826] [nurse_disinfect]: I heard: "{"performative": "query", "sender": "spotrobot1", "receiver": "nurse_disinfected1", "content": "Done|a_authenticate_nurse"}"
[spotrobot-5] [INFO] [1748621397.519334827] [spotrobot]: I heard: "{"performative": "query", "sender": "spotrobot1", "receiver": "nurse_disinfected1", "content": "Done|a_authenticate_nurse"}"
[nurse_disinfect-3] [INFO] [1748621397.519555335] [nurse_disinfect]: And it is for me
[uvdrobot-4] [INFO] [1748621397.519559702] [uvdrobot]: I heard: "{"performative": "query", "sender": "spotrobot1", "receiver": "nurse_disinfected1", "content": "Done|a_authenticate_nurse"}"
[spotrobot-5] [INFO] [1748621397.519884357] [spotrobot]: And it is not for me
[nurse_disinfect-3] [INFO] [1748621397.519912400] [nurse_disinfect]: Finished action
[uvdrobot-4] [INFO] [1748621397.520125968] [uvdrobot]: And it is not for me
[nurse_disinfect-3] [INFO] [1748621397.520446781] [nurse_disinfect]: a_clean_room
[nurse_disinfect-3] [INFO] [1748621397.520722301] [nurse_disinfect]: Doing a_clean_room
[spotrobot-5] [INFO] [1748621397.520719657] [spotrobot]: I heard: "{"performative": "query", "sender": "nurse_disinfected1", "receiver": "spotrobot1", "content": "Done|a_authenticate_nurse"}"
[uvdrobot-4] [INFO] [1748621397.521144977] [uvdrobot]: I heard: "{"performative": "query", "sender": "nurse_disinfected1", "receiver": "spotrobot1", "content": "Done|a_authenticate_nurse"}"
[nurse_disinfect-3] [INFO] [1748621397.521221851] [nurse_disinfect]: Waiting for response
[spotrobot-5] [INFO] [1748621397.521266984] [spotrobot]: And it is for me
[uvdrobot-4] [INFO] [1748621397.521667095] [uvdrobot]: And it is not for me
[spotrobot-5] [INFO] [1748621397.521749466] [spotrobot]: Finished action
[nurse_disinfect-3] [INFO] [1748621397.521786313] [nurse_disinfect]: I heard: "{"performative": "query", "sender": "nurse_disinfected1", "receiver": "spotrobot1", "content": "Done|a_authenticate_nurse"}"
[nurse_disinfect-3] [INFO] [1748621397.522305079] [nurse_disinfect]: And it is not for me
[spotrobot-5] [INFO] [1748621397.522442517] [spotrobot]: Doing a_authorize_patrol
[uvdrobot-4] [INFO] [1748621397.522603278] [uvdrobot]: I heard: "{"performative": "query", "sender": "spotrobot1", "receiver": "nurse_disinfected1", "content": "Done|a_authenticate_nurse"}"
[nurse_disinfect-3] [INFO] [1748621397.522869313] [nurse_disinfect]: I heard: "{"performative": "query", "sender": "spotrobot1", "receiver": "nurse_disinfected1", "content": "Done|a_authenticate_nurse"}"
[spotrobot-5] [INFO] [1748621397.522988268] [spotrobot]: a_authorize_patrol
[uvdrobot-4] [INFO] [1748621397.523146900] [uvdrobot]: And it is not for me
[nurse_disinfect-3] [INFO] [1748621397.523208112] [nurse_disinfect]: And it is for me
[nurse_disinfect-3] [INFO] [1748621397.523507473] [nurse_disinfect]: Already finished action
[spotrobot-5] [INFO] [1748621397.523524871] [spotrobot]: Here first, waiting for nurse
[nurse_disinfect-3] [INFO] [1748621397.524154667] [nurse_disinfect]: I heard: "{"performative": "query", "sender": "spotrobot1", "receiver": "nurse_disinfected1", "content": "Ready|a_authorize_patrol"}"
[uvdrobot-4] [INFO] [1748621397.524405146] [uvdrobot]: I heard: "{"performative": "query", "sender": "spotrobot1", "receiver": "nurse_disinfected1", "content": "Ready|a_authorize_patrol"}"
[nurse_disinfect-3] [INFO] [1748621397.524444805] [nurse_disinfect]: And it is for me
[spotrobot-5] [INFO] [1748621397.524659390] [spotrobot]: I heard: "{"performative": "query", "sender": "spotrobot1", "receiver": "nurse_disinfected1", "content": "Done|a_authenticate_nurse"}"
[nurse_disinfect-3] [INFO] [1748621397.524771674] [nurse_disinfect]: No there yet
[uvdrobot-4] [INFO] [1748621397.524991597] [uvdrobot]: And it is not for me
[nurse_disinfect-3] [INFO] [1748621397.525147431] [nurse_disinfect]: success
[spotrobot-5] [INFO] [1748621397.525221259] [spotrobot]: And it is not for me
[nurse_disinfect-3] [INFO] [1748621397.525495510] [nurse_disinfect]: a_authorize_patrol
[nurse_disinfect-3] [INFO] [1748621397.525769606] [nurse_disinfect]: Doing a_authorize_patrol
[nurse_disinfect-3] [INFO] [1748621397.526019585] [nurse_disinfect]: a_authorize_patrol
[spotrobot-5] [INFO] [1748621397.526120797] [spotrobot]: I heard: "{"performative": "query", "sender": "spotrobot1", "receiver": "nurse_disinfected1", "content": "Ready|a_authorize_patrol"}"
[nurse_disinfect-3] [INFO] [1748621397.526273078] [nurse_disinfect]: Robot is waiting, send action message
[spotrobot-5] [INFO] [1748621397.526612055] [spotrobot]: And it is not for me
[uvdrobot-4] [INFO] [1748621397.526860894] [uvdrobot]: I heard: "{"performative": "query", "sender": "nurse_disinfected1", "receiver": "spotrobot1", "content": "Done|a_authorize_patrol"}"
[nurse_disinfect-3] [INFO] [1748621397.526882107] [nurse_disinfect]: I heard: "{"performative": "query", "sender": "nurse_disinfected1", "receiver": "spotrobot1", "content": "Done|a_authorize_patrol"}"
[uvdrobot-4] [INFO] [1748621397.527137212] [uvdrobot]: And it is not for me
[nurse_disinfect-3] [INFO] [1748621397.527155110] [nurse_disinfect]: And it is not for me
[spotrobot-5] [INFO] [1748621397.527567272] [spotrobot]: I heard: "{"performative": "query", "sender": "nurse_disinfected1", "receiver": "spotrobot1", "content": "Done|a_authorize_patrol"}"
[spotrobot-5] [INFO] [1748621397.528068218] [spotrobot]: And it is for me
[spotrobot-5] [INFO] [1748621397.528548448] [spotrobot]: Finished action
[uvdrobot-4] [INFO] [1748621397.529182777] [uvdrobot]: I heard: "{"performative": "query", "sender": "spotrobot1", "receiver": "nurse_disinfected1", "content": "Done|a_authorize_patrol"}"
[nurse_disinfect-3] [INFO] [1748621397.529226373] [nurse_disinfect]: I heard: "{"performative": "query", "sender": "spotrobot1", "receiver": "nurse_disinfected1", "content": "Done|a_authorize_patrol"}"
[spotrobot-5] [INFO] [1748621397.529269967] [spotrobot]: Doing a_patrol_room
[nurse_disinfect-3] [INFO] [1748621397.529502548] [nurse_disinfect]: And it is for me
[uvdrobot-4] [INFO] [1748621397.529502161] [uvdrobot]: And it is not for me
[nurse_disinfect-3] [INFO] [1748621397.529821059] [nurse_disinfect]: Finished action
[spotrobot-5] [INFO] [1748621397.529844450] [spotrobot]: Wating for response
[uvdrobot-4] [INFO] [1748621397.530506770] [uvdrobot]: I heard: "{"performative": "query", "sender": "nurse_disinfected1", "receiver": "spotrobot1", "content": "Done|a_authorize_patrol"}"
[nurse_disinfect-3] [INFO] [1748621397.530576249] [nurse_disinfect]: I heard: "{"performative": "query", "sender": "nurse_disinfected1", "receiver": "spotrobot1", "content": "Done|a_authorize_patrol"}"
[spotrobot-5] [INFO] [1748621397.530699326] [spotrobot]: I heard: "{"performative": "query", "sender": "spotrobot1", "receiver": "nurse_disinfected1", "content": "Done|a_authorize_patrol"}"
[uvdrobot-4] [INFO] [1748621397.530890069] [uvdrobot]: And it is not for me
[nurse_disinfect-3] [INFO] [1748621397.530921393] [nurse_disinfect]: And it is not for me
[spotrobot-5] [INFO] [1748621397.531208877] [spotrobot]: And it is not for me
[spotrobot-5] [INFO] [1748621397.532103704] [spotrobot]: I heard: "{"performative": "query", "sender": "nurse_disinfected1", "receiver": "spotrobot1", "content": "Done|a_authorize_patrol"}"
[spotrobot-5] [INFO] [1748621397.532465213] [spotrobot]: And it is for me
[spotrobot-5] [INFO] [1748621397.532883286] [spotrobot]: Already finished action
[spotrobot-5] [INFO] [1748621397.534139764] [spotrobot]: success
[spotrobot-5] [INFO] [1748621397.534659831] [spotrobot]: Doing a_authorize_disinfect
[spotrobot-5] [INFO] [1748621397.534982406] [spotrobot]: a_authorize_disinfect
[spotrobot-5] [INFO] [1748621397.535293318] [spotrobot]: Here first, waiting for spotrobot
[spotrobot-5] [INFO] [1748621397.535980737] [spotrobot]: I heard: "{"performative": "query", "sender": "spotrobot1", "receiver": "uvdrobot1", "content": "Ready|a_authorize_disinfect"}"
[nurse_disinfect-3] [INFO] [1748621397.535993736] [nurse_disinfect]: I heard: "{"performative": "query", "sender": "spotrobot1", "receiver": "uvdrobot1", "content": "Ready|a_authorize_disinfect"}"
[uvdrobot-4] [INFO] [1748621397.536190199] [uvdrobot]: I heard: "{"performative": "query", "sender": "spotrobot1", "receiver": "uvdrobot1", "content": "Ready|a_authorize_disinfect"}"
[nurse_disinfect-3] [INFO] [1748621397.536287190] [nurse_disinfect]: And it is not for me
[spotrobot-5] [INFO] [1748621397.536389701] [spotrobot]: And it is not for me
[uvdrobot-4] [INFO] [1748621397.536706096] [uvdrobot]: And it is for me
[uvdrobot-4] [INFO] [1748621397.537256947] [uvdrobot]: Ready to act
[spotrobot-5] [INFO] [1748621397.537874749] [spotrobot]: I heard: "{"performative": "query", "sender": "uvdrobot1", "receiver": "spotrobot1", "content": "Done|a_authorize_disinfect"}"
[nurse_disinfect-3] [INFO] [1748621397.537931649] [nurse_disinfect]: I heard: "{"performative": "query", "sender": "uvdrobot1", "receiver": "spotrobot1", "content": "Done|a_authorize_disinfect"}"
[nurse_disinfect-3] [INFO] [1748621397.538222082] [nurse_disinfect]: And it is not for me
[spotrobot-5] [INFO] [1748621397.538237370] [spotrobot]: And it is for me
[uvdrobot-4] [INFO] [1748621397.538468812] [uvdrobot]: I heard: "{"performative": "query", "sender": "uvdrobot1", "receiver": "spotrobot1", "content": "Done|a_authorize_disinfect"}"
[spotrobot-5] [INFO] [1748621397.538510583] [spotrobot]: Finished action
[uvdrobot-4] [INFO] [1748621397.539034680] [uvdrobot]: And it is not for me
[nurse_disinfect-3] [INFO] [1748621397.539047618] [nurse_disinfect]: I heard: "{"performative": "query", "sender": "spotrobot1", "receiver": "uvdrobot1", "content": "Done|a_authorize_disinfect"}"
[spotrobot-5] [INFO] [1748621397.539283924] [spotrobot]: I heard: "{"performative": "query", "sender": "spotrobot1", "receiver": "uvdrobot1", "content": "Done|a_authorize_disinfect"}"
[nurse_disinfect-3] [INFO] [1748621397.539389228] [nurse_disinfect]: And it is not for me
[spotrobot-5] [INFO] [1748621397.539568050] [spotrobot]: And it is not for me
[uvdrobot-4] [INFO] [1748621397.539987143] [uvdrobot]: I heard: "{"performative": "query", "sender": "spotrobot1", "receiver": "uvdrobot1", "content": "Done|a_authorize_disinfect"}"
[uvdrobot-4] [INFO] [1748621397.540553694] [uvdrobot]: And it is for me
[uvdrobot-4] [INFO] [1748621397.541108991] [uvdrobot]: Finished action
[nurse_disinfect-3] [INFO] [1748621397.541958867] [nurse_disinfect]: I heard: "{"performative": "query", "sender": "uvdrobot1", "receiver": "spotrobot1", "content": "Done|a_authorize_disinfect"}"
[spotrobot-5] [INFO] [1748621397.541989457] [spotrobot]: I heard: "{"performative": "query", "sender": "uvdrobot1", "receiver": "spotrobot1", "content": "Done|a_authorize_disinfect"}"
[uvdrobot-4] [INFO] [1748621397.541996522] [uvdrobot]: Doing a_navto
[nurse_disinfect-3] [INFO] [1748621397.542283599] [nurse_disinfect]: And it is not for me
[spotrobot-5] [INFO] [1748621397.542518002] [spotrobot]: And it is for me
[uvdrobot-4] [INFO] [1748621397.542598389] [uvdrobot]: Waiting for response
[spotrobot-5] [INFO] [1748621397.542814277] [spotrobot]: Already finished action
[uvdrobot-4] [INFO] [1748621397.543497984] [uvdrobot]: I heard: "{"performative": "query", "sender": "uvdrobot1", "receiver": "spotrobot1", "content": "Done|a_authorize_disinfect"}"
[uvdrobot-4] [INFO] [1748621397.544084511] [uvdrobot]: And it is not for me
[uvdrobot-4] [INFO] [1748621397.545947530] [uvdrobot]: success
[uvdrobot-4] [INFO] [1748621397.546595549] [uvdrobot]: Doing a_disinfect_room
[uvdrobot-4] [INFO] [1748621397.547276661] [uvdrobot]: Waiting for response
[uvdrobot-4] [INFO] [1748621397.549228775] [uvdrobot]: success
[uvdrobot-4] [INFO] [1748621397.551709649] [uvdrobot]: Recebido sinal de desligamento do coordenador, finalizando...
[nurse_disinfect-3] [INFO] [1748621397.551709643] [nurse_disinfect]: Recebido sinal de desligamento do coordenador, finalizando...
[disinfect_planner-2] [INFO] [1748621397.551739754] [disinfect_planner]: Recebido sinal de desligamento do coordenador, finalizando...
[spotrobot-5] [INFO] [1748621397.551802096] [spotrobot]: Recebido sinal de desligamento do coordenador, finalizando...
[disinfect_environment-1] [INFO] [1748621397.551894952] [disinfect_environment]: Recebido sinal de desligamento do coordenador, finalizando...
[uvdrobot-4] [INFO] [1748621397.552236725] [Quitting]: Done
[nurse_disinfect-3] [INFO] [1748621397.552236615] [Quitting]: Done
[spotrobot-5] [INFO] [1748621397.552396782] [Quitting]: Done
[disinfect_planner-2] [INFO] [1748621397.552438030] [Quitting]: Done
[disinfect_environment-1] [INFO] [1748621397.552463251] [Quitting]: Done
[INFO] [disinfect_environment-1]: process has finished cleanly [pid 39619]
[INFO] [spotrobot-5]: process has finished cleanly [pid 39627]
[INFO] [uvdrobot-4]: process has finished cleanly [pid 39625]
[INFO] [nurse_disinfect-3]: process has finished cleanly [pid 39623]
