[INFO] [launch]: All log files can be found below /home/rafael/.ros/log/2025-05-29-09-09-54-916840-NotebookRafael-10010
[INFO] [launch]: Default logging verbosity is set to INFO
[INFO] [disinfect_environment-1]: process started with pid [10013]
[INFO] [disinfect_planner-2]: process started with pid [10015]
[INFO] [nurse_disinfect-3]: process started with pid [10017]
[INFO] [uvdrobot-4]: process started with pid [10019]
[INFO] [spotrobot-5]: process started with pid [10021]
[disinfect_environment-1] [INFO] [1748520595.215237668] [disinfect_environment]: Starting Environment server
[disinfect_environment-1] [INFO] [1748520595.219276661] [disinfect_environment]: Environment server started
[disinfect_planner-2] [INFO] [1748520595.775854397] [disinfect_planner]: Starting Planner server
[disinfect_planner-2] [INFO] [1748520595.780521186] [disinfect_planner]: Planner server started
[disinfect_planner-2] [INFO] [1748520595.969089790] [disinfect_planner]: Creating plan for: spotrobot1 uvdrobot1 nurse_disinfected1
[disinfect_planner-2] [INFO] [1748520595.970864087] [disinfect_planner]: a_navto,spotrobot1,room1
[disinfect_planner-2] [INFO] [1748520595.971260279] [disinfect_planner]: a_open_door,spotrobot1,room1
[disinfect_planner-2] [INFO] [1748520595.971600192] [disinfect_planner]: a_approach_nurse,spotrobot1,nurse_disinfected1
[disinfect_planner-2] [INFO] [1748520595.971969614] [disinfect_planner]: a_authenticate_nurse,spotrobot1,nurse_disinfected1
[disinfect_planner-2] [INFO] [1748520595.972303130] [disinfect_planner]: a_authorize_patrol,spotrobot1,nurse_disinfected1
[disinfect_planner-2] [INFO] [1748520595.972636877] [disinfect_planner]: a_patrol_room,spotrobot1,room1
[disinfect_planner-2] [INFO] [1748520595.972967790] [disinfect_planner]: a_authorize_disinfect,uvdrobot1,spotrobot1
[disinfect_planner-2] [INFO] [1748520595.973295246] [disinfect_planner]: a_navto,uvdrobot1,room1
[disinfect_planner-2] [INFO] [1748520595.973623292] [disinfect_planner]: a_disinfect_room,uvdrobot1,room1
[disinfect_planner-2] [INFO] [1748520595.973995360] [disinfect_planner]: Sending response
[uvdrobot-4] [INFO] [1748520595.974739859] [uvdrobot]: response.response uvdrobot1
[uvdrobot-4] [INFO] [1748520595.975131740] [uvdrobot]: My name is uvdrobot1
[spotrobot-5] [INFO] [1748520595.976017796] [spotrobot]: response.response spotrobot1
[uvdrobot-4] [INFO] [1748520595.976296242] [uvdrobot]: I heard: "{"performative": "request", "sender": "Coordinator", "receiver": "uvdrobot1", "content": "Plan|a_authorize_disinfect,uvdrobot1,spotrobot1/a_navto,uvdrobot1,room1/a_disinfect_room,uvdrobot1,room1"}"
[spotrobot-5] [INFO] [1748520595.976417665] [spotrobot]: My name is spotrobot1
[uvdrobot-4] [INFO] [1748520595.976600386] [uvdrobot]: And it is for me
[uvdrobot-4] [INFO] [1748520595.976995007] [uvdrobot]: Doing a_authorize_disinfect
[spotrobot-5] [INFO] [1748520595.977193427] [spotrobot]: I heard: "{"performative": "request", "sender": "Coordinator", "receiver": "uvdrobot1", "content": "Plan|a_authorize_disinfect,uvdrobot1,spotrobot1/a_navto,uvdrobot1,room1/a_disinfect_room,uvdrobot1,room1"}"
[uvdrobot-4] [INFO] [1748520595.977339462] [uvdrobot]: a_authorize_disinfect
[spotrobot-5] [INFO] [1748520595.977519450] [spotrobot]: And it is not for me
[uvdrobot-4] [INFO] [1748520595.977634490] [uvdrobot]: Here first, waiting for spotrobot
[spotrobot-5] [INFO] [1748520595.978196293] [spotrobot]: I heard: "{"performative": "request", "sender": "Coordinator", "receiver": "spotrobot1", "content": "Plan|a_navto,spotrobot1,room1/a_open_door,spotrobot1,room1/a_approach_nurse,spotrobot1,nurse_disinfected1/a_authenticate_nurse,spotrobot1,nurse_disinfected1/a_authorize_patrol,spotrobot1,nurse_disinfected1/a_patrol_room,spotrobot1,room1/a_authorize_disinfect,uvdrobot1,spotrobot1"}"
[uvdrobot-4] [INFO] [1748520595.978358611] [uvdrobot]: I heard: "{"performative": "request", "sender": "Coordinator", "receiver": "spotrobot1", "content": "Plan|a_navto,spotrobot1,room1/a_open_door,spotrobot1,room1/a_approach_nurse,spotrobot1,nurse_disinfected1/a_authenticate_nurse,spotrobot1,nurse_disinfected1/a_authorize_patrol,spotrobot1,nurse_disinfected1/a_patrol_room,spotrobot1,room1/a_authorize_disinfect,uvdrobot1,spotrobot1"}"
[spotrobot-5] [INFO] [1748520595.978504242] [spotrobot]: And it is for me
[uvdrobot-4] [INFO] [1748520595.978655156] [uvdrobot]: And it is not for me
[spotrobot-5] [INFO] [1748520595.978932155] [spotrobot]: Doing a_navto
[uvdrobot-4] [INFO] [1748520595.979001920] [uvdrobot]: I heard: "{"performative": "query", "sender": "uvdrobot1", "receiver": "spotrobot1", "content": "Ready|a_authorize_disinfect"}"
[spotrobot-5] [INFO] [1748520595.979404090] [spotrobot]: Wating for response
[uvdrobot-4] [INFO] [1748520595.979453746] [uvdrobot]: And it is not for me
[nurse_disinfect-3] [INFO] [1748520595.979914119] [nurse_disinfect]: response.response nurse_disinfected1
[spotrobot-5] [INFO] [1748520595.979991805] [spotrobot]: I heard: "{"performative": "request", "sender": "Coordinator", "receiver": "nurse_disinfected1", "content": "Plan|a_approach_nurse,spotrobot1,nurse_disinfected1/a_authenticate_nurse,spotrobot1,nurse_disinfected1/a_authorize_patrol,spotrobot1,nurse_disinfected1"}"
[uvdrobot-4] [INFO] [1748520595.980292499] [uvdrobot]: I heard: "{"performative": "request", "sender": "Coordinator", "receiver": "nurse_disinfected1", "content": "Plan|a_approach_nurse,spotrobot1,nurse_disinfected1/a_authenticate_nurse,spotrobot1,nurse_disinfected1/a_authorize_patrol,spotrobot1,nurse_disinfected1"}"
[spotrobot-5] [INFO] [1748520595.980340445] [spotrobot]: And it is not for me
[nurse_disinfect-3] [INFO] [1748520595.980528182] [nurse_disinfect]: My name is nurse_disinfected1
[uvdrobot-4] [INFO] [1748520595.980723901] [uvdrobot]: And it is not for me
[spotrobot-5] [INFO] [1748520595.980747069] [spotrobot]: I heard: "{"performative": "query", "sender": "uvdrobot1", "receiver": "spotrobot1", "content": "Ready|a_authorize_disinfect"}"
[spotrobot-5] [INFO] [1748520595.981050033] [spotrobot]: And it is for me
[spotrobot-5] [INFO] [1748520595.981428413] [spotrobot]: No there yet
[spotrobot-5] [INFO] [1748520595.982445697] [spotrobot]: success
[spotrobot-5] [INFO] [1748520595.982998318] [spotrobot]: Doing a_open_door
[spotrobot-5] [INFO] [1748520595.983500531] [spotrobot]: Wating for response
[spotrobot-5] [INFO] [1748520595.984894477] [spotrobot]: success
[spotrobot-5] [INFO] [1748520595.985293019] [spotrobot]: Doing a_approach_nurse
[spotrobot-5] [INFO] [1748520595.985784124] [spotrobot]: Wating for response
[spotrobot-5] [INFO] [1748520595.986705608] [spotrobot]: success
[spotrobot-5] [INFO] [1748520595.987099407] [spotrobot]: Doing a_authenticate_nurse
[spotrobot-5] [INFO] [1748520595.987441069] [spotrobot]: a_authenticate_nurse
[spotrobot-5] [INFO] [1748520595.987780076] [spotrobot]: Here first, waiting for nurse
[uvdrobot-4] [INFO] [1748520595.988398740] [uvdrobot]: I heard: "{"performative": "query", "sender": "spotrobot1", "receiver": "nurse_disinfected1", "content": "Ready|a_authenticate_nurse"}"
[spotrobot-5] [INFO] [1748520595.988759493] [spotrobot]: I heard: "{"performative": "query", "sender": "spotrobot1", "receiver": "nurse_disinfected1", "content": "Ready|a_authenticate_nurse"}"
[uvdrobot-4] [INFO] [1748520595.988766507] [uvdrobot]: And it is not for me
[spotrobot-5] [INFO] [1748520595.989115584] [spotrobot]: And it is not for me
[nurse_disinfect-3] [INFO] [1748520596.982755831] [nurse_disinfect]: I heard: "{"performative": "request", "sender": "Coordinator", "receiver": "uvdrobot1", "content": "Plan|a_authorize_disinfect,uvdrobot1,spotrobot1/a_navto,uvdrobot1,room1/a_disinfect_room,uvdrobot1,room1"}"
[nurse_disinfect-3] [INFO] [1748520596.983129387] [nurse_disinfect]: And it is not for me
[nurse_disinfect-3] [INFO] [1748520596.983587666] [nurse_disinfect]: I heard: "{"performative": "query", "sender": "uvdrobot1", "receiver": "spotrobot1", "content": "Ready|a_authorize_disinfect"}"
[nurse_disinfect-3] [INFO] [1748520596.983928915] [nurse_disinfect]: And it is not for me
[nurse_disinfect-3] [INFO] [1748520596.984548284] [nurse_disinfect]: I heard: "{"performative": "request", "sender": "Coordinator", "receiver": "spotrobot1", "content": "Plan|a_navto,spotrobot1,room1/a_open_door,spotrobot1,room1/a_approach_nurse,spotrobot1,nurse_disinfected1/a_authenticate_nurse,spotrobot1,nurse_disinfected1/a_authorize_patrol,spotrobot1,nurse_disinfected1/a_patrol_room,spotrobot1,room1/a_authorize_disinfect,uvdrobot1,spotrobot1"}"
[nurse_disinfect-3] [INFO] [1748520596.984876886] [nurse_disinfect]: And it is not for me
[nurse_disinfect-3] [INFO] [1748520596.985290269] [nurse_disinfect]: I heard: "{"performative": "query", "sender": "spotrobot1", "receiver": "nurse_disinfected1", "content": "Ready|a_authenticate_nurse"}"
[nurse_disinfect-3] [INFO] [1748520596.985622334] [nurse_disinfect]: And it is for me
[nurse_disinfect-3] [INFO] [1748520596.985938191] [nurse_disinfect]: No there yet
[nurse_disinfect-3] [INFO] [1748520596.986601971] [nurse_disinfect]: I heard: "{"performative": "request", "sender": "Coordinator", "receiver": "nurse_disinfected1", "content": "Plan|a_approach_nurse,spotrobot1,nurse_disinfected1/a_authenticate_nurse,spotrobot1,nurse_disinfected1/a_authorize_patrol,spotrobot1,nurse_disinfected1"}"
[nurse_disinfect-3] [INFO] [1748520596.986969690] [nurse_disinfect]: And it is for me
[nurse_disinfect-3] [INFO] [1748520596.988594478] [nurse_disinfect]: a_approach_nurse
[nurse_disinfect-3] [INFO] [1748520596.989220074] [nurse_disinfect]: a_authenticate_nurse
[nurse_disinfect-3] [INFO] [1748520596.989790900] [nurse_disinfect]: Doing a_authenticate_nurse
[nurse_disinfect-3] [INFO] [1748520596.990137129] [nurse_disinfect]: a_authenticate_nurse
[nurse_disinfect-3] [INFO] [1748520596.990655451] [nurse_disinfect]: Robot is waiting, send action message
[uvdrobot-4] [INFO] [1748520596.991618716] [uvdrobot]: I heard: "{"performative": "query", "sender": "nurse_disinfected1", "receiver": "spotrobot1", "content": "Done|a_authenticate_nurse"}"
[nurse_disinfect-3] [INFO] [1748520596.991774572] [nurse_disinfect]: I heard: "{"performative": "query", "sender": "nurse_disinfected1", "receiver": "spotrobot1", "content": "Done|a_authenticate_nurse"}"
[spotrobot-5] [INFO] [1748520596.991789872] [spotrobot]: I heard: "{"performative": "query", "sender": "nurse_disinfected1", "receiver": "spotrobot1", "content": "Done|a_authenticate_nurse"}"
[uvdrobot-4] [INFO] [1748520596.992046857] [uvdrobot]: And it is not for me
[nurse_disinfect-3] [INFO] [1748520596.992238980] [nurse_disinfect]: And it is not for me
[spotrobot-5] [INFO] [1748520596.992270799] [spotrobot]: And it is for me
[spotrobot-5] [INFO] [1748520596.992758886] [spotrobot]: Finished action
[spotrobot-5] [INFO] [1748520596.993524870] [spotrobot]: Doing a_authorize_patrol
[uvdrobot-4] [INFO] [1748520596.993545329] [uvdrobot]: I heard: "{"performative": "query", "sender": "spotrobot1", "receiver": "nurse_disinfected1", "content": "Done|a_authenticate_nurse"}"
[nurse_disinfect-3] [INFO] [1748520596.993681420] [nurse_disinfect]: I heard: "{"performative": "query", "sender": "spotrobot1", "receiver": "nurse_disinfected1", "content": "Done|a_authenticate_nurse"}"
[uvdrobot-4] [INFO] [1748520596.993866488] [uvdrobot]: And it is not for me
[spotrobot-5] [INFO] [1748520596.994026246] [spotrobot]: a_authorize_patrol
[nurse_disinfect-3] [INFO] [1748520596.994145663] [nurse_disinfect]: And it is for me
[spotrobot-5] [INFO] [1748520596.994469622] [spotrobot]: Here first, waiting for nurse
[nurse_disinfect-3] [INFO] [1748520596.994602843] [nurse_disinfect]: Finished action
[nurse_disinfect-3] [INFO] [1748520596.995362232] [nurse_disinfect]: a_authorize_patrol
[uvdrobot-4] [INFO] [1748520596.995369837] [uvdrobot]: I heard: "{"performative": "query", "sender": "spotrobot1", "receiver": "nurse_disinfected1", "content": "Ready|a_authorize_patrol"}"
[spotrobot-5] [INFO] [1748520596.995591418] [spotrobot]: I heard: "{"performative": "query", "sender": "spotrobot1", "receiver": "nurse_disinfected1", "content": "Done|a_authenticate_nurse"}"
[uvdrobot-4] [INFO] [1748520596.995798873] [uvdrobot]: And it is not for me
[nurse_disinfect-3] [INFO] [1748520596.995857323] [nurse_disinfect]: Doing a_authorize_patrol
[spotrobot-5] [INFO] [1748520596.996054153] [spotrobot]: And it is not for me
[nurse_disinfect-3] [INFO] [1748520596.996321187] [nurse_disinfect]: a_authorize_patrol
[uvdrobot-4] [INFO] [1748520596.996386811] [uvdrobot]: I heard: "{"performative": "query", "sender": "nurse_disinfected1", "receiver": "spotrobot1", "content": "Done|a_authenticate_nurse"}"
[nurse_disinfect-3] [INFO] [1748520596.996769884] [nurse_disinfect]: Here first, waiting for robot
[uvdrobot-4] [INFO] [1748520596.996952578] [uvdrobot]: And it is not for me
[spotrobot-5] [INFO] [1748520596.996984186] [spotrobot]: I heard: "{"performative": "query", "sender": "spotrobot1", "receiver": "nurse_disinfected1", "content": "Ready|a_authorize_patrol"}"
[spotrobot-5] [INFO] [1748520596.997528006] [spotrobot]: And it is not for me
[uvdrobot-4] [INFO] [1748520596.997580557] [uvdrobot]: I heard: "{"performative": "query", "sender": "nurse_disinfected1", "receiver": "spotrobot1", "content": "Ready|a_authorize_patrol"}"
[nurse_disinfect-3] [INFO] [1748520596.997965809] [nurse_disinfect]: I heard: "{"performative": "query", "sender": "spotrobot1", "receiver": "nurse_disinfected1", "content": "Ready|a_authorize_patrol"}"
[uvdrobot-4] [INFO] [1748520596.997977121] [uvdrobot]: And it is not for me
[spotrobot-5] [INFO] [1748520596.998443932] [spotrobot]: I heard: "{"performative": "query", "sender": "nurse_disinfected1", "receiver": "spotrobot1", "content": "Done|a_authenticate_nurse"}"
[nurse_disinfect-3] [INFO] [1748520596.998449470] [nurse_disinfect]: And it is for me
[nurse_disinfect-3] [INFO] [1748520596.998885326] [nurse_disinfect]: Ready to act
[spotrobot-5] [INFO] [1748520596.998890333] [spotrobot]: And it is for me
[spotrobot-5] [INFO] [1748520596.999453269] [spotrobot]: Already finished action
[uvdrobot-4] [INFO] [1748520596.999588823] [uvdrobot]: I heard: "{"performative": "query", "sender": "nurse_disinfected1", "receiver": "spotrobot1", "content": "Done|a_authorize_patrol"}"
[uvdrobot-4] [INFO] [1748520596.999880866] [uvdrobot]: And it is not for me
[nurse_disinfect-3] [INFO] [1748520596.999994981] [nurse_disinfect]: I heard: "{"performative": "query", "sender": "nurse_disinfected1", "receiver": "spotrobot1", "content": "Done|a_authenticate_nurse"}"
[spotrobot-5] [INFO] [1748520597.000366200] [spotrobot]: I heard: "{"performative": "query", "sender": "nurse_disinfected1", "receiver": "spotrobot1", "content": "Ready|a_authorize_patrol"}"
[nurse_disinfect-3] [INFO] [1748520597.000524617] [nurse_disinfect]: And it is not for me
[spotrobot-5] [INFO] [1748520597.000892013] [spotrobot]: And it is for me
[spotrobot-5] [INFO] [1748520597.001438518] [spotrobot]: Ready to act
[nurse_disinfect-3] [INFO] [1748520597.001466868] [nurse_disinfect]: I heard: "{"performative": "query", "sender": "nurse_disinfected1", "receiver": "spotrobot1", "content": "Ready|a_authorize_patrol"}"
[nurse_disinfect-3] [INFO] [1748520597.002021292] [nurse_disinfect]: And it is not for me
[uvdrobot-4] [INFO] [1748520597.002160222] [uvdrobot]: I heard: "{"performative": "query", "sender": "spotrobot1", "receiver": "nurse_disinfected1", "content": "Done|a_authorize_patrol"}"
[uvdrobot-4] [INFO] [1748520597.002532912] [uvdrobot]: And it is not for me
[spotrobot-5] [INFO] [1748520597.002544262] [spotrobot]: I heard: "{"performative": "query", "sender": "nurse_disinfected1", "receiver": "spotrobot1", "content": "Done|a_authorize_patrol"}"
[nurse_disinfect-3] [INFO] [1748520597.002898802] [nurse_disinfect]: I heard: "{"performative": "query", "sender": "nurse_disinfected1", "receiver": "spotrobot1", "content": "Done|a_authorize_patrol"}"
[spotrobot-5] [INFO] [1748520597.003028973] [spotrobot]: And it is for me
[nurse_disinfect-3] [INFO] [1748520597.003427980] [nurse_disinfect]: And it is not for me
[spotrobot-5] [INFO] [1748520597.003683353] [spotrobot]: Finished action
[nurse_disinfect-3] [INFO] [1748520597.004147075] [nurse_disinfect]: I heard: "{"performative": "query", "sender": "spotrobot1", "receiver": "nurse_disinfected1", "content": "Done|a_authorize_patrol"}"
[spotrobot-5] [INFO] [1748520597.004460136] [spotrobot]: Doing a_patrol_room
[uvdrobot-4] [INFO] [1748520597.004580437] [uvdrobot]: I heard: "{"performative": "query", "sender": "spotrobot1", "receiver": "nurse_disinfected1", "content": "Done|a_authorize_patrol"}"
[nurse_disinfect-3] [INFO] [1748520597.004725839] [nurse_disinfect]: And it is for me
[uvdrobot-4] [INFO] [1748520597.005082513] [uvdrobot]: And it is not for me
[spotrobot-5] [INFO] [1748520597.005127359] [spotrobot]: Wating for response
[nurse_disinfect-3] [INFO] [1748520597.005274017] [nurse_disinfect]: Finished action
[spotrobot-5] [INFO] [1748520597.006293935] [spotrobot]: I heard: "{"performative": "query", "sender": "spotrobot1", "receiver": "nurse_disinfected1", "content": "Done|a_authorize_patrol"}"
[uvdrobot-4] [INFO] [1748520597.006342245] [uvdrobot]: I heard: "{"performative": "query", "sender": "nurse_disinfected1", "receiver": "spotrobot1", "content": "Done|a_authorize_patrol"}"
[nurse_disinfect-3] [INFO] [1748520597.006602801] [nurse_disinfect]: I heard: "{"performative": "query", "sender": "spotrobot1", "receiver": "nurse_disinfected1", "content": "Done|a_authorize_patrol"}"
[uvdrobot-4] [INFO] [1748520597.006712017] [uvdrobot]: And it is not for me
[spotrobot-5] [INFO] [1748520597.007026135] [spotrobot]: And it is not for me
[nurse_disinfect-3] [INFO] [1748520597.007212489] [nurse_disinfect]: And it is for me
[nurse_disinfect-3] [INFO] [1748520597.007779492] [nurse_disinfect]: Already finished action
[spotrobot-5] [INFO] [1748520597.007939093] [spotrobot]: I heard: "{"performative": "query", "sender": "spotrobot1", "receiver": "nurse_disinfected1", "content": "Done|a_authorize_patrol"}"
[spotrobot-5] [INFO] [1748520597.008614808] [spotrobot]: And it is not for me
[nurse_disinfect-3] [INFO] [1748520597.008713094] [nurse_disinfect]: I heard: "{"performative": "query", "sender": "nurse_disinfected1", "receiver": "spotrobot1", "content": "Done|a_authorize_patrol"}"
[nurse_disinfect-3] [INFO] [1748520597.009145816] [nurse_disinfect]: And it is not for me
[spotrobot-5] [INFO] [1748520597.009627035] [spotrobot]: I heard: "{"performative": "query", "sender": "nurse_disinfected1", "receiver": "spotrobot1", "content": "Done|a_authorize_patrol"}"
[spotrobot-5] [INFO] [1748520597.010262077] [spotrobot]: And it is for me
[spotrobot-5] [INFO] [1748520597.010849460] [spotrobot]: Already finished action
[spotrobot-5] [INFO] [1748520597.013195180] [spotrobot]: success
[spotrobot-5] [INFO] [1748520597.013908544] [spotrobot]: Doing a_authorize_disinfect
[spotrobot-5] [INFO] [1748520597.014498301] [spotrobot]: a_authorize_disinfect
[spotrobot-5] [INFO] [1748520597.015074098] [spotrobot]: Here first, waiting for spotrobot
[nurse_disinfect-3] [INFO] [1748520597.015783565] [nurse_disinfect]: I heard: "{"performative": "query", "sender": "spotrobot1", "receiver": "uvdrobot1", "content": "Ready|a_authorize_disinfect"}"
[uvdrobot-4] [INFO] [1748520597.015805532] [uvdrobot]: I heard: "{"performative": "query", "sender": "spotrobot1", "receiver": "uvdrobot1", "content": "Ready|a_authorize_disinfect"}"
[uvdrobot-4] [INFO] [1748520597.016180343] [uvdrobot]: And it is for me
[nurse_disinfect-3] [INFO] [1748520597.016196783] [nurse_disinfect]: And it is not for me
[spotrobot-5] [INFO] [1748520597.016261161] [spotrobot]: I heard: "{"performative": "query", "sender": "spotrobot1", "receiver": "uvdrobot1", "content": "Ready|a_authorize_disinfect"}"
[uvdrobot-4] [INFO] [1748520597.016479886] [uvdrobot]: Ready to act
[spotrobot-5] [INFO] [1748520597.016843330] [spotrobot]: And it is not for me
[nurse_disinfect-3] [INFO] [1748520597.017178998] [nurse_disinfect]: I heard: "{"performative": "query", "sender": "uvdrobot1", "receiver": "spotrobot1", "content": "Done|a_authorize_disinfect"}"
[uvdrobot-4] [INFO] [1748520597.017225101] [uvdrobot]: I heard: "{"performative": "query", "sender": "uvdrobot1", "receiver": "spotrobot1", "content": "Done|a_authorize_disinfect"}"
[uvdrobot-4] [INFO] [1748520597.017524887] [uvdrobot]: And it is not for me
[nurse_disinfect-3] [INFO] [1748520597.017530422] [nurse_disinfect]: And it is not for me
[spotrobot-5] [INFO] [1748520597.017884109] [spotrobot]: I heard: "{"performative": "query", "sender": "uvdrobot1", "receiver": "spotrobot1", "content": "Done|a_authorize_disinfect"}"
[spotrobot-5] [INFO] [1748520597.018429457] [spotrobot]: And it is for me
[spotrobot-5] [INFO] [1748520597.019020099] [spotrobot]: Finished action
[nurse_disinfect-3] [INFO] [1748520597.019832938] [nurse_disinfect]: I heard: "{"performative": "query", "sender": "spotrobot1", "receiver": "uvdrobot1", "content": "Done|a_authorize_disinfect"}"
[uvdrobot-4] [INFO] [1748520597.019835397] [uvdrobot]: I heard: "{"performative": "query", "sender": "spotrobot1", "receiver": "uvdrobot1", "content": "Done|a_authorize_disinfect"}"
[spotrobot-5] [INFO] [1748520597.020028211] [spotrobot]: I heard: "{"performative": "query", "sender": "spotrobot1", "receiver": "uvdrobot1", "content": "Done|a_authorize_disinfect"}"
[uvdrobot-4] [INFO] [1748520597.020276837] [uvdrobot]: And it is for me
[nurse_disinfect-3] [INFO] [1748520597.020389415] [nurse_disinfect]: And it is not for me
[spotrobot-5] [INFO] [1748520597.020587421] [spotrobot]: And it is not for me
[uvdrobot-4] [INFO] [1748520597.020837944] [uvdrobot]: Finished action
[uvdrobot-4] [INFO] [1748520597.021544849] [uvdrobot]: Doing a_navto
[spotrobot-5] [INFO] [1748520597.021637014] [spotrobot]: I heard: "{"performative": "query", "sender": "uvdrobot1", "receiver": "spotrobot1", "content": "Done|a_authorize_disinfect"}"
[nurse_disinfect-3] [INFO] [1748520597.022002253] [nurse_disinfect]: I heard: "{"performative": "query", "sender": "uvdrobot1", "receiver": "spotrobot1", "content": "Done|a_authorize_disinfect"}"
[spotrobot-5] [INFO] [1748520597.022134274] [spotrobot]: And it is for me
[uvdrobot-4] [INFO] [1748520597.022316777] [uvdrobot]: Waiting for response
[nurse_disinfect-3] [INFO] [1748520597.022398670] [nurse_disinfect]: And it is not for me
[spotrobot-5] [INFO] [1748520597.022530108] [spotrobot]: Already finished action
[uvdrobot-4] [INFO] [1748520597.023242422] [uvdrobot]: I heard: "{"performative": "query", "sender": "uvdrobot1", "receiver": "spotrobot1", "content": "Done|a_authorize_disinfect"}"
[uvdrobot-4] [INFO] [1748520597.023541236] [uvdrobot]: And it is not for me
[uvdrobot-4] [INFO] [1748520597.024552849] [uvdrobot]: success
[uvdrobot-4] [INFO] [1748520597.024998929] [uvdrobot]: Doing a_disinfect_room
[uvdrobot-4] [INFO] [1748520597.025442889] [uvdrobot]: Waiting for response
[uvdrobot-4] [INFO] [1748520597.026643454] [uvdrobot]: success
[nurse_disinfect-3] [INFO] [1748520597.029968743] [nurse_disinfect]: Recebido sinal de desligamento do coordenador, finalizando...
[uvdrobot-4] [INFO] [1748520597.029981516] [uvdrobot]: Recebido sinal de desligamento do coordenador, finalizando...
[spotrobot-5] [INFO] [1748520597.030175637] [spotrobot]: Recebido sinal de desligamento do coordenador, finalizando...
[disinfect_environment-1] [INFO] [1748520597.030180517] [disinfect_environment]: Recebido sinal de desligamento do coordenador, finalizando...
[disinfect_planner-2] [INFO] [1748520597.030230951] [disinfect_planner]: Recebido sinal de desligamento do coordenador, finalizando...
[nurse_disinfect-3] [INFO] [1748520597.030435836] [Quitting]: Done
[uvdrobot-4] [INFO] [1748520597.030618192] [Quitting]: Done
[disinfect_planner-2] [INFO] [1748520597.030843433] [Quitting]: Done
[disinfect_environment-1] [INFO] [1748520597.030917890] [Quitting]: Done
[spotrobot-5] [INFO] [1748520597.030921396] [Quitting]: Done
[INFO] [disinfect_environment-1]: process has finished cleanly [pid 10013]
[INFO] [nurse_disinfect-3]: process has finished cleanly [pid 10017]
[INFO] [uvdrobot-4]: process has finished cleanly [pid 10019]
[INFO] [spotrobot-5]: process has finished cleanly [pid 10021]
