[INFO] [launch]: All log files can be found below /home/rafael/.ros/log/2025-05-30-13-03-54-058342-NotebookRafael-33657
[INFO] [launch]: Default logging verbosity is set to INFO
[INFO] [disinfect_coordinator-1]: process started with pid [33659]
[disinfect_coordinator-1] [INFO] [1748621035.074271746] [disinfect_coordinator]: spin
[disinfect_coordinator-1] [INFO] [1748621035.075199508] [disinfect_coordinator]: Received: Performative=request, Sender=uvdrobot, Receiver=Coordinator, Content=Register
[disinfect_coordinator-1] [INFO] [1748621035.075547089] [disinfect_coordinator]: Current uvdrobots: uvdrobot1 - 1
[disinfect_coordinator-1] [INFO] [1748621035.075905906] [disinfect_coordinator]: Response: uvdrobot1
[disinfect_coordinator-1] [INFO] [1748621035.076751736] [disinfect_coordinator]: Received: Performative=request, Sender=spotrobot, Receiver=Coordinator, Content=Register
[disinfect_coordinator-1] [INFO] [1748621035.077072382] [disinfect_coordinator]: Current Spotrobots: spotrobot1 - 1
[disinfect_coordinator-1] [INFO] [1748621035.077374475] [disinfect_coordinator]: Response: spotrobot1
[disinfect_coordinator-1] [INFO] [1748621035.078422481] [disinfect_coordinator]: Received: Performative=request, Sender=nurse_disinfected, Receiver=Coordinator, Content=Register
[disinfect_coordinator-1] [INFO] [1748621035.078725246] [disinfect_coordinator]: Current nurses: nurse_disinfected1 - 1
[disinfect_coordinator-1] [INFO] [1748621035.079011968] [disinfect_coordinator]: Response: nurse_disinfected1
[disinfect_coordinator-1] [INFO] [1748621035.079673680] [disinfect_coordinator]: context: nurse_disinfected1 room1 spotrobot1 uvdrobot1
[disinfect_coordinator-1] [INFO] [1748621035.079969604] [disinfect_coordinator]: Starting mission with context: ('nurse_disinfected1', 'room1', 'spotrobot1', 'uvdrobot1')
[disinfect_coordinator-1] [INFO] [1748621035.080290932] [disinfect_coordinator]: Creating plan for: spotrobot1,uvdrobot1,nurse_disinfected1 
[disinfect_coordinator-1] [INFO] [1748621035.085816338] [disinfect_coordinator]: Plan received for: spotrobot1,uvdrobot1,nurse_disinfected1 
[disinfect_coordinator-1] [INFO] [1748621035.086132561] [disinfect_coordinator]: a_navto,spotrobot1,room1/a_open_door,spotrobot1,room1/a_approach_nurse,spotrobot1,nurse_disinfected1/a_authenticate_nurse,spotrobot1,nurse_disinfected1/a_authorize_patrol,spotrobot1,nurse_disinfected1/a_patrol_room,spotrobot1,room1/a_authorize_disinfect,uvdrobot1,spotrobot1/a_navto,uvdrobot1,room1/a_disinfect_room,uvdrobot1,room1
[disinfect_coordinator-1] [INFO] [1748621035.086466273] [disinfect_coordinator]: Sending plans
[disinfect_coordinator-1] [INFO] [1748621035.087143515] [disinfect_coordinator]: Plans sent
[disinfect_coordinator-1] [INFO] [1748621036.102219759] [disinfect_coordinator]: Received: Performative=inform, Sender=nurse_disinfected1, Receiver=Coordinator, Content=infectedRoom
[disinfect_coordinator-1] [INFO] [1748621036.115489733] [disinfect_coordinator]: Received: Performative=inform, Sender=spotrobot1, Receiver=Coordinator, Content=ERROR|dirty_room,room1
[disinfect_coordinator-1] [INFO] [1748621036.115990988] [disinfect_coordinator]: Sending reset requests...
[disinfect_coordinator-1] [INFO] [1748621036.116957164] [disinfect_coordinator]: Reset requests sent.
[disinfect_coordinator-1] [INFO] [1748621036.118007577] [disinfect_coordinator]: Error found
[disinfect_coordinator-1] [INFO] [1748621036.118469214] [disinfect_coordinator]: Updating uncleaned room: room1
[disinfect_coordinator-1] [INFO] [1748621036.119539674] [disinfect_coordinator]: success
[disinfect_coordinator-1] [INFO] [1748621036.120072193] [disinfect_coordinator]: Creating new plan for: spotrobot1,uvdrobot1,nurse_disinfected1 
[disinfect_coordinator-1] [INFO] [1748621036.124968592] [disinfect_coordinator]: Plan received for: spotrobot1,uvdrobot1,nurse_disinfected1 
[disinfect_coordinator-1] [INFO] [1748621036.125355688] [disinfect_coordinator]: a_navto,spotrobot1,room1/a_approach_nurse,spotrobot1,nurse_disinfected1/a_authenticate_nurse,spotrobot1,nurse_disinfected1/a_clean_room,nurse_disinfected1,room1/a_authorize_patrol,spotrobot1,nurse_disinfected1/a_patrol_room,spotrobot1,room1/a_authorize_disinfect,uvdrobot1,spotrobot1/a_navto,uvdrobot1,room1/a_disinfect_room,uvdrobot1,room1
[disinfect_coordinator-1] [INFO] [1748621036.125709335] [disinfect_coordinator]: Sending plans
[disinfect_coordinator-1] [INFO] [1748621036.126401351] [disinfect_coordinator]: Plans sent
[disinfect_coordinator-1] [INFO] [1748621036.164322872] [disinfect_coordinator]: Freeing agent: spotrobot1
[disinfect_coordinator-1] [INFO] [1748621036.164792413] [disinfect_coordinator]: Freeing agent: uvdrobot1
[disinfect_coordinator-1] [INFO] [1748621036.165098230] [disinfect_coordinator]: Freeing agent: nurse_disinfected1
[disinfect_coordinator-1] [INFO] [1748621036.165610776] [disinfect_coordinator]: Mission Completed
[disinfect_coordinator-1] [INFO] [1748621036.165965497] [disinfect_coordinator]: Ending simulation
[disinfect_coordinator-1] [INFO] [1748621036.166435411] [Quitting]: Done
[disinfect_coordinator-1] [INFO] [1748621036.166768638] [disinfect_coordinator]: stop spin
[INFO] [disinfect_coordinator-1]: process has finished cleanly [pid 33659]
