[INFO] [launch]: All log files can be found below /home/rafael/.ros/log/2025-05-30-12-57-54-576979-NotebookRafael-27732
[INFO] [launch]: Default logging verbosity is set to INFO
[INFO] [disinfect_environment-1]: process started with pid [27735]
[INFO] [disinfect_planner-2]: process started with pid [27737]
[INFO] [nurse_disinfect-3]: process started with pid [27739]
[INFO] [uvdrobot-4]: process started with pid [27741]
[INFO] [spotrobot-5]: process started with pid [27743]
[disinfect_environment-1] [INFO] [1748620674.846283247] [disinfect_environment]: Starting Environment server
[disinfect_environment-1] [INFO] [1748620674.848823458] [disinfect_environment]: Environment server started
[disinfect_planner-2] [INFO] [1748620675.402919544] [disinfect_planner]: Starting Planner server
[disinfect_planner-2] [INFO] [1748620675.406863314] [disinfect_planner]: Planner server started
[disinfect_planner-2] [INFO] [1748620675.617639551] [disinfect_planner]: Creating plan for: spotrobot1 uvdrobot1 nurse_disinfected1
[disinfect_planner-2] [INFO] [1748620675.619139006] [disinfect_planner]: a_navto,spotrobot1,room1
[disinfect_planner-2] [INFO] [1748620675.619448266] [disinfect_planner]: a_open_door,spotrobot1,room1
[disinfect_planner-2] [INFO] [1748620675.619743162] [disinfect_planner]: a_approach_nurse,spotrobot1,nurse_disinfected1
[disinfect_planner-2] [INFO] [1748620675.620069275] [disinfect_planner]: a_authenticate_nurse,spotrobot1,nurse_disinfected1
[disinfect_planner-2] [INFO] [1748620675.620511099] [disinfect_planner]: a_authorize_patrol,spotrobot1,nurse_disinfected1
[disinfect_planner-2] [INFO] [1748620675.620941962] [disinfect_planner]: a_patrol_room,spotrobot1,room1
[disinfect_planner-2] [INFO] [1748620675.621342139] [disinfect_planner]: a_authorize_disinfect,uvdrobot1,spotrobot1
[disinfect_planner-2] [INFO] [1748620675.621637414] [disinfect_planner]: a_navto,uvdrobot1,room1
[disinfect_planner-2] [INFO] [1748620675.621960661] [disinfect_planner]: a_disinfect_room,uvdrobot1,room1
[disinfect_planner-2] [INFO] [1748620675.622253722] [disinfect_planner]: Sending response
[uvdrobot-4] [INFO] [1748620675.623156416] [uvdrobot]: response.response uvdrobot1
[uvdrobot-4] [INFO] [1748620675.623515589] [uvdrobot]: My name is uvdrobot1
[uvdrobot-4] [INFO] [1748620675.624505444] [uvdrobot]: I heard: "{"performative": "request", "sender": "Coordinator", "receiver": "uvdrobot1", "content": "Plan|a_authorize_disinfect,uvdrobot1,spotrobot1/a_navto,uvdrobot1,room1/a_disinfect_room,uvdrobot1,room1"}"
[spotrobot-5] [INFO] [1748620675.624511942] [spotrobot]: response.response spotrobot1
[uvdrobot-4] [INFO] [1748620675.624821249] [uvdrobot]: And it is for me
[spotrobot-5] [INFO] [1748620675.624933368] [spotrobot]: My name is spotrobot1
[uvdrobot-4] [INFO] [1748620675.625187221] [uvdrobot]: Doing a_authorize_disinfect
[uvdrobot-4] [INFO] [1748620675.625497380] [uvdrobot]: a_authorize_disinfect
[spotrobot-5] [INFO] [1748620675.625673464] [spotrobot]: I heard: "{"performative": "request", "sender": "Coordinator", "receiver": "uvdrobot1", "content": "Plan|a_authorize_disinfect,uvdrobot1,spotrobot1/a_navto,uvdrobot1,room1/a_disinfect_room,uvdrobot1,room1"}"
[uvdrobot-4] [INFO] [1748620675.625856913] [uvdrobot]: Here first, waiting for spotrobot
[spotrobot-5] [INFO] [1748620675.625993562] [spotrobot]: And it is not for me
[nurse_disinfect-3] [INFO] [1748620675.626514273] [nurse_disinfect]: response.response nurse_disinfected1
[uvdrobot-4] [INFO] [1748620675.626587788] [uvdrobot]: I heard: "{"performative": "request", "sender": "Coordinator", "receiver": "spotrobot1", "content": "Plan|a_navto,spotrobot1,room1/a_open_door,spotrobot1,room1/a_approach_nurse,spotrobot1,nurse_disinfected1/a_authenticate_nurse,spotrobot1,nurse_disinfected1/a_authorize_patrol,spotrobot1,nurse_disinfected1/a_patrol_room,spotrobot1,room1/a_authorize_disinfect,uvdrobot1,spotrobot1"}"
[spotrobot-5] [INFO] [1748620675.626764279] [spotrobot]: I heard: "{"performative": "request", "sender": "Coordinator", "receiver": "spotrobot1", "content": "Plan|a_navto,spotrobot1,room1/a_open_door,spotrobot1,room1/a_approach_nurse,spotrobot1,nurse_disinfected1/a_authenticate_nurse,spotrobot1,nurse_disinfected1/a_authorize_patrol,spotrobot1,nurse_disinfected1/a_patrol_room,spotrobot1,room1/a_authorize_disinfect,uvdrobot1,spotrobot1"}"
[uvdrobot-4] [INFO] [1748620675.626853132] [uvdrobot]: And it is not for me
[nurse_disinfect-3] [INFO] [1748620675.626945543] [nurse_disinfect]: My name is nurse_disinfected1
[uvdrobot-4] [INFO] [1748620675.627178488] [uvdrobot]: I heard: "{"performative": "query", "sender": "uvdrobot1", "receiver": "spotrobot1", "content": "Ready|a_authorize_disinfect"}"
[spotrobot-5] [INFO] [1748620675.627317823] [spotrobot]: And it is for me
[uvdrobot-4] [INFO] [1748620675.627519589] [uvdrobot]: And it is not for me
[spotrobot-5] [INFO] [1748620675.627689961] [spotrobot]: Doing a_navto
[spotrobot-5] [INFO] [1748620675.628075566] [spotrobot]: Wating for response
[uvdrobot-4] [INFO] [1748620675.628299385] [uvdrobot]: I heard: "{"performative": "request", "sender": "Coordinator", "receiver": "nurse_disinfected1", "content": "Plan|a_approach_nurse,spotrobot1,nurse_disinfected1/a_authenticate_nurse,spotrobot1,nurse_disinfected1/a_authorize_patrol,spotrobot1,nurse_disinfected1"}"
[spotrobot-5] [INFO] [1748620675.628599899] [spotrobot]: I heard: "{"performative": "request", "sender": "Coordinator", "receiver": "nurse_disinfected1", "content": "Plan|a_approach_nurse,spotrobot1,nurse_disinfected1/a_authenticate_nurse,spotrobot1,nurse_disinfected1/a_authorize_patrol,spotrobot1,nurse_disinfected1"}"
[uvdrobot-4] [INFO] [1748620675.628608541] [uvdrobot]: And it is not for me
[spotrobot-5] [INFO] [1748620675.628943572] [spotrobot]: And it is not for me
[spotrobot-5] [INFO] [1748620675.629283577] [spotrobot]: I heard: "{"performative": "query", "sender": "uvdrobot1", "receiver": "spotrobot1", "content": "Ready|a_authorize_disinfect"}"
[spotrobot-5] [INFO] [1748620675.629648575] [spotrobot]: And it is for me
[spotrobot-5] [INFO] [1748620675.630129407] [spotrobot]: No there yet
[spotrobot-5] [INFO] [1748620675.631192004] [spotrobot]: success
[spotrobot-5] [INFO] [1748620675.631544207] [spotrobot]: Doing a_open_door
[spotrobot-5] [INFO] [1748620675.632133044] [spotrobot]: Wating for response
[spotrobot-5] [INFO] [1748620675.633280154] [spotrobot]: success
[spotrobot-5] [INFO] [1748620675.633666732] [spotrobot]: Doing a_approach_nurse
[spotrobot-5] [INFO] [1748620675.634117559] [spotrobot]: Wating for response
[spotrobot-5] [INFO] [1748620675.635056254] [spotrobot]: success
[spotrobot-5] [INFO] [1748620675.635584503] [spotrobot]: Doing a_authenticate_nurse
[spotrobot-5] [INFO] [1748620675.636058725] [spotrobot]: a_authenticate_nurse
[spotrobot-5] [INFO] [1748620675.636508729] [spotrobot]: Here first, waiting for nurse
[uvdrobot-4] [INFO] [1748620675.637371135] [uvdrobot]: I heard: "{"performative": "query", "sender": "spotrobot1", "receiver": "nurse_disinfected1", "content": "Ready|a_authenticate_nurse"}"
[spotrobot-5] [INFO] [1748620675.637479974] [spotrobot]: I heard: "{"performative": "query", "sender": "spotrobot1", "receiver": "nurse_disinfected1", "content": "Ready|a_authenticate_nurse"}"
[spotrobot-5] [INFO] [1748620675.637999097] [spotrobot]: And it is not for me
[uvdrobot-4] [INFO] [1748620675.637978195] [uvdrobot]: And it is not for me
[nurse_disinfect-3] [INFO] [1748620676.628867340] [nurse_disinfect]: I heard: "{"performative": "request", "sender": "Coordinator", "receiver": "uvdrobot1", "content": "Plan|a_authorize_disinfect,uvdrobot1,spotrobot1/a_navto,uvdrobot1,room1/a_disinfect_room,uvdrobot1,room1"}"
[nurse_disinfect-3] [INFO] [1748620676.629218607] [nurse_disinfect]: And it is not for me
[nurse_disinfect-3] [INFO] [1748620676.629714012] [nurse_disinfect]: I heard: "{"performative": "query", "sender": "uvdrobot1", "receiver": "spotrobot1", "content": "Ready|a_authorize_disinfect"}"
[nurse_disinfect-3] [INFO] [1748620676.630304381] [nurse_disinfect]: And it is not for me
[nurse_disinfect-3] [INFO] [1748620676.630909550] [nurse_disinfect]: I heard: "{"performative": "request", "sender": "Coordinator", "receiver": "spotrobot1", "content": "Plan|a_navto,spotrobot1,room1/a_open_door,spotrobot1,room1/a_approach_nurse,spotrobot1,nurse_disinfected1/a_authenticate_nurse,spotrobot1,nurse_disinfected1/a_authorize_patrol,spotrobot1,nurse_disinfected1/a_patrol_room,spotrobot1,room1/a_authorize_disinfect,uvdrobot1,spotrobot1"}"
[nurse_disinfect-3] [INFO] [1748620676.631228636] [nurse_disinfect]: And it is not for me
[nurse_disinfect-3] [INFO] [1748620676.631592414] [nurse_disinfect]: I heard: "{"performative": "query", "sender": "spotrobot1", "receiver": "nurse_disinfected1", "content": "Ready|a_authenticate_nurse"}"
[nurse_disinfect-3] [INFO] [1748620676.631912796] [nurse_disinfect]: And it is for me
[nurse_disinfect-3] [INFO] [1748620676.632223409] [nurse_disinfect]: No there yet
[nurse_disinfect-3] [INFO] [1748620676.632764405] [nurse_disinfect]: I heard: "{"performative": "request", "sender": "Coordinator", "receiver": "nurse_disinfected1", "content": "Plan|a_approach_nurse,spotrobot1,nurse_disinfected1/a_authenticate_nurse,spotrobot1,nurse_disinfected1/a_authorize_patrol,spotrobot1,nurse_disinfected1"}"
[nurse_disinfect-3] [INFO] [1748620676.633081619] [nurse_disinfect]: And it is for me
[nurse_disinfect-3] [INFO] [1748620676.634448369] [nurse_disinfect]: a_approach_nurse
[nurse_disinfect-3] [INFO] [1748620676.634935954] [nurse_disinfect]: a_authenticate_nurse
[nurse_disinfect-3] [INFO] [1748620676.635326920] [nurse_disinfect]: Doing a_authenticate_nurse
[nurse_disinfect-3] [INFO] [1748620676.635786834] [nurse_disinfect]: a_authenticate_nurse
[nurse_disinfect-3] [INFO] [1748620676.636095462] [nurse_disinfect]: Robot is waiting, send action message
[nurse_disinfect-3] [INFO] [1748620676.636727071] [nurse_disinfect]: I heard: "{"performative": "query", "sender": "nurse_disinfected1", "receiver": "spotrobot1", "content": "Done|a_authenticate_nurse"}"
[uvdrobot-4] [INFO] [1748620676.636790064] [uvdrobot]: I heard: "{"performative": "query", "sender": "nurse_disinfected1", "receiver": "spotrobot1", "content": "Done|a_authenticate_nurse"}"
[spotrobot-5] [INFO] [1748620676.636944490] [spotrobot]: I heard: "{"performative": "query", "sender": "nurse_disinfected1", "receiver": "spotrobot1", "content": "Done|a_authenticate_nurse"}"
[nurse_disinfect-3] [INFO] [1748620676.637041807] [nurse_disinfect]: And it is not for me
[uvdrobot-4] [INFO] [1748620676.637093480] [uvdrobot]: And it is not for me
[spotrobot-5] [INFO] [1748620676.637402967] [spotrobot]: And it is for me
[spotrobot-5] [INFO] [1748620676.637859307] [spotrobot]: Finished action
[nurse_disinfect-3] [INFO] [1748620676.638503379] [nurse_disinfect]: I heard: "{"performative": "query", "sender": "spotrobot1", "receiver": "nurse_disinfected1", "content": "Done|a_authenticate_nurse"}"
[uvdrobot-4] [INFO] [1748620676.638512209] [uvdrobot]: I heard: "{"performative": "query", "sender": "spotrobot1", "receiver": "nurse_disinfected1", "content": "Done|a_authenticate_nurse"}"
[spotrobot-5] [INFO] [1748620676.638515750] [spotrobot]: Doing a_authorize_patrol
[spotrobot-5] [INFO] [1748620676.638834685] [spotrobot]: a_authorize_patrol
[nurse_disinfect-3] [INFO] [1748620676.638894024] [nurse_disinfect]: And it is for me
[uvdrobot-4] [INFO] [1748620676.639049450] [uvdrobot]: And it is not for me
[spotrobot-5] [INFO] [1748620676.639163350] [spotrobot]: Here first, waiting for nurse
[nurse_disinfect-3] [INFO] [1748620676.639389448] [nurse_disinfect]: Finished action
[nurse_disinfect-3] [INFO] [1748620676.639832511] [nurse_disinfect]: a_authorize_patrol
[uvdrobot-4] [INFO] [1748620676.639879971] [uvdrobot]: I heard: "{"performative": "query", "sender": "spotrobot1", "receiver": "nurse_disinfected1", "content": "Ready|a_authorize_patrol"}"
[spotrobot-5] [INFO] [1748620676.639919390] [spotrobot]: I heard: "{"performative": "query", "sender": "spotrobot1", "receiver": "nurse_disinfected1", "content": "Done|a_authenticate_nurse"}"
[nurse_disinfect-3] [INFO] [1748620676.640096398] [nurse_disinfect]: Doing a_authorize_patrol
[spotrobot-5] [INFO] [1748620676.640201548] [spotrobot]: And it is not for me
[nurse_disinfect-3] [INFO] [1748620676.640344749] [nurse_disinfect]: a_authorize_patrol
[uvdrobot-4] [INFO] [1748620676.640419454] [uvdrobot]: And it is not for me
[nurse_disinfect-3] [INFO] [1748620676.640587945] [nurse_disinfect]: Here first, waiting for robot
[spotrobot-5] [INFO] [1748620676.640716462] [spotrobot]: I heard: "{"performative": "query", "sender": "spotrobot1", "receiver": "nurse_disinfected1", "content": "Ready|a_authorize_patrol"}"
[spotrobot-5] [INFO] [1748620676.641019179] [spotrobot]: And it is not for me
[nurse_disinfect-3] [INFO] [1748620676.641302395] [nurse_disinfect]: I heard: "{"performative": "query", "sender": "spotrobot1", "receiver": "nurse_disinfected1", "content": "Ready|a_authorize_patrol"}"
[uvdrobot-4] [INFO] [1748620676.641354640] [uvdrobot]: I heard: "{"performative": "query", "sender": "nurse_disinfected1", "receiver": "spotrobot1", "content": "Done|a_authenticate_nurse"}"
[spotrobot-5] [INFO] [1748620676.641524372] [spotrobot]: I heard: "{"performative": "query", "sender": "nurse_disinfected1", "receiver": "spotrobot1", "content": "Done|a_authenticate_nurse"}"
[nurse_disinfect-3] [INFO] [1748620676.641632413] [nurse_disinfect]: And it is for me
[spotrobot-5] [INFO] [1748620676.641797187] [spotrobot]: And it is for me
[uvdrobot-4] [INFO] [1748620676.641887314] [uvdrobot]: And it is not for me
[nurse_disinfect-3] [INFO] [1748620676.641945692] [nurse_disinfect]: Ready to act
[spotrobot-5] [INFO] [1748620676.642048923] [spotrobot]: Already finished action
[spotrobot-5] [INFO] [1748620676.642547193] [spotrobot]: I heard: "{"performative": "query", "sender": "nurse_disinfected1", "receiver": "spotrobot1", "content": "Ready|a_authorize_patrol"}"
[uvdrobot-4] [INFO] [1748620676.642805403] [uvdrobot]: I heard: "{"performative": "query", "sender": "nurse_disinfected1", "receiver": "spotrobot1", "content": "Ready|a_authorize_patrol"}"
[spotrobot-5] [INFO] [1748620676.642811875] [spotrobot]: And it is for me
[nurse_disinfect-3] [INFO] [1748620676.642830598] [nurse_disinfect]: I heard: "{"performative": "query", "sender": "nurse_disinfected1", "receiver": "spotrobot1", "content": "Done|a_authenticate_nurse"}"
[spotrobot-5] [INFO] [1748620676.643131860] [spotrobot]: Ready to act
[nurse_disinfect-3] [INFO] [1748620676.643225044] [nurse_disinfect]: And it is not for me
[uvdrobot-4] [INFO] [1748620676.643345425] [uvdrobot]: And it is not for me
[spotrobot-5] [INFO] [1748620676.643787584] [spotrobot]: I heard: "{"performative": "query", "sender": "nurse_disinfected1", "receiver": "spotrobot1", "content": "Done|a_authorize_patrol"}"
[nurse_disinfect-3] [INFO] [1748620676.643796746] [nurse_disinfect]: I heard: "{"performative": "query", "sender": "nurse_disinfected1", "receiver": "spotrobot1", "content": "Ready|a_authorize_patrol"}"
[nurse_disinfect-3] [INFO] [1748620676.644067887] [nurse_disinfect]: And it is not for me
[spotrobot-5] [INFO] [1748620676.644074791] [spotrobot]: And it is for me
[uvdrobot-4] [INFO] [1748620676.644254114] [uvdrobot]: I heard: "{"performative": "query", "sender": "nurse_disinfected1", "receiver": "spotrobot1", "content": "Done|a_authorize_patrol"}"
[spotrobot-5] [INFO] [1748620676.644330102] [spotrobot]: Finished action
[nurse_disinfect-3] [INFO] [1748620676.644763621] [nurse_disinfect]: I heard: "{"performative": "query", "sender": "nurse_disinfected1", "receiver": "spotrobot1", "content": "Done|a_authorize_patrol"}"
[uvdrobot-4] [INFO] [1748620676.644764319] [uvdrobot]: And it is not for me
[spotrobot-5] [INFO] [1748620676.644772588] [spotrobot]: Doing a_patrol_room
[spotrobot-5] [INFO] [1748620676.645207849] [spotrobot]: Wating for response
[nurse_disinfect-3] [INFO] [1748620676.645346605] [nurse_disinfect]: And it is not for me
[uvdrobot-4] [INFO] [1748620676.645670927] [uvdrobot]: I heard: "{"performative": "query", "sender": "spotrobot1", "receiver": "nurse_disinfected1", "content": "Done|a_authorize_patrol"}"
[spotrobot-5] [INFO] [1748620676.645710365] [spotrobot]: I heard: "{"performative": "query", "sender": "spotrobot1", "receiver": "nurse_disinfected1", "content": "Done|a_authorize_patrol"}"
[nurse_disinfect-3] [INFO] [1748620676.645933049] [nurse_disinfect]: I heard: "{"performative": "query", "sender": "spotrobot1", "receiver": "nurse_disinfected1", "content": "Done|a_authorize_patrol"}"
[spotrobot-5] [INFO] [1748620676.646020175] [spotrobot]: And it is not for me
[nurse_disinfect-3] [INFO] [1748620676.646205192] [nurse_disinfect]: And it is for me
[uvdrobot-4] [INFO] [1748620676.646208651] [uvdrobot]: And it is not for me
[nurse_disinfect-3] [INFO] [1748620676.646457458] [nurse_disinfect]: Finished action
[spotrobot-5] [INFO] [1748620676.646809218] [spotrobot]: I heard: "{"performative": "query", "sender": "spotrobot1", "receiver": "nurse_disinfected1", "content": "Done|a_authorize_patrol"}"
[spotrobot-5] [INFO] [1748620676.647158376] [spotrobot]: And it is not for me
[nurse_disinfect-3] [INFO] [1748620676.647192031] [nurse_disinfect]: I heard: "{"performative": "query", "sender": "spotrobot1", "receiver": "nurse_disinfected1", "content": "Done|a_authorize_patrol"}"
[uvdrobot-4] [INFO] [1748620676.647198516] [uvdrobot]: I heard: "{"performative": "query", "sender": "spotrobot1", "receiver": "nurse_disinfected1", "content": "Done|a_authorize_patrol"}"
[nurse_disinfect-3] [INFO] [1748620676.647668665] [nurse_disinfect]: And it is for me
[uvdrobot-4] [INFO] [1748620676.647720291] [uvdrobot]: And it is not for me
[spotrobot-5] [INFO] [1748620676.647771748] [spotrobot]: I heard: "{"performative": "query", "sender": "nurse_disinfected1", "receiver": "spotrobot1", "content": "Done|a_authorize_patrol"}"
[spotrobot-5] [INFO] [1748620676.648088990] [spotrobot]: And it is for me
[nurse_disinfect-3] [INFO] [1748620676.648205859] [nurse_disinfect]: Already finished action
[spotrobot-5] [INFO] [1748620676.648396066] [spotrobot]: Already finished action
[uvdrobot-4] [INFO] [1748620676.648708993] [uvdrobot]: I heard: "{"performative": "query", "sender": "nurse_disinfected1", "receiver": "spotrobot1", "content": "Done|a_authorize_patrol"}"
[uvdrobot-4] [INFO] [1748620676.649001241] [uvdrobot]: And it is not for me
[nurse_disinfect-3] [INFO] [1748620676.649165170] [nurse_disinfect]: I heard: "{"performative": "query", "sender": "nurse_disinfected1", "receiver": "spotrobot1", "content": "Done|a_authorize_patrol"}"
[spotrobot-5] [INFO] [1748620676.649433195] [spotrobot]: success
[nurse_disinfect-3] [INFO] [1748620676.649685786] [nurse_disinfect]: And it is not for me
[spotrobot-5] [INFO] [1748620676.650038052] [spotrobot]: Doing a_authorize_disinfect
[spotrobot-5] [INFO] [1748620676.650570234] [spotrobot]: a_authorize_disinfect
[spotrobot-5] [INFO] [1748620676.651087446] [spotrobot]: Here first, waiting for spotrobot
[uvdrobot-4] [INFO] [1748620676.651701971] [uvdrobot]: I heard: "{"performative": "query", "sender": "spotrobot1", "receiver": "uvdrobot1", "content": "Ready|a_authorize_disinfect"}"
[nurse_disinfect-3] [INFO] [1748620676.651822137] [nurse_disinfect]: I heard: "{"performative": "query", "sender": "spotrobot1", "receiver": "uvdrobot1", "content": "Ready|a_authorize_disinfect"}"
[uvdrobot-4] [INFO] [1748620676.652020773] [uvdrobot]: And it is for me
[nurse_disinfect-3] [INFO] [1748620676.652099463] [nurse_disinfect]: And it is not for me
[spotrobot-5] [INFO] [1748620676.652120358] [spotrobot]: I heard: "{"performative": "query", "sender": "spotrobot1", "receiver": "uvdrobot1", "content": "Ready|a_authorize_disinfect"}"
[uvdrobot-4] [INFO] [1748620676.652460725] [uvdrobot]: Ready to act
[spotrobot-5] [INFO] [1748620676.652601105] [spotrobot]: And it is not for me
[uvdrobot-4] [INFO] [1748620676.653250903] [uvdrobot]: I heard: "{"performative": "query", "sender": "uvdrobot1", "receiver": "spotrobot1", "content": "Done|a_authorize_disinfect"}"
[nurse_disinfect-3] [INFO] [1748620676.653300958] [nurse_disinfect]: I heard: "{"performative": "query", "sender": "uvdrobot1", "receiver": "spotrobot1", "content": "Done|a_authorize_disinfect"}"
[spotrobot-5] [INFO] [1748620676.653577853] [spotrobot]: I heard: "{"performative": "query", "sender": "uvdrobot1", "receiver": "spotrobot1", "content": "Done|a_authorize_disinfect"}"
[uvdrobot-4] [INFO] [1748620676.653612818] [uvdrobot]: And it is not for me
[nurse_disinfect-3] [INFO] [1748620676.653723150] [nurse_disinfect]: And it is not for me
[spotrobot-5] [INFO] [1748620676.654086593] [spotrobot]: And it is for me
[spotrobot-5] [INFO] [1748620676.654571558] [spotrobot]: Finished action
[uvdrobot-4] [INFO] [1748620676.655176296] [uvdrobot]: I heard: "{"performative": "query", "sender": "spotrobot1", "receiver": "uvdrobot1", "content": "Done|a_authorize_disinfect"}"
[nurse_disinfect-3] [INFO] [1748620676.655192960] [nurse_disinfect]: I heard: "{"performative": "query", "sender": "spotrobot1", "receiver": "uvdrobot1", "content": "Done|a_authorize_disinfect"}"
[nurse_disinfect-3] [INFO] [1748620676.655497483] [nurse_disinfect]: And it is not for me
[spotrobot-5] [INFO] [1748620676.655664774] [spotrobot]: I heard: "{"performative": "query", "sender": "spotrobot1", "receiver": "uvdrobot1", "content": "Done|a_authorize_disinfect"}"
[uvdrobot-4] [INFO] [1748620676.655766419] [uvdrobot]: And it is for me
[uvdrobot-4] [INFO] [1748620676.656095888] [uvdrobot]: Finished action
[spotrobot-5] [INFO] [1748620676.656214830] [spotrobot]: And it is not for me
[uvdrobot-4] [INFO] [1748620676.656525759] [uvdrobot]: Doing a_navto
[nurse_disinfect-3] [INFO] [1748620676.656704472] [nurse_disinfect]: I heard: "{"performative": "query", "sender": "uvdrobot1", "receiver": "spotrobot1", "content": "Done|a_authorize_disinfect"}"
[nurse_disinfect-3] [INFO] [1748620676.657005458] [nurse_disinfect]: And it is not for me
[uvdrobot-4] [INFO] [1748620676.657058575] [uvdrobot]: Waiting for response
[spotrobot-5] [INFO] [1748620676.657187833] [spotrobot]: I heard: "{"performative": "query", "sender": "uvdrobot1", "receiver": "spotrobot1", "content": "Done|a_authorize_disinfect"}"
[uvdrobot-4] [INFO] [1748620676.657556127] [uvdrobot]: I heard: "{"performative": "query", "sender": "uvdrobot1", "receiver": "spotrobot1", "content": "Done|a_authorize_disinfect"}"
[spotrobot-5] [INFO] [1748620676.657689385] [spotrobot]: And it is for me
[uvdrobot-4] [INFO] [1748620676.657850994] [uvdrobot]: And it is not for me
[spotrobot-5] [INFO] [1748620676.658190644] [spotrobot]: Already finished action
[uvdrobot-4] [INFO] [1748620676.658885164] [uvdrobot]: success
[uvdrobot-4] [INFO] [1748620676.659375586] [uvdrobot]: Doing a_disinfect_room
[uvdrobot-4] [INFO] [1748620676.659941197] [uvdrobot]: Waiting for response
[uvdrobot-4] [INFO] [1748620676.660874805] [uvdrobot]: success
[nurse_disinfect-3] [INFO] [1748620676.663155446] [nurse_disinfect]: Recebido sinal de desligamento do coordenador, finalizando...
[disinfect_environment-1] [INFO] [1748620676.663291750] [disinfect_environment]: Recebido sinal de desligamento do coordenador, finalizando...
[uvdrobot-4] [INFO] [1748620676.663394502] [uvdrobot]: Recebido sinal de desligamento do coordenador, finalizando...
[disinfect_planner-2] [INFO] [1748620676.663415059] [disinfect_planner]: Recebido sinal de desligamento do coordenador, finalizando...
[spotrobot-5] [INFO] [1748620676.663486102] [spotrobot]: Recebido sinal de desligamento do coordenador, finalizando...
[nurse_disinfect-3] [INFO] [1748620676.663571681] [Quitting]: Done
[disinfect_environment-1] [INFO] [1748620676.663706925] [Quitting]: Done
[disinfect_planner-2] [INFO] [1748620676.664001873] [Quitting]: Done
[spotrobot-5] [INFO] [1748620676.664065161] [Quitting]: Done
[uvdrobot-4] [INFO] [1748620676.664096894] [Quitting]: Done
[INFO] [disinfect_environment-1]: process has finished cleanly [pid 27735]
[INFO] [uvdrobot-4]: process has finished cleanly [pid 27741]
[INFO] [spotrobot-5]: process has finished cleanly [pid 27743]
[INFO] [nurse_disinfect-3]: process has finished cleanly [pid 27739]
