[INFO] [launch]: All log files can be found below /home/rafael/.ros/log/2025-05-29-22-29-54-676697-NotebookRafael-105684
[INFO] [launch]: Default logging verbosity is set to INFO
[INFO] [disinfect_coordinator-1]: process started with pid [105686]
[disinfect_coordinator-1] [INFO] [1748568595.687917815] [disinfect_coordinator]: spin
[disinfect_coordinator-1] [INFO] [1748568595.688834966] [disinfect_coordinator]: Received: Performative=request, Sender=uvdrobot, Receiver=Coordinator, Content=Register
[disinfect_coordinator-1] [INFO] [1748568595.689141983] [disinfect_coordinator]: Current uvdrobots: uvdrobot1 - 1
[disinfect_coordinator-1] [INFO] [1748568595.689447183] [disinfect_coordinator]: Response: uvdrobot1
[disinfect_coordinator-1] [INFO] [1748568595.690337838] [disinfect_coordinator]: Received: Performative=request, Sender=spotrobot, Receiver=Coordinator, Content=Register
[disinfect_coordinator-1] [INFO] [1748568595.690673271] [disinfect_coordinator]: Current Spotrobots: spotrobot1 - 1
[disinfect_coordinator-1] [INFO] [1748568595.690932796] [disinfect_coordinator]: Response: spotrobot1
[disinfect_coordinator-1] [INFO] [1748568595.691951775] [disinfect_coordinator]: Received: Performative=request, Sender=nurse_disinfected, Receiver=Coordinator, Content=Register
[disinfect_coordinator-1] [INFO] [1748568595.692263125] [disinfect_coordinator]: Current nurses: nurse_disinfected1 - 1
[disinfect_coordinator-1] [INFO] [1748568595.692589073] [disinfect_coordinator]: Response: nurse_disinfected1
[disinfect_coordinator-1] [INFO] [1748568595.693255462] [disinfect_coordinator]: context: nurse_disinfected1 room1 spotrobot1 uvdrobot1
[disinfect_coordinator-1] [INFO] [1748568595.693556852] [disinfect_coordinator]: Starting mission with context: ('nurse_disinfected1', 'room1', 'spotrobot1', 'uvdrobot1')
[disinfect_coordinator-1] [INFO] [1748568595.693851380] [disinfect_coordinator]: Creating plan for: spotrobot1,uvdrobot1,nurse_disinfected1 
[disinfect_coordinator-1] [INFO] [1748568595.699829878] [disinfect_coordinator]: Plan received for: spotrobot1,uvdrobot1,nurse_disinfected1 
[disinfect_coordinator-1] [INFO] [1748568595.700239993] [disinfect_coordinator]: a_navto,spotrobot1,room1/a_open_door,spotrobot1,room1/a_approach_nurse,spotrobot1,nurse_disinfected1/a_authenticate_nurse,spotrobot1,nurse_disinfected1/a_authorize_patrol,spotrobot1,nurse_disinfected1/a_patrol_room,spotrobot1,room1/a_authorize_disinfect,uvdrobot1,spotrobot1/a_navto,uvdrobot1,room1/a_disinfect_room,uvdrobot1,room1
[disinfect_coordinator-1] [INFO] [1748568595.700551866] [disinfect_coordinator]: Sending plans
[disinfect_coordinator-1] [INFO] [1748568595.701250683] [disinfect_coordinator]: Plans sent
[disinfect_coordinator-1] [INFO] [1748568596.711943499] [disinfect_coordinator]: Received: Performative=inform, Sender=nurse_disinfected1, Receiver=Coordinator, Content=infectedRoom
[disinfect_coordinator-1] [INFO] [1748568596.740841288] [disinfect_coordinator]: Freeing agent: spotrobot1
[disinfect_coordinator-1] [INFO] [1748568596.741358561] [disinfect_coordinator]: Freeing agent: uvdrobot1
[disinfect_coordinator-1] [INFO] [1748568596.741705674] [disinfect_coordinator]: Freeing agent: nurse_disinfected1
[disinfect_coordinator-1] [INFO] [1748568596.742118004] [disinfect_coordinator]: Mission Completed
[disinfect_coordinator-1] [INFO] [1748568596.742426521] [disinfect_coordinator]: Ending simulation
[disinfect_coordinator-1] [INFO] [1748568596.742954761] [Quitting]: Done
[disinfect_coordinator-1] [INFO] [1748568596.743458339] [disinfect_coordinator]: stop spin
[INFO] [disinfect_coordinator-1]: process has finished cleanly [pid 105686]
