[INFO] [launch]: All log files can be found below /home/rafael/.ros/log/2025-05-30-12-56-47-897399-NotebookRafael-26624
[INFO] [launch]: Default logging verbosity is set to INFO
[INFO] [disinfect_environment-1]: process started with pid [26625]
[INFO] [disinfect_planner-2]: process started with pid [26629]
[INFO] [nurse_disinfect-3]: process started with pid [26631]
[INFO] [uvdrobot-4]: process started with pid [26633]
[INFO] [spotrobot-5]: process started with pid [26635]
[disinfect_environment-1] [INFO] [1748620608.194612393] [disinfect_environment]: Starting Environment server
[disinfect_environment-1] [INFO] [1748620608.199132576] [disinfect_environment]: Environment server started
[disinfect_planner-2] [INFO] [1748620608.738309058] [disinfect_planner]: Starting Planner server
[disinfect_planner-2] [INFO] [1748620608.742636843] [disinfect_planner]: Planner server started
[disinfect_planner-2] [INFO] [1748620610.960473443] [disinfect_planner]: Creating plan for: spotrobot1 uvdrobot1 nurse_disinfected1
[disinfect_planner-2] [INFO] [1748620610.962005648] [disinfect_planner]: a_navto,spotrobot1,room1
[disinfect_planner-2] [INFO] [1748620610.962316366] [disinfect_planner]: a_open_door,spotrobot1,room1
[disinfect_planner-2] [INFO] [1748620610.962666053] [disinfect_planner]: a_approach_nurse,spotrobot1,nurse_disinfected1
[disinfect_planner-2] [INFO] [1748620610.963016198] [disinfect_planner]: a_authenticate_nurse,spotrobot1,nurse_disinfected1
[disinfect_planner-2] [INFO] [1748620610.963308776] [disinfect_planner]: a_authorize_patrol,spotrobot1,nurse_disinfected1
[disinfect_planner-2] [INFO] [1748620610.963596890] [disinfect_planner]: a_patrol_room,spotrobot1,room1
[disinfect_planner-2] [INFO] [1748620610.963883525] [disinfect_planner]: a_authorize_disinfect,uvdrobot1,spotrobot1
[disinfect_planner-2] [INFO] [1748620610.964170543] [disinfect_planner]: a_navto,uvdrobot1,room1
[disinfect_planner-2] [INFO] [1748620610.964458762] [disinfect_planner]: a_disinfect_room,uvdrobot1,room1
[disinfect_planner-2] [INFO] [1748620610.964781296] [disinfect_planner]: Sending response
[uvdrobot-4] [INFO] [1748620610.965838283] [uvdrobot]: response.response uvdrobot1
[uvdrobot-4] [INFO] [1748620610.966192080] [uvdrobot]: My name is uvdrobot1
[spotrobot-5] [INFO] [1748620610.966780140] [spotrobot]: response.response spotrobot1
[spotrobot-5] [INFO] [1748620610.967196016] [spotrobot]: My name is spotrobot1
[uvdrobot-4] [INFO] [1748620610.967207542] [uvdrobot]: I heard: "{"performative": "request", "sender": "Coordinator", "receiver": "uvdrobot1", "content": "Plan|a_authorize_disinfect,uvdrobot1,spotrobot1/a_navto,uvdrobot1,room1/a_disinfect_room,uvdrobot1,room1"}"
[uvdrobot-4] [INFO] [1748620610.967577239] [uvdrobot]: And it is for me
[spotrobot-5] [INFO] [1748620610.967886330] [spotrobot]: I heard: "{"performative": "request", "sender": "Coordinator", "receiver": "uvdrobot1", "content": "Plan|a_authorize_disinfect,uvdrobot1,spotrobot1/a_navto,uvdrobot1,room1/a_disinfect_room,uvdrobot1,room1"}"
[uvdrobot-4] [INFO] [1748620610.968081889] [uvdrobot]: Doing a_authorize_disinfect
[spotrobot-5] [INFO] [1748620610.968258726] [spotrobot]: And it is not for me
[uvdrobot-4] [INFO] [1748620610.968350452] [uvdrobot]: a_authorize_disinfect
[uvdrobot-4] [INFO] [1748620610.968593807] [uvdrobot]: Here first, waiting for spotrobot
[spotrobot-5] [INFO] [1748620610.969012062] [spotrobot]: I heard: "{"performative": "request", "sender": "Coordinator", "receiver": "spotrobot1", "content": "Plan|a_navto,spotrobot1,room1/a_open_door,spotrobot1,room1/a_approach_nurse,spotrobot1,nurse_disinfected1/a_authenticate_nurse,spotrobot1,nurse_disinfected1/a_authorize_patrol,spotrobot1,nurse_disinfected1/a_patrol_room,spotrobot1,room1/a_authorize_disinfect,uvdrobot1,spotrobot1"}"
[spotrobot-5] [INFO] [1748620610.969328636] [spotrobot]: And it is for me
[uvdrobot-4] [INFO] [1748620610.969399675] [uvdrobot]: I heard: "{"performative": "request", "sender": "Coordinator", "receiver": "spotrobot1", "content": "Plan|a_navto,spotrobot1,room1/a_open_door,spotrobot1,room1/a_approach_nurse,spotrobot1,nurse_disinfected1/a_authenticate_nurse,spotrobot1,nurse_disinfected1/a_authorize_patrol,spotrobot1,nurse_disinfected1/a_patrol_room,spotrobot1,room1/a_authorize_disinfect,uvdrobot1,spotrobot1"}"
[uvdrobot-4] [INFO] [1748620610.969719520] [uvdrobot]: And it is not for me
[spotrobot-5] [INFO] [1748620610.969731532] [spotrobot]: Doing a_navto
[nurse_disinfect-3] [INFO] [1748620610.969886122] [nurse_disinfect]: response.response nurse_disinfected1
[uvdrobot-4] [INFO] [1748620610.970094672] [uvdrobot]: I heard: "{"performative": "query", "sender": "uvdrobot1", "receiver": "spotrobot1", "content": "Ready|a_authorize_disinfect"}"
[spotrobot-5] [INFO] [1748620610.970107771] [spotrobot]: Wating for response
[nurse_disinfect-3] [INFO] [1748620610.970429608] [nurse_disinfect]: My name is nurse_disinfected1
[uvdrobot-4] [INFO] [1748620610.970441498] [uvdrobot]: And it is not for me
[spotrobot-5] [INFO] [1748620610.970598926] [spotrobot]: I heard: "{"performative": "request", "sender": "Coordinator", "receiver": "nurse_disinfected1", "content": "Plan|a_approach_nurse,spotrobot1,nurse_disinfected1/a_authenticate_nurse,spotrobot1,nurse_disinfected1/a_authorize_patrol,spotrobot1,nurse_disinfected1"}"
[spotrobot-5] [INFO] [1748620610.970863807] [spotrobot]: And it is not for me
[uvdrobot-4] [INFO] [1748620610.971013701] [uvdrobot]: I heard: "{"performative": "request", "sender": "Coordinator", "receiver": "nurse_disinfected1", "content": "Plan|a_approach_nurse,spotrobot1,nurse_disinfected1/a_authenticate_nurse,spotrobot1,nurse_disinfected1/a_authorize_patrol,spotrobot1,nurse_disinfected1"}"
[spotrobot-5] [INFO] [1748620610.971168402] [spotrobot]: I heard: "{"performative": "query", "sender": "uvdrobot1", "receiver": "spotrobot1", "content": "Ready|a_authorize_disinfect"}"
[uvdrobot-4] [INFO] [1748620610.971358687] [uvdrobot]: And it is not for me
[spotrobot-5] [INFO] [1748620610.971422925] [spotrobot]: And it is for me
[spotrobot-5] [INFO] [1748620610.971796751] [spotrobot]: No there yet
[spotrobot-5] [INFO] [1748620610.972528887] [spotrobot]: success
[spotrobot-5] [INFO] [1748620610.972880243] [spotrobot]: Doing a_open_door
[spotrobot-5] [INFO] [1748620610.973266954] [spotrobot]: Wating for response
[spotrobot-5] [INFO] [1748620610.974495356] [spotrobot]: success
[spotrobot-5] [INFO] [1748620610.974925109] [spotrobot]: Doing a_approach_nurse
[spotrobot-5] [INFO] [1748620610.975329732] [spotrobot]: Wating for response
[spotrobot-5] [INFO] [1748620610.976504963] [spotrobot]: success
[spotrobot-5] [INFO] [1748620610.976954564] [spotrobot]: Doing a_authenticate_nurse
[spotrobot-5] [INFO] [1748620610.977258548] [spotrobot]: a_authenticate_nurse
[spotrobot-5] [INFO] [1748620610.977555217] [spotrobot]: Here first, waiting for nurse
[spotrobot-5] [INFO] [1748620610.978238654] [spotrobot]: I heard: "{"performative": "query", "sender": "spotrobot1", "receiver": "nurse_disinfected1", "content": "Ready|a_authenticate_nurse"}"
[spotrobot-5] [INFO] [1748620610.978549238] [spotrobot]: And it is not for me
[uvdrobot-4] [INFO] [1748620610.978659968] [uvdrobot]: I heard: "{"performative": "query", "sender": "spotrobot1", "receiver": "nurse_disinfected1", "content": "Ready|a_authenticate_nurse"}"
[uvdrobot-4] [INFO] [1748620610.979210426] [uvdrobot]: And it is not for me
[nurse_disinfect-3] [INFO] [1748620611.972293647] [nurse_disinfect]: I heard: "{"performative": "request", "sender": "Coordinator", "receiver": "uvdrobot1", "content": "Plan|a_authorize_disinfect,uvdrobot1,spotrobot1/a_navto,uvdrobot1,room1/a_disinfect_room,uvdrobot1,room1"}"
[nurse_disinfect-3] [INFO] [1748620611.972976503] [nurse_disinfect]: And it is not for me
[nurse_disinfect-3] [INFO] [1748620611.973757956] [nurse_disinfect]: I heard: "{"performative": "query", "sender": "uvdrobot1", "receiver": "spotrobot1", "content": "Ready|a_authorize_disinfect"}"
[nurse_disinfect-3] [INFO] [1748620611.974335701] [nurse_disinfect]: And it is not for me
[nurse_disinfect-3] [INFO] [1748620611.975331744] [nurse_disinfect]: I heard: "{"performative": "request", "sender": "Coordinator", "receiver": "spotrobot1", "content": "Plan|a_navto,spotrobot1,room1/a_open_door,spotrobot1,room1/a_approach_nurse,spotrobot1,nurse_disinfected1/a_authenticate_nurse,spotrobot1,nurse_disinfected1/a_authorize_patrol,spotrobot1,nurse_disinfected1/a_patrol_room,spotrobot1,room1/a_authorize_disinfect,uvdrobot1,spotrobot1"}"
[nurse_disinfect-3] [INFO] [1748620611.975897262] [nurse_disinfect]: And it is not for me
[nurse_disinfect-3] [INFO] [1748620611.976616865] [nurse_disinfect]: I heard: "{"performative": "query", "sender": "spotrobot1", "receiver": "nurse_disinfected1", "content": "Ready|a_authenticate_nurse"}"
[nurse_disinfect-3] [INFO] [1748620611.977188429] [nurse_disinfect]: And it is for me
[nurse_disinfect-3] [INFO] [1748620611.977720251] [nurse_disinfect]: No there yet
[nurse_disinfect-3] [INFO] [1748620611.978287524] [nurse_disinfect]: I heard: "{"performative": "request", "sender": "Coordinator", "receiver": "nurse_disinfected1", "content": "Plan|a_approach_nurse,spotrobot1,nurse_disinfected1/a_authenticate_nurse,spotrobot1,nurse_disinfected1/a_authorize_patrol,spotrobot1,nurse_disinfected1"}"
[nurse_disinfect-3] [INFO] [1748620611.978684258] [nurse_disinfect]: And it is for me
[nurse_disinfect-3] [INFO] [1748620611.979703573] [nurse_disinfect]: a_approach_nurse
[nurse_disinfect-3] [INFO] [1748620611.980040232] [nurse_disinfect]: a_authenticate_nurse
[nurse_disinfect-3] [INFO] [1748620611.980350358] [nurse_disinfect]: Doing a_authenticate_nurse
[nurse_disinfect-3] [INFO] [1748620611.980672073] [nurse_disinfect]: a_authenticate_nurse
[nurse_disinfect-3] [INFO] [1748620611.980979004] [nurse_disinfect]: Robot is waiting, send action message
[nurse_disinfect-3] [INFO] [1748620611.981622537] [nurse_disinfect]: I heard: "{"performative": "query", "sender": "nurse_disinfected1", "receiver": "spotrobot1", "content": "Done|a_authenticate_nurse"}"
[uvdrobot-4] [INFO] [1748620611.981832994] [uvdrobot]: I heard: "{"performative": "query", "sender": "nurse_disinfected1", "receiver": "spotrobot1", "content": "Done|a_authenticate_nurse"}"
[spotrobot-5] [INFO] [1748620611.981843502] [spotrobot]: I heard: "{"performative": "query", "sender": "nurse_disinfected1", "receiver": "spotrobot1", "content": "Done|a_authenticate_nurse"}"
[nurse_disinfect-3] [INFO] [1748620611.981952463] [nurse_disinfect]: And it is not for me
[spotrobot-5] [INFO] [1748620611.982331528] [spotrobot]: And it is for me
[uvdrobot-4] [INFO] [1748620611.982352675] [uvdrobot]: And it is not for me
[spotrobot-5] [INFO] [1748620611.982863093] [spotrobot]: Finished action
[nurse_disinfect-3] [INFO] [1748620611.983501654] [nurse_disinfect]: I heard: "{"performative": "query", "sender": "spotrobot1", "receiver": "nurse_disinfected1", "content": "Done|a_authenticate_nurse"}"
[spotrobot-5] [INFO] [1748620611.983552510] [spotrobot]: Doing a_authorize_patrol
[uvdrobot-4] [INFO] [1748620611.983714600] [uvdrobot]: I heard: "{"performative": "query", "sender": "spotrobot1", "receiver": "nurse_disinfected1", "content": "Done|a_authenticate_nurse"}"
[nurse_disinfect-3] [INFO] [1748620611.983829539] [nurse_disinfect]: And it is for me
[nurse_disinfect-3] [INFO] [1748620611.984092045] [nurse_disinfect]: Finished action
[spotrobot-5] [INFO] [1748620611.983992116] [spotrobot]: a_authorize_patrol
[uvdrobot-4] [INFO] [1748620611.984179288] [uvdrobot]: And it is not for me
[spotrobot-5] [INFO] [1748620611.984504272] [spotrobot]: Here first, waiting for nurse
[nurse_disinfect-3] [INFO] [1748620611.984521264] [nurse_disinfect]: a_authorize_patrol
[nurse_disinfect-3] [INFO] [1748620611.984826393] [nurse_disinfect]: Doing a_authorize_patrol
[nurse_disinfect-3] [INFO] [1748620611.985083415] [nurse_disinfect]: a_authorize_patrol
[uvdrobot-4] [INFO] [1748620611.985097831] [uvdrobot]: I heard: "{"performative": "query", "sender": "nurse_disinfected1", "receiver": "spotrobot1", "content": "Done|a_authenticate_nurse"}"
[nurse_disinfect-3] [INFO] [1748620611.985391653] [nurse_disinfect]: Here first, waiting for robot
[spotrobot-5] [INFO] [1748620611.985487115] [spotrobot]: I heard: "{"performative": "query", "sender": "spotrobot1", "receiver": "nurse_disinfected1", "content": "Done|a_authenticate_nurse"}"
[uvdrobot-4] [INFO] [1748620611.985568280] [uvdrobot]: And it is not for me
[spotrobot-5] [INFO] [1748620611.985971136] [spotrobot]: And it is not for me
[nurse_disinfect-3] [INFO] [1748620611.986046812] [nurse_disinfect]: I heard: "{"performative": "query", "sender": "nurse_disinfected1", "receiver": "spotrobot1", "content": "Done|a_authenticate_nurse"}"
[nurse_disinfect-3] [INFO] [1748620611.986371149] [nurse_disinfect]: And it is not for me
[uvdrobot-4] [INFO] [1748620611.986462369] [uvdrobot]: I heard: "{"performative": "query", "sender": "spotrobot1", "receiver": "nurse_disinfected1", "content": "Ready|a_authorize_patrol"}"
[spotrobot-5] [INFO] [1748620611.986809661] [spotrobot]: I heard: "{"performative": "query", "sender": "nurse_disinfected1", "receiver": "spotrobot1", "content": "Done|a_authenticate_nurse"}"
[uvdrobot-4] [INFO] [1748620611.986918007] [uvdrobot]: And it is not for me
[nurse_disinfect-3] [INFO] [1748620611.986926166] [nurse_disinfect]: I heard: "{"performative": "query", "sender": "spotrobot1", "receiver": "nurse_disinfected1", "content": "Ready|a_authorize_patrol"}"
[nurse_disinfect-3] [INFO] [1748620611.987202644] [nurse_disinfect]: And it is for me
[spotrobot-5] [INFO] [1748620611.987282761] [spotrobot]: And it is for me
[nurse_disinfect-3] [INFO] [1748620611.987457912] [nurse_disinfect]: Ready to act
[uvdrobot-4] [INFO] [1748620611.987775616] [uvdrobot]: I heard: "{"performative": "query", "sender": "nurse_disinfected1", "receiver": "spotrobot1", "content": "Ready|a_authorize_patrol"}"
[spotrobot-5] [INFO] [1748620611.987908298] [spotrobot]: Already finished action
[nurse_disinfect-3] [INFO] [1748620611.988138622] [nurse_disinfect]: I heard: "{"performative": "query", "sender": "nurse_disinfected1", "receiver": "spotrobot1", "content": "Ready|a_authorize_patrol"}"
[uvdrobot-4] [INFO] [1748620611.988261830] [uvdrobot]: And it is not for me
[nurse_disinfect-3] [INFO] [1748620611.988426259] [nurse_disinfect]: And it is not for me
[spotrobot-5] [INFO] [1748620611.988788004] [spotrobot]: I heard: "{"performative": "query", "sender": "spotrobot1", "receiver": "nurse_disinfected1", "content": "Ready|a_authorize_patrol"}"
[nurse_disinfect-3] [INFO] [1748620611.988940475] [nurse_disinfect]: I heard: "{"performative": "query", "sender": "nurse_disinfected1", "receiver": "spotrobot1", "content": "Done|a_authorize_patrol"}"
[uvdrobot-4] [INFO] [1748620611.989144627] [uvdrobot]: I heard: "{"performative": "query", "sender": "nurse_disinfected1", "receiver": "spotrobot1", "content": "Done|a_authorize_patrol"}"
[nurse_disinfect-3] [INFO] [1748620611.989234731] [nurse_disinfect]: And it is not for me
[spotrobot-5] [INFO] [1748620611.989312816] [spotrobot]: And it is not for me
[uvdrobot-4] [INFO] [1748620611.989655286] [uvdrobot]: And it is not for me
[spotrobot-5] [INFO] [1748620611.990268298] [spotrobot]: I heard: "{"performative": "query", "sender": "nurse_disinfected1", "receiver": "spotrobot1", "content": "Ready|a_authorize_patrol"}"
[spotrobot-5] [INFO] [1748620611.990823534] [spotrobot]: And it is for me
[spotrobot-5] [INFO] [1748620611.991299858] [spotrobot]: Ready to act
[nurse_disinfect-3] [INFO] [1748620611.992003364] [nurse_disinfect]: I heard: "{"performative": "query", "sender": "spotrobot1", "receiver": "nurse_disinfected1", "content": "Done|a_authorize_patrol"}"
[uvdrobot-4] [INFO] [1748620611.992067045] [uvdrobot]: I heard: "{"performative": "query", "sender": "spotrobot1", "receiver": "nurse_disinfected1", "content": "Done|a_authorize_patrol"}"
[spotrobot-5] [INFO] [1748620611.992306011] [spotrobot]: I heard: "{"performative": "query", "sender": "nurse_disinfected1", "receiver": "spotrobot1", "content": "Done|a_authorize_patrol"}"
[nurse_disinfect-3] [INFO] [1748620611.992552906] [nurse_disinfect]: And it is for me
[uvdrobot-4] [INFO] [1748620611.992575358] [uvdrobot]: And it is not for me
[spotrobot-5] [INFO] [1748620611.992803546] [spotrobot]: And it is for me
[nurse_disinfect-3] [INFO] [1748620611.992854993] [nurse_disinfect]: Finished action
[spotrobot-5] [INFO] [1748620611.993332784] [spotrobot]: Finished action
[nurse_disinfect-3] [INFO] [1748620611.993539737] [nurse_disinfect]: I heard: "{"performative": "query", "sender": "nurse_disinfected1", "receiver": "spotrobot1", "content": "Done|a_authorize_patrol"}"
[uvdrobot-4] [INFO] [1748620611.993773536] [uvdrobot]: I heard: "{"performative": "query", "sender": "nurse_disinfected1", "receiver": "spotrobot1", "content": "Done|a_authorize_patrol"}"
[nurse_disinfect-3] [INFO] [1748620611.993825180] [nurse_disinfect]: And it is not for me
[spotrobot-5] [INFO] [1748620611.993994877] [spotrobot]: Doing a_patrol_room
[uvdrobot-4] [INFO] [1748620611.994308295] [uvdrobot]: And it is not for me
[nurse_disinfect-3] [INFO] [1748620611.994401389] [nurse_disinfect]: I heard: "{"performative": "query", "sender": "spotrobot1", "receiver": "nurse_disinfected1", "content": "Done|a_authorize_patrol"}"
[spotrobot-5] [INFO] [1748620611.994585277] [spotrobot]: Wating for response
[nurse_disinfect-3] [INFO] [1748620611.994733385] [nurse_disinfect]: And it is for me
[nurse_disinfect-3] [INFO] [1748620611.995011446] [nurse_disinfect]: Already finished action
[uvdrobot-4] [INFO] [1748620611.995222375] [uvdrobot]: I heard: "{"performative": "query", "sender": "spotrobot1", "receiver": "nurse_disinfected1", "content": "Done|a_authorize_patrol"}"
[spotrobot-5] [INFO] [1748620611.995464374] [spotrobot]: I heard: "{"performative": "query", "sender": "spotrobot1", "receiver": "nurse_disinfected1", "content": "Done|a_authorize_patrol"}"
[uvdrobot-4] [INFO] [1748620611.995680177] [uvdrobot]: And it is not for me
[spotrobot-5] [INFO] [1748620611.995938905] [spotrobot]: And it is not for me
[spotrobot-5] [INFO] [1748620611.996796647] [spotrobot]: I heard: "{"performative": "query", "sender": "nurse_disinfected1", "receiver": "spotrobot1", "content": "Done|a_authorize_patrol"}"
[spotrobot-5] [INFO] [1748620611.997144036] [spotrobot]: And it is for me
[spotrobot-5] [INFO] [1748620611.997599206] [spotrobot]: Already finished action
[spotrobot-5] [INFO] [1748620611.998226240] [spotrobot]: I heard: "{"performative": "query", "sender": "spotrobot1", "receiver": "nurse_disinfected1", "content": "Done|a_authorize_patrol"}"
[spotrobot-5] [INFO] [1748620611.998581468] [spotrobot]: And it is not for me
[spotrobot-5] [INFO] [1748620611.999905444] [spotrobot]: success
[spotrobot-5] [INFO] [1748620612.000313433] [spotrobot]: Doing a_authorize_disinfect
[spotrobot-5] [INFO] [1748620612.000846562] [spotrobot]: a_authorize_disinfect
[spotrobot-5] [INFO] [1748620612.001226358] [spotrobot]: Here first, waiting for spotrobot
[nurse_disinfect-3] [INFO] [1748620612.002049757] [nurse_disinfect]: I heard: "{"performative": "query", "sender": "spotrobot1", "receiver": "uvdrobot1", "content": "Ready|a_authorize_disinfect"}"
[uvdrobot-4] [INFO] [1748620612.002060030] [uvdrobot]: I heard: "{"performative": "query", "sender": "spotrobot1", "receiver": "uvdrobot1", "content": "Ready|a_authorize_disinfect"}"
[spotrobot-5] [INFO] [1748620612.002194257] [spotrobot]: I heard: "{"performative": "query", "sender": "spotrobot1", "receiver": "uvdrobot1", "content": "Ready|a_authorize_disinfect"}"
[uvdrobot-4] [INFO] [1748620612.002562020] [uvdrobot]: And it is for me
[nurse_disinfect-3] [INFO] [1748620612.002566892] [nurse_disinfect]: And it is not for me
[spotrobot-5] [INFO] [1748620612.002687253] [spotrobot]: And it is not for me
[uvdrobot-4] [INFO] [1748620612.003058573] [uvdrobot]: Ready to act
[nurse_disinfect-3] [INFO] [1748620612.003662477] [nurse_disinfect]: I heard: "{"performative": "query", "sender": "uvdrobot1", "receiver": "spotrobot1", "content": "Done|a_authorize_disinfect"}"
[spotrobot-5] [INFO] [1748620612.003886165] [spotrobot]: I heard: "{"performative": "query", "sender": "uvdrobot1", "receiver": "spotrobot1", "content": "Done|a_authorize_disinfect"}"
[uvdrobot-4] [INFO] [1748620612.004055064] [uvdrobot]: I heard: "{"performative": "query", "sender": "uvdrobot1", "receiver": "spotrobot1", "content": "Done|a_authorize_disinfect"}"
[nurse_disinfect-3] [INFO] [1748620612.004177246] [nurse_disinfect]: And it is not for me
[spotrobot-5] [INFO] [1748620612.004340468] [spotrobot]: And it is for me
[uvdrobot-4] [INFO] [1748620612.004512505] [uvdrobot]: And it is not for me
[spotrobot-5] [INFO] [1748620612.004828084] [spotrobot]: Finished action
[nurse_disinfect-3] [INFO] [1748620612.005633768] [nurse_disinfect]: I heard: "{"performative": "query", "sender": "spotrobot1", "receiver": "uvdrobot1", "content": "Done|a_authorize_disinfect"}"
[uvdrobot-4] [INFO] [1748620612.005752666] [uvdrobot]: I heard: "{"performative": "query", "sender": "spotrobot1", "receiver": "uvdrobot1", "content": "Done|a_authorize_disinfect"}"
[spotrobot-5] [INFO] [1748620612.005898214] [spotrobot]: I heard: "{"performative": "query", "sender": "spotrobot1", "receiver": "uvdrobot1", "content": "Done|a_authorize_disinfect"}"
[nurse_disinfect-3] [INFO] [1748620612.006088090] [nurse_disinfect]: And it is not for me
[uvdrobot-4] [INFO] [1748620612.006214808] [uvdrobot]: And it is for me
[spotrobot-5] [INFO] [1748620612.006343303] [spotrobot]: And it is not for me
[uvdrobot-4] [INFO] [1748620612.006731228] [uvdrobot]: Finished action
[nurse_disinfect-3] [INFO] [1748620612.007326560] [nurse_disinfect]: I heard: "{"performative": "query", "sender": "uvdrobot1", "receiver": "spotrobot1", "content": "Done|a_authorize_disinfect"}"
[uvdrobot-4] [INFO] [1748620612.007390097] [uvdrobot]: Doing a_navto
[nurse_disinfect-3] [INFO] [1748620612.007683562] [nurse_disinfect]: And it is not for me
[spotrobot-5] [INFO] [1748620612.007733306] [spotrobot]: I heard: "{"performative": "query", "sender": "uvdrobot1", "receiver": "spotrobot1", "content": "Done|a_authorize_disinfect"}"
[uvdrobot-4] [INFO] [1748620612.008090738] [uvdrobot]: Waiting for response
[spotrobot-5] [INFO] [1748620612.008287639] [spotrobot]: And it is for me
[spotrobot-5] [INFO] [1748620612.008645605] [spotrobot]: Already finished action
[uvdrobot-4] [INFO] [1748620612.008788777] [uvdrobot]: I heard: "{"performative": "query", "sender": "uvdrobot1", "receiver": "spotrobot1", "content": "Done|a_authorize_disinfect"}"
[uvdrobot-4] [INFO] [1748620612.009228029] [uvdrobot]: And it is not for me
[uvdrobot-4] [INFO] [1748620612.010206209] [uvdrobot]: success
[uvdrobot-4] [INFO] [1748620612.010689143] [uvdrobot]: Doing a_disinfect_room
[uvdrobot-4] [INFO] [1748620612.011095959] [uvdrobot]: Waiting for response
[uvdrobot-4] [INFO] [1748620612.012174949] [uvdrobot]: success
[nurse_disinfect-3] [INFO] [1748620612.014705021] [nurse_disinfect]: Recebido sinal de desligamento do coordenador, finalizando...
[spotrobot-5] [INFO] [1748620612.014713383] [spotrobot]: Recebido sinal de desligamento do coordenador, finalizando...
[disinfect_environment-1] [INFO] [1748620612.014855797] [disinfect_environment]: Recebido sinal de desligamento do coordenador, finalizando...
[disinfect_planner-2] [INFO] [1748620612.014867810] [disinfect_planner]: Recebido sinal de desligamento do coordenador, finalizando...
[uvdrobot-4] [INFO] [1748620612.014908930] [uvdrobot]: Recebido sinal de desligamento do coordenador, finalizando...
[nurse_disinfect-3] [INFO] [1748620612.015129252] [Quitting]: Done
[disinfect_environment-1] [INFO] [1748620612.015164216] [Quitting]: Done
[disinfect_planner-2] [INFO] [1748620612.015237373] [Quitting]: Done
[spotrobot-5] [INFO] [1748620612.015263260] [Quitting]: Done
[uvdrobot-4] [INFO] [1748620612.015468992] [Quitting]: Done
[INFO] [disinfect_environment-1]: process has finished cleanly [pid 26625]
[INFO] [nurse_disinfect-3]: process has finished cleanly [pid 26631]
[INFO] [uvdrobot-4]: process has finished cleanly [pid 26633]
[INFO] [spotrobot-5]: process has finished cleanly [pid 26635]
