[INFO] [launch]: All log files can be found below /home/rafael/.ros/log/2025-05-30-13-08-39-502881-NotebookRafael-38431
[INFO] [launch]: Default logging verbosity is set to INFO
[INFO] [disinfect_environment-1]: process started with pid [38434]
[INFO] [disinfect_planner-2]: process started with pid [38436]
[INFO] [nurse_disinfect-3]: process started with pid [38438]
[INFO] [uvdrobot-4]: process started with pid [38440]
[INFO] [spotrobot-5]: process started with pid [38442]
[disinfect_environment-1] [INFO] [1748621319.779841956] [disinfect_environment]: Starting Environment server
[disinfect_environment-1] [INFO] [1748621319.784246625] [disinfect_environment]: Environment server started
[disinfect_planner-2] [INFO] [1748621320.304440341] [disinfect_planner]: Starting Planner server
[disinfect_planner-2] [INFO] [1748621320.308279610] [disinfect_planner]: Planner server started
[disinfect_planner-2] [INFO] [1748621320.536094261] [disinfect_planner]: Creating plan for: spotrobot1 uvdrobot1 nurse_disinfected1
[disinfect_planner-2] [INFO] [1748621320.537654699] [disinfect_planner]: a_navto,spotrobot1,room1
[disinfect_planner-2] [INFO] [1748621320.538012317] [disinfect_planner]: a_open_door,spotrobot1,room1
[disinfect_planner-2] [INFO] [1748621320.538310084] [disinfect_planner]: a_approach_nurse,spotrobot1,nurse_disinfected1
[disinfect_planner-2] [INFO] [1748621320.538694063] [disinfect_planner]: a_authenticate_nurse,spotrobot1,nurse_disinfected1
[disinfect_planner-2] [INFO] [1748621320.538990881] [disinfect_planner]: a_authorize_patrol,spotrobot1,nurse_disinfected1
[disinfect_planner-2] [INFO] [1748621320.539280582] [disinfect_planner]: a_patrol_room,spotrobot1,room1
[disinfect_planner-2] [INFO] [1748621320.539577220] [disinfect_planner]: a_authorize_disinfect,uvdrobot1,spotrobot1
[disinfect_planner-2] [INFO] [1748621320.539859413] [disinfect_planner]: a_navto,uvdrobot1,room1
[disinfect_planner-2] [INFO] [1748621320.540144677] [disinfect_planner]: a_disinfect_room,uvdrobot1,room1
[disinfect_planner-2] [INFO] [1748621320.540500105] [disinfect_planner]: Sending response
[nurse_disinfect-3] [INFO] [1748621320.542008082] [nurse_disinfect]: response.response nurse_disinfected1
[spotrobot-5] [INFO] [1748621320.542028177] [spotrobot]: response.response spotrobot1
[nurse_disinfect-3] [INFO] [1748621320.542389824] [nurse_disinfect]: My name is nurse_disinfected1
[spotrobot-5] [INFO] [1748621320.542522891] [spotrobot]: My name is spotrobot1
[spotrobot-5] [INFO] [1748621320.543452183] [spotrobot]: I heard: "{"performative": "request", "sender": "Coordinator", "receiver": "uvdrobot1", "content": "Plan|a_authorize_disinfect,uvdrobot1,spotrobot1/a_navto,uvdrobot1,room1/a_disinfect_room,uvdrobot1,room1"}"
[spotrobot-5] [INFO] [1748621320.543953855] [spotrobot]: And it is not for me
[spotrobot-5] [INFO] [1748621320.544862994] [spotrobot]: I heard: "{"performative": "request", "sender": "Coordinator", "receiver": "spotrobot1", "content": "Plan|a_navto,spotrobot1,room1/a_open_door,spotrobot1,room1/a_approach_nurse,spotrobot1,nurse_disinfected1/a_authenticate_nurse,spotrobot1,nurse_disinfected1/a_authorize_patrol,spotrobot1,nurse_disinfected1/a_patrol_room,spotrobot1,room1/a_authorize_disinfect,uvdrobot1,spotrobot1"}"
[spotrobot-5] [INFO] [1748621320.545317052] [spotrobot]: And it is for me
[spotrobot-5] [INFO] [1748621320.545941118] [spotrobot]: Doing a_navto
[spotrobot-5] [INFO] [1748621320.546511968] [spotrobot]: Wating for response
[spotrobot-5] [INFO] [1748621320.547299728] [spotrobot]: I heard: "{"performative": "request", "sender": "Coordinator", "receiver": "nurse_disinfected1", "content": "Plan|a_approach_nurse,spotrobot1,nurse_disinfected1/a_authenticate_nurse,spotrobot1,nurse_disinfected1/a_authorize_patrol,spotrobot1,nurse_disinfected1"}"
[spotrobot-5] [INFO] [1748621320.547829571] [spotrobot]: And it is not for me
[uvdrobot-4] [INFO] [1748621320.547962097] [uvdrobot]: response.response uvdrobot1
[uvdrobot-4] [INFO] [1748621320.548486509] [uvdrobot]: My name is uvdrobot1
[uvdrobot-4] [INFO] [1748621320.549473386] [uvdrobot]: I heard: "{"performative": "request", "sender": "Coordinator", "receiver": "uvdrobot1", "content": "Plan|a_authorize_disinfect,uvdrobot1,spotrobot1/a_navto,uvdrobot1,room1/a_disinfect_room,uvdrobot1,room1"}"
[spotrobot-5] [INFO] [1748621320.549516555] [spotrobot]: success
[uvdrobot-4] [INFO] [1748621320.549971010] [uvdrobot]: And it is for me
[spotrobot-5] [INFO] [1748621320.550071490] [spotrobot]: Doing a_open_door
[uvdrobot-4] [INFO] [1748621320.550629333] [uvdrobot]: Doing a_authorize_disinfect
[spotrobot-5] [INFO] [1748621320.550647761] [spotrobot]: Wating for response
[uvdrobot-4] [INFO] [1748621320.551116549] [uvdrobot]: a_authorize_disinfect
[uvdrobot-4] [INFO] [1748621320.551625206] [uvdrobot]: Here first, waiting for spotrobot
[spotrobot-5] [INFO] [1748621320.552549494] [spotrobot]: I heard: "{"performative": "query", "sender": "uvdrobot1", "receiver": "spotrobot1", "content": "Ready|a_authorize_disinfect"}"
[uvdrobot-4] [INFO] [1748621320.552709794] [uvdrobot]: I heard: "{"performative": "request", "sender": "Coordinator", "receiver": "spotrobot1", "content": "Plan|a_navto,spotrobot1,room1/a_open_door,spotrobot1,room1/a_approach_nurse,spotrobot1,nurse_disinfected1/a_authenticate_nurse,spotrobot1,nurse_disinfected1/a_authorize_patrol,spotrobot1,nurse_disinfected1/a_patrol_room,spotrobot1,room1/a_authorize_disinfect,uvdrobot1,spotrobot1"}"
[spotrobot-5] [INFO] [1748621320.553066162] [spotrobot]: And it is for me
[uvdrobot-4] [INFO] [1748621320.553171454] [uvdrobot]: And it is not for me
[spotrobot-5] [INFO] [1748621320.553543671] [spotrobot]: No there yet
[uvdrobot-4] [INFO] [1748621320.553727261] [uvdrobot]: I heard: "{"performative": "query", "sender": "uvdrobot1", "receiver": "spotrobot1", "content": "Ready|a_authorize_disinfect"}"
[spotrobot-5] [INFO] [1748621320.554105013] [spotrobot]: success
[uvdrobot-4] [INFO] [1748621320.554180873] [uvdrobot]: And it is not for me
[spotrobot-5] [INFO] [1748621320.554682517] [spotrobot]: Doing a_approach_nurse
[uvdrobot-4] [INFO] [1748621320.555115796] [uvdrobot]: I heard: "{"performative": "request", "sender": "Coordinator", "receiver": "nurse_disinfected1", "content": "Plan|a_approach_nurse,spotrobot1,nurse_disinfected1/a_authenticate_nurse,spotrobot1,nurse_disinfected1/a_authorize_patrol,spotrobot1,nurse_disinfected1"}"
[spotrobot-5] [INFO] [1748621320.555330707] [spotrobot]: Wating for response
[uvdrobot-4] [INFO] [1748621320.555611287] [uvdrobot]: And it is not for me
[spotrobot-5] [INFO] [1748621320.557471844] [spotrobot]: success
[spotrobot-5] [INFO] [1748621320.558046978] [spotrobot]: Doing a_authenticate_nurse
[spotrobot-5] [INFO] [1748621320.558546289] [spotrobot]: a_authenticate_nurse
[spotrobot-5] [INFO] [1748621320.559033012] [spotrobot]: Here first, waiting for nurse
[spotrobot-5] [INFO] [1748621320.560024818] [spotrobot]: I heard: "{"performative": "query", "sender": "spotrobot1", "receiver": "nurse_disinfected1", "content": "Ready|a_authenticate_nurse"}"
[uvdrobot-4] [INFO] [1748621320.560114973] [uvdrobot]: I heard: "{"performative": "query", "sender": "spotrobot1", "receiver": "nurse_disinfected1", "content": "Ready|a_authenticate_nurse"}"
[spotrobot-5] [INFO] [1748621320.560500764] [spotrobot]: And it is not for me
[uvdrobot-4] [INFO] [1748621320.560572510] [uvdrobot]: And it is not for me
[nurse_disinfect-3] [INFO] [1748621321.544080435] [nurse_disinfect]: I heard: "{"performative": "request", "sender": "Coordinator", "receiver": "uvdrobot1", "content": "Plan|a_authorize_disinfect,uvdrobot1,spotrobot1/a_navto,uvdrobot1,room1/a_disinfect_room,uvdrobot1,room1"}"
[nurse_disinfect-3] [INFO] [1748621321.544465362] [nurse_disinfect]: And it is not for me
[nurse_disinfect-3] [INFO] [1748621321.545023936] [nurse_disinfect]: I heard: "{"performative": "query", "sender": "uvdrobot1", "receiver": "spotrobot1", "content": "Ready|a_authorize_disinfect"}"
[nurse_disinfect-3] [INFO] [1748621321.545455803] [nurse_disinfect]: And it is not for me
[nurse_disinfect-3] [INFO] [1748621321.546327263] [nurse_disinfect]: I heard: "{"performative": "request", "sender": "Coordinator", "receiver": "spotrobot1", "content": "Plan|a_navto,spotrobot1,room1/a_open_door,spotrobot1,room1/a_approach_nurse,spotrobot1,nurse_disinfected1/a_authenticate_nurse,spotrobot1,nurse_disinfected1/a_authorize_patrol,spotrobot1,nurse_disinfected1/a_patrol_room,spotrobot1,room1/a_authorize_disinfect,uvdrobot1,spotrobot1"}"
[nurse_disinfect-3] [INFO] [1748621321.546641694] [nurse_disinfect]: And it is not for me
[nurse_disinfect-3] [INFO] [1748621321.547014071] [nurse_disinfect]: I heard: "{"performative": "query", "sender": "spotrobot1", "receiver": "nurse_disinfected1", "content": "Ready|a_authenticate_nurse"}"
[nurse_disinfect-3] [INFO] [1748621321.547326293] [nurse_disinfect]: And it is for me
[nurse_disinfect-3] [INFO] [1748621321.547691930] [nurse_disinfect]: No there yet
[nurse_disinfect-3] [INFO] [1748621321.548449793] [nurse_disinfect]: I heard: "{"performative": "request", "sender": "Coordinator", "receiver": "nurse_disinfected1", "content": "Plan|a_approach_nurse,spotrobot1,nurse_disinfected1/a_authenticate_nurse,spotrobot1,nurse_disinfected1/a_authorize_patrol,spotrobot1,nurse_disinfected1"}"
[nurse_disinfect-3] [INFO] [1748621321.548964896] [nurse_disinfect]: And it is for me
[nurse_disinfect-3] [INFO] [1748621321.550405946] [nurse_disinfect]: a_approach_nurse
[nurse_disinfect-3] [INFO] [1748621321.550866402] [nurse_disinfect]: a_authenticate_nurse
[nurse_disinfect-3] [INFO] [1748621321.551392141] [nurse_disinfect]: Doing a_authenticate_nurse
[nurse_disinfect-3] [INFO] [1748621321.551883878] [nurse_disinfect]: a_authenticate_nurse
[nurse_disinfect-3] [INFO] [1748621321.552187939] [nurse_disinfect]: Robot is waiting, send action message
[uvdrobot-4] [INFO] [1748621321.552918466] [uvdrobot]: I heard: "{"performative": "query", "sender": "nurse_disinfected1", "receiver": "spotrobot1", "content": "Done|a_authenticate_nurse"}"
[nurse_disinfect-3] [INFO] [1748621321.552969221] [nurse_disinfect]: I heard: "{"performative": "query", "sender": "nurse_disinfected1", "receiver": "spotrobot1", "content": "Done|a_authenticate_nurse"}"
[spotrobot-5] [INFO] [1748621321.553087293] [spotrobot]: I heard: "{"performative": "query", "sender": "nurse_disinfected1", "receiver": "spotrobot1", "content": "Done|a_authenticate_nurse"}"
[uvdrobot-4] [INFO] [1748621321.553264339] [uvdrobot]: And it is not for me
[nurse_disinfect-3] [INFO] [1748621321.553312886] [nurse_disinfect]: And it is not for me
[spotrobot-5] [INFO] [1748621321.553645669] [spotrobot]: And it is for me
[spotrobot-5] [INFO] [1748621321.554197693] [spotrobot]: Finished action
[nurse_disinfect-3] [INFO] [1748621321.554823967] [nurse_disinfect]: I heard: "{"performative": "query", "sender": "spotrobot1", "receiver": "nurse_disinfected1", "content": "Done|a_authenticate_nurse"}"
[uvdrobot-4] [INFO] [1748621321.554868204] [uvdrobot]: I heard: "{"performative": "query", "sender": "spotrobot1", "receiver": "nurse_disinfected1", "content": "Done|a_authenticate_nurse"}"
[spotrobot-5] [INFO] [1748621321.554933337] [spotrobot]: Doing a_authorize_patrol
[nurse_disinfect-3] [INFO] [1748621321.555152825] [nurse_disinfect]: And it is for me
[uvdrobot-4] [INFO] [1748621321.555154472] [uvdrobot]: And it is not for me
[spotrobot-5] [INFO] [1748621321.555445227] [spotrobot]: a_authorize_patrol
[nurse_disinfect-3] [INFO] [1748621321.555542869] [nurse_disinfect]: Finished action
[nurse_disinfect-3] [INFO] [1748621321.555989041] [nurse_disinfect]: a_authorize_patrol
[spotrobot-5] [INFO] [1748621321.556000996] [spotrobot]: Here first, waiting for nurse
[uvdrobot-4] [INFO] [1748621321.556188434] [uvdrobot]: I heard: "{"performative": "query", "sender": "nurse_disinfected1", "receiver": "spotrobot1", "content": "Done|a_authenticate_nurse"}"
[nurse_disinfect-3] [INFO] [1748621321.556397174] [nurse_disinfect]: Doing a_authorize_patrol
[uvdrobot-4] [INFO] [1748621321.556594831] [uvdrobot]: And it is not for me
[nurse_disinfect-3] [INFO] [1748621321.556685291] [nurse_disinfect]: a_authorize_patrol
[nurse_disinfect-3] [INFO] [1748621321.556941776] [nurse_disinfect]: Here first, waiting for robot
[spotrobot-5] [INFO] [1748621321.557120249] [spotrobot]: I heard: "{"performative": "query", "sender": "spotrobot1", "receiver": "nurse_disinfected1", "content": "Done|a_authenticate_nurse"}"
[uvdrobot-4] [INFO] [1748621321.557314133] [uvdrobot]: I heard: "{"performative": "query", "sender": "spotrobot1", "receiver": "nurse_disinfected1", "content": "Ready|a_authorize_patrol"}"
[spotrobot-5] [INFO] [1748621321.557686881] [spotrobot]: And it is not for me
[uvdrobot-4] [INFO] [1748621321.557696984] [uvdrobot]: And it is not for me
[nurse_disinfect-3] [INFO] [1748621321.557962579] [nurse_disinfect]: I heard: "{"performative": "query", "sender": "nurse_disinfected1", "receiver": "spotrobot1", "content": "Done|a_authenticate_nurse"}"
[nurse_disinfect-3] [INFO] [1748621321.558275181] [nurse_disinfect]: And it is not for me
[uvdrobot-4] [INFO] [1748621321.558332481] [uvdrobot]: I heard: "{"performative": "query", "sender": "nurse_disinfected1", "receiver": "spotrobot1", "content": "Ready|a_authorize_patrol"}"
[spotrobot-5] [INFO] [1748621321.558693683] [spotrobot]: I heard: "{"performative": "query", "sender": "nurse_disinfected1", "receiver": "spotrobot1", "content": "Done|a_authenticate_nurse"}"
[uvdrobot-4] [INFO] [1748621321.558696582] [uvdrobot]: And it is not for me
[nurse_disinfect-3] [INFO] [1748621321.558837840] [nurse_disinfect]: I heard: "{"performative": "query", "sender": "spotrobot1", "receiver": "nurse_disinfected1", "content": "Ready|a_authorize_patrol"}"
[spotrobot-5] [INFO] [1748621321.559265415] [spotrobot]: And it is for me
[nurse_disinfect-3] [INFO] [1748621321.559281168] [nurse_disinfect]: And it is for me
[nurse_disinfect-3] [INFO] [1748621321.559723225] [nurse_disinfect]: Ready to act
[spotrobot-5] [INFO] [1748621321.559856976] [spotrobot]: Already finished action
[uvdrobot-4] [INFO] [1748621321.560551838] [uvdrobot]: I heard: "{"performative": "query", "sender": "nurse_disinfected1", "receiver": "spotrobot1", "content": "Done|a_authorize_patrol"}"
[nurse_disinfect-3] [INFO] [1748621321.560581415] [nurse_disinfect]: I heard: "{"performative": "query", "sender": "nurse_disinfected1", "receiver": "spotrobot1", "content": "Ready|a_authorize_patrol"}"
[spotrobot-5] [INFO] [1748621321.560814876] [spotrobot]: I heard: "{"performative": "query", "sender": "spotrobot1", "receiver": "nurse_disinfected1", "content": "Ready|a_authorize_patrol"}"
[uvdrobot-4] [INFO] [1748621321.560953572] [uvdrobot]: And it is not for me
[nurse_disinfect-3] [INFO] [1748621321.560985470] [nurse_disinfect]: And it is not for me
[spotrobot-5] [INFO] [1748621321.561360066] [spotrobot]: And it is not for me
[nurse_disinfect-3] [INFO] [1748621321.561649073] [nurse_disinfect]: I heard: "{"performative": "query", "sender": "nurse_disinfected1", "receiver": "spotrobot1", "content": "Done|a_authorize_patrol"}"
[nurse_disinfect-3] [INFO] [1748621321.561953087] [nurse_disinfect]: And it is not for me
[spotrobot-5] [INFO] [1748621321.562378954] [spotrobot]: I heard: "{"performative": "query", "sender": "nurse_disinfected1", "receiver": "spotrobot1", "content": "Ready|a_authorize_patrol"}"
[spotrobot-5] [INFO] [1748621321.562954392] [spotrobot]: And it is for me
[spotrobot-5] [INFO] [1748621321.563578391] [spotrobot]: Ready to act
[nurse_disinfect-3] [INFO] [1748621321.564134073] [nurse_disinfect]: I heard: "{"performative": "query", "sender": "spotrobot1", "receiver": "nurse_disinfected1", "content": "Done|a_authorize_patrol"}"
[uvdrobot-4] [INFO] [1748621321.564276615] [uvdrobot]: I heard: "{"performative": "query", "sender": "spotrobot1", "receiver": "nurse_disinfected1", "content": "Done|a_authorize_patrol"}"
[nurse_disinfect-3] [INFO] [1748621321.564465178] [nurse_disinfect]: And it is for me
[uvdrobot-4] [INFO] [1748621321.564570126] [uvdrobot]: And it is not for me
[spotrobot-5] [INFO] [1748621321.564631565] [spotrobot]: I heard: "{"performative": "query", "sender": "nurse_disinfected1", "receiver": "spotrobot1", "content": "Done|a_authorize_patrol"}"
[nurse_disinfect-3] [INFO] [1748621321.564742148] [nurse_disinfect]: Finished action
[spotrobot-5] [INFO] [1748621321.565142962] [spotrobot]: And it is for me
[uvdrobot-4] [INFO] [1748621321.565314898] [uvdrobot]: I heard: "{"performative": "query", "sender": "nurse_disinfected1", "receiver": "spotrobot1", "content": "Done|a_authorize_patrol"}"
[nurse_disinfect-3] [INFO] [1748621321.565449278] [nurse_disinfect]: I heard: "{"performative": "query", "sender": "nurse_disinfected1", "receiver": "spotrobot1", "content": "Done|a_authorize_patrol"}"
[nurse_disinfect-3] [INFO] [1748621321.565732987] [nurse_disinfect]: And it is not for me
[spotrobot-5] [INFO] [1748621321.565737652] [spotrobot]: Finished action
[uvdrobot-4] [INFO] [1748621321.565884259] [uvdrobot]: And it is not for me
[uvdrobot-4] [INFO] [1748621321.566386661] [uvdrobot]: I heard: "{"performative": "query", "sender": "spotrobot1", "receiver": "nurse_disinfected1", "content": "Done|a_authorize_patrol"}"
[spotrobot-5] [INFO] [1748621321.566447835] [spotrobot]: Doing a_patrol_room
[nurse_disinfect-3] [INFO] [1748621321.566517117] [nurse_disinfect]: I heard: "{"performative": "query", "sender": "spotrobot1", "receiver": "nurse_disinfected1", "content": "Done|a_authorize_patrol"}"
[uvdrobot-4] [INFO] [1748621321.566725510] [uvdrobot]: And it is not for me
[nurse_disinfect-3] [INFO] [1748621321.567075065] [nurse_disinfect]: And it is for me
[spotrobot-5] [INFO] [1748621321.567081702] [spotrobot]: Wating for response
[nurse_disinfect-3] [INFO] [1748621321.567440674] [nurse_disinfect]: Already finished action
[spotrobot-5] [INFO] [1748621321.567943550] [spotrobot]: I heard: "{"performative": "query", "sender": "spotrobot1", "receiver": "nurse_disinfected1", "content": "Done|a_authorize_patrol"}"
[spotrobot-5] [INFO] [1748621321.568474995] [spotrobot]: And it is not for me
[spotrobot-5] [INFO] [1748621321.569421994] [spotrobot]: I heard: "{"performative": "query", "sender": "nurse_disinfected1", "receiver": "spotrobot1", "content": "Done|a_authorize_patrol"}"
[spotrobot-5] [INFO] [1748621321.569992380] [spotrobot]: And it is for me
[spotrobot-5] [INFO] [1748621321.570511417] [spotrobot]: Already finished action
[spotrobot-5] [INFO] [1748621321.571441950] [spotrobot]: I heard: "{"performative": "query", "sender": "spotrobot1", "receiver": "nurse_disinfected1", "content": "Done|a_authorize_patrol"}"
[spotrobot-5] [INFO] [1748621321.571968846] [spotrobot]: And it is not for me
[spotrobot-5] [INFO] [1748621321.573992650] [spotrobot]: success
[spotrobot-5] [INFO] [1748621321.574604260] [spotrobot]: Doing a_authorize_disinfect
[spotrobot-5] [INFO] [1748621321.575169498] [spotrobot]: a_authorize_disinfect
[spotrobot-5] [INFO] [1748621321.575702185] [spotrobot]: Here first, waiting for spotrobot
[uvdrobot-4] [INFO] [1748621321.576336365] [uvdrobot]: I heard: "{"performative": "query", "sender": "spotrobot1", "receiver": "uvdrobot1", "content": "Ready|a_authorize_disinfect"}"
[nurse_disinfect-3] [INFO] [1748621321.576391076] [nurse_disinfect]: I heard: "{"performative": "query", "sender": "spotrobot1", "receiver": "uvdrobot1", "content": "Ready|a_authorize_disinfect"}"
[uvdrobot-4] [INFO] [1748621321.576684588] [uvdrobot]: And it is for me
[nurse_disinfect-3] [INFO] [1748621321.576731546] [nurse_disinfect]: And it is not for me
[spotrobot-5] [INFO] [1748621321.576731652] [spotrobot]: I heard: "{"performative": "query", "sender": "spotrobot1", "receiver": "uvdrobot1", "content": "Ready|a_authorize_disinfect"}"
[uvdrobot-4] [INFO] [1748621321.576984090] [uvdrobot]: Ready to act
[spotrobot-5] [INFO] [1748621321.577309374] [spotrobot]: And it is not for me
[nurse_disinfect-3] [INFO] [1748621321.577572455] [nurse_disinfect]: I heard: "{"performative": "query", "sender": "uvdrobot1", "receiver": "spotrobot1", "content": "Done|a_authorize_disinfect"}"
[uvdrobot-4] [INFO] [1748621321.577616137] [uvdrobot]: I heard: "{"performative": "query", "sender": "uvdrobot1", "receiver": "spotrobot1", "content": "Done|a_authorize_disinfect"}"
[nurse_disinfect-3] [INFO] [1748621321.577871188] [nurse_disinfect]: And it is not for me
[uvdrobot-4] [INFO] [1748621321.577945848] [uvdrobot]: And it is not for me
[spotrobot-5] [INFO] [1748621321.578251027] [spotrobot]: I heard: "{"performative": "query", "sender": "uvdrobot1", "receiver": "spotrobot1", "content": "Done|a_authorize_disinfect"}"
[spotrobot-5] [INFO] [1748621321.578801232] [spotrobot]: And it is for me
[spotrobot-5] [INFO] [1748621321.579375001] [spotrobot]: Finished action
[uvdrobot-4] [INFO] [1748621321.580157480] [uvdrobot]: I heard: "{"performative": "query", "sender": "spotrobot1", "receiver": "uvdrobot1", "content": "Done|a_authorize_disinfect"}"
[nurse_disinfect-3] [INFO] [1748621321.580195840] [nurse_disinfect]: I heard: "{"performative": "query", "sender": "spotrobot1", "receiver": "uvdrobot1", "content": "Done|a_authorize_disinfect"}"
[spotrobot-5] [INFO] [1748621321.580494008] [spotrobot]: I heard: "{"performative": "query", "sender": "spotrobot1", "receiver": "uvdrobot1", "content": "Done|a_authorize_disinfect"}"
[uvdrobot-4] [INFO] [1748621321.580633662] [uvdrobot]: And it is for me
[nurse_disinfect-3] [INFO] [1748621321.580633670] [nurse_disinfect]: And it is not for me
[spotrobot-5] [INFO] [1748621321.581034846] [spotrobot]: And it is not for me
[uvdrobot-4] [INFO] [1748621321.581098214] [uvdrobot]: Finished action
[uvdrobot-4] [INFO] [1748621321.581772461] [uvdrobot]: Doing a_navto
[spotrobot-5] [INFO] [1748621321.581941569] [spotrobot]: I heard: "{"performative": "query", "sender": "uvdrobot1", "receiver": "spotrobot1", "content": "Done|a_authorize_disinfect"}"
[nurse_disinfect-3] [INFO] [1748621321.582047903] [nurse_disinfect]: I heard: "{"performative": "query", "sender": "uvdrobot1", "receiver": "spotrobot1", "content": "Done|a_authorize_disinfect"}"
[uvdrobot-4] [INFO] [1748621321.582374450] [uvdrobot]: Waiting for response
[spotrobot-5] [INFO] [1748621321.582462483] [spotrobot]: And it is for me
[nurse_disinfect-3] [INFO] [1748621321.582519241] [nurse_disinfect]: And it is not for me
[spotrobot-5] [INFO] [1748621321.583013635] [spotrobot]: Already finished action
[uvdrobot-4] [INFO] [1748621321.583221994] [uvdrobot]: I heard: "{"performative": "query", "sender": "uvdrobot1", "receiver": "spotrobot1", "content": "Done|a_authorize_disinfect"}"
[uvdrobot-4] [INFO] [1748621321.583714736] [uvdrobot]: And it is not for me
[uvdrobot-4] [INFO] [1748621321.584436142] [uvdrobot]: success
[uvdrobot-4] [INFO] [1748621321.584842388] [uvdrobot]: Doing a_disinfect_room
[uvdrobot-4] [INFO] [1748621321.585435950] [uvdrobot]: Waiting for response
[uvdrobot-4] [INFO] [1748621321.586729817] [uvdrobot]: success
[disinfect_environment-1] [INFO] [1748621321.589377298] [disinfect_environment]: Recebido sinal de desligamento do coordenador, finalizando...
[spotrobot-5] [INFO] [1748621321.589394688] [spotrobot]: Recebido sinal de desligamento do coordenador, finalizando...
[nurse_disinfect-3] [INFO] [1748621321.589421412] [nurse_disinfect]: Recebido sinal de desligamento do coordenador, finalizando...
[uvdrobot-4] [INFO] [1748621321.589461103] [uvdrobot]: Recebido sinal de desligamento do coordenador, finalizando...
[disinfect_planner-2] [INFO] [1748621321.589571586] [disinfect_planner]: Recebido sinal de desligamento do coordenador, finalizando...
[spotrobot-5] [INFO] [1748621321.589787975] [Quitting]: Done
[disinfect_environment-1] [INFO] [1748621321.589795383] [Quitting]: Done
[uvdrobot-4] [INFO] [1748621321.589981003] [Quitting]: Done
[nurse_disinfect-3] [INFO] [1748621321.590031724] [Quitting]: Done
[disinfect_planner-2] [INFO] [1748621321.590165262] [Quitting]: Done
[INFO] [disinfect_environment-1]: process has finished cleanly [pid 38434]
[INFO] [spotrobot-5]: process has finished cleanly [pid 38442]
[INFO] [uvdrobot-4]: process has finished cleanly [pid 38440]
[INFO] [nurse_disinfect-3]: process has finished cleanly [pid 38438]
