[INFO] [launch]: All log files can be found below /home/rafael/.ros/log/2025-05-29-22-28-43-856371-NotebookRafael-104500
[INFO] [launch]: Default logging verbosity is set to INFO
[INFO] [disinfect_environment-1]: process started with pid [104503]
[INFO] [disinfect_planner-2]: process started with pid [104505]
[INFO] [nurse_disinfect-3]: process started with pid [104507]
[INFO] [uvdrobot-4]: process started with pid [104509]
[INFO] [spotrobot-5]: process started with pid [104511]
[disinfect_environment-1] [INFO] [1748568524.113285453] [disinfect_environment]: Starting Environment server
[disinfect_environment-1] [INFO] [1748568524.118584391] [disinfect_environment]: Environment server started
[disinfect_planner-2] [INFO] [1748568524.676119616] [disinfect_planner]: Starting Planner server
[disinfect_planner-2] [INFO] [1748568524.679910822] [disinfect_planner]: Planner server started
[disinfect_planner-2] [INFO] [1748568524.913416598] [disinfect_planner]: Creating plan for: spotrobot1 uvdrobot1 nurse_disinfected1
[disinfect_planner-2] [INFO] [1748568524.914928945] [disinfect_planner]: a_navto,spotrobot1,room1
[disinfect_planner-2] [INFO] [1748568524.915247439] [disinfect_planner]: a_open_door,spotrobot1,room1
[disinfect_planner-2] [INFO] [1748568524.915502897] [disinfect_planner]: a_approach_nurse,spotrobot1,nurse_disinfected1
[disinfect_planner-2] [INFO] [1748568524.915844858] [disinfect_planner]: a_authenticate_nurse,spotrobot1,nurse_disinfected1
[disinfect_planner-2] [INFO] [1748568524.916143647] [disinfect_planner]: a_authorize_patrol,spotrobot1,nurse_disinfected1
[disinfect_planner-2] [INFO] [1748568524.916440618] [disinfect_planner]: a_patrol_room,spotrobot1,room1
[disinfect_planner-2] [INFO] [1748568524.916735476] [disinfect_planner]: a_authorize_disinfect,uvdrobot1,spotrobot1
[disinfect_planner-2] [INFO] [1748568524.917027417] [disinfect_planner]: a_navto,uvdrobot1,room1
[disinfect_planner-2] [INFO] [1748568524.917325193] [disinfect_planner]: a_disinfect_room,uvdrobot1,room1
[disinfect_planner-2] [INFO] [1748568524.917650594] [disinfect_planner]: Sending response
[spotrobot-5] [INFO] [1748568524.918709428] [spotrobot]: response.response spotrobot1
[spotrobot-5] [INFO] [1748568524.919081080] [spotrobot]: My name is spotrobot1
[nurse_disinfect-3] [INFO] [1748568524.919986638] [nurse_disinfect]: response.response nurse_disinfected1
[spotrobot-5] [INFO] [1748568524.920291967] [spotrobot]: I heard: "{"performative": "request", "sender": "Coordinator", "receiver": "uvdrobot1", "content": "Plan|a_authorize_disinfect,uvdrobot1,spotrobot1/a_navto,uvdrobot1,room1/a_disinfect_room,uvdrobot1,room1"}"
[nurse_disinfect-3] [INFO] [1748568524.920381444] [nurse_disinfect]: My name is nurse_disinfected1
[spotrobot-5] [INFO] [1748568524.920624057] [spotrobot]: And it is not for me
[spotrobot-5] [INFO] [1748568524.921204366] [spotrobot]: I heard: "{"performative": "request", "sender": "Coordinator", "receiver": "spotrobot1", "content": "Plan|a_navto,spotrobot1,room1/a_open_door,spotrobot1,room1/a_approach_nurse,spotrobot1,nurse_disinfected1/a_authenticate_nurse,spotrobot1,nurse_disinfected1/a_authorize_patrol,spotrobot1,nurse_disinfected1/a_patrol_room,spotrobot1,room1/a_authorize_disinfect,uvdrobot1,spotrobot1"}"
[spotrobot-5] [INFO] [1748568524.921716546] [spotrobot]: And it is for me
[spotrobot-5] [INFO] [1748568524.922239179] [spotrobot]: Doing a_navto
[spotrobot-5] [INFO] [1748568524.922690741] [spotrobot]: Wating for response
[spotrobot-5] [INFO] [1748568524.923277634] [spotrobot]: I heard: "{"performative": "request", "sender": "Coordinator", "receiver": "nurse_disinfected1", "content": "Plan|a_approach_nurse,spotrobot1,nurse_disinfected1/a_authenticate_nurse,spotrobot1,nurse_disinfected1/a_authorize_patrol,spotrobot1,nurse_disinfected1"}"
[spotrobot-5] [INFO] [1748568524.923659062] [spotrobot]: And it is not for me
[spotrobot-5] [INFO] [1748568524.924439853] [spotrobot]: success
[spotrobot-5] [INFO] [1748568524.925059165] [spotrobot]: Doing a_open_door
[spotrobot-5] [INFO] [1748568524.925747312] [spotrobot]: Wating for response
[spotrobot-5] [INFO] [1748568524.926561374] [spotrobot]: success
[spotrobot-5] [INFO] [1748568524.926948117] [spotrobot]: Doing a_approach_nurse
[spotrobot-5] [INFO] [1748568524.927460168] [spotrobot]: Wating for response
[spotrobot-5] [INFO] [1748568524.928473783] [spotrobot]: success
[uvdrobot-4] [INFO] [1748568524.928755458] [uvdrobot]: response.response uvdrobot1
[spotrobot-5] [INFO] [1748568524.928865633] [spotrobot]: Doing a_authenticate_nurse
[spotrobot-5] [INFO] [1748568524.929198528] [spotrobot]: a_authenticate_nurse
[uvdrobot-4] [INFO] [1748568524.929328378] [uvdrobot]: My name is uvdrobot1
[spotrobot-5] [INFO] [1748568524.929714378] [spotrobot]: Here first, waiting for nurse
[uvdrobot-4] [INFO] [1748568524.930475761] [uvdrobot]: I heard: "{"performative": "request", "sender": "Coordinator", "receiver": "uvdrobot1", "content": "Plan|a_authorize_disinfect,uvdrobot1,spotrobot1/a_navto,uvdrobot1,room1/a_disinfect_room,uvdrobot1,room1"}"
[spotrobot-5] [INFO] [1748568524.930715649] [spotrobot]: I heard: "{"performative": "query", "sender": "spotrobot1", "receiver": "nurse_disinfected1", "content": "Ready|a_authenticate_nurse"}"
[uvdrobot-4] [INFO] [1748568524.931047799] [uvdrobot]: And it is for me
[spotrobot-5] [INFO] [1748568524.931248466] [spotrobot]: And it is not for me
[uvdrobot-4] [INFO] [1748568524.931742967] [uvdrobot]: Doing a_authorize_disinfect
[uvdrobot-4] [INFO] [1748568524.932329756] [uvdrobot]: a_authorize_disinfect
[uvdrobot-4] [INFO] [1748568524.932873136] [uvdrobot]: Here first, waiting for spotrobot
[spotrobot-5] [INFO] [1748568524.933754874] [spotrobot]: I heard: "{"performative": "query", "sender": "uvdrobot1", "receiver": "spotrobot1", "content": "Ready|a_authorize_disinfect"}"
[uvdrobot-4] [INFO] [1748568524.934177583] [uvdrobot]: I heard: "{"performative": "request", "sender": "Coordinator", "receiver": "spotrobot1", "content": "Plan|a_navto,spotrobot1,room1/a_open_door,spotrobot1,room1/a_approach_nurse,spotrobot1,nurse_disinfected1/a_authenticate_nurse,spotrobot1,nurse_disinfected1/a_authorize_patrol,spotrobot1,nurse_disinfected1/a_patrol_room,spotrobot1,room1/a_authorize_disinfect,uvdrobot1,spotrobot1"}"
[spotrobot-5] [INFO] [1748568524.934278331] [spotrobot]: And it is for me
[spotrobot-5] [INFO] [1748568524.934651006] [spotrobot]: No there yet
[uvdrobot-4] [INFO] [1748568524.934725132] [uvdrobot]: And it is not for me
[uvdrobot-4] [INFO] [1748568524.935357849] [uvdrobot]: I heard: "{"performative": "query", "sender": "spotrobot1", "receiver": "nurse_disinfected1", "content": "Ready|a_authenticate_nurse"}"
[uvdrobot-4] [INFO] [1748568524.935943208] [uvdrobot]: And it is not for me
[uvdrobot-4] [INFO] [1748568524.936970417] [uvdrobot]: I heard: "{"performative": "request", "sender": "Coordinator", "receiver": "nurse_disinfected1", "content": "Plan|a_approach_nurse,spotrobot1,nurse_disinfected1/a_authenticate_nurse,spotrobot1,nurse_disinfected1/a_authorize_patrol,spotrobot1,nurse_disinfected1"}"
[uvdrobot-4] [INFO] [1748568524.937308475] [uvdrobot]: And it is not for me
[uvdrobot-4] [INFO] [1748568524.937893815] [uvdrobot]: I heard: "{"performative": "query", "sender": "uvdrobot1", "receiver": "spotrobot1", "content": "Ready|a_authorize_disinfect"}"
[uvdrobot-4] [INFO] [1748568524.938214252] [uvdrobot]: And it is not for me
[nurse_disinfect-3] [INFO] [1748568525.922210968] [nurse_disinfect]: I heard: "{"performative": "request", "sender": "Coordinator", "receiver": "uvdrobot1", "content": "Plan|a_authorize_disinfect,uvdrobot1,spotrobot1/a_navto,uvdrobot1,room1/a_disinfect_room,uvdrobot1,room1"}"
[nurse_disinfect-3] [INFO] [1748568525.922583519] [nurse_disinfect]: And it is not for me
[nurse_disinfect-3] [INFO] [1748568525.923232076] [nurse_disinfect]: I heard: "{"performative": "query", "sender": "spotrobot1", "receiver": "nurse_disinfected1", "content": "Ready|a_authenticate_nurse"}"
[nurse_disinfect-3] [INFO] [1748568525.923675879] [nurse_disinfect]: And it is for me
[nurse_disinfect-3] [INFO] [1748568525.924021080] [nurse_disinfect]: No there yet
[nurse_disinfect-3] [INFO] [1748568525.924614027] [nurse_disinfect]: I heard: "{"performative": "request", "sender": "Coordinator", "receiver": "spotrobot1", "content": "Plan|a_navto,spotrobot1,room1/a_open_door,spotrobot1,room1/a_approach_nurse,spotrobot1,nurse_disinfected1/a_authenticate_nurse,spotrobot1,nurse_disinfected1/a_authorize_patrol,spotrobot1,nurse_disinfected1/a_patrol_room,spotrobot1,room1/a_authorize_disinfect,uvdrobot1,spotrobot1"}"
[nurse_disinfect-3] [INFO] [1748568525.925130767] [nurse_disinfect]: And it is not for me
[nurse_disinfect-3] [INFO] [1748568525.925532375] [nurse_disinfect]: I heard: "{"performative": "query", "sender": "uvdrobot1", "receiver": "spotrobot1", "content": "Ready|a_authorize_disinfect"}"
[nurse_disinfect-3] [INFO] [1748568525.926019254] [nurse_disinfect]: And it is not for me
[nurse_disinfect-3] [INFO] [1748568525.926679568] [nurse_disinfect]: I heard: "{"performative": "request", "sender": "Coordinator", "receiver": "nurse_disinfected1", "content": "Plan|a_approach_nurse,spotrobot1,nurse_disinfected1/a_authenticate_nurse,spotrobot1,nurse_disinfected1/a_authorize_patrol,spotrobot1,nurse_disinfected1"}"
[nurse_disinfect-3] [INFO] [1748568525.927018640] [nurse_disinfect]: And it is for me
[nurse_disinfect-3] [INFO] [1748568525.928287143] [nurse_disinfect]: a_approach_nurse
[nurse_disinfect-3] [INFO] [1748568525.928626764] [nurse_disinfect]: a_authenticate_nurse
[nurse_disinfect-3] [INFO] [1748568525.928933881] [nurse_disinfect]: Doing a_authenticate_nurse
[nurse_disinfect-3] [INFO] [1748568525.929240136] [nurse_disinfect]: a_authenticate_nurse
[nurse_disinfect-3] [INFO] [1748568525.929878653] [nurse_disinfect]: Robot is waiting, send action message
[uvdrobot-4] [INFO] [1748568525.930648406] [uvdrobot]: I heard: "{"performative": "query", "sender": "nurse_disinfected1", "receiver": "spotrobot1", "content": "Done|a_authenticate_nurse"}"
[spotrobot-5] [INFO] [1748568525.930750162] [spotrobot]: I heard: "{"performative": "query", "sender": "nurse_disinfected1", "receiver": "spotrobot1", "content": "Done|a_authenticate_nurse"}"
[nurse_disinfect-3] [INFO] [1748568525.930950000] [nurse_disinfect]: I heard: "{"performative": "query", "sender": "nurse_disinfected1", "receiver": "spotrobot1", "content": "Done|a_authenticate_nurse"}"
[spotrobot-5] [INFO] [1748568525.931107073] [spotrobot]: And it is for me
[uvdrobot-4] [INFO] [1748568525.931239297] [uvdrobot]: And it is not for me
[nurse_disinfect-3] [INFO] [1748568525.931533416] [nurse_disinfect]: And it is not for me
[spotrobot-5] [INFO] [1748568525.931641008] [spotrobot]: Finished action
[spotrobot-5] [INFO] [1748568525.932527297] [spotrobot]: Doing a_authorize_patrol
[uvdrobot-4] [INFO] [1748568525.932617117] [uvdrobot]: I heard: "{"performative": "query", "sender": "spotrobot1", "receiver": "nurse_disinfected1", "content": "Done|a_authenticate_nurse"}"
[nurse_disinfect-3] [INFO] [1748568525.932703394] [nurse_disinfect]: I heard: "{"performative": "query", "sender": "spotrobot1", "receiver": "nurse_disinfected1", "content": "Done|a_authenticate_nurse"}"
[uvdrobot-4] [INFO] [1748568525.932919857] [uvdrobot]: And it is not for me
[spotrobot-5] [INFO] [1748568525.933070678] [spotrobot]: a_authorize_patrol
[nurse_disinfect-3] [INFO] [1748568525.933269208] [nurse_disinfect]: And it is for me
[spotrobot-5] [INFO] [1748568525.933363395] [spotrobot]: Here first, waiting for nurse
[nurse_disinfect-3] [INFO] [1748568525.933825283] [nurse_disinfect]: Finished action
[uvdrobot-4] [INFO] [1748568525.934136805] [uvdrobot]: I heard: "{"performative": "query", "sender": "spotrobot1", "receiver": "nurse_disinfected1", "content": "Ready|a_authorize_patrol"}"
[spotrobot-5] [INFO] [1748568525.934321020] [spotrobot]: I heard: "{"performative": "query", "sender": "spotrobot1", "receiver": "nurse_disinfected1", "content": "Done|a_authenticate_nurse"}"
[nurse_disinfect-3] [INFO] [1748568525.934545793] [nurse_disinfect]: a_authorize_patrol
[uvdrobot-4] [INFO] [1748568525.934566161] [uvdrobot]: And it is not for me
[spotrobot-5] [INFO] [1748568525.934859986] [spotrobot]: And it is not for me
[nurse_disinfect-3] [INFO] [1748568525.935068464] [nurse_disinfect]: Doing a_authorize_patrol
[uvdrobot-4] [INFO] [1748568525.935155507] [uvdrobot]: I heard: "{"performative": "query", "sender": "nurse_disinfected1", "receiver": "spotrobot1", "content": "Done|a_authenticate_nurse"}"
[uvdrobot-4] [INFO] [1748568525.935493082] [uvdrobot]: And it is not for me
[nurse_disinfect-3] [INFO] [1748568525.935582410] [nurse_disinfect]: a_authorize_patrol
[spotrobot-5] [INFO] [1748568525.935705671] [spotrobot]: I heard: "{"performative": "query", "sender": "spotrobot1", "receiver": "nurse_disinfected1", "content": "Ready|a_authorize_patrol"}"
[nurse_disinfect-3] [INFO] [1748568525.936092651] [nurse_disinfect]: Here first, waiting for robot
[spotrobot-5] [INFO] [1748568525.936301839] [spotrobot]: And it is not for me
[uvdrobot-4] [INFO] [1748568525.936708456] [uvdrobot]: I heard: "{"performative": "query", "sender": "nurse_disinfected1", "receiver": "spotrobot1", "content": "Ready|a_authorize_patrol"}"
[uvdrobot-4] [INFO] [1748568525.937075561] [uvdrobot]: And it is not for me
[spotrobot-5] [INFO] [1748568525.937089422] [spotrobot]: I heard: "{"performative": "query", "sender": "nurse_disinfected1", "receiver": "spotrobot1", "content": "Done|a_authenticate_nurse"}"
[nurse_disinfect-3] [INFO] [1748568525.937358711] [nurse_disinfect]: I heard: "{"performative": "query", "sender": "spotrobot1", "receiver": "nurse_disinfected1", "content": "Ready|a_authorize_patrol"}"
[spotrobot-5] [INFO] [1748568525.937377942] [spotrobot]: And it is for me
[spotrobot-5] [INFO] [1748568525.937636867] [spotrobot]: Already finished action
[nurse_disinfect-3] [INFO] [1748568525.937904204] [nurse_disinfect]: And it is for me
[spotrobot-5] [INFO] [1748568525.938205277] [spotrobot]: I heard: "{"performative": "query", "sender": "nurse_disinfected1", "receiver": "spotrobot1", "content": "Ready|a_authorize_patrol"}"
[nurse_disinfect-3] [INFO] [1748568525.938443151] [nurse_disinfect]: Ready to act
[spotrobot-5] [INFO] [1748568525.938708764] [spotrobot]: And it is for me
[uvdrobot-4] [INFO] [1748568525.939107764] [uvdrobot]: I heard: "{"performative": "query", "sender": "nurse_disinfected1", "receiver": "spotrobot1", "content": "Done|a_authorize_patrol"}"
[spotrobot-5] [INFO] [1748568525.939249814] [spotrobot]: Ready to act
[uvdrobot-4] [INFO] [1748568525.939517453] [uvdrobot]: And it is not for me
[nurse_disinfect-3] [INFO] [1748568525.939530793] [nurse_disinfect]: I heard: "{"performative": "query", "sender": "nurse_disinfected1", "receiver": "spotrobot1", "content": "Done|a_authenticate_nurse"}"
[uvdrobot-4] [INFO] [1748568525.940050242] [uvdrobot]: I heard: "{"performative": "query", "sender": "spotrobot1", "receiver": "nurse_disinfected1", "content": "Done|a_authorize_patrol"}"
[nurse_disinfect-3] [INFO] [1748568525.940054942] [nurse_disinfect]: And it is not for me
[spotrobot-5] [INFO] [1748568525.940349298] [spotrobot]: I heard: "{"performative": "query", "sender": "nurse_disinfected1", "receiver": "spotrobot1", "content": "Done|a_authorize_patrol"}"
[uvdrobot-4] [INFO] [1748568525.940372194] [uvdrobot]: And it is not for me
[spotrobot-5] [INFO] [1748568525.940846371] [spotrobot]: And it is for me
[nurse_disinfect-3] [INFO] [1748568525.941066814] [nurse_disinfect]: I heard: "{"performative": "query", "sender": "nurse_disinfected1", "receiver": "spotrobot1", "content": "Ready|a_authorize_patrol"}"
[spotrobot-5] [INFO] [1748568525.941177712] [spotrobot]: Finished action
[spotrobot-5] [INFO] [1748568525.941614486] [spotrobot]: Doing a_patrol_room
[nurse_disinfect-3] [INFO] [1748568525.941632998] [nurse_disinfect]: And it is not for me
[uvdrobot-4] [INFO] [1748568525.941922285] [uvdrobot]: I heard: "{"performative": "query", "sender": "spotrobot1", "receiver": "nurse_disinfected1", "content": "Done|a_authorize_patrol"}"
[spotrobot-5] [INFO] [1748568525.942107040] [spotrobot]: Wating for response
[uvdrobot-4] [INFO] [1748568525.942574556] [uvdrobot]: And it is not for me
[nurse_disinfect-3] [INFO] [1748568525.942602390] [nurse_disinfect]: I heard: "{"performative": "query", "sender": "nurse_disinfected1", "receiver": "spotrobot1", "content": "Done|a_authorize_patrol"}"
[spotrobot-5] [INFO] [1748568525.942656939] [spotrobot]: I heard: "{"performative": "query", "sender": "spotrobot1", "receiver": "nurse_disinfected1", "content": "Done|a_authorize_patrol"}"
[nurse_disinfect-3] [INFO] [1748568525.943181429] [nurse_disinfect]: And it is not for me
[spotrobot-5] [INFO] [1748568525.943196511] [spotrobot]: And it is not for me
[spotrobot-5] [INFO] [1748568525.943827116] [spotrobot]: I heard: "{"performative": "query", "sender": "spotrobot1", "receiver": "nurse_disinfected1", "content": "Done|a_authorize_patrol"}"
[nurse_disinfect-3] [INFO] [1748568525.944190601] [nurse_disinfect]: I heard: "{"performative": "query", "sender": "spotrobot1", "receiver": "nurse_disinfected1", "content": "Done|a_authorize_patrol"}"
[spotrobot-5] [INFO] [1748568525.944332175] [spotrobot]: And it is not for me
[nurse_disinfect-3] [INFO] [1748568525.944836534] [nurse_disinfect]: And it is for me
[nurse_disinfect-3] [INFO] [1748568525.945394153] [nurse_disinfect]: Finished action
[spotrobot-5] [INFO] [1748568525.945493352] [spotrobot]: success
[spotrobot-5] [INFO] [1748568525.945874439] [spotrobot]: Doing a_authorize_disinfect
[uvdrobot-4] [INFO] [1748568525.946028659] [uvdrobot]: I heard: "{"performative": "query", "sender": "nurse_disinfected1", "receiver": "spotrobot1", "content": "Done|a_authorize_patrol"}"
[spotrobot-5] [INFO] [1748568525.946238237] [spotrobot]: a_authorize_disinfect
[uvdrobot-4] [INFO] [1748568525.946322977] [uvdrobot]: And it is not for me
[spotrobot-5] [INFO] [1748568525.946516033] [spotrobot]: Here first, waiting for spotrobot
[nurse_disinfect-3] [INFO] [1748568525.946561128] [nurse_disinfect]: I heard: "{"performative": "query", "sender": "spotrobot1", "receiver": "nurse_disinfected1", "content": "Done|a_authorize_patrol"}"
[nurse_disinfect-3] [INFO] [1748568525.947102633] [nurse_disinfect]: And it is for me
[uvdrobot-4] [INFO] [1748568525.947227067] [uvdrobot]: I heard: "{"performative": "query", "sender": "spotrobot1", "receiver": "uvdrobot1", "content": "Ready|a_authorize_disinfect"}"
[spotrobot-5] [INFO] [1748568525.947245230] [spotrobot]: I heard: "{"performative": "query", "sender": "nurse_disinfected1", "receiver": "spotrobot1", "content": "Done|a_authorize_patrol"}"
[nurse_disinfect-3] [INFO] [1748568525.947639079] [nurse_disinfect]: Already finished action
[uvdrobot-4] [INFO] [1748568525.947647205] [uvdrobot]: And it is for me
[spotrobot-5] [INFO] [1748568525.947766035] [spotrobot]: And it is for me
[uvdrobot-4] [INFO] [1748568525.947959703] [uvdrobot]: Ready to act
[spotrobot-5] [INFO] [1748568525.948283581] [spotrobot]: Already finished action
[nurse_disinfect-3] [INFO] [1748568525.948422664] [nurse_disinfect]: I heard: "{"performative": "query", "sender": "nurse_disinfected1", "receiver": "spotrobot1", "content": "Done|a_authorize_patrol"}"
[uvdrobot-4] [INFO] [1748568525.948683983] [uvdrobot]: I heard: "{"performative": "query", "sender": "uvdrobot1", "receiver": "spotrobot1", "content": "Done|a_authorize_disinfect"}"
[nurse_disinfect-3] [INFO] [1748568525.948793112] [nurse_disinfect]: And it is not for me
[uvdrobot-4] [INFO] [1748568525.949075018] [uvdrobot]: And it is not for me
[spotrobot-5] [INFO] [1748568525.949209782] [spotrobot]: I heard: "{"performative": "query", "sender": "spotrobot1", "receiver": "uvdrobot1", "content": "Ready|a_authorize_disinfect"}"
[nurse_disinfect-3] [INFO] [1748568525.949444019] [nurse_disinfect]: I heard: "{"performative": "query", "sender": "spotrobot1", "receiver": "uvdrobot1", "content": "Ready|a_authorize_disinfect"}"
[spotrobot-5] [INFO] [1748568525.949725367] [spotrobot]: And it is not for me
[nurse_disinfect-3] [INFO] [1748568525.949739616] [nurse_disinfect]: And it is not for me
[nurse_disinfect-3] [INFO] [1748568525.950339706] [nurse_disinfect]: I heard: "{"performative": "query", "sender": "uvdrobot1", "receiver": "spotrobot1", "content": "Done|a_authorize_disinfect"}"
[spotrobot-5] [INFO] [1748568525.950701950] [spotrobot]: I heard: "{"performative": "query", "sender": "uvdrobot1", "receiver": "spotrobot1", "content": "Done|a_authorize_disinfect"}"
[nurse_disinfect-3] [INFO] [1748568525.950868828] [nurse_disinfect]: And it is not for me
[spotrobot-5] [INFO] [1748568525.951282249] [spotrobot]: And it is for me
[spotrobot-5] [INFO] [1748568525.951847694] [spotrobot]: Finished action
[nurse_disinfect-3] [INFO] [1748568525.952544178] [nurse_disinfect]: I heard: "{"performative": "query", "sender": "spotrobot1", "receiver": "uvdrobot1", "content": "Done|a_authorize_disinfect"}"
[uvdrobot-4] [INFO] [1748568525.952559538] [uvdrobot]: I heard: "{"performative": "query", "sender": "spotrobot1", "receiver": "uvdrobot1", "content": "Done|a_authorize_disinfect"}"
[nurse_disinfect-3] [INFO] [1748568525.952891189] [nurse_disinfect]: And it is not for me
[uvdrobot-4] [INFO] [1748568525.952946347] [uvdrobot]: And it is for me
[spotrobot-5] [INFO] [1748568525.953001784] [spotrobot]: I heard: "{"performative": "query", "sender": "spotrobot1", "receiver": "uvdrobot1", "content": "Done|a_authorize_disinfect"}"
[uvdrobot-4] [INFO] [1748568525.953216905] [uvdrobot]: Finished action
[spotrobot-5] [INFO] [1748568525.953536951] [spotrobot]: And it is not for me
[uvdrobot-4] [INFO] [1748568525.953677116] [uvdrobot]: Doing a_navto
[nurse_disinfect-3] [INFO] [1748568525.953744690] [nurse_disinfect]: I heard: "{"performative": "query", "sender": "uvdrobot1", "receiver": "spotrobot1", "content": "Done|a_authorize_disinfect"}"
[nurse_disinfect-3] [INFO] [1748568525.954025811] [nurse_disinfect]: And it is not for me
[uvdrobot-4] [INFO] [1748568525.954125145] [uvdrobot]: Waiting for response
[spotrobot-5] [INFO] [1748568525.954486742] [spotrobot]: I heard: "{"performative": "query", "sender": "uvdrobot1", "receiver": "spotrobot1", "content": "Done|a_authorize_disinfect"}"
[uvdrobot-4] [INFO] [1748568525.954667729] [uvdrobot]: I heard: "{"performative": "query", "sender": "uvdrobot1", "receiver": "spotrobot1", "content": "Done|a_authorize_disinfect"}"
[spotrobot-5] [INFO] [1748568525.955019209] [spotrobot]: And it is for me
[uvdrobot-4] [INFO] [1748568525.955230749] [uvdrobot]: And it is not for me
[spotrobot-5] [INFO] [1748568525.955575834] [spotrobot]: Already finished action
[uvdrobot-4] [INFO] [1748568525.955784636] [uvdrobot]: success
[uvdrobot-4] [INFO] [1748568525.956161896] [uvdrobot]: Doing a_disinfect_room
[uvdrobot-4] [INFO] [1748568525.956849134] [uvdrobot]: Waiting for response
[uvdrobot-4] [INFO] [1748568525.957897337] [uvdrobot]: success
[disinfect_environment-1] [INFO] [1748568525.961138813] [disinfect_environment]: Recebido sinal de desligamento do coordenador, finalizando...
[uvdrobot-4] [INFO] [1748568525.961147169] [uvdrobot]: Recebido sinal de desligamento do coordenador, finalizando...
[disinfect_planner-2] [INFO] [1748568525.961209334] [disinfect_planner]: Recebido sinal de desligamento do coordenador, finalizando...
[nurse_disinfect-3] [INFO] [1748568525.961222918] [nurse_disinfect]: Recebido sinal de desligamento do coordenador, finalizando...
[spotrobot-5] [INFO] [1748568525.961254059] [spotrobot]: Recebido sinal de desligamento do coordenador, finalizando...
[disinfect_environment-1] [INFO] [1748568525.961521596] [Quitting]: Done
[uvdrobot-4] [INFO] [1748568525.961582552] [Quitting]: Done
[disinfect_planner-2] [INFO] [1748568525.961641864] [Quitting]: Done
[nurse_disinfect-3] [INFO] [1748568525.961889504] [Quitting]: Done
[spotrobot-5] [INFO] [1748568525.962068823] [Quitting]: Done
[INFO] [spotrobot-5]: process has finished cleanly [pid 104511]
[INFO] [disinfect_environment-1]: process has finished cleanly [pid 104503]
[INFO] [uvdrobot-4]: process has finished cleanly [pid 104509]
[INFO] [nurse_disinfect-3]: process has finished cleanly [pid 104507]
[INFO] [disinfect_planner-2]: process has finished cleanly [pid 104505]
