[INFO] [launch]: All log files can be found below /home/rafael/.ros/log/2025-05-30-13-06-51-045211-NotebookRafael-36611
[INFO] [launch]: Default logging verbosity is set to INFO
[INFO] [disinfect_coordinator-1]: process started with pid [36613]
[disinfect_coordinator-1] [INFO] [1748621212.050915234] [disinfect_coordinator]: spin
[disinfect_coordinator-1] [INFO] [1748621212.052007411] [disinfect_coordinator]: Received: Performative=request, Sender=nurse_disinfected, Receiver=Coordinator, Content=Register
[disinfect_coordinator-1] [INFO] [1748621212.052438279] [disinfect_coordinator]: Current nurses: nurse_disinfected1 - 1
[disinfect_coordinator-1] [INFO] [1748621212.052749780] [disinfect_coordinator]: Response: nurse_disinfected1
[disinfect_coordinator-1] [INFO] [1748621212.053635816] [disinfect_coordinator]: Received: Performative=request, Sender=uvdrobot, Receiver=Coordinator, Content=Register
[disinfect_coordinator-1] [INFO] [1748621212.053932730] [disinfect_coordinator]: Current uvdrobots: uvdrobot1 - 1
[disinfect_coordinator-1] [INFO] [1748621212.054251771] [disinfect_coordinator]: Response: uvdrobot1
[disinfect_coordinator-1] [INFO] [1748621212.055043412] [disinfect_coordinator]: Received: Performative=request, Sender=spotrobot, Receiver=Coordinator, Content=Register
[disinfect_coordinator-1] [INFO] [1748621212.055340590] [disinfect_coordinator]: Current Spotrobots: spotrobot1 - 1
[disinfect_coordinator-1] [INFO] [1748621212.055583253] [disinfect_coordinator]: Response: spotrobot1
[disinfect_coordinator-1] [INFO] [1748621212.056214277] [disinfect_coordinator]: context: nurse_disinfected1 room1 spotrobot1 uvdrobot1
[disinfect_coordinator-1] [INFO] [1748621212.056507667] [disinfect_coordinator]: Starting mission with context: ('nurse_disinfected1', 'room1', 'spotrobot1', 'uvdrobot1')
[disinfect_coordinator-1] [INFO] [1748621212.056825026] [disinfect_coordinator]: Creating plan for: spotrobot1,uvdrobot1,nurse_disinfected1 
[disinfect_coordinator-1] [INFO] [1748621212.062244044] [disinfect_coordinator]: Plan received for: spotrobot1,uvdrobot1,nurse_disinfected1 
[disinfect_coordinator-1] [INFO] [1748621212.062682829] [disinfect_coordinator]: a_navto,spotrobot1,room1/a_open_door,spotrobot1,room1/a_approach_nurse,spotrobot1,nurse_disinfected1/a_authenticate_nurse,spotrobot1,nurse_disinfected1/a_authorize_patrol,spotrobot1,nurse_disinfected1/a_patrol_room,spotrobot1,room1/a_authorize_disinfect,uvdrobot1,spotrobot1/a_navto,uvdrobot1,room1/a_disinfect_room,uvdrobot1,room1
[disinfect_coordinator-1] [INFO] [1748621212.063148371] [disinfect_coordinator]: Sending plans
[disinfect_coordinator-1] [INFO] [1748621212.064091501] [disinfect_coordinator]: Plans sent
[disinfect_coordinator-1] [INFO] [1748621213.072998538] [disinfect_coordinator]: Received: Performative=inform, Sender=nurse_disinfected1, Receiver=Coordinator, Content=infectedRoom
[disinfect_coordinator-1] [INFO] [1748621213.091617268] [disinfect_coordinator]: Received: Performative=inform, Sender=spotrobot1, Receiver=Coordinator, Content=ERROR|dirty_room,room1
[disinfect_coordinator-1] [INFO] [1748621213.092090586] [disinfect_coordinator]: Sending reset requests...
[disinfect_coordinator-1] [INFO] [1748621213.092904590] [disinfect_coordinator]: Reset requests sent.
[disinfect_coordinator-1] [INFO] [1748621213.094343175] [disinfect_coordinator]: Error found
[disinfect_coordinator-1] [INFO] [1748621213.094657719] [disinfect_coordinator]: Ending simulation
[disinfect_coordinator-1] [INFO] [1748621213.095199147] [Quitting]: Done
[disinfect_coordinator-1] [INFO] [1748621213.095505859] [disinfect_coordinator]: stop spin
[INFO] [disinfect_coordinator-1]: process has finished cleanly [pid 36613]
