[INFO] [launch]: All log files can be found below /home/rafael/.ros/log/2025-05-29-22-43-19-614668-NotebookRafael-118961
[INFO] [launch]: Default logging verbosity is set to INFO
[INFO] [disinfect_environment-1]: process started with pid [118964]
[INFO] [disinfect_planner-2]: process started with pid [118966]
[INFO] [nurse_disinfect-3]: process started with pid [118968]
[INFO] [uvdrobot-4]: process started with pid [118970]
[INFO] [spotrobot-5]: process started with pid [118972]
[disinfect_environment-1] [INFO] [1748569399.874835627] [disinfect_environment]: Starting Environment server
[disinfect_environment-1] [INFO] [1748569399.878812333] [disinfect_environment]: Environment server started
[disinfect_planner-2] [INFO] [1748569400.405744990] [disinfect_planner]: Starting Planner server
[disinfect_planner-2] [INFO] [1748569400.409806805] [disinfect_planner]: Planner server started
[disinfect_planner-2] [INFO] [1748569400.639064800] [disinfect_planner]: Creating plan for: spotrobot1 uvdrobot1 nurse_disinfected1
[disinfect_planner-2] [INFO] [1748569400.640631006] [disinfect_planner]: a_navto,spotrobot1,room1
[disinfect_planner-2] [INFO] [1748569400.640927227] [disinfect_planner]: a_open_door,spotrobot1,room1
[disinfect_planner-2] [INFO] [1748569400.641208675] [disinfect_planner]: a_approach_nurse,spotrobot1,nurse_disinfected1
[disinfect_planner-2] [INFO] [1748569400.641538795] [disinfect_planner]: a_authenticate_nurse,spotrobot1,nurse_disinfected1
[disinfect_planner-2] [INFO] [1748569400.641824505] [disinfect_planner]: a_authorize_patrol,spotrobot1,nurse_disinfected1
[disinfect_planner-2] [INFO] [1748569400.642104241] [disinfect_planner]: a_patrol_room,spotrobot1,room1
[disinfect_planner-2] [INFO] [1748569400.642382738] [disinfect_planner]: a_authorize_disinfect,uvdrobot1,spotrobot1
[disinfect_planner-2] [INFO] [1748569400.642659377] [disinfect_planner]: a_navto,uvdrobot1,room1
[disinfect_planner-2] [INFO] [1748569400.642939368] [disinfect_planner]: a_disinfect_room,uvdrobot1,room1
[disinfect_planner-2] [INFO] [1748569400.643247529] [disinfect_planner]: Sending response
[uvdrobot-4] [INFO] [1748569400.644386318] [uvdrobot]: response.response uvdrobot1
[uvdrobot-4] [INFO] [1748569400.644771750] [uvdrobot]: My name is uvdrobot1
[uvdrobot-4] [INFO] [1748569400.645498840] [uvdrobot]: I heard: "{"performative": "request", "sender": "Coordinator", "receiver": "uvdrobot1", "content": "Plan|a_authorize_disinfect,uvdrobot1,spotrobot1/a_navto,uvdrobot1,room1/a_disinfect_room,uvdrobot1,room1"}"
[spotrobot-5] [INFO] [1748569400.645503877] [spotrobot]: response.response spotrobot1
[uvdrobot-4] [INFO] [1748569400.645808276] [uvdrobot]: And it is for me
[spotrobot-5] [INFO] [1748569400.645903826] [spotrobot]: My name is spotrobot1
[uvdrobot-4] [INFO] [1748569400.646153324] [uvdrobot]: Doing a_authorize_disinfect
[uvdrobot-4] [INFO] [1748569400.646422367] [uvdrobot]: a_authorize_disinfect
[nurse_disinfect-3] [INFO] [1748569400.646632674] [nurse_disinfect]: response.response nurse_disinfected1
[uvdrobot-4] [INFO] [1748569400.646681647] [uvdrobot]: Here first, waiting for spotrobot
[spotrobot-5] [INFO] [1748569400.646734645] [spotrobot]: I heard: "{"performative": "request", "sender": "Coordinator", "receiver": "uvdrobot1", "content": "Plan|a_authorize_disinfect,uvdrobot1,spotrobot1/a_navto,uvdrobot1,room1/a_disinfect_room,uvdrobot1,room1"}"
[nurse_disinfect-3] [INFO] [1748569400.646953723] [nurse_disinfect]: My name is nurse_disinfected1
[spotrobot-5] [INFO] [1748569400.647138656] [spotrobot]: And it is not for me
[uvdrobot-4] [INFO] [1748569400.647446862] [uvdrobot]: I heard: "{"performative": "request", "sender": "Coordinator", "receiver": "spotrobot1", "content": "Plan|a_navto,spotrobot1,room1/a_open_door,spotrobot1,room1/a_approach_nurse,spotrobot1,nurse_disinfected1/a_authenticate_nurse,spotrobot1,nurse_disinfected1/a_authorize_patrol,spotrobot1,nurse_disinfected1/a_patrol_room,spotrobot1,room1/a_authorize_disinfect,uvdrobot1,spotrobot1"}"
[uvdrobot-4] [INFO] [1748569400.647705395] [uvdrobot]: And it is not for me
[spotrobot-5] [INFO] [1748569400.647738110] [spotrobot]: I heard: "{"performative": "request", "sender": "Coordinator", "receiver": "spotrobot1", "content": "Plan|a_navto,spotrobot1,room1/a_open_door,spotrobot1,room1/a_approach_nurse,spotrobot1,nurse_disinfected1/a_authenticate_nurse,spotrobot1,nurse_disinfected1/a_authorize_patrol,spotrobot1,nurse_disinfected1/a_patrol_room,spotrobot1,room1/a_authorize_disinfect,uvdrobot1,spotrobot1"}"
[uvdrobot-4] [INFO] [1748569400.648014431] [uvdrobot]: I heard: "{"performative": "query", "sender": "uvdrobot1", "receiver": "spotrobot1", "content": "Ready|a_authorize_disinfect"}"
[spotrobot-5] [INFO] [1748569400.648039695] [spotrobot]: And it is for me
[uvdrobot-4] [INFO] [1748569400.648271388] [uvdrobot]: And it is not for me
[spotrobot-5] [INFO] [1748569400.648396501] [spotrobot]: Doing a_navto
[spotrobot-5] [INFO] [1748569400.648760647] [spotrobot]: Wating for response
[uvdrobot-4] [INFO] [1748569400.648828710] [uvdrobot]: I heard: "{"performative": "request", "sender": "Coordinator", "receiver": "nurse_disinfected1", "content": "Plan|a_approach_nurse,spotrobot1,nurse_disinfected1/a_authenticate_nurse,spotrobot1,nurse_disinfected1/a_authorize_patrol,spotrobot1,nurse_disinfected1"}"
[uvdrobot-4] [INFO] [1748569400.649132144] [uvdrobot]: And it is not for me
[spotrobot-5] [INFO] [1748569400.649226200] [spotrobot]: I heard: "{"performative": "request", "sender": "Coordinator", "receiver": "nurse_disinfected1", "content": "Plan|a_approach_nurse,spotrobot1,nurse_disinfected1/a_authenticate_nurse,spotrobot1,nurse_disinfected1/a_authorize_patrol,spotrobot1,nurse_disinfected1"}"
[spotrobot-5] [INFO] [1748569400.649483876] [spotrobot]: And it is not for me
[spotrobot-5] [INFO] [1748569400.649967280] [spotrobot]: I heard: "{"performative": "query", "sender": "uvdrobot1", "receiver": "spotrobot1", "content": "Ready|a_authorize_disinfect"}"
[spotrobot-5] [INFO] [1748569400.650381000] [spotrobot]: And it is for me
[spotrobot-5] [INFO] [1748569400.650717887] [spotrobot]: No there yet
[spotrobot-5] [INFO] [1748569400.651413018] [spotrobot]: success
[spotrobot-5] [INFO] [1748569400.651810727] [spotrobot]: Doing a_open_door
[spotrobot-5] [INFO] [1748569400.652187150] [spotrobot]: Wating for response
[spotrobot-5] [INFO] [1748569400.653118136] [spotrobot]: success
[spotrobot-5] [INFO] [1748569400.653446498] [spotrobot]: Doing a_approach_nurse
[spotrobot-5] [INFO] [1748569400.654007958] [spotrobot]: Wating for response
[spotrobot-5] [INFO] [1748569400.655079167] [spotrobot]: success
[spotrobot-5] [INFO] [1748569400.655453532] [spotrobot]: Doing a_authenticate_nurse
[spotrobot-5] [INFO] [1748569400.655786912] [spotrobot]: a_authenticate_nurse
[spotrobot-5] [INFO] [1748569400.656083179] [spotrobot]: Here first, waiting for nurse
[spotrobot-5] [INFO] [1748569400.656691777] [spotrobot]: I heard: "{"performative": "query", "sender": "spotrobot1", "receiver": "nurse_disinfected1", "content": "Ready|a_authenticate_nurse"}"
[uvdrobot-4] [INFO] [1748569400.656756167] [uvdrobot]: I heard: "{"performative": "query", "sender": "spotrobot1", "receiver": "nurse_disinfected1", "content": "Ready|a_authenticate_nurse"}"
[spotrobot-5] [INFO] [1748569400.656992670] [spotrobot]: And it is not for me
[uvdrobot-4] [INFO] [1748569400.657037178] [uvdrobot]: And it is not for me
[nurse_disinfect-3] [INFO] [1748569401.651274180] [nurse_disinfect]: I heard: "{"performative": "request", "sender": "Coordinator", "receiver": "uvdrobot1", "content": "Plan|a_authorize_disinfect,uvdrobot1,spotrobot1/a_navto,uvdrobot1,room1/a_disinfect_room,uvdrobot1,room1"}"
[nurse_disinfect-3] [INFO] [1748569401.651995761] [nurse_disinfect]: And it is not for me
[nurse_disinfect-3] [INFO] [1748569401.653018007] [nurse_disinfect]: I heard: "{"performative": "query", "sender": "uvdrobot1", "receiver": "spotrobot1", "content": "Ready|a_authorize_disinfect"}"
[nurse_disinfect-3] [INFO] [1748569401.653625130] [nurse_disinfect]: And it is not for me
[nurse_disinfect-3] [INFO] [1748569401.654546362] [nurse_disinfect]: I heard: "{"performative": "request", "sender": "Coordinator", "receiver": "spotrobot1", "content": "Plan|a_navto,spotrobot1,room1/a_open_door,spotrobot1,room1/a_approach_nurse,spotrobot1,nurse_disinfected1/a_authenticate_nurse,spotrobot1,nurse_disinfected1/a_authorize_patrol,spotrobot1,nurse_disinfected1/a_patrol_room,spotrobot1,room1/a_authorize_disinfect,uvdrobot1,spotrobot1"}"
[nurse_disinfect-3] [INFO] [1748569401.655060040] [nurse_disinfect]: And it is not for me
[nurse_disinfect-3] [INFO] [1748569401.655710215] [nurse_disinfect]: I heard: "{"performative": "query", "sender": "spotrobot1", "receiver": "nurse_disinfected1", "content": "Ready|a_authenticate_nurse"}"
[nurse_disinfect-3] [INFO] [1748569401.656242837] [nurse_disinfect]: And it is for me
[nurse_disinfect-3] [INFO] [1748569401.656779093] [nurse_disinfect]: No there yet
[nurse_disinfect-3] [INFO] [1748569401.657672455] [nurse_disinfect]: I heard: "{"performative": "request", "sender": "Coordinator", "receiver": "nurse_disinfected1", "content": "Plan|a_approach_nurse,spotrobot1,nurse_disinfected1/a_authenticate_nurse,spotrobot1,nurse_disinfected1/a_authorize_patrol,spotrobot1,nurse_disinfected1"}"
[nurse_disinfect-3] [INFO] [1748569401.658171023] [nurse_disinfect]: And it is for me
[nurse_disinfect-3] [INFO] [1748569401.659621525] [nurse_disinfect]: a_approach_nurse
[nurse_disinfect-3] [INFO] [1748569401.660210151] [nurse_disinfect]: a_authenticate_nurse
[nurse_disinfect-3] [INFO] [1748569401.660831373] [nurse_disinfect]: Doing a_authenticate_nurse
[nurse_disinfect-3] [INFO] [1748569401.661398449] [nurse_disinfect]: a_authenticate_nurse
[nurse_disinfect-3] [INFO] [1748569401.661938849] [nurse_disinfect]: Robot is waiting, send action message
[nurse_disinfect-3] [INFO] [1748569401.663170373] [nurse_disinfect]: I heard: "{"performative": "query", "sender": "nurse_disinfected1", "receiver": "spotrobot1", "content": "Done|a_authenticate_nurse"}"
[uvdrobot-4] [INFO] [1748569401.663309913] [uvdrobot]: I heard: "{"performative": "query", "sender": "nurse_disinfected1", "receiver": "spotrobot1", "content": "Done|a_authenticate_nurse"}"
[spotrobot-5] [INFO] [1748569401.663410316] [spotrobot]: I heard: "{"performative": "query", "sender": "nurse_disinfected1", "receiver": "spotrobot1", "content": "Done|a_authenticate_nurse"}"
[nurse_disinfect-3] [INFO] [1748569401.663726766] [nurse_disinfect]: And it is not for me
[spotrobot-5] [INFO] [1748569401.663823681] [spotrobot]: And it is for me
[uvdrobot-4] [INFO] [1748569401.663833892] [uvdrobot]: And it is not for me
[spotrobot-5] [INFO] [1748569401.664139611] [spotrobot]: Finished action
[spotrobot-5] [INFO] [1748569401.664762672] [spotrobot]: Doing a_authorize_patrol
[uvdrobot-4] [INFO] [1748569401.664926231] [uvdrobot]: I heard: "{"performative": "query", "sender": "spotrobot1", "receiver": "nurse_disinfected1", "content": "Done|a_authenticate_nurse"}"
[nurse_disinfect-3] [INFO] [1748569401.665141255] [nurse_disinfect]: I heard: "{"performative": "query", "sender": "spotrobot1", "receiver": "nurse_disinfected1", "content": "Done|a_authenticate_nurse"}"
[uvdrobot-4] [INFO] [1748569401.665296480] [uvdrobot]: And it is not for me
[spotrobot-5] [INFO] [1748569401.665358074] [spotrobot]: a_authorize_patrol
[spotrobot-5] [INFO] [1748569401.665666508] [spotrobot]: Here first, waiting for nurse
[nurse_disinfect-3] [INFO] [1748569401.665691264] [nurse_disinfect]: And it is for me
[nurse_disinfect-3] [INFO] [1748569401.666197145] [nurse_disinfect]: Finished action
[uvdrobot-4] [INFO] [1748569401.666211491] [uvdrobot]: I heard: "{"performative": "query", "sender": "spotrobot1", "receiver": "nurse_disinfected1", "content": "Ready|a_authorize_patrol"}"
[spotrobot-5] [INFO] [1748569401.666348625] [spotrobot]: I heard: "{"performative": "query", "sender": "spotrobot1", "receiver": "nurse_disinfected1", "content": "Done|a_authenticate_nurse"}"
[uvdrobot-4] [INFO] [1748569401.666585464] [uvdrobot]: And it is not for me
[spotrobot-5] [INFO] [1748569401.666616821] [spotrobot]: And it is not for me
[nurse_disinfect-3] [INFO] [1748569401.666922696] [nurse_disinfect]: a_authorize_patrol
[spotrobot-5] [INFO] [1748569401.667188569] [spotrobot]: I heard: "{"performative": "query", "sender": "spotrobot1", "receiver": "nurse_disinfected1", "content": "Ready|a_authorize_patrol"}"
[uvdrobot-4] [INFO] [1748569401.667303993] [uvdrobot]: I heard: "{"performative": "query", "sender": "nurse_disinfected1", "receiver": "spotrobot1", "content": "Done|a_authenticate_nurse"}"
[nurse_disinfect-3] [INFO] [1748569401.667419506] [nurse_disinfect]: Doing a_authorize_patrol
[spotrobot-5] [INFO] [1748569401.667450272] [spotrobot]: And it is not for me
[uvdrobot-4] [INFO] [1748569401.667621800] [uvdrobot]: And it is not for me
[nurse_disinfect-3] [INFO] [1748569401.667896944] [nurse_disinfect]: a_authorize_patrol
[spotrobot-5] [INFO] [1748569401.667939705] [spotrobot]: I heard: "{"performative": "query", "sender": "nurse_disinfected1", "receiver": "spotrobot1", "content": "Done|a_authenticate_nurse"}"
[spotrobot-5] [INFO] [1748569401.668199513] [spotrobot]: And it is for me
[nurse_disinfect-3] [INFO] [1748569401.668362451] [nurse_disinfect]: Here first, waiting for robot
[spotrobot-5] [INFO] [1748569401.668444393] [spotrobot]: Already finished action
[uvdrobot-4] [INFO] [1748569401.668982863] [uvdrobot]: I heard: "{"performative": "query", "sender": "nurse_disinfected1", "receiver": "spotrobot1", "content": "Ready|a_authorize_patrol"}"
[spotrobot-5] [INFO] [1748569401.669005932] [spotrobot]: I heard: "{"performative": "query", "sender": "nurse_disinfected1", "receiver": "spotrobot1", "content": "Ready|a_authorize_patrol"}"
[spotrobot-5] [INFO] [1748569401.669270567] [spotrobot]: And it is for me
[nurse_disinfect-3] [INFO] [1748569401.669423714] [nurse_disinfect]: I heard: "{"performative": "query", "sender": "spotrobot1", "receiver": "nurse_disinfected1", "content": "Ready|a_authorize_patrol"}"
[uvdrobot-4] [INFO] [1748569401.669527452] [uvdrobot]: And it is not for me
[spotrobot-5] [INFO] [1748569401.669591606] [spotrobot]: Ready to act
[nurse_disinfect-3] [INFO] [1748569401.669946536] [nurse_disinfect]: And it is for me
[uvdrobot-4] [INFO] [1748569401.670067552] [uvdrobot]: I heard: "{"performative": "query", "sender": "spotrobot1", "receiver": "nurse_disinfected1", "content": "Done|a_authorize_patrol"}"
[uvdrobot-4] [INFO] [1748569401.670378536] [uvdrobot]: And it is not for me
[spotrobot-5] [INFO] [1748569401.670410649] [spotrobot]: I heard: "{"performative": "query", "sender": "spotrobot1", "receiver": "nurse_disinfected1", "content": "Done|a_authorize_patrol"}"
[nurse_disinfect-3] [INFO] [1748569401.670506062] [nurse_disinfect]: Ready to act
[spotrobot-5] [INFO] [1748569401.670832566] [spotrobot]: And it is not for me
[uvdrobot-4] [INFO] [1748569401.671107221] [uvdrobot]: I heard: "{"performative": "query", "sender": "nurse_disinfected1", "receiver": "spotrobot1", "content": "Done|a_authorize_patrol"}"
[spotrobot-5] [INFO] [1748569401.671343474] [spotrobot]: I heard: "{"performative": "query", "sender": "nurse_disinfected1", "receiver": "spotrobot1", "content": "Done|a_authorize_patrol"}"
[uvdrobot-4] [INFO] [1748569401.671369825] [uvdrobot]: And it is not for me
[nurse_disinfect-3] [INFO] [1748569401.671621790] [nurse_disinfect]: I heard: "{"performative": "query", "sender": "nurse_disinfected1", "receiver": "spotrobot1", "content": "Done|a_authenticate_nurse"}"
[spotrobot-5] [INFO] [1748569401.671651954] [spotrobot]: And it is for me
[spotrobot-5] [INFO] [1748569401.671938940] [spotrobot]: Finished action
[nurse_disinfect-3] [INFO] [1748569401.672146816] [nurse_disinfect]: And it is not for me
[spotrobot-5] [INFO] [1748569401.672445076] [spotrobot]: Doing a_patrol_room
[uvdrobot-4] [INFO] [1748569401.672503731] [uvdrobot]: I heard: "{"performative": "query", "sender": "spotrobot1", "receiver": "nurse_disinfected1", "content": "Done|a_authorize_patrol"}"
[uvdrobot-4] [INFO] [1748569401.672906185] [uvdrobot]: And it is not for me
[nurse_disinfect-3] [INFO] [1748569401.673046380] [nurse_disinfect]: I heard: "{"performative": "query", "sender": "nurse_disinfected1", "receiver": "spotrobot1", "content": "Ready|a_authorize_patrol"}"
[spotrobot-5] [INFO] [1748569401.673231203] [spotrobot]: Wating for response
[nurse_disinfect-3] [INFO] [1748569401.673555331] [nurse_disinfect]: And it is not for me
[spotrobot-5] [INFO] [1748569401.673715991] [spotrobot]: I heard: "{"performative": "query", "sender": "spotrobot1", "receiver": "nurse_disinfected1", "content": "Done|a_authorize_patrol"}"
[spotrobot-5] [INFO] [1748569401.673985517] [spotrobot]: And it is not for me
[nurse_disinfect-3] [INFO] [1748569401.674498084] [nurse_disinfect]: I heard: "{"performative": "query", "sender": "spotrobot1", "receiver": "nurse_disinfected1", "content": "Done|a_authorize_patrol"}"
[spotrobot-5] [INFO] [1748569401.674992352] [spotrobot]: dirty room
[nurse_disinfect-3] [INFO] [1748569401.675058958] [nurse_disinfect]: And it is for me
[nurse_disinfect-3] [INFO] [1748569401.675546514] [nurse_disinfect]: Finished action
[uvdrobot-4] [INFO] [1748569401.676111518] [uvdrobot]: I heard: "{"performative": "query", "sender": "nurse_disinfected1", "receiver": "spotrobot1", "content": "Done|a_authorize_patrol"}"
[spotrobot-5] [INFO] [1748569401.676141296] [spotrobot]: I heard: "{"performative": "query", "sender": "nurse_disinfected1", "receiver": "spotrobot1", "content": "Done|a_authorize_patrol"}"
[uvdrobot-4] [INFO] [1748569401.676426045] [uvdrobot]: And it is not for me
[spotrobot-5] [INFO] [1748569401.676463246] [spotrobot]: And it is for me
[nurse_disinfect-3] [INFO] [1748569401.676603115] [nurse_disinfect]: I heard: "{"performative": "query", "sender": "nurse_disinfected1", "receiver": "spotrobot1", "content": "Done|a_authorize_patrol"}"
[spotrobot-5] [INFO] [1748569401.676836245] [spotrobot]: Already finished action
[nurse_disinfect-3] [INFO] [1748569401.677318211] [nurse_disinfect]: And it is not for me
[uvdrobot-4] [INFO] [1748569401.677453151] [uvdrobot]: I heard: "{"performative": "request", "sender": "Coordinator", "receiver": "spotrobot1", "content": "Reset"}"
[spotrobot-5] [INFO] [1748569401.677573655] [spotrobot]: I heard: "{"performative": "request", "sender": "Coordinator", "receiver": "spotrobot1", "content": "Reset"}"
[uvdrobot-4] [INFO] [1748569401.677723196] [uvdrobot]: And it is not for me
[spotrobot-5] [INFO] [1748569401.677841696] [spotrobot]: And it is for me
[nurse_disinfect-3] [INFO] [1748569401.678267832] [nurse_disinfect]: I heard: "{"performative": "request", "sender": "Coordinator", "receiver": "spotrobot1", "content": "Reset"}"
[uvdrobot-4] [INFO] [1748569401.678299098] [uvdrobot]: I heard: "{"performative": "request", "sender": "Coordinator", "receiver": "uvdrobot1", "content": "Reset"}"
[spotrobot-5] [INFO] [1748569401.678368034] [spotrobot]: I heard: "{"performative": "request", "sender": "Coordinator", "receiver": "uvdrobot1", "content": "Reset"}"
[uvdrobot-4] [INFO] [1748569401.678567786] [uvdrobot]: And it is for me
[spotrobot-5] [INFO] [1748569401.678633853] [spotrobot]: And it is not for me
[nurse_disinfect-3] [INFO] [1748569401.678748075] [nurse_disinfect]: And it is not for me
[spotrobot-5] [INFO] [1748569401.679068447] [spotrobot]: I heard: "{"performative": "request", "sender": "Coordinator", "receiver": "nurse_disinfected1", "content": "Reset"}"
[uvdrobot-4] [INFO] [1748569401.679071008] [uvdrobot]: I heard: "{"performative": "request", "sender": "Coordinator", "receiver": "nurse_disinfected1", "content": "Reset"}"
[nurse_disinfect-3] [INFO] [1748569401.679273547] [nurse_disinfect]: I heard: "{"performative": "query", "sender": "spotrobot1", "receiver": "nurse_disinfected1", "content": "Done|a_authorize_patrol"}"
[spotrobot-5] [INFO] [1748569401.679324111] [spotrobot]: And it is not for me
[uvdrobot-4] [INFO] [1748569401.679376646] [uvdrobot]: And it is not for me
[spotrobot-5] [INFO] [1748569401.679655315] [spotrobot]: 
[nurse_disinfect-3] [INFO] [1748569401.679946555] [nurse_disinfect]: And it is for me
[uvdrobot-4] [INFO] [1748569401.680277823] [uvdrobot]: Recebido sinal de desligamento do coordenador, finalizando...
[spotrobot-5] [INFO] [1748569401.680354044] [spotrobot]: Recebido sinal de desligamento do coordenador, finalizando...
[nurse_disinfect-3] [INFO] [1748569401.680464778] [nurse_disinfect]: Already finished action
[uvdrobot-4] [INFO] [1748569401.680717983] [Quitting]: Done
[spotrobot-5] [INFO] [1748569401.680767227] [Quitting]: Done
[disinfect_planner-2] [INFO] [1748569401.681307772] [disinfect_planner]: Recebido sinal de desligamento do coordenador, finalizando...
[disinfect_environment-1] [INFO] [1748569401.681639215] [disinfect_environment]: Recebido sinal de desligamento do coordenador, finalizando...
[disinfect_planner-2] [INFO] [1748569401.681946736] [Quitting]: Done
[nurse_disinfect-3] [INFO] [1748569401.681978596] [nurse_disinfect]: I heard: "{"performative": "request", "sender": "Coordinator", "receiver": "uvdrobot1", "content": "Reset"}"
[disinfect_environment-1] [INFO] [1748569401.682252039] [Quitting]: Done
[nurse_disinfect-3] [INFO] [1748569401.682575846] [nurse_disinfect]: And it is not for me
[nurse_disinfect-3] [INFO] [1748569401.683461421] [nurse_disinfect]: Recebido sinal de desligamento do coordenador, finalizando...
[nurse_disinfect-3] [INFO] [1748569401.684235152] [Quitting]: Done
[INFO] [nurse_disinfect-3]: process has finished cleanly [pid 118968]
[INFO] [spotrobot-5]: process has finished cleanly [pid 118972]
[INFO] [uvdrobot-4]: process has finished cleanly [pid 118970]
[INFO] [disinfect_environment-1]: process has finished cleanly [pid 118964]
