[INFO] [launch]: All log files can be found below /home/rafael/.ros/log/2025-05-30-12-53-48-431249-NotebookRafael-23621
[INFO] [launch]: Default logging verbosity is set to INFO
[INFO] [disinfect_environment-1]: process started with pid [23622]
[INFO] [disinfect_planner-2]: process started with pid [23625]
[INFO] [nurse_disinfect-3]: process started with pid [23628]
[INFO] [uvdrobot-4]: process started with pid [23630]
[INFO] [spotrobot-5]: process started with pid [23632]
[disinfect_environment-1] [INFO] [1748620428.697173275] [disinfect_environment]: Starting Environment server
[disinfect_environment-1] [INFO] [1748620428.701059073] [disinfect_environment]: Environment server started
[disinfect_planner-2] [INFO] [1748620429.248207322] [disinfect_planner]: Starting Planner server
[disinfect_planner-2] [INFO] [1748620429.252009091] [disinfect_planner]: Planner server started
[disinfect_planner-2] [INFO] [1748620429.475973704] [disinfect_planner]: Creating plan for: spotrobot1 uvdrobot1 nurse_disinfected1
[disinfect_planner-2] [INFO] [1748620429.477477316] [disinfect_planner]: a_navto,spotrobot1,room1
[disinfect_planner-2] [INFO] [1748620429.477786295] [disinfect_planner]: a_open_door,spotrobot1,room1
[disinfect_planner-2] [INFO] [1748620429.478050466] [disinfect_planner]: a_approach_nurse,spotrobot1,nurse_disinfected1
[disinfect_planner-2] [INFO] [1748620429.478350645] [disinfect_planner]: a_authenticate_nurse,spotrobot1,nurse_disinfected1
[disinfect_planner-2] [INFO] [1748620429.478652920] [disinfect_planner]: a_authorize_patrol,spotrobot1,nurse_disinfected1
[disinfect_planner-2] [INFO] [1748620429.479120736] [disinfect_planner]: a_patrol_room,spotrobot1,room1
[disinfect_planner-2] [INFO] [1748620429.479510999] [disinfect_planner]: a_authorize_disinfect,uvdrobot1,spotrobot1
[disinfect_planner-2] [INFO] [1748620429.479899480] [disinfect_planner]: a_navto,uvdrobot1,room1
[disinfect_planner-2] [INFO] [1748620429.480223753] [disinfect_planner]: a_disinfect_room,uvdrobot1,room1
[disinfect_planner-2] [INFO] [1748620429.480556241] [disinfect_planner]: Sending response
[nurse_disinfect-3] [INFO] [1748620429.482519098] [nurse_disinfect]: response.response nurse_disinfected1
[spotrobot-5] [INFO] [1748620429.482849092] [spotrobot]: response.response spotrobot1
[nurse_disinfect-3] [INFO] [1748620429.483060110] [nurse_disinfect]: My name is nurse_disinfected1
[spotrobot-5] [INFO] [1748620429.483210252] [spotrobot]: My name is spotrobot1
[spotrobot-5] [INFO] [1748620429.483827665] [spotrobot]: I heard: "{"performative": "request", "sender": "Coordinator", "receiver": "uvdrobot1", "content": "Plan|a_authorize_disinfect,uvdrobot1,spotrobot1/a_navto,uvdrobot1,room1/a_disinfect_room,uvdrobot1,room1"}"
[spotrobot-5] [INFO] [1748620429.484184707] [spotrobot]: And it is not for me
[spotrobot-5] [INFO] [1748620429.484818006] [spotrobot]: I heard: "{"performative": "request", "sender": "Coordinator", "receiver": "spotrobot1", "content": "Plan|a_navto,spotrobot1,room1/a_open_door,spotrobot1,room1/a_approach_nurse,spotrobot1,nurse_disinfected1/a_authenticate_nurse,spotrobot1,nurse_disinfected1/a_authorize_patrol,spotrobot1,nurse_disinfected1/a_patrol_room,spotrobot1,room1/a_authorize_disinfect,uvdrobot1,spotrobot1"}"
[spotrobot-5] [INFO] [1748620429.485138381] [spotrobot]: And it is for me
[spotrobot-5] [INFO] [1748620429.485545574] [spotrobot]: Doing a_navto
[spotrobot-5] [INFO] [1748620429.485952854] [spotrobot]: Wating for response
[uvdrobot-4] [INFO] [1748620429.486369960] [uvdrobot]: response.response uvdrobot1
[spotrobot-5] [INFO] [1748620429.486510261] [spotrobot]: I heard: "{"performative": "request", "sender": "Coordinator", "receiver": "nurse_disinfected1", "content": "Plan|a_approach_nurse,spotrobot1,nurse_disinfected1/a_authenticate_nurse,spotrobot1,nurse_disinfected1/a_authorize_patrol,spotrobot1,nurse_disinfected1"}"
[spotrobot-5] [INFO] [1748620429.486777918] [spotrobot]: And it is not for me
[uvdrobot-4] [INFO] [1748620429.486786394] [uvdrobot]: My name is uvdrobot1
[uvdrobot-4] [INFO] [1748620429.487456313] [uvdrobot]: I heard: "{"performative": "request", "sender": "Coordinator", "receiver": "uvdrobot1", "content": "Plan|a_authorize_disinfect,uvdrobot1,spotrobot1/a_navto,uvdrobot1,room1/a_disinfect_room,uvdrobot1,room1"}"
[spotrobot-5] [INFO] [1748620429.487457615] [spotrobot]: success
[spotrobot-5] [INFO] [1748620429.487786617] [spotrobot]: Doing a_open_door
[uvdrobot-4] [INFO] [1748620429.487879030] [uvdrobot]: And it is for me
[spotrobot-5] [INFO] [1748620429.488177072] [spotrobot]: Wating for response
[uvdrobot-4] [INFO] [1748620429.488430461] [uvdrobot]: Doing a_authorize_disinfect
[uvdrobot-4] [INFO] [1748620429.488737869] [uvdrobot]: a_authorize_disinfect
[uvdrobot-4] [INFO] [1748620429.489105647] [uvdrobot]: Here first, waiting for spotrobot
[spotrobot-5] [INFO] [1748620429.489470618] [spotrobot]: success
[spotrobot-5] [INFO] [1748620429.489857682] [spotrobot]: Doing a_approach_nurse
[uvdrobot-4] [INFO] [1748620429.489885808] [uvdrobot]: I heard: "{"performative": "request", "sender": "Coordinator", "receiver": "spotrobot1", "content": "Plan|a_navto,spotrobot1,room1/a_open_door,spotrobot1,room1/a_approach_nurse,spotrobot1,nurse_disinfected1/a_authenticate_nurse,spotrobot1,nurse_disinfected1/a_authorize_patrol,spotrobot1,nurse_disinfected1/a_patrol_room,spotrobot1,room1/a_authorize_disinfect,uvdrobot1,spotrobot1"}"
[spotrobot-5] [INFO] [1748620429.490268389] [spotrobot]: Wating for response
[uvdrobot-4] [INFO] [1748620429.490275142] [uvdrobot]: And it is not for me
[uvdrobot-4] [INFO] [1748620429.490797691] [uvdrobot]: I heard: "{"performative": "query", "sender": "uvdrobot1", "receiver": "spotrobot1", "content": "Ready|a_authorize_disinfect"}"
[spotrobot-5] [INFO] [1748620429.491067732] [spotrobot]: I heard: "{"performative": "query", "sender": "uvdrobot1", "receiver": "spotrobot1", "content": "Ready|a_authorize_disinfect"}"
[uvdrobot-4] [INFO] [1748620429.491207077] [uvdrobot]: And it is not for me
[spotrobot-5] [INFO] [1748620429.491649894] [spotrobot]: And it is for me
[uvdrobot-4] [INFO] [1748620429.491959764] [uvdrobot]: I heard: "{"performative": "request", "sender": "Coordinator", "receiver": "nurse_disinfected1", "content": "Plan|a_approach_nurse,spotrobot1,nurse_disinfected1/a_authenticate_nurse,spotrobot1,nurse_disinfected1/a_authorize_patrol,spotrobot1,nurse_disinfected1"}"
[spotrobot-5] [INFO] [1748620429.492021961] [spotrobot]: No there yet
[uvdrobot-4] [INFO] [1748620429.492269758] [uvdrobot]: And it is not for me
[spotrobot-5] [INFO] [1748620429.492696716] [spotrobot]: success
[spotrobot-5] [INFO] [1748620429.493050790] [spotrobot]: Doing a_authenticate_nurse
[spotrobot-5] [INFO] [1748620429.493358840] [spotrobot]: a_authenticate_nurse
[spotrobot-5] [INFO] [1748620429.493662964] [spotrobot]: Here first, waiting for nurse
[uvdrobot-4] [INFO] [1748620429.494508216] [uvdrobot]: I heard: "{"performative": "query", "sender": "spotrobot1", "receiver": "nurse_disinfected1", "content": "Ready|a_authenticate_nurse"}"
[spotrobot-5] [INFO] [1748620429.494682283] [spotrobot]: I heard: "{"performative": "query", "sender": "spotrobot1", "receiver": "nurse_disinfected1", "content": "Ready|a_authenticate_nurse"}"
[uvdrobot-4] [INFO] [1748620429.494850329] [uvdrobot]: And it is not for me
[spotrobot-5] [INFO] [1748620429.495206949] [spotrobot]: And it is not for me
[nurse_disinfect-3] [INFO] [1748620430.484691187] [nurse_disinfect]: I heard: "{"performative": "request", "sender": "Coordinator", "receiver": "uvdrobot1", "content": "Plan|a_authorize_disinfect,uvdrobot1,spotrobot1/a_navto,uvdrobot1,room1/a_disinfect_room,uvdrobot1,room1"}"
[nurse_disinfect-3] [INFO] [1748620430.485041622] [nurse_disinfect]: And it is not for me
[nurse_disinfect-3] [INFO] [1748620430.485479411] [nurse_disinfect]: I heard: "{"performative": "query", "sender": "uvdrobot1", "receiver": "spotrobot1", "content": "Ready|a_authorize_disinfect"}"
[nurse_disinfect-3] [INFO] [1748620430.485810952] [nurse_disinfect]: And it is not for me
[nurse_disinfect-3] [INFO] [1748620430.486444998] [nurse_disinfect]: I heard: "{"performative": "request", "sender": "Coordinator", "receiver": "spotrobot1", "content": "Plan|a_navto,spotrobot1,room1/a_open_door,spotrobot1,room1/a_approach_nurse,spotrobot1,nurse_disinfected1/a_authenticate_nurse,spotrobot1,nurse_disinfected1/a_authorize_patrol,spotrobot1,nurse_disinfected1/a_patrol_room,spotrobot1,room1/a_authorize_disinfect,uvdrobot1,spotrobot1"}"
[nurse_disinfect-3] [INFO] [1748620430.486765565] [nurse_disinfect]: And it is not for me
[nurse_disinfect-3] [INFO] [1748620430.487088803] [nurse_disinfect]: I heard: "{"performative": "query", "sender": "spotrobot1", "receiver": "nurse_disinfected1", "content": "Ready|a_authenticate_nurse"}"
[nurse_disinfect-3] [INFO] [1748620430.487405653] [nurse_disinfect]: And it is for me
[nurse_disinfect-3] [INFO] [1748620430.487710696] [nurse_disinfect]: No there yet
[nurse_disinfect-3] [INFO] [1748620430.488431092] [nurse_disinfect]: I heard: "{"performative": "request", "sender": "Coordinator", "receiver": "nurse_disinfected1", "content": "Plan|a_approach_nurse,spotrobot1,nurse_disinfected1/a_authenticate_nurse,spotrobot1,nurse_disinfected1/a_authorize_patrol,spotrobot1,nurse_disinfected1"}"
[nurse_disinfect-3] [INFO] [1748620430.488748986] [nurse_disinfect]: And it is for me
[nurse_disinfect-3] [INFO] [1748620430.490125166] [nurse_disinfect]: a_approach_nurse
[nurse_disinfect-3] [INFO] [1748620430.490525359] [nurse_disinfect]: a_authenticate_nurse
[nurse_disinfect-3] [INFO] [1748620430.490834606] [nurse_disinfect]: Doing a_authenticate_nurse
[nurse_disinfect-3] [INFO] [1748620430.491129805] [nurse_disinfect]: a_authenticate_nurse
[nurse_disinfect-3] [INFO] [1748620430.491401101] [nurse_disinfect]: Robot is waiting, send action message
[spotrobot-5] [INFO] [1748620430.492105548] [spotrobot]: I heard: "{"performative": "query", "sender": "nurse_disinfected1", "receiver": "spotrobot1", "content": "Done|a_authenticate_nurse"}"
[uvdrobot-4] [INFO] [1748620430.492266440] [uvdrobot]: I heard: "{"performative": "query", "sender": "nurse_disinfected1", "receiver": "spotrobot1", "content": "Done|a_authenticate_nurse"}"
[nurse_disinfect-3] [INFO] [1748620430.492312218] [nurse_disinfect]: I heard: "{"performative": "query", "sender": "nurse_disinfected1", "receiver": "spotrobot1", "content": "Done|a_authenticate_nurse"}"
[spotrobot-5] [INFO] [1748620430.492474225] [spotrobot]: And it is for me
[uvdrobot-4] [INFO] [1748620430.492628117] [uvdrobot]: And it is not for me
[nurse_disinfect-3] [INFO] [1748620430.492714959] [nurse_disinfect]: And it is not for me
[spotrobot-5] [INFO] [1748620430.492747466] [spotrobot]: Finished action
[spotrobot-5] [INFO] [1748620430.493280213] [spotrobot]: Doing a_authorize_patrol
[uvdrobot-4] [INFO] [1748620430.493482667] [uvdrobot]: I heard: "{"performative": "query", "sender": "spotrobot1", "receiver": "nurse_disinfected1", "content": "Done|a_authenticate_nurse"}"
[spotrobot-5] [INFO] [1748620430.493595273] [spotrobot]: a_authorize_patrol
[nurse_disinfect-3] [INFO] [1748620430.493647076] [nurse_disinfect]: I heard: "{"performative": "query", "sender": "spotrobot1", "receiver": "nurse_disinfected1", "content": "Done|a_authenticate_nurse"}"
[spotrobot-5] [INFO] [1748620430.493900364] [spotrobot]: Here first, waiting for nurse
[uvdrobot-4] [INFO] [1748620430.494008300] [uvdrobot]: And it is not for me
[nurse_disinfect-3] [INFO] [1748620430.494069975] [nurse_disinfect]: And it is for me
[nurse_disinfect-3] [INFO] [1748620430.494564964] [nurse_disinfect]: Finished action
[spotrobot-5] [INFO] [1748620430.494640429] [spotrobot]: I heard: "{"performative": "query", "sender": "spotrobot1", "receiver": "nurse_disinfected1", "content": "Done|a_authenticate_nurse"}"
[uvdrobot-4] [INFO] [1748620430.494953853] [uvdrobot]: I heard: "{"performative": "query", "sender": "spotrobot1", "receiver": "nurse_disinfected1", "content": "Ready|a_authorize_patrol"}"
[nurse_disinfect-3] [INFO] [1748620430.495006957] [nurse_disinfect]: a_authorize_patrol
[spotrobot-5] [INFO] [1748620430.495203582] [spotrobot]: And it is not for me
[nurse_disinfect-3] [INFO] [1748620430.495270995] [nurse_disinfect]: Doing a_authorize_patrol
[nurse_disinfect-3] [INFO] [1748620430.495519959] [nurse_disinfect]: a_authorize_patrol
[uvdrobot-4] [INFO] [1748620430.495548234] [uvdrobot]: And it is not for me
[nurse_disinfect-3] [INFO] [1748620430.495847028] [nurse_disinfect]: Here first, waiting for robot
[spotrobot-5] [INFO] [1748620430.496009820] [spotrobot]: I heard: "{"performative": "query", "sender": "spotrobot1", "receiver": "nurse_disinfected1", "content": "Ready|a_authorize_patrol"}"
[spotrobot-5] [INFO] [1748620430.496379656] [spotrobot]: And it is not for me
[uvdrobot-4] [INFO] [1748620430.496444451] [uvdrobot]: I heard: "{"performative": "query", "sender": "nurse_disinfected1", "receiver": "spotrobot1", "content": "Done|a_authenticate_nurse"}"
[nurse_disinfect-3] [INFO] [1748620430.496517617] [nurse_disinfect]: I heard: "{"performative": "query", "sender": "spotrobot1", "receiver": "nurse_disinfected1", "content": "Ready|a_authorize_patrol"}"
[nurse_disinfect-3] [INFO] [1748620430.496793893] [nurse_disinfect]: And it is for me
[uvdrobot-4] [INFO] [1748620430.496969959] [uvdrobot]: And it is not for me
[nurse_disinfect-3] [INFO] [1748620430.497050049] [nurse_disinfect]: Ready to act
[spotrobot-5] [INFO] [1748620430.497224534] [spotrobot]: I heard: "{"performative": "query", "sender": "nurse_disinfected1", "receiver": "spotrobot1", "content": "Done|a_authenticate_nurse"}"
[spotrobot-5] [INFO] [1748620430.497512091] [spotrobot]: And it is for me
[nurse_disinfect-3] [INFO] [1748620430.497728616] [nurse_disinfect]: I heard: "{"performative": "query", "sender": "nurse_disinfected1", "receiver": "spotrobot1", "content": "Done|a_authenticate_nurse"}"
[spotrobot-5] [INFO] [1748620430.497814577] [spotrobot]: Already finished action
[uvdrobot-4] [INFO] [1748620430.497938697] [uvdrobot]: I heard: "{"performative": "query", "sender": "nurse_disinfected1", "receiver": "spotrobot1", "content": "Ready|a_authorize_patrol"}"
[nurse_disinfect-3] [INFO] [1748620430.498186774] [nurse_disinfect]: And it is not for me
[spotrobot-5] [INFO] [1748620430.498377969] [spotrobot]: I heard: "{"performative": "query", "sender": "nurse_disinfected1", "receiver": "spotrobot1", "content": "Ready|a_authorize_patrol"}"
[uvdrobot-4] [INFO] [1748620430.498430047] [uvdrobot]: And it is not for me
[spotrobot-5] [INFO] [1748620430.498739446] [spotrobot]: And it is for me
[nurse_disinfect-3] [INFO] [1748620430.498830119] [nurse_disinfect]: I heard: "{"performative": "query", "sender": "nurse_disinfected1", "receiver": "spotrobot1", "content": "Ready|a_authorize_patrol"}"
[nurse_disinfect-3] [INFO] [1748620430.499114851] [nurse_disinfect]: And it is not for me
[spotrobot-5] [INFO] [1748620430.499300252] [spotrobot]: Ready to act
[uvdrobot-4] [INFO] [1748620430.499399129] [uvdrobot]: I heard: "{"performative": "query", "sender": "nurse_disinfected1", "receiver": "spotrobot1", "content": "Done|a_authorize_patrol"}"
[uvdrobot-4] [INFO] [1748620430.499940448] [uvdrobot]: And it is not for me
[nurse_disinfect-3] [INFO] [1748620430.499942444] [nurse_disinfect]: I heard: "{"performative": "query", "sender": "nurse_disinfected1", "receiver": "spotrobot1", "content": "Done|a_authorize_patrol"}"
[spotrobot-5] [INFO] [1748620430.499980619] [spotrobot]: I heard: "{"performative": "query", "sender": "nurse_disinfected1", "receiver": "spotrobot1", "content": "Done|a_authorize_patrol"}"
[nurse_disinfect-3] [INFO] [1748620430.500318246] [nurse_disinfect]: And it is not for me
[spotrobot-5] [INFO] [1748620430.500364695] [spotrobot]: And it is for me
[spotrobot-5] [INFO] [1748620430.500640033] [spotrobot]: Finished action
[uvdrobot-4] [INFO] [1748620430.500863842] [uvdrobot]: I heard: "{"performative": "query", "sender": "spotrobot1", "receiver": "nurse_disinfected1", "content": "Done|a_authorize_patrol"}"
[spotrobot-5] [INFO] [1748620430.501084258] [spotrobot]: Doing a_patrol_room
[nurse_disinfect-3] [INFO] [1748620430.501116890] [nurse_disinfect]: I heard: "{"performative": "query", "sender": "spotrobot1", "receiver": "nurse_disinfected1", "content": "Done|a_authorize_patrol"}"
[uvdrobot-4] [INFO] [1748620430.501432769] [uvdrobot]: And it is not for me
[nurse_disinfect-3] [INFO] [1748620430.501438442] [nurse_disinfect]: And it is for me
[spotrobot-5] [INFO] [1748620430.501504552] [spotrobot]: Wating for response
[nurse_disinfect-3] [INFO] [1748620430.501719899] [nurse_disinfect]: Finished action
[spotrobot-5] [INFO] [1748620430.502120690] [spotrobot]: I heard: "{"performative": "query", "sender": "spotrobot1", "receiver": "nurse_disinfected1", "content": "Done|a_authorize_patrol"}"
[uvdrobot-4] [INFO] [1748620430.502365174] [uvdrobot]: I heard: "{"performative": "query", "sender": "spotrobot1", "receiver": "nurse_disinfected1", "content": "Done|a_authorize_patrol"}"
[nurse_disinfect-3] [INFO] [1748620430.502408597] [nurse_disinfect]: I heard: "{"performative": "query", "sender": "spotrobot1", "receiver": "nurse_disinfected1", "content": "Done|a_authorize_patrol"}"
[spotrobot-5] [INFO] [1748620430.502441419] [spotrobot]: And it is not for me
[nurse_disinfect-3] [INFO] [1748620430.502685065] [nurse_disinfect]: And it is for me
[nurse_disinfect-3] [INFO] [1748620430.502959464] [nurse_disinfect]: Already finished action
[uvdrobot-4] [INFO] [1748620430.502957018] [uvdrobot]: And it is not for me
[spotrobot-5] [INFO] [1748620430.503281844] [spotrobot]: I heard: "{"performative": "query", "sender": "spotrobot1", "receiver": "nurse_disinfected1", "content": "Done|a_authorize_patrol"}"
[nurse_disinfect-3] [INFO] [1748620430.503515990] [nurse_disinfect]: I heard: "{"performative": "query", "sender": "nurse_disinfected1", "receiver": "spotrobot1", "content": "Done|a_authorize_patrol"}"
[spotrobot-5] [INFO] [1748620430.503573605] [spotrobot]: And it is not for me
[nurse_disinfect-3] [INFO] [1748620430.503797179] [nurse_disinfect]: And it is not for me
[uvdrobot-4] [INFO] [1748620430.503925104] [uvdrobot]: I heard: "{"performative": "query", "sender": "nurse_disinfected1", "receiver": "spotrobot1", "content": "Done|a_authorize_patrol"}"
[spotrobot-5] [INFO] [1748620430.504164732] [spotrobot]: I heard: "{"performative": "query", "sender": "nurse_disinfected1", "receiver": "spotrobot1", "content": "Done|a_authorize_patrol"}"
[uvdrobot-4] [INFO] [1748620430.504494523] [uvdrobot]: And it is not for me
[spotrobot-5] [INFO] [1748620430.504734378] [spotrobot]: And it is for me
[spotrobot-5] [INFO] [1748620430.505281480] [spotrobot]: Already finished action
[spotrobot-5] [INFO] [1748620430.506608141] [spotrobot]: success
[spotrobot-5] [INFO] [1748620430.507285099] [spotrobot]: Doing a_authorize_disinfect
[spotrobot-5] [INFO] [1748620430.507762237] [spotrobot]: a_authorize_disinfect
[spotrobot-5] [INFO] [1748620430.508080553] [spotrobot]: Here first, waiting for spotrobot
[spotrobot-5] [INFO] [1748620430.508794293] [spotrobot]: I heard: "{"performative": "query", "sender": "spotrobot1", "receiver": "uvdrobot1", "content": "Ready|a_authorize_disinfect"}"
[uvdrobot-4] [INFO] [1748620430.508874720] [uvdrobot]: I heard: "{"performative": "query", "sender": "spotrobot1", "receiver": "uvdrobot1", "content": "Ready|a_authorize_disinfect"}"
[nurse_disinfect-3] [INFO] [1748620430.508988609] [nurse_disinfect]: I heard: "{"performative": "query", "sender": "spotrobot1", "receiver": "uvdrobot1", "content": "Ready|a_authorize_disinfect"}"
[spotrobot-5] [INFO] [1748620430.509117761] [spotrobot]: And it is not for me
[nurse_disinfect-3] [INFO] [1748620430.509321394] [nurse_disinfect]: And it is not for me
[uvdrobot-4] [INFO] [1748620430.509441243] [uvdrobot]: And it is for me
[uvdrobot-4] [INFO] [1748620430.509778942] [uvdrobot]: Ready to act
[spotrobot-5] [INFO] [1748620430.510363123] [spotrobot]: I heard: "{"performative": "query", "sender": "uvdrobot1", "receiver": "spotrobot1", "content": "Done|a_authorize_disinfect"}"
[uvdrobot-4] [INFO] [1748620430.510455794] [uvdrobot]: I heard: "{"performative": "query", "sender": "uvdrobot1", "receiver": "spotrobot1", "content": "Done|a_authorize_disinfect"}"
[spotrobot-5] [INFO] [1748620430.510688219] [spotrobot]: And it is for me
[nurse_disinfect-3] [INFO] [1748620430.510704019] [nurse_disinfect]: I heard: "{"performative": "query", "sender": "uvdrobot1", "receiver": "spotrobot1", "content": "Done|a_authorize_disinfect"}"
[uvdrobot-4] [INFO] [1748620430.510734732] [uvdrobot]: And it is not for me
[spotrobot-5] [INFO] [1748620430.510950159] [spotrobot]: Finished action
[nurse_disinfect-3] [INFO] [1748620430.511235580] [nurse_disinfect]: And it is not for me
[spotrobot-5] [INFO] [1748620430.511604631] [spotrobot]: I heard: "{"performative": "query", "sender": "spotrobot1", "receiver": "uvdrobot1", "content": "Done|a_authorize_disinfect"}"
[uvdrobot-4] [INFO] [1748620430.511808215] [uvdrobot]: I heard: "{"performative": "query", "sender": "spotrobot1", "receiver": "uvdrobot1", "content": "Done|a_authorize_disinfect"}"
[nurse_disinfect-3] [INFO] [1748620430.511823238] [nurse_disinfect]: I heard: "{"performative": "query", "sender": "spotrobot1", "receiver": "uvdrobot1", "content": "Done|a_authorize_disinfect"}"
[spotrobot-5] [INFO] [1748620430.511927525] [spotrobot]: And it is not for me
[nurse_disinfect-3] [INFO] [1748620430.512108784] [nurse_disinfect]: And it is not for me
[uvdrobot-4] [INFO] [1748620430.512240192] [uvdrobot]: And it is for me
[uvdrobot-4] [INFO] [1748620430.512747180] [uvdrobot]: Finished action
[uvdrobot-4] [INFO] [1748620430.513365204] [uvdrobot]: Doing a_navto
[nurse_disinfect-3] [INFO] [1748620430.513510619] [nurse_disinfect]: I heard: "{"performative": "query", "sender": "uvdrobot1", "receiver": "spotrobot1", "content": "Done|a_authorize_disinfect"}"
[spotrobot-5] [INFO] [1748620430.513546195] [spotrobot]: I heard: "{"performative": "query", "sender": "uvdrobot1", "receiver": "spotrobot1", "content": "Done|a_authorize_disinfect"}"
[uvdrobot-4] [INFO] [1748620430.514005810] [uvdrobot]: Waiting for response
[spotrobot-5] [INFO] [1748620430.514020308] [spotrobot]: And it is for me
[nurse_disinfect-3] [INFO] [1748620430.514102041] [nurse_disinfect]: And it is not for me
[spotrobot-5] [INFO] [1748620430.514509445] [spotrobot]: Already finished action
[uvdrobot-4] [INFO] [1748620430.514828854] [uvdrobot]: I heard: "{"performative": "query", "sender": "uvdrobot1", "receiver": "spotrobot1", "content": "Done|a_authorize_disinfect"}"
[uvdrobot-4] [INFO] [1748620430.515347027] [uvdrobot]: And it is not for me
[uvdrobot-4] [INFO] [1748620430.516705893] [uvdrobot]: success
[uvdrobot-4] [INFO] [1748620430.517158316] [uvdrobot]: Doing a_disinfect_room
[uvdrobot-4] [INFO] [1748620430.517640520] [uvdrobot]: Waiting for response
[uvdrobot-4] [INFO] [1748620430.518835353] [uvdrobot]: success
[spotrobot-5] [INFO] [1748620430.521186712] [spotrobot]: Recebido sinal de desligamento do coordenador, finalizando...
[uvdrobot-4] [INFO] [1748620430.521204069] [uvdrobot]: Recebido sinal de desligamento do coordenador, finalizando...
[disinfect_environment-1] [INFO] [1748620430.521273137] [disinfect_environment]: Recebido sinal de desligamento do coordenador, finalizando...
[nurse_disinfect-3] [INFO] [1748620430.521534771] [nurse_disinfect]: Recebido sinal de desligamento do coordenador, finalizando...
[uvdrobot-4] [INFO] [1748620430.521588787] [Quitting]: Done
[spotrobot-5] [INFO] [1748620430.521638751] [Quitting]: Done
[disinfect_planner-2] [INFO] [1748620430.521647415] [disinfect_planner]: Recebido sinal de desligamento do coordenador, finalizando...
[disinfect_environment-1] [INFO] [1748620430.521822012] [Quitting]: Done
[nurse_disinfect-3] [INFO] [1748620430.522235056] [Quitting]: Done
[disinfect_planner-2] [INFO] [1748620430.522242399] [Quitting]: Done
[INFO] [nurse_disinfect-3]: process has finished cleanly [pid 23628]
[INFO] [spotrobot-5]: process has finished cleanly [pid 23632]
[INFO] [uvdrobot-4]: process has finished cleanly [pid 23630]
[INFO] [disinfect_environment-1]: process has finished cleanly [pid 23622]
