[INFO] [launch]: All log files can be found below /home/rafael/.ros/log/2025-05-29-09-11-18-197310-NotebookRafael-11235
[INFO] [launch]: Default logging verbosity is set to INFO
[INFO] [disinfect_environment-1]: process started with pid [11238]
[INFO] [disinfect_planner-2]: process started with pid [11240]
[INFO] [nurse_disinfect-3]: process started with pid [11242]
[INFO] [uvdrobot-4]: process started with pid [11244]
[INFO] [spotrobot-5]: process started with pid [11246]
[disinfect_environment-1] [INFO] [1748520678.507502846] [disinfect_environment]: Starting Environment server
[disinfect_environment-1] [INFO] [1748520678.511630179] [disinfect_environment]: Environment server started
[disinfect_planner-2] [INFO] [1748520679.048455490] [disinfect_planner]: Starting Planner server
[disinfect_planner-2] [INFO] [1748520679.052809213] [disinfect_planner]: Planner server started
[disinfect_planner-2] [INFO] [1748520679.271008516] [disinfect_planner]: Creating plan for: spotrobot1 uvdrobot1 nurse_disinfected1
[disinfect_planner-2] [INFO] [1748520679.272664761] [disinfect_planner]: a_navto,spotrobot1,room1
[disinfect_planner-2] [INFO] [1748520679.272987941] [disinfect_planner]: a_open_door,spotrobot1,room1
[disinfect_planner-2] [INFO] [1748520679.273336157] [disinfect_planner]: a_approach_nurse,spotrobot1,nurse_disinfected1
[disinfect_planner-2] [INFO] [1748520679.273735976] [disinfect_planner]: a_authenticate_nurse,spotrobot1,nurse_disinfected1
[disinfect_planner-2] [INFO] [1748520679.274009176] [disinfect_planner]: a_authorize_patrol,spotrobot1,nurse_disinfected1
[disinfect_planner-2] [INFO] [1748520679.274265978] [disinfect_planner]: a_patrol_room,spotrobot1,room1
[disinfect_planner-2] [INFO] [1748520679.274663086] [disinfect_planner]: a_authorize_disinfect,uvdrobot1,spotrobot1
[disinfect_planner-2] [INFO] [1748520679.274971394] [disinfect_planner]: a_navto,uvdrobot1,room1
[disinfect_planner-2] [INFO] [1748520679.275309487] [disinfect_planner]: a_disinfect_room,uvdrobot1,room1
[disinfect_planner-2] [INFO] [1748520679.275618547] [disinfect_planner]: Sending response
[nurse_disinfect-3] [INFO] [1748520679.278655138] [nurse_disinfect]: response.response nurse_disinfected1
[uvdrobot-4] [INFO] [1748520679.278908431] [uvdrobot]: response.response uvdrobot1
[nurse_disinfect-3] [INFO] [1748520679.279108570] [nurse_disinfect]: My name is nurse_disinfected1
[uvdrobot-4] [INFO] [1748520679.279410073] [uvdrobot]: My name is uvdrobot1
[spotrobot-5] [INFO] [1748520679.279698943] [spotrobot]: response.response spotrobot1
[uvdrobot-4] [INFO] [1748520679.280119794] [uvdrobot]: I heard: "{"performative": "request", "sender": "Coordinator", "receiver": "uvdrobot1", "content": "Plan|a_authorize_disinfect,uvdrobot1,spotrobot1/a_navto,uvdrobot1,room1/a_disinfect_room,uvdrobot1,room1"}"
[spotrobot-5] [INFO] [1748520679.280166160] [spotrobot]: My name is spotrobot1
[uvdrobot-4] [INFO] [1748520679.280466555] [uvdrobot]: And it is for me
[uvdrobot-4] [INFO] [1748520679.280850660] [uvdrobot]: Doing a_authorize_disinfect
[uvdrobot-4] [INFO] [1748520679.281179184] [uvdrobot]: a_authorize_disinfect
[spotrobot-5] [INFO] [1748520679.281283052] [spotrobot]: I heard: "{"performative": "request", "sender": "Coordinator", "receiver": "uvdrobot1", "content": "Plan|a_authorize_disinfect,uvdrobot1,spotrobot1/a_navto,uvdrobot1,room1/a_disinfect_room,uvdrobot1,room1"}"
[uvdrobot-4] [INFO] [1748520679.281494112] [uvdrobot]: Here first, waiting for spotrobot
[spotrobot-5] [INFO] [1748520679.281834992] [spotrobot]: And it is not for me
[uvdrobot-4] [INFO] [1748520679.282279452] [uvdrobot]: I heard: "{"performative": "request", "sender": "Coordinator", "receiver": "spotrobot1", "content": "Plan|a_navto,spotrobot1,room1/a_open_door,spotrobot1,room1/a_approach_nurse,spotrobot1,nurse_disinfected1/a_authenticate_nurse,spotrobot1,nurse_disinfected1/a_authorize_patrol,spotrobot1,nurse_disinfected1/a_patrol_room,spotrobot1,room1/a_authorize_disinfect,uvdrobot1,spotrobot1"}"
[uvdrobot-4] [INFO] [1748520679.282609173] [uvdrobot]: And it is not for me
[spotrobot-5] [INFO] [1748520679.282820118] [spotrobot]: I heard: "{"performative": "request", "sender": "Coordinator", "receiver": "spotrobot1", "content": "Plan|a_navto,spotrobot1,room1/a_open_door,spotrobot1,room1/a_approach_nurse,spotrobot1,nurse_disinfected1/a_authenticate_nurse,spotrobot1,nurse_disinfected1/a_authorize_patrol,spotrobot1,nurse_disinfected1/a_patrol_room,spotrobot1,room1/a_authorize_disinfect,uvdrobot1,spotrobot1"}"
[uvdrobot-4] [INFO] [1748520679.282987570] [uvdrobot]: I heard: "{"performative": "query", "sender": "uvdrobot1", "receiver": "spotrobot1", "content": "Ready|a_authorize_disinfect"}"
[uvdrobot-4] [INFO] [1748520679.283262293] [uvdrobot]: And it is not for me
[spotrobot-5] [INFO] [1748520679.283369950] [spotrobot]: And it is for me
[uvdrobot-4] [INFO] [1748520679.283833796] [uvdrobot]: I heard: "{"performative": "request", "sender": "Coordinator", "receiver": "nurse_disinfected1", "content": "Plan|a_approach_nurse,spotrobot1,nurse_disinfected1/a_authenticate_nurse,spotrobot1,nurse_disinfected1/a_authorize_patrol,spotrobot1,nurse_disinfected1"}"
[spotrobot-5] [INFO] [1748520679.284068766] [spotrobot]: Doing a_navto
[uvdrobot-4] [INFO] [1748520679.284155759] [uvdrobot]: And it is not for me
[spotrobot-5] [INFO] [1748520679.284790866] [spotrobot]: Wating for response
[spotrobot-5] [INFO] [1748520679.285723319] [spotrobot]: I heard: "{"performative": "request", "sender": "Coordinator", "receiver": "nurse_disinfected1", "content": "Plan|a_approach_nurse,spotrobot1,nurse_disinfected1/a_authenticate_nurse,spotrobot1,nurse_disinfected1/a_authorize_patrol,spotrobot1,nurse_disinfected1"}"
[spotrobot-5] [INFO] [1748520679.286300443] [spotrobot]: And it is not for me
[spotrobot-5] [INFO] [1748520679.286989670] [spotrobot]: I heard: "{"performative": "query", "sender": "uvdrobot1", "receiver": "spotrobot1", "content": "Ready|a_authorize_disinfect"}"
[spotrobot-5] [INFO] [1748520679.287594540] [spotrobot]: And it is for me
[spotrobot-5] [INFO] [1748520679.288126877] [spotrobot]: No there yet
[spotrobot-5] [INFO] [1748520679.289365999] [spotrobot]: success
[spotrobot-5] [INFO] [1748520679.289882177] [spotrobot]: Doing a_open_door
[spotrobot-5] [INFO] [1748520679.290579558] [spotrobot]: Wating for response
[spotrobot-5] [INFO] [1748520679.292596636] [spotrobot]: success
[spotrobot-5] [INFO] [1748520679.293234348] [spotrobot]: Doing a_approach_nurse
[spotrobot-5] [INFO] [1748520679.293978286] [spotrobot]: Wating for response
[spotrobot-5] [INFO] [1748520679.295028118] [spotrobot]: success
[spotrobot-5] [INFO] [1748520679.295540002] [spotrobot]: Doing a_authenticate_nurse
[spotrobot-5] [INFO] [1748520679.295867823] [spotrobot]: a_authenticate_nurse
[spotrobot-5] [INFO] [1748520679.296259064] [spotrobot]: Here first, waiting for nurse
[spotrobot-5] [INFO] [1748520679.296958889] [spotrobot]: I heard: "{"performative": "query", "sender": "spotrobot1", "receiver": "nurse_disinfected1", "content": "Ready|a_authenticate_nurse"}"
[uvdrobot-4] [INFO] [1748520679.297008503] [uvdrobot]: I heard: "{"performative": "query", "sender": "spotrobot1", "receiver": "nurse_disinfected1", "content": "Ready|a_authenticate_nurse"}"
[spotrobot-5] [INFO] [1748520679.297290312] [spotrobot]: And it is not for me
[uvdrobot-4] [INFO] [1748520679.297435307] [uvdrobot]: And it is not for me
[nurse_disinfect-3] [INFO] [1748520680.281258790] [nurse_disinfect]: I heard: "{"performative": "request", "sender": "Coordinator", "receiver": "uvdrobot1", "content": "Plan|a_authorize_disinfect,uvdrobot1,spotrobot1/a_navto,uvdrobot1,room1/a_disinfect_room,uvdrobot1,room1"}"
[nurse_disinfect-3] [INFO] [1748520680.281624124] [nurse_disinfect]: And it is not for me
[nurse_disinfect-3] [INFO] [1748520680.282083177] [nurse_disinfect]: I heard: "{"performative": "query", "sender": "uvdrobot1", "receiver": "spotrobot1", "content": "Ready|a_authorize_disinfect"}"
[nurse_disinfect-3] [INFO] [1748520680.282419389] [nurse_disinfect]: And it is not for me
[nurse_disinfect-3] [INFO] [1748520680.283057112] [nurse_disinfect]: I heard: "{"performative": "request", "sender": "Coordinator", "receiver": "spotrobot1", "content": "Plan|a_navto,spotrobot1,room1/a_open_door,spotrobot1,room1/a_approach_nurse,spotrobot1,nurse_disinfected1/a_authenticate_nurse,spotrobot1,nurse_disinfected1/a_authorize_patrol,spotrobot1,nurse_disinfected1/a_patrol_room,spotrobot1,room1/a_authorize_disinfect,uvdrobot1,spotrobot1"}"
[nurse_disinfect-3] [INFO] [1748520680.283420635] [nurse_disinfect]: And it is not for me
[nurse_disinfect-3] [INFO] [1748520680.283799882] [nurse_disinfect]: I heard: "{"performative": "query", "sender": "spotrobot1", "receiver": "nurse_disinfected1", "content": "Ready|a_authenticate_nurse"}"
[nurse_disinfect-3] [INFO] [1748520680.284129059] [nurse_disinfect]: And it is for me
[nurse_disinfect-3] [INFO] [1748520680.284450320] [nurse_disinfect]: No there yet
[nurse_disinfect-3] [INFO] [1748520680.285086400] [nurse_disinfect]: I heard: "{"performative": "request", "sender": "Coordinator", "receiver": "nurse_disinfected1", "content": "Plan|a_approach_nurse,spotrobot1,nurse_disinfected1/a_authenticate_nurse,spotrobot1,nurse_disinfected1/a_authorize_patrol,spotrobot1,nurse_disinfected1"}"
[nurse_disinfect-3] [INFO] [1748520680.285527473] [nurse_disinfect]: And it is for me
[nurse_disinfect-3] [INFO] [1748520680.287060462] [nurse_disinfect]: a_approach_nurse
[nurse_disinfect-3] [INFO] [1748520680.287416891] [nurse_disinfect]: a_authenticate_nurse
[nurse_disinfect-3] [INFO] [1748520680.287791388] [nurse_disinfect]: Doing a_authenticate_nurse
[nurse_disinfect-3] [INFO] [1748520680.288112758] [nurse_disinfect]: a_authenticate_nurse
[nurse_disinfect-3] [INFO] [1748520680.288428794] [nurse_disinfect]: Robot is waiting, send action message
[spotrobot-5] [INFO] [1748520680.289098519] [spotrobot]: I heard: "{"performative": "query", "sender": "nurse_disinfected1", "receiver": "spotrobot1", "content": "Done|a_authenticate_nurse"}"
[nurse_disinfect-3] [INFO] [1748520680.289159591] [nurse_disinfect]: I heard: "{"performative": "query", "sender": "nurse_disinfected1", "receiver": "spotrobot1", "content": "Done|a_authenticate_nurse"}"
[uvdrobot-4] [INFO] [1748520680.289337256] [uvdrobot]: I heard: "{"performative": "query", "sender": "nurse_disinfected1", "receiver": "spotrobot1", "content": "Done|a_authenticate_nurse"}"
[nurse_disinfect-3] [INFO] [1748520680.289456440] [nurse_disinfect]: And it is not for me
[spotrobot-5] [INFO] [1748520680.289659918] [spotrobot]: And it is for me
[uvdrobot-4] [INFO] [1748520680.289832723] [uvdrobot]: And it is not for me
[spotrobot-5] [INFO] [1748520680.290157781] [spotrobot]: Finished action
[nurse_disinfect-3] [INFO] [1748520680.290788179] [nurse_disinfect]: I heard: "{"performative": "query", "sender": "spotrobot1", "receiver": "nurse_disinfected1", "content": "Done|a_authenticate_nurse"}"
[uvdrobot-4] [INFO] [1748520680.290860261] [uvdrobot]: I heard: "{"performative": "query", "sender": "spotrobot1", "receiver": "nurse_disinfected1", "content": "Done|a_authenticate_nurse"}"
[spotrobot-5] [INFO] [1748520680.290961081] [spotrobot]: Doing a_authorize_patrol
[nurse_disinfect-3] [INFO] [1748520680.291162686] [nurse_disinfect]: And it is for me
[uvdrobot-4] [INFO] [1748520680.291362853] [uvdrobot]: And it is not for me
[nurse_disinfect-3] [INFO] [1748520680.291446869] [nurse_disinfect]: Finished action
[spotrobot-5] [INFO] [1748520680.291512615] [spotrobot]: a_authorize_patrol
[nurse_disinfect-3] [INFO] [1748520680.291885538] [nurse_disinfect]: a_authorize_patrol
[spotrobot-5] [INFO] [1748520680.292172116] [spotrobot]: Here first, waiting for nurse
[uvdrobot-4] [INFO] [1748520680.292189466] [uvdrobot]: I heard: "{"performative": "query", "sender": "nurse_disinfected1", "receiver": "spotrobot1", "content": "Done|a_authenticate_nurse"}"
[nurse_disinfect-3] [INFO] [1748520680.292460841] [nurse_disinfect]: Doing a_authorize_patrol
[uvdrobot-4] [INFO] [1748520680.292742871] [uvdrobot]: And it is not for me
[nurse_disinfect-3] [INFO] [1748520680.292978771] [nurse_disinfect]: a_authorize_patrol
[spotrobot-5] [INFO] [1748520680.293320228] [spotrobot]: I heard: "{"performative": "query", "sender": "spotrobot1", "receiver": "nurse_disinfected1", "content": "Done|a_authenticate_nurse"}"
[nurse_disinfect-3] [INFO] [1748520680.293498422] [nurse_disinfect]: Here first, waiting for robot
[uvdrobot-4] [INFO] [1748520680.293692552] [uvdrobot]: I heard: "{"performative": "query", "sender": "spotrobot1", "receiver": "nurse_disinfected1", "content": "Ready|a_authorize_patrol"}"
[spotrobot-5] [INFO] [1748520680.293810214] [spotrobot]: And it is not for me
[uvdrobot-4] [INFO] [1748520680.294190177] [uvdrobot]: And it is not for me
[nurse_disinfect-3] [INFO] [1748520680.294671797] [nurse_disinfect]: I heard: "{"performative": "query", "sender": "nurse_disinfected1", "receiver": "spotrobot1", "content": "Done|a_authenticate_nurse"}"
[spotrobot-5] [INFO] [1748520680.294745468] [spotrobot]: I heard: "{"performative": "query", "sender": "nurse_disinfected1", "receiver": "spotrobot1", "content": "Done|a_authenticate_nurse"}"
[uvdrobot-4] [INFO] [1748520680.295176461] [uvdrobot]: I heard: "{"performative": "query", "sender": "nurse_disinfected1", "receiver": "spotrobot1", "content": "Ready|a_authorize_patrol"}"
[nurse_disinfect-3] [INFO] [1748520680.295204827] [nurse_disinfect]: And it is not for me
[spotrobot-5] [INFO] [1748520680.295240609] [spotrobot]: And it is for me
[spotrobot-5] [INFO] [1748520680.295710734] [spotrobot]: Already finished action
[uvdrobot-4] [INFO] [1748520680.295715279] [uvdrobot]: And it is not for me
[nurse_disinfect-3] [INFO] [1748520680.296202698] [nurse_disinfect]: I heard: "{"performative": "query", "sender": "spotrobot1", "receiver": "nurse_disinfected1", "content": "Ready|a_authorize_patrol"}"
[spotrobot-5] [INFO] [1748520680.296637656] [spotrobot]: I heard: "{"performative": "query", "sender": "spotrobot1", "receiver": "nurse_disinfected1", "content": "Ready|a_authorize_patrol"}"
[nurse_disinfect-3] [INFO] [1748520680.296725585] [nurse_disinfect]: And it is for me
[spotrobot-5] [INFO] [1748520680.297202985] [spotrobot]: And it is not for me
[nurse_disinfect-3] [INFO] [1748520680.297291062] [nurse_disinfect]: Ready to act
[uvdrobot-4] [INFO] [1748520680.298031877] [uvdrobot]: I heard: "{"performative": "query", "sender": "nurse_disinfected1", "receiver": "spotrobot1", "content": "Done|a_authorize_patrol"}"
[spotrobot-5] [INFO] [1748520680.298031884] [spotrobot]: I heard: "{"performative": "query", "sender": "nurse_disinfected1", "receiver": "spotrobot1", "content": "Ready|a_authorize_patrol"}"
[nurse_disinfect-3] [INFO] [1748520680.298192603] [nurse_disinfect]: I heard: "{"performative": "query", "sender": "nurse_disinfected1", "receiver": "spotrobot1", "content": "Ready|a_authorize_patrol"}"
[nurse_disinfect-3] [INFO] [1748520680.298500515] [nurse_disinfect]: And it is not for me
[spotrobot-5] [INFO] [1748520680.298545866] [spotrobot]: And it is for me
[uvdrobot-4] [INFO] [1748520680.298554428] [uvdrobot]: And it is not for me
[nurse_disinfect-3] [INFO] [1748520680.299030339] [nurse_disinfect]: I heard: "{"performative": "query", "sender": "nurse_disinfected1", "receiver": "spotrobot1", "content": "Done|a_authorize_patrol"}"
[spotrobot-5] [INFO] [1748520680.299117537] [spotrobot]: Ready to act
[nurse_disinfect-3] [INFO] [1748520680.299431692] [nurse_disinfect]: And it is not for me
[uvdrobot-4] [INFO] [1748520680.299920919] [uvdrobot]: I heard: "{"performative": "query", "sender": "spotrobot1", "receiver": "nurse_disinfected1", "content": "Done|a_authorize_patrol"}"
[nurse_disinfect-3] [INFO] [1748520680.300018463] [nurse_disinfect]: I heard: "{"performative": "query", "sender": "spotrobot1", "receiver": "nurse_disinfected1", "content": "Done|a_authorize_patrol"}"
[spotrobot-5] [INFO] [1748520680.300113518] [spotrobot]: I heard: "{"performative": "query", "sender": "nurse_disinfected1", "receiver": "spotrobot1", "content": "Done|a_authorize_patrol"}"
[nurse_disinfect-3] [INFO] [1748520680.300299420] [nurse_disinfect]: And it is for me
[uvdrobot-4] [INFO] [1748520680.300393905] [uvdrobot]: And it is not for me
[nurse_disinfect-3] [INFO] [1748520680.300561735] [nurse_disinfect]: Finished action
[spotrobot-5] [INFO] [1748520680.300589907] [spotrobot]: And it is for me
[spotrobot-5] [INFO] [1748520680.301109163] [spotrobot]: Finished action
[nurse_disinfect-3] [INFO] [1748520680.301282439] [nurse_disinfect]: I heard: "{"performative": "query", "sender": "nurse_disinfected1", "receiver": "spotrobot1", "content": "Done|a_authorize_patrol"}"
[uvdrobot-4] [INFO] [1748520680.301333077] [uvdrobot]: I heard: "{"performative": "query", "sender": "nurse_disinfected1", "receiver": "spotrobot1", "content": "Done|a_authorize_patrol"}"
[nurse_disinfect-3] [INFO] [1748520680.301719653] [nurse_disinfect]: And it is not for me
[spotrobot-5] [INFO] [1748520680.301765103] [spotrobot]: Doing a_patrol_room
[uvdrobot-4] [INFO] [1748520680.301875656] [uvdrobot]: And it is not for me
[nurse_disinfect-3] [INFO] [1748520680.302384765] [nurse_disinfect]: I heard: "{"performative": "query", "sender": "spotrobot1", "receiver": "nurse_disinfected1", "content": "Done|a_authorize_patrol"}"
[spotrobot-5] [INFO] [1748520680.302405140] [spotrobot]: Wating for response
[nurse_disinfect-3] [INFO] [1748520680.302678497] [nurse_disinfect]: And it is for me
[uvdrobot-4] [INFO] [1748520680.302799155] [uvdrobot]: I heard: "{"performative": "query", "sender": "spotrobot1", "receiver": "nurse_disinfected1", "content": "Done|a_authorize_patrol"}"
[nurse_disinfect-3] [INFO] [1748520680.302942078] [nurse_disinfect]: Already finished action
[spotrobot-5] [INFO] [1748520680.303256720] [spotrobot]: I heard: "{"performative": "query", "sender": "spotrobot1", "receiver": "nurse_disinfected1", "content": "Done|a_authorize_patrol"}"
[uvdrobot-4] [INFO] [1748520680.303421450] [uvdrobot]: And it is not for me
[spotrobot-5] [INFO] [1748520680.303780448] [spotrobot]: And it is not for me
[spotrobot-5] [INFO] [1748520680.304732871] [spotrobot]: I heard: "{"performative": "query", "sender": "nurse_disinfected1", "receiver": "spotrobot1", "content": "Done|a_authorize_patrol"}"
[spotrobot-5] [INFO] [1748520680.305284504] [spotrobot]: And it is for me
[spotrobot-5] [INFO] [1748520680.305693932] [spotrobot]: Already finished action
[spotrobot-5] [INFO] [1748520680.306279387] [spotrobot]: I heard: "{"performative": "query", "sender": "spotrobot1", "receiver": "nurse_disinfected1", "content": "Done|a_authorize_patrol"}"
[spotrobot-5] [INFO] [1748520680.306636508] [spotrobot]: And it is not for me
[spotrobot-5] [INFO] [1748520680.307809784] [spotrobot]: success
[spotrobot-5] [INFO] [1748520680.308425944] [spotrobot]: Doing a_authorize_disinfect
[spotrobot-5] [INFO] [1748520680.308909804] [spotrobot]: a_authorize_disinfect
[spotrobot-5] [INFO] [1748520680.309242306] [spotrobot]: Here first, waiting for spotrobot
[spotrobot-5] [INFO] [1748520680.310265084] [spotrobot]: I heard: "{"performative": "query", "sender": "spotrobot1", "receiver": "uvdrobot1", "content": "Ready|a_authorize_disinfect"}"
[nurse_disinfect-3] [INFO] [1748520680.310318143] [nurse_disinfect]: I heard: "{"performative": "query", "sender": "spotrobot1", "receiver": "uvdrobot1", "content": "Ready|a_authorize_disinfect"}"
[uvdrobot-4] [INFO] [1748520680.310450691] [uvdrobot]: I heard: "{"performative": "query", "sender": "spotrobot1", "receiver": "uvdrobot1", "content": "Ready|a_authorize_disinfect"}"
[nurse_disinfect-3] [INFO] [1748520680.310803893] [nurse_disinfect]: And it is not for me
[spotrobot-5] [INFO] [1748520680.310813492] [spotrobot]: And it is not for me
[uvdrobot-4] [INFO] [1748520680.311067841] [uvdrobot]: And it is for me
[uvdrobot-4] [INFO] [1748520680.311651426] [uvdrobot]: Ready to act
[spotrobot-5] [INFO] [1748520680.312358385] [spotrobot]: I heard: "{"performative": "query", "sender": "uvdrobot1", "receiver": "spotrobot1", "content": "Done|a_authorize_disinfect"}"
[nurse_disinfect-3] [INFO] [1748520680.312469796] [nurse_disinfect]: I heard: "{"performative": "query", "sender": "uvdrobot1", "receiver": "spotrobot1", "content": "Done|a_authorize_disinfect"}"
[spotrobot-5] [INFO] [1748520680.312709579] [spotrobot]: And it is for me
[nurse_disinfect-3] [INFO] [1748520680.312909652] [nurse_disinfect]: And it is not for me
[uvdrobot-4] [INFO] [1748520680.312989933] [uvdrobot]: I heard: "{"performative": "query", "sender": "uvdrobot1", "receiver": "spotrobot1", "content": "Done|a_authorize_disinfect"}"
[spotrobot-5] [INFO] [1748520680.313034551] [spotrobot]: Finished action
[uvdrobot-4] [INFO] [1748520680.313568046] [uvdrobot]: And it is not for me
[spotrobot-5] [INFO] [1748520680.313722838] [spotrobot]: I heard: "{"performative": "query", "sender": "spotrobot1", "receiver": "uvdrobot1", "content": "Done|a_authorize_disinfect"}"
[nurse_disinfect-3] [INFO] [1748520680.313788305] [nurse_disinfect]: I heard: "{"performative": "query", "sender": "spotrobot1", "receiver": "uvdrobot1", "content": "Done|a_authorize_disinfect"}"
[spotrobot-5] [INFO] [1748520680.314010197] [spotrobot]: And it is not for me
[nurse_disinfect-3] [INFO] [1748520680.314190232] [nurse_disinfect]: And it is not for me
[uvdrobot-4] [INFO] [1748520680.314523961] [uvdrobot]: I heard: "{"performative": "query", "sender": "spotrobot1", "receiver": "uvdrobot1", "content": "Done|a_authorize_disinfect"}"
[uvdrobot-4] [INFO] [1748520680.315105785] [uvdrobot]: And it is for me
[uvdrobot-4] [INFO] [1748520680.315685936] [uvdrobot]: Finished action
[nurse_disinfect-3] [INFO] [1748520680.316348242] [nurse_disinfect]: I heard: "{"performative": "query", "sender": "uvdrobot1", "receiver": "spotrobot1", "content": "Done|a_authorize_disinfect"}"
[spotrobot-5] [INFO] [1748520680.316414754] [spotrobot]: I heard: "{"performative": "query", "sender": "uvdrobot1", "receiver": "spotrobot1", "content": "Done|a_authorize_disinfect"}"
[uvdrobot-4] [INFO] [1748520680.316444114] [uvdrobot]: Doing a_navto
[nurse_disinfect-3] [INFO] [1748520680.316743331] [nurse_disinfect]: And it is not for me
[spotrobot-5] [INFO] [1748520680.316971612] [spotrobot]: And it is for me
[uvdrobot-4] [INFO] [1748520680.317100935] [uvdrobot]: Waiting for response
[spotrobot-5] [INFO] [1748520680.317278287] [spotrobot]: Already finished action
[uvdrobot-4] [INFO] [1748520680.317973977] [uvdrobot]: I heard: "{"performative": "query", "sender": "uvdrobot1", "receiver": "spotrobot1", "content": "Done|a_authorize_disinfect"}"
[uvdrobot-4] [INFO] [1748520680.318576591] [uvdrobot]: And it is not for me
[uvdrobot-4] [INFO] [1748520680.320431940] [uvdrobot]: success
[uvdrobot-4] [INFO] [1748520680.321127787] [uvdrobot]: Doing a_disinfect_room
[uvdrobot-4] [INFO] [1748520680.321831521] [uvdrobot]: Waiting for response
[uvdrobot-4] [INFO] [1748520680.323669840] [uvdrobot]: success
[spotrobot-5] [INFO] [1748520680.326456111] [spotrobot]: Recebido sinal de desligamento do coordenador, finalizando...
[disinfect_planner-2] [INFO] [1748520680.326607714] [disinfect_planner]: Recebido sinal de desligamento do coordenador, finalizando...
[uvdrobot-4] [INFO] [1748520680.326695696] [uvdrobot]: Recebido sinal de desligamento do coordenador, finalizando...
[nurse_disinfect-3] [INFO] [1748520680.326760102] [nurse_disinfect]: Recebido sinal de desligamento do coordenador, finalizando...
[disinfect_environment-1] [INFO] [1748520680.326773107] [disinfect_environment]: Recebido sinal de desligamento do coordenador, finalizando...
[spotrobot-5] [INFO] [1748520680.327000363] [Quitting]: Done
[disinfect_planner-2] [INFO] [1748520680.327172320] [Quitting]: Done
[uvdrobot-4] [INFO] [1748520680.327314063] [Quitting]: Done
[nurse_disinfect-3] [INFO] [1748520680.327353285] [Quitting]: Done
[disinfect_environment-1] [INFO] [1748520680.327407633] [Quitting]: Done
[INFO] [disinfect_environment-1]: process has finished cleanly [pid 11238]
[INFO] [nurse_disinfect-3]: process has finished cleanly [pid 11242]
[INFO] [spotrobot-5]: process has finished cleanly [pid 11246]
[INFO] [uvdrobot-4]: process has finished cleanly [pid 11244]
