[INFO] [launch]: All log files can be found below /home/rafael/.ros/log/2025-05-30-12-59-05-404753-NotebookRafael-28917
[INFO] [launch]: Default logging verbosity is set to INFO
[INFO] [disinfect_environment-1]: process started with pid [28920]
[INFO] [disinfect_planner-2]: process started with pid [28922]
[INFO] [nurse_disinfect-3]: process started with pid [28924]
[INFO] [uvdrobot-4]: process started with pid [28926]
[INFO] [spotrobot-5]: process started with pid [28928]
[disinfect_environment-1] [INFO] [1748620747.572234598] [disinfect_environment]: Starting Environment server
[disinfect_environment-1] [INFO] [1748620747.576177752] [disinfect_environment]: Environment server started
[disinfect_planner-2] [INFO] [1748620748.085743874] [disinfect_planner]: Starting Planner server
[disinfect_planner-2] [INFO] [1748620748.089685430] [disinfect_planner]: Planner server started
[disinfect_planner-2] [INFO] [1748620748.310835408] [disinfect_planner]: Creating plan for: spotrobot1 uvdrobot1 nurse_disinfected1
[disinfect_planner-2] [INFO] [1748620748.312370959] [disinfect_planner]: a_navto,spotrobot1,room1
[disinfect_planner-2] [INFO] [1748620748.312682670] [disinfect_planner]: a_open_door,spotrobot1,room1
[disinfect_planner-2] [INFO] [1748620748.312935623] [disinfect_planner]: a_approach_nurse,spotrobot1,nurse_disinfected1
[disinfect_planner-2] [INFO] [1748620748.313273402] [disinfect_planner]: a_authenticate_nurse,spotrobot1,nurse_disinfected1
[disinfect_planner-2] [INFO] [1748620748.313569544] [disinfect_planner]: a_authorize_patrol,spotrobot1,nurse_disinfected1
[disinfect_planner-2] [INFO] [1748620748.313862650] [disinfect_planner]: a_patrol_room,spotrobot1,room1
[disinfect_planner-2] [INFO] [1748620748.314156862] [disinfect_planner]: a_authorize_disinfect,uvdrobot1,spotrobot1
[disinfect_planner-2] [INFO] [1748620748.314448247] [disinfect_planner]: a_navto,uvdrobot1,room1
[nurse_disinfect-3] [INFO] [1748620748.314755977] [nurse_disinfect]: response.response nurse_disinfected1
[disinfect_planner-2] [INFO] [1748620748.314768745] [disinfect_planner]: a_disinfect_room,uvdrobot1,room1
[disinfect_planner-2] [INFO] [1748620748.315069559] [disinfect_planner]: Sending response
[nurse_disinfect-3] [INFO] [1748620748.315116069] [nurse_disinfect]: My name is nurse_disinfected1
[spotrobot-5] [INFO] [1748620748.316866649] [spotrobot]: response.response spotrobot1
[spotrobot-5] [INFO] [1748620748.317364374] [spotrobot]: My name is spotrobot1
[uvdrobot-4] [INFO] [1748620748.317808888] [uvdrobot]: response.response uvdrobot1
[spotrobot-5] [INFO] [1748620748.318131057] [spotrobot]: I heard: "{"performative": "request", "sender": "Coordinator", "receiver": "uvdrobot1", "content": "Plan|a_authorize_disinfect,uvdrobot1,spotrobot1/a_navto,uvdrobot1,room1/a_disinfect_room,uvdrobot1,room1"}"
[uvdrobot-4] [INFO] [1748620748.318167816] [uvdrobot]: My name is uvdrobot1
[spotrobot-5] [INFO] [1748620748.318453012] [spotrobot]: And it is not for me
[uvdrobot-4] [INFO] [1748620748.318804310] [uvdrobot]: I heard: "{"performative": "request", "sender": "Coordinator", "receiver": "uvdrobot1", "content": "Plan|a_authorize_disinfect,uvdrobot1,spotrobot1/a_navto,uvdrobot1,room1/a_disinfect_room,uvdrobot1,room1"}"
[spotrobot-5] [INFO] [1748620748.319000802] [spotrobot]: I heard: "{"performative": "request", "sender": "Coordinator", "receiver": "spotrobot1", "content": "Plan|a_navto,spotrobot1,room1/a_open_door,spotrobot1,room1/a_approach_nurse,spotrobot1,nurse_disinfected1/a_authenticate_nurse,spotrobot1,nurse_disinfected1/a_authorize_patrol,spotrobot1,nurse_disinfected1/a_patrol_room,spotrobot1,room1/a_authorize_disinfect,uvdrobot1,spotrobot1"}"
[uvdrobot-4] [INFO] [1748620748.319131098] [uvdrobot]: And it is for me
[spotrobot-5] [INFO] [1748620748.319319654] [spotrobot]: And it is for me
[uvdrobot-4] [INFO] [1748620748.319499306] [uvdrobot]: Doing a_authorize_disinfect
[spotrobot-5] [INFO] [1748620748.319743015] [spotrobot]: Doing a_navto
[uvdrobot-4] [INFO] [1748620748.319754520] [uvdrobot]: a_authorize_disinfect
[uvdrobot-4] [INFO] [1748620748.319997655] [uvdrobot]: Here first, waiting for spotrobot
[spotrobot-5] [INFO] [1748620748.320168874] [spotrobot]: Wating for response
[spotrobot-5] [INFO] [1748620748.320626844] [spotrobot]: I heard: "{"performative": "request", "sender": "Coordinator", "receiver": "nurse_disinfected1", "content": "Plan|a_approach_nurse,spotrobot1,nurse_disinfected1/a_authenticate_nurse,spotrobot1,nurse_disinfected1/a_authorize_patrol,spotrobot1,nurse_disinfected1"}"
[spotrobot-5] [INFO] [1748620748.320933475] [spotrobot]: And it is not for me
[uvdrobot-4] [INFO] [1748620748.320953795] [uvdrobot]: I heard: "{"performative": "request", "sender": "Coordinator", "receiver": "spotrobot1", "content": "Plan|a_navto,spotrobot1,room1/a_open_door,spotrobot1,room1/a_approach_nurse,spotrobot1,nurse_disinfected1/a_authenticate_nurse,spotrobot1,nurse_disinfected1/a_authorize_patrol,spotrobot1,nurse_disinfected1/a_patrol_room,spotrobot1,room1/a_authorize_disinfect,uvdrobot1,spotrobot1"}"
[spotrobot-5] [INFO] [1748620748.321327354] [spotrobot]: I heard: "{"performative": "query", "sender": "uvdrobot1", "receiver": "spotrobot1", "content": "Ready|a_authorize_disinfect"}"
[uvdrobot-4] [INFO] [1748620748.321469927] [uvdrobot]: And it is not for me
[spotrobot-5] [INFO] [1748620748.321630183] [spotrobot]: And it is for me
[spotrobot-5] [INFO] [1748620748.321876761] [spotrobot]: No there yet
[uvdrobot-4] [INFO] [1748620748.321900089] [uvdrobot]: I heard: "{"performative": "query", "sender": "uvdrobot1", "receiver": "spotrobot1", "content": "Ready|a_authorize_disinfect"}"
[uvdrobot-4] [INFO] [1748620748.322532300] [uvdrobot]: And it is not for me
[spotrobot-5] [INFO] [1748620748.322767523] [spotrobot]: success
[uvdrobot-4] [INFO] [1748620748.323118502] [uvdrobot]: I heard: "{"performative": "request", "sender": "Coordinator", "receiver": "nurse_disinfected1", "content": "Plan|a_approach_nurse,spotrobot1,nurse_disinfected1/a_authenticate_nurse,spotrobot1,nurse_disinfected1/a_authorize_patrol,spotrobot1,nurse_disinfected1"}"
[spotrobot-5] [INFO] [1748620748.323124768] [spotrobot]: Doing a_open_door
[spotrobot-5] [INFO] [1748620748.323512025] [spotrobot]: Wating for response
[uvdrobot-4] [INFO] [1748620748.323699898] [uvdrobot]: And it is not for me
[spotrobot-5] [INFO] [1748620748.324404159] [spotrobot]: success
[spotrobot-5] [INFO] [1748620748.324891224] [spotrobot]: Doing a_approach_nurse
[spotrobot-5] [INFO] [1748620748.325297834] [spotrobot]: Wating for response
[spotrobot-5] [INFO] [1748620748.325992583] [spotrobot]: success
[spotrobot-5] [INFO] [1748620748.326339991] [spotrobot]: Doing a_authenticate_nurse
[spotrobot-5] [INFO] [1748620748.326669844] [spotrobot]: a_authenticate_nurse
[spotrobot-5] [INFO] [1748620748.327003073] [spotrobot]: Here first, waiting for nurse
[spotrobot-5] [INFO] [1748620748.327723267] [spotrobot]: I heard: "{"performative": "query", "sender": "spotrobot1", "receiver": "nurse_disinfected1", "content": "Ready|a_authenticate_nurse"}"
[uvdrobot-4] [INFO] [1748620748.327941350] [uvdrobot]: I heard: "{"performative": "query", "sender": "spotrobot1", "receiver": "nurse_disinfected1", "content": "Ready|a_authenticate_nurse"}"
[spotrobot-5] [INFO] [1748620748.328034580] [spotrobot]: And it is not for me
[uvdrobot-4] [INFO] [1748620748.328325600] [uvdrobot]: And it is not for me
[nurse_disinfect-3] [INFO] [1748620749.317159454] [nurse_disinfect]: I heard: "{"performative": "request", "sender": "Coordinator", "receiver": "uvdrobot1", "content": "Plan|a_authorize_disinfect,uvdrobot1,spotrobot1/a_navto,uvdrobot1,room1/a_disinfect_room,uvdrobot1,room1"}"
[nurse_disinfect-3] [INFO] [1748620749.317523424] [nurse_disinfect]: And it is not for me
[nurse_disinfect-3] [INFO] [1748620749.317996330] [nurse_disinfect]: I heard: "{"performative": "query", "sender": "uvdrobot1", "receiver": "spotrobot1", "content": "Ready|a_authorize_disinfect"}"
[nurse_disinfect-3] [INFO] [1748620749.318277735] [nurse_disinfect]: And it is not for me
[nurse_disinfect-3] [INFO] [1748620749.318808462] [nurse_disinfect]: I heard: "{"performative": "request", "sender": "Coordinator", "receiver": "spotrobot1", "content": "Plan|a_navto,spotrobot1,room1/a_open_door,spotrobot1,room1/a_approach_nurse,spotrobot1,nurse_disinfected1/a_authenticate_nurse,spotrobot1,nurse_disinfected1/a_authorize_patrol,spotrobot1,nurse_disinfected1/a_patrol_room,spotrobot1,room1/a_authorize_disinfect,uvdrobot1,spotrobot1"}"
[nurse_disinfect-3] [INFO] [1748620749.319150535] [nurse_disinfect]: And it is not for me
[nurse_disinfect-3] [INFO] [1748620749.319534851] [nurse_disinfect]: I heard: "{"performative": "query", "sender": "spotrobot1", "receiver": "nurse_disinfected1", "content": "Ready|a_authenticate_nurse"}"
[nurse_disinfect-3] [INFO] [1748620749.319846231] [nurse_disinfect]: And it is for me
[nurse_disinfect-3] [INFO] [1748620749.320148171] [nurse_disinfect]: No there yet
[nurse_disinfect-3] [INFO] [1748620749.320703178] [nurse_disinfect]: I heard: "{"performative": "request", "sender": "Coordinator", "receiver": "nurse_disinfected1", "content": "Plan|a_approach_nurse,spotrobot1,nurse_disinfected1/a_authenticate_nurse,spotrobot1,nurse_disinfected1/a_authorize_patrol,spotrobot1,nurse_disinfected1"}"
[nurse_disinfect-3] [INFO] [1748620749.321037930] [nurse_disinfect]: And it is for me
[nurse_disinfect-3] [INFO] [1748620749.322391468] [nurse_disinfect]: a_approach_nurse
[nurse_disinfect-3] [INFO] [1748620749.322777117] [nurse_disinfect]: a_authenticate_nurse
[nurse_disinfect-3] [INFO] [1748620749.323267966] [nurse_disinfect]: Doing a_authenticate_nurse
[nurse_disinfect-3] [INFO] [1748620749.323810450] [nurse_disinfect]: a_authenticate_nurse
[nurse_disinfect-3] [INFO] [1748620749.324355535] [nurse_disinfect]: Robot is waiting, send action message
[uvdrobot-4] [INFO] [1748620749.325074240] [uvdrobot]: I heard: "{"performative": "query", "sender": "nurse_disinfected1", "receiver": "spotrobot1", "content": "Done|a_authenticate_nurse"}"
[spotrobot-5] [INFO] [1748620749.325108061] [spotrobot]: I heard: "{"performative": "query", "sender": "nurse_disinfected1", "receiver": "spotrobot1", "content": "Done|a_authenticate_nurse"}"
[nurse_disinfect-3] [INFO] [1748620749.325344752] [nurse_disinfect]: I heard: "{"performative": "query", "sender": "nurse_disinfected1", "receiver": "spotrobot1", "content": "Done|a_authenticate_nurse"}"
[spotrobot-5] [INFO] [1748620749.325506168] [spotrobot]: And it is for me
[uvdrobot-4] [INFO] [1748620749.325623851] [uvdrobot]: And it is not for me
[nurse_disinfect-3] [INFO] [1748620749.325897646] [nurse_disinfect]: And it is not for me
[spotrobot-5] [INFO] [1748620749.325957205] [spotrobot]: Finished action
[spotrobot-5] [INFO] [1748620749.326709908] [spotrobot]: Doing a_authorize_patrol
[uvdrobot-4] [INFO] [1748620749.326777763] [uvdrobot]: I heard: "{"performative": "query", "sender": "spotrobot1", "receiver": "nurse_disinfected1", "content": "Done|a_authenticate_nurse"}"
[nurse_disinfect-3] [INFO] [1748620749.327059711] [nurse_disinfect]: I heard: "{"performative": "query", "sender": "spotrobot1", "receiver": "nurse_disinfected1", "content": "Done|a_authenticate_nurse"}"
[spotrobot-5] [INFO] [1748620749.327225898] [spotrobot]: a_authorize_patrol
[uvdrobot-4] [INFO] [1748620749.327266162] [uvdrobot]: And it is not for me
[nurse_disinfect-3] [INFO] [1748620749.327572580] [nurse_disinfect]: And it is for me
[spotrobot-5] [INFO] [1748620749.327721571] [spotrobot]: Here first, waiting for nurse
[nurse_disinfect-3] [INFO] [1748620749.328094141] [nurse_disinfect]: Finished action
[uvdrobot-4] [INFO] [1748620749.328434620] [uvdrobot]: I heard: "{"performative": "query", "sender": "spotrobot1", "receiver": "nurse_disinfected1", "content": "Ready|a_authorize_patrol"}"
[uvdrobot-4] [INFO] [1748620749.328771689] [uvdrobot]: And it is not for me
[nurse_disinfect-3] [INFO] [1748620749.328779054] [nurse_disinfect]: a_authorize_patrol
[spotrobot-5] [INFO] [1748620749.328906678] [spotrobot]: I heard: "{"performative": "query", "sender": "spotrobot1", "receiver": "nurse_disinfected1", "content": "Done|a_authenticate_nurse"}"
[nurse_disinfect-3] [INFO] [1748620749.329234102] [nurse_disinfect]: Doing a_authorize_patrol
[spotrobot-5] [INFO] [1748620749.329370475] [spotrobot]: And it is not for me
[uvdrobot-4] [INFO] [1748620749.329411058] [uvdrobot]: I heard: "{"performative": "query", "sender": "nurse_disinfected1", "receiver": "spotrobot1", "content": "Done|a_authenticate_nurse"}"
[nurse_disinfect-3] [INFO] [1748620749.329645507] [nurse_disinfect]: a_authorize_patrol
[uvdrobot-4] [INFO] [1748620749.329689418] [uvdrobot]: And it is not for me
[spotrobot-5] [INFO] [1748620749.329943993] [spotrobot]: I heard: "{"performative": "query", "sender": "spotrobot1", "receiver": "nurse_disinfected1", "content": "Ready|a_authorize_patrol"}"
[nurse_disinfect-3] [INFO] [1748620749.330109777] [nurse_disinfect]: Here first, waiting for robot
[spotrobot-5] [INFO] [1748620749.330219004] [spotrobot]: And it is not for me
[uvdrobot-4] [INFO] [1748620749.330680338] [uvdrobot]: I heard: "{"performative": "query", "sender": "nurse_disinfected1", "receiver": "spotrobot1", "content": "Ready|a_authorize_patrol"}"
[spotrobot-5] [INFO] [1748620749.330716049] [spotrobot]: I heard: "{"performative": "query", "sender": "nurse_disinfected1", "receiver": "spotrobot1", "content": "Done|a_authenticate_nurse"}"
[uvdrobot-4] [INFO] [1748620749.330955813] [uvdrobot]: And it is not for me
[nurse_disinfect-3] [INFO] [1748620749.330953586] [nurse_disinfect]: I heard: "{"performative": "query", "sender": "spotrobot1", "receiver": "nurse_disinfected1", "content": "Ready|a_authorize_patrol"}"
[spotrobot-5] [INFO] [1748620749.330989565] [spotrobot]: And it is for me
[spotrobot-5] [INFO] [1748620749.331245300] [spotrobot]: Already finished action
[nurse_disinfect-3] [INFO] [1748620749.331462794] [nurse_disinfect]: And it is for me
[nurse_disinfect-3] [INFO] [1748620749.331763788] [nurse_disinfect]: Ready to act
[spotrobot-5] [INFO] [1748620749.331790536] [spotrobot]: I heard: "{"performative": "query", "sender": "nurse_disinfected1", "receiver": "spotrobot1", "content": "Ready|a_authorize_patrol"}"
[spotrobot-5] [INFO] [1748620749.332059380] [spotrobot]: And it is for me
[spotrobot-5] [INFO] [1748620749.332340530] [spotrobot]: Ready to act
[uvdrobot-4] [INFO] [1748620749.332477461] [uvdrobot]: I heard: "{"performative": "query", "sender": "nurse_disinfected1", "receiver": "spotrobot1", "content": "Done|a_authorize_patrol"}"
[nurse_disinfect-3] [INFO] [1748620749.332735848] [nurse_disinfect]: I heard: "{"performative": "query", "sender": "nurse_disinfected1", "receiver": "spotrobot1", "content": "Done|a_authenticate_nurse"}"
[uvdrobot-4] [INFO] [1748620749.332789683] [uvdrobot]: And it is not for me
[spotrobot-5] [INFO] [1748620749.333004000] [spotrobot]: I heard: "{"performative": "query", "sender": "nurse_disinfected1", "receiver": "spotrobot1", "content": "Done|a_authorize_patrol"}"
[nurse_disinfect-3] [INFO] [1748620749.333042139] [nurse_disinfect]: And it is not for me
[spotrobot-5] [INFO] [1748620749.333302431] [spotrobot]: And it is for me
[spotrobot-5] [INFO] [1748620749.333578681] [spotrobot]: Finished action
[uvdrobot-4] [INFO] [1748620749.333582964] [uvdrobot]: I heard: "{"performative": "query", "sender": "spotrobot1", "receiver": "nurse_disinfected1", "content": "Done|a_authorize_patrol"}"
[nurse_disinfect-3] [INFO] [1748620749.333623091] [nurse_disinfect]: I heard: "{"performative": "query", "sender": "nurse_disinfected1", "receiver": "spotrobot1", "content": "Ready|a_authorize_patrol"}"
[nurse_disinfect-3] [INFO] [1748620749.333903040] [nurse_disinfect]: And it is not for me
[uvdrobot-4] [INFO] [1748620749.333939111] [uvdrobot]: And it is not for me
[spotrobot-5] [INFO] [1748620749.334018718] [spotrobot]: Doing a_patrol_room
[nurse_disinfect-3] [INFO] [1748620749.334410271] [nurse_disinfect]: I heard: "{"performative": "query", "sender": "nurse_disinfected1", "receiver": "spotrobot1", "content": "Done|a_authorize_patrol"}"
[spotrobot-5] [INFO] [1748620749.334487292] [spotrobot]: Wating for response
[uvdrobot-4] [INFO] [1748620749.334723151] [uvdrobot]: I heard: "{"performative": "query", "sender": "spotrobot1", "receiver": "nurse_disinfected1", "content": "Done|a_authorize_patrol"}"
[nurse_disinfect-3] [INFO] [1748620749.334748069] [nurse_disinfect]: And it is not for me
[spotrobot-5] [INFO] [1748620749.334979106] [spotrobot]: I heard: "{"performative": "query", "sender": "spotrobot1", "receiver": "nurse_disinfected1", "content": "Done|a_authorize_patrol"}"
[uvdrobot-4] [INFO] [1748620749.335229682] [uvdrobot]: And it is not for me
[spotrobot-5] [INFO] [1748620749.335294184] [spotrobot]: And it is not for me
[nurse_disinfect-3] [INFO] [1748620749.335532412] [nurse_disinfect]: I heard: "{"performative": "query", "sender": "spotrobot1", "receiver": "nurse_disinfected1", "content": "Done|a_authorize_patrol"}"
[spotrobot-5] [INFO] [1748620749.335820730] [spotrobot]: I heard: "{"performative": "query", "sender": "spotrobot1", "receiver": "nurse_disinfected1", "content": "Done|a_authorize_patrol"}"
[nurse_disinfect-3] [INFO] [1748620749.335924048] [nurse_disinfect]: And it is for me
[spotrobot-5] [INFO] [1748620749.336173056] [spotrobot]: And it is not for me
[nurse_disinfect-3] [INFO] [1748620749.336202124] [nurse_disinfect]: Finished action
[uvdrobot-4] [INFO] [1748620749.336844850] [uvdrobot]: I heard: "{"performative": "query", "sender": "nurse_disinfected1", "receiver": "spotrobot1", "content": "Done|a_authorize_patrol"}"
[nurse_disinfect-3] [INFO] [1748620749.336886621] [nurse_disinfect]: I heard: "{"performative": "query", "sender": "spotrobot1", "receiver": "nurse_disinfected1", "content": "Done|a_authorize_patrol"}"
[spotrobot-5] [INFO] [1748620749.336933421] [spotrobot]: I heard: "{"performative": "query", "sender": "nurse_disinfected1", "receiver": "spotrobot1", "content": "Done|a_authorize_patrol"}"
[uvdrobot-4] [INFO] [1748620749.337168167] [uvdrobot]: And it is not for me
[nurse_disinfect-3] [INFO] [1748620749.337185297] [nurse_disinfect]: And it is for me
[spotrobot-5] [INFO] [1748620749.337298356] [spotrobot]: And it is for me
[nurse_disinfect-3] [INFO] [1748620749.337440805] [nurse_disinfect]: Already finished action
[spotrobot-5] [INFO] [1748620749.337639634] [spotrobot]: Already finished action
[nurse_disinfect-3] [INFO] [1748620749.337981265] [nurse_disinfect]: I heard: "{"performative": "query", "sender": "nurse_disinfected1", "receiver": "spotrobot1", "content": "Done|a_authorize_patrol"}"
[spotrobot-5] [INFO] [1748620749.338165168] [spotrobot]: success
[nurse_disinfect-3] [INFO] [1748620749.338295823] [nurse_disinfect]: And it is not for me
[spotrobot-5] [INFO] [1748620749.338476245] [spotrobot]: Doing a_authorize_disinfect
[spotrobot-5] [INFO] [1748620749.338755636] [spotrobot]: a_authorize_disinfect
[spotrobot-5] [INFO] [1748620749.339112758] [spotrobot]: Here first, waiting for spotrobot
[uvdrobot-4] [INFO] [1748620749.339681027] [uvdrobot]: I heard: "{"performative": "query", "sender": "spotrobot1", "receiver": "uvdrobot1", "content": "Ready|a_authorize_disinfect"}"
[nurse_disinfect-3] [INFO] [1748620749.339781554] [nurse_disinfect]: I heard: "{"performative": "query", "sender": "spotrobot1", "receiver": "uvdrobot1", "content": "Ready|a_authorize_disinfect"}"
[spotrobot-5] [INFO] [1748620749.339906408] [spotrobot]: I heard: "{"performative": "query", "sender": "spotrobot1", "receiver": "uvdrobot1", "content": "Ready|a_authorize_disinfect"}"
[uvdrobot-4] [INFO] [1748620749.339958034] [uvdrobot]: And it is for me
[nurse_disinfect-3] [INFO] [1748620749.340059167] [nurse_disinfect]: And it is not for me
[uvdrobot-4] [INFO] [1748620749.340255263] [uvdrobot]: Ready to act
[spotrobot-5] [INFO] [1748620749.340474014] [spotrobot]: And it is not for me
[uvdrobot-4] [INFO] [1748620749.340883916] [uvdrobot]: I heard: "{"performative": "query", "sender": "uvdrobot1", "receiver": "spotrobot1", "content": "Done|a_authorize_disinfect"}"
[nurse_disinfect-3] [INFO] [1748620749.340913030] [nurse_disinfect]: I heard: "{"performative": "query", "sender": "uvdrobot1", "receiver": "spotrobot1", "content": "Done|a_authorize_disinfect"}"
[spotrobot-5] [INFO] [1748620749.341059298] [spotrobot]: I heard: "{"performative": "query", "sender": "uvdrobot1", "receiver": "spotrobot1", "content": "Done|a_authorize_disinfect"}"
[uvdrobot-4] [INFO] [1748620749.341159665] [uvdrobot]: And it is not for me
[nurse_disinfect-3] [INFO] [1748620749.341209238] [nurse_disinfect]: And it is not for me
[spotrobot-5] [INFO] [1748620749.341332871] [spotrobot]: And it is for me
[spotrobot-5] [INFO] [1748620749.341580746] [spotrobot]: Finished action
[nurse_disinfect-3] [INFO] [1748620749.342026790] [nurse_disinfect]: I heard: "{"performative": "query", "sender": "spotrobot1", "receiver": "uvdrobot1", "content": "Done|a_authorize_disinfect"}"
[spotrobot-5] [INFO] [1748620749.342220483] [spotrobot]: I heard: "{"performative": "query", "sender": "spotrobot1", "receiver": "uvdrobot1", "content": "Done|a_authorize_disinfect"}"
[uvdrobot-4] [INFO] [1748620749.342262963] [uvdrobot]: I heard: "{"performative": "query", "sender": "spotrobot1", "receiver": "uvdrobot1", "content": "Done|a_authorize_disinfect"}"
[nurse_disinfect-3] [INFO] [1748620749.342351005] [nurse_disinfect]: And it is not for me
[spotrobot-5] [INFO] [1748620749.342486632] [spotrobot]: And it is not for me
[uvdrobot-4] [INFO] [1748620749.342546865] [uvdrobot]: And it is for me
[uvdrobot-4] [INFO] [1748620749.342889033] [uvdrobot]: Finished action
[uvdrobot-4] [INFO] [1748620749.343348280] [uvdrobot]: Doing a_navto
[spotrobot-5] [INFO] [1748620749.343395791] [spotrobot]: I heard: "{"performative": "query", "sender": "uvdrobot1", "receiver": "spotrobot1", "content": "Done|a_authorize_disinfect"}"
[nurse_disinfect-3] [INFO] [1748620749.343747391] [nurse_disinfect]: I heard: "{"performative": "query", "sender": "uvdrobot1", "receiver": "spotrobot1", "content": "Done|a_authorize_disinfect"}"
[spotrobot-5] [INFO] [1748620749.343846665] [spotrobot]: And it is for me
[uvdrobot-4] [INFO] [1748620749.343899230] [uvdrobot]: Waiting for response
[spotrobot-5] [INFO] [1748620749.344128968] [spotrobot]: Already finished action
[nurse_disinfect-3] [INFO] [1748620749.344280889] [nurse_disinfect]: And it is not for me
[uvdrobot-4] [INFO] [1748620749.344706490] [uvdrobot]: I heard: "{"performative": "query", "sender": "uvdrobot1", "receiver": "spotrobot1", "content": "Done|a_authorize_disinfect"}"
[uvdrobot-4] [INFO] [1748620749.345176956] [uvdrobot]: And it is not for me
[uvdrobot-4] [INFO] [1748620749.346040826] [uvdrobot]: success
[uvdrobot-4] [INFO] [1748620749.346371492] [uvdrobot]: Doing a_disinfect_room
[uvdrobot-4] [INFO] [1748620749.346757189] [uvdrobot]: Waiting for response
[uvdrobot-4] [INFO] [1748620749.347635182] [uvdrobot]: success
[uvdrobot-4] [INFO] [1748620749.351847053] [uvdrobot]: Recebido sinal de desligamento do coordenador, finalizando...
[spotrobot-5] [INFO] [1748620749.351852797] [spotrobot]: Recebido sinal de desligamento do coordenador, finalizando...
[nurse_disinfect-3] [INFO] [1748620749.352057428] [nurse_disinfect]: Recebido sinal de desligamento do coordenador, finalizando...
[disinfect_environment-1] [INFO] [1748620749.352105025] [disinfect_environment]: Recebido sinal de desligamento do coordenador, finalizando...
[disinfect_planner-2] [INFO] [1748620749.352153491] [disinfect_planner]: Recebido sinal de desligamento do coordenador, finalizando...
[spotrobot-5] [INFO] [1748620749.352205427] [Quitting]: Done
[uvdrobot-4] [INFO] [1748620749.352297012] [Quitting]: Done
[nurse_disinfect-3] [INFO] [1748620749.352578913] [Quitting]: Done
[disinfect_environment-1] [INFO] [1748620749.352613684] [Quitting]: Done
[disinfect_planner-2] [INFO] [1748620749.352707865] [Quitting]: Done
[INFO] [uvdrobot-4]: process has finished cleanly [pid 28926]
[INFO] [disinfect_environment-1]: process has finished cleanly [pid 28920]
[INFO] [spotrobot-5]: process has finished cleanly [pid 28928]
[INFO] [nurse_disinfect-3]: process has finished cleanly [pid 28924]
