[INFO] [launch]: All log files can be found below /home/rafael/.ros/log/2025-05-30-13-09-59-928371-NotebookRafael-39694
[INFO] [launch]: Default logging verbosity is set to INFO
[INFO] [disinfect_coordinator-1]: process started with pid [39696]
[disinfect_coordinator-1] [INFO] [1748621400.968274069] [disinfect_coordinator]: spin
[disinfect_coordinator-1] [INFO] [1748621400.969121632] [disinfect_coordinator]: Received: Performative=request, Sender=uvdrobot, Receiver=Coordinator, Content=Register
[disinfect_coordinator-1] [INFO] [1748621400.969473282] [disinfect_coordinator]: Current uvdrobots: uvdrobot1 - 1
[disinfect_coordinator-1] [INFO] [1748621400.969768758] [disinfect_coordinator]: Response: uvdrobot1
[disinfect_coordinator-1] [INFO] [1748621400.970580255] [disinfect_coordinator]: Received: Performative=request, Sender=spotrobot, Receiver=Coordinator, Content=Register
[disinfect_coordinator-1] [INFO] [1748621400.970900475] [disinfect_coordinator]: Current Spotrobots: spotrobot1 - 1
[disinfect_coordinator-1] [INFO] [1748621400.971196332] [disinfect_coordinator]: Response: spotrobot1
[disinfect_coordinator-1] [INFO] [1748621400.971997789] [disinfect_coordinator]: Received: Performative=request, Sender=nurse_disinfected, Receiver=Coordinator, Content=Register
[disinfect_coordinator-1] [INFO] [1748621400.972296229] [disinfect_coordinator]: Current nurses: nurse_disinfected1 - 1
[disinfect_coordinator-1] [INFO] [1748621400.972588410] [disinfect_coordinator]: Response: nurse_disinfected1
[disinfect_coordinator-1] [INFO] [1748621400.973459777] [disinfect_coordinator]: context: nurse_disinfected1 room1 spotrobot1 uvdrobot1
[disinfect_coordinator-1] [INFO] [1748621400.973765815] [disinfect_coordinator]: Starting mission with context: ('nurse_disinfected1', 'room1', 'spotrobot1', 'uvdrobot1')
[disinfect_coordinator-1] [INFO] [1748621400.974068292] [disinfect_coordinator]: Creating plan for: spotrobot1,uvdrobot1,nurse_disinfected1 
[disinfect_coordinator-1] [INFO] [1748621400.980304074] [disinfect_coordinator]: Plan received for: spotrobot1,uvdrobot1,nurse_disinfected1 
[disinfect_coordinator-1] [INFO] [1748621400.980626251] [disinfect_coordinator]: a_navto,spotrobot1,room1/a_open_door,spotrobot1,room1/a_approach_nurse,spotrobot1,nurse_disinfected1/a_authenticate_nurse,spotrobot1,nurse_disinfected1/a_authorize_patrol,spotrobot1,nurse_disinfected1/a_patrol_room,spotrobot1,room1/a_authorize_disinfect,uvdrobot1,spotrobot1/a_navto,uvdrobot1,room1/a_disinfect_room,uvdrobot1,room1
[disinfect_coordinator-1] [INFO] [1748621400.980897164] [disinfect_coordinator]: Sending plans
[disinfect_coordinator-1] [INFO] [1748621400.981640083] [disinfect_coordinator]: Plans sent
[disinfect_coordinator-1] [INFO] [1748621401.996931815] [disinfect_coordinator]: Received: Performative=inform, Sender=nurse_disinfected1, Receiver=Coordinator, Content=infectedRoom
[disinfect_coordinator-1] [INFO] [1748621402.013896117] [disinfect_coordinator]: Received: Performative=inform, Sender=spotrobot1, Receiver=Coordinator, Content=ERROR|dirty_room,room1
[disinfect_coordinator-1] [INFO] [1748621402.014292904] [disinfect_coordinator]: Sending reset requests...
[disinfect_coordinator-1] [INFO] [1748621402.015055826] [disinfect_coordinator]: Reset requests sent.
[disinfect_coordinator-1] [INFO] [1748621402.015797728] [disinfect_coordinator]: Error found
[disinfect_coordinator-1] [INFO] [1748621402.016151116] [disinfect_coordinator]: Ending simulation
[disinfect_coordinator-1] [INFO] [1748621402.016795679] [Quitting]: Done
[disinfect_coordinator-1] [INFO] [1748621402.017279889] [disinfect_coordinator]: stop spin
[INFO] [disinfect_coordinator-1]: process has finished cleanly [pid 39696]
