e7208ba7aa62c4811fdc13a3078f6c3b94e22d861cf17c052fb14fe2b5adf4c8
25d9570ea0f38a9ca9873c74078d283291a8d449dcdca75294b6325b899653b1
[1;32m[run] |[0m Iniciando o rosbridge_server...
[1;32m[run] |[0m Esperando pelo serviço em localhost:9090...
[1;32m[run] |[0m [INFO] [launch]: All log files can be found below /root/.ros/log/2024-11-20-11-14-15-126860-25d9570ea0f3-40
[1;32m[run] |[0m [INFO] [launch]: Default logging verbosity is set to INFO
[1;32m[run] |[0m [INFO] [rosbridge_websocket-1]: process started with pid [43]
[1;32m[run] |[0m [INFO] [rosapi_node-2]: process started with pid [45]
[1;32m[run] |[0m [rosbridge_websocket-1] [INFO] [1732101255.514895244] [rosbridge_websocket]: Rosbridge WebSocket server started on port 9090
[1;32m[run] |[0m Iniciando o Jason...
[1;32m[run] |[0m 
[1;32m[run] |[0m Welcome to Gradle 7.4!
[1;32m[run] |[0m 
[1;32m[run] |[0m Here are the highlights of this release:
[1;32m[run] |[0m  - Aggregated test and JaCoCo reports
[1;32m[run] |[0m  - Marking additional test source directories as tests in IntelliJ
[1;32m[run] |[0m  - Support for Adoptium JDKs in Java toolchains
[1;32m[run] |[0m 
[1;32m[run] |[0m For more details see https://docs.gradle.org/7.4/release-notes.html
[1;32m[run] |[0m 
[1;32m[run] |[0m Starting a Gradle Daemon (subsequent builds will be faster)
[1;32m[run] |[0m > Task :clean
[1;32m[run] |[0m 
[1;32m[run] |[0m Deprecated Gradle features were used in this build, making it incompatible with Gradle 8.0.
[1;32m[run] |[0m 
[1;32m[run] |[0m You can use '--warning-mode all' to show the individual deprecation warnings and determine if they come from your own scripts or plugins.
[1;32m[run] |[0m 
[1;32m[run] |[0m See https://docs.gradle.org/7.4/userguide/command_line_interface.html#sec:command_line_warnings
[1;32m[run] |[0m 
[1;32m[run] |[0m BUILD SUCCESSFUL in 2s
[1;32m[run] |[0m 1 actionable task: 1 executed
[1;32m[run] |[0m > Task :compileJava
[1;32m[run] |[0m > Task :processResources NO-SOURCE
[1;32m[run] |[0m > Task :classes
[1;32m[run] |[0m [rosbridge_websocket-1] [INFO] [1732101263.843499813] [rosbridge_websocket]: Calling services in existing thread
[1;32m[run] |[0m [rosbridge_websocket-1] [INFO] [1732101263.843897126] [rosbridge_websocket]: Sending action goals in existing thread
[1;32m[run] |[0m [rosbridge_websocket-1] [INFO] [1732101263.844532007] [rosbridge_websocket]: Client connected. 1 clients total.
[1;32m[run] |[0m [rosbridge_websocket-1] [INFO] [1732101263.920520960] [rosbridge_websocket]: [Client ed2109b9-4889-4f3f-93ab-5912670acbed] Subscribed to /coordinator/jason/plan
[1;32m[run] |[0m [rosbridge_websocket-1] [INFO] [1732101263.921368716] [rosbridge_websocket]: [Client ed2109b9-4889-4f3f-93ab-5912670acbed] Subscribed to /move_base/result
[1;32m[run] |[0m 
[1;32m[run] |[0m > Task :run
[1;32m[run] |[0m Connecting to : ws://localhost:9090
[1;32m[run] |[0m 2024-11-20 11:14:23.786:INFO::main: Logging initialized @165ms
[1;32m[run] |[0m Got connect for ros: WebSocketSession[websocket=JettyAnnotatedEventDriver[ros.RosBridge@19508eb1],behavior=CLIENT,connection=WebSocketClientConnection@74865477{IDLE}{f=Flusher[queueSize=0,aggregateSize=0,failure=null],g=Generator[CLIENT,validating],p=Parser@15e03eaf[ExtensionStack,s=START,c=0,len=0,f=null,p=WebSocketPolicy@7d5c0829[behavior=CLIENT,maxTextMessageSize=65536,maxTextMessageBufferSize=32768,maxBinaryMessageSize=65536,maxBinaryMessageBufferSize=32768,asyncWriteTimeout=60000,idleTimeout=300000,inputBufferSize=4096]]},remote=WebSocketRemoteEndpoint@60e42435[batching=true],incoming=JettyAnnotatedEventDriver[ros.RosBridge@19508eb1],outgoing=ExtensionStack[queueSize=0,extensions=[],incoming=org.eclipse.jetty.websocket.common.WebSocketSession,outgoing=org.eclipse.jetty.websocket.client.io.WebSocketClientConnection]]
[1;32m[run] |[0m [RosEnv] Environment started, connection with ROS established.
[1;32m[run] |[0m Jason Http Server running on http://10.89.0.2:3272
[1;32m[run] |[0m Iniciando o murosa_plan_patrol...
[1;32m[run] |[0m [INFO] [launch]: All log files can be found below /root/.ros/log/2024-11-20-11-14-30-378226-25d9570ea0f3-305
[1;32m[run] |[0m [INFO] [launch]: Default logging verbosity is set to INFO
[1;32m[run] |[0m [INFO] [coordinator-1]: process started with pid [306]
[1;32m[run] |[0m [INFO] [environment-2]: process started with pid [308]
[1;32m[run] |[0m [INFO] [planner-3]: process started with pid [310]
[1;32m[run] |[0m [INFO] [robot-4]: process started with pid [312]
[1;32m[run] |[0m [environment-2] [INFO] [1732101270.501280701] [environment]: Starting Environment server
[1;32m[run] |[0m [environment-2] [INFO] [1732101270.507038429] [environment]: Environment server started
[1;32m[run] |[0m [environment-2] [INFO] [1732101270.507262221] [environment]: spin
[1;32m[run] |[0m [coordinator-1] [INFO] [1732101270.510251981] [coordinator]: Starting Coordinator server
[1;32m[run] |[0m [coordinator-1] [INFO] [1732101270.521469643] [coordinator]: Coordinator server started
[1;32m[run] |[0m [coordinator-1] [INFO] [1732101270.521703686] [coordinator]: Starting Coordinator clients
[1;32m[run] |[0m [robot-4] [INFO] [1732101270.537007403] [robot]: Starting Robot server
[1;32m[run] |[0m [robot-4] [INFO] [1732101270.541015125] [robot]: Robot server started
[1;32m[run] |[0m [robot-4] [INFO] [1732101270.541618710] [robot]: spin
[1;32m[run] |[0m [planner-3] [INFO] [1732101271.209182504] [planner]: Starting Planner server
[1;32m[run] |[0m [planner-3] [INFO] [1732101271.211363386] [planner]: Planner server started
[1;32m[run] |[0m [planner-3] [INFO] [1732101271.211556929] [planner]: spin
[1;32m[run] |[0m [coordinator-1] [INFO] [1732101271.277108771] [coordinator]: Coordinator clients started
[1;32m[run] |[0m [coordinator-1] [INFO] [1732101271.277333313] [coordinator]: Planing
[1;32m[run] |[0m [coordinator-1] [INFO] [1732101271.277512689] [coordinator]: Creating plan for: r2d2
[1;32m[run] |[0m [planner-3] [INFO] [1732101271.278186566] [planner]: Receiving sync message. need_plan,r2d2
[1;32m[run] |[0m [planner-3] [INFO] [1732101271.278426358] [planner]: Creating plan for: r2d2
[1;32m[run] |[0m [planner-3] [INFO] [1732101271.278881860] [planner]: patrol,r2d2
[1;32m[run] |[0m [planner-3] [INFO] [1732101271.279081944] [planner]: Sending response
[1;32m[run] |[0m [coordinator-1] [INFO] [1732101271.279747446] [coordinator]: Plan received for: r2d2
[1;32m[run] |[0m [coordinator-1] [INFO] [1732101271.279962905] [coordinator]: patrol,r2d2
[1;32m[run] |[0m [coordinator-1] [INFO] [1732101271.280140697] [coordinator]: Sending plans
[1;32m[run] |[0m [coordinator-1] [INFO] [1732101271.280424282] [coordinator]: Plans sent
[1;32m[run] |[0m [coordinator-1] [INFO] [1732101271.280615074] [coordinator]: spin
[1;32m[run] |[0m [RosEnv] patrol
[1;32m[run] |[0m [robot-4] [INFO] [1732101272.157826354] [robot]: I heard: "wp1"
[1;32m[run] |[0m [robot-4] [INFO] [1732101272.158188231] [robot]: Publishing: "success"
[1;32m[run] |[0m [agent1] Moving to waypoint wp1
[1;32m[run] |[0m [RosEnv] executing: move(wp1): agent1.
[1;32m[run] |[0m [RosEnv] success
[1;32m[run] |[0m [robot-4] [INFO] [1732101272.313398745] [robot]: I heard: "r2d2"
[1;32m[run] |[0m [robot-4] [INFO] [1732101272.313671329] [robot]: Publishing: "success"
[1;32m[run] |[0m [agent1] Movement completed, resuming patrol.
[1;32m[run] |[0m [agent1] Moving back to initial position.
[1;32m[run] |[0m [RosEnv] executing: move(r2d2): agent1.
[1;32m[run] |[0m [RosEnv] success
[1;32m[run] |[0m [robot-4] [INFO] [1732101272.467270713] [robot]: I heard: "wp2"
[1;32m[run] |[0m [robot-4] [INFO] [1732101272.467511838] [robot]: Publishing: "success"
[1;32m[run] |[0m [agent1] Movement completed, resuming patrol.
[1;32m[run] |[0m [agent1] Moving to waypoint wp2
[1;32m[run] |[0m [RosEnv] executing: move(wp2): agent1.
[1;32m[run] |[0m [RosEnv] success
[1;32m[run] |[0m [robot-4] [INFO] [1732101272.618558839] [robot]: I heard: "r2d2"
[1;32m[run] |[0m [robot-4] [INFO] [1732101272.618799089] [robot]: Publishing: "success"
[1;32m[run] |[0m [agent1] Movement completed, resuming patrol.
[1;32m[run] |[0m [agent1] Moving back to initial position.
[1;32m[run] |[0m [RosEnv] executing: move(r2d2): agent1.
[1;32m[run] |[0m [RosEnv] success
[1;32m[run] |[0m [robot-4] [INFO] [1732101272.776783363] [robot]: I heard: "wp3"
[1;32m[run] |[0m [robot-4] [INFO] [1732101272.777038155] [robot]: Publishing: "success"
[1;32m[run] |[0m [agent1] Movement completed, resuming patrol.
[1;32m[run] |[0m [agent1] Moving to waypoint wp3
[1;32m[run] |[0m [RosEnv] executing: move(wp3): agent1.
[1;32m[run] |[0m [RosEnv] success
[1;32m[run] |[0m [robot-4] [INFO] [1732101272.922372762] [robot]: I heard: "r2d2"
[1;32m[run] |[0m [robot-4] [INFO] [1732101272.922611887] [robot]: Publishing: "success"
[1;32m[run] |[0m [agent1] Movement completed, resuming patrol.
[1;32m[run] |[0m [agent1] Moving back to initial position.
[1;32m[run] |[0m [RosEnv] executing: move(r2d2): agent1.
[1;32m[run] |[0m [RosEnv] success
[1;32m[run] |[0m [robot-4] [INFO] [1732101273.082487625] [robot]: I heard: "wp4"
[1;32m[run] |[0m [robot-4] [INFO] [1732101273.082735959] [robot]: Publishing: "success"
[1;32m[run] |[0m [agent1] Movement completed, resuming patrol.
[1;32m[run] |[0m [agent1] Moving to waypoint wp4
[1;32m[run] |[0m [RosEnv] executing: move(wp4): agent1.
[1;32m[run] |[0m [RosEnv] success
[1;32m[run] |[0m [robot-4] [INFO] [1732101273.237008179] [robot]: I heard: "r2d2"
[1;32m[run] |[0m [robot-4] [INFO] [1732101273.237250096] [robot]: Publishing: "success"
[1;32m[run] |[0m [agent1] Movement completed, resuming patrol.
[1;32m[run] |[0m [agent1] Moving back to initial position.
[1;32m[run] |[0m [RosEnv] executing: move(r2d2): agent1.
[1;32m[run] |[0m [robot-4] [INFO] [1732101273.289504936] [robot]: Recebido sinal de desligamento, finalizando...
[1;32m[run] |[0m [coordinator-1] [INFO] [1732101273.289535519] [coordinator]: Recebido sinal de desligamento, finalizando...
[1;32m[run] |[0m [environment-2] [INFO] [1732101273.289592436] [environment]: Recebido sinal de desligamento, finalizando...
[1;32m[run] |[0m [planner-3] [INFO] [1732101273.289610811] [planner]: Recebido sinal de desligamento, finalizando...
[1;32m[run] |[0m [robot-4] [INFO] [1732101273.289840104] [Quitting]: Done
[1;32m[run] |[0m [coordinator-1] [INFO] [1732101273.289848229] [coordinator]: The time of execution of above program is:2.012413501739502
[1;32m[run] |[0m [environment-2] [INFO] [1732101273.289940021] [Quitting]: Done
[1;32m[run] |[0m [planner-3] [INFO] [1732101273.289941062] [Quitting]: Done
[1;32m[run] |[0m [coordinator-1] [INFO] [1732101273.290103063] [coordinator]: Achieved
[1;32m[run] |[0m [robot-4] [INFO] [1732101273.290174563] [robot]: stop spin
[1;32m[run] |[0m [environment-2] [INFO] [1732101273.290179021] [environment]: stop spin
[1;32m[run] |[0m [planner-3] [INFO] [1732101273.290239480] [planner]: stop spin
[1;32m[run] |[0m [coordinator-1] [INFO] [1732101273.290384439] [coordinator]: ENDSIM
[1;32m[run] |[0m [coordinator-1] [INFO] [1732101273.290708856] [Quitting]: Done
[1;32m[run] |[0m [coordinator-1] [INFO] [1732101273.291017441] [coordinator]: stop spin
[1;32m[run] |[0m [RosEnv] success
[1;32m[run] |[0m [agent1] Movement completed, no more patrol.
[1;32m[run] |[0m [RosEnv] executing: end: agent1.
[1;32m[run] |[0m [INFO] [environment-2]: process has finished cleanly [pid 308]
[1;32m[run] |[0m [INFO] [robot-4]: process has finished cleanly [pid 312]
[1;32m[run] |[0m [INFO] [coordinator-1]: process has finished cleanly [pid 306]
[1;32m[run] |[0m [INFO] [launch.user]: Node 1 has exited
[1;32m[run] |[0m [INFO] [planner-3]: process has finished cleanly [pid 310]
[1;32m[run] |[0m Todos os serviços foram finalizados.
