c10d811d49a0eb642b0a99d9133615f90e916e944815790eb4d4744904df8f03
9e0631ba4856742328e2bba38a30763b764e50c2f0a5f533c4d319fd2e58d2fe
[1;32m[run] |[0m Iniciando o rosbridge_server...
[1;32m[run] |[0m Esperando pelo serviço em localhost:9090...
[1;32m[run] |[0m [INFO] [launch]: All log files can be found below /root/.ros/log/2024-11-20-11-08-30-077611-9e0631ba4856-40
[1;32m[run] |[0m [INFO] [launch]: Default logging verbosity is set to INFO
[1;32m[run] |[0m [INFO] [rosbridge_websocket-1]: process started with pid [43]
[1;32m[run] |[0m [INFO] [rosapi_node-2]: process started with pid [45]
[1;32m[run] |[0m [rosbridge_websocket-1] [INFO] [1732100910.479527138] [rosbridge_websocket]: Rosbridge WebSocket server started on port 9090
[1;32m[run] |[0m Iniciando o Jason...
[1;32m[run] |[0m 
[1;32m[run] |[0m Welcome to Gradle 7.4!
[1;32m[run] |[0m 
[1;32m[run] |[0m Here are the highlights of this release:
[1;32m[run] |[0m  - Aggregated test and JaCoCo reports
[1;32m[run] |[0m  - Marking additional test source directories as tests in IntelliJ
[1;32m[run] |[0m  - Support for Adoptium JDKs in Java toolchains
[1;32m[run] |[0m 
[1;32m[run] |[0m For more details see https://docs.gradle.org/7.4/release-notes.html
[1;32m[run] |[0m 
[1;32m[run] |[0m Starting a Gradle Daemon (subsequent builds will be faster)
[1;32m[run] |[0m > Task :clean
[1;32m[run] |[0m 
[1;32m[run] |[0m Deprecated Gradle features were used in this build, making it incompatible with Gradle 8.0.
[1;32m[run] |[0m 
[1;32m[run] |[0m You can use '--warning-mode all' to show the individual deprecation warnings and determine if they come from your own scripts or plugins.
[1;32m[run] |[0m 
[1;32m[run] |[0m See https://docs.gradle.org/7.4/userguide/command_line_interface.html#sec:command_line_warnings
[1;32m[run] |[0m 
[1;32m[run] |[0m BUILD SUCCESSFUL in 2s
[1;32m[run] |[0m 1 actionable task: 1 executed
[1;32m[run] |[0m > Task :compileJava
[1;32m[run] |[0m > Task :processResources NO-SOURCE
[1;32m[run] |[0m > Task :classes
[1;32m[run] |[0m [rosbridge_websocket-1] [INFO] [1732100918.467393729] [rosbridge_websocket]: Calling services in existing thread
[1;32m[run] |[0m [rosbridge_websocket-1] [INFO] [1732100918.467955897] [rosbridge_websocket]: Sending action goals in existing thread
[1;32m[run] |[0m [rosbridge_websocket-1] [INFO] [1732100918.468669316] [rosbridge_websocket]: Client connected. 1 clients total.
[1;32m[run] |[0m [rosbridge_websocket-1] [INFO] [1732100918.539899219] [rosbridge_websocket]: [Client be48d348-f8bd-4210-84be-a8560337d50e] Subscribed to /coordinator/jason/plan
[1;32m[run] |[0m [rosbridge_websocket-1] [INFO] [1732100918.541035222] [rosbridge_websocket]: [Client be48d348-f8bd-4210-84be-a8560337d50e] Subscribed to /move_base/result
[1;32m[run] |[0m 
[1;32m[run] |[0m > Task :run
[1;32m[run] |[0m 2024-11-20 11:08:38.425:INFO::main: Logging initialized @157ms
[1;32m[run] |[0m Connecting to : ws://localhost:9090
[1;32m[run] |[0m Got connect for ros: WebSocketSession[websocket=JettyAnnotatedEventDriver[ros.RosBridge@506a24f0],behavior=CLIENT,connection=WebSocketClientConnection@525d6083{IDLE}{f=Flusher[queueSize=0,aggregateSize=0,failure=null],g=Generator[CLIENT,validating],p=Parser@4f8c525[ExtensionStack,s=START,c=0,len=0,f=null,p=WebSocketPolicy@34ffa821[behavior=CLIENT,maxTextMessageSize=65536,maxTextMessageBufferSize=32768,maxBinaryMessageSize=65536,maxBinaryMessageBufferSize=32768,asyncWriteTimeout=60000,idleTimeout=300000,inputBufferSize=4096]]},remote=WebSocketRemoteEndpoint@35b357ea[batching=true],incoming=JettyAnnotatedEventDriver[ros.RosBridge@506a24f0],outgoing=ExtensionStack[queueSize=0,extensions=[],incoming=org.eclipse.jetty.websocket.common.WebSocketSession,outgoing=org.eclipse.jetty.websocket.client.io.WebSocketClientConnection]]
[1;32m[run] |[0m Jason Http Server running on http://10.89.0.2:3272
[1;32m[run] |[0m [RosEnv] Environment started, connection with ROS established.
[1;32m[run] |[0m Iniciando o murosa_plan_patrol...
[1;32m[run] |[0m [INFO] [launch]: All log files can be found below /root/.ros/log/2024-11-20-11-08-45-162804-9e0631ba4856-305
[1;32m[run] |[0m [INFO] [launch]: Default logging verbosity is set to INFO
[1;32m[run] |[0m [INFO] [coordinator-1]: process started with pid [306]
[1;32m[run] |[0m [INFO] [environment-2]: process started with pid [308]
[1;32m[run] |[0m [INFO] [planner-3]: process started with pid [310]
[1;32m[run] |[0m [INFO] [robot-4]: process started with pid [312]
[1;32m[run] |[0m [coordinator-1] [INFO] [1732100925.302838189] [coordinator]: Starting Coordinator server
[1;32m[run] |[0m [environment-2] [INFO] [1732100925.310990216] [environment]: Starting Environment server
[1;32m[run] |[0m [coordinator-1] [INFO] [1732100925.313527891] [coordinator]: Coordinator server started
[1;32m[run] |[0m [coordinator-1] [INFO] [1732100925.313725892] [coordinator]: Starting Coordinator clients
[1;32m[run] |[0m [environment-2] [INFO] [1732100925.315519731] [environment]: Environment server started
[1;32m[run] |[0m [environment-2] [INFO] [1732100925.316082691] [environment]: spin
[1;32m[run] |[0m [robot-4] [INFO] [1732100925.316754027] [robot]: Starting Robot server
[1;32m[run] |[0m [robot-4] [INFO] [1732100925.320234913] [robot]: Robot server started
[1;32m[run] |[0m [robot-4] [INFO] [1732100925.320426914] [robot]: spin
[1;32m[run] |[0m [planner-3] [INFO] [1732100926.030554015] [planner]: Starting Planner server
[1;32m[run] |[0m [planner-3] [INFO] [1732100926.032325646] [planner]: Planner server started
[1;32m[run] |[0m [planner-3] [INFO] [1732100926.032520896] [planner]: spin
[1;32m[run] |[0m [coordinator-1] [INFO] [1732100926.319785597] [coordinator]: planner sync service not available, waiting again...
[1;32m[run] |[0m [coordinator-1] [INFO] [1732100927.328756937] [coordinator]: planner sync service not available, waiting again...
[1;32m[run] |[0m [coordinator-1] [INFO] [1732100928.335018852] [coordinator]: planner sync service not available, waiting again...
[1;32m[run] |[0m [coordinator-1] [INFO] [1732100928.848543010] [coordinator]: Coordinator clients started
[1;32m[run] |[0m [coordinator-1] [INFO] [1732100928.848762469] [coordinator]: Planing
[1;32m[run] |[0m [coordinator-1] [INFO] [1732100928.848945261] [coordinator]: Creating plan for: r2d2
[1;32m[run] |[0m [planner-3] [INFO] [1732100928.849874514] [planner]: Receiving sync message. need_plan,r2d2
[1;32m[run] |[0m [planner-3] [INFO] [1732100928.850140015] [planner]: Creating plan for: r2d2
[1;32m[run] |[0m [planner-3] [INFO] [1732100928.850992851] [planner]: patrol,r2d2
[1;32m[run] |[0m [planner-3] [INFO] [1732100928.851176185] [planner]: Sending response
[1;32m[run] |[0m [coordinator-1] [INFO] [1732100928.851817687] [coordinator]: Plan received for: r2d2
[1;32m[run] |[0m [coordinator-1] [INFO] [1732100928.852017938] [coordinator]: patrol,r2d2
[1;32m[run] |[0m [coordinator-1] [INFO] [1732100928.852213564] [coordinator]: Sending plans
[1;32m[run] |[0m [coordinator-1] [INFO] [1732100928.852653523] [coordinator]: Plans sent
[1;32m[run] |[0m [coordinator-1] [INFO] [1732100928.852888066] [coordinator]: spin
[1;32m[run] |[0m [RosEnv] patrol
[1;32m[run] |[0m [robot-4] [INFO] [1732100929.921515978] [robot]: I heard: "wp1"
[1;32m[run] |[0m [robot-4] [INFO] [1732100929.921814896] [robot]: Publishing: "success"
[1;32m[run] |[0m [agent1] Moving to waypoint wp1
[1;32m[run] |[0m [RosEnv] executing: move(wp1): agent1.
[1;32m[run] |[0m [RosEnv] success
[1;32m[run] |[0m [robot-4] [INFO] [1732100930.077064618] [robot]: I heard: "r2d2"
[1;32m[run] |[0m [robot-4] [INFO] [1732100930.077322786] [robot]: Publishing: "success"
[1;32m[run] |[0m [agent1] Movement completed, resuming patrol.
[1;32m[run] |[0m [agent1] Moving back to initial position.
[1;32m[run] |[0m [RosEnv] executing: move(r2d2): agent1.
[1;32m[run] |[0m [RosEnv] success
[1;32m[run] |[0m [robot-4] [INFO] [1732100930.234241472] [robot]: I heard: "wp2"
[1;32m[run] |[0m [robot-4] [INFO] [1732100930.234505764] [robot]: Publishing: "success"
[1;32m[run] |[0m [agent1] Movement completed, resuming patrol.
[1;32m[run] |[0m [agent1] Moving to waypoint wp2
[1;32m[run] |[0m [RosEnv] executing: move(wp2): agent1.
[1;32m[run] |[0m [RosEnv] success
[1;32m[run] |[0m [robot-4] [INFO] [1732100930.390090446] [robot]: I heard: "r2d2"
[1;32m[run] |[0m [robot-4] [INFO] [1732100930.390343489] [robot]: Publishing: "success"
[1;32m[run] |[0m [agent1] Movement completed, resuming patrol.
[1;32m[run] |[0m [agent1] Moving back to initial position.
[1;32m[run] |[0m [RosEnv] executing: move(r2d2): agent1.
[1;32m[run] |[0m [RosEnv] success
[1;32m[run] |[0m [robot-4] [INFO] [1732100930.551378272] [robot]: I heard: "wp3"
[1;32m[run] |[0m [robot-4] [INFO] [1732100930.551620273] [robot]: Publishing: "success"
[1;32m[run] |[0m [agent1] Movement completed, resuming patrol.
[1;32m[run] |[0m [agent1] Moving to waypoint wp3
[1;32m[run] |[0m [RosEnv] executing: move(wp3): agent1.
[1;32m[run] |[0m [RosEnv] success
[1;32m[run] |[0m [robot-4] [INFO] [1732100930.701336685] [robot]: I heard: "r2d2"
[1;32m[run] |[0m [robot-4] [INFO] [1732100930.701586602] [robot]: Publishing: "success"
[1;32m[run] |[0m [agent1] Movement completed, resuming patrol.
[1;32m[run] |[0m [agent1] Moving back to initial position.
[1;32m[run] |[0m [RosEnv] executing: move(r2d2): agent1.
[1;32m[run] |[0m [RosEnv] success
[1;32m[run] |[0m [robot-4] [INFO] [1732100930.846572499] [robot]: I heard: "wp4"
[1;32m[run] |[0m [robot-4] [INFO] [1732100930.846990959] [robot]: Publishing: "success"
[1;32m[run] |[0m [agent1] Movement completed, resuming patrol.
[1;32m[run] |[0m [agent1] Moving to waypoint wp4
[1;32m[run] |[0m [RosEnv] executing: move(wp4): agent1.
[1;32m[run] |[0m [RosEnv] success
[1;32m[run] |[0m [robot-4] [INFO] [1732100931.007824616] [robot]: I heard: "r2d2"
[1;32m[run] |[0m [robot-4] [INFO] [1732100931.008068867] [robot]: Publishing: "success"
[1;32m[run] |[0m [agent1] Movement completed, resuming patrol.
[1;32m[run] |[0m [agent1] Moving back to initial position.
[1;32m[run] |[0m [RosEnv] executing: move(r2d2): agent1.
[1;32m[run] |[0m [RosEnv] success
[1;32m[run] |[0m [robot-4] [INFO] [1732100931.167068852] [robot]: Recebido sinal de desligamento, finalizando...
[1;32m[run] |[0m [coordinator-1] [INFO] [1732100931.167071893] [coordinator]: Recebido sinal de desligamento, finalizando...
[1;32m[run] |[0m [planner-3] [INFO] [1732100931.167158268] [planner]: Recebido sinal de desligamento, finalizando...
[1;32m[run] |[0m [coordinator-1] [INFO] [1732100931.167503561] [coordinator]: The time of execution of above program is:2.3185312747955322
[1;32m[run] |[0m [robot-4] [INFO] [1732100931.167546395] [Quitting]: Done
[1;32m[run] |[0m [planner-3] [INFO] [1732100931.167550978] [Quitting]: Done
[1;32m[run] |[0m [environment-2] [INFO] [1732100931.167770854] [environment]: Recebido sinal de desligamento, finalizando...
[1;32m[run] |[0m [coordinator-1] [INFO] [1732100931.167778146] [coordinator]: Achieved
[1;32m[run] |[0m [robot-4] [INFO] [1732100931.167834187] [robot]: stop spin
[1;32m[run] |[0m [planner-3] [INFO] [1732100931.167835562] [planner]: stop spin
[1;32m[run] |[0m [coordinator-1] [INFO] [1732100931.168110563] [coordinator]: ENDSIM
[1;32m[run] |[0m [environment-2] [INFO] [1732100931.168148855] [Quitting]: Done
[1;32m[run] |[0m [coordinator-1] [INFO] [1732100931.168419731] [Quitting]: Done
[1;32m[run] |[0m [environment-2] [INFO] [1732100931.168453148] [environment]: stop spin
[1;32m[run] |[0m [coordinator-1] [INFO] [1732100931.168726440] [coordinator]: stop spin
[1;32m[run] |[0m [agent1] Movement completed, no more patrol.
[1;32m[run] |[0m [RosEnv] executing: end: agent1.
[1;32m[run] |[0m [INFO] [environment-2]: process has finished cleanly [pid 308]
[1;32m[run] |[0m [INFO] [robot-4]: process has finished cleanly [pid 312]
[1;32m[run] |[0m [INFO] [coordinator-1]: process has finished cleanly [pid 306]
[1;32m[run] |[0m [INFO] [launch.user]: Node 1 has exited
[1;32m[run] |[0m [INFO] [planner-3]: process has finished cleanly [pid 310]
[1;32m[run] |[0m Todos os serviços foram finalizados.
