ee74582ca6767af102458ca318c8de98d1faa615f9e66680b7f2f84415505ffa
d4d2899fe2a5ed5c76efa095351535fc29218ac28d413d94bb1b96a3c1e9c447
[1;32m[run] |[0m Iniciando o rosbridge_server...
[1;32m[run] |[0m Esperando pelo serviço em localhost:9090...
[1;32m[run] |[0m [INFO] [launch]: All log files can be found below /root/.ros/log/2024-11-20-11-05-02-863612-d4d2899fe2a5-40
[1;32m[run] |[0m [INFO] [launch]: Default logging verbosity is set to INFO
[1;32m[run] |[0m [INFO] [rosbridge_websocket-1]: process started with pid [43]
[1;32m[run] |[0m [INFO] [rosapi_node-2]: process started with pid [45]
[1;32m[run] |[0m [rosbridge_websocket-1] [INFO] [1732100703.259743478] [rosbridge_websocket]: Rosbridge WebSocket server started on port 9090
[1;32m[run] |[0m Iniciando o Jason...
[1;32m[run] |[0m 
[1;32m[run] |[0m Welcome to Gradle 7.4!
[1;32m[run] |[0m 
[1;32m[run] |[0m Here are the highlights of this release:
[1;32m[run] |[0m  - Aggregated test and JaCoCo reports
[1;32m[run] |[0m  - Marking additional test source directories as tests in IntelliJ
[1;32m[run] |[0m  - Support for Adoptium JDKs in Java toolchains
[1;32m[run] |[0m 
[1;32m[run] |[0m For more details see https://docs.gradle.org/7.4/release-notes.html
[1;32m[run] |[0m 
[1;32m[run] |[0m Starting a Gradle Daemon (subsequent builds will be faster)
[1;32m[run] |[0m > Task :clean
[1;32m[run] |[0m 
[1;32m[run] |[0m Deprecated Gradle features were used in this build, making it incompatible with Gradle 8.0.
[1;32m[run] |[0m 
[1;32m[run] |[0m You can use '--warning-mode all' to show the individual deprecation warnings and determine if they come from your own scripts or plugins.
[1;32m[run] |[0m 
[1;32m[run] |[0m See https://docs.gradle.org/7.4/userguide/command_line_interface.html#sec:command_line_warnings
[1;32m[run] |[0m 
[1;32m[run] |[0m BUILD SUCCESSFUL in 2s
[1;32m[run] |[0m 1 actionable task: 1 executed
[1;32m[run] |[0m > Task :compileJava
[1;32m[run] |[0m > Task :processResources NO-SOURCE
[1;32m[run] |[0m > Task :classes
[1;32m[run] |[0m [rosbridge_websocket-1] [INFO] [1732100713.208664532] [rosbridge_websocket]: Calling services in existing thread
[1;32m[run] |[0m [rosbridge_websocket-1] [INFO] [1732100713.209237656] [rosbridge_websocket]: Sending action goals in existing thread
[1;32m[run] |[0m [rosbridge_websocket-1] [INFO] [1732100713.210001321] [rosbridge_websocket]: Client connected. 1 clients total.
[1;32m[run] |[0m [rosbridge_websocket-1] [INFO] [1732100713.291229820] [rosbridge_websocket]: [Client cc4639b6-7680-4cff-a428-9793aac4e4f4] Subscribed to /coordinator/jason/plan
[1;32m[run] |[0m [rosbridge_websocket-1] [INFO] [1732100713.292079318] [rosbridge_websocket]: [Client cc4639b6-7680-4cff-a428-9793aac4e4f4] Subscribed to /move_base/result
[1;32m[run] |[0m 
[1;32m[run] |[0m > Task :run
[1;32m[run] |[0m Connecting to : ws://localhost:9090
[1;32m[run] |[0m 2024-11-20 11:05:13.152:INFO::main: Logging initialized @155ms
[1;32m[run] |[0m Got connect for ros: WebSocketSession[websocket=JettyAnnotatedEventDriver[ros.RosBridge@2360d193],behavior=CLIENT,connection=WebSocketClientConnection@3aa2ca57{IDLE}{f=Flusher[queueSize=0,aggregateSize=0,failure=null],g=Generator[CLIENT,validating],p=Parser@760699c6[ExtensionStack,s=START,c=0,len=0,f=null,p=WebSocketPolicy@165f8dfd[behavior=CLIENT,maxTextMessageSize=65536,maxTextMessageBufferSize=32768,maxBinaryMessageSize=65536,maxBinaryMessageBufferSize=32768,asyncWriteTimeout=60000,idleTimeout=300000,inputBufferSize=4096]]},remote=WebSocketRemoteEndpoint@33962aec[batching=true],incoming=JettyAnnotatedEventDriver[ros.RosBridge@2360d193],outgoing=ExtensionStack[queueSize=0,extensions=[],incoming=org.eclipse.jetty.websocket.common.WebSocketSession,outgoing=org.eclipse.jetty.websocket.client.io.WebSocketClientConnection]]
[1;32m[run] |[0m [RosEnv] Environment started, connection with ROS established.
[1;32m[run] |[0m Jason Http Server running on http://10.89.0.2:3272
[1;32m[run] |[0m Iniciando o murosa_plan_patrol...
[1;32m[run] |[0m [INFO] [launch]: All log files can be found below /root/.ros/log/2024-11-20-11-05-17-973835-d4d2899fe2a5-308
[1;32m[run] |[0m [INFO] [launch]: Default logging verbosity is set to INFO
[1;32m[run] |[0m [INFO] [coordinator-1]: process started with pid [309]
[1;32m[run] |[0m [INFO] [environment-2]: process started with pid [311]
[1;32m[run] |[0m [INFO] [planner-3]: process started with pid [313]
[1;32m[run] |[0m [INFO] [robot-4]: process started with pid [315]
[1;32m[run] |[0m [coordinator-1] [INFO] [1732100718.105296025] [coordinator]: Starting Coordinator server
[1;32m[run] |[0m [coordinator-1] [INFO] [1732100718.111026555] [coordinator]: Coordinator server started
[1;32m[run] |[0m [coordinator-1] [INFO] [1732100718.111225180] [coordinator]: Starting Coordinator clients
[1;32m[run] |[0m [robot-4] [INFO] [1732100718.114447840] [robot]: Starting Robot server
[1;32m[run] |[0m [environment-2] [INFO] [1732100718.115600879] [environment]: Starting Environment server
[1;32m[run] |[0m [environment-2] [INFO] [1732100718.117723791] [environment]: Environment server started
[1;32m[run] |[0m [environment-2] [INFO] [1732100718.117928624] [environment]: spin
[1;32m[run] |[0m [robot-4] [INFO] [1732100718.119370996] [robot]: Robot server started
[1;32m[run] |[0m [robot-4] [INFO] [1732100718.119580162] [robot]: spin
[1;32m[run] |[0m [planner-3] [INFO] [1732100718.819683553] [planner]: Starting Planner server
[1;32m[run] |[0m [planner-3] [INFO] [1732100718.821486508] [planner]: Planner server started
[1;32m[run] |[0m [planner-3] [INFO] [1732100718.821677757] [planner]: spin
[1;32m[run] |[0m [coordinator-1] [INFO] [1732100718.864540711] [coordinator]: Coordinator clients started
[1;32m[run] |[0m [coordinator-1] [INFO] [1732100718.864734210] [coordinator]: Planing
[1;32m[run] |[0m [coordinator-1] [INFO] [1732100718.864906335] [coordinator]: Creating plan for: r2d2
[1;32m[run] |[0m [planner-3] [INFO] [1732100718.865591542] [planner]: Receiving sync message. need_plan,r2d2
[1;32m[run] |[0m [planner-3] [INFO] [1732100718.865808375] [planner]: Creating plan for: r2d2
[1;32m[run] |[0m [planner-3] [INFO] [1732100718.866522373] [planner]: patrol,r2d2
[1;32m[run] |[0m [planner-3] [INFO] [1732100718.866719706] [planner]: Sending response
[1;32m[run] |[0m [coordinator-1] [INFO] [1732100718.867265455] [coordinator]: Plan received for: r2d2
[1;32m[run] |[0m [coordinator-1] [INFO] [1732100718.867480788] [coordinator]: patrol,r2d2
[1;32m[run] |[0m [coordinator-1] [INFO] [1732100718.867665454] [coordinator]: Sending plans
[1;32m[run] |[0m [coordinator-1] [INFO] [1732100718.867961204] [coordinator]: Plans sent
[1;32m[run] |[0m [coordinator-1] [INFO] [1732100718.868156495] [coordinator]: spin
[1;32m[run] |[0m [RosEnv] patrol
[1;32m[run] |[0m [robot-4] [INFO] [1732100719.430633044] [robot]: I heard: "wp1"
[1;32m[run] |[0m [robot-4] [INFO] [1732100719.430914752] [robot]: Publishing: "success"
[1;32m[run] |[0m [agent1] Moving to waypoint wp1
[1;32m[run] |[0m [RosEnv] executing: move(wp1): agent1.
[1;32m[run] |[0m [RosEnv] success
[1;32m[run] |[0m [robot-4] [INFO] [1732100719.572748335] [robot]: I heard: "r2d2"
[1;32m[run] |[0m [robot-4] [INFO] [1732100719.572993167] [robot]: Publishing: "success"
[1;32m[run] |[0m [agent1] Movement completed, resuming patrol.
[1;32m[run] |[0m [agent1] Moving back to initial position.
[1;32m[run] |[0m [RosEnv] executing: move(r2d2): agent1.
[1;32m[run] |[0m [RosEnv] success
[1;32m[run] |[0m [robot-4] [INFO] [1732100719.720974654] [robot]: I heard: "wp2"
[1;32m[run] |[0m [robot-4] [INFO] [1732100719.721222112] [robot]: Publishing: "success"
[1;32m[run] |[0m [agent1] Movement completed, resuming patrol.
[1;32m[run] |[0m [agent1] Moving to waypoint wp2
[1;32m[run] |[0m [RosEnv] executing: move(wp2): agent1.
[1;32m[run] |[0m [RosEnv] success
[1;32m[run] |[0m [robot-4] [INFO] [1732100719.876332501] [robot]: I heard: "r2d2"
[1;32m[run] |[0m [robot-4] [INFO] [1732100719.876650083] [robot]: Publishing: "success"
[1;32m[run] |[0m [agent1] Movement completed, resuming patrol.
[1;32m[run] |[0m [agent1] Moving back to initial position.
[1;32m[run] |[0m [RosEnv] executing: move(r2d2): agent1.
[1;32m[run] |[0m [RosEnv] success
[1;32m[run] |[0m [robot-4] [INFO] [1732100720.025797818] [robot]: I heard: "wp3"
[1;32m[run] |[0m [robot-4] [INFO] [1732100720.026040150] [robot]: Publishing: "success"
[1;32m[run] |[0m [agent1] Movement completed, resuming patrol.
[1;32m[run] |[0m [agent1] Moving to waypoint wp3
[1;32m[run] |[0m [RosEnv] executing: move(wp3): agent1.
[1;32m[run] |[0m [RosEnv] success
[1;32m[run] |[0m [robot-4] [INFO] [1732100720.179744292] [robot]: I heard: "r2d2"
[1;32m[run] |[0m [robot-4] [INFO] [1732100720.180015333] [robot]: Publishing: "success"
[1;32m[run] |[0m [agent1] Movement completed, resuming patrol.
[1;32m[run] |[0m [agent1] Moving back to initial position.
[1;32m[run] |[0m [RosEnv] executing: move(r2d2): agent1.
[1;32m[run] |[0m [RosEnv] success
[1;32m[run] |[0m [agent1] Movement completed, resuming patrol.
[1;32m[run] |[0m [agent1] Moving to waypoint wp4
[1;32m[run] |[0m [RosEnv] executing: move(wp4): agent1.
[1;32m[run] |[0m [robot-4] [INFO] [1732100720.335614929] [robot]: I heard: "wp4"
[1;32m[run] |[0m [robot-4] [INFO] [1732100720.335895512] [robot]: Publishing: "success"
[1;32m[run] |[0m [RosEnv] success
[1;32m[run] |[0m [robot-4] [INFO] [1732100720.491184359] [robot]: I heard: "r2d2"
[1;32m[run] |[0m [robot-4] [INFO] [1732100720.491469025] [robot]: Publishing: "success"
[1;32m[run] |[0m [agent1] Movement completed, resuming patrol.
[1;32m[run] |[0m [agent1] Moving back to initial position.
[1;32m[run] |[0m [RosEnv] executing: move(r2d2): agent1.
[1;32m[run] |[0m [RosEnv] success
[1;32m[run] |[0m [robot-4] [INFO] [1732100720.648456743] [robot]: Recebido sinal de desligamento, finalizando...
[1;32m[run] |[0m [environment-2] [INFO] [1732100720.648488285] [environment]: Recebido sinal de desligamento, finalizando...
[1;32m[run] |[0m [coordinator-1] [INFO] [1732100720.648545784] [coordinator]: Recebido sinal de desligamento, finalizando...
[1;32m[run] |[0m [planner-3] [INFO] [1732100720.648744617] [planner]: Recebido sinal de desligamento, finalizando...
[1;32m[run] |[0m [environment-2] [INFO] [1732100720.648863659] [Quitting]: Done
[1;32m[run] |[0m [coordinator-1] [INFO] [1732100720.648887742] [coordinator]: The time of execution of above program is:1.7840099334716797
[1;32m[run] |[0m [robot-4] [INFO] [1732100720.648903575] [Quitting]: Done
[1;32m[run] |[0m [planner-3] [INFO] [1732100720.649080200] [Quitting]: Done
[1;32m[run] |[0m [environment-2] [INFO] [1732100720.649148116] [environment]: stop spin
[1;32m[run] |[0m [coordinator-1] [INFO] [1732100720.649151991] [coordinator]: Achieved
[1;32m[run] |[0m [robot-4] [INFO] [1732100720.649165575] [robot]: stop spin
[1;32m[run] |[0m [planner-3] [INFO] [1732100720.649325408] [planner]: stop spin
[1;32m[run] |[0m [coordinator-1] [INFO] [1732100720.649480491] [coordinator]: ENDSIM
[1;32m[run] |[0m [coordinator-1] [INFO] [1732100720.649832990] [Quitting]: Done
[1;32m[run] |[0m [coordinator-1] [INFO] [1732100720.650139823] [coordinator]: stop spin
[1;32m[run] |[0m [agent1] Movement completed, no more patrol.
[1;32m[run] |[0m [RosEnv] executing: end: agent1.
[1;32m[run] |[0m [INFO] [environment-2]: process has finished cleanly [pid 311]
[1;32m[run] |[0m [INFO] [coordinator-1]: process has finished cleanly [pid 309]
[1;32m[run] |[0m [INFO] [launch.user]: Node 1 has exited
[1;32m[run] |[0m [INFO] [robot-4]: process has finished cleanly [pid 315]
[1;32m[run] |[0m [INFO] [planner-3]: process has finished cleanly [pid 313]
[1;32m[run] |[0m Todos os serviços foram finalizados.
