8badd2c1ee02a1a072f89de8fce4e3abd9ec93355b18046e5e885767ee69dea3
06da37633b9b2a74ff89ccd6885a00e7d839992b0ada9e0eded6fe89a60ad445
[1;32m[run] |[0m Iniciando o rosbridge_server...
[1;32m[run] |[0m Esperando pelo serviço em localhost:9090...
[1;32m[run] |[0m [INFO] [launch]: All log files can be found below /root/.ros/log/2024-11-20-10-46-34-975657-06da37633b9b-40
[1;32m[run] |[0m [INFO] [launch]: Default logging verbosity is set to INFO
[1;32m[run] |[0m [INFO] [rosbridge_websocket-1]: process started with pid [43]
[1;32m[run] |[0m [INFO] [rosapi_node-2]: process started with pid [45]
[1;32m[run] |[0m [rosbridge_websocket-1] [INFO] [1732099595.358954719] [rosbridge_websocket]: Rosbridge WebSocket server started on port 9090
[1;32m[run] |[0m Iniciando o Jason...
[1;32m[run] |[0m 
[1;32m[run] |[0m Welcome to Gradle 7.4!
[1;32m[run] |[0m 
[1;32m[run] |[0m Here are the highlights of this release:
[1;32m[run] |[0m  - Aggregated test and JaCoCo reports
[1;32m[run] |[0m  - Marking additional test source directories as tests in IntelliJ
[1;32m[run] |[0m  - Support for Adoptium JDKs in Java toolchains
[1;32m[run] |[0m 
[1;32m[run] |[0m For more details see https://docs.gradle.org/7.4/release-notes.html
[1;32m[run] |[0m 
[1;32m[run] |[0m Starting a Gradle Daemon (subsequent builds will be faster)
[1;32m[run] |[0m > Task :clean
[1;32m[run] |[0m 
[1;32m[run] |[0m Deprecated Gradle features were used in this build, making it incompatible with Gradle 8.0.
[1;32m[run] |[0m 
[1;32m[run] |[0m You can use '--warning-mode all' to show the individual deprecation warnings and determine if they come from your own scripts or plugins.
[1;32m[run] |[0m 
[1;32m[run] |[0m See https://docs.gradle.org/7.4/userguide/command_line_interface.html#sec:command_line_warnings
[1;32m[run] |[0m 
[1;32m[run] |[0m BUILD SUCCESSFUL in 2s
[1;32m[run] |[0m 1 actionable task: 1 executed
[1;32m[run] |[0m > Task :compileJava
[1;32m[run] |[0m > Task :processResources NO-SOURCE
[1;32m[run] |[0m > Task :classes
[1;32m[run] |[0m [rosbridge_websocket-1] [INFO] [1732099604.270527557] [rosbridge_websocket]: Calling services in existing thread
[1;32m[run] |[0m [rosbridge_websocket-1] [INFO] [1732099604.270929930] [rosbridge_websocket]: Sending action goals in existing thread
[1;32m[run] |[0m [rosbridge_websocket-1] [INFO] [1732099604.271965632] [rosbridge_websocket]: Client connected. 1 clients total.
[1;32m[run] |[0m [rosbridge_websocket-1] [INFO] [1732099604.342247878] [rosbridge_websocket]: [Client 32578522-b554-4069-aebe-f0817008bc68] Subscribed to /coordinator/jason/plan
[1;32m[run] |[0m [rosbridge_websocket-1] [INFO] [1732099604.343246914] [rosbridge_websocket]: [Client 32578522-b554-4069-aebe-f0817008bc68] Subscribed to /move_base/result
[1;32m[run] |[0m 
[1;32m[run] |[0m > Task :run
[1;32m[run] |[0m 2024-11-20 10:46:44.225:INFO::main: Logging initialized @163ms
[1;32m[run] |[0m Connecting to : ws://localhost:9090
[1;32m[run] |[0m Got connect for ros: WebSocketSession[websocket=JettyAnnotatedEventDriver[ros.RosBridge@2d92b975],behavior=CLIENT,connection=WebSocketClientConnection@617badc0{IDLE}{f=Flusher[queueSize=0,aggregateSize=0,failure=null],g=Generator[CLIENT,validating],p=Parser@48aee41c[ExtensionStack,s=START,c=0,len=0,f=null,p=WebSocketPolicy@5caaaaf1[behavior=CLIENT,maxTextMessageSize=65536,maxTextMessageBufferSize=32768,maxBinaryMessageSize=65536,maxBinaryMessageBufferSize=32768,asyncWriteTimeout=60000,idleTimeout=300000,inputBufferSize=4096]]},remote=WebSocketRemoteEndpoint@64cbf900[batching=true],incoming=JettyAnnotatedEventDriver[ros.RosBridge@2d92b975],outgoing=ExtensionStack[queueSize=0,extensions=[],incoming=org.eclipse.jetty.websocket.common.WebSocketSession,outgoing=org.eclipse.jetty.websocket.client.io.WebSocketClientConnection]]
[1;32m[run] |[0m [RosEnv] Environment started, connection with ROS established.
[1;32m[run] |[0m Jason Http Server running on http://10.89.0.2:3272
[1;32m[run] |[0m Iniciando o murosa_plan_patrol...
[1;32m[run] |[0m [INFO] [launch]: All log files can be found below /root/.ros/log/2024-11-20-10-46-50-300871-06da37633b9b-306
[1;32m[run] |[0m [INFO] [launch]: Default logging verbosity is set to INFO
[1;32m[run] |[0m [INFO] [coordinator-1]: process started with pid [307]
[1;32m[run] |[0m [INFO] [environment-2]: process started with pid [309]
[1;32m[run] |[0m [INFO] [planner-3]: process started with pid [311]
[1;32m[run] |[0m [INFO] [robot-4]: process started with pid [313]
[1;32m[run] |[0m [robot-4] [INFO] [1732099610.423884439] [robot]: Starting Robot server
[1;32m[run] |[0m [robot-4] [INFO] [1732099610.428904287] [robot]: Robot server started
[1;32m[run] |[0m [robot-4] [INFO] [1732099610.429110827] [robot]: spin
[1;32m[run] |[0m [coordinator-1] [INFO] [1732099610.432807932] [coordinator]: Starting Coordinator server
[1;32m[run] |[0m [environment-2] [INFO] [1732099610.435828666] [environment]: Starting Environment server
[1;32m[run] |[0m [coordinator-1] [INFO] [1732099610.436341622] [coordinator]: Coordinator server started
[1;32m[run] |[0m [coordinator-1] [INFO] [1732099610.436615787] [coordinator]: Starting Coordinator clients
[1;32m[run] |[0m [environment-2] [INFO] [1732099610.438942316] [environment]: Environment server started
[1;32m[run] |[0m [environment-2] [INFO] [1732099610.439136482] [environment]: spin
[1;32m[run] |[0m [planner-3] [INFO] [1732099611.116572488] [planner]: Starting Planner server
[1;32m[run] |[0m [planner-3] [INFO] [1732099611.118483978] [planner]: Planner server started
[1;32m[run] |[0m [planner-3] [INFO] [1732099611.118749268] [planner]: spin
[1;32m[run] |[0m [coordinator-1] [INFO] [1732099611.191648458] [coordinator]: Coordinator clients started
[1;32m[run] |[0m [coordinator-1] [INFO] [1732099611.191837665] [coordinator]: Planing
[1;32m[run] |[0m [coordinator-1] [INFO] [1732099611.192019039] [coordinator]: Creating plan for: r2d2
[1;32m[run] |[0m [planner-3] [INFO] [1732099611.192464370] [planner]: Receiving sync message. need_plan,r2d2
[1;32m[run] |[0m [planner-3] [INFO] [1732099611.192650077] [planner]: Creating plan for: r2d2
[1;32m[run] |[0m [planner-3] [INFO] [1732099611.193144825] [planner]: patrol,r2d2
[1;32m[run] |[0m [planner-3] [INFO] [1732099611.193341990] [planner]: Sending response
[1;32m[run] |[0m [coordinator-1] [INFO] [1732099611.193939404] [coordinator]: Plan received for: r2d2
[1;32m[run] |[0m [coordinator-1] [INFO] [1732099611.194211986] [coordinator]: patrol,r2d2
[1;32m[run] |[0m [coordinator-1] [INFO] [1732099611.194429026] [coordinator]: Sending plans
[1;32m[run] |[0m [coordinator-1] [INFO] [1732099611.194772108] [coordinator]: Plans sent
[1;32m[run] |[0m [coordinator-1] [INFO] [1732099611.194992190] [coordinator]: spin
[1;32m[run] |[0m [RosEnv] patrol
[1;32m[run] |[0m [robot-4] [INFO] [1732099611.508656787] [robot]: I heard: "wp1"
[1;32m[run] |[0m [robot-4] [INFO] [1732099611.508933785] [robot]: Publishing: "success"
[1;32m[run] |[0m [agent1] Moving to waypoint wp1
[1;32m[run] |[0m [RosEnv] executing: move(wp1): agent1.
[1;32m[run] |[0m [RosEnv] success
[1;32m[run] |[0m [robot-4] [INFO] [1732099611.661548253] [robot]: I heard: "r2d2"
[1;32m[run] |[0m [robot-4] [INFO] [1732099611.661806501] [robot]: Publishing: "success"
[1;32m[run] |[0m [agent1] Movement completed, resuming patrol.
[1;32m[run] |[0m [agent1] Moving back to initial position.
[1;32m[run] |[0m [RosEnv] executing: move(r2d2): agent1.
[1;32m[run] |[0m [RosEnv] success
[1;32m[run] |[0m [robot-4] [INFO] [1732099611.812255730] [robot]: I heard: "wp2"
[1;32m[run] |[0m [robot-4] [INFO] [1732099611.812527562] [robot]: Publishing: "success"
[1;32m[run] |[0m [agent1] Movement completed, resuming patrol.
[1;32m[run] |[0m [agent1] Moving to waypoint wp2
[1;32m[run] |[0m [RosEnv] executing: move(wp2): agent1.
[1;32m[run] |[0m [RosEnv] success
[1;32m[run] |[0m [robot-4] [INFO] [1732099611.965874650] [robot]: I heard: "r2d2"
[1;32m[run] |[0m [robot-4] [INFO] [1732099611.966173357] [robot]: Publishing: "success"
[1;32m[run] |[0m [agent1] Movement completed, resuming patrol.
[1;32m[run] |[0m [agent1] Moving back to initial position.
[1;32m[run] |[0m [RosEnv] executing: move(r2d2): agent1.
[1;32m[run] |[0m [RosEnv] success
[1;32m[run] |[0m [robot-4] [INFO] [1732099612.130338845] [robot]: I heard: "wp3"
[1;32m[run] |[0m [robot-4] [INFO] [1732099612.130580594] [robot]: Publishing: "success"
[1;32m[run] |[0m [agent1] Movement completed, resuming patrol.
[1;32m[run] |[0m [agent1] Moving to waypoint wp3
[1;32m[run] |[0m [RosEnv] executing: move(wp3): agent1.
[1;32m[run] |[0m [RosEnv] success
[1;32m[run] |[0m [robot-4] [INFO] [1732099612.283027853] [robot]: I heard: "r2d2"
[1;32m[run] |[0m [robot-4] [INFO] [1732099612.283299519] [robot]: Publishing: "success"
[1;32m[run] |[0m [agent1] Movement completed, resuming patrol.
[1;32m[run] |[0m [agent1] Moving back to initial position.
[1;32m[run] |[0m [RosEnv] executing: move(r2d2): agent1.
[1;32m[run] |[0m [RosEnv] success
[1;32m[run] |[0m [robot-4] [INFO] [1732099612.432235756] [robot]: I heard: "wp4"
[1;32m[run] |[0m [robot-4] [INFO] [1732099612.432518171] [robot]: Publishing: "success"
[1;32m[run] |[0m [agent1] Movement completed, resuming patrol.
[1;32m[run] |[0m [agent1] Moving to waypoint wp4
[1;32m[run] |[0m [RosEnv] executing: move(wp4): agent1.
[1;32m[run] |[0m [RosEnv] success
[1;32m[run] |[0m [robot-4] [INFO] [1732099612.588198413] [robot]: I heard: "r2d2"
[1;32m[run] |[0m [robot-4] [INFO] [1732099612.588444495] [robot]: Publishing: "success"
[1;32m[run] |[0m [agent1] Movement completed, resuming patrol.
[1;32m[run] |[0m [agent1] Moving back to initial position.
[1;32m[run] |[0m [RosEnv] executing: move(r2d2): agent1.
[1;32m[run] |[0m [RosEnv] success
[1;32m[run] |[0m [environment-2] [INFO] [1732099612.740732756] [environment]: Recebido sinal de desligamento, finalizando...
[1;32m[run] |[0m [coordinator-1] [INFO] [1732099612.740743964] [coordinator]: Recebido sinal de desligamento, finalizando...
[1;32m[run] |[0m [planner-3] [INFO] [1732099612.740937255] [planner]: Recebido sinal de desligamento, finalizando...
[1;32m[run] |[0m [coordinator-1] [INFO] [1732099612.741054921] [coordinator]: The time of execution of above program is:1.5491018295288086
[1;32m[run] |[0m [environment-2] [INFO] [1732099612.741146670] [Quitting]: Done
[1;32m[run] |[0m [planner-3] [INFO] [1732099612.741186628] [Quitting]: Done
[1;32m[run] |[0m [coordinator-1] [INFO] [1732099612.741243420] [coordinator]: Achieved
[1;32m[run] |[0m [environment-2] [INFO] [1732099612.741359669] [environment]: stop spin
[1;32m[run] |[0m [planner-3] [INFO] [1732099612.741370961] [planner]: stop spin
[1;32m[run] |[0m [coordinator-1] [INFO] [1732099612.741549668] [coordinator]: ENDSIM
[1;32m[run] |[0m [coordinator-1] [INFO] [1732099612.741931583] [Quitting]: Done
[1;32m[run] |[0m [coordinator-1] [INFO] [1732099612.742221414] [coordinator]: stop spin
[1;32m[run] |[0m [robot-4] [INFO] [1732099612.742727328] [robot]: Recebido sinal de desligamento, finalizando...
[1;32m[run] |[0m [robot-4] [INFO] [1732099612.743024077] [Quitting]: Done
[1;32m[run] |[0m [robot-4] [INFO] [1732099612.743215951] [robot]: stop spin
[1;32m[run] |[0m [agent1] Movement completed, no more patrol.
[1;32m[run] |[0m [RosEnv] executing: end: agent1.
[1;32m[run] |[0m [INFO] [environment-2]: process has finished cleanly [pid 309]
[1;32m[run] |[0m [INFO] [coordinator-1]: process has finished cleanly [pid 307]
[1;32m[run] |[0m [INFO] [robot-4]: process has finished cleanly [pid 313]
[1;32m[run] |[0m [INFO] [launch.user]: Node 1 has exited
[1;32m[run] |[0m [INFO] [planner-3]: process has finished cleanly [pid 311]
[1;32m[run] |[0m Todos os serviços foram finalizados.
