38f7ee1182a5acaadf03b4e397033c4984e9cefe3b60827d1ea9fd153a9d5e74
9561188527e9f1be52eed1c1f6e6492fe9916b80cc9113d3cc33c3d1f3437e49
[1;32m[run] |[0m Iniciando o rosbridge_server...
[1;32m[run] |[0m Esperando pelo serviço em localhost:9090...
[1;32m[run] |[0m [INFO] [launch]: All log files can be found below /root/.ros/log/2024-11-20-11-02-45-020968-9561188527e9-40
[1;32m[run] |[0m [INFO] [launch]: Default logging verbosity is set to INFO
[1;32m[run] |[0m [INFO] [rosbridge_websocket-1]: process started with pid [43]
[1;32m[run] |[0m [INFO] [rosapi_node-2]: process started with pid [45]
[1;32m[run] |[0m [rosbridge_websocket-1] [INFO] [1732100565.416457124] [rosbridge_websocket]: Rosbridge WebSocket server started on port 9090
[1;32m[run] |[0m Iniciando o Jason...
[1;32m[run] |[0m 
[1;32m[run] |[0m Welcome to Gradle 7.4!
[1;32m[run] |[0m 
[1;32m[run] |[0m Here are the highlights of this release:
[1;32m[run] |[0m  - Aggregated test and JaCoCo reports
[1;32m[run] |[0m  - Marking additional test source directories as tests in IntelliJ
[1;32m[run] |[0m  - Support for Adoptium JDKs in Java toolchains
[1;32m[run] |[0m 
[1;32m[run] |[0m For more details see https://docs.gradle.org/7.4/release-notes.html
[1;32m[run] |[0m 
[1;32m[run] |[0m Starting a Gradle Daemon (subsequent builds will be faster)
[1;32m[run] |[0m > Task :clean
[1;32m[run] |[0m 
[1;32m[run] |[0m Deprecated Gradle features were used in this build, making it incompatible with Gradle 8.0.
[1;32m[run] |[0m 
[1;32m[run] |[0m You can use '--warning-mode all' to show the individual deprecation warnings and determine if they come from your own scripts or plugins.
[1;32m[run] |[0m 
[1;32m[run] |[0m See https://docs.gradle.org/7.4/userguide/command_line_interface.html#sec:command_line_warnings
[1;32m[run] |[0m 
[1;32m[run] |[0m BUILD SUCCESSFUL in 2s
[1;32m[run] |[0m 1 actionable task: 1 executed
[1;32m[run] |[0m > Task :compileJava
[1;32m[run] |[0m > Task :processResources NO-SOURCE
[1;32m[run] |[0m > Task :classes
[1;32m[run] |[0m [rosbridge_websocket-1] [INFO] [1732100573.209463782] [rosbridge_websocket]: Calling services in existing thread
[1;32m[run] |[0m [rosbridge_websocket-1] [INFO] [1732100573.209848994] [rosbridge_websocket]: Sending action goals in existing thread
[1;32m[run] |[0m [rosbridge_websocket-1] [INFO] [1732100573.210682709] [rosbridge_websocket]: Client connected. 1 clients total.
[1;32m[run] |[0m [rosbridge_websocket-1] [INFO] [1732100573.294973500] [rosbridge_websocket]: [Client 49a1f085-0590-4426-aafb-68cdd61bd7d7] Subscribed to /coordinator/jason/plan
[1;32m[run] |[0m [rosbridge_websocket-1] [INFO] [1732100573.295497671] [rosbridge_websocket]: [Client 49a1f085-0590-4426-aafb-68cdd61bd7d7] Subscribed to /move_base/result
[1;32m[run] |[0m 
[1;32m[run] |[0m > Task :run
[1;32m[run] |[0m Connecting to : ws://localhost:9090
[1;32m[run] |[0m 2024-11-20 11:02:53.162:INFO::main: Logging initialized @155ms
[1;32m[run] |[0m Got connect for ros: WebSocketSession[websocket=JettyAnnotatedEventDriver[ros.RosBridge@4804dec3],behavior=CLIENT,connection=WebSocketClientConnection@4d700c2{IDLE}{f=Flusher[queueSize=0,aggregateSize=0,failure=null],g=Generator[CLIENT,validating],p=Parser@245a3841[ExtensionStack,s=START,c=0,len=0,f=null,p=WebSocketPolicy@392c6a03[behavior=CLIENT,maxTextMessageSize=65536,maxTextMessageBufferSize=32768,maxBinaryMessageSize=65536,maxBinaryMessageBufferSize=32768,asyncWriteTimeout=60000,idleTimeout=300000,inputBufferSize=4096]]},remote=WebSocketRemoteEndpoint@57305923[batching=true],incoming=JettyAnnotatedEventDriver[ros.RosBridge@4804dec3],outgoing=ExtensionStack[queueSize=0,extensions=[],incoming=org.eclipse.jetty.websocket.common.WebSocketSession,outgoing=org.eclipse.jetty.websocket.client.io.WebSocketClientConnection]]
[1;32m[run] |[0m [RosEnv] Environment started, connection with ROS established.
[1;32m[run] |[0m Jason Http Server running on http://10.89.0.2:3272
[1;32m[run] |[0m Iniciando o murosa_plan_patrol...
[1;32m[run] |[0m [INFO] [launch]: All log files can be found below /root/.ros/log/2024-11-20-11-03-00-084320-9561188527e9-305
[1;32m[run] |[0m [INFO] [launch]: Default logging verbosity is set to INFO
[1;32m[run] |[0m [INFO] [coordinator-1]: process started with pid [306]
[1;32m[run] |[0m [INFO] [environment-2]: process started with pid [308]
[1;32m[run] |[0m [INFO] [planner-3]: process started with pid [310]
[1;32m[run] |[0m [INFO] [robot-4]: process started with pid [312]
[1;32m[run] |[0m [robot-4] [INFO] [1732100580.231825419] [robot]: Starting Robot server
[1;32m[run] |[0m [robot-4] [INFO] [1732100580.236018082] [robot]: Robot server started
[1;32m[run] |[0m [robot-4] [INFO] [1732100580.236249542] [robot]: spin
[1;32m[run] |[0m [coordinator-1] [INFO] [1732100580.240229036] [coordinator]: Starting Coordinator server
[1;32m[run] |[0m [environment-2] [INFO] [1732100580.241049835] [environment]: Starting Environment server
[1;32m[run] |[0m [environment-2] [INFO] [1732100580.243830984] [environment]: Environment server started
[1;32m[run] |[0m [environment-2] [INFO] [1732100580.244035070] [environment]: spin
[1;32m[run] |[0m [coordinator-1] [INFO] [1732100580.247335932] [coordinator]: Coordinator server started
[1;32m[run] |[0m [coordinator-1] [INFO] [1732100580.247602643] [coordinator]: Starting Coordinator clients
[1;32m[run] |[0m [planner-3] [INFO] [1732100580.924197696] [planner]: Starting Planner server
[1;32m[run] |[0m [planner-3] [INFO] [1732100580.926167546] [planner]: Planner server started
[1;32m[run] |[0m [planner-3] [INFO] [1732100580.926363173] [planner]: spin
[1;32m[run] |[0m [coordinator-1] [INFO] [1732100581.002593100] [coordinator]: Coordinator clients started
[1;32m[run] |[0m [coordinator-1] [INFO] [1732100581.002812644] [coordinator]: Planing
[1;32m[run] |[0m [coordinator-1] [INFO] [1732100581.002993187] [coordinator]: Creating plan for: r2d2
[1;32m[run] |[0m [planner-3] [INFO] [1732100581.003706069] [planner]: Receiving sync message. need_plan,r2d2
[1;32m[run] |[0m [planner-3] [INFO] [1732100581.003912570] [planner]: Creating plan for: r2d2
[1;32m[run] |[0m [planner-3] [INFO] [1732100581.004469450] [planner]: patrol,r2d2
[1;32m[run] |[0m [planner-3] [INFO] [1732100581.004661535] [planner]: Sending response
[1;32m[run] |[0m [coordinator-1] [INFO] [1732100581.005183957] [coordinator]: Plan received for: r2d2
[1;32m[run] |[0m [coordinator-1] [INFO] [1732100581.005396750] [coordinator]: patrol,r2d2
[1;32m[run] |[0m [coordinator-1] [INFO] [1732100581.005608586] [coordinator]: Sending plans
[1;32m[run] |[0m [coordinator-1] [INFO] [1732100581.005892505] [coordinator]: Plans sent
[1;32m[run] |[0m [coordinator-1] [INFO] [1732100581.006138049] [coordinator]: spin
[1;32m[run] |[0m [RosEnv] patrol
[1;32m[run] |[0m [robot-4] [INFO] [1732100581.519953530] [robot]: I heard: "wp1"
[1;32m[run] |[0m [robot-4] [INFO] [1732100581.520254324] [robot]: Publishing: "success"
[1;32m[run] |[0m [agent1] Moving to waypoint wp1
[1;32m[run] |[0m [RosEnv] executing: move(wp1): agent1.
[1;32m[run] |[0m [RosEnv] success
[1;32m[run] |[0m [robot-4] [INFO] [1732100581.667566591] [robot]: I heard: "r2d2"
[1;32m[run] |[0m [robot-4] [INFO] [1732100581.667810552] [robot]: Publishing: "success"
[1;32m[run] |[0m [agent1] Movement completed, resuming patrol.
[1;32m[run] |[0m [agent1] Moving back to initial position.
[1;32m[run] |[0m [RosEnv] executing: move(r2d2): agent1.
[1;32m[run] |[0m [RosEnv] success
[1;32m[run] |[0m [agent1] Movement completed, resuming patrol.
[1;32m[run] |[0m [agent1] Moving to waypoint wp2
[1;32m[run] |[0m [RosEnv] executing: move(wp2): agent1.
[1;32m[run] |[0m [robot-4] [INFO] [1732100581.825488369] [robot]: I heard: "wp2"
[1;32m[run] |[0m [robot-4] [INFO] [1732100581.825778455] [robot]: Publishing: "success"
[1;32m[run] |[0m [RosEnv] success
[1;32m[run] |[0m [robot-4] [INFO] [1732100581.972902346] [robot]: I heard: "r2d2"
[1;32m[run] |[0m [robot-4] [INFO] [1732100581.973208265] [robot]: Publishing: "success"
[1;32m[run] |[0m [agent1] Movement completed, resuming patrol.
[1;32m[run] |[0m [agent1] Moving back to initial position.
[1;32m[run] |[0m [RosEnv] executing: move(r2d2): agent1.
[1;32m[run] |[0m [RosEnv] success
[1;32m[run] |[0m [robot-4] [INFO] [1732100582.124173815] [robot]: I heard: "wp3"
[1;32m[run] |[0m [robot-4] [INFO] [1732100582.124412859] [robot]: Publishing: "success"
[1;32m[run] |[0m [agent1] Movement completed, resuming patrol.
[1;32m[run] |[0m [agent1] Moving to waypoint wp3
[1;32m[run] |[0m [RosEnv] executing: move(wp3): agent1.
[1;32m[run] |[0m [RosEnv] success
[1;32m[run] |[0m [robot-4] [INFO] [1732100582.278741771] [robot]: I heard: "r2d2"
[1;32m[run] |[0m [robot-4] [INFO] [1732100582.278987857] [robot]: Publishing: "success"
[1;32m[run] |[0m [agent1] Movement completed, resuming patrol.
[1;32m[run] |[0m [agent1] Moving back to initial position.
[1;32m[run] |[0m [RosEnv] executing: move(r2d2): agent1.
[1;32m[run] |[0m [RosEnv] success
[1;32m[run] |[0m [robot-4] [INFO] [1732100582.434841075] [robot]: I heard: "wp4"
[1;32m[run] |[0m [robot-4] [INFO] [1732100582.435075202] [robot]: Publishing: "success"
[1;32m[run] |[0m [agent1] Movement completed, resuming patrol.
[1;32m[run] |[0m [agent1] Moving to waypoint wp4
[1;32m[run] |[0m [RosEnv] executing: move(wp4): agent1.
[1;32m[run] |[0m [RosEnv] success
[1;32m[run] |[0m [robot-4] [INFO] [1732100582.579005689] [robot]: I heard: "r2d2"
[1;32m[run] |[0m [robot-4] [INFO] [1732100582.579259483] [robot]: Publishing: "success"
[1;32m[run] |[0m [agent1] Movement completed, resuming patrol.
[1;32m[run] |[0m [agent1] Moving back to initial position.
[1;32m[run] |[0m [RosEnv] executing: move(r2d2): agent1.
[1;32m[run] |[0m [RosEnv] success
[1;32m[run] |[0m [coordinator-1] [INFO] [1732100582.735891041] [coordinator]: Recebido sinal de desligamento, finalizando...
[1;32m[run] |[0m [robot-4] [INFO] [1732100582.735894791] [robot]: Recebido sinal de desligamento, finalizando...
[1;32m[run] |[0m [environment-2] [INFO] [1732100582.735953833] [environment]: Recebido sinal de desligamento, finalizando...
[1;32m[run] |[0m [planner-3] [INFO] [1732100582.735974167] [planner]: Recebido sinal de desligamento, finalizando...
[1;32m[run] |[0m [coordinator-1] [INFO] [1732100582.736186669] [coordinator]: The time of execution of above program is:1.7333056926727295
[1;32m[run] |[0m [robot-4] [INFO] [1732100582.736191960] [Quitting]: Done
[1;32m[run] |[0m [environment-2] [INFO] [1732100582.736260669] [Quitting]: Done
[1;32m[run] |[0m [planner-3] [INFO] [1732100582.736273336] [Quitting]: Done
[1;32m[run] |[0m [coordinator-1] [INFO] [1732100582.736424671] [coordinator]: Achieved
[1;32m[run] |[0m [robot-4] [INFO] [1732100582.736440588] [robot]: stop spin
[1;32m[run] |[0m [environment-2] [INFO] [1732100582.736502130] [environment]: stop spin
[1;32m[run] |[0m [planner-3] [INFO] [1732100582.736612089] [planner]: stop spin
[1;32m[run] |[0m [coordinator-1] [INFO] [1732100582.736714007] [coordinator]: ENDSIM
[1;32m[run] |[0m [coordinator-1] [INFO] [1732100582.737028093] [Quitting]: Done
[1;32m[run] |[0m [coordinator-1] [INFO] [1732100582.737266803] [coordinator]: stop spin
[1;32m[run] |[0m [agent1] Movement completed, no more patrol.
[1;32m[run] |[0m [RosEnv] executing: end: agent1.
[1;32m[run] |[0m [INFO] [coordinator-1]: process has finished cleanly [pid 306]
[1;32m[run] |[0m [INFO] [launch.user]: Node 1 has exited
[1;32m[run] |[0m [INFO] [environment-2]: process has finished cleanly [pid 308]
[1;32m[run] |[0m [INFO] [robot-4]: process has finished cleanly [pid 312]
[1;32m[run] |[0m [INFO] [planner-3]: process has finished cleanly [pid 310]
[1;32m[run] |[0m Todos os serviços foram finalizados.
