7fb4d90b59374b1c20307dacc085e5886312d6c86fdeb0ddef9d6972abb399c3
aa306c2e573e352863f52e149a2a9aadbcc05c62fbefc96425fb045b59e95b21
[1;32m[run] |[0m Iniciando o rosbridge_server...
[1;32m[run] |[0m Esperando pelo serviço em localhost:9090...
[1;32m[run] |[0m [INFO] [launch]: All log files can be found below /root/.ros/log/2024-11-20-11-03-54-095505-aa306c2e573e-40
[1;32m[run] |[0m [INFO] [launch]: Default logging verbosity is set to INFO
[1;32m[run] |[0m [INFO] [rosbridge_websocket-1]: process started with pid [43]
[1;32m[run] |[0m [INFO] [rosapi_node-2]: process started with pid [45]
[1;32m[run] |[0m [rosbridge_websocket-1] [INFO] [1732100634.497891517] [rosbridge_websocket]: Rosbridge WebSocket server started on port 9090
[1;32m[run] |[0m Iniciando o Jason...
[1;32m[run] |[0m 
[1;32m[run] |[0m Welcome to Gradle 7.4!
[1;32m[run] |[0m 
[1;32m[run] |[0m Here are the highlights of this release:
[1;32m[run] |[0m  - Aggregated test and JaCoCo reports
[1;32m[run] |[0m  - Marking additional test source directories as tests in IntelliJ
[1;32m[run] |[0m  - Support for Adoptium JDKs in Java toolchains
[1;32m[run] |[0m 
[1;32m[run] |[0m For more details see https://docs.gradle.org/7.4/release-notes.html
[1;32m[run] |[0m 
[1;32m[run] |[0m Starting a Gradle Daemon (subsequent builds will be faster)
[1;32m[run] |[0m > Task :clean
[1;32m[run] |[0m 
[1;32m[run] |[0m Deprecated Gradle features were used in this build, making it incompatible with Gradle 8.0.
[1;32m[run] |[0m 
[1;32m[run] |[0m You can use '--warning-mode all' to show the individual deprecation warnings and determine if they come from your own scripts or plugins.
[1;32m[run] |[0m 
[1;32m[run] |[0m See https://docs.gradle.org/7.4/userguide/command_line_interface.html#sec:command_line_warnings
[1;32m[run] |[0m 
[1;32m[run] |[0m BUILD SUCCESSFUL in 2s
[1;32m[run] |[0m 1 actionable task: 1 executed
[1;32m[run] |[0m > Task :compileJava
[1;32m[run] |[0m > Task :processResources NO-SOURCE
[1;32m[run] |[0m > Task :classes
[1;32m[run] |[0m [rosbridge_websocket-1] [INFO] [1732100642.676160618] [rosbridge_websocket]: Calling services in existing thread
[1;32m[run] |[0m [rosbridge_websocket-1] [INFO] [1732100642.676464286] [rosbridge_websocket]: Sending action goals in existing thread
[1;32m[run] |[0m [rosbridge_websocket-1] [INFO] [1732100642.677318622] [rosbridge_websocket]: Client connected. 1 clients total.
[1;32m[run] |[0m [rosbridge_websocket-1] [INFO] [1732100642.748289386] [rosbridge_websocket]: [Client 3155d863-8578-4573-9fc3-9c2d7788ccae] Subscribed to /coordinator/jason/plan
[1;32m[run] |[0m [rosbridge_websocket-1] [INFO] [1732100642.748776346] [rosbridge_websocket]: [Client 3155d863-8578-4573-9fc3-9c2d7788ccae] Subscribed to /move_base/result
[1;32m[run] |[0m 
[1;32m[run] |[0m > Task :run
[1;32m[run] |[0m Connecting to : ws://localhost:9090
[1;32m[run] |[0m 2024-11-20 11:04:02.630:INFO::main: Logging initialized @156ms
[1;32m[run] |[0m Got connect for ros: WebSocketSession[websocket=JettyAnnotatedEventDriver[ros.RosBridge@30b301dd],behavior=CLIENT,connection=WebSocketClientConnection@6e8bcd43{IDLE}{f=Flusher[queueSize=0,aggregateSize=0,failure=null],g=Generator[CLIENT,validating],p=Parser@1edc8c66[ExtensionStack,s=START,c=0,len=0,f=null,p=WebSocketPolicy@2b784d4a[behavior=CLIENT,maxTextMessageSize=65536,maxTextMessageBufferSize=32768,maxBinaryMessageSize=65536,maxBinaryMessageBufferSize=32768,asyncWriteTimeout=60000,idleTimeout=300000,inputBufferSize=4096]]},remote=WebSocketRemoteEndpoint@3ed1c11[batching=true],incoming=JettyAnnotatedEventDriver[ros.RosBridge@30b301dd],outgoing=ExtensionStack[queueSize=0,extensions=[],incoming=org.eclipse.jetty.websocket.common.WebSocketSession,outgoing=org.eclipse.jetty.websocket.client.io.WebSocketClientConnection]]
[1;32m[run] |[0m [RosEnv] Environment started, connection with ROS established.
[1;32m[run] |[0m Jason Http Server running on http://10.89.0.2:3272
[1;32m[run] |[0m Iniciando o murosa_plan_patrol...
[1;32m[run] |[0m [INFO] [launch]: All log files can be found below /root/.ros/log/2024-11-20-11-04-09-361684-aa306c2e573e-305
[1;32m[run] |[0m [INFO] [launch]: Default logging verbosity is set to INFO
[1;32m[run] |[0m [INFO] [coordinator-1]: process started with pid [306]
[1;32m[run] |[0m [INFO] [environment-2]: process started with pid [308]
[1;32m[run] |[0m [INFO] [planner-3]: process started with pid [310]
[1;32m[run] |[0m [INFO] [robot-4]: process started with pid [312]
[1;32m[run] |[0m [coordinator-1] [INFO] [1732100649.497096157] [coordinator]: Starting Coordinator server
[1;32m[run] |[0m [robot-4] [INFO] [1732100649.498793787] [robot]: Starting Robot server
[1;32m[run] |[0m [robot-4] [INFO] [1732100649.502390632] [robot]: Robot server started
[1;32m[run] |[0m [robot-4] [INFO] [1732100649.502575966] [robot]: spin
[1;32m[run] |[0m [coordinator-1] [INFO] [1732100649.504475888] [coordinator]: Coordinator server started
[1;32m[run] |[0m [coordinator-1] [INFO] [1732100649.504809306] [coordinator]: Starting Coordinator clients
[1;32m[run] |[0m [environment-2] [INFO] [1732100649.515398006] [environment]: Starting Environment server
[1;32m[run] |[0m [environment-2] [INFO] [1732100649.518433766] [environment]: Environment server started
[1;32m[run] |[0m [environment-2] [INFO] [1732100649.519108059] [environment]: spin
[1;32m[run] |[0m [planner-3] [INFO] [1732100650.221325472] [planner]: Starting Planner server
[1;32m[run] |[0m [planner-3] [INFO] [1732100650.223260853] [planner]: Planner server started
[1;32m[run] |[0m [planner-3] [INFO] [1732100650.223566688] [planner]: spin
[1;32m[run] |[0m [coordinator-1] [INFO] [1732100650.259976302] [coordinator]: Coordinator clients started
[1;32m[run] |[0m [coordinator-1] [INFO] [1732100650.260181427] [coordinator]: Planing
[1;32m[run] |[0m [coordinator-1] [INFO] [1732100650.260367595] [coordinator]: Creating plan for: r2d2
[1;32m[run] |[0m [planner-3] [INFO] [1732100650.260911513] [planner]: Receiving sync message. need_plan,r2d2
[1;32m[run] |[0m [planner-3] [INFO] [1732100650.261124680] [planner]: Creating plan for: r2d2
[1;32m[run] |[0m [planner-3] [INFO] [1732100650.261583724] [planner]: patrol,r2d2
[1;32m[run] |[0m [planner-3] [INFO] [1732100650.261763807] [planner]: Sending response
[1;32m[run] |[0m [coordinator-1] [INFO] [1732100650.262323434] [coordinator]: Plan received for: r2d2
[1;32m[run] |[0m [coordinator-1] [INFO] [1732100650.262519060] [coordinator]: patrol,r2d2
[1;32m[run] |[0m [coordinator-1] [INFO] [1732100650.262708310] [coordinator]: Sending plans
[1;32m[run] |[0m [coordinator-1] [INFO] [1732100650.263102812] [coordinator]: Plans sent
[1;32m[run] |[0m [coordinator-1] [INFO] [1732100650.263342729] [coordinator]: spin
[1;32m[run] |[0m [RosEnv] patrol
[1;32m[run] |[0m [robot-4] [INFO] [1732100650.975243006] [robot]: I heard: "wp1"
[1;32m[run] |[0m [robot-4] [INFO] [1732100650.975524632] [robot]: Publishing: "success"
[1;32m[run] |[0m [agent1] Moving to waypoint wp1
[1;32m[run] |[0m [RosEnv] executing: move(wp1): agent1.
[1;32m[run] |[0m [RosEnv] success
[1;32m[run] |[0m [robot-4] [INFO] [1732100651.136714596] [robot]: I heard: "r2d2"
[1;32m[run] |[0m [robot-4] [INFO] [1732100651.136998555] [robot]: Publishing: "success"
[1;32m[run] |[0m [agent1] Movement completed, resuming patrol.
[1;32m[run] |[0m [agent1] Moving back to initial position.
[1;32m[run] |[0m [RosEnv] executing: move(r2d2): agent1.
[1;32m[run] |[0m [RosEnv] success
[1;32m[run] |[0m [robot-4] [INFO] [1732100651.283022180] [robot]: I heard: "wp2"
[1;32m[run] |[0m [robot-4] [INFO] [1732100651.283305931] [robot]: Publishing: "success"
[1;32m[run] |[0m [agent1] Movement completed, resuming patrol.
[1;32m[run] |[0m [agent1] Moving to waypoint wp2
[1;32m[run] |[0m [RosEnv] executing: move(wp2): agent1.
[1;32m[run] |[0m [RosEnv] success
[1;32m[run] |[0m [robot-4] [INFO] [1732100651.442165222] [robot]: I heard: "r2d2"
[1;32m[run] |[0m [robot-4] [INFO] [1732100651.442501389] [robot]: Publishing: "success"
[1;32m[run] |[0m [agent1] Movement completed, resuming patrol.
[1;32m[run] |[0m [agent1] Moving back to initial position.
[1;32m[run] |[0m [RosEnv] executing: move(r2d2): agent1.
[1;32m[run] |[0m [RosEnv] success
[1;32m[run] |[0m [robot-4] [INFO] [1732100651.593650572] [robot]: I heard: "wp3"
[1;32m[run] |[0m [robot-4] [INFO] [1732100651.593913156] [robot]: Publishing: "success"
[1;32m[run] |[0m [agent1] Movement completed, resuming patrol.
[1;32m[run] |[0m [agent1] Moving to waypoint wp3
[1;32m[run] |[0m [RosEnv] executing: move(wp3): agent1.
[1;32m[run] |[0m [RosEnv] success
[1;32m[run] |[0m [robot-4] [INFO] [1732100651.748516350] [robot]: I heard: "r2d2"
[1;32m[run] |[0m [robot-4] [INFO] [1732100651.748753601] [robot]: Publishing: "success"
[1;32m[run] |[0m [agent1] Movement completed, resuming patrol.
[1;32m[run] |[0m [agent1] Moving back to initial position.
[1;32m[run] |[0m [RosEnv] executing: move(r2d2): agent1.
[1;32m[run] |[0m [RosEnv] success
[1;32m[run] |[0m [robot-4] [INFO] [1732100651.900275951] [robot]: I heard: "wp4"
[1;32m[run] |[0m [robot-4] [INFO] [1732100651.900529744] [robot]: Publishing: "success"
[1;32m[run] |[0m [agent1] Movement completed, resuming patrol.
[1;32m[run] |[0m [agent1] Moving to waypoint wp4
[1;32m[run] |[0m [RosEnv] executing: move(wp4): agent1.
[1;32m[run] |[0m [RosEnv] success
[1;32m[run] |[0m [robot-4] [INFO] [1732100652.059266659] [robot]: I heard: "r2d2"
[1;32m[run] |[0m [robot-4] [INFO] [1732100652.059514201] [robot]: Publishing: "success"
[1;32m[run] |[0m [agent1] Movement completed, resuming patrol.
[1;32m[run] |[0m [agent1] Moving back to initial position.
[1;32m[run] |[0m [RosEnv] executing: move(r2d2): agent1.
[1;32m[run] |[0m [RosEnv] success
[1;32m[run] |[0m [robot-4] [INFO] [1732100652.210957468] [robot]: Recebido sinal de desligamento, finalizando...
[1;32m[run] |[0m [coordinator-1] [INFO] [1732100652.211034510] [coordinator]: Recebido sinal de desligamento, finalizando...
[1;32m[run] |[0m [environment-2] [INFO] [1732100652.211033760] [environment]: Recebido sinal de desligamento, finalizando...
[1;32m[run] |[0m [planner-3] [INFO] [1732100652.211050010] [planner]: Recebido sinal de desligamento, finalizando...
[1;32m[run] |[0m [robot-4] [INFO] [1732100652.211279136] [Quitting]: Done
[1;32m[run] |[0m [coordinator-1] [INFO] [1732100652.211335136] [coordinator]: The time of execution of above program is:1.951054334640503
[1;32m[run] |[0m [planner-3] [INFO] [1732100652.211372095] [Quitting]: Done
[1;32m[run] |[0m [environment-2] [INFO] [1732100652.211382178] [Quitting]: Done
[1;32m[run] |[0m [robot-4] [INFO] [1732100652.211535637] [robot]: stop spin
[1;32m[run] |[0m [coordinator-1] [INFO] [1732100652.211571304] [coordinator]: Achieved
[1;32m[run] |[0m [planner-3] [INFO] [1732100652.211617304] [planner]: stop spin
[1;32m[run] |[0m [environment-2] [INFO] [1732100652.211689929] [environment]: stop spin
[1;32m[run] |[0m [coordinator-1] [INFO] [1732100652.211879388] [coordinator]: ENDSIM
[1;32m[run] |[0m [coordinator-1] [INFO] [1732100652.212184514] [Quitting]: Done
[1;32m[run] |[0m [coordinator-1] [INFO] [1732100652.212439015] [coordinator]: stop spin
[1;32m[run] |[0m [agent1] Movement completed, no more patrol.
[1;32m[run] |[0m [RosEnv] executing: end: agent1.
[1;32m[run] |[0m [INFO] [environment-2]: process has finished cleanly [pid 308]
[1;32m[run] |[0m [INFO] [coordinator-1]: process has finished cleanly [pid 306]
[1;32m[run] |[0m [INFO] [launch.user]: Node 1 has exited
[1;32m[run] |[0m [INFO] [robot-4]: process has finished cleanly [pid 312]
[1;32m[run] |[0m [INFO] [planner-3]: process has finished cleanly [pid 310]
[1;32m[run] |[0m Todos os serviços foram finalizados.
