4be718802726c778929c9a0fe763b1d0a18c9435ec633cc1cf73eefecd23cc8d
082bcd515a8dee19c999108de7933f01d43df677f7b6316690a8bfada29e2ef4
[1;32m[run] |[0m Iniciando o rosbridge_server...
[1;32m[run] |[0m Esperando pelo serviço em localhost:9090...
[1;32m[run] |[0m [INFO] [launch]: All log files can be found below /root/.ros/log/2024-11-20-10-59-16-941194-082bcd515a8d-40
[1;32m[run] |[0m [INFO] [launch]: Default logging verbosity is set to INFO
[1;32m[run] |[0m [INFO] [rosbridge_websocket-1]: process started with pid [43]
[1;32m[run] |[0m [INFO] [rosapi_node-2]: process started with pid [45]
[1;32m[run] |[0m [rosbridge_websocket-1] [INFO] [1732100357.366360046] [rosbridge_websocket]: Rosbridge WebSocket server started on port 9090
[1;32m[run] |[0m Iniciando o Jason...
[1;32m[run] |[0m 
[1;32m[run] |[0m Welcome to Gradle 7.4!
[1;32m[run] |[0m 
[1;32m[run] |[0m Here are the highlights of this release:
[1;32m[run] |[0m  - Aggregated test and JaCoCo reports
[1;32m[run] |[0m  - Marking additional test source directories as tests in IntelliJ
[1;32m[run] |[0m  - Support for Adoptium JDKs in Java toolchains
[1;32m[run] |[0m 
[1;32m[run] |[0m For more details see https://docs.gradle.org/7.4/release-notes.html
[1;32m[run] |[0m 
[1;32m[run] |[0m Starting a Gradle Daemon (subsequent builds will be faster)
[1;32m[run] |[0m > Task :clean
[1;32m[run] |[0m 
[1;32m[run] |[0m Deprecated Gradle features were used in this build, making it incompatible with Gradle 8.0.
[1;32m[run] |[0m 
[1;32m[run] |[0m You can use '--warning-mode all' to show the individual deprecation warnings and determine if they come from your own scripts or plugins.
[1;32m[run] |[0m 
[1;32m[run] |[0m See https://docs.gradle.org/7.4/userguide/command_line_interface.html#sec:command_line_warnings
[1;32m[run] |[0m 
[1;32m[run] |[0m BUILD SUCCESSFUL in 2s
[1;32m[run] |[0m 1 actionable task: 1 executed
[1;32m[run] |[0m > Task :compileJava
[1;32m[run] |[0m > Task :processResources NO-SOURCE
[1;32m[run] |[0m > Task :classes
[1;32m[run] |[0m [rosbridge_websocket-1] [INFO] [1732100365.640946463] [rosbridge_websocket]: Calling services in existing thread
[1;32m[run] |[0m [rosbridge_websocket-1] [INFO] [1732100365.641287506] [rosbridge_websocket]: Sending action goals in existing thread
[1;32m[run] |[0m [rosbridge_websocket-1] [INFO] [1732100365.641855341] [rosbridge_websocket]: Client connected. 1 clients total.
[1;32m[run] |[0m [rosbridge_websocket-1] [INFO] [1732100365.713101702] [rosbridge_websocket]: [Client f57cc85f-480c-432d-aafe-3ffe3eb8f798] Subscribed to /coordinator/jason/plan
[1;32m[run] |[0m [rosbridge_websocket-1] [INFO] [1732100365.713609496] [rosbridge_websocket]: [Client f57cc85f-480c-432d-aafe-3ffe3eb8f798] Subscribed to /move_base/result
[1;32m[run] |[0m 
[1;32m[run] |[0m > Task :run
[1;32m[run] |[0m Connecting to : ws://localhost:9090
[1;32m[run] |[0m 2024-11-20 10:59:25.574:INFO::main: Logging initialized @152ms
[1;32m[run] |[0m Got connect for ros: WebSocketSession[websocket=JettyAnnotatedEventDriver[ros.RosBridge@1d996ea6],behavior=CLIENT,connection=WebSocketClientConnection@4f748c3{IDLE}{f=Flusher[queueSize=0,aggregateSize=0,failure=null],g=Generator[CLIENT,validating],p=Parser@64a68dfd[ExtensionStack,s=START,c=0,len=0,f=null,p=WebSocketPolicy@2627f940[behavior=CLIENT,maxTextMessageSize=65536,maxTextMessageBufferSize=32768,maxBinaryMessageSize=65536,maxBinaryMessageBufferSize=32768,asyncWriteTimeout=60000,idleTimeout=300000,inputBufferSize=4096]]},remote=WebSocketRemoteEndpoint@701d4f7c[batching=true],incoming=JettyAnnotatedEventDriver[ros.RosBridge@1d996ea6],outgoing=ExtensionStack[queueSize=0,extensions=[],incoming=org.eclipse.jetty.websocket.common.WebSocketSession,outgoing=org.eclipse.jetty.websocket.client.io.WebSocketClientConnection]]
[1;32m[run] |[0m Jason Http Server running on http://10.89.0.2:3272
[1;32m[run] |[0m [RosEnv] Environment started, connection with ROS established.
[1;32m[run] |[0m Iniciando o murosa_plan_patrol...
[1;32m[run] |[0m [INFO] [launch]: All log files can be found below /root/.ros/log/2024-11-20-10-59-32-119872-082bcd515a8d-304
[1;32m[run] |[0m [INFO] [launch]: Default logging verbosity is set to INFO
[1;32m[run] |[0m [INFO] [coordinator-1]: process started with pid [305]
[1;32m[run] |[0m [INFO] [environment-2]: process started with pid [307]
[1;32m[run] |[0m [INFO] [planner-3]: process started with pid [309]
[1;32m[run] |[0m [INFO] [robot-4]: process started with pid [311]
[1;32m[run] |[0m [coordinator-1] [INFO] [1732100372.245937118] [coordinator]: Starting Coordinator server
[1;32m[run] |[0m [environment-2] [INFO] [1732100372.247190372] [environment]: Starting Environment server
[1;32m[run] |[0m [environment-2] [INFO] [1732100372.249688131] [environment]: Environment server started
[1;32m[run] |[0m [environment-2] [INFO] [1732100372.249889548] [environment]: spin
[1;32m[run] |[0m [coordinator-1] [INFO] [1732100372.250723176] [coordinator]: Coordinator server started
[1;32m[run] |[0m [coordinator-1] [INFO] [1732100372.250916968] [coordinator]: Starting Coordinator clients
[1;32m[run] |[0m [robot-4] [INFO] [1732100372.260781667] [robot]: Starting Robot server
[1;32m[run] |[0m [robot-4] [INFO] [1732100372.264270637] [robot]: Robot server started
[1;32m[run] |[0m [robot-4] [INFO] [1732100372.264457096] [robot]: spin
[1;32m[run] |[0m [planner-3] [INFO] [1732100372.949417863] [planner]: Starting Planner server
[1;32m[run] |[0m [planner-3] [INFO] [1732100372.951562120] [planner]: Planner server started
[1;32m[run] |[0m [planner-3] [INFO] [1732100372.951757871] [planner]: spin
[1;32m[run] |[0m [coordinator-1] [INFO] [1732100373.006777512] [coordinator]: Coordinator clients started
[1;32m[run] |[0m [coordinator-1] [INFO] [1732100373.006996554] [coordinator]: Planing
[1;32m[run] |[0m [coordinator-1] [INFO] [1732100373.007181846] [coordinator]: Creating plan for: r2d2
[1;32m[run] |[0m [planner-3] [INFO] [1732100373.007731098] [planner]: Receiving sync message. need_plan,r2d2
[1;32m[run] |[0m [planner-3] [INFO] [1732100373.007939140] [planner]: Creating plan for: r2d2
[1;32m[run] |[0m [planner-3] [INFO] [1732100373.009159519] [planner]: patrol,r2d2
[1;32m[run] |[0m [planner-3] [INFO] [1732100373.009399729] [planner]: Sending response
[1;32m[run] |[0m [coordinator-1] [INFO] [1732100373.009888105] [coordinator]: Plan received for: r2d2
[1;32m[run] |[0m [coordinator-1] [INFO] [1732100373.010066189] [coordinator]: patrol,r2d2
[1;32m[run] |[0m [coordinator-1] [INFO] [1732100373.010393149] [coordinator]: Sending plans
[1;32m[run] |[0m [coordinator-1] [INFO] [1732100373.010735608] [coordinator]: Plans sent
[1;32m[run] |[0m [coordinator-1] [INFO] [1732100373.010962650] [coordinator]: spin
[1;32m[run] |[0m [RosEnv] patrol
[1;32m[run] |[0m [robot-4] [INFO] [1732100373.942506817] [robot]: I heard: "wp1"
[1;32m[run] |[0m [robot-4] [INFO] [1732100373.942781568] [robot]: Publishing: "success"
[1;32m[run] |[0m [agent1] Moving to waypoint wp1
[1;32m[run] |[0m [RosEnv] executing: move(wp1): agent1.
[1;32m[run] |[0m [RosEnv] success
[1;32m[run] |[0m [robot-4] [INFO] [1732100374.099288336] [robot]: I heard: "r2d2"
[1;32m[run] |[0m [robot-4] [INFO] [1732100374.099544337] [robot]: Publishing: "success"
[1;32m[run] |[0m [agent1] Movement completed, resuming patrol.
[1;32m[run] |[0m [agent1] Moving back to initial position.
[1;32m[run] |[0m [RosEnv] executing: move(r2d2): agent1.
[1;32m[run] |[0m [RosEnv] success
[1;32m[run] |[0m [robot-4] [INFO] [1732100374.249059790] [robot]: I heard: "wp2"
[1;32m[run] |[0m [robot-4] [INFO] [1732100374.249316541] [robot]: Publishing: "success"
[1;32m[run] |[0m [agent1] Movement completed, resuming patrol.
[1;32m[run] |[0m [agent1] Moving to waypoint wp2
[1;32m[run] |[0m [RosEnv] executing: move(wp2): agent1.
[1;32m[run] |[0m [RosEnv] success
[1;32m[run] |[0m [robot-4] [INFO] [1732100374.412771707] [robot]: I heard: "r2d2"
[1;32m[run] |[0m [robot-4] [INFO] [1732100374.413012458] [robot]: Publishing: "success"
[1;32m[run] |[0m [agent1] Movement completed, resuming patrol.
[1;32m[run] |[0m [agent1] Moving back to initial position.
[1;32m[run] |[0m [RosEnv] executing: move(r2d2): agent1.
[1;32m[run] |[0m [RosEnv] success
[1;32m[run] |[0m [robot-4] [INFO] [1732100374.568061305] [robot]: I heard: "wp3"
[1;32m[run] |[0m [robot-4] [INFO] [1732100374.568335264] [robot]: Publishing: "success"
[1;32m[run] |[0m [agent1] Movement completed, resuming patrol.
[1;32m[run] |[0m [agent1] Moving to waypoint wp3
[1;32m[run] |[0m [RosEnv] executing: move(wp3): agent1.
[1;32m[run] |[0m [RosEnv] success
[1;32m[run] |[0m [robot-4] [INFO] [1732100374.727069956] [robot]: I heard: "r2d2"
[1;32m[run] |[0m [robot-4] [INFO] [1732100374.727342373] [robot]: Publishing: "success"
[1;32m[run] |[0m [agent1] Movement completed, resuming patrol.
[1;32m[run] |[0m [agent1] Moving back to initial position.
[1;32m[run] |[0m [RosEnv] executing: move(r2d2): agent1.
[1;32m[run] |[0m [RosEnv] success
[1;32m[run] |[0m [agent1] Movement completed, resuming patrol.
[1;32m[run] |[0m [agent1] Moving to waypoint wp4
[1;32m[run] |[0m [RosEnv] executing: move(wp4): agent1.
[1;32m[run] |[0m [robot-4] [INFO] [1732100374.879129584] [robot]: I heard: "wp4"
[1;32m[run] |[0m [robot-4] [INFO] [1732100374.879371543] [robot]: Publishing: "success"
[1;32m[run] |[0m [RosEnv] success
[1;32m[run] |[0m [robot-4] [INFO] [1732100375.029831333] [robot]: I heard: "r2d2"
[1;32m[run] |[0m [robot-4] [INFO] [1732100375.030110417] [robot]: Publishing: "success"
[1;32m[run] |[0m [agent1] Movement completed, resuming patrol.
[1;32m[run] |[0m [agent1] Moving back to initial position.
[1;32m[run] |[0m [RosEnv] executing: move(r2d2): agent1.
[1;32m[run] |[0m [RosEnv] success
[1;32m[run] |[0m [robot-4] [INFO] [1732100375.189132819] [robot]: Recebido sinal de desligamento, finalizando...
[1;32m[run] |[0m [coordinator-1] [INFO] [1732100375.189141902] [coordinator]: Recebido sinal de desligamento, finalizando...
[1;32m[run] |[0m [environment-2] [INFO] [1732100375.189217986] [environment]: Recebido sinal de desligamento, finalizando...
[1;32m[run] |[0m [planner-3] [INFO] [1732100375.189249152] [planner]: Recebido sinal de desligamento, finalizando...
[1;32m[run] |[0m [coordinator-1] [INFO] [1732100375.189458570] [coordinator]: The time of execution of above program is:2.1823506355285645
[1;32m[run] |[0m [robot-4] [INFO] [1732100375.189461570] [Quitting]: Done
[1;32m[run] |[0m [environment-2] [INFO] [1732100375.189548820] [Quitting]: Done
[1;32m[run] |[0m [planner-3] [INFO] [1732100375.189560903] [Quitting]: Done
[1;32m[run] |[0m [robot-4] [INFO] [1732100375.189689237] [robot]: stop spin
[1;32m[run] |[0m [coordinator-1] [INFO] [1732100375.189692904] [coordinator]: Achieved
[1;32m[run] |[0m [planner-3] [INFO] [1732100375.189839321] [planner]: stop spin
[1;32m[run] |[0m [environment-2] [INFO] [1732100375.189850029] [environment]: stop spin
[1;32m[run] |[0m [coordinator-1] [INFO] [1732100375.190044988] [coordinator]: ENDSIM
[1;32m[run] |[0m [coordinator-1] [INFO] [1732100375.190346239] [Quitting]: Done
[1;32m[run] |[0m [coordinator-1] [INFO] [1732100375.190619157] [coordinator]: stop spin
[1;32m[run] |[0m [agent1] Movement completed, no more patrol.
[1;32m[run] |[0m [RosEnv] executing: end: agent1.
[1;32m[run] |[0m [INFO] [robot-4]: process has finished cleanly [pid 311]
[1;32m[run] |[0m [INFO] [environment-2]: process has finished cleanly [pid 307]
[1;32m[run] |[0m [INFO] [coordinator-1]: process has finished cleanly [pid 305]
[1;32m[run] |[0m [INFO] [launch.user]: Node 1 has exited
[1;32m[run] |[0m [INFO] [planner-3]: process has finished cleanly [pid 309]
[1;32m[run] |[0m Todos os serviços foram finalizados.
