[INFO] [launch]: All log files can be found below /home/rafael/.ros/log/2025-05-29-22-40-36-677790-NotebookRafael-116274
[INFO] [launch]: Default logging verbosity is set to INFO
[INFO] [disinfect_coordinator-1]: process started with pid [116276]
[disinfect_coordinator-1] [INFO] [1748569237.717604549] [disinfect_coordinator]: spin
[disinfect_coordinator-1] [INFO] [1748569237.718516141] [disinfect_coordinator]: Received: Performative=request, Sender=uvdrobot, Receiver=Coordinator, Content=Register
[disinfect_coordinator-1] [INFO] [1748569237.718820018] [disinfect_coordinator]: Current uvdrobots: uvdrobot1 - 1
[disinfect_coordinator-1] [INFO] [1748569237.719101889] [disinfect_coordinator]: Response: uvdrobot1
[disinfect_coordinator-1] [INFO] [1748569237.719899721] [disinfect_coordinator]: Received: Performative=request, Sender=nurse_disinfected, Receiver=Coordinator, Content=Register
[disinfect_coordinator-1] [INFO] [1748569237.720200739] [disinfect_coordinator]: Current nurses: nurse_disinfected1 - 1
[disinfect_coordinator-1] [INFO] [1748569237.720444202] [disinfect_coordinator]: Response: nurse_disinfected1
[disinfect_coordinator-1] [INFO] [1748569237.721220712] [disinfect_coordinator]: Received: Performative=request, Sender=spotrobot, Receiver=Coordinator, Content=Register
[disinfect_coordinator-1] [INFO] [1748569237.721517925] [disinfect_coordinator]: Current Spotrobots: spotrobot1 - 1
[disinfect_coordinator-1] [INFO] [1748569237.721822111] [disinfect_coordinator]: Response: spotrobot1
[disinfect_coordinator-1] [INFO] [1748569237.722484908] [disinfect_coordinator]: context: nurse_disinfected1 room1 spotrobot1 uvdrobot1
[disinfect_coordinator-1] [INFO] [1748569237.722783714] [disinfect_coordinator]: Starting mission with context: ('nurse_disinfected1', 'room1', 'spotrobot1', 'uvdrobot1')
[disinfect_coordinator-1] [INFO] [1748569237.723075922] [disinfect_coordinator]: Creating plan for: spotrobot1,uvdrobot1,nurse_disinfected1 
[disinfect_coordinator-1] [INFO] [1748569237.728655151] [disinfect_coordinator]: Plan received for: spotrobot1,uvdrobot1,nurse_disinfected1 
[disinfect_coordinator-1] [INFO] [1748569237.728959740] [disinfect_coordinator]: a_navto,spotrobot1,room1/a_open_door,spotrobot1,room1/a_approach_nurse,spotrobot1,nurse_disinfected1/a_authenticate_nurse,spotrobot1,nurse_disinfected1/a_authorize_patrol,spotrobot1,nurse_disinfected1/a_patrol_room,spotrobot1,room1/a_authorize_disinfect,uvdrobot1,spotrobot1/a_navto,uvdrobot1,room1/a_disinfect_room,uvdrobot1,room1
[disinfect_coordinator-1] [INFO] [1748569237.729262783] [disinfect_coordinator]: Sending plans
[disinfect_coordinator-1] [INFO] [1748569237.730013445] [disinfect_coordinator]: Plans sent
[disinfect_coordinator-1] [INFO] [1748569238.739299815] [disinfect_coordinator]: Received: Performative=inform, Sender=nurse_disinfected1, Receiver=Coordinator, Content=infectedRoom
[disinfect_coordinator-1] [INFO] [1748569238.766770944] [disinfect_coordinator]: Freeing agent: spotrobot1
[disinfect_coordinator-1] [INFO] [1748569238.767130960] [disinfect_coordinator]: Freeing agent: uvdrobot1
[disinfect_coordinator-1] [INFO] [1748569238.767421696] [disinfect_coordinator]: Freeing agent: nurse_disinfected1
[disinfect_coordinator-1] [INFO] [1748569238.767809514] [disinfect_coordinator]: Mission Completed
[disinfect_coordinator-1] [INFO] [1748569238.768308465] [disinfect_coordinator]: Ending simulation
[disinfect_coordinator-1] [INFO] [1748569238.768937310] [Quitting]: Done
[disinfect_coordinator-1] [INFO] [1748569238.769433643] [disinfect_coordinator]: stop spin
[INFO] [disinfect_coordinator-1]: process has finished cleanly [pid 116276]
