[INFO] [launch]: All log files can be found below /home/rafael/.ros/log/2025-05-30-12-57-16-746475-NotebookRafael-27100
[INFO] [launch]: Default logging verbosity is set to INFO
[INFO] [disinfect_environment-1]: process started with pid [27103]
[INFO] [disinfect_planner-2]: process started with pid [27105]
[INFO] [nurse_disinfect-3]: process started with pid [27107]
[INFO] [uvdrobot-4]: process started with pid [27109]
[INFO] [spotrobot-5]: process started with pid [27111]
[disinfect_environment-1] [INFO] [1748620636.998951713] [disinfect_environment]: Starting Environment server
[disinfect_environment-1] [INFO] [1748620637.004093107] [disinfect_environment]: Environment server started
[disinfect_planner-2] [INFO] [1748620637.569175378] [disinfect_planner]: Starting Planner server
[disinfect_planner-2] [INFO] [1748620637.573565486] [disinfect_planner]: Planner server started
[disinfect_planner-2] [INFO] [1748620637.798941802] [disinfect_planner]: Creating plan for: spotrobot1 uvdrobot1 nurse_disinfected1
[disinfect_planner-2] [INFO] [1748620637.801232819] [disinfect_planner]: a_navto,spotrobot1,room1
[disinfect_planner-2] [INFO] [1748620637.801687774] [disinfect_planner]: a_open_door,spotrobot1,room1
[disinfect_planner-2] [INFO] [1748620637.802137816] [disinfect_planner]: a_approach_nurse,spotrobot1,nurse_disinfected1
[disinfect_planner-2] [INFO] [1748620637.802624745] [disinfect_planner]: a_authenticate_nurse,spotrobot1,nurse_disinfected1
[disinfect_planner-2] [INFO] [1748620637.803119114] [disinfect_planner]: a_authorize_patrol,spotrobot1,nurse_disinfected1
[disinfect_planner-2] [INFO] [1748620637.803556917] [disinfect_planner]: a_patrol_room,spotrobot1,room1
[spotrobot-5] [INFO] [1748620637.803884706] [spotrobot]: response.response spotrobot1
[disinfect_planner-2] [INFO] [1748620637.803991325] [disinfect_planner]: a_authorize_disinfect,uvdrobot1,spotrobot1
[spotrobot-5] [INFO] [1748620637.804246208] [spotrobot]: My name is spotrobot1
[disinfect_planner-2] [INFO] [1748620637.804417177] [disinfect_planner]: a_navto,uvdrobot1,room1
[disinfect_planner-2] [INFO] [1748620637.804863985] [disinfect_planner]: a_disinfect_room,uvdrobot1,room1
[disinfect_planner-2] [INFO] [1748620637.805304784] [disinfect_planner]: Sending response
[spotrobot-5] [INFO] [1748620637.807512970] [spotrobot]: I heard: "{"performative": "request", "sender": "Coordinator", "receiver": "uvdrobot1", "content": "Plan|a_authorize_disinfect,uvdrobot1,spotrobot1/a_navto,uvdrobot1,room1/a_disinfect_room,uvdrobot1,room1"}"
[spotrobot-5] [INFO] [1748620637.808078566] [spotrobot]: And it is not for me
[uvdrobot-4] [INFO] [1748620637.808637233] [uvdrobot]: response.response uvdrobot1
[spotrobot-5] [INFO] [1748620637.808950443] [spotrobot]: I heard: "{"performative": "request", "sender": "Coordinator", "receiver": "spotrobot1", "content": "Plan|a_navto,spotrobot1,room1/a_open_door,spotrobot1,room1/a_approach_nurse,spotrobot1,nurse_disinfected1/a_authenticate_nurse,spotrobot1,nurse_disinfected1/a_authorize_patrol,spotrobot1,nurse_disinfected1/a_patrol_room,spotrobot1,room1/a_authorize_disinfect,uvdrobot1,spotrobot1"}"
[uvdrobot-4] [INFO] [1748620637.809013625] [uvdrobot]: My name is uvdrobot1
[spotrobot-5] [INFO] [1748620637.809475175] [spotrobot]: And it is for me
[uvdrobot-4] [INFO] [1748620637.809789808] [uvdrobot]: I heard: "{"performative": "request", "sender": "Coordinator", "receiver": "uvdrobot1", "content": "Plan|a_authorize_disinfect,uvdrobot1,spotrobot1/a_navto,uvdrobot1,room1/a_disinfect_room,uvdrobot1,room1"}"
[nurse_disinfect-3] [INFO] [1748620637.810125861] [nurse_disinfect]: response.response nurse_disinfected1
[spotrobot-5] [INFO] [1748620637.810143885] [spotrobot]: Doing a_navto
[uvdrobot-4] [INFO] [1748620637.810184592] [uvdrobot]: And it is for me
[uvdrobot-4] [INFO] [1748620637.810556101] [uvdrobot]: Doing a_authorize_disinfect
[nurse_disinfect-3] [INFO] [1748620637.810755997] [nurse_disinfect]: My name is nurse_disinfected1
[spotrobot-5] [INFO] [1748620637.810824986] [spotrobot]: Wating for response
[uvdrobot-4] [INFO] [1748620637.810897581] [uvdrobot]: a_authorize_disinfect
[uvdrobot-4] [INFO] [1748620637.811168561] [uvdrobot]: Here first, waiting for spotrobot
[spotrobot-5] [INFO] [1748620637.811641472] [spotrobot]: I heard: "{"performative": "request", "sender": "Coordinator", "receiver": "nurse_disinfected1", "content": "Plan|a_approach_nurse,spotrobot1,nurse_disinfected1/a_authenticate_nurse,spotrobot1,nurse_disinfected1/a_authorize_patrol,spotrobot1,nurse_disinfected1"}"
[uvdrobot-4] [INFO] [1748620637.812014693] [uvdrobot]: I heard: "{"performative": "request", "sender": "Coordinator", "receiver": "spotrobot1", "content": "Plan|a_navto,spotrobot1,room1/a_open_door,spotrobot1,room1/a_approach_nurse,spotrobot1,nurse_disinfected1/a_authenticate_nurse,spotrobot1,nurse_disinfected1/a_authorize_patrol,spotrobot1,nurse_disinfected1/a_patrol_room,spotrobot1,room1/a_authorize_disinfect,uvdrobot1,spotrobot1"}"
[spotrobot-5] [INFO] [1748620637.812171048] [spotrobot]: And it is not for me
[uvdrobot-4] [INFO] [1748620637.812334778] [uvdrobot]: And it is not for me
[uvdrobot-4] [INFO] [1748620637.812719622] [uvdrobot]: I heard: "{"performative": "query", "sender": "uvdrobot1", "receiver": "spotrobot1", "content": "Ready|a_authorize_disinfect"}"
[uvdrobot-4] [INFO] [1748620637.812990744] [uvdrobot]: And it is not for me
[spotrobot-5] [INFO] [1748620637.813101342] [spotrobot]: I heard: "{"performative": "query", "sender": "uvdrobot1", "receiver": "spotrobot1", "content": "Ready|a_authorize_disinfect"}"
[uvdrobot-4] [INFO] [1748620637.813537319] [uvdrobot]: I heard: "{"performative": "request", "sender": "Coordinator", "receiver": "nurse_disinfected1", "content": "Plan|a_approach_nurse,spotrobot1,nurse_disinfected1/a_authenticate_nurse,spotrobot1,nurse_disinfected1/a_authorize_patrol,spotrobot1,nurse_disinfected1"}"
[spotrobot-5] [INFO] [1748620637.813620407] [spotrobot]: And it is for me
[uvdrobot-4] [INFO] [1748620637.813983049] [uvdrobot]: And it is not for me
[spotrobot-5] [INFO] [1748620637.814065288] [spotrobot]: No there yet
[spotrobot-5] [INFO] [1748620637.815056846] [spotrobot]: success
[spotrobot-5] [INFO] [1748620637.815684246] [spotrobot]: Doing a_open_door
[spotrobot-5] [INFO] [1748620637.816181381] [spotrobot]: Wating for response
[spotrobot-5] [INFO] [1748620637.817377762] [spotrobot]: success
[spotrobot-5] [INFO] [1748620637.817742984] [spotrobot]: Doing a_approach_nurse
[spotrobot-5] [INFO] [1748620637.818189259] [spotrobot]: Wating for response
[spotrobot-5] [INFO] [1748620637.819169221] [spotrobot]: success
[spotrobot-5] [INFO] [1748620637.819522214] [spotrobot]: Doing a_authenticate_nurse
[spotrobot-5] [INFO] [1748620637.819832055] [spotrobot]: a_authenticate_nurse
[spotrobot-5] [INFO] [1748620637.820135323] [spotrobot]: Here first, waiting for nurse
[spotrobot-5] [INFO] [1748620637.820779365] [spotrobot]: I heard: "{"performative": "query", "sender": "spotrobot1", "receiver": "nurse_disinfected1", "content": "Ready|a_authenticate_nurse"}"
[uvdrobot-4] [INFO] [1748620637.821060445] [uvdrobot]: I heard: "{"performative": "query", "sender": "spotrobot1", "receiver": "nurse_disinfected1", "content": "Ready|a_authenticate_nurse"}"
[spotrobot-5] [INFO] [1748620637.821128572] [spotrobot]: And it is not for me
[uvdrobot-4] [INFO] [1748620637.821607726] [uvdrobot]: And it is not for me
[nurse_disinfect-3] [INFO] [1748620638.813016283] [nurse_disinfect]: I heard: "{"performative": "request", "sender": "Coordinator", "receiver": "uvdrobot1", "content": "Plan|a_authorize_disinfect,uvdrobot1,spotrobot1/a_navto,uvdrobot1,room1/a_disinfect_room,uvdrobot1,room1"}"
[nurse_disinfect-3] [INFO] [1748620638.813613948] [nurse_disinfect]: And it is not for me
[nurse_disinfect-3] [INFO] [1748620638.814187060] [nurse_disinfect]: I heard: "{"performative": "query", "sender": "uvdrobot1", "receiver": "spotrobot1", "content": "Ready|a_authorize_disinfect"}"
[nurse_disinfect-3] [INFO] [1748620638.814642396] [nurse_disinfect]: And it is not for me
[nurse_disinfect-3] [INFO] [1748620638.815309418] [nurse_disinfect]: I heard: "{"performative": "request", "sender": "Coordinator", "receiver": "spotrobot1", "content": "Plan|a_navto,spotrobot1,room1/a_open_door,spotrobot1,room1/a_approach_nurse,spotrobot1,nurse_disinfected1/a_authenticate_nurse,spotrobot1,nurse_disinfected1/a_authorize_patrol,spotrobot1,nurse_disinfected1/a_patrol_room,spotrobot1,room1/a_authorize_disinfect,uvdrobot1,spotrobot1"}"
[nurse_disinfect-3] [INFO] [1748620638.815723059] [nurse_disinfect]: And it is not for me
[nurse_disinfect-3] [INFO] [1748620638.816268223] [nurse_disinfect]: I heard: "{"performative": "query", "sender": "spotrobot1", "receiver": "nurse_disinfected1", "content": "Ready|a_authenticate_nurse"}"
[nurse_disinfect-3] [INFO] [1748620638.816796922] [nurse_disinfect]: And it is for me
[nurse_disinfect-3] [INFO] [1748620638.817331058] [nurse_disinfect]: No there yet
[nurse_disinfect-3] [INFO] [1748620638.818416854] [nurse_disinfect]: I heard: "{"performative": "request", "sender": "Coordinator", "receiver": "nurse_disinfected1", "content": "Plan|a_approach_nurse,spotrobot1,nurse_disinfected1/a_authenticate_nurse,spotrobot1,nurse_disinfected1/a_authorize_patrol,spotrobot1,nurse_disinfected1"}"
[nurse_disinfect-3] [INFO] [1748620638.819069525] [nurse_disinfect]: And it is for me
[nurse_disinfect-3] [INFO] [1748620638.820849995] [nurse_disinfect]: a_approach_nurse
[nurse_disinfect-3] [INFO] [1748620638.821310835] [nurse_disinfect]: a_authenticate_nurse
[nurse_disinfect-3] [INFO] [1748620638.821724010] [nurse_disinfect]: Doing a_authenticate_nurse
[nurse_disinfect-3] [INFO] [1748620638.822168061] [nurse_disinfect]: a_authenticate_nurse
[nurse_disinfect-3] [INFO] [1748620638.822651518] [nurse_disinfect]: Robot is waiting, send action message
[spotrobot-5] [INFO] [1748620638.823500565] [spotrobot]: I heard: "{"performative": "query", "sender": "nurse_disinfected1", "receiver": "spotrobot1", "content": "Done|a_authenticate_nurse"}"
[uvdrobot-4] [INFO] [1748620638.823522671] [uvdrobot]: I heard: "{"performative": "query", "sender": "nurse_disinfected1", "receiver": "spotrobot1", "content": "Done|a_authenticate_nurse"}"
[nurse_disinfect-3] [INFO] [1748620638.823588288] [nurse_disinfect]: I heard: "{"performative": "query", "sender": "nurse_disinfected1", "receiver": "spotrobot1", "content": "Done|a_authenticate_nurse"}"
[spotrobot-5] [INFO] [1748620638.824013955] [spotrobot]: And it is for me
[nurse_disinfect-3] [INFO] [1748620638.824020302] [nurse_disinfect]: And it is not for me
[uvdrobot-4] [INFO] [1748620638.824023230] [uvdrobot]: And it is not for me
[spotrobot-5] [INFO] [1748620638.824512731] [spotrobot]: Finished action
[spotrobot-5] [INFO] [1748620638.825280635] [spotrobot]: Doing a_authorize_patrol
[nurse_disinfect-3] [INFO] [1748620638.825369150] [nurse_disinfect]: I heard: "{"performative": "query", "sender": "spotrobot1", "receiver": "nurse_disinfected1", "content": "Done|a_authenticate_nurse"}"
[uvdrobot-4] [INFO] [1748620638.825561700] [uvdrobot]: I heard: "{"performative": "query", "sender": "spotrobot1", "receiver": "nurse_disinfected1", "content": "Done|a_authenticate_nurse"}"
[spotrobot-5] [INFO] [1748620638.825761774] [spotrobot]: a_authorize_patrol
[nurse_disinfect-3] [INFO] [1748620638.825808079] [nurse_disinfect]: And it is for me
[uvdrobot-4] [INFO] [1748620638.826020633] [uvdrobot]: And it is not for me
[nurse_disinfect-3] [INFO] [1748620638.826188621] [nurse_disinfect]: Finished action
[spotrobot-5] [INFO] [1748620638.826230836] [spotrobot]: Here first, waiting for nurse
[nurse_disinfect-3] [INFO] [1748620638.826753606] [nurse_disinfect]: a_authorize_patrol
[nurse_disinfect-3] [INFO] [1748620638.827112104] [nurse_disinfect]: Doing a_authorize_patrol
[uvdrobot-4] [INFO] [1748620638.827178828] [uvdrobot]: I heard: "{"performative": "query", "sender": "nurse_disinfected1", "receiver": "spotrobot1", "content": "Done|a_authenticate_nurse"}"
[spotrobot-5] [INFO] [1748620638.827231955] [spotrobot]: I heard: "{"performative": "query", "sender": "spotrobot1", "receiver": "nurse_disinfected1", "content": "Done|a_authenticate_nurse"}"
[nurse_disinfect-3] [INFO] [1748620638.827475753] [nurse_disinfect]: a_authorize_patrol
[uvdrobot-4] [INFO] [1748620638.827644685] [uvdrobot]: And it is not for me
[spotrobot-5] [INFO] [1748620638.827747662] [spotrobot]: And it is not for me
[nurse_disinfect-3] [INFO] [1748620638.827880800] [nurse_disinfect]: Here first, waiting for robot
[uvdrobot-4] [INFO] [1748620638.828264852] [uvdrobot]: I heard: "{"performative": "query", "sender": "spotrobot1", "receiver": "nurse_disinfected1", "content": "Ready|a_authorize_patrol"}"
[spotrobot-5] [INFO] [1748620638.828416353] [spotrobot]: I heard: "{"performative": "query", "sender": "nurse_disinfected1", "receiver": "spotrobot1", "content": "Done|a_authenticate_nurse"}"
[uvdrobot-4] [INFO] [1748620638.828558715] [uvdrobot]: And it is not for me
[nurse_disinfect-3] [INFO] [1748620638.828812658] [nurse_disinfect]: I heard: "{"performative": "query", "sender": "nurse_disinfected1", "receiver": "spotrobot1", "content": "Done|a_authenticate_nurse"}"
[spotrobot-5] [INFO] [1748620638.828867435] [spotrobot]: And it is for me
[uvdrobot-4] [INFO] [1748620638.829232771] [uvdrobot]: I heard: "{"performative": "query", "sender": "nurse_disinfected1", "receiver": "spotrobot1", "content": "Ready|a_authorize_patrol"}"
[nurse_disinfect-3] [INFO] [1748620638.829251148] [nurse_disinfect]: And it is not for me
[spotrobot-5] [INFO] [1748620638.829362319] [spotrobot]: Already finished action
[uvdrobot-4] [INFO] [1748620638.829628833] [uvdrobot]: And it is not for me
[nurse_disinfect-3] [INFO] [1748620638.830039628] [nurse_disinfect]: I heard: "{"performative": "query", "sender": "spotrobot1", "receiver": "nurse_disinfected1", "content": "Ready|a_authorize_patrol"}"
[spotrobot-5] [INFO] [1748620638.830222893] [spotrobot]: I heard: "{"performative": "query", "sender": "spotrobot1", "receiver": "nurse_disinfected1", "content": "Ready|a_authorize_patrol"}"
[nurse_disinfect-3] [INFO] [1748620638.830491435] [nurse_disinfect]: And it is for me
[spotrobot-5] [INFO] [1748620638.830704108] [spotrobot]: And it is not for me
[nurse_disinfect-3] [INFO] [1748620638.830901528] [nurse_disinfect]: Ready to act
[spotrobot-5] [INFO] [1748620638.831298988] [spotrobot]: I heard: "{"performative": "query", "sender": "nurse_disinfected1", "receiver": "spotrobot1", "content": "Ready|a_authorize_patrol"}"
[spotrobot-5] [INFO] [1748620638.831650093] [spotrobot]: And it is for me
[uvdrobot-4] [INFO] [1748620638.831757296] [uvdrobot]: I heard: "{"performative": "query", "sender": "nurse_disinfected1", "receiver": "spotrobot1", "content": "Done|a_authorize_patrol"}"
[nurse_disinfect-3] [INFO] [1748620638.831999657] [nurse_disinfect]: I heard: "{"performative": "query", "sender": "nurse_disinfected1", "receiver": "spotrobot1", "content": "Ready|a_authorize_patrol"}"
[spotrobot-5] [INFO] [1748620638.832026953] [spotrobot]: Ready to act
[uvdrobot-4] [INFO] [1748620638.832238730] [uvdrobot]: And it is not for me
[nurse_disinfect-3] [INFO] [1748620638.832524455] [nurse_disinfect]: And it is not for me
[spotrobot-5] [INFO] [1748620638.833062231] [spotrobot]: I heard: "{"performative": "query", "sender": "nurse_disinfected1", "receiver": "spotrobot1", "content": "Done|a_authorize_patrol"}"
[uvdrobot-4] [INFO] [1748620638.833193920] [uvdrobot]: I heard: "{"performative": "query", "sender": "spotrobot1", "receiver": "nurse_disinfected1", "content": "Done|a_authorize_patrol"}"
[nurse_disinfect-3] [INFO] [1748620638.833499066] [nurse_disinfect]: I heard: "{"performative": "query", "sender": "nurse_disinfected1", "receiver": "spotrobot1", "content": "Done|a_authorize_patrol"}"
[spotrobot-5] [INFO] [1748620638.833540975] [spotrobot]: And it is for me
[uvdrobot-4] [INFO] [1748620638.833703084] [uvdrobot]: And it is not for me
[spotrobot-5] [INFO] [1748620638.833968029] [spotrobot]: Finished action
[nurse_disinfect-3] [INFO] [1748620638.834006245] [nurse_disinfect]: And it is not for me
[spotrobot-5] [INFO] [1748620638.834706248] [spotrobot]: Doing a_patrol_room
[uvdrobot-4] [INFO] [1748620638.834893291] [uvdrobot]: I heard: "{"performative": "query", "sender": "spotrobot1", "receiver": "nurse_disinfected1", "content": "Done|a_authorize_patrol"}"
[nurse_disinfect-3] [INFO] [1748620638.834918539] [nurse_disinfect]: I heard: "{"performative": "query", "sender": "spotrobot1", "receiver": "nurse_disinfected1", "content": "Done|a_authorize_patrol"}"
[spotrobot-5] [INFO] [1748620638.835321550] [spotrobot]: Wating for response
[uvdrobot-4] [INFO] [1748620638.835408140] [uvdrobot]: And it is not for me
[nurse_disinfect-3] [INFO] [1748620638.835425499] [nurse_disinfect]: And it is for me
[nurse_disinfect-3] [INFO] [1748620638.835899159] [nurse_disinfect]: Finished action
[spotrobot-5] [INFO] [1748620638.836179453] [spotrobot]: I heard: "{"performative": "query", "sender": "spotrobot1", "receiver": "nurse_disinfected1", "content": "Done|a_authorize_patrol"}"
[spotrobot-5] [INFO] [1748620638.836603149] [spotrobot]: And it is not for me
[uvdrobot-4] [INFO] [1748620638.836837256] [uvdrobot]: I heard: "{"performative": "query", "sender": "nurse_disinfected1", "receiver": "spotrobot1", "content": "Done|a_authorize_patrol"}"
[nurse_disinfect-3] [INFO] [1748620638.836938577] [nurse_disinfect]: I heard: "{"performative": "query", "sender": "spotrobot1", "receiver": "nurse_disinfected1", "content": "Done|a_authorize_patrol"}"
[spotrobot-5] [INFO] [1748620638.837329397] [spotrobot]: I heard: "{"performative": "query", "sender": "spotrobot1", "receiver": "nurse_disinfected1", "content": "Done|a_authorize_patrol"}"
[uvdrobot-4] [INFO] [1748620638.837353555] [uvdrobot]: And it is not for me
[nurse_disinfect-3] [INFO] [1748620638.837447015] [nurse_disinfect]: And it is for me
[spotrobot-5] [INFO] [1748620638.837735866] [spotrobot]: And it is not for me
[nurse_disinfect-3] [INFO] [1748620638.837913435] [nurse_disinfect]: Already finished action
[spotrobot-5] [INFO] [1748620638.838494212] [spotrobot]: I heard: "{"performative": "query", "sender": "nurse_disinfected1", "receiver": "spotrobot1", "content": "Done|a_authorize_patrol"}"
[nurse_disinfect-3] [INFO] [1748620638.838770375] [nurse_disinfect]: I heard: "{"performative": "query", "sender": "nurse_disinfected1", "receiver": "spotrobot1", "content": "Done|a_authorize_patrol"}"
[spotrobot-5] [INFO] [1748620638.838914111] [spotrobot]: And it is for me
[nurse_disinfect-3] [INFO] [1748620638.839135397] [nurse_disinfect]: And it is not for me
[spotrobot-5] [INFO] [1748620638.839347165] [spotrobot]: Already finished action
[spotrobot-5] [INFO] [1748620638.841067168] [spotrobot]: success
[spotrobot-5] [INFO] [1748620638.841679332] [spotrobot]: Doing a_authorize_disinfect
[spotrobot-5] [INFO] [1748620638.842218257] [spotrobot]: a_authorize_disinfect
[spotrobot-5] [INFO] [1748620638.842719980] [spotrobot]: Here first, waiting for spotrobot
[uvdrobot-4] [INFO] [1748620638.843432350] [uvdrobot]: I heard: "{"performative": "query", "sender": "spotrobot1", "receiver": "uvdrobot1", "content": "Ready|a_authorize_disinfect"}"
[nurse_disinfect-3] [INFO] [1748620638.843528181] [nurse_disinfect]: I heard: "{"performative": "query", "sender": "spotrobot1", "receiver": "uvdrobot1", "content": "Ready|a_authorize_disinfect"}"
[spotrobot-5] [INFO] [1748620638.843766447] [spotrobot]: I heard: "{"performative": "query", "sender": "spotrobot1", "receiver": "uvdrobot1", "content": "Ready|a_authorize_disinfect"}"
[uvdrobot-4] [INFO] [1748620638.843782473] [uvdrobot]: And it is for me
[uvdrobot-4] [INFO] [1748620638.844051086] [uvdrobot]: Ready to act
[nurse_disinfect-3] [INFO] [1748620638.844129957] [nurse_disinfect]: And it is not for me
[spotrobot-5] [INFO] [1748620638.844296949] [spotrobot]: And it is not for me
[uvdrobot-4] [INFO] [1748620638.844925644] [uvdrobot]: I heard: "{"performative": "query", "sender": "uvdrobot1", "receiver": "spotrobot1", "content": "Done|a_authorize_disinfect"}"
[nurse_disinfect-3] [INFO] [1748620638.844933212] [nurse_disinfect]: I heard: "{"performative": "query", "sender": "uvdrobot1", "receiver": "spotrobot1", "content": "Done|a_authorize_disinfect"}"
[spotrobot-5] [INFO] [1748620638.845237946] [spotrobot]: I heard: "{"performative": "query", "sender": "uvdrobot1", "receiver": "spotrobot1", "content": "Done|a_authorize_disinfect"}"
[uvdrobot-4] [INFO] [1748620638.845451310] [uvdrobot]: And it is not for me
[nurse_disinfect-3] [INFO] [1748620638.845457457] [nurse_disinfect]: And it is not for me
[spotrobot-5] [INFO] [1748620638.845752499] [spotrobot]: And it is for me
[spotrobot-5] [INFO] [1748620638.846258019] [spotrobot]: Finished action
[nurse_disinfect-3] [INFO] [1748620638.847158469] [nurse_disinfect]: I heard: "{"performative": "query", "sender": "spotrobot1", "receiver": "uvdrobot1", "content": "Done|a_authorize_disinfect"}"
[uvdrobot-4] [INFO] [1748620638.847189416] [uvdrobot]: I heard: "{"performative": "query", "sender": "spotrobot1", "receiver": "uvdrobot1", "content": "Done|a_authorize_disinfect"}"
[spotrobot-5] [INFO] [1748620638.847439899] [spotrobot]: I heard: "{"performative": "query", "sender": "spotrobot1", "receiver": "uvdrobot1", "content": "Done|a_authorize_disinfect"}"
[uvdrobot-4] [INFO] [1748620638.847694888] [uvdrobot]: And it is for me
[nurse_disinfect-3] [INFO] [1748620638.847710653] [nurse_disinfect]: And it is not for me
[spotrobot-5] [INFO] [1748620638.847940010] [spotrobot]: And it is not for me
[uvdrobot-4] [INFO] [1748620638.848121951] [uvdrobot]: Finished action
[uvdrobot-4] [INFO] [1748620638.848802575] [uvdrobot]: Doing a_navto
[spotrobot-5] [INFO] [1748620638.849115165] [spotrobot]: I heard: "{"performative": "query", "sender": "uvdrobot1", "receiver": "spotrobot1", "content": "Done|a_authorize_disinfect"}"
[nurse_disinfect-3] [INFO] [1748620638.849115217] [nurse_disinfect]: I heard: "{"performative": "query", "sender": "uvdrobot1", "receiver": "spotrobot1", "content": "Done|a_authorize_disinfect"}"
[uvdrobot-4] [INFO] [1748620638.849528111] [uvdrobot]: Waiting for response
[spotrobot-5] [INFO] [1748620638.849578104] [spotrobot]: And it is for me
[nurse_disinfect-3] [INFO] [1748620638.849596375] [nurse_disinfect]: And it is not for me
[spotrobot-5] [INFO] [1748620638.850056829] [spotrobot]: Already finished action
[uvdrobot-4] [INFO] [1748620638.850394380] [uvdrobot]: I heard: "{"performative": "query", "sender": "uvdrobot1", "receiver": "spotrobot1", "content": "Done|a_authorize_disinfect"}"
[uvdrobot-4] [INFO] [1748620638.850909381] [uvdrobot]: And it is not for me
[uvdrobot-4] [INFO] [1748620638.851912275] [uvdrobot]: success
[uvdrobot-4] [INFO] [1748620638.852483870] [uvdrobot]: Doing a_disinfect_room
[uvdrobot-4] [INFO] [1748620638.853024188] [uvdrobot]: Waiting for response
[uvdrobot-4] [INFO] [1748620638.854281339] [uvdrobot]: success
[uvdrobot-4] [INFO] [1748620638.857160062] [uvdrobot]: Recebido sinal de desligamento do coordenador, finalizando...
[disinfect_planner-2] [INFO] [1748620638.857396094] [disinfect_planner]: Recebido sinal de desligamento do coordenador, finalizando...
[spotrobot-5] [INFO] [1748620638.857412870] [spotrobot]: Recebido sinal de desligamento do coordenador, finalizando...
[disinfect_environment-1] [INFO] [1748620638.857533259] [disinfect_environment]: Recebido sinal de desligamento do coordenador, finalizando...
[nurse_disinfect-3] [INFO] [1748620638.857703189] [nurse_disinfect]: Recebido sinal de desligamento do coordenador, finalizando...
[uvdrobot-4] [INFO] [1748620638.857748847] [Quitting]: Done
[disinfect_planner-2] [INFO] [1748620638.857927283] [Quitting]: Done
[spotrobot-5] [INFO] [1748620638.857964911] [Quitting]: Done
[disinfect_environment-1] [INFO] [1748620638.858182566] [Quitting]: Done
[nurse_disinfect-3] [INFO] [1748620638.858466128] [Quitting]: Done
[INFO] [nurse_disinfect-3]: process has finished cleanly [pid 27107]
[INFO] [spotrobot-5]: process has finished cleanly [pid 27111]
[INFO] [disinfect_environment-1]: process has finished cleanly [pid 27103]
[INFO] [uvdrobot-4]: process has finished cleanly [pid 27109]
[INFO] [disinfect_planner-2]: process has finished cleanly [pid 27105]
