[INFO] [launch]: All log files can be found below /home/rafael/.ros/log/2025-05-29-09-09-45-380548-NotebookRafael-9873
[INFO] [launch]: Default logging verbosity is set to INFO
[INFO] [disinfect_coordinator-1]: process started with pid [9875]
[disinfect_coordinator-1] [INFO] [1748520586.795667698] [disinfect_coordinator]: spin
[disinfect_coordinator-1] [INFO] [1748520586.797567047] [disinfect_coordinator]: Received: Performative=request, Sender=uvdrobot, Receiver=Coordinator, Content=Register
[disinfect_coordinator-1] [INFO] [1748520586.797954143] [disinfect_coordinator]: Current uvdrobots: uvdrobot1 - 1
[disinfect_coordinator-1] [INFO] [1748520586.798268847] [disinfect_coordinator]: Response: uvdrobot1
[disinfect_coordinator-1] [INFO] [1748520586.799392732] [disinfect_coordinator]: Received: Performative=request, Sender=nurse_disinfected, Receiver=Coordinator, Content=Register
[disinfect_coordinator-1] [INFO] [1748520586.799731254] [disinfect_coordinator]: Current nurses: nurse_disinfected1 - 1
[disinfect_coordinator-1] [INFO] [1748520586.800059005] [disinfect_coordinator]: Response: nurse_disinfected1
[disinfect_coordinator-1] [INFO] [1748520586.800992251] [disinfect_coordinator]: Received: Performative=request, Sender=spotrobot, Receiver=Coordinator, Content=Register
[disinfect_coordinator-1] [INFO] [1748520586.801331795] [disinfect_coordinator]: Current Spotrobots: spotrobot1 - 1
[disinfect_coordinator-1] [INFO] [1748520586.801749717] [disinfect_coordinator]: Response: spotrobot1
[disinfect_coordinator-1] [INFO] [1748520586.802477453] [disinfect_coordinator]: context: nurse_disinfected1 room1 spotrobot1 uvdrobot1
[disinfect_coordinator-1] [INFO] [1748520586.802851597] [disinfect_coordinator]: Starting mission with context: ('nurse_disinfected1', 'room1', 'spotrobot1', 'uvdrobot1')
[disinfect_coordinator-1] [INFO] [1748520586.803181751] [disinfect_coordinator]: Creating plan for: spotrobot1,uvdrobot1,nurse_disinfected1 
[disinfect_coordinator-1] [INFO] [1748520586.809408751] [disinfect_coordinator]: Plan received for: spotrobot1,uvdrobot1,nurse_disinfected1 
[disinfect_coordinator-1] [INFO] [1748520586.809874246] [disinfect_coordinator]: a_navto,spotrobot1,room1/a_open_door,spotrobot1,room1/a_approach_nurse,spotrobot1,nurse_disinfected1/a_authenticate_nurse,spotrobot1,nurse_disinfected1/a_authorize_patrol,spotrobot1,nurse_disinfected1/a_patrol_room,spotrobot1,room1/a_authorize_disinfect,uvdrobot1,spotrobot1/a_navto,uvdrobot1,room1/a_disinfect_room,uvdrobot1,room1
[disinfect_coordinator-1] [INFO] [1748520586.810216826] [disinfect_coordinator]: Sending plans
[disinfect_coordinator-1] [INFO] [1748520586.811017376] [disinfect_coordinator]: Plans sent
[disinfect_coordinator-1] [INFO] [1748520587.827233067] [disinfect_coordinator]: Received: Performative=inform, Sender=nurse_disinfected1, Receiver=Coordinator, Content=infectedRoom
[disinfect_coordinator-1] [INFO] [1748520587.852375252] [disinfect_coordinator]: Received: Performative=inform, Sender=spotrobot1, Receiver=Coordinator, Content=ERROR|dirty_room,room1
[disinfect_coordinator-1] [INFO] [1748520587.852776776] [disinfect_coordinator]: Sending restart to:nurse_disinfected1
[disinfect_coordinator-1] [INFO] [1748520587.853323284] [disinfect_coordinator]: Sending restart to:room1
[disinfect_coordinator-1] [INFO] [1748520587.853822810] [disinfect_coordinator]: Sending restart to:spotrobot1
[disinfect_coordinator-1] [INFO] [1748520587.854354037] [disinfect_coordinator]: Sending restart to:uvdrobot1
[disinfect_coordinator-1] [INFO] [1748520587.855358020] [disinfect_coordinator]: Error found
[disinfect_coordinator-1] [INFO] [1748520587.855733871] [disinfect_coordinator]: Updating uncleaned room: room1
[disinfect_coordinator-1] [INFO] [1748520587.856674208] [disinfect_coordinator]: success
[disinfect_coordinator-1] [INFO] [1748520587.857061399] [disinfect_coordinator]: Sending restart to:spotrobot1
[disinfect_coordinator-1] [INFO] [1748520587.857580727] [disinfect_coordinator]: Sending restart to:uvdrobot1
[disinfect_coordinator-1] [INFO] [1748520587.858099265] [disinfect_coordinator]: Sending restart to:nurse_disinfected1
[disinfect_coordinator-1] [INFO] [1748520587.858639735] [disinfect_coordinator]: nurse_disinfected1,room1,spotrobot1,uvdrobot1
[disinfect_coordinator-1] [INFO] [1748520587.859078261] [disinfect_coordinator]: Creating new plan for: spotrobot1,uvdrobot1,nurse_disinfected1 
[disinfect_coordinator-1] [INFO] [1748520587.864146025] [disinfect_coordinator]: Plan received for: spotrobot1,uvdrobot1,nurse_disinfected1 
[disinfect_coordinator-1] [INFO] [1748520587.864748864] [disinfect_coordinator]: a_navto,spotrobot1,room1/a_approach_nurse,spotrobot1,nurse_disinfected1/a_authenticate_nurse,spotrobot1,nurse_disinfected1/a_clean_room,nurse_disinfected1,room1/a_authorize_patrol,spotrobot1,nurse_disinfected1/a_patrol_room,spotrobot1,room1/a_authorize_disinfect,uvdrobot1,spotrobot1/a_navto,uvdrobot1,room1/a_disinfect_room,uvdrobot1,room1
[disinfect_coordinator-1] [INFO] [1748520587.865344052] [disinfect_coordinator]: Sending plans
[disinfect_coordinator-1] [INFO] [1748520587.866251562] [disinfect_coordinator]: Plans sent
[disinfect_coordinator-1] [INFO] [1748520587.908332869] [disinfect_coordinator]: Freeing agent: spotrobot1
[disinfect_coordinator-1] [INFO] [1748520587.908743351] [disinfect_coordinator]: Freeing agent: uvdrobot1
[disinfect_coordinator-1] [INFO] [1748520587.909127675] [disinfect_coordinator]: Freeing agent: nurse_disinfected1
[disinfect_coordinator-1] [INFO] [1748520587.909586141] [disinfect_coordinator]: Mission Completed
[disinfect_coordinator-1] [INFO] [1748520587.909948439] [disinfect_coordinator]: Ending simulation
[disinfect_coordinator-1] [INFO] [1748520587.910689728] [Quitting]: Done
[disinfect_coordinator-1] [INFO] [1748520587.911275926] [disinfect_coordinator]: stop spin
[INFO] [disinfect_coordinator-1]: process has finished cleanly [pid 9875]
