[INFO] [launch]: All log files can be found below /home/rafael/.ros/log/2025-05-29-09-09-45-380275-NotebookRafael-9874
[INFO] [launch]: Default logging verbosity is set to INFO
[INFO] [disinfect_environment-1]: process started with pid [9877]
[INFO] [disinfect_planner-2]: process started with pid [9879]
[INFO] [nurse_disinfect-3]: process started with pid [9881]
[INFO] [uvdrobot-4]: process started with pid [9883]
[INFO] [spotrobot-5]: process started with pid [9885]
[disinfect_environment-1] [INFO] [1748520585.753918578] [disinfect_environment]: Starting Environment server
[disinfect_environment-1] [INFO] [1748520585.760670381] [disinfect_environment]: Environment server started
[disinfect_planner-2] [INFO] [1748520586.602057216] [disinfect_planner]: Starting Planner server
[disinfect_planner-2] [INFO] [1748520586.606609309] [disinfect_planner]: Planner server started
[disinfect_planner-2] [INFO] [1748520586.803941177] [disinfect_planner]: Creating plan for: spotrobot1 uvdrobot1 nurse_disinfected1
[disinfect_planner-2] [INFO] [1748520586.805665667] [disinfect_planner]: a_navto,spotrobot1,room1
[disinfect_planner-2] [INFO] [1748520586.806011987] [disinfect_planner]: a_open_door,spotrobot1,room1
[disinfect_planner-2] [INFO] [1748520586.806346915] [disinfect_planner]: a_approach_nurse,spotrobot1,nurse_disinfected1
[disinfect_planner-2] [INFO] [1748520586.806675025] [disinfect_planner]: a_authenticate_nurse,spotrobot1,nurse_disinfected1
[disinfect_planner-2] [INFO] [1748520586.807001733] [disinfect_planner]: a_authorize_patrol,spotrobot1,nurse_disinfected1
[disinfect_planner-2] [INFO] [1748520586.807370048] [disinfect_planner]: a_patrol_room,spotrobot1,room1
[disinfect_planner-2] [INFO] [1748520586.807698273] [disinfect_planner]: a_authorize_disinfect,uvdrobot1,spotrobot1
[disinfect_planner-2] [INFO] [1748520586.808022030] [disinfect_planner]: a_navto,uvdrobot1,room1
[disinfect_planner-2] [INFO] [1748520586.808348432] [disinfect_planner]: a_disinfect_room,uvdrobot1,room1
[disinfect_planner-2] [INFO] [1748520586.808677111] [disinfect_planner]: Sending response
[spotrobot-5] [INFO] [1748520586.813092967] [spotrobot]: response.response spotrobot1
[spotrobot-5] [INFO] [1748520586.813834836] [spotrobot]: My name is spotrobot1
[uvdrobot-4] [INFO] [1748520586.814228333] [uvdrobot]: response.response uvdrobot1
[uvdrobot-4] [INFO] [1748520586.814625114] [uvdrobot]: My name is uvdrobot1
[spotrobot-5] [INFO] [1748520586.815062298] [spotrobot]: I heard: "{"performative": "request", "sender": "Coordinator", "receiver": "uvdrobot1", "content": "Plan|a_authorize_disinfect,uvdrobot1,spotrobot1/a_navto,uvdrobot1,room1/a_disinfect_room,uvdrobot1,room1"}"
[uvdrobot-4] [INFO] [1748520586.815432483] [uvdrobot]: I heard: "{"performative": "request", "sender": "Coordinator", "receiver": "uvdrobot1", "content": "Plan|a_authorize_disinfect,uvdrobot1,spotrobot1/a_navto,uvdrobot1,room1/a_disinfect_room,uvdrobot1,room1"}"
[spotrobot-5] [INFO] [1748520586.815685119] [spotrobot]: And it is not for me
[uvdrobot-4] [INFO] [1748520586.815836536] [uvdrobot]: And it is for me
[nurse_disinfect-3] [INFO] [1748520586.816149928] [nurse_disinfect]: response.response nurse_disinfected1
[uvdrobot-4] [INFO] [1748520586.816581942] [uvdrobot]: Doing a_authorize_disinfect
[nurse_disinfect-3] [INFO] [1748520586.816610881] [nurse_disinfect]: My name is nurse_disinfected1
[spotrobot-5] [INFO] [1748520586.816800995] [spotrobot]: I heard: "{"performative": "request", "sender": "Coordinator", "receiver": "spotrobot1", "content": "Plan|a_navto,spotrobot1,room1/a_open_door,spotrobot1,room1/a_approach_nurse,spotrobot1,nurse_disinfected1/a_authenticate_nurse,spotrobot1,nurse_disinfected1/a_authorize_patrol,spotrobot1,nurse_disinfected1/a_patrol_room,spotrobot1,room1/a_authorize_disinfect,uvdrobot1,spotrobot1"}"
[uvdrobot-4] [INFO] [1748520586.816972621] [uvdrobot]: a_authorize_disinfect
[uvdrobot-4] [INFO] [1748520586.817266184] [uvdrobot]: Here first, waiting for spotrobot
[spotrobot-5] [INFO] [1748520586.817381987] [spotrobot]: And it is for me
[uvdrobot-4] [INFO] [1748520586.818053665] [uvdrobot]: I heard: "{"performative": "request", "sender": "Coordinator", "receiver": "spotrobot1", "content": "Plan|a_navto,spotrobot1,room1/a_open_door,spotrobot1,room1/a_approach_nurse,spotrobot1,nurse_disinfected1/a_authenticate_nurse,spotrobot1,nurse_disinfected1/a_authorize_patrol,spotrobot1,nurse_disinfected1/a_patrol_room,spotrobot1,room1/a_authorize_disinfect,uvdrobot1,spotrobot1"}"
[uvdrobot-4] [INFO] [1748520586.818400861] [uvdrobot]: And it is not for me
[spotrobot-5] [INFO] [1748520586.818539491] [spotrobot]: Doing a_navto
[uvdrobot-4] [INFO] [1748520586.818865808] [uvdrobot]: I heard: "{"performative": "query", "sender": "uvdrobot1", "receiver": "spotrobot1", "content": "Ready|a_authorize_disinfect"}"
[uvdrobot-4] [INFO] [1748520586.819243366] [uvdrobot]: And it is not for me
[spotrobot-5] [INFO] [1748520586.819300647] [spotrobot]: Wating for response
[spotrobot-5] [INFO] [1748520586.819865324] [spotrobot]: I heard: "{"performative": "request", "sender": "Coordinator", "receiver": "nurse_disinfected1", "content": "Plan|a_approach_nurse,spotrobot1,nurse_disinfected1/a_authenticate_nurse,spotrobot1,nurse_disinfected1/a_authorize_patrol,spotrobot1,nurse_disinfected1"}"
[uvdrobot-4] [INFO] [1748520586.819891807] [uvdrobot]: I heard: "{"performative": "request", "sender": "Coordinator", "receiver": "nurse_disinfected1", "content": "Plan|a_approach_nurse,spotrobot1,nurse_disinfected1/a_authenticate_nurse,spotrobot1,nurse_disinfected1/a_authorize_patrol,spotrobot1,nurse_disinfected1"}"
[spotrobot-5] [INFO] [1748520586.820221309] [spotrobot]: And it is not for me
[uvdrobot-4] [INFO] [1748520586.820240025] [uvdrobot]: And it is not for me
[spotrobot-5] [INFO] [1748520586.820624540] [spotrobot]: I heard: "{"performative": "query", "sender": "uvdrobot1", "receiver": "spotrobot1", "content": "Ready|a_authorize_disinfect"}"
[spotrobot-5] [INFO] [1748520586.820926671] [spotrobot]: And it is for me
[spotrobot-5] [INFO] [1748520586.821363416] [spotrobot]: No there yet
[spotrobot-5] [INFO] [1748520586.822665431] [spotrobot]: success
[spotrobot-5] [INFO] [1748520586.823064552] [spotrobot]: Doing a_open_door
[spotrobot-5] [INFO] [1748520586.823478807] [spotrobot]: Wating for response
[spotrobot-5] [INFO] [1748520586.825029952] [spotrobot]: success
[spotrobot-5] [INFO] [1748520586.825466761] [spotrobot]: Doing a_approach_nurse
[spotrobot-5] [INFO] [1748520586.825951216] [spotrobot]: Wating for response
[spotrobot-5] [INFO] [1748520586.827107645] [spotrobot]: success
[spotrobot-5] [INFO] [1748520586.827501739] [spotrobot]: Doing a_authenticate_nurse
[spotrobot-5] [INFO] [1748520586.827840704] [spotrobot]: a_authenticate_nurse
[spotrobot-5] [INFO] [1748520586.828188732] [spotrobot]: Here first, waiting for nurse
[uvdrobot-4] [INFO] [1748520586.828959385] [uvdrobot]: I heard: "{"performative": "query", "sender": "spotrobot1", "receiver": "nurse_disinfected1", "content": "Ready|a_authenticate_nurse"}"
[spotrobot-5] [INFO] [1748520586.829023470] [spotrobot]: I heard: "{"performative": "query", "sender": "spotrobot1", "receiver": "nurse_disinfected1", "content": "Ready|a_authenticate_nurse"}"
[uvdrobot-4] [INFO] [1748520586.829335036] [uvdrobot]: And it is not for me
[spotrobot-5] [INFO] [1748520586.829414845] [spotrobot]: And it is not for me
[nurse_disinfect-3] [INFO] [1748520587.819417453] [nurse_disinfect]: I heard: "{"performative": "request", "sender": "Coordinator", "receiver": "uvdrobot1", "content": "Plan|a_authorize_disinfect,uvdrobot1,spotrobot1/a_navto,uvdrobot1,room1/a_disinfect_room,uvdrobot1,room1"}"
[nurse_disinfect-3] [INFO] [1748520587.819832530] [nurse_disinfect]: And it is not for me
[nurse_disinfect-3] [INFO] [1748520587.821647229] [nurse_disinfect]: I heard: "{"performative": "query", "sender": "uvdrobot1", "receiver": "spotrobot1", "content": "Ready|a_authorize_disinfect"}"
[nurse_disinfect-3] [INFO] [1748520587.822038382] [nurse_disinfect]: And it is not for me
[nurse_disinfect-3] [INFO] [1748520587.822768490] [nurse_disinfect]: I heard: "{"performative": "request", "sender": "Coordinator", "receiver": "spotrobot1", "content": "Plan|a_navto,spotrobot1,room1/a_open_door,spotrobot1,room1/a_approach_nurse,spotrobot1,nurse_disinfected1/a_authenticate_nurse,spotrobot1,nurse_disinfected1/a_authorize_patrol,spotrobot1,nurse_disinfected1/a_patrol_room,spotrobot1,room1/a_authorize_disinfect,uvdrobot1,spotrobot1"}"
[nurse_disinfect-3] [INFO] [1748520587.823177117] [nurse_disinfect]: And it is not for me
[nurse_disinfect-3] [INFO] [1748520587.823615169] [nurse_disinfect]: I heard: "{"performative": "query", "sender": "spotrobot1", "receiver": "nurse_disinfected1", "content": "Ready|a_authenticate_nurse"}"
[nurse_disinfect-3] [INFO] [1748520587.824222107] [nurse_disinfect]: And it is for me
[nurse_disinfect-3] [INFO] [1748520587.824719177] [nurse_disinfect]: No there yet
[nurse_disinfect-3] [INFO] [1748520587.825395557] [nurse_disinfect]: I heard: "{"performative": "request", "sender": "Coordinator", "receiver": "nurse_disinfected1", "content": "Plan|a_approach_nurse,spotrobot1,nurse_disinfected1/a_authenticate_nurse,spotrobot1,nurse_disinfected1/a_authorize_patrol,spotrobot1,nurse_disinfected1"}"
[nurse_disinfect-3] [INFO] [1748520587.825751932] [nurse_disinfect]: And it is for me
[nurse_disinfect-3] [INFO] [1748520587.826905917] [nurse_disinfect]: a_approach_nurse
[nurse_disinfect-3] [INFO] [1748520587.827526440] [nurse_disinfect]: a_authenticate_nurse
[nurse_disinfect-3] [INFO] [1748520587.828091191] [nurse_disinfect]: Doing a_authenticate_nurse
[nurse_disinfect-3] [INFO] [1748520587.828441928] [nurse_disinfect]: a_authenticate_nurse
[nurse_disinfect-3] [INFO] [1748520587.828833260] [nurse_disinfect]: Robot is waiting, send action message
[uvdrobot-4] [INFO] [1748520587.829523141] [uvdrobot]: I heard: "{"performative": "query", "sender": "nurse_disinfected1", "receiver": "spotrobot1", "content": "Done|a_authenticate_nurse"}"
[nurse_disinfect-3] [INFO] [1748520587.829686948] [nurse_disinfect]: I heard: "{"performative": "query", "sender": "nurse_disinfected1", "receiver": "spotrobot1", "content": "Done|a_authenticate_nurse"}"
[spotrobot-5] [INFO] [1748520587.829736969] [spotrobot]: I heard: "{"performative": "query", "sender": "nurse_disinfected1", "receiver": "spotrobot1", "content": "Done|a_authenticate_nurse"}"
[uvdrobot-4] [INFO] [1748520587.829930072] [uvdrobot]: And it is not for me
[nurse_disinfect-3] [INFO] [1748520587.830226932] [nurse_disinfect]: And it is not for me
[spotrobot-5] [INFO] [1748520587.830394084] [spotrobot]: And it is for me
[spotrobot-5] [INFO] [1748520587.831042346] [spotrobot]: Finished action
[nurse_disinfect-3] [INFO] [1748520587.831905494] [nurse_disinfect]: I heard: "{"performative": "query", "sender": "spotrobot1", "receiver": "nurse_disinfected1", "content": "Done|a_authenticate_nurse"}"
[spotrobot-5] [INFO] [1748520587.831923013] [spotrobot]: Doing a_authorize_patrol
[uvdrobot-4] [INFO] [1748520587.832093776] [uvdrobot]: I heard: "{"performative": "query", "sender": "spotrobot1", "receiver": "nurse_disinfected1", "content": "Done|a_authenticate_nurse"}"
[nurse_disinfect-3] [INFO] [1748520587.832264883] [nurse_disinfect]: And it is for me
[spotrobot-5] [INFO] [1748520587.832514027] [spotrobot]: a_authorize_patrol
[nurse_disinfect-3] [INFO] [1748520587.832623186] [nurse_disinfect]: Finished action
[uvdrobot-4] [INFO] [1748520587.832651972] [uvdrobot]: And it is not for me
[spotrobot-5] [INFO] [1748520587.833134255] [spotrobot]: Here first, waiting for nurse
[nurse_disinfect-3] [INFO] [1748520587.833224992] [nurse_disinfect]: a_authorize_patrol
[uvdrobot-4] [INFO] [1748520587.833536581] [uvdrobot]: I heard: "{"performative": "query", "sender": "nurse_disinfected1", "receiver": "spotrobot1", "content": "Done|a_authenticate_nurse"}"
[nurse_disinfect-3] [INFO] [1748520587.833772913] [nurse_disinfect]: Doing a_authorize_patrol
[uvdrobot-4] [INFO] [1748520587.833974021] [uvdrobot]: And it is not for me
[nurse_disinfect-3] [INFO] [1748520587.834208836] [nurse_disinfect]: a_authorize_patrol
[spotrobot-5] [INFO] [1748520587.834306272] [spotrobot]: I heard: "{"performative": "query", "sender": "spotrobot1", "receiver": "nurse_disinfected1", "content": "Done|a_authenticate_nurse"}"
[nurse_disinfect-3] [INFO] [1748520587.834567888] [nurse_disinfect]: Here first, waiting for robot
[uvdrobot-4] [INFO] [1748520587.834727146] [uvdrobot]: I heard: "{"performative": "query", "sender": "spotrobot1", "receiver": "nurse_disinfected1", "content": "Ready|a_authorize_patrol"}"
[spotrobot-5] [INFO] [1748520587.834950308] [spotrobot]: And it is not for me
[uvdrobot-4] [INFO] [1748520587.835053011] [uvdrobot]: And it is not for me
[nurse_disinfect-3] [INFO] [1748520587.835529251] [nurse_disinfect]: I heard: "{"performative": "query", "sender": "nurse_disinfected1", "receiver": "spotrobot1", "content": "Done|a_authenticate_nurse"}"
[uvdrobot-4] [INFO] [1748520587.835731446] [uvdrobot]: I heard: "{"performative": "query", "sender": "nurse_disinfected1", "receiver": "spotrobot1", "content": "Ready|a_authorize_patrol"}"
[spotrobot-5] [INFO] [1748520587.836060018] [spotrobot]: I heard: "{"performative": "query", "sender": "nurse_disinfected1", "receiver": "spotrobot1", "content": "Done|a_authenticate_nurse"}"
[uvdrobot-4] [INFO] [1748520587.836077703] [uvdrobot]: And it is not for me
[nurse_disinfect-3] [INFO] [1748520587.836123723] [nurse_disinfect]: And it is not for me
[spotrobot-5] [INFO] [1748520587.836656460] [spotrobot]: And it is for me
[nurse_disinfect-3] [INFO] [1748520587.836775367] [nurse_disinfect]: I heard: "{"performative": "query", "sender": "spotrobot1", "receiver": "nurse_disinfected1", "content": "Ready|a_authorize_patrol"}"
[nurse_disinfect-3] [INFO] [1748520587.837207433] [nurse_disinfect]: And it is for me
[spotrobot-5] [INFO] [1748520587.837249213] [spotrobot]: Already finished action
[nurse_disinfect-3] [INFO] [1748520587.837735994] [nurse_disinfect]: Ready to act
[spotrobot-5] [INFO] [1748520587.838333303] [spotrobot]: I heard: "{"performative": "query", "sender": "spotrobot1", "receiver": "nurse_disinfected1", "content": "Ready|a_authorize_patrol"}"
[uvdrobot-4] [INFO] [1748520587.838385531] [uvdrobot]: I heard: "{"performative": "query", "sender": "nurse_disinfected1", "receiver": "spotrobot1", "content": "Done|a_authorize_patrol"}"
[nurse_disinfect-3] [INFO] [1748520587.838652735] [nurse_disinfect]: I heard: "{"performative": "query", "sender": "nurse_disinfected1", "receiver": "spotrobot1", "content": "Ready|a_authorize_patrol"}"
[uvdrobot-4] [INFO] [1748520587.838787750] [uvdrobot]: And it is not for me
[nurse_disinfect-3] [INFO] [1748520587.838966143] [nurse_disinfect]: And it is not for me
[spotrobot-5] [INFO] [1748520587.838997363] [spotrobot]: And it is not for me
[nurse_disinfect-3] [INFO] [1748520587.839628907] [nurse_disinfect]: I heard: "{"performative": "query", "sender": "nurse_disinfected1", "receiver": "spotrobot1", "content": "Done|a_authorize_patrol"}"
[nurse_disinfect-3] [INFO] [1748520587.840058517] [nurse_disinfect]: And it is not for me
[spotrobot-5] [INFO] [1748520587.840063916] [spotrobot]: I heard: "{"performative": "query", "sender": "nurse_disinfected1", "receiver": "spotrobot1", "content": "Ready|a_authorize_patrol"}"
[spotrobot-5] [INFO] [1748520587.840688560] [spotrobot]: And it is for me
[spotrobot-5] [INFO] [1748520587.841365646] [spotrobot]: Ready to act
[uvdrobot-4] [INFO] [1748520587.841984790] [uvdrobot]: I heard: "{"performative": "query", "sender": "spotrobot1", "receiver": "nurse_disinfected1", "content": "Done|a_authorize_patrol"}"
[nurse_disinfect-3] [INFO] [1748520587.842274969] [nurse_disinfect]: I heard: "{"performative": "query", "sender": "spotrobot1", "receiver": "nurse_disinfected1", "content": "Done|a_authorize_patrol"}"
[uvdrobot-4] [INFO] [1748520587.842412377] [uvdrobot]: And it is not for me
[spotrobot-5] [INFO] [1748520587.842643463] [spotrobot]: I heard: "{"performative": "query", "sender": "nurse_disinfected1", "receiver": "spotrobot1", "content": "Done|a_authorize_patrol"}"
[nurse_disinfect-3] [INFO] [1748520587.843016106] [nurse_disinfect]: And it is for me
[spotrobot-5] [INFO] [1748520587.843236607] [spotrobot]: And it is for me
[nurse_disinfect-3] [INFO] [1748520587.843344268] [nurse_disinfect]: Finished action
[spotrobot-5] [INFO] [1748520587.843800388] [spotrobot]: Finished action
[uvdrobot-4] [INFO] [1748520587.844184797] [uvdrobot]: I heard: "{"performative": "query", "sender": "nurse_disinfected1", "receiver": "spotrobot1", "content": "Done|a_authorize_patrol"}"
[nurse_disinfect-3] [INFO] [1748520587.844274037] [nurse_disinfect]: I heard: "{"performative": "query", "sender": "nurse_disinfected1", "receiver": "spotrobot1", "content": "Done|a_authorize_patrol"}"
[spotrobot-5] [INFO] [1748520587.844579070] [spotrobot]: Doing a_patrol_room
[nurse_disinfect-3] [INFO] [1748520587.844652954] [nurse_disinfect]: And it is not for me
[uvdrobot-4] [INFO] [1748520587.844748115] [uvdrobot]: And it is not for me
[spotrobot-5] [INFO] [1748520587.845370335] [spotrobot]: Wating for response
[nurse_disinfect-3] [INFO] [1748520587.845513892] [nurse_disinfect]: I heard: "{"performative": "query", "sender": "spotrobot1", "receiver": "nurse_disinfected1", "content": "Done|a_authorize_patrol"}"
[uvdrobot-4] [INFO] [1748520587.845718964] [uvdrobot]: I heard: "{"performative": "query", "sender": "spotrobot1", "receiver": "nurse_disinfected1", "content": "Done|a_authorize_patrol"}"
[nurse_disinfect-3] [INFO] [1748520587.845947834] [nurse_disinfect]: And it is for me
[nurse_disinfect-3] [INFO] [1748520587.846256299] [nurse_disinfect]: Already finished action
[uvdrobot-4] [INFO] [1748520587.846278836] [uvdrobot]: And it is not for me
[spotrobot-5] [INFO] [1748520587.846319284] [spotrobot]: I heard: "{"performative": "query", "sender": "spotrobot1", "receiver": "nurse_disinfected1", "content": "Done|a_authorize_patrol"}"
[spotrobot-5] [INFO] [1748520587.846916084] [spotrobot]: And it is not for me
[spotrobot-5] [INFO] [1748520587.847731367] [spotrobot]: I heard: "{"performative": "query", "sender": "nurse_disinfected1", "receiver": "spotrobot1", "content": "Done|a_authorize_patrol"}"
[spotrobot-5] [INFO] [1748520587.848095204] [spotrobot]: And it is for me
[spotrobot-5] [INFO] [1748520587.848454403] [spotrobot]: Already finished action
[spotrobot-5] [INFO] [1748520587.849196609] [spotrobot]: I heard: "{"performative": "query", "sender": "spotrobot1", "receiver": "nurse_disinfected1", "content": "Done|a_authorize_patrol"}"
[spotrobot-5] [INFO] [1748520587.849643767] [spotrobot]: And it is not for me
[spotrobot-5] [INFO] [1748520587.851230123] [spotrobot]: dirty room
[spotrobot-5] [INFO] [1748520587.853567609] [spotrobot]: I heard: "{"performative": "request", "sender": "Coordinator", "receiver": "nurse_disinfected1", "content": "Start|nurse_disinfected1,room1,spotrobot1,uvdrobot1"}"
[uvdrobot-4] [INFO] [1748520587.853568117] [uvdrobot]: I heard: "{"performative": "request", "sender": "Coordinator", "receiver": "nurse_disinfected1", "content": "Start|nurse_disinfected1,room1,spotrobot1,uvdrobot1"}"
[nurse_disinfect-3] [INFO] [1748520587.853589038] [nurse_disinfect]: I heard: "{"performative": "request", "sender": "Coordinator", "receiver": "nurse_disinfected1", "content": "Start|nurse_disinfected1,room1,spotrobot1,uvdrobot1"}"
[nurse_disinfect-3] [INFO] [1748520587.854066094] [nurse_disinfect]: And it is for me
[uvdrobot-4] [INFO] [1748520587.854113329] [uvdrobot]: And it is not for me
[spotrobot-5] [INFO] [1748520587.854126964] [spotrobot]: And it is not for me
[nurse_disinfect-3] [INFO] [1748520587.854445961] [nurse_disinfect]: nurse_disinfected1
[spotrobot-5] [INFO] [1748520587.855007610] [spotrobot]: I heard: "{"performative": "request", "sender": "Coordinator", "receiver": "room1", "content": "Start|nurse_disinfected1,room1,spotrobot1,uvdrobot1"}"
[uvdrobot-4] [INFO] [1748520587.855094401] [uvdrobot]: I heard: "{"performative": "request", "sender": "Coordinator", "receiver": "room1", "content": "Start|nurse_disinfected1,room1,spotrobot1,uvdrobot1"}"
[nurse_disinfect-3] [INFO] [1748520587.855114942] [nurse_disinfect]: I heard: "{"performative": "request", "sender": "Coordinator", "receiver": "room1", "content": "Start|nurse_disinfected1,room1,spotrobot1,uvdrobot1"}"
[nurse_disinfect-3] [INFO] [1748520587.855433040] [nurse_disinfect]: And it is not for me
[spotrobot-5] [INFO] [1748520587.855504416] [spotrobot]: And it is not for me
[uvdrobot-4] [INFO] [1748520587.855586728] [uvdrobot]: And it is not for me
[nurse_disinfect-3] [INFO] [1748520587.856012176] [nurse_disinfect]: I heard: "{"performative": "request", "sender": "Coordinator", "receiver": "spotrobot1", "content": "Start|nurse_disinfected1,room1,spotrobot1,uvdrobot1"}"
[nurse_disinfect-3] [INFO] [1748520587.856313443] [nurse_disinfect]: And it is not for me
[spotrobot-5] [INFO] [1748520587.856374861] [spotrobot]: I heard: "{"performative": "request", "sender": "Coordinator", "receiver": "spotrobot1", "content": "Start|nurse_disinfected1,room1,spotrobot1,uvdrobot1"}"
[uvdrobot-4] [INFO] [1748520587.856445748] [uvdrobot]: I heard: "{"performative": "request", "sender": "Coordinator", "receiver": "spotrobot1", "content": "Start|nurse_disinfected1,room1,spotrobot1,uvdrobot1"}"
[spotrobot-5] [INFO] [1748520587.856866745] [spotrobot]: And it is for me
[nurse_disinfect-3] [INFO] [1748520587.856949859] [nurse_disinfect]: I heard: "{"performative": "request", "sender": "Coordinator", "receiver": "uvdrobot1", "content": "Start|nurse_disinfected1,room1,spotrobot1,uvdrobot1"}"
[uvdrobot-4] [INFO] [1748520587.856979852] [uvdrobot]: And it is not for me
[nurse_disinfect-3] [INFO] [1748520587.857271761] [nurse_disinfect]: And it is not for me
[spotrobot-5] [INFO] [1748520587.857586166] [spotrobot]: 
[nurse_disinfect-3] [INFO] [1748520587.857806961] [nurse_disinfect]: I heard: "{"performative": "request", "sender": "Coordinator", "receiver": "spotrobot1", "content": "Start|nurse_disinfected1,room1,spotrobot1,uvdrobot1"}"
[uvdrobot-4] [INFO] [1748520587.857894033] [uvdrobot]: I heard: "{"performative": "request", "sender": "Coordinator", "receiver": "uvdrobot1", "content": "Start|nurse_disinfected1,room1,spotrobot1,uvdrobot1"}"
[nurse_disinfect-3] [INFO] [1748520587.858106742] [nurse_disinfect]: And it is not for me
[uvdrobot-4] [INFO] [1748520587.858405837] [uvdrobot]: And it is for me
[spotrobot-5] [INFO] [1748520587.858522342] [spotrobot]: I heard: "{"performative": "request", "sender": "Coordinator", "receiver": "uvdrobot1", "content": "Start|nurse_disinfected1,room1,spotrobot1,uvdrobot1"}"
[nurse_disinfect-3] [INFO] [1748520587.858728266] [nurse_disinfect]: I heard: "{"performative": "request", "sender": "Coordinator", "receiver": "uvdrobot1", "content": "Start|nurse_disinfected1,room1,spotrobot1,uvdrobot1"}"
[nurse_disinfect-3] [INFO] [1748520587.859034971] [nurse_disinfect]: And it is not for me
[spotrobot-5] [INFO] [1748520587.859087778] [spotrobot]: And it is not for me
[uvdrobot-4] [INFO] [1748520587.859353373] [uvdrobot]: I heard: "{"performative": "request", "sender": "Coordinator", "receiver": "spotrobot1", "content": "Start|nurse_disinfected1,room1,spotrobot1,uvdrobot1"}"
[nurse_disinfect-3] [INFO] [1748520587.859612190] [nurse_disinfect]: I heard: "{"performative": "request", "sender": "Coordinator", "receiver": "nurse_disinfected1", "content": "Start|nurse_disinfected1,room1,spotrobot1,uvdrobot1"}"
[disinfect_planner-2] [INFO] [1748520587.859820932] [disinfect_planner]: Creating plan for: spotrobot1 uvdrobot1 nurse_disinfected1
[uvdrobot-4] [INFO] [1748520587.859849221] [uvdrobot]: And it is not for me
[nurse_disinfect-3] [INFO] [1748520587.859915069] [nurse_disinfect]: And it is for me
[spotrobot-5] [INFO] [1748520587.859948400] [spotrobot]: I heard: "{"performative": "request", "sender": "Coordinator", "receiver": "spotrobot1", "content": "Start|nurse_disinfected1,room1,spotrobot1,uvdrobot1"}"
[nurse_disinfect-3] [INFO] [1748520587.860273657] [nurse_disinfect]: nurse_disinfected1
[spotrobot-5] [INFO] [1748520587.860509273] [spotrobot]: And it is for me
[uvdrobot-4] [INFO] [1748520587.860725904] [uvdrobot]: I heard: "{"performative": "request", "sender": "Coordinator", "receiver": "uvdrobot1", "content": "Start|nurse_disinfected1,room1,spotrobot1,uvdrobot1"}"
[disinfect_planner-2] [INFO] [1748520587.860738928] [disinfect_planner]: a_navto,spotrobot1,room1
[disinfect_planner-2] [INFO] [1748520587.861044020] [disinfect_planner]: a_approach_nurse,spotrobot1,nurse_disinfected1
[uvdrobot-4] [INFO] [1748520587.861277281] [uvdrobot]: And it is for me
[disinfect_planner-2] [INFO] [1748520587.861340524] [disinfect_planner]: a_authenticate_nurse,spotrobot1,nurse_disinfected1
[spotrobot-5] [INFO] [1748520587.861415128] [spotrobot]: I heard: "{"performative": "request", "sender": "Coordinator", "receiver": "uvdrobot1", "content": "Start|nurse_disinfected1,room1,spotrobot1,uvdrobot1"}"
[disinfect_planner-2] [INFO] [1748520587.861717144] [disinfect_planner]: a_clean_room,nurse_disinfected1,room1
[spotrobot-5] [INFO] [1748520587.862001263] [spotrobot]: And it is not for me
[disinfect_planner-2] [INFO] [1748520587.862029245] [disinfect_planner]: a_authorize_patrol,spotrobot1,nurse_disinfected1
[uvdrobot-4] [INFO] [1748520587.862195394] [uvdrobot]: I heard: "{"performative": "request", "sender": "Coordinator", "receiver": "nurse_disinfected1", "content": "Start|nurse_disinfected1,room1,spotrobot1,uvdrobot1"}"
[disinfect_planner-2] [INFO] [1748520587.862310846] [disinfect_planner]: a_patrol_room,spotrobot1,room1
[disinfect_planner-2] [INFO] [1748520587.862582477] [disinfect_planner]: a_authorize_disinfect,uvdrobot1,spotrobot1
[uvdrobot-4] [INFO] [1748520587.862720792] [uvdrobot]: And it is not for me
[disinfect_planner-2] [INFO] [1748520587.862853044] [disinfect_planner]: a_navto,uvdrobot1,room1
[spotrobot-5] [INFO] [1748520587.862945860] [spotrobot]: I heard: "{"performative": "request", "sender": "Coordinator", "receiver": "nurse_disinfected1", "content": "Start|nurse_disinfected1,room1,spotrobot1,uvdrobot1"}"
[disinfect_planner-2] [INFO] [1748520587.863123631] [disinfect_planner]: a_disinfect_room,uvdrobot1,room1
[disinfect_planner-2] [INFO] [1748520587.863395305] [disinfect_planner]: Sending response
[spotrobot-5] [INFO] [1748520587.863440422] [spotrobot]: And it is not for me
[uvdrobot-4] [INFO] [1748520587.866118456] [uvdrobot]: I heard: "{"performative": "request", "sender": "Coordinator", "receiver": "spotrobot1", "content": "Plan|a_navto,spotrobot1,room1/a_approach_nurse,spotrobot1,nurse_disinfected1/a_authenticate_nurse,spotrobot1,nurse_disinfected1/a_authorize_patrol,spotrobot1,nurse_disinfected1/a_patrol_room,spotrobot1,room1/a_authorize_disinfect,uvdrobot1,spotrobot1"}"
[spotrobot-5] [INFO] [1748520587.866354550] [spotrobot]: I heard: "{"performative": "request", "sender": "Coordinator", "receiver": "spotrobot1", "content": "Plan|a_navto,spotrobot1,room1/a_approach_nurse,spotrobot1,nurse_disinfected1/a_authenticate_nurse,spotrobot1,nurse_disinfected1/a_authorize_patrol,spotrobot1,nurse_disinfected1/a_patrol_room,spotrobot1,room1/a_authorize_disinfect,uvdrobot1,spotrobot1"}"
[nurse_disinfect-3] [INFO] [1748520587.866376684] [nurse_disinfect]: I heard: "{"performative": "request", "sender": "Coordinator", "receiver": "spotrobot1", "content": "Plan|a_navto,spotrobot1,room1/a_approach_nurse,spotrobot1,nurse_disinfected1/a_authenticate_nurse,spotrobot1,nurse_disinfected1/a_authorize_patrol,spotrobot1,nurse_disinfected1/a_patrol_room,spotrobot1,room1/a_authorize_disinfect,uvdrobot1,spotrobot1"}"
[uvdrobot-4] [INFO] [1748520587.866603469] [uvdrobot]: And it is not for me
[spotrobot-5] [INFO] [1748520587.866907245] [spotrobot]: And it is for me
[nurse_disinfect-3] [INFO] [1748520587.866913550] [nurse_disinfect]: And it is not for me
[uvdrobot-4] [INFO] [1748520587.867190521] [uvdrobot]: I heard: "{"performative": "request", "sender": "Coordinator", "receiver": "uvdrobot1", "content": "Plan|a_authorize_disinfect,uvdrobot1,spotrobot1/a_navto,uvdrobot1,room1/a_disinfect_room,uvdrobot1,room1"}"
[spotrobot-5] [INFO] [1748520587.867478330] [spotrobot]: Doing a_navto
[uvdrobot-4] [INFO] [1748520587.867500820] [uvdrobot]: And it is for me
[nurse_disinfect-3] [INFO] [1748520587.867891797] [nurse_disinfect]: I heard: "{"performative": "request", "sender": "Coordinator", "receiver": "uvdrobot1", "content": "Plan|a_authorize_disinfect,uvdrobot1,spotrobot1/a_navto,uvdrobot1,room1/a_disinfect_room,uvdrobot1,room1"}"
[uvdrobot-4] [INFO] [1748520587.868129384] [uvdrobot]: I heard: "{"performative": "request", "sender": "Coordinator", "receiver": "nurse_disinfected1", "content": "Plan|a_approach_nurse,spotrobot1,nurse_disinfected1/a_authenticate_nurse,spotrobot1,nurse_disinfected1/a_clean_room,nurse_disinfected1,room1/a_authorize_patrol,spotrobot1,nurse_disinfected1"}"
[spotrobot-5] [INFO] [1748520587.868131851] [spotrobot]: Wating for response
[nurse_disinfect-3] [INFO] [1748520587.868440919] [nurse_disinfect]: And it is not for me
[uvdrobot-4] [INFO] [1748520587.868528368] [uvdrobot]: And it is not for me
[spotrobot-5] [INFO] [1748520587.869037949] [spotrobot]: I heard: "{"performative": "request", "sender": "Coordinator", "receiver": "uvdrobot1", "content": "Plan|a_authorize_disinfect,uvdrobot1,spotrobot1/a_navto,uvdrobot1,room1/a_disinfect_room,uvdrobot1,room1"}"
[nurse_disinfect-3] [INFO] [1748520587.869394358] [nurse_disinfect]: I heard: "{"performative": "request", "sender": "Coordinator", "receiver": "nurse_disinfected1", "content": "Plan|a_approach_nurse,spotrobot1,nurse_disinfected1/a_authenticate_nurse,spotrobot1,nurse_disinfected1/a_clean_room,nurse_disinfected1,room1/a_authorize_patrol,spotrobot1,nurse_disinfected1"}"
[spotrobot-5] [INFO] [1748520587.869618298] [spotrobot]: And it is not for me
[nurse_disinfect-3] [INFO] [1748520587.870065605] [nurse_disinfect]: And it is for me
[spotrobot-5] [INFO] [1748520587.870567963] [spotrobot]: I heard: "{"performative": "request", "sender": "Coordinator", "receiver": "nurse_disinfected1", "content": "Plan|a_approach_nurse,spotrobot1,nurse_disinfected1/a_authenticate_nurse,spotrobot1,nurse_disinfected1/a_clean_room,nurse_disinfected1,room1/a_authorize_patrol,spotrobot1,nurse_disinfected1"}"
[nurse_disinfect-3] [INFO] [1748520587.870643372] [nurse_disinfect]: a_approach_nurse
[spotrobot-5] [INFO] [1748520587.871237872] [spotrobot]: And it is not for me
[nurse_disinfect-3] [INFO] [1748520587.871322123] [nurse_disinfect]: a_authenticate_nurse
[nurse_disinfect-3] [INFO] [1748520587.871868410] [nurse_disinfect]: Doing a_authenticate_nurse
[spotrobot-5] [INFO] [1748520587.871918247] [spotrobot]: success
[nurse_disinfect-3] [INFO] [1748520587.872389762] [nurse_disinfect]: a_authenticate_nurse
[spotrobot-5] [INFO] [1748520587.872535145] [spotrobot]: Doing a_approach_nurse
[nurse_disinfect-3] [INFO] [1748520587.872939169] [nurse_disinfect]: Here first, waiting for robot
[spotrobot-5] [INFO] [1748520587.873231201] [spotrobot]: Wating for response
[uvdrobot-4] [INFO] [1748520587.873659454] [uvdrobot]: I heard: "{"performative": "query", "sender": "nurse_disinfected1", "receiver": "spotrobot1", "content": "Ready|a_authenticate_nurse"}"
[uvdrobot-4] [INFO] [1748520587.874026537] [uvdrobot]: And it is not for me
[nurse_disinfect-3] [INFO] [1748520587.874061989] [nurse_disinfect]: I heard: "{"performative": "query", "sender": "nurse_disinfected1", "receiver": "spotrobot1", "content": "Ready|a_authenticate_nurse"}"
[spotrobot-5] [INFO] [1748520587.874104701] [spotrobot]: I heard: "{"performative": "query", "sender": "nurse_disinfected1", "receiver": "spotrobot1", "content": "Ready|a_authenticate_nurse"}"
[spotrobot-5] [INFO] [1748520587.874586089] [spotrobot]: And it is for me
[nurse_disinfect-3] [INFO] [1748520587.874585755] [nurse_disinfect]: And it is not for me
[spotrobot-5] [INFO] [1748520587.875167207] [spotrobot]: No there yet
[spotrobot-5] [INFO] [1748520587.877073642] [spotrobot]: success
[spotrobot-5] [INFO] [1748520587.877676376] [spotrobot]: Doing a_authenticate_nurse
[spotrobot-5] [INFO] [1748520587.878277360] [spotrobot]: a_authenticate_nurse
[spotrobot-5] [INFO] [1748520587.878636106] [spotrobot]: Nurse is waiting, send action message
[uvdrobot-4] [INFO] [1748520587.879447773] [uvdrobot]: I heard: "{"performative": "query", "sender": "spotrobot1", "receiver": "nurse_disinfected1", "content": "Done|a_authenticate_nurse"}"
[spotrobot-5] [INFO] [1748520587.879771710] [spotrobot]: I heard: "{"performative": "query", "sender": "spotrobot1", "receiver": "nurse_disinfected1", "content": "Done|a_authenticate_nurse"}"
[nurse_disinfect-3] [INFO] [1748520587.879771681] [nurse_disinfect]: I heard: "{"performative": "query", "sender": "spotrobot1", "receiver": "nurse_disinfected1", "content": "Done|a_authenticate_nurse"}"
[uvdrobot-4] [INFO] [1748520587.879827513] [uvdrobot]: And it is not for me
[spotrobot-5] [INFO] [1748520587.880318472] [spotrobot]: And it is not for me
[nurse_disinfect-3] [INFO] [1748520587.880334609] [nurse_disinfect]: And it is for me
[nurse_disinfect-3] [INFO] [1748520587.880952264] [nurse_disinfect]: Finished action
[nurse_disinfect-3] [INFO] [1748520587.881546461] [nurse_disinfect]: a_clean_room
[uvdrobot-4] [INFO] [1748520587.881960968] [uvdrobot]: I heard: "{"performative": "query", "sender": "nurse_disinfected1", "receiver": "spotrobot1", "content": "Done|a_authenticate_nurse"}"
[spotrobot-5] [INFO] [1748520587.882005221] [spotrobot]: I heard: "{"performative": "query", "sender": "nurse_disinfected1", "receiver": "spotrobot1", "content": "Done|a_authenticate_nurse"}"
[nurse_disinfect-3] [INFO] [1748520587.882066256] [nurse_disinfect]: Doing a_clean_room
[spotrobot-5] [INFO] [1748520587.882338801] [spotrobot]: And it is for me
[uvdrobot-4] [INFO] [1748520587.882559117] [uvdrobot]: And it is not for me
[nurse_disinfect-3] [INFO] [1748520587.882570745] [nurse_disinfect]: Waiting for response
[spotrobot-5] [INFO] [1748520587.882738322] [spotrobot]: Finished action
[nurse_disinfect-3] [INFO] [1748520587.883159230] [nurse_disinfect]: I heard: "{"performative": "query", "sender": "nurse_disinfected1", "receiver": "spotrobot1", "content": "Done|a_authenticate_nurse"}"
[spotrobot-5] [INFO] [1748520587.883306267] [spotrobot]: Doing a_authorize_patrol
[nurse_disinfect-3] [INFO] [1748520587.883483714] [nurse_disinfect]: And it is not for me
[uvdrobot-4] [INFO] [1748520587.883556271] [uvdrobot]: I heard: "{"performative": "query", "sender": "spotrobot1", "receiver": "nurse_disinfected1", "content": "Done|a_authenticate_nurse"}"
[spotrobot-5] [INFO] [1748520587.883655190] [spotrobot]: a_authorize_patrol
[uvdrobot-4] [INFO] [1748520587.883882811] [uvdrobot]: And it is not for me
[nurse_disinfect-3] [INFO] [1748520587.884045778] [nurse_disinfect]: I heard: "{"performative": "query", "sender": "spotrobot1", "receiver": "nurse_disinfected1", "content": "Done|a_authenticate_nurse"}"
[spotrobot-5] [INFO] [1748520587.884266345] [spotrobot]: Here first, waiting for nurse
[nurse_disinfect-3] [INFO] [1748520587.884346138] [nurse_disinfect]: And it is for me
[uvdrobot-4] [INFO] [1748520587.884979957] [uvdrobot]: I heard: "{"performative": "query", "sender": "spotrobot1", "receiver": "nurse_disinfected1", "content": "Ready|a_authorize_patrol"}"
[spotrobot-5] [INFO] [1748520587.885010079] [spotrobot]: I heard: "{"performative": "query", "sender": "spotrobot1", "receiver": "nurse_disinfected1", "content": "Done|a_authenticate_nurse"}"
[nurse_disinfect-3] [INFO] [1748520587.885155920] [nurse_disinfect]: Already finished action
[uvdrobot-4] [INFO] [1748520587.885323432] [uvdrobot]: And it is not for me
[spotrobot-5] [INFO] [1748520587.885624195] [spotrobot]: And it is not for me
[nurse_disinfect-3] [INFO] [1748520587.885740980] [nurse_disinfect]: I heard: "{"performative": "query", "sender": "spotrobot1", "receiver": "nurse_disinfected1", "content": "Ready|a_authorize_patrol"}"
[nurse_disinfect-3] [INFO] [1748520587.886045577] [nurse_disinfect]: And it is for me
[spotrobot-5] [INFO] [1748520587.886384391] [spotrobot]: I heard: "{"performative": "query", "sender": "spotrobot1", "receiver": "nurse_disinfected1", "content": "Ready|a_authorize_patrol"}"
[nurse_disinfect-3] [INFO] [1748520587.886694166] [nurse_disinfect]: No there yet
[spotrobot-5] [INFO] [1748520587.886878215] [spotrobot]: And it is not for me
[nurse_disinfect-3] [INFO] [1748520587.887203545] [nurse_disinfect]: success
[nurse_disinfect-3] [INFO] [1748520587.887609295] [nurse_disinfect]: a_authorize_patrol
[nurse_disinfect-3] [INFO] [1748520587.887905061] [nurse_disinfect]: Doing a_authorize_patrol
[nurse_disinfect-3] [INFO] [1748520587.888183015] [nurse_disinfect]: a_authorize_patrol
[nurse_disinfect-3] [INFO] [1748520587.888465385] [nurse_disinfect]: Robot is waiting, send action message
[uvdrobot-4] [INFO] [1748520587.889099332] [uvdrobot]: I heard: "{"performative": "query", "sender": "nurse_disinfected1", "receiver": "spotrobot1", "content": "Done|a_authorize_patrol"}"
[spotrobot-5] [INFO] [1748520587.889143206] [spotrobot]: I heard: "{"performative": "query", "sender": "nurse_disinfected1", "receiver": "spotrobot1", "content": "Done|a_authorize_patrol"}"
[uvdrobot-4] [INFO] [1748520587.889416829] [uvdrobot]: And it is not for me
[spotrobot-5] [INFO] [1748520587.889460397] [spotrobot]: And it is for me
[nurse_disinfect-3] [INFO] [1748520587.889476820] [nurse_disinfect]: I heard: "{"performative": "query", "sender": "nurse_disinfected1", "receiver": "spotrobot1", "content": "Done|a_authorize_patrol"}"
[spotrobot-5] [INFO] [1748520587.889744190] [spotrobot]: Finished action
[nurse_disinfect-3] [INFO] [1748520587.890129234] [nurse_disinfect]: And it is not for me
[spotrobot-5] [INFO] [1748520587.890265605] [spotrobot]: Doing a_patrol_room
[uvdrobot-4] [INFO] [1748520587.890531196] [uvdrobot]: I heard: "{"performative": "query", "sender": "spotrobot1", "receiver": "nurse_disinfected1", "content": "Done|a_authorize_patrol"}"
[spotrobot-5] [INFO] [1748520587.890756805] [spotrobot]: Wating for response
[nurse_disinfect-3] [INFO] [1748520587.890816058] [nurse_disinfect]: I heard: "{"performative": "query", "sender": "spotrobot1", "receiver": "nurse_disinfected1", "content": "Done|a_authorize_patrol"}"
[uvdrobot-4] [INFO] [1748520587.890919093] [uvdrobot]: And it is not for me
[nurse_disinfect-3] [INFO] [1748520587.891263774] [nurse_disinfect]: And it is for me
[spotrobot-5] [INFO] [1748520587.891408893] [spotrobot]: I heard: "{"performative": "query", "sender": "spotrobot1", "receiver": "nurse_disinfected1", "content": "Done|a_authorize_patrol"}"
[spotrobot-5] [INFO] [1748520587.891720245] [spotrobot]: And it is not for me
[nurse_disinfect-3] [INFO] [1748520587.891791618] [nurse_disinfect]: Finished action
[uvdrobot-4] [INFO] [1748520587.892368674] [uvdrobot]: I heard: "{"performative": "query", "sender": "nurse_disinfected1", "receiver": "spotrobot1", "content": "Done|a_authorize_patrol"}"
[spotrobot-5] [INFO] [1748520587.892477564] [spotrobot]: I heard: "{"performative": "query", "sender": "nurse_disinfected1", "receiver": "spotrobot1", "content": "Done|a_authorize_patrol"}"
[uvdrobot-4] [INFO] [1748520587.892685306] [uvdrobot]: And it is not for me
[spotrobot-5] [INFO] [1748520587.892782920] [spotrobot]: And it is for me
[nurse_disinfect-3] [INFO] [1748520587.892876319] [nurse_disinfect]: I heard: "{"performative": "query", "sender": "nurse_disinfected1", "receiver": "spotrobot1", "content": "Done|a_authorize_patrol"}"
[spotrobot-5] [INFO] [1748520587.893102282] [spotrobot]: Already finished action
[nurse_disinfect-3] [INFO] [1748520587.893200181] [nurse_disinfect]: And it is not for me
[spotrobot-5] [INFO] [1748520587.893549345] [spotrobot]: success
[spotrobot-5] [INFO] [1748520587.893971009] [spotrobot]: Doing a_authorize_disinfect
[spotrobot-5] [INFO] [1748520587.894271032] [spotrobot]: a_authorize_disinfect
[spotrobot-5] [INFO] [1748520587.894546594] [spotrobot]: Here first, waiting for spotrobot
[uvdrobot-4] [INFO] [1748520587.895249837] [uvdrobot]: I heard: "{"performative": "query", "sender": "spotrobot1", "receiver": "uvdrobot1", "content": "Ready|a_authorize_disinfect"}"
[nurse_disinfect-3] [INFO] [1748520587.895266013] [nurse_disinfect]: I heard: "{"performative": "query", "sender": "spotrobot1", "receiver": "uvdrobot1", "content": "Ready|a_authorize_disinfect"}"
[spotrobot-5] [INFO] [1748520587.895418661] [spotrobot]: I heard: "{"performative": "query", "sender": "spotrobot1", "receiver": "uvdrobot1", "content": "Ready|a_authorize_disinfect"}"
[uvdrobot-4] [INFO] [1748520587.895598729] [uvdrobot]: And it is for me
[nurse_disinfect-3] [INFO] [1748520587.895733100] [nurse_disinfect]: And it is not for me
[spotrobot-5] [INFO] [1748520587.895942964] [spotrobot]: And it is not for me
[uvdrobot-4] [INFO] [1748520587.895949772] [uvdrobot]: Ready to act
[nurse_disinfect-3] [INFO] [1748520587.896592299] [nurse_disinfect]: I heard: "{"performative": "query", "sender": "uvdrobot1", "receiver": "spotrobot1", "content": "Done|a_authorize_disinfect"}"
[uvdrobot-4] [INFO] [1748520587.896798147] [uvdrobot]: I heard: "{"performative": "query", "sender": "uvdrobot1", "receiver": "spotrobot1", "content": "Done|a_authorize_disinfect"}"
[spotrobot-5] [INFO] [1748520587.896899511] [spotrobot]: I heard: "{"performative": "query", "sender": "uvdrobot1", "receiver": "spotrobot1", "content": "Done|a_authorize_disinfect"}"
[spotrobot-5] [INFO] [1748520587.897283698] [spotrobot]: And it is for me
[nurse_disinfect-3] [INFO] [1748520587.897311394] [nurse_disinfect]: And it is not for me
[uvdrobot-4] [INFO] [1748520587.897428978] [uvdrobot]: And it is not for me
[spotrobot-5] [INFO] [1748520587.897591014] [spotrobot]: Finished action
[spotrobot-5] [INFO] [1748520587.898457812] [spotrobot]: I heard: "{"performative": "query", "sender": "spotrobot1", "receiver": "uvdrobot1", "content": "Done|a_authorize_disinfect"}"
[uvdrobot-4] [INFO] [1748520587.898511866] [uvdrobot]: I heard: "{"performative": "query", "sender": "spotrobot1", "receiver": "uvdrobot1", "content": "Done|a_authorize_disinfect"}"
[nurse_disinfect-3] [INFO] [1748520587.898719852] [nurse_disinfect]: I heard: "{"performative": "query", "sender": "spotrobot1", "receiver": "uvdrobot1", "content": "Done|a_authorize_disinfect"}"
[spotrobot-5] [INFO] [1748520587.898836434] [spotrobot]: And it is not for me
[uvdrobot-4] [INFO] [1748520587.899145237] [uvdrobot]: And it is for me
[nurse_disinfect-3] [INFO] [1748520587.899353412] [nurse_disinfect]: And it is not for me
[uvdrobot-4] [INFO] [1748520587.899778765] [uvdrobot]: Finished action
[spotrobot-5] [INFO] [1748520587.900417838] [spotrobot]: I heard: "{"performative": "query", "sender": "uvdrobot1", "receiver": "spotrobot1", "content": "Done|a_authorize_disinfect"}"
[uvdrobot-4] [INFO] [1748520587.900601447] [uvdrobot]: Doing a_navto
[spotrobot-5] [INFO] [1748520587.900734070] [spotrobot]: And it is for me
[nurse_disinfect-3] [INFO] [1748520587.900737515] [nurse_disinfect]: I heard: "{"performative": "query", "sender": "uvdrobot1", "receiver": "spotrobot1", "content": "Done|a_authorize_disinfect"}"
[spotrobot-5] [INFO] [1748520587.901052884] [spotrobot]: Already finished action
[uvdrobot-4] [INFO] [1748520587.901326707] [uvdrobot]: Waiting for response
[nurse_disinfect-3] [INFO] [1748520587.901442244] [nurse_disinfect]: And it is not for me
[uvdrobot-4] [INFO] [1748520587.902385145] [uvdrobot]: I heard: "{"performative": "query", "sender": "uvdrobot1", "receiver": "spotrobot1", "content": "Done|a_authorize_disinfect"}"
[uvdrobot-4] [INFO] [1748520587.902966221] [uvdrobot]: And it is not for me
[uvdrobot-4] [INFO] [1748520587.905063737] [uvdrobot]: success
[uvdrobot-4] [INFO] [1748520587.905822089] [uvdrobot]: Doing a_disinfect_room
[uvdrobot-4] [INFO] [1748520587.906540351] [uvdrobot]: Waiting for response
[uvdrobot-4] [INFO] [1748520587.908130068] [uvdrobot]: success
[disinfect_planner-2] [INFO] [1748520587.910706223] [disinfect_planner]: Recebido sinal de desligamento do coordenador, finalizando...
[disinfect_environment-1] [INFO] [1748520587.910745227] [disinfect_environment]: Recebido sinal de desligamento do coordenador, finalizando...
[spotrobot-5] [INFO] [1748520587.910841651] [spotrobot]: Recebido sinal de desligamento do coordenador, finalizando...
[uvdrobot-4] [INFO] [1748520587.911000417] [uvdrobot]: Recebido sinal de desligamento do coordenador, finalizando...
[nurse_disinfect-3] [INFO] [1748520587.911001073] [nurse_disinfect]: Recebido sinal de desligamento do coordenador, finalizando...
[disinfect_environment-1] [INFO] [1748520587.911198665] [Quitting]: Done
[disinfect_planner-2] [INFO] [1748520587.911204958] [Quitting]: Done
[spotrobot-5] [INFO] [1748520587.911529877] [Quitting]: Done
[nurse_disinfect-3] [INFO] [1748520587.911653993] [Quitting]: Done
[uvdrobot-4] [INFO] [1748520587.911671949] [Quitting]: Done
[INFO] [nurse_disinfect-3]: process has finished cleanly [pid 9881]
[INFO] [disinfect_environment-1]: process has finished cleanly [pid 9877]
[INFO] [spotrobot-5]: process has finished cleanly [pid 9885]
[INFO] [uvdrobot-4]: process has finished cleanly [pid 9883]
[INFO] [disinfect_planner-2]: process has finished cleanly [pid 9879]
