[INFO] [launch]: All log files can be found below /home/rafael/.ros/log/2025-05-29-22-39-34-564526-NotebookRafael-115247
[INFO] [launch]: Default logging verbosity is set to INFO
[INFO] [disinfect_environment-1]: process started with pid [115250]
[INFO] [disinfect_planner-2]: process started with pid [115252]
[INFO] [nurse_disinfect-3]: process started with pid [115254]
[INFO] [uvdrobot-4]: process started with pid [115256]
[INFO] [spotrobot-5]: process started with pid [115258]
[disinfect_environment-1] [INFO] [1748569174.842995380] [disinfect_environment]: Starting Environment server
[disinfect_environment-1] [INFO] [1748569174.846738559] [disinfect_environment]: Environment server started
[disinfect_planner-2] [INFO] [1748569175.368112317] [disinfect_planner]: Starting Planner server
[disinfect_planner-2] [INFO] [1748569175.372234175] [disinfect_planner]: Planner server started
[disinfect_planner-2] [INFO] [1748569175.596656650] [disinfect_planner]: Creating plan for: spotrobot1 uvdrobot1 nurse_disinfected1
[disinfect_planner-2] [INFO] [1748569175.598955126] [disinfect_planner]: a_navto,spotrobot1,room1
[disinfect_planner-2] [INFO] [1748569175.599438965] [disinfect_planner]: a_open_door,spotrobot1,room1
[disinfect_planner-2] [INFO] [1748569175.599858502] [disinfect_planner]: a_approach_nurse,spotrobot1,nurse_disinfected1
[disinfect_planner-2] [INFO] [1748569175.600320673] [disinfect_planner]: a_authenticate_nurse,spotrobot1,nurse_disinfected1
[disinfect_planner-2] [INFO] [1748569175.600802101] [disinfect_planner]: a_authorize_patrol,spotrobot1,nurse_disinfected1
[disinfect_planner-2] [INFO] [1748569175.601226113] [disinfect_planner]: a_patrol_room,spotrobot1,room1
[disinfect_planner-2] [INFO] [1748569175.601651378] [disinfect_planner]: a_authorize_disinfect,uvdrobot1,spotrobot1
[disinfect_planner-2] [INFO] [1748569175.602072765] [disinfect_planner]: a_navto,uvdrobot1,room1
[disinfect_planner-2] [INFO] [1748569175.602545718] [disinfect_planner]: a_disinfect_room,uvdrobot1,room1
[spotrobot-5] [INFO] [1748569175.602856826] [spotrobot]: response.response spotrobot1
[disinfect_planner-2] [INFO] [1748569175.602977262] [disinfect_planner]: Sending response
[spotrobot-5] [INFO] [1748569175.603237523] [spotrobot]: My name is spotrobot1
[uvdrobot-4] [INFO] [1748569175.605192080] [uvdrobot]: response.response uvdrobot1
[spotrobot-5] [INFO] [1748569175.605355316] [spotrobot]: I heard: "{"performative": "request", "sender": "Coordinator", "receiver": "uvdrobot1", "content": "Plan|a_authorize_disinfect,uvdrobot1,spotrobot1/a_navto,uvdrobot1,room1/a_disinfect_room,uvdrobot1,room1"}"
[uvdrobot-4] [INFO] [1748569175.605550297] [uvdrobot]: My name is uvdrobot1
[spotrobot-5] [INFO] [1748569175.605645335] [spotrobot]: And it is not for me
[nurse_disinfect-3] [INFO] [1748569175.606124455] [nurse_disinfect]: response.response nurse_disinfected1
[spotrobot-5] [INFO] [1748569175.606183496] [spotrobot]: I heard: "{"performative": "request", "sender": "Coordinator", "receiver": "spotrobot1", "content": "Plan|a_navto,spotrobot1,room1/a_open_door,spotrobot1,room1/a_approach_nurse,spotrobot1,nurse_disinfected1/a_authenticate_nurse,spotrobot1,nurse_disinfected1/a_authorize_patrol,spotrobot1,nurse_disinfected1/a_patrol_room,spotrobot1,room1/a_authorize_disinfect,uvdrobot1,spotrobot1"}"
[uvdrobot-4] [INFO] [1748569175.606254480] [uvdrobot]: I heard: "{"performative": "request", "sender": "Coordinator", "receiver": "uvdrobot1", "content": "Plan|a_authorize_disinfect,uvdrobot1,spotrobot1/a_navto,uvdrobot1,room1/a_disinfect_room,uvdrobot1,room1"}"
[nurse_disinfect-3] [INFO] [1748569175.606495220] [nurse_disinfect]: My name is nurse_disinfected1
[uvdrobot-4] [INFO] [1748569175.606542790] [uvdrobot]: And it is for me
[spotrobot-5] [INFO] [1748569175.606709137] [spotrobot]: And it is for me
[uvdrobot-4] [INFO] [1748569175.606923122] [uvdrobot]: Doing a_authorize_disinfect
[spotrobot-5] [INFO] [1748569175.607156872] [spotrobot]: Doing a_navto
[uvdrobot-4] [INFO] [1748569175.607198724] [uvdrobot]: a_authorize_disinfect
[spotrobot-5] [INFO] [1748569175.607603683] [spotrobot]: Wating for response
[uvdrobot-4] [INFO] [1748569175.607643694] [uvdrobot]: Here first, waiting for spotrobot
[spotrobot-5] [INFO] [1748569175.608140881] [spotrobot]: I heard: "{"performative": "request", "sender": "Coordinator", "receiver": "nurse_disinfected1", "content": "Plan|a_approach_nurse,spotrobot1,nurse_disinfected1/a_authenticate_nurse,spotrobot1,nurse_disinfected1/a_authorize_patrol,spotrobot1,nurse_disinfected1"}"
[uvdrobot-4] [INFO] [1748569175.608368461] [uvdrobot]: I heard: "{"performative": "request", "sender": "Coordinator", "receiver": "spotrobot1", "content": "Plan|a_navto,spotrobot1,room1/a_open_door,spotrobot1,room1/a_approach_nurse,spotrobot1,nurse_disinfected1/a_authenticate_nurse,spotrobot1,nurse_disinfected1/a_authorize_patrol,spotrobot1,nurse_disinfected1/a_patrol_room,spotrobot1,room1/a_authorize_disinfect,uvdrobot1,spotrobot1"}"
[spotrobot-5] [INFO] [1748569175.608534789] [spotrobot]: And it is not for me
[uvdrobot-4] [INFO] [1748569175.608663105] [uvdrobot]: And it is not for me
[uvdrobot-4] [INFO] [1748569175.609044942] [uvdrobot]: I heard: "{"performative": "query", "sender": "uvdrobot1", "receiver": "spotrobot1", "content": "Ready|a_authorize_disinfect"}"
[spotrobot-5] [INFO] [1748569175.609122461] [spotrobot]: I heard: "{"performative": "query", "sender": "uvdrobot1", "receiver": "spotrobot1", "content": "Ready|a_authorize_disinfect"}"
[uvdrobot-4] [INFO] [1748569175.609317339] [uvdrobot]: And it is not for me
[spotrobot-5] [INFO] [1748569175.609392522] [spotrobot]: And it is for me
[spotrobot-5] [INFO] [1748569175.609683999] [spotrobot]: No there yet
[uvdrobot-4] [INFO] [1748569175.609827171] [uvdrobot]: I heard: "{"performative": "request", "sender": "Coordinator", "receiver": "nurse_disinfected1", "content": "Plan|a_approach_nurse,spotrobot1,nurse_disinfected1/a_authenticate_nurse,spotrobot1,nurse_disinfected1/a_authorize_patrol,spotrobot1,nurse_disinfected1"}"
[uvdrobot-4] [INFO] [1748569175.610089431] [uvdrobot]: And it is not for me
[spotrobot-5] [INFO] [1748569175.610263346] [spotrobot]: success
[spotrobot-5] [INFO] [1748569175.610597092] [spotrobot]: Doing a_open_door
[spotrobot-5] [INFO] [1748569175.610988963] [spotrobot]: Wating for response
[spotrobot-5] [INFO] [1748569175.611979167] [spotrobot]: success
[spotrobot-5] [INFO] [1748569175.612344624] [spotrobot]: Doing a_approach_nurse
[spotrobot-5] [INFO] [1748569175.612775364] [spotrobot]: Wating for response
[spotrobot-5] [INFO] [1748569175.613618970] [spotrobot]: success
[spotrobot-5] [INFO] [1748569175.614071359] [spotrobot]: Doing a_authenticate_nurse
[spotrobot-5] [INFO] [1748569175.614537417] [spotrobot]: a_authenticate_nurse
[spotrobot-5] [INFO] [1748569175.614933156] [spotrobot]: Here first, waiting for nurse
[uvdrobot-4] [INFO] [1748569175.615782371] [uvdrobot]: I heard: "{"performative": "query", "sender": "spotrobot1", "receiver": "nurse_disinfected1", "content": "Ready|a_authenticate_nurse"}"
[spotrobot-5] [INFO] [1748569175.615904729] [spotrobot]: I heard: "{"performative": "query", "sender": "spotrobot1", "receiver": "nurse_disinfected1", "content": "Ready|a_authenticate_nurse"}"
[uvdrobot-4] [INFO] [1748569175.616305311] [uvdrobot]: And it is not for me
[spotrobot-5] [INFO] [1748569175.616375459] [spotrobot]: And it is not for me
[nurse_disinfect-3] [INFO] [1748569176.608131657] [nurse_disinfect]: I heard: "{"performative": "request", "sender": "Coordinator", "receiver": "uvdrobot1", "content": "Plan|a_authorize_disinfect,uvdrobot1,spotrobot1/a_navto,uvdrobot1,room1/a_disinfect_room,uvdrobot1,room1"}"
[nurse_disinfect-3] [INFO] [1748569176.608609759] [nurse_disinfect]: And it is not for me
[nurse_disinfect-3] [INFO] [1748569176.609123085] [nurse_disinfect]: I heard: "{"performative": "query", "sender": "uvdrobot1", "receiver": "spotrobot1", "content": "Ready|a_authorize_disinfect"}"
[nurse_disinfect-3] [INFO] [1748569176.609454037] [nurse_disinfect]: And it is not for me
[nurse_disinfect-3] [INFO] [1748569176.610293766] [nurse_disinfect]: I heard: "{"performative": "request", "sender": "Coordinator", "receiver": "spotrobot1", "content": "Plan|a_navto,spotrobot1,room1/a_open_door,spotrobot1,room1/a_approach_nurse,spotrobot1,nurse_disinfected1/a_authenticate_nurse,spotrobot1,nurse_disinfected1/a_authorize_patrol,spotrobot1,nurse_disinfected1/a_patrol_room,spotrobot1,room1/a_authorize_disinfect,uvdrobot1,spotrobot1"}"
[nurse_disinfect-3] [INFO] [1748569176.610622550] [nurse_disinfect]: And it is not for me
[nurse_disinfect-3] [INFO] [1748569176.611250623] [nurse_disinfect]: I heard: "{"performative": "query", "sender": "spotrobot1", "receiver": "nurse_disinfected1", "content": "Ready|a_authenticate_nurse"}"
[nurse_disinfect-3] [INFO] [1748569176.611615753] [nurse_disinfect]: And it is for me
[nurse_disinfect-3] [INFO] [1748569176.611904362] [nurse_disinfect]: No there yet
[nurse_disinfect-3] [INFO] [1748569176.612718190] [nurse_disinfect]: I heard: "{"performative": "request", "sender": "Coordinator", "receiver": "nurse_disinfected1", "content": "Plan|a_approach_nurse,spotrobot1,nurse_disinfected1/a_authenticate_nurse,spotrobot1,nurse_disinfected1/a_authorize_patrol,spotrobot1,nurse_disinfected1"}"
[nurse_disinfect-3] [INFO] [1748569176.613045573] [nurse_disinfect]: And it is for me
[nurse_disinfect-3] [INFO] [1748569176.614473328] [nurse_disinfect]: a_approach_nurse
[nurse_disinfect-3] [INFO] [1748569176.615019085] [nurse_disinfect]: a_authenticate_nurse
[nurse_disinfect-3] [INFO] [1748569176.615436698] [nurse_disinfect]: Doing a_authenticate_nurse
[nurse_disinfect-3] [INFO] [1748569176.615814937] [nurse_disinfect]: a_authenticate_nurse
[nurse_disinfect-3] [INFO] [1748569176.616302644] [nurse_disinfect]: Robot is waiting, send action message
[spotrobot-5] [INFO] [1748569176.617123589] [spotrobot]: I heard: "{"performative": "query", "sender": "nurse_disinfected1", "receiver": "spotrobot1", "content": "Done|a_authenticate_nurse"}"
[nurse_disinfect-3] [INFO] [1748569176.617206281] [nurse_disinfect]: I heard: "{"performative": "query", "sender": "nurse_disinfected1", "receiver": "spotrobot1", "content": "Done|a_authenticate_nurse"}"
[uvdrobot-4] [INFO] [1748569176.617266917] [uvdrobot]: I heard: "{"performative": "query", "sender": "nurse_disinfected1", "receiver": "spotrobot1", "content": "Done|a_authenticate_nurse"}"
[nurse_disinfect-3] [INFO] [1748569176.617651129] [nurse_disinfect]: And it is not for me
[spotrobot-5] [INFO] [1748569176.617651435] [spotrobot]: And it is for me
[uvdrobot-4] [INFO] [1748569176.617791577] [uvdrobot]: And it is not for me
[spotrobot-5] [INFO] [1748569176.618259774] [spotrobot]: Finished action
[spotrobot-5] [INFO] [1748569176.618932518] [spotrobot]: Doing a_authorize_patrol
[nurse_disinfect-3] [INFO] [1748569176.619093746] [nurse_disinfect]: I heard: "{"performative": "query", "sender": "spotrobot1", "receiver": "nurse_disinfected1", "content": "Done|a_authenticate_nurse"}"
[uvdrobot-4] [INFO] [1748569176.619180323] [uvdrobot]: I heard: "{"performative": "query", "sender": "spotrobot1", "receiver": "nurse_disinfected1", "content": "Done|a_authenticate_nurse"}"
[spotrobot-5] [INFO] [1748569176.619245278] [spotrobot]: a_authorize_patrol
[nurse_disinfect-3] [INFO] [1748569176.619382345] [nurse_disinfect]: And it is for me
[spotrobot-5] [INFO] [1748569176.619523609] [spotrobot]: Here first, waiting for nurse
[uvdrobot-4] [INFO] [1748569176.619538764] [uvdrobot]: And it is not for me
[nurse_disinfect-3] [INFO] [1748569176.619640083] [nurse_disinfect]: Finished action
[nurse_disinfect-3] [INFO] [1748569176.620092182] [nurse_disinfect]: a_authorize_patrol
[uvdrobot-4] [INFO] [1748569176.620171564] [uvdrobot]: I heard: "{"performative": "query", "sender": "spotrobot1", "receiver": "nurse_disinfected1", "content": "Ready|a_authorize_patrol"}"
[spotrobot-5] [INFO] [1748569176.620184523] [spotrobot]: I heard: "{"performative": "query", "sender": "spotrobot1", "receiver": "nurse_disinfected1", "content": "Done|a_authenticate_nurse"}"
[nurse_disinfect-3] [INFO] [1748569176.620408091] [nurse_disinfect]: Doing a_authorize_patrol
[uvdrobot-4] [INFO] [1748569176.620462601] [uvdrobot]: And it is not for me
[spotrobot-5] [INFO] [1748569176.620560810] [spotrobot]: And it is not for me
[nurse_disinfect-3] [INFO] [1748569176.620833319] [nurse_disinfect]: a_authorize_patrol
[nurse_disinfect-3] [INFO] [1748569176.621109519] [nurse_disinfect]: Here first, waiting for robot
[spotrobot-5] [INFO] [1748569176.621203542] [spotrobot]: I heard: "{"performative": "query", "sender": "spotrobot1", "receiver": "nurse_disinfected1", "content": "Ready|a_authorize_patrol"}"
[uvdrobot-4] [INFO] [1748569176.621352046] [uvdrobot]: I heard: "{"performative": "query", "sender": "nurse_disinfected1", "receiver": "spotrobot1", "content": "Done|a_authenticate_nurse"}"
[spotrobot-5] [INFO] [1748569176.621611811] [spotrobot]: And it is not for me
[nurse_disinfect-3] [INFO] [1748569176.621804163] [nurse_disinfect]: I heard: "{"performative": "query", "sender": "spotrobot1", "receiver": "nurse_disinfected1", "content": "Ready|a_authorize_patrol"}"
[uvdrobot-4] [INFO] [1748569176.621893739] [uvdrobot]: And it is not for me
[nurse_disinfect-3] [INFO] [1748569176.622082550] [nurse_disinfect]: And it is for me
[spotrobot-5] [INFO] [1748569176.622382193] [spotrobot]: I heard: "{"performative": "query", "sender": "nurse_disinfected1", "receiver": "spotrobot1", "content": "Done|a_authenticate_nurse"}"
[nurse_disinfect-3] [INFO] [1748569176.622388658] [nurse_disinfect]: Ready to act
[spotrobot-5] [INFO] [1748569176.622740736] [spotrobot]: And it is for me
[uvdrobot-4] [INFO] [1748569176.622829358] [uvdrobot]: I heard: "{"performative": "query", "sender": "nurse_disinfected1", "receiver": "spotrobot1", "content": "Ready|a_authorize_patrol"}"
[nurse_disinfect-3] [INFO] [1748569176.623046340] [nurse_disinfect]: I heard: "{"performative": "query", "sender": "nurse_disinfected1", "receiver": "spotrobot1", "content": "Done|a_authenticate_nurse"}"
[spotrobot-5] [INFO] [1748569176.623080817] [spotrobot]: Already finished action
[nurse_disinfect-3] [INFO] [1748569176.623324530] [nurse_disinfect]: And it is not for me
[uvdrobot-4] [INFO] [1748569176.623355999] [uvdrobot]: And it is not for me
[spotrobot-5] [INFO] [1748569176.623611270] [spotrobot]: I heard: "{"performative": "query", "sender": "nurse_disinfected1", "receiver": "spotrobot1", "content": "Ready|a_authorize_patrol"}"
[nurse_disinfect-3] [INFO] [1748569176.623861093] [nurse_disinfect]: I heard: "{"performative": "query", "sender": "nurse_disinfected1", "receiver": "spotrobot1", "content": "Ready|a_authorize_patrol"}"
[spotrobot-5] [INFO] [1748569176.623883676] [spotrobot]: And it is for me
[spotrobot-5] [INFO] [1748569176.624171107] [spotrobot]: Ready to act
[nurse_disinfect-3] [INFO] [1748569176.624186879] [nurse_disinfect]: And it is not for me
[uvdrobot-4] [INFO] [1748569176.624277538] [uvdrobot]: I heard: "{"performative": "query", "sender": "nurse_disinfected1", "receiver": "spotrobot1", "content": "Done|a_authorize_patrol"}"
[nurse_disinfect-3] [INFO] [1748569176.624702681] [nurse_disinfect]: I heard: "{"performative": "query", "sender": "nurse_disinfected1", "receiver": "spotrobot1", "content": "Done|a_authorize_patrol"}"
[uvdrobot-4] [INFO] [1748569176.624785436] [uvdrobot]: And it is not for me
[spotrobot-5] [INFO] [1748569176.624851979] [spotrobot]: I heard: "{"performative": "query", "sender": "nurse_disinfected1", "receiver": "spotrobot1", "content": "Done|a_authorize_patrol"}"
[nurse_disinfect-3] [INFO] [1748569176.624993522] [nurse_disinfect]: And it is not for me
[spotrobot-5] [INFO] [1748569176.625152285] [spotrobot]: And it is for me
[spotrobot-5] [INFO] [1748569176.625413611] [spotrobot]: Finished action
[nurse_disinfect-3] [INFO] [1748569176.625483723] [nurse_disinfect]: I heard: "{"performative": "query", "sender": "spotrobot1", "receiver": "nurse_disinfected1", "content": "Done|a_authorize_patrol"}"
[uvdrobot-4] [INFO] [1748569176.625744161] [uvdrobot]: I heard: "{"performative": "query", "sender": "spotrobot1", "receiver": "nurse_disinfected1", "content": "Done|a_authorize_patrol"}"
[nurse_disinfect-3] [INFO] [1748569176.625751916] [nurse_disinfect]: And it is for me
[spotrobot-5] [INFO] [1748569176.625838100] [spotrobot]: Doing a_patrol_room
[nurse_disinfect-3] [INFO] [1748569176.626054838] [nurse_disinfect]: Finished action
[spotrobot-5] [INFO] [1748569176.626217797] [spotrobot]: Wating for response
[uvdrobot-4] [INFO] [1748569176.626273072] [uvdrobot]: And it is not for me
[spotrobot-5] [INFO] [1748569176.626703653] [spotrobot]: I heard: "{"performative": "query", "sender": "spotrobot1", "receiver": "nurse_disinfected1", "content": "Done|a_authorize_patrol"}"
[nurse_disinfect-3] [INFO] [1748569176.626716099] [nurse_disinfect]: I heard: "{"performative": "query", "sender": "spotrobot1", "receiver": "nurse_disinfected1", "content": "Done|a_authorize_patrol"}"
[nurse_disinfect-3] [INFO] [1748569176.626991869] [nurse_disinfect]: And it is for me
[spotrobot-5] [INFO] [1748569176.627020385] [spotrobot]: And it is not for me
[uvdrobot-4] [INFO] [1748569176.627185745] [uvdrobot]: I heard: "{"performative": "query", "sender": "spotrobot1", "receiver": "nurse_disinfected1", "content": "Done|a_authorize_patrol"}"
[nurse_disinfect-3] [INFO] [1748569176.627244589] [nurse_disinfect]: Already finished action
[spotrobot-5] [INFO] [1748569176.627507952] [spotrobot]: I heard: "{"performative": "query", "sender": "spotrobot1", "receiver": "nurse_disinfected1", "content": "Done|a_authorize_patrol"}"
[uvdrobot-4] [INFO] [1748569176.627732165] [uvdrobot]: And it is not for me
[nurse_disinfect-3] [INFO] [1748569176.627737892] [nurse_disinfect]: I heard: "{"performative": "query", "sender": "nurse_disinfected1", "receiver": "spotrobot1", "content": "Done|a_authorize_patrol"}"
[spotrobot-5] [INFO] [1748569176.627835550] [spotrobot]: And it is not for me
[nurse_disinfect-3] [INFO] [1748569176.628072760] [nurse_disinfect]: And it is not for me
[spotrobot-5] [INFO] [1748569176.628331703] [spotrobot]: I heard: "{"performative": "query", "sender": "nurse_disinfected1", "receiver": "spotrobot1", "content": "Done|a_authorize_patrol"}"
[spotrobot-5] [INFO] [1748569176.628662394] [spotrobot]: And it is for me
[uvdrobot-4] [INFO] [1748569176.628678558] [uvdrobot]: I heard: "{"performative": "query", "sender": "nurse_disinfected1", "receiver": "spotrobot1", "content": "Done|a_authorize_patrol"}"
[spotrobot-5] [INFO] [1748569176.628943976] [spotrobot]: Already finished action
[uvdrobot-4] [INFO] [1748569176.629206291] [uvdrobot]: And it is not for me
[spotrobot-5] [INFO] [1748569176.629721991] [spotrobot]: success
[spotrobot-5] [INFO] [1748569176.630044413] [spotrobot]: Doing a_authorize_disinfect
[spotrobot-5] [INFO] [1748569176.630309242] [spotrobot]: a_authorize_disinfect
[spotrobot-5] [INFO] [1748569176.630627497] [spotrobot]: Here first, waiting for spotrobot
[spotrobot-5] [INFO] [1748569176.631222008] [spotrobot]: I heard: "{"performative": "query", "sender": "spotrobot1", "receiver": "uvdrobot1", "content": "Ready|a_authorize_disinfect"}"
[nurse_disinfect-3] [INFO] [1748569176.631326149] [nurse_disinfect]: I heard: "{"performative": "query", "sender": "spotrobot1", "receiver": "uvdrobot1", "content": "Ready|a_authorize_disinfect"}"
[spotrobot-5] [INFO] [1748569176.631497899] [spotrobot]: And it is not for me
[uvdrobot-4] [INFO] [1748569176.631574964] [uvdrobot]: I heard: "{"performative": "query", "sender": "spotrobot1", "receiver": "uvdrobot1", "content": "Ready|a_authorize_disinfect"}"
[nurse_disinfect-3] [INFO] [1748569176.631621597] [nurse_disinfect]: And it is not for me
[uvdrobot-4] [INFO] [1748569176.632143332] [uvdrobot]: And it is for me
[uvdrobot-4] [INFO] [1748569176.632667992] [uvdrobot]: Ready to act
[nurse_disinfect-3] [INFO] [1748569176.633378230] [nurse_disinfect]: I heard: "{"performative": "query", "sender": "uvdrobot1", "receiver": "spotrobot1", "content": "Done|a_authorize_disinfect"}"
[spotrobot-5] [INFO] [1748569176.633643806] [spotrobot]: I heard: "{"performative": "query", "sender": "uvdrobot1", "receiver": "spotrobot1", "content": "Done|a_authorize_disinfect"}"
[nurse_disinfect-3] [INFO] [1748569176.633657373] [nurse_disinfect]: And it is not for me
[uvdrobot-4] [INFO] [1748569176.633730541] [uvdrobot]: I heard: "{"performative": "query", "sender": "uvdrobot1", "receiver": "spotrobot1", "content": "Done|a_authorize_disinfect"}"
[spotrobot-5] [INFO] [1748569176.634067146] [spotrobot]: And it is for me
[uvdrobot-4] [INFO] [1748569176.634256303] [uvdrobot]: And it is not for me
[spotrobot-5] [INFO] [1748569176.634474612] [spotrobot]: Finished action
[uvdrobot-4] [INFO] [1748569176.635206658] [uvdrobot]: I heard: "{"performative": "query", "sender": "spotrobot1", "receiver": "uvdrobot1", "content": "Done|a_authorize_disinfect"}"
[nurse_disinfect-3] [INFO] [1748569176.635209338] [nurse_disinfect]: I heard: "{"performative": "query", "sender": "spotrobot1", "receiver": "uvdrobot1", "content": "Done|a_authorize_disinfect"}"
[spotrobot-5] [INFO] [1748569176.635322528] [spotrobot]: I heard: "{"performative": "query", "sender": "spotrobot1", "receiver": "uvdrobot1", "content": "Done|a_authorize_disinfect"}"
[uvdrobot-4] [INFO] [1748569176.635530743] [uvdrobot]: And it is for me
[spotrobot-5] [INFO] [1748569176.635662441] [spotrobot]: And it is not for me
[nurse_disinfect-3] [INFO] [1748569176.635749676] [nurse_disinfect]: And it is not for me
[uvdrobot-4] [INFO] [1748569176.635789368] [uvdrobot]: Finished action
[uvdrobot-4] [INFO] [1748569176.636217267] [uvdrobot]: Doing a_navto
[uvdrobot-4] [INFO] [1748569176.636598207] [uvdrobot]: Waiting for response
[nurse_disinfect-3] [INFO] [1748569176.636617005] [nurse_disinfect]: I heard: "{"performative": "query", "sender": "uvdrobot1", "receiver": "spotrobot1", "content": "Done|a_authorize_disinfect"}"
[spotrobot-5] [INFO] [1748569176.636659587] [spotrobot]: I heard: "{"performative": "query", "sender": "uvdrobot1", "receiver": "spotrobot1", "content": "Done|a_authorize_disinfect"}"
[uvdrobot-4] [INFO] [1748569176.637171022] [uvdrobot]: I heard: "{"performative": "query", "sender": "uvdrobot1", "receiver": "spotrobot1", "content": "Done|a_authorize_disinfect"}"
[nurse_disinfect-3] [INFO] [1748569176.637185887] [nurse_disinfect]: And it is not for me
[spotrobot-5] [INFO] [1748569176.637348391] [spotrobot]: And it is for me
[uvdrobot-4] [INFO] [1748569176.637451436] [uvdrobot]: And it is not for me
[spotrobot-5] [INFO] [1748569176.637630898] [spotrobot]: Already finished action
[uvdrobot-4] [INFO] [1748569176.638244140] [uvdrobot]: success
[uvdrobot-4] [INFO] [1748569176.638690464] [uvdrobot]: Doing a_disinfect_room
[uvdrobot-4] [INFO] [1748569176.639336523] [uvdrobot]: Waiting for response
[uvdrobot-4] [INFO] [1748569176.640389589] [uvdrobot]: success
[spotrobot-5] [INFO] [1748569176.642763539] [spotrobot]: Recebido sinal de desligamento do coordenador, finalizando...
[uvdrobot-4] [INFO] [1748569176.642856096] [uvdrobot]: Recebido sinal de desligamento do coordenador, finalizando...
[nurse_disinfect-3] [INFO] [1748569176.642940047] [nurse_disinfect]: Recebido sinal de desligamento do coordenador, finalizando...
[disinfect_environment-1] [INFO] [1748569176.642939495] [disinfect_environment]: Recebido sinal de desligamento do coordenador, finalizando...
[disinfect_planner-2] [INFO] [1748569176.643057147] [disinfect_planner]: Recebido sinal de desligamento do coordenador, finalizando...
[uvdrobot-4] [INFO] [1748569176.643193168] [Quitting]: Done
[spotrobot-5] [INFO] [1748569176.643361451] [Quitting]: Done
[disinfect_environment-1] [INFO] [1748569176.643485598] [Quitting]: Done
[nurse_disinfect-3] [INFO] [1748569176.643505341] [Quitting]: Done
[disinfect_planner-2] [INFO] [1748569176.643684500] [Quitting]: Done
[INFO] [nurse_disinfect-3]: process has finished cleanly [pid 115254]
[INFO] [disinfect_environment-1]: process has finished cleanly [pid 115250]
[INFO] [spotrobot-5]: process has finished cleanly [pid 115258]
[INFO] [uvdrobot-4]: process has finished cleanly [pid 115256]
