[INFO] [launch]: All log files can be found below /home/rafael/.ros/log/2025-05-29-22-29-59-144064-NotebookRafael-105764
[INFO] [launch]: Default logging verbosity is set to INFO
[INFO] [disinfect_environment-1]: process started with pid [105767]
[INFO] [disinfect_planner-2]: process started with pid [105769]
[INFO] [nurse_disinfect-3]: process started with pid [105771]
[INFO] [uvdrobot-4]: process started with pid [105773]
[INFO] [spotrobot-5]: process started with pid [105775]
[disinfect_environment-1] [INFO] [1748568599.416206098] [disinfect_environment]: Starting Environment server
[disinfect_environment-1] [INFO] [1748568599.420295352] [disinfect_environment]: Environment server started
[disinfect_planner-2] [INFO] [1748568599.970380442] [disinfect_planner]: Starting Planner server
[disinfect_planner-2] [INFO] [1748568599.974425274] [disinfect_planner]: Planner server started
[disinfect_planner-2] [INFO] [1748568600.179437219] [disinfect_planner]: Creating plan for: spotrobot1 uvdrobot1 nurse_disinfected1
[disinfect_planner-2] [INFO] [1748568600.180860960] [disinfect_planner]: a_navto,spotrobot1,room1
[disinfect_planner-2] [INFO] [1748568600.181234913] [disinfect_planner]: a_open_door,spotrobot1,room1
[disinfect_planner-2] [INFO] [1748568600.181532377] [disinfect_planner]: a_approach_nurse,spotrobot1,nurse_disinfected1
[disinfect_planner-2] [INFO] [1748568600.181900552] [disinfect_planner]: a_authenticate_nurse,spotrobot1,nurse_disinfected1
[disinfect_planner-2] [INFO] [1748568600.182254907] [disinfect_planner]: a_authorize_patrol,spotrobot1,nurse_disinfected1
[disinfect_planner-2] [INFO] [1748568600.182551165] [disinfect_planner]: a_patrol_room,spotrobot1,room1
[disinfect_planner-2] [INFO] [1748568600.182847954] [disinfect_planner]: a_authorize_disinfect,uvdrobot1,spotrobot1
[disinfect_planner-2] [INFO] [1748568600.183153326] [disinfect_planner]: a_navto,uvdrobot1,room1
[uvdrobot-4] [INFO] [1748568600.183361336] [uvdrobot]: response.response uvdrobot1
[disinfect_planner-2] [INFO] [1748568600.183447911] [disinfect_planner]: a_disinfect_room,uvdrobot1,room1
[disinfect_planner-2] [INFO] [1748568600.183739959] [disinfect_planner]: Sending response
[uvdrobot-4] [INFO] [1748568600.183745857] [uvdrobot]: My name is uvdrobot1
[uvdrobot-4] [INFO] [1748568600.185970107] [uvdrobot]: I heard: "{"performative": "request", "sender": "Coordinator", "receiver": "uvdrobot1", "content": "Plan|a_authorize_disinfect,uvdrobot1,spotrobot1/a_navto,uvdrobot1,room1/a_disinfect_room,uvdrobot1,room1"}"
[uvdrobot-4] [INFO] [1748568600.186293983] [uvdrobot]: And it is for me
[nurse_disinfect-3] [INFO] [1748568600.186348788] [nurse_disinfect]: response.response nurse_disinfected1
[spotrobot-5] [INFO] [1748568600.186608528] [spotrobot]: response.response spotrobot1
[nurse_disinfect-3] [INFO] [1748568600.186745854] [nurse_disinfect]: My name is nurse_disinfected1
[uvdrobot-4] [INFO] [1748568600.186794434] [uvdrobot]: Doing a_authorize_disinfect
[spotrobot-5] [INFO] [1748568600.186998467] [spotrobot]: My name is spotrobot1
[uvdrobot-4] [INFO] [1748568600.187075865] [uvdrobot]: a_authorize_disinfect
[uvdrobot-4] [INFO] [1748568600.187356993] [uvdrobot]: Here first, waiting for spotrobot
[spotrobot-5] [INFO] [1748568600.187633455] [spotrobot]: I heard: "{"performative": "request", "sender": "Coordinator", "receiver": "uvdrobot1", "content": "Plan|a_authorize_disinfect,uvdrobot1,spotrobot1/a_navto,uvdrobot1,room1/a_disinfect_room,uvdrobot1,room1"}"
[spotrobot-5] [INFO] [1748568600.187944150] [spotrobot]: And it is not for me
[uvdrobot-4] [INFO] [1748568600.187978913] [uvdrobot]: I heard: "{"performative": "request", "sender": "Coordinator", "receiver": "spotrobot1", "content": "Plan|a_navto,spotrobot1,room1/a_open_door,spotrobot1,room1/a_approach_nurse,spotrobot1,nurse_disinfected1/a_authenticate_nurse,spotrobot1,nurse_disinfected1/a_authorize_patrol,spotrobot1,nurse_disinfected1/a_patrol_room,spotrobot1,room1/a_authorize_disinfect,uvdrobot1,spotrobot1"}"
[uvdrobot-4] [INFO] [1748568600.188244122] [uvdrobot]: And it is not for me
[uvdrobot-4] [INFO] [1748568600.188628329] [uvdrobot]: I heard: "{"performative": "query", "sender": "uvdrobot1", "receiver": "spotrobot1", "content": "Ready|a_authorize_disinfect"}"
[spotrobot-5] [INFO] [1748568600.188975006] [spotrobot]: I heard: "{"performative": "request", "sender": "Coordinator", "receiver": "spotrobot1", "content": "Plan|a_navto,spotrobot1,room1/a_open_door,spotrobot1,room1/a_approach_nurse,spotrobot1,nurse_disinfected1/a_authenticate_nurse,spotrobot1,nurse_disinfected1/a_authorize_patrol,spotrobot1,nurse_disinfected1/a_patrol_room,spotrobot1,room1/a_authorize_disinfect,uvdrobot1,spotrobot1"}"
[uvdrobot-4] [INFO] [1748568600.189015464] [uvdrobot]: And it is not for me
[spotrobot-5] [INFO] [1748568600.189359803] [spotrobot]: And it is for me
[spotrobot-5] [INFO] [1748568600.189836683] [spotrobot]: Doing a_navto
[uvdrobot-4] [INFO] [1748568600.189946881] [uvdrobot]: I heard: "{"performative": "request", "sender": "Coordinator", "receiver": "nurse_disinfected1", "content": "Plan|a_approach_nurse,spotrobot1,nurse_disinfected1/a_authenticate_nurse,spotrobot1,nurse_disinfected1/a_authorize_patrol,spotrobot1,nurse_disinfected1"}"
[spotrobot-5] [INFO] [1748568600.190250999] [spotrobot]: Wating for response
[uvdrobot-4] [INFO] [1748568600.190418468] [uvdrobot]: And it is not for me
[spotrobot-5] [INFO] [1748568600.190795510] [spotrobot]: I heard: "{"performative": "request", "sender": "Coordinator", "receiver": "nurse_disinfected1", "content": "Plan|a_approach_nurse,spotrobot1,nurse_disinfected1/a_authenticate_nurse,spotrobot1,nurse_disinfected1/a_authorize_patrol,spotrobot1,nurse_disinfected1"}"
[spotrobot-5] [INFO] [1748568600.191102108] [spotrobot]: And it is not for me
[spotrobot-5] [INFO] [1748568600.191474977] [spotrobot]: I heard: "{"performative": "query", "sender": "uvdrobot1", "receiver": "spotrobot1", "content": "Ready|a_authorize_disinfect"}"
[spotrobot-5] [INFO] [1748568600.191781690] [spotrobot]: And it is for me
[spotrobot-5] [INFO] [1748568600.192081958] [spotrobot]: No there yet
[spotrobot-5] [INFO] [1748568600.192894424] [spotrobot]: success
[spotrobot-5] [INFO] [1748568600.193452174] [spotrobot]: Doing a_open_door
[spotrobot-5] [INFO] [1748568600.193964048] [spotrobot]: Wating for response
[spotrobot-5] [INFO] [1748568600.195540224] [spotrobot]: success
[spotrobot-5] [INFO] [1748568600.195894171] [spotrobot]: Doing a_approach_nurse
[spotrobot-5] [INFO] [1748568600.196296283] [spotrobot]: Wating for response
[spotrobot-5] [INFO] [1748568600.197234182] [spotrobot]: success
[spotrobot-5] [INFO] [1748568600.197577637] [spotrobot]: Doing a_authenticate_nurse
[spotrobot-5] [INFO] [1748568600.197935898] [spotrobot]: a_authenticate_nurse
[spotrobot-5] [INFO] [1748568600.198247495] [spotrobot]: Here first, waiting for nurse
[uvdrobot-4] [INFO] [1748568600.198879177] [uvdrobot]: I heard: "{"performative": "query", "sender": "spotrobot1", "receiver": "nurse_disinfected1", "content": "Ready|a_authenticate_nurse"}"
[spotrobot-5] [INFO] [1748568600.198888034] [spotrobot]: I heard: "{"performative": "query", "sender": "spotrobot1", "receiver": "nurse_disinfected1", "content": "Ready|a_authenticate_nurse"}"
[spotrobot-5] [INFO] [1748568600.199234976] [spotrobot]: And it is not for me
[uvdrobot-4] [INFO] [1748568600.199287905] [uvdrobot]: And it is not for me
[nurse_disinfect-3] [INFO] [1748568601.188744317] [nurse_disinfect]: I heard: "{"performative": "request", "sender": "Coordinator", "receiver": "uvdrobot1", "content": "Plan|a_authorize_disinfect,uvdrobot1,spotrobot1/a_navto,uvdrobot1,room1/a_disinfect_room,uvdrobot1,room1"}"
[nurse_disinfect-3] [INFO] [1748568601.189102085] [nurse_disinfect]: And it is not for me
[nurse_disinfect-3] [INFO] [1748568601.189544295] [nurse_disinfect]: I heard: "{"performative": "query", "sender": "uvdrobot1", "receiver": "spotrobot1", "content": "Ready|a_authorize_disinfect"}"
[nurse_disinfect-3] [INFO] [1748568601.189868618] [nurse_disinfect]: And it is not for me
[nurse_disinfect-3] [INFO] [1748568601.190387259] [nurse_disinfect]: I heard: "{"performative": "request", "sender": "Coordinator", "receiver": "spotrobot1", "content": "Plan|a_navto,spotrobot1,room1/a_open_door,spotrobot1,room1/a_approach_nurse,spotrobot1,nurse_disinfected1/a_authenticate_nurse,spotrobot1,nurse_disinfected1/a_authorize_patrol,spotrobot1,nurse_disinfected1/a_patrol_room,spotrobot1,room1/a_authorize_disinfect,uvdrobot1,spotrobot1"}"
[nurse_disinfect-3] [INFO] [1748568601.190711781] [nurse_disinfect]: And it is not for me
[nurse_disinfect-3] [INFO] [1748568601.191082949] [nurse_disinfect]: I heard: "{"performative": "query", "sender": "spotrobot1", "receiver": "nurse_disinfected1", "content": "Ready|a_authenticate_nurse"}"
[nurse_disinfect-3] [INFO] [1748568601.191456284] [nurse_disinfect]: And it is for me
[nurse_disinfect-3] [INFO] [1748568601.191761723] [nurse_disinfect]: No there yet
[nurse_disinfect-3] [INFO] [1748568601.192355797] [nurse_disinfect]: I heard: "{"performative": "request", "sender": "Coordinator", "receiver": "nurse_disinfected1", "content": "Plan|a_approach_nurse,spotrobot1,nurse_disinfected1/a_authenticate_nurse,spotrobot1,nurse_disinfected1/a_authorize_patrol,spotrobot1,nurse_disinfected1"}"
[nurse_disinfect-3] [INFO] [1748568601.192667869] [nurse_disinfect]: And it is for me
[nurse_disinfect-3] [INFO] [1748568601.194299681] [nurse_disinfect]: a_approach_nurse
[nurse_disinfect-3] [INFO] [1748568601.194673539] [nurse_disinfect]: a_authenticate_nurse
[nurse_disinfect-3] [INFO] [1748568601.195036477] [nurse_disinfect]: Doing a_authenticate_nurse
[nurse_disinfect-3] [INFO] [1748568601.195410591] [nurse_disinfect]: a_authenticate_nurse
[nurse_disinfect-3] [INFO] [1748568601.195791187] [nurse_disinfect]: Robot is waiting, send action message
[nurse_disinfect-3] [INFO] [1748568601.196579018] [nurse_disinfect]: I heard: "{"performative": "query", "sender": "nurse_disinfected1", "receiver": "spotrobot1", "content": "Done|a_authenticate_nurse"}"
[spotrobot-5] [INFO] [1748568601.196736583] [spotrobot]: I heard: "{"performative": "query", "sender": "nurse_disinfected1", "receiver": "spotrobot1", "content": "Done|a_authenticate_nurse"}"
[uvdrobot-4] [INFO] [1748568601.196873368] [uvdrobot]: I heard: "{"performative": "query", "sender": "nurse_disinfected1", "receiver": "spotrobot1", "content": "Done|a_authenticate_nurse"}"
[nurse_disinfect-3] [INFO] [1748568601.197149190] [nurse_disinfect]: And it is not for me
[spotrobot-5] [INFO] [1748568601.197219147] [spotrobot]: And it is for me
[uvdrobot-4] [INFO] [1748568601.197299469] [uvdrobot]: And it is not for me
[spotrobot-5] [INFO] [1748568601.197649154] [spotrobot]: Finished action
[spotrobot-5] [INFO] [1748568601.198382129] [spotrobot]: Doing a_authorize_patrol
[uvdrobot-4] [INFO] [1748568601.198546228] [uvdrobot]: I heard: "{"performative": "query", "sender": "spotrobot1", "receiver": "nurse_disinfected1", "content": "Done|a_authenticate_nurse"}"
[nurse_disinfect-3] [INFO] [1748568601.198763856] [nurse_disinfect]: I heard: "{"performative": "query", "sender": "spotrobot1", "receiver": "nurse_disinfected1", "content": "Done|a_authenticate_nurse"}"
[spotrobot-5] [INFO] [1748568601.198865624] [spotrobot]: a_authorize_patrol
[uvdrobot-4] [INFO] [1748568601.198926434] [uvdrobot]: And it is not for me
[nurse_disinfect-3] [INFO] [1748568601.199129996] [nurse_disinfect]: And it is for me
[spotrobot-5] [INFO] [1748568601.199272175] [spotrobot]: Here first, waiting for nurse
[nurse_disinfect-3] [INFO] [1748568601.199536130] [nurse_disinfect]: Finished action
[uvdrobot-4] [INFO] [1748568601.200088427] [uvdrobot]: I heard: "{"performative": "query", "sender": "spotrobot1", "receiver": "nurse_disinfected1", "content": "Ready|a_authorize_patrol"}"
[nurse_disinfect-3] [INFO] [1748568601.200122182] [nurse_disinfect]: a_authorize_patrol
[spotrobot-5] [INFO] [1748568601.200222743] [spotrobot]: I heard: "{"performative": "query", "sender": "spotrobot1", "receiver": "nurse_disinfected1", "content": "Done|a_authenticate_nurse"}"
[uvdrobot-4] [INFO] [1748568601.200580884] [uvdrobot]: And it is not for me
[nurse_disinfect-3] [INFO] [1748568601.200594149] [nurse_disinfect]: Doing a_authorize_patrol
[spotrobot-5] [INFO] [1748568601.200628182] [spotrobot]: And it is not for me
[nurse_disinfect-3] [INFO] [1748568601.201054236] [nurse_disinfect]: a_authorize_patrol
[spotrobot-5] [INFO] [1748568601.201311261] [spotrobot]: I heard: "{"performative": "query", "sender": "spotrobot1", "receiver": "nurse_disinfected1", "content": "Ready|a_authorize_patrol"}"
[uvdrobot-4] [INFO] [1748568601.201364106] [uvdrobot]: I heard: "{"performative": "query", "sender": "nurse_disinfected1", "receiver": "spotrobot1", "content": "Done|a_authenticate_nurse"}"
[nurse_disinfect-3] [INFO] [1748568601.201494593] [nurse_disinfect]: Here first, waiting for robot
[spotrobot-5] [INFO] [1748568601.201727506] [spotrobot]: And it is not for me
[uvdrobot-4] [INFO] [1748568601.201842222] [uvdrobot]: And it is not for me
[uvdrobot-4] [INFO] [1748568601.202459733] [uvdrobot]: I heard: "{"performative": "query", "sender": "nurse_disinfected1", "receiver": "spotrobot1", "content": "Ready|a_authorize_patrol"}"
[spotrobot-5] [INFO] [1748568601.202627037] [spotrobot]: I heard: "{"performative": "query", "sender": "nurse_disinfected1", "receiver": "spotrobot1", "content": "Done|a_authenticate_nurse"}"
[nurse_disinfect-3] [INFO] [1748568601.202649002] [nurse_disinfect]: I heard: "{"performative": "query", "sender": "spotrobot1", "receiver": "nurse_disinfected1", "content": "Ready|a_authorize_patrol"}"
[uvdrobot-4] [INFO] [1748568601.202812577] [uvdrobot]: And it is not for me
[nurse_disinfect-3] [INFO] [1748568601.203104366] [nurse_disinfect]: And it is for me
[spotrobot-5] [INFO] [1748568601.203104364] [spotrobot]: And it is for me
[spotrobot-5] [INFO] [1748568601.203527338] [spotrobot]: Already finished action
[nurse_disinfect-3] [INFO] [1748568601.203534867] [nurse_disinfect]: Ready to act
[spotrobot-5] [INFO] [1748568601.204516720] [spotrobot]: I heard: "{"performative": "query", "sender": "nurse_disinfected1", "receiver": "spotrobot1", "content": "Ready|a_authorize_patrol"}"
[uvdrobot-4] [INFO] [1748568601.204592024] [uvdrobot]: I heard: "{"performative": "query", "sender": "nurse_disinfected1", "receiver": "spotrobot1", "content": "Done|a_authorize_patrol"}"
[nurse_disinfect-3] [INFO] [1748568601.204681359] [nurse_disinfect]: I heard: "{"performative": "query", "sender": "nurse_disinfected1", "receiver": "spotrobot1", "content": "Done|a_authenticate_nurse"}"
[spotrobot-5] [INFO] [1748568601.204973956] [spotrobot]: And it is for me
[uvdrobot-4] [INFO] [1748568601.205109942] [uvdrobot]: And it is not for me
[nurse_disinfect-3] [INFO] [1748568601.205140191] [nurse_disinfect]: And it is not for me
[spotrobot-5] [INFO] [1748568601.205459295] [spotrobot]: Ready to act
[nurse_disinfect-3] [INFO] [1748568601.206131331] [nurse_disinfect]: I heard: "{"performative": "query", "sender": "nurse_disinfected1", "receiver": "spotrobot1", "content": "Ready|a_authorize_patrol"}"
[uvdrobot-4] [INFO] [1748568601.206395781] [uvdrobot]: I heard: "{"performative": "query", "sender": "spotrobot1", "receiver": "nurse_disinfected1", "content": "Done|a_authorize_patrol"}"
[spotrobot-5] [INFO] [1748568601.206593261] [spotrobot]: I heard: "{"performative": "query", "sender": "nurse_disinfected1", "receiver": "spotrobot1", "content": "Done|a_authorize_patrol"}"
[nurse_disinfect-3] [INFO] [1748568601.206610578] [nurse_disinfect]: And it is not for me
[uvdrobot-4] [INFO] [1748568601.206930788] [uvdrobot]: And it is not for me
[spotrobot-5] [INFO] [1748568601.207146129] [spotrobot]: And it is for me
[nurse_disinfect-3] [INFO] [1748568601.207259566] [nurse_disinfect]: I heard: "{"performative": "query", "sender": "nurse_disinfected1", "receiver": "spotrobot1", "content": "Done|a_authorize_patrol"}"
[spotrobot-5] [INFO] [1748568601.207518400] [spotrobot]: Finished action
[nurse_disinfect-3] [INFO] [1748568601.207563142] [nurse_disinfect]: And it is not for me
[spotrobot-5] [INFO] [1748568601.208135112] [spotrobot]: Doing a_patrol_room
[uvdrobot-4] [INFO] [1748568601.208428309] [uvdrobot]: I heard: "{"performative": "query", "sender": "spotrobot1", "receiver": "nurse_disinfected1", "content": "Done|a_authorize_patrol"}"
[nurse_disinfect-3] [INFO] [1748568601.208443352] [nurse_disinfect]: I heard: "{"performative": "query", "sender": "spotrobot1", "receiver": "nurse_disinfected1", "content": "Done|a_authorize_patrol"}"
[spotrobot-5] [INFO] [1748568601.208677684] [spotrobot]: Wating for response
[uvdrobot-4] [INFO] [1748568601.208890008] [uvdrobot]: And it is not for me
[nurse_disinfect-3] [INFO] [1748568601.208954180] [nurse_disinfect]: And it is for me
[nurse_disinfect-3] [INFO] [1748568601.209310332] [nurse_disinfect]: Finished action
[spotrobot-5] [INFO] [1748568601.209628608] [spotrobot]: I heard: "{"performative": "query", "sender": "spotrobot1", "receiver": "nurse_disinfected1", "content": "Done|a_authorize_patrol"}"
[spotrobot-5] [INFO] [1748568601.209976387] [spotrobot]: And it is not for me
[nurse_disinfect-3] [INFO] [1748568601.210146434] [nurse_disinfect]: I heard: "{"performative": "query", "sender": "spotrobot1", "receiver": "nurse_disinfected1", "content": "Done|a_authorize_patrol"}"
[uvdrobot-4] [INFO] [1748568601.210432825] [uvdrobot]: I heard: "{"performative": "query", "sender": "nurse_disinfected1", "receiver": "spotrobot1", "content": "Done|a_authorize_patrol"}"
[spotrobot-5] [INFO] [1748568601.210514720] [spotrobot]: I heard: "{"performative": "query", "sender": "spotrobot1", "receiver": "nurse_disinfected1", "content": "Done|a_authorize_patrol"}"
[nurse_disinfect-3] [INFO] [1748568601.210743577] [nurse_disinfect]: And it is for me
[spotrobot-5] [INFO] [1748568601.210853565] [spotrobot]: And it is not for me
[uvdrobot-4] [INFO] [1748568601.211106289] [uvdrobot]: And it is not for me
[nurse_disinfect-3] [INFO] [1748568601.211269458] [nurse_disinfect]: Already finished action
[spotrobot-5] [INFO] [1748568601.211513578] [spotrobot]: I heard: "{"performative": "query", "sender": "nurse_disinfected1", "receiver": "spotrobot1", "content": "Done|a_authorize_patrol"}"
[spotrobot-5] [INFO] [1748568601.212097503] [spotrobot]: And it is for me
[nurse_disinfect-3] [INFO] [1748568601.212267470] [nurse_disinfect]: I heard: "{"performative": "query", "sender": "nurse_disinfected1", "receiver": "spotrobot1", "content": "Done|a_authorize_patrol"}"
[spotrobot-5] [INFO] [1748568601.212639371] [spotrobot]: Already finished action
[nurse_disinfect-3] [INFO] [1748568601.212712674] [nurse_disinfect]: And it is not for me
[spotrobot-5] [INFO] [1748568601.214502548] [spotrobot]: success
[spotrobot-5] [INFO] [1748568601.214970200] [spotrobot]: Doing a_authorize_disinfect
[spotrobot-5] [INFO] [1748568601.215451699] [spotrobot]: a_authorize_disinfect
[spotrobot-5] [INFO] [1748568601.215855589] [spotrobot]: Here first, waiting for spotrobot
[uvdrobot-4] [INFO] [1748568601.216575192] [uvdrobot]: I heard: "{"performative": "query", "sender": "spotrobot1", "receiver": "uvdrobot1", "content": "Ready|a_authorize_disinfect"}"
[nurse_disinfect-3] [INFO] [1748568601.216650300] [nurse_disinfect]: I heard: "{"performative": "query", "sender": "spotrobot1", "receiver": "uvdrobot1", "content": "Ready|a_authorize_disinfect"}"
[spotrobot-5] [INFO] [1748568601.216738622] [spotrobot]: I heard: "{"performative": "query", "sender": "spotrobot1", "receiver": "uvdrobot1", "content": "Ready|a_authorize_disinfect"}"
[uvdrobot-4] [INFO] [1748568601.216922961] [uvdrobot]: And it is for me
[nurse_disinfect-3] [INFO] [1748568601.216950777] [nurse_disinfect]: And it is not for me
[spotrobot-5] [INFO] [1748568601.217031724] [spotrobot]: And it is not for me
[uvdrobot-4] [INFO] [1748568601.217188036] [uvdrobot]: Ready to act
[nurse_disinfect-3] [INFO] [1748568601.217796374] [nurse_disinfect]: I heard: "{"performative": "query", "sender": "uvdrobot1", "receiver": "spotrobot1", "content": "Done|a_authorize_disinfect"}"
[spotrobot-5] [INFO] [1748568601.217851765] [spotrobot]: I heard: "{"performative": "query", "sender": "uvdrobot1", "receiver": "spotrobot1", "content": "Done|a_authorize_disinfect"}"
[uvdrobot-4] [INFO] [1748568601.217904160] [uvdrobot]: I heard: "{"performative": "query", "sender": "uvdrobot1", "receiver": "spotrobot1", "content": "Done|a_authorize_disinfect"}"
[nurse_disinfect-3] [INFO] [1748568601.218083669] [nurse_disinfect]: And it is not for me
[spotrobot-5] [INFO] [1748568601.218180659] [spotrobot]: And it is for me
[uvdrobot-4] [INFO] [1748568601.218187958] [uvdrobot]: And it is not for me
[spotrobot-5] [INFO] [1748568601.218479473] [spotrobot]: Finished action
[uvdrobot-4] [INFO] [1748568601.218977881] [uvdrobot]: I heard: "{"performative": "query", "sender": "spotrobot1", "receiver": "uvdrobot1", "content": "Done|a_authorize_disinfect"}"
[spotrobot-5] [INFO] [1748568601.219267096] [spotrobot]: I heard: "{"performative": "query", "sender": "spotrobot1", "receiver": "uvdrobot1", "content": "Done|a_authorize_disinfect"}"
[uvdrobot-4] [INFO] [1748568601.219306129] [uvdrobot]: And it is for me
[nurse_disinfect-3] [INFO] [1748568601.219448487] [nurse_disinfect]: I heard: "{"performative": "query", "sender": "spotrobot1", "receiver": "uvdrobot1", "content": "Done|a_authorize_disinfect"}"
[uvdrobot-4] [INFO] [1748568601.219578617] [uvdrobot]: Finished action
[spotrobot-5] [INFO] [1748568601.219665017] [spotrobot]: And it is not for me
[nurse_disinfect-3] [INFO] [1748568601.219968363] [nurse_disinfect]: And it is not for me
[uvdrobot-4] [INFO] [1748568601.220020447] [uvdrobot]: Doing a_navto
[spotrobot-5] [INFO] [1748568601.220279297] [spotrobot]: I heard: "{"performative": "query", "sender": "uvdrobot1", "receiver": "spotrobot1", "content": "Done|a_authorize_disinfect"}"
[uvdrobot-4] [INFO] [1748568601.220538442] [uvdrobot]: Waiting for response
[spotrobot-5] [INFO] [1748568601.220683824] [spotrobot]: And it is for me
[nurse_disinfect-3] [INFO] [1748568601.220922267] [nurse_disinfect]: I heard: "{"performative": "query", "sender": "uvdrobot1", "receiver": "spotrobot1", "content": "Done|a_authorize_disinfect"}"
[spotrobot-5] [INFO] [1748568601.220962917] [spotrobot]: Already finished action
[uvdrobot-4] [INFO] [1748568601.221218422] [uvdrobot]: I heard: "{"performative": "query", "sender": "uvdrobot1", "receiver": "spotrobot1", "content": "Done|a_authorize_disinfect"}"
[nurse_disinfect-3] [INFO] [1748568601.221292314] [nurse_disinfect]: And it is not for me
[uvdrobot-4] [INFO] [1748568601.221501165] [uvdrobot]: And it is not for me
[uvdrobot-4] [INFO] [1748568601.222233028] [uvdrobot]: success
[uvdrobot-4] [INFO] [1748568601.222559185] [uvdrobot]: Doing a_disinfect_room
[uvdrobot-4] [INFO] [1748568601.222936930] [uvdrobot]: Waiting for response
[uvdrobot-4] [INFO] [1748568601.223743208] [uvdrobot]: success
[nurse_disinfect-3] [INFO] [1748568601.227387685] [nurse_disinfect]: Recebido sinal de desligamento do coordenador, finalizando...
[disinfect_planner-2] [INFO] [1748568601.227458450] [disinfect_planner]: Recebido sinal de desligamento do coordenador, finalizando...
[spotrobot-5] [INFO] [1748568601.227500193] [spotrobot]: Recebido sinal de desligamento do coordenador, finalizando...
[disinfect_environment-1] [INFO] [1748568601.227545071] [disinfect_environment]: Recebido sinal de desligamento do coordenador, finalizando...
[uvdrobot-4] [INFO] [1748568601.227669576] [uvdrobot]: Recebido sinal de desligamento do coordenador, finalizando...
[disinfect_planner-2] [INFO] [1748568601.227828544] [Quitting]: Done
[nurse_disinfect-3] [INFO] [1748568601.227836510] [Quitting]: Done
[spotrobot-5] [INFO] [1748568601.228049636] [Quitting]: Done
[disinfect_environment-1] [INFO] [1748568601.228101566] [Quitting]: Done
[uvdrobot-4] [INFO] [1748568601.228265208] [Quitting]: Done
[INFO] [disinfect_environment-1]: process has finished cleanly [pid 105767]
[INFO] [spotrobot-5]: process has finished cleanly [pid 105775]
[INFO] [nurse_disinfect-3]: process has finished cleanly [pid 105771]
[INFO] [uvdrobot-4]: process has finished cleanly [pid 105773]
