[INFO] [launch]: All log files can be found below /home/rafael/.ros/log/2025-05-29-22-29-03-589728-NotebookRafael-104816
[INFO] [launch]: Default logging verbosity is set to INFO
[INFO] [disinfect_environment-1]: process started with pid [104819]
[INFO] [disinfect_planner-2]: process started with pid [104821]
[INFO] [nurse_disinfect-3]: process started with pid [104823]
[INFO] [uvdrobot-4]: process started with pid [104825]
[INFO] [spotrobot-5]: process started with pid [104827]
[disinfect_environment-1] [INFO] [1748568543.861503515] [disinfect_environment]: Starting Environment server
[disinfect_environment-1] [INFO] [1748568543.865676955] [disinfect_environment]: Environment server started
[disinfect_planner-2] [INFO] [1748568544.387568028] [disinfect_planner]: Starting Planner server
[disinfect_planner-2] [INFO] [1748568544.391652560] [disinfect_planner]: Planner server started
[disinfect_planner-2] [INFO] [1748568544.621877759] [disinfect_planner]: Creating plan for: spotrobot1 uvdrobot1 nurse_disinfected1
[disinfect_planner-2] [INFO] [1748568544.623381480] [disinfect_planner]: a_navto,spotrobot1,room1
[disinfect_planner-2] [INFO] [1748568544.623693150] [disinfect_planner]: a_open_door,spotrobot1,room1
[disinfect_planner-2] [INFO] [1748568544.623993265] [disinfect_planner]: a_approach_nurse,spotrobot1,nurse_disinfected1
[disinfect_planner-2] [INFO] [1748568544.624322067] [disinfect_planner]: a_authenticate_nurse,spotrobot1,nurse_disinfected1
[disinfect_planner-2] [INFO] [1748568544.624617271] [disinfect_planner]: a_authorize_patrol,spotrobot1,nurse_disinfected1
[disinfect_planner-2] [INFO] [1748568544.624911792] [disinfect_planner]: a_patrol_room,spotrobot1,room1
[disinfect_planner-2] [INFO] [1748568544.625208560] [disinfect_planner]: a_authorize_disinfect,uvdrobot1,spotrobot1
[disinfect_planner-2] [INFO] [1748568544.625505072] [disinfect_planner]: a_navto,uvdrobot1,room1
[disinfect_planner-2] [INFO] [1748568544.625799745] [disinfect_planner]: a_disinfect_room,uvdrobot1,room1
[spotrobot-5] [INFO] [1748568544.625828310] [spotrobot]: response.response spotrobot1
[disinfect_planner-2] [INFO] [1748568544.626093773] [disinfect_planner]: Sending response
[spotrobot-5] [INFO] [1748568544.626168469] [spotrobot]: My name is spotrobot1
[spotrobot-5] [INFO] [1748568544.628223965] [spotrobot]: I heard: "{"performative": "request", "sender": "Coordinator", "receiver": "uvdrobot1", "content": "Plan|a_authorize_disinfect,uvdrobot1,spotrobot1/a_navto,uvdrobot1,room1/a_disinfect_room,uvdrobot1,room1"}"
[spotrobot-5] [INFO] [1748568544.628553980] [spotrobot]: And it is not for me
[nurse_disinfect-3] [INFO] [1748568544.628652203] [nurse_disinfect]: response.response nurse_disinfected1
[nurse_disinfect-3] [INFO] [1748568544.629063056] [nurse_disinfect]: My name is nurse_disinfected1
[spotrobot-5] [INFO] [1748568544.629130935] [spotrobot]: I heard: "{"performative": "request", "sender": "Coordinator", "receiver": "spotrobot1", "content": "Plan|a_navto,spotrobot1,room1/a_open_door,spotrobot1,room1/a_approach_nurse,spotrobot1,nurse_disinfected1/a_authenticate_nurse,spotrobot1,nurse_disinfected1/a_authorize_patrol,spotrobot1,nurse_disinfected1/a_patrol_room,spotrobot1,room1/a_authorize_disinfect,uvdrobot1,spotrobot1"}"
[spotrobot-5] [INFO] [1748568544.629448816] [spotrobot]: And it is for me
[uvdrobot-4] [INFO] [1748568544.629621308] [uvdrobot]: response.response uvdrobot1
[spotrobot-5] [INFO] [1748568544.629826005] [spotrobot]: Doing a_navto
[uvdrobot-4] [INFO] [1748568544.630026036] [uvdrobot]: My name is uvdrobot1
[spotrobot-5] [INFO] [1748568544.630282116] [spotrobot]: Wating for response
[spotrobot-5] [INFO] [1748568544.631003436] [spotrobot]: I heard: "{"performative": "request", "sender": "Coordinator", "receiver": "nurse_disinfected1", "content": "Plan|a_approach_nurse,spotrobot1,nurse_disinfected1/a_authenticate_nurse,spotrobot1,nurse_disinfected1/a_authorize_patrol,spotrobot1,nurse_disinfected1"}"
[uvdrobot-4] [INFO] [1748568544.631037137] [uvdrobot]: I heard: "{"performative": "request", "sender": "Coordinator", "receiver": "uvdrobot1", "content": "Plan|a_authorize_disinfect,uvdrobot1,spotrobot1/a_navto,uvdrobot1,room1/a_disinfect_room,uvdrobot1,room1"}"
[uvdrobot-4] [INFO] [1748568544.631498614] [uvdrobot]: And it is for me
[spotrobot-5] [INFO] [1748568544.631498634] [spotrobot]: And it is not for me
[uvdrobot-4] [INFO] [1748568544.632133265] [uvdrobot]: Doing a_authorize_disinfect
[spotrobot-5] [INFO] [1748568544.632398636] [spotrobot]: success
[uvdrobot-4] [INFO] [1748568544.632627051] [uvdrobot]: a_authorize_disinfect
[spotrobot-5] [INFO] [1748568544.632981251] [spotrobot]: Doing a_open_door
[uvdrobot-4] [INFO] [1748568544.633173546] [uvdrobot]: Here first, waiting for spotrobot
[spotrobot-5] [INFO] [1748568544.633657227] [spotrobot]: Wating for response
[uvdrobot-4] [INFO] [1748568544.634248089] [uvdrobot]: I heard: "{"performative": "request", "sender": "Coordinator", "receiver": "spotrobot1", "content": "Plan|a_navto,spotrobot1,room1/a_open_door,spotrobot1,room1/a_approach_nurse,spotrobot1,nurse_disinfected1/a_authenticate_nurse,spotrobot1,nurse_disinfected1/a_authorize_patrol,spotrobot1,nurse_disinfected1/a_patrol_room,spotrobot1,room1/a_authorize_disinfect,uvdrobot1,spotrobot1"}"
[spotrobot-5] [INFO] [1748568544.634457517] [spotrobot]: I heard: "{"performative": "query", "sender": "uvdrobot1", "receiver": "spotrobot1", "content": "Ready|a_authorize_disinfect"}"
[uvdrobot-4] [INFO] [1748568544.634717833] [uvdrobot]: And it is not for me
[spotrobot-5] [INFO] [1748568544.634924000] [spotrobot]: And it is for me
[uvdrobot-4] [INFO] [1748568544.635282540] [uvdrobot]: I heard: "{"performative": "query", "sender": "uvdrobot1", "receiver": "spotrobot1", "content": "Ready|a_authorize_disinfect"}"
[spotrobot-5] [INFO] [1748568544.635375418] [spotrobot]: No there yet
[uvdrobot-4] [INFO] [1748568544.635801855] [uvdrobot]: And it is not for me
[uvdrobot-4] [INFO] [1748568544.636565504] [uvdrobot]: I heard: "{"performative": "request", "sender": "Coordinator", "receiver": "nurse_disinfected1", "content": "Plan|a_approach_nurse,spotrobot1,nurse_disinfected1/a_authenticate_nurse,spotrobot1,nurse_disinfected1/a_authorize_patrol,spotrobot1,nurse_disinfected1"}"
[spotrobot-5] [INFO] [1748568544.636781114] [spotrobot]: success
[uvdrobot-4] [INFO] [1748568544.636924196] [uvdrobot]: And it is not for me
[spotrobot-5] [INFO] [1748568544.637151875] [spotrobot]: Doing a_approach_nurse
[spotrobot-5] [INFO] [1748568544.637760323] [spotrobot]: Wating for response
[spotrobot-5] [INFO] [1748568544.639338539] [spotrobot]: success
[spotrobot-5] [INFO] [1748568544.639762010] [spotrobot]: Doing a_authenticate_nurse
[spotrobot-5] [INFO] [1748568544.640177366] [spotrobot]: a_authenticate_nurse
[spotrobot-5] [INFO] [1748568544.640697686] [spotrobot]: Here first, waiting for nurse
[uvdrobot-4] [INFO] [1748568544.641439780] [uvdrobot]: I heard: "{"performative": "query", "sender": "spotrobot1", "receiver": "nurse_disinfected1", "content": "Ready|a_authenticate_nurse"}"
[uvdrobot-4] [INFO] [1748568544.641774981] [uvdrobot]: And it is not for me
[spotrobot-5] [INFO] [1748568544.641789217] [spotrobot]: I heard: "{"performative": "query", "sender": "spotrobot1", "receiver": "nurse_disinfected1", "content": "Ready|a_authenticate_nurse"}"
[spotrobot-5] [INFO] [1748568544.642299887] [spotrobot]: And it is not for me
[nurse_disinfect-3] [INFO] [1748568545.630903266] [nurse_disinfect]: I heard: "{"performative": "request", "sender": "Coordinator", "receiver": "uvdrobot1", "content": "Plan|a_authorize_disinfect,uvdrobot1,spotrobot1/a_navto,uvdrobot1,room1/a_disinfect_room,uvdrobot1,room1"}"
[nurse_disinfect-3] [INFO] [1748568545.631265694] [nurse_disinfect]: And it is not for me
[nurse_disinfect-3] [INFO] [1748568545.631727957] [nurse_disinfect]: I heard: "{"performative": "query", "sender": "uvdrobot1", "receiver": "spotrobot1", "content": "Ready|a_authorize_disinfect"}"
[nurse_disinfect-3] [INFO] [1748568545.632184960] [nurse_disinfect]: And it is not for me
[nurse_disinfect-3] [INFO] [1748568545.633242267] [nurse_disinfect]: I heard: "{"performative": "request", "sender": "Coordinator", "receiver": "spotrobot1", "content": "Plan|a_navto,spotrobot1,room1/a_open_door,spotrobot1,room1/a_approach_nurse,spotrobot1,nurse_disinfected1/a_authenticate_nurse,spotrobot1,nurse_disinfected1/a_authorize_patrol,spotrobot1,nurse_disinfected1/a_patrol_room,spotrobot1,room1/a_authorize_disinfect,uvdrobot1,spotrobot1"}"
[nurse_disinfect-3] [INFO] [1748568545.633836723] [nurse_disinfect]: And it is not for me
[nurse_disinfect-3] [INFO] [1748568545.634490013] [nurse_disinfect]: I heard: "{"performative": "query", "sender": "spotrobot1", "receiver": "nurse_disinfected1", "content": "Ready|a_authenticate_nurse"}"
[nurse_disinfect-3] [INFO] [1748568545.635034423] [nurse_disinfect]: And it is for me
[nurse_disinfect-3] [INFO] [1748568545.635598229] [nurse_disinfect]: No there yet
[nurse_disinfect-3] [INFO] [1748568545.636392821] [nurse_disinfect]: I heard: "{"performative": "request", "sender": "Coordinator", "receiver": "nurse_disinfected1", "content": "Plan|a_approach_nurse,spotrobot1,nurse_disinfected1/a_authenticate_nurse,spotrobot1,nurse_disinfected1/a_authorize_patrol,spotrobot1,nurse_disinfected1"}"
[nurse_disinfect-3] [INFO] [1748568545.636718210] [nurse_disinfect]: And it is for me
[nurse_disinfect-3] [INFO] [1748568545.637807978] [nurse_disinfect]: a_approach_nurse
[nurse_disinfect-3] [INFO] [1748568545.638149682] [nurse_disinfect]: a_authenticate_nurse
[nurse_disinfect-3] [INFO] [1748568545.638552533] [nurse_disinfect]: Doing a_authenticate_nurse
[nurse_disinfect-3] [INFO] [1748568545.639046945] [nurse_disinfect]: a_authenticate_nurse
[nurse_disinfect-3] [INFO] [1748568545.639323416] [nurse_disinfect]: Robot is waiting, send action message
[spotrobot-5] [INFO] [1748568545.640154546] [spotrobot]: I heard: "{"performative": "query", "sender": "nurse_disinfected1", "receiver": "spotrobot1", "content": "Done|a_authenticate_nurse"}"
[nurse_disinfect-3] [INFO] [1748568545.640247820] [nurse_disinfect]: I heard: "{"performative": "query", "sender": "nurse_disinfected1", "receiver": "spotrobot1", "content": "Done|a_authenticate_nurse"}"
[uvdrobot-4] [INFO] [1748568545.640333570] [uvdrobot]: I heard: "{"performative": "query", "sender": "nurse_disinfected1", "receiver": "spotrobot1", "content": "Done|a_authenticate_nurse"}"
[spotrobot-5] [INFO] [1748568545.640607131] [spotrobot]: And it is for me
[nurse_disinfect-3] [INFO] [1748568545.640728333] [nurse_disinfect]: And it is not for me
[uvdrobot-4] [INFO] [1748568545.640880170] [uvdrobot]: And it is not for me
[spotrobot-5] [INFO] [1748568545.640901036] [spotrobot]: Finished action
[spotrobot-5] [INFO] [1748568545.641371661] [spotrobot]: Doing a_authorize_patrol
[spotrobot-5] [INFO] [1748568545.641644520] [spotrobot]: a_authorize_patrol
[uvdrobot-4] [INFO] [1748568545.641729311] [uvdrobot]: I heard: "{"performative": "query", "sender": "spotrobot1", "receiver": "nurse_disinfected1", "content": "Done|a_authenticate_nurse"}"
[nurse_disinfect-3] [INFO] [1748568545.641798164] [nurse_disinfect]: I heard: "{"performative": "query", "sender": "spotrobot1", "receiver": "nurse_disinfected1", "content": "Done|a_authenticate_nurse"}"
[spotrobot-5] [INFO] [1748568545.641902078] [spotrobot]: Here first, waiting for nurse
[uvdrobot-4] [INFO] [1748568545.642186143] [uvdrobot]: And it is not for me
[nurse_disinfect-3] [INFO] [1748568545.642243800] [nurse_disinfect]: And it is for me
[spotrobot-5] [INFO] [1748568545.642526577] [spotrobot]: I heard: "{"performative": "query", "sender": "spotrobot1", "receiver": "nurse_disinfected1", "content": "Done|a_authenticate_nurse"}"
[nurse_disinfect-3] [INFO] [1748568545.642727887] [nurse_disinfect]: Finished action
[spotrobot-5] [INFO] [1748568545.642856469] [spotrobot]: And it is not for me
[uvdrobot-4] [INFO] [1748568545.643135888] [uvdrobot]: I heard: "{"performative": "query", "sender": "spotrobot1", "receiver": "nurse_disinfected1", "content": "Ready|a_authorize_patrol"}"
[nurse_disinfect-3] [INFO] [1748568545.643410329] [nurse_disinfect]: a_authorize_patrol
[spotrobot-5] [INFO] [1748568545.643422475] [spotrobot]: I heard: "{"performative": "query", "sender": "spotrobot1", "receiver": "nurse_disinfected1", "content": "Ready|a_authorize_patrol"}"
[uvdrobot-4] [INFO] [1748568545.643609026] [uvdrobot]: And it is not for me
[spotrobot-5] [INFO] [1748568545.643704302] [spotrobot]: And it is not for me
[nurse_disinfect-3] [INFO] [1748568545.643870943] [nurse_disinfect]: Doing a_authorize_patrol
[spotrobot-5] [INFO] [1748568545.644201225] [spotrobot]: I heard: "{"performative": "query", "sender": "nurse_disinfected1", "receiver": "spotrobot1", "content": "Done|a_authenticate_nurse"}"
[nurse_disinfect-3] [INFO] [1748568545.644307791] [nurse_disinfect]: a_authorize_patrol
[uvdrobot-4] [INFO] [1748568545.644421004] [uvdrobot]: I heard: "{"performative": "query", "sender": "nurse_disinfected1", "receiver": "spotrobot1", "content": "Done|a_authenticate_nurse"}"
[spotrobot-5] [INFO] [1748568545.644473279] [spotrobot]: And it is for me
[nurse_disinfect-3] [INFO] [1748568545.644737898] [nurse_disinfect]: Here first, waiting for robot
[spotrobot-5] [INFO] [1748568545.644806640] [spotrobot]: Already finished action
[uvdrobot-4] [INFO] [1748568545.644914638] [uvdrobot]: And it is not for me
[spotrobot-5] [INFO] [1748568545.645408443] [spotrobot]: I heard: "{"performative": "query", "sender": "nurse_disinfected1", "receiver": "spotrobot1", "content": "Ready|a_authorize_patrol"}"
[uvdrobot-4] [INFO] [1748568545.645736780] [uvdrobot]: I heard: "{"performative": "query", "sender": "nurse_disinfected1", "receiver": "spotrobot1", "content": "Ready|a_authorize_patrol"}"
[nurse_disinfect-3] [INFO] [1748568545.645781895] [nurse_disinfect]: I heard: "{"performative": "query", "sender": "spotrobot1", "receiver": "nurse_disinfected1", "content": "Ready|a_authorize_patrol"}"
[spotrobot-5] [INFO] [1748568545.645819125] [spotrobot]: And it is for me
[spotrobot-5] [INFO] [1748568545.646133261] [spotrobot]: Ready to act
[uvdrobot-4] [INFO] [1748568545.646217208] [uvdrobot]: And it is not for me
[nurse_disinfect-3] [INFO] [1748568545.646217197] [nurse_disinfect]: And it is for me
[nurse_disinfect-3] [INFO] [1748568545.646679774] [nurse_disinfect]: Ready to act
[spotrobot-5] [INFO] [1748568545.646886624] [spotrobot]: I heard: "{"performative": "query", "sender": "spotrobot1", "receiver": "nurse_disinfected1", "content": "Done|a_authorize_patrol"}"
[uvdrobot-4] [INFO] [1748568545.647154581] [uvdrobot]: I heard: "{"performative": "query", "sender": "spotrobot1", "receiver": "nurse_disinfected1", "content": "Done|a_authorize_patrol"}"
[spotrobot-5] [INFO] [1748568545.647189962] [spotrobot]: And it is not for me
[uvdrobot-4] [INFO] [1748568545.647642774] [uvdrobot]: And it is not for me
[nurse_disinfect-3] [INFO] [1748568545.647769475] [nurse_disinfect]: I heard: "{"performative": "query", "sender": "nurse_disinfected1", "receiver": "spotrobot1", "content": "Done|a_authenticate_nurse"}"
[spotrobot-5] [INFO] [1748568545.647923538] [spotrobot]: I heard: "{"performative": "query", "sender": "nurse_disinfected1", "receiver": "spotrobot1", "content": "Done|a_authorize_patrol"}"
[spotrobot-5] [INFO] [1748568545.648253051] [spotrobot]: And it is for me
[nurse_disinfect-3] [INFO] [1748568545.648380288] [nurse_disinfect]: And it is not for me
[spotrobot-5] [INFO] [1748568545.648523976] [spotrobot]: Finished action
[uvdrobot-4] [INFO] [1748568545.648660719] [uvdrobot]: I heard: "{"performative": "query", "sender": "nurse_disinfected1", "receiver": "spotrobot1", "content": "Done|a_authorize_patrol"}"
[nurse_disinfect-3] [INFO] [1748568545.649067167] [nurse_disinfect]: I heard: "{"performative": "query", "sender": "nurse_disinfected1", "receiver": "spotrobot1", "content": "Ready|a_authorize_patrol"}"
[uvdrobot-4] [INFO] [1748568545.649232499] [uvdrobot]: And it is not for me
[spotrobot-5] [INFO] [1748568545.649287985] [spotrobot]: Doing a_patrol_room
[nurse_disinfect-3] [INFO] [1748568545.649527402] [nurse_disinfect]: And it is not for me
[spotrobot-5] [INFO] [1748568545.649781411] [spotrobot]: Wating for response
[uvdrobot-4] [INFO] [1748568545.650140683] [uvdrobot]: I heard: "{"performative": "query", "sender": "spotrobot1", "receiver": "nurse_disinfected1", "content": "Done|a_authorize_patrol"}"
[spotrobot-5] [INFO] [1748568545.650328437] [spotrobot]: I heard: "{"performative": "query", "sender": "spotrobot1", "receiver": "nurse_disinfected1", "content": "Done|a_authorize_patrol"}"
[nurse_disinfect-3] [INFO] [1748568545.650508526] [nurse_disinfect]: I heard: "{"performative": "query", "sender": "spotrobot1", "receiver": "nurse_disinfected1", "content": "Done|a_authorize_patrol"}"
[uvdrobot-4] [INFO] [1748568545.650679546] [uvdrobot]: And it is not for me
[nurse_disinfect-3] [INFO] [1748568545.650828151] [nurse_disinfect]: And it is for me
[spotrobot-5] [INFO] [1748568545.650877985] [spotrobot]: And it is not for me
[nurse_disinfect-3] [INFO] [1748568545.651091682] [nurse_disinfect]: Finished action
[nurse_disinfect-3] [INFO] [1748568545.651842305] [nurse_disinfect]: I heard: "{"performative": "query", "sender": "nurse_disinfected1", "receiver": "spotrobot1", "content": "Done|a_authorize_patrol"}"
[spotrobot-5] [INFO] [1748568545.651856958] [spotrobot]: I heard: "{"performative": "query", "sender": "nurse_disinfected1", "receiver": "spotrobot1", "content": "Done|a_authorize_patrol"}"
[uvdrobot-4] [INFO] [1748568545.651900653] [uvdrobot]: I heard: "{"performative": "query", "sender": "nurse_disinfected1", "receiver": "spotrobot1", "content": "Done|a_authorize_patrol"}"
[nurse_disinfect-3] [INFO] [1748568545.652173495] [nurse_disinfect]: And it is not for me
[spotrobot-5] [INFO] [1748568545.652288212] [spotrobot]: And it is for me
[uvdrobot-4] [INFO] [1748568545.652409360] [uvdrobot]: And it is not for me
[spotrobot-5] [INFO] [1748568545.652658461] [spotrobot]: Already finished action
[nurse_disinfect-3] [INFO] [1748568545.652881742] [nurse_disinfect]: I heard: "{"performative": "query", "sender": "spotrobot1", "receiver": "nurse_disinfected1", "content": "Done|a_authorize_patrol"}"
[nurse_disinfect-3] [INFO] [1748568545.653326989] [nurse_disinfect]: And it is for me
[spotrobot-5] [INFO] [1748568545.653524335] [spotrobot]: success
[nurse_disinfect-3] [INFO] [1748568545.653686734] [nurse_disinfect]: Already finished action
[spotrobot-5] [INFO] [1748568545.654104049] [spotrobot]: Doing a_authorize_disinfect
[nurse_disinfect-3] [INFO] [1748568545.654259471] [nurse_disinfect]: I heard: "{"performative": "query", "sender": "nurse_disinfected1", "receiver": "spotrobot1", "content": "Done|a_authorize_patrol"}"
[nurse_disinfect-3] [INFO] [1748568545.654554968] [nurse_disinfect]: And it is not for me
[spotrobot-5] [INFO] [1748568545.654639035] [spotrobot]: a_authorize_disinfect
[spotrobot-5] [INFO] [1748568545.655201875] [spotrobot]: Here first, waiting for spotrobot
[uvdrobot-4] [INFO] [1748568545.655875406] [uvdrobot]: I heard: "{"performative": "query", "sender": "spotrobot1", "receiver": "uvdrobot1", "content": "Ready|a_authorize_disinfect"}"
[nurse_disinfect-3] [INFO] [1748568545.656101928] [nurse_disinfect]: I heard: "{"performative": "query", "sender": "spotrobot1", "receiver": "uvdrobot1", "content": "Ready|a_authorize_disinfect"}"
[spotrobot-5] [INFO] [1748568545.656171367] [spotrobot]: I heard: "{"performative": "query", "sender": "spotrobot1", "receiver": "uvdrobot1", "content": "Ready|a_authorize_disinfect"}"
[uvdrobot-4] [INFO] [1748568545.656259022] [uvdrobot]: And it is for me
[nurse_disinfect-3] [INFO] [1748568545.656442741] [nurse_disinfect]: And it is not for me
[uvdrobot-4] [INFO] [1748568545.656637519] [uvdrobot]: Ready to act
[spotrobot-5] [INFO] [1748568545.656692048] [spotrobot]: And it is not for me
[uvdrobot-4] [INFO] [1748568545.657429276] [uvdrobot]: I heard: "{"performative": "query", "sender": "uvdrobot1", "receiver": "spotrobot1", "content": "Done|a_authorize_disinfect"}"
[nurse_disinfect-3] [INFO] [1748568545.657431232] [nurse_disinfect]: I heard: "{"performative": "query", "sender": "uvdrobot1", "receiver": "spotrobot1", "content": "Done|a_authorize_disinfect"}"
[spotrobot-5] [INFO] [1748568545.657674993] [spotrobot]: I heard: "{"performative": "query", "sender": "uvdrobot1", "receiver": "spotrobot1", "content": "Done|a_authorize_disinfect"}"
[uvdrobot-4] [INFO] [1748568545.657752390] [uvdrobot]: And it is not for me
[nurse_disinfect-3] [INFO] [1748568545.657848455] [nurse_disinfect]: And it is not for me
[spotrobot-5] [INFO] [1748568545.658159905] [spotrobot]: And it is for me
[spotrobot-5] [INFO] [1748568545.658669636] [spotrobot]: Finished action
[nurse_disinfect-3] [INFO] [1748568545.659357096] [nurse_disinfect]: I heard: "{"performative": "query", "sender": "spotrobot1", "receiver": "uvdrobot1", "content": "Done|a_authorize_disinfect"}"
[uvdrobot-4] [INFO] [1748568545.659518977] [uvdrobot]: I heard: "{"performative": "query", "sender": "spotrobot1", "receiver": "uvdrobot1", "content": "Done|a_authorize_disinfect"}"
[uvdrobot-4] [INFO] [1748568545.659811043] [uvdrobot]: And it is for me
[spotrobot-5] [INFO] [1748568545.659815062] [spotrobot]: I heard: "{"performative": "query", "sender": "spotrobot1", "receiver": "uvdrobot1", "content": "Done|a_authorize_disinfect"}"
[nurse_disinfect-3] [INFO] [1748568545.659837164] [nurse_disinfect]: And it is not for me
[uvdrobot-4] [INFO] [1748568545.660254176] [uvdrobot]: Finished action
[spotrobot-5] [INFO] [1748568545.660388254] [spotrobot]: And it is not for me
[uvdrobot-4] [INFO] [1748568545.660730490] [uvdrobot]: Doing a_navto
[nurse_disinfect-3] [INFO] [1748568545.660862182] [nurse_disinfect]: I heard: "{"performative": "query", "sender": "uvdrobot1", "receiver": "spotrobot1", "content": "Done|a_authorize_disinfect"}"
[uvdrobot-4] [INFO] [1748568545.661145476] [uvdrobot]: Waiting for response
[nurse_disinfect-3] [INFO] [1748568545.661231653] [nurse_disinfect]: And it is not for me
[spotrobot-5] [INFO] [1748568545.661304648] [spotrobot]: I heard: "{"performative": "query", "sender": "uvdrobot1", "receiver": "spotrobot1", "content": "Done|a_authorize_disinfect"}"
[uvdrobot-4] [INFO] [1748568545.661671475] [uvdrobot]: I heard: "{"performative": "query", "sender": "uvdrobot1", "receiver": "spotrobot1", "content": "Done|a_authorize_disinfect"}"
[spotrobot-5] [INFO] [1748568545.661849759] [spotrobot]: And it is for me
[uvdrobot-4] [INFO] [1748568545.661952705] [uvdrobot]: And it is not for me
[spotrobot-5] [INFO] [1748568545.662383428] [spotrobot]: Already finished action
[uvdrobot-4] [INFO] [1748568545.663031533] [uvdrobot]: success
[uvdrobot-4] [INFO] [1748568545.663409575] [uvdrobot]: Doing a_disinfect_room
[uvdrobot-4] [INFO] [1748568545.663819110] [uvdrobot]: Waiting for response
[uvdrobot-4] [INFO] [1748568545.664543036] [uvdrobot]: success
[spotrobot-5] [INFO] [1748568545.667926015] [spotrobot]: Recebido sinal de desligamento do coordenador, finalizando...
[uvdrobot-4] [INFO] [1748568545.667937525] [uvdrobot]: Recebido sinal de desligamento do coordenador, finalizando...
[nurse_disinfect-3] [INFO] [1748568545.667982955] [nurse_disinfect]: Recebido sinal de desligamento do coordenador, finalizando...
[disinfect_planner-2] [INFO] [1748568545.667996950] [disinfect_planner]: Recebido sinal de desligamento do coordenador, finalizando...
[disinfect_environment-1] [INFO] [1748568545.668108632] [disinfect_environment]: Recebido sinal de desligamento do coordenador, finalizando...
[spotrobot-5] [INFO] [1748568545.668323321] [Quitting]: Done
[nurse_disinfect-3] [INFO] [1748568545.668340415] [Quitting]: Done
[disinfect_planner-2] [INFO] [1748568545.668405708] [Quitting]: Done
[uvdrobot-4] [INFO] [1748568545.668515485] [Quitting]: Done
[disinfect_environment-1] [INFO] [1748568545.668635778] [Quitting]: Done
[INFO] [disinfect_environment-1]: process has finished cleanly [pid 104819]
[INFO] [uvdrobot-4]: process has finished cleanly [pid 104825]
[INFO] [spotrobot-5]: process has finished cleanly [pid 104827]
[INFO] [nurse_disinfect-3]: process has finished cleanly [pid 104823]
