[INFO] [launch]: All log files can be found below /home/rafael/.ros/log/2025-05-29-22-43-24-107651-NotebookRafael-119040
[INFO] [launch]: Default logging verbosity is set to INFO
[INFO] [disinfect_environment-1]: process started with pid [119041]
[INFO] [disinfect_planner-2]: process started with pid [119043]
[INFO] [nurse_disinfect-3]: process started with pid [119046]
[INFO] [uvdrobot-4]: process started with pid [119049]
[INFO] [spotrobot-5]: process started with pid [119051]
[disinfect_environment-1] [INFO] [1748569404.366679820] [disinfect_environment]: Starting Environment server
[disinfect_environment-1] [INFO] [1748569404.370769616] [disinfect_environment]: Environment server started
[disinfect_planner-2] [INFO] [1748569404.878825747] [disinfect_planner]: Starting Planner server
[disinfect_planner-2] [INFO] [1748569404.882938292] [disinfect_planner]: Planner server started
[disinfect_planner-2] [INFO] [1748569405.129208465] [disinfect_planner]: Creating plan for: spotrobot1 uvdrobot1 nurse_disinfected1
[disinfect_planner-2] [INFO] [1748569405.130772395] [disinfect_planner]: a_navto,spotrobot1,room1
[disinfect_planner-2] [INFO] [1748569405.131067396] [disinfect_planner]: a_open_door,spotrobot1,room1
[disinfect_planner-2] [INFO] [1748569405.131353853] [disinfect_planner]: a_approach_nurse,spotrobot1,nurse_disinfected1
[disinfect_planner-2] [INFO] [1748569405.131638306] [disinfect_planner]: a_authenticate_nurse,spotrobot1,nurse_disinfected1
[disinfect_planner-2] [INFO] [1748569405.131921886] [disinfect_planner]: a_authorize_patrol,spotrobot1,nurse_disinfected1
[disinfect_planner-2] [INFO] [1748569405.132226731] [disinfect_planner]: a_patrol_room,spotrobot1,room1
[disinfect_planner-2] [INFO] [1748569405.132506613] [disinfect_planner]: a_authorize_disinfect,uvdrobot1,spotrobot1
[spotrobot-5] [INFO] [1748569405.132688366] [spotrobot]: response.response spotrobot1
[disinfect_planner-2] [INFO] [1748569405.132784982] [disinfect_planner]: a_navto,uvdrobot1,room1
[spotrobot-5] [INFO] [1748569405.133013951] [spotrobot]: My name is spotrobot1
[disinfect_planner-2] [INFO] [1748569405.133023205] [disinfect_planner]: a_disinfect_room,uvdrobot1,room1
[disinfect_planner-2] [INFO] [1748569405.133253130] [disinfect_planner]: Sending response
[spotrobot-5] [INFO] [1748569405.135287884] [spotrobot]: I heard: "{"performative": "request", "sender": "Coordinator", "receiver": "uvdrobot1", "content": "Plan|a_authorize_disinfect,uvdrobot1,spotrobot1/a_navto,uvdrobot1,room1/a_disinfect_room,uvdrobot1,room1"}"
[spotrobot-5] [INFO] [1748569405.135704108] [spotrobot]: And it is not for me
[spotrobot-5] [INFO] [1748569405.136352636] [spotrobot]: I heard: "{"performative": "request", "sender": "Coordinator", "receiver": "spotrobot1", "content": "Plan|a_navto,spotrobot1,room1/a_open_door,spotrobot1,room1/a_approach_nurse,spotrobot1,nurse_disinfected1/a_authenticate_nurse,spotrobot1,nurse_disinfected1/a_authorize_patrol,spotrobot1,nurse_disinfected1/a_patrol_room,spotrobot1,room1/a_authorize_disinfect,uvdrobot1,spotrobot1"}"
[uvdrobot-4] [INFO] [1748569405.136419296] [uvdrobot]: response.response uvdrobot1
[uvdrobot-4] [INFO] [1748569405.136741328] [uvdrobot]: My name is uvdrobot1
[nurse_disinfect-3] [INFO] [1748569405.136742079] [nurse_disinfect]: response.response nurse_disinfected1
[spotrobot-5] [INFO] [1748569405.136849983] [spotrobot]: And it is for me
[nurse_disinfect-3] [INFO] [1748569405.137069557] [nurse_disinfect]: My name is nurse_disinfected1
[spotrobot-5] [INFO] [1748569405.137503164] [spotrobot]: Doing a_navto
[uvdrobot-4] [INFO] [1748569405.137654800] [uvdrobot]: I heard: "{"performative": "request", "sender": "Coordinator", "receiver": "uvdrobot1", "content": "Plan|a_authorize_disinfect,uvdrobot1,spotrobot1/a_navto,uvdrobot1,room1/a_disinfect_room,uvdrobot1,room1"}"
[uvdrobot-4] [INFO] [1748569405.138101417] [uvdrobot]: And it is for me
[spotrobot-5] [INFO] [1748569405.138127219] [spotrobot]: Wating for response
[uvdrobot-4] [INFO] [1748569405.138628638] [uvdrobot]: Doing a_authorize_disinfect
[uvdrobot-4] [INFO] [1748569405.138937792] [uvdrobot]: a_authorize_disinfect
[spotrobot-5] [INFO] [1748569405.138987173] [spotrobot]: I heard: "{"performative": "request", "sender": "Coordinator", "receiver": "nurse_disinfected1", "content": "Plan|a_approach_nurse,spotrobot1,nurse_disinfected1/a_authenticate_nurse,spotrobot1,nurse_disinfected1/a_authorize_patrol,spotrobot1,nurse_disinfected1"}"
[uvdrobot-4] [INFO] [1748569405.139319416] [uvdrobot]: Here first, waiting for spotrobot
[spotrobot-5] [INFO] [1748569405.139449501] [spotrobot]: And it is not for me
[uvdrobot-4] [INFO] [1748569405.140260156] [uvdrobot]: I heard: "{"performative": "request", "sender": "Coordinator", "receiver": "spotrobot1", "content": "Plan|a_navto,spotrobot1,room1/a_open_door,spotrobot1,room1/a_approach_nurse,spotrobot1,nurse_disinfected1/a_authenticate_nurse,spotrobot1,nurse_disinfected1/a_authorize_patrol,spotrobot1,nurse_disinfected1/a_patrol_room,spotrobot1,room1/a_authorize_disinfect,uvdrobot1,spotrobot1"}"
[spotrobot-5] [INFO] [1748569405.140346497] [spotrobot]: I heard: "{"performative": "query", "sender": "uvdrobot1", "receiver": "spotrobot1", "content": "Ready|a_authorize_disinfect"}"
[uvdrobot-4] [INFO] [1748569405.140630341] [uvdrobot]: And it is not for me
[spotrobot-5] [INFO] [1748569405.140906351] [spotrobot]: And it is for me
[uvdrobot-4] [INFO] [1748569405.141186771] [uvdrobot]: I heard: "{"performative": "query", "sender": "uvdrobot1", "receiver": "spotrobot1", "content": "Ready|a_authorize_disinfect"}"
[spotrobot-5] [INFO] [1748569405.141418362] [spotrobot]: No there yet
[uvdrobot-4] [INFO] [1748569405.141736879] [uvdrobot]: And it is not for me
[spotrobot-5] [INFO] [1748569405.142318127] [spotrobot]: success
[uvdrobot-4] [INFO] [1748569405.142331270] [uvdrobot]: I heard: "{"performative": "request", "sender": "Coordinator", "receiver": "nurse_disinfected1", "content": "Plan|a_approach_nurse,spotrobot1,nurse_disinfected1/a_authenticate_nurse,spotrobot1,nurse_disinfected1/a_authorize_patrol,spotrobot1,nurse_disinfected1"}"
[uvdrobot-4] [INFO] [1748569405.142597890] [uvdrobot]: And it is not for me
[spotrobot-5] [INFO] [1748569405.142916953] [spotrobot]: Doing a_open_door
[spotrobot-5] [INFO] [1748569405.143546690] [spotrobot]: Wating for response
[spotrobot-5] [INFO] [1748569405.144779435] [spotrobot]: success
[spotrobot-5] [INFO] [1748569405.145165704] [spotrobot]: Doing a_approach_nurse
[spotrobot-5] [INFO] [1748569405.145765349] [spotrobot]: Wating for response
[spotrobot-5] [INFO] [1748569405.147132761] [spotrobot]: success
[spotrobot-5] [INFO] [1748569405.147703553] [spotrobot]: Doing a_authenticate_nurse
[spotrobot-5] [INFO] [1748569405.148134250] [spotrobot]: a_authenticate_nurse
[spotrobot-5] [INFO] [1748569405.148440444] [spotrobot]: Here first, waiting for nurse
[spotrobot-5] [INFO] [1748569405.149187380] [spotrobot]: I heard: "{"performative": "query", "sender": "spotrobot1", "receiver": "nurse_disinfected1", "content": "Ready|a_authenticate_nurse"}"
[uvdrobot-4] [INFO] [1748569405.149190663] [uvdrobot]: I heard: "{"performative": "query", "sender": "spotrobot1", "receiver": "nurse_disinfected1", "content": "Ready|a_authenticate_nurse"}"
[uvdrobot-4] [INFO] [1748569405.149557979] [uvdrobot]: And it is not for me
[spotrobot-5] [INFO] [1748569405.149757226] [spotrobot]: And it is not for me
[nurse_disinfect-3] [INFO] [1748569406.139043376] [nurse_disinfect]: I heard: "{"performative": "request", "sender": "Coordinator", "receiver": "uvdrobot1", "content": "Plan|a_authorize_disinfect,uvdrobot1,spotrobot1/a_navto,uvdrobot1,room1/a_disinfect_room,uvdrobot1,room1"}"
[nurse_disinfect-3] [INFO] [1748569406.139538792] [nurse_disinfect]: And it is not for me
[nurse_disinfect-3] [INFO] [1748569406.140297678] [nurse_disinfect]: I heard: "{"performative": "query", "sender": "uvdrobot1", "receiver": "spotrobot1", "content": "Ready|a_authorize_disinfect"}"
[nurse_disinfect-3] [INFO] [1748569406.140737483] [nurse_disinfect]: And it is not for me
[nurse_disinfect-3] [INFO] [1748569406.141331217] [nurse_disinfect]: I heard: "{"performative": "request", "sender": "Coordinator", "receiver": "spotrobot1", "content": "Plan|a_navto,spotrobot1,room1/a_open_door,spotrobot1,room1/a_approach_nurse,spotrobot1,nurse_disinfected1/a_authenticate_nurse,spotrobot1,nurse_disinfected1/a_authorize_patrol,spotrobot1,nurse_disinfected1/a_patrol_room,spotrobot1,room1/a_authorize_disinfect,uvdrobot1,spotrobot1"}"
[nurse_disinfect-3] [INFO] [1748569406.141850241] [nurse_disinfect]: And it is not for me
[nurse_disinfect-3] [INFO] [1748569406.142216328] [nurse_disinfect]: I heard: "{"performative": "query", "sender": "spotrobot1", "receiver": "nurse_disinfected1", "content": "Ready|a_authenticate_nurse"}"
[nurse_disinfect-3] [INFO] [1748569406.142705924] [nurse_disinfect]: And it is for me
[nurse_disinfect-3] [INFO] [1748569406.143005160] [nurse_disinfect]: No there yet
[nurse_disinfect-3] [INFO] [1748569406.143533382] [nurse_disinfect]: I heard: "{"performative": "request", "sender": "Coordinator", "receiver": "nurse_disinfected1", "content": "Plan|a_approach_nurse,spotrobot1,nurse_disinfected1/a_authenticate_nurse,spotrobot1,nurse_disinfected1/a_authorize_patrol,spotrobot1,nurse_disinfected1"}"
[nurse_disinfect-3] [INFO] [1748569406.143837126] [nurse_disinfect]: And it is for me
[nurse_disinfect-3] [INFO] [1748569406.144984986] [nurse_disinfect]: a_approach_nurse
[nurse_disinfect-3] [INFO] [1748569406.145457752] [nurse_disinfect]: a_authenticate_nurse
[nurse_disinfect-3] [INFO] [1748569406.145753690] [nurse_disinfect]: Doing a_authenticate_nurse
[nurse_disinfect-3] [INFO] [1748569406.146074975] [nurse_disinfect]: a_authenticate_nurse
[nurse_disinfect-3] [INFO] [1748569406.146361924] [nurse_disinfect]: Robot is waiting, send action message
[uvdrobot-4] [INFO] [1748569406.146996325] [uvdrobot]: I heard: "{"performative": "query", "sender": "nurse_disinfected1", "receiver": "spotrobot1", "content": "Done|a_authenticate_nurse"}"
[nurse_disinfect-3] [INFO] [1748569406.147121949] [nurse_disinfect]: I heard: "{"performative": "query", "sender": "nurse_disinfected1", "receiver": "spotrobot1", "content": "Done|a_authenticate_nurse"}"
[spotrobot-5] [INFO] [1748569406.147203754] [spotrobot]: I heard: "{"performative": "query", "sender": "nurse_disinfected1", "receiver": "spotrobot1", "content": "Done|a_authenticate_nurse"}"
[uvdrobot-4] [INFO] [1748569406.147321281] [uvdrobot]: And it is not for me
[nurse_disinfect-3] [INFO] [1748569406.147499347] [nurse_disinfect]: And it is not for me
[spotrobot-5] [INFO] [1748569406.147503663] [spotrobot]: And it is for me
[spotrobot-5] [INFO] [1748569406.147755875] [spotrobot]: Finished action
[spotrobot-5] [INFO] [1748569406.148190424] [spotrobot]: Doing a_authorize_patrol
[uvdrobot-4] [INFO] [1748569406.148337370] [uvdrobot]: I heard: "{"performative": "query", "sender": "spotrobot1", "receiver": "nurse_disinfected1", "content": "Done|a_authenticate_nurse"}"
[spotrobot-5] [INFO] [1748569406.148527903] [spotrobot]: a_authorize_patrol
[nurse_disinfect-3] [INFO] [1748569406.148606932] [nurse_disinfect]: I heard: "{"performative": "query", "sender": "spotrobot1", "receiver": "nurse_disinfected1", "content": "Done|a_authenticate_nurse"}"
[uvdrobot-4] [INFO] [1748569406.148677135] [uvdrobot]: And it is not for me
[spotrobot-5] [INFO] [1748569406.148816710] [spotrobot]: Here first, waiting for nurse
[nurse_disinfect-3] [INFO] [1748569406.148950641] [nurse_disinfect]: And it is for me
[nurse_disinfect-3] [INFO] [1748569406.149272136] [nurse_disinfect]: Finished action
[spotrobot-5] [INFO] [1748569406.149415436] [spotrobot]: I heard: "{"performative": "query", "sender": "spotrobot1", "receiver": "nurse_disinfected1", "content": "Done|a_authenticate_nurse"}"
[uvdrobot-4] [INFO] [1748569406.149551489] [uvdrobot]: I heard: "{"performative": "query", "sender": "spotrobot1", "receiver": "nurse_disinfected1", "content": "Ready|a_authorize_patrol"}"
[spotrobot-5] [INFO] [1748569406.149684880] [spotrobot]: And it is not for me
[nurse_disinfect-3] [INFO] [1748569406.149707587] [nurse_disinfect]: a_authorize_patrol
[uvdrobot-4] [INFO] [1748569406.149860998] [uvdrobot]: And it is not for me
[nurse_disinfect-3] [INFO] [1748569406.149966293] [nurse_disinfect]: Doing a_authorize_patrol
[spotrobot-5] [INFO] [1748569406.150171817] [spotrobot]: I heard: "{"performative": "query", "sender": "spotrobot1", "receiver": "nurse_disinfected1", "content": "Ready|a_authorize_patrol"}"
[nurse_disinfect-3] [INFO] [1748569406.150207721] [nurse_disinfect]: a_authorize_patrol
[nurse_disinfect-3] [INFO] [1748569406.150457975] [nurse_disinfect]: Here first, waiting for robot
[spotrobot-5] [INFO] [1748569406.150498995] [spotrobot]: And it is not for me
[uvdrobot-4] [INFO] [1748569406.150582141] [uvdrobot]: I heard: "{"performative": "query", "sender": "nurse_disinfected1", "receiver": "spotrobot1", "content": "Done|a_authenticate_nurse"}"
[uvdrobot-4] [INFO] [1748569406.150951488] [uvdrobot]: And it is not for me
[spotrobot-5] [INFO] [1748569406.151063221] [spotrobot]: I heard: "{"performative": "query", "sender": "nurse_disinfected1", "receiver": "spotrobot1", "content": "Done|a_authenticate_nurse"}"
[nurse_disinfect-3] [INFO] [1748569406.151130993] [nurse_disinfect]: I heard: "{"performative": "query", "sender": "spotrobot1", "receiver": "nurse_disinfected1", "content": "Ready|a_authorize_patrol"}"
[spotrobot-5] [INFO] [1748569406.151326426] [spotrobot]: And it is for me
[nurse_disinfect-3] [INFO] [1748569406.151399380] [nurse_disinfect]: And it is for me
[spotrobot-5] [INFO] [1748569406.151569184] [spotrobot]: Already finished action
[uvdrobot-4] [INFO] [1748569406.151574158] [uvdrobot]: I heard: "{"performative": "query", "sender": "nurse_disinfected1", "receiver": "spotrobot1", "content": "Ready|a_authorize_patrol"}"
[nurse_disinfect-3] [INFO] [1748569406.151687550] [nurse_disinfect]: Ready to act
[uvdrobot-4] [INFO] [1748569406.151930499] [uvdrobot]: And it is not for me
[spotrobot-5] [INFO] [1748569406.152149057] [spotrobot]: I heard: "{"performative": "query", "sender": "nurse_disinfected1", "receiver": "spotrobot1", "content": "Ready|a_authorize_patrol"}"
[uvdrobot-4] [INFO] [1748569406.152493787] [uvdrobot]: I heard: "{"performative": "query", "sender": "nurse_disinfected1", "receiver": "spotrobot1", "content": "Done|a_authorize_patrol"}"
[spotrobot-5] [INFO] [1748569406.152518122] [spotrobot]: And it is for me
[nurse_disinfect-3] [INFO] [1748569406.152579491] [nurse_disinfect]: I heard: "{"performative": "query", "sender": "nurse_disinfected1", "receiver": "spotrobot1", "content": "Done|a_authenticate_nurse"}"
[nurse_disinfect-3] [INFO] [1748569406.152903363] [nurse_disinfect]: And it is not for me
[uvdrobot-4] [INFO] [1748569406.152904947] [uvdrobot]: And it is not for me
[spotrobot-5] [INFO] [1748569406.153034932] [spotrobot]: Ready to act
[nurse_disinfect-3] [INFO] [1748569406.153514493] [nurse_disinfect]: I heard: "{"performative": "query", "sender": "nurse_disinfected1", "receiver": "spotrobot1", "content": "Ready|a_authorize_patrol"}"
[uvdrobot-4] [INFO] [1748569406.153550615] [uvdrobot]: I heard: "{"performative": "query", "sender": "spotrobot1", "receiver": "nurse_disinfected1", "content": "Done|a_authorize_patrol"}"
[nurse_disinfect-3] [INFO] [1748569406.153786551] [nurse_disinfect]: And it is not for me
[uvdrobot-4] [INFO] [1748569406.153849495] [uvdrobot]: And it is not for me
[spotrobot-5] [INFO] [1748569406.154061932] [spotrobot]: I heard: "{"performative": "query", "sender": "nurse_disinfected1", "receiver": "spotrobot1", "content": "Done|a_authorize_patrol"}"
[nurse_disinfect-3] [INFO] [1748569406.154383228] [nurse_disinfect]: I heard: "{"performative": "query", "sender": "nurse_disinfected1", "receiver": "spotrobot1", "content": "Done|a_authorize_patrol"}"
[spotrobot-5] [INFO] [1748569406.154588498] [spotrobot]: And it is for me
[nurse_disinfect-3] [INFO] [1748569406.154707264] [nurse_disinfect]: And it is not for me
[spotrobot-5] [INFO] [1748569406.155085599] [spotrobot]: Finished action
[nurse_disinfect-3] [INFO] [1748569406.155208992] [nurse_disinfect]: I heard: "{"performative": "query", "sender": "spotrobot1", "receiver": "nurse_disinfected1", "content": "Done|a_authorize_patrol"}"
[nurse_disinfect-3] [INFO] [1748569406.155501888] [nurse_disinfect]: And it is for me
[uvdrobot-4] [INFO] [1748569406.155621218] [uvdrobot]: I heard: "{"performative": "query", "sender": "spotrobot1", "receiver": "nurse_disinfected1", "content": "Done|a_authorize_patrol"}"
[nurse_disinfect-3] [INFO] [1748569406.155746304] [nurse_disinfect]: Finished action
[spotrobot-5] [INFO] [1748569406.155781905] [spotrobot]: Doing a_patrol_room
[uvdrobot-4] [INFO] [1748569406.155928969] [uvdrobot]: And it is not for me
[spotrobot-5] [INFO] [1748569406.156401051] [spotrobot]: Wating for response
[uvdrobot-4] [INFO] [1748569406.156466573] [uvdrobot]: I heard: "{"performative": "query", "sender": "nurse_disinfected1", "receiver": "spotrobot1", "content": "Done|a_authorize_patrol"}"
[nurse_disinfect-3] [INFO] [1748569406.156475253] [nurse_disinfect]: I heard: "{"performative": "query", "sender": "spotrobot1", "receiver": "nurse_disinfected1", "content": "Done|a_authorize_patrol"}"
[nurse_disinfect-3] [INFO] [1748569406.156841193] [nurse_disinfect]: And it is for me
[uvdrobot-4] [INFO] [1748569406.156863352] [uvdrobot]: And it is not for me
[spotrobot-5] [INFO] [1748569406.157033968] [spotrobot]: I heard: "{"performative": "query", "sender": "spotrobot1", "receiver": "nurse_disinfected1", "content": "Done|a_authorize_patrol"}"
[spotrobot-5] [INFO] [1748569406.157306117] [spotrobot]: And it is not for me
[nurse_disinfect-3] [INFO] [1748569406.157345799] [nurse_disinfect]: Already finished action
[nurse_disinfect-3] [INFO] [1748569406.157887292] [nurse_disinfect]: I heard: "{"performative": "query", "sender": "nurse_disinfected1", "receiver": "spotrobot1", "content": "Done|a_authorize_patrol"}"
[spotrobot-5] [INFO] [1748569406.158106316] [spotrobot]: I heard: "{"performative": "query", "sender": "spotrobot1", "receiver": "nurse_disinfected1", "content": "Done|a_authorize_patrol"}"
[nurse_disinfect-3] [INFO] [1748569406.158187639] [nurse_disinfect]: And it is not for me
[spotrobot-5] [INFO] [1748569406.158409176] [spotrobot]: And it is not for me
[spotrobot-5] [INFO] [1748569406.158906869] [spotrobot]: I heard: "{"performative": "query", "sender": "nurse_disinfected1", "receiver": "spotrobot1", "content": "Done|a_authorize_patrol"}"
[spotrobot-5] [INFO] [1748569406.159170530] [spotrobot]: And it is for me
[spotrobot-5] [INFO] [1748569406.159484975] [spotrobot]: Already finished action
[spotrobot-5] [INFO] [1748569406.160637681] [spotrobot]: success
[spotrobot-5] [INFO] [1748569406.160998029] [spotrobot]: Doing a_authorize_disinfect
[spotrobot-5] [INFO] [1748569406.161343095] [spotrobot]: a_authorize_disinfect
[spotrobot-5] [INFO] [1748569406.161713489] [spotrobot]: Here first, waiting for spotrobot
[spotrobot-5] [INFO] [1748569406.162385059] [spotrobot]: I heard: "{"performative": "query", "sender": "spotrobot1", "receiver": "uvdrobot1", "content": "Ready|a_authorize_disinfect"}"
[uvdrobot-4] [INFO] [1748569406.162387772] [uvdrobot]: I heard: "{"performative": "query", "sender": "spotrobot1", "receiver": "uvdrobot1", "content": "Ready|a_authorize_disinfect"}"
[nurse_disinfect-3] [INFO] [1748569406.162482825] [nurse_disinfect]: I heard: "{"performative": "query", "sender": "spotrobot1", "receiver": "uvdrobot1", "content": "Ready|a_authorize_disinfect"}"
[uvdrobot-4] [INFO] [1748569406.162677654] [uvdrobot]: And it is for me
[nurse_disinfect-3] [INFO] [1748569406.162840122] [nurse_disinfect]: And it is not for me
[uvdrobot-4] [INFO] [1748569406.162922998] [uvdrobot]: Ready to act
[spotrobot-5] [INFO] [1748569406.162936534] [spotrobot]: And it is not for me
[spotrobot-5] [INFO] [1748569406.163547464] [spotrobot]: I heard: "{"performative": "query", "sender": "uvdrobot1", "receiver": "spotrobot1", "content": "Done|a_authorize_disinfect"}"
[nurse_disinfect-3] [INFO] [1748569406.163707381] [nurse_disinfect]: I heard: "{"performative": "query", "sender": "uvdrobot1", "receiver": "spotrobot1", "content": "Done|a_authorize_disinfect"}"
[uvdrobot-4] [INFO] [1748569406.163752114] [uvdrobot]: I heard: "{"performative": "query", "sender": "uvdrobot1", "receiver": "spotrobot1", "content": "Done|a_authorize_disinfect"}"
[spotrobot-5] [INFO] [1748569406.163856108] [spotrobot]: And it is for me
[uvdrobot-4] [INFO] [1748569406.164131799] [uvdrobot]: And it is not for me
[spotrobot-5] [INFO] [1748569406.164156400] [spotrobot]: Finished action
[nurse_disinfect-3] [INFO] [1748569406.164201851] [nurse_disinfect]: And it is not for me
[uvdrobot-4] [INFO] [1748569406.164634247] [uvdrobot]: I heard: "{"performative": "query", "sender": "spotrobot1", "receiver": "uvdrobot1", "content": "Done|a_authorize_disinfect"}"
[spotrobot-5] [INFO] [1748569406.164789590] [spotrobot]: I heard: "{"performative": "query", "sender": "spotrobot1", "receiver": "uvdrobot1", "content": "Done|a_authorize_disinfect"}"
[uvdrobot-4] [INFO] [1748569406.164891013] [uvdrobot]: And it is for me
[nurse_disinfect-3] [INFO] [1748569406.165090203] [nurse_disinfect]: I heard: "{"performative": "query", "sender": "spotrobot1", "receiver": "uvdrobot1", "content": "Done|a_authorize_disinfect"}"
[spotrobot-5] [INFO] [1748569406.165113498] [spotrobot]: And it is not for me
[uvdrobot-4] [INFO] [1748569406.165131967] [uvdrobot]: Finished action
[uvdrobot-4] [INFO] [1748569406.165574368] [uvdrobot]: Doing a_navto
[nurse_disinfect-3] [INFO] [1748569406.165612615] [nurse_disinfect]: And it is not for me
[spotrobot-5] [INFO] [1748569406.165934864] [spotrobot]: I heard: "{"performative": "query", "sender": "uvdrobot1", "receiver": "spotrobot1", "content": "Done|a_authorize_disinfect"}"
[uvdrobot-4] [INFO] [1748569406.165959781] [uvdrobot]: Waiting for response
[spotrobot-5] [INFO] [1748569406.166246558] [spotrobot]: And it is for me
[uvdrobot-4] [INFO] [1748569406.166413074] [uvdrobot]: I heard: "{"performative": "query", "sender": "uvdrobot1", "receiver": "spotrobot1", "content": "Done|a_authorize_disinfect"}"
[nurse_disinfect-3] [INFO] [1748569406.166527490] [nurse_disinfect]: I heard: "{"performative": "query", "sender": "uvdrobot1", "receiver": "spotrobot1", "content": "Done|a_authorize_disinfect"}"
[spotrobot-5] [INFO] [1748569406.166583764] [spotrobot]: Already finished action
[uvdrobot-4] [INFO] [1748569406.166673219] [uvdrobot]: And it is not for me
[nurse_disinfect-3] [INFO] [1748569406.167052826] [nurse_disinfect]: And it is not for me
[uvdrobot-4] [INFO] [1748569406.167429892] [uvdrobot]: success
[uvdrobot-4] [INFO] [1748569406.167988608] [uvdrobot]: Doing a_disinfect_room
[uvdrobot-4] [INFO] [1748569406.168620914] [uvdrobot]: Waiting for response
[uvdrobot-4] [INFO] [1748569406.169942960] [uvdrobot]: success
[uvdrobot-4] [INFO] [1748569406.172296060] [uvdrobot]: Recebido sinal de desligamento do coordenador, finalizando...
[nurse_disinfect-3] [INFO] [1748569406.172301373] [nurse_disinfect]: Recebido sinal de desligamento do coordenador, finalizando...
[disinfect_planner-2] [INFO] [1748569406.172485783] [disinfect_planner]: Recebido sinal de desligamento do coordenador, finalizando...
[spotrobot-5] [INFO] [1748569406.172489063] [spotrobot]: Recebido sinal de desligamento do coordenador, finalizando...
[disinfect_environment-1] [INFO] [1748569406.172525474] [disinfect_environment]: Recebido sinal de desligamento do coordenador, finalizando...
[uvdrobot-4] [INFO] [1748569406.172650416] [Quitting]: Done
[nurse_disinfect-3] [INFO] [1748569406.172681822] [Quitting]: Done
[disinfect_planner-2] [INFO] [1748569406.172871260] [Quitting]: Done
[disinfect_environment-1] [INFO] [1748569406.173034370] [Quitting]: Done
[spotrobot-5] [INFO] [1748569406.173155341] [Quitting]: Done
[INFO] [disinfect_environment-1]: process has finished cleanly [pid 119041]
[INFO] [spotrobot-5]: process has finished cleanly [pid 119051]
[INFO] [nurse_disinfect-3]: process has finished cleanly [pid 119046]
[INFO] [uvdrobot-4]: process has finished cleanly [pid 119049]
