[INFO] [launch]: All log files can be found below /home/rafael/.ros/log/2025-05-30-13-01-00-533046-NotebookRafael-30814
[INFO] [launch]: Default logging verbosity is set to INFO
[INFO] [disinfect_environment-1]: process started with pid [30817]
[INFO] [disinfect_planner-2]: process started with pid [30819]
[INFO] [nurse_disinfect-3]: process started with pid [30821]
[INFO] [uvdrobot-4]: process started with pid [30823]
[INFO] [spotrobot-5]: process started with pid [30825]
[disinfect_environment-1] [INFO] [1748620860.782129738] [disinfect_environment]: Starting Environment server
[disinfect_environment-1] [INFO] [1748620860.792485612] [disinfect_environment]: Environment server started
[disinfect_planner-2] [INFO] [1748620861.344737277] [disinfect_planner]: Starting Planner server
[disinfect_planner-2] [INFO] [1748620861.348808157] [disinfect_planner]: Planner server started
[disinfect_planner-2] [INFO] [1748620861.543924576] [disinfect_planner]: Creating plan for: spotrobot1 uvdrobot1 nurse_disinfected1
[disinfect_planner-2] [INFO] [1748620861.545481525] [disinfect_planner]: a_navto,spotrobot1,room1
[disinfect_planner-2] [INFO] [1748620861.545790249] [disinfect_planner]: a_open_door,spotrobot1,room1
[disinfect_planner-2] [INFO] [1748620861.546086889] [disinfect_planner]: a_approach_nurse,spotrobot1,nurse_disinfected1
[disinfect_planner-2] [INFO] [1748620861.546381347] [disinfect_planner]: a_authenticate_nurse,spotrobot1,nurse_disinfected1
[disinfect_planner-2] [INFO] [1748620861.546672324] [disinfect_planner]: a_authorize_patrol,spotrobot1,nurse_disinfected1
[disinfect_planner-2] [INFO] [1748620861.547003766] [disinfect_planner]: a_patrol_room,spotrobot1,room1
[disinfect_planner-2] [INFO] [1748620861.547301099] [disinfect_planner]: a_authorize_disinfect,uvdrobot1,spotrobot1
[uvdrobot-4] [INFO] [1748620861.547537249] [uvdrobot]: response.response uvdrobot1
[disinfect_planner-2] [INFO] [1748620861.547798404] [disinfect_planner]: a_navto,uvdrobot1,room1
[uvdrobot-4] [INFO] [1748620861.547929901] [uvdrobot]: My name is uvdrobot1
[disinfect_planner-2] [INFO] [1748620861.548275401] [disinfect_planner]: a_disinfect_room,uvdrobot1,room1
[disinfect_planner-2] [INFO] [1748620861.548699204] [disinfect_planner]: Sending response
[spotrobot-5] [INFO] [1748620861.550537716] [spotrobot]: response.response spotrobot1
[nurse_disinfect-3] [INFO] [1748620861.550796388] [nurse_disinfect]: response.response nurse_disinfected1
[uvdrobot-4] [INFO] [1748620861.550843049] [uvdrobot]: I heard: "{"performative": "request", "sender": "Coordinator", "receiver": "uvdrobot1", "content": "Plan|a_authorize_disinfect,uvdrobot1,spotrobot1/a_navto,uvdrobot1,room1/a_disinfect_room,uvdrobot1,room1"}"
[spotrobot-5] [INFO] [1748620861.550890576] [spotrobot]: My name is spotrobot1
[nurse_disinfect-3] [INFO] [1748620861.551151572] [nurse_disinfect]: My name is nurse_disinfected1
[uvdrobot-4] [INFO] [1748620861.551362749] [uvdrobot]: And it is for me
[spotrobot-5] [INFO] [1748620861.551490258] [spotrobot]: I heard: "{"performative": "request", "sender": "Coordinator", "receiver": "uvdrobot1", "content": "Plan|a_authorize_disinfect,uvdrobot1,spotrobot1/a_navto,uvdrobot1,room1/a_disinfect_room,uvdrobot1,room1"}"
[spotrobot-5] [INFO] [1748620861.551764664] [spotrobot]: And it is not for me
[uvdrobot-4] [INFO] [1748620861.552004234] [uvdrobot]: Doing a_authorize_disinfect
[spotrobot-5] [INFO] [1748620861.552327828] [spotrobot]: I heard: "{"performative": "request", "sender": "Coordinator", "receiver": "spotrobot1", "content": "Plan|a_navto,spotrobot1,room1/a_open_door,spotrobot1,room1/a_approach_nurse,spotrobot1,nurse_disinfected1/a_authenticate_nurse,spotrobot1,nurse_disinfected1/a_authorize_patrol,spotrobot1,nurse_disinfected1/a_patrol_room,spotrobot1,room1/a_authorize_disinfect,uvdrobot1,spotrobot1"}"
[uvdrobot-4] [INFO] [1748620861.552501379] [uvdrobot]: a_authorize_disinfect
[spotrobot-5] [INFO] [1748620861.552654963] [spotrobot]: And it is for me
[uvdrobot-4] [INFO] [1748620861.552974155] [uvdrobot]: Here first, waiting for spotrobot
[spotrobot-5] [INFO] [1748620861.553103826] [spotrobot]: Doing a_navto
[spotrobot-5] [INFO] [1748620861.553473391] [spotrobot]: Wating for response
[spotrobot-5] [INFO] [1748620861.553955965] [spotrobot]: I heard: "{"performative": "request", "sender": "Coordinator", "receiver": "nurse_disinfected1", "content": "Plan|a_approach_nurse,spotrobot1,nurse_disinfected1/a_authenticate_nurse,spotrobot1,nurse_disinfected1/a_authorize_patrol,spotrobot1,nurse_disinfected1"}"
[uvdrobot-4] [INFO] [1748620861.554035155] [uvdrobot]: I heard: "{"performative": "request", "sender": "Coordinator", "receiver": "spotrobot1", "content": "Plan|a_navto,spotrobot1,room1/a_open_door,spotrobot1,room1/a_approach_nurse,spotrobot1,nurse_disinfected1/a_authenticate_nurse,spotrobot1,nurse_disinfected1/a_authorize_patrol,spotrobot1,nurse_disinfected1/a_patrol_room,spotrobot1,room1/a_authorize_disinfect,uvdrobot1,spotrobot1"}"
[spotrobot-5] [INFO] [1748620861.554262081] [spotrobot]: And it is not for me
[uvdrobot-4] [INFO] [1748620861.554546157] [uvdrobot]: And it is not for me
[spotrobot-5] [INFO] [1748620861.554604669] [spotrobot]: I heard: "{"performative": "query", "sender": "uvdrobot1", "receiver": "spotrobot1", "content": "Ready|a_authorize_disinfect"}"
[spotrobot-5] [INFO] [1748620861.554899250] [spotrobot]: And it is for me
[spotrobot-5] [INFO] [1748620861.555164512] [spotrobot]: No there yet
[uvdrobot-4] [INFO] [1748620861.555179418] [uvdrobot]: I heard: "{"performative": "query", "sender": "uvdrobot1", "receiver": "spotrobot1", "content": "Ready|a_authorize_disinfect"}"
[uvdrobot-4] [INFO] [1748620861.555710606] [uvdrobot]: And it is not for me
[spotrobot-5] [INFO] [1748620861.555846235] [spotrobot]: success
[spotrobot-5] [INFO] [1748620861.556222685] [spotrobot]: Doing a_open_door
[spotrobot-5] [INFO] [1748620861.556594849] [spotrobot]: Wating for response
[uvdrobot-4] [INFO] [1748620861.556640649] [uvdrobot]: I heard: "{"performative": "request", "sender": "Coordinator", "receiver": "nurse_disinfected1", "content": "Plan|a_approach_nurse,spotrobot1,nurse_disinfected1/a_authenticate_nurse,spotrobot1,nurse_disinfected1/a_authorize_patrol,spotrobot1,nurse_disinfected1"}"
[uvdrobot-4] [INFO] [1748620861.557151851] [uvdrobot]: And it is not for me
[spotrobot-5] [INFO] [1748620861.557631784] [spotrobot]: success
[spotrobot-5] [INFO] [1748620861.558027889] [spotrobot]: Doing a_approach_nurse
[spotrobot-5] [INFO] [1748620861.558551697] [spotrobot]: Wating for response
[spotrobot-5] [INFO] [1748620861.559227415] [spotrobot]: success
[spotrobot-5] [INFO] [1748620861.559574470] [spotrobot]: Doing a_authenticate_nurse
[spotrobot-5] [INFO] [1748620861.559876289] [spotrobot]: a_authenticate_nurse
[spotrobot-5] [INFO] [1748620861.560209211] [spotrobot]: Here first, waiting for nurse
[uvdrobot-4] [INFO] [1748620861.560763500] [uvdrobot]: I heard: "{"performative": "query", "sender": "spotrobot1", "receiver": "nurse_disinfected1", "content": "Ready|a_authenticate_nurse"}"
[spotrobot-5] [INFO] [1748620861.560848505] [spotrobot]: I heard: "{"performative": "query", "sender": "spotrobot1", "receiver": "nurse_disinfected1", "content": "Ready|a_authenticate_nurse"}"
[uvdrobot-4] [INFO] [1748620861.561142844] [uvdrobot]: And it is not for me
[spotrobot-5] [INFO] [1748620861.561220071] [spotrobot]: And it is not for me
[nurse_disinfect-3] [INFO] [1748620862.552902988] [nurse_disinfect]: I heard: "{"performative": "request", "sender": "Coordinator", "receiver": "uvdrobot1", "content": "Plan|a_authorize_disinfect,uvdrobot1,spotrobot1/a_navto,uvdrobot1,room1/a_disinfect_room,uvdrobot1,room1"}"
[nurse_disinfect-3] [INFO] [1748620862.553278632] [nurse_disinfect]: And it is not for me
[nurse_disinfect-3] [INFO] [1748620862.553757764] [nurse_disinfect]: I heard: "{"performative": "query", "sender": "uvdrobot1", "receiver": "spotrobot1", "content": "Ready|a_authorize_disinfect"}"
[nurse_disinfect-3] [INFO] [1748620862.554102040] [nurse_disinfect]: And it is not for me
[nurse_disinfect-3] [INFO] [1748620862.554668902] [nurse_disinfect]: I heard: "{"performative": "request", "sender": "Coordinator", "receiver": "spotrobot1", "content": "Plan|a_navto,spotrobot1,room1/a_open_door,spotrobot1,room1/a_approach_nurse,spotrobot1,nurse_disinfected1/a_authenticate_nurse,spotrobot1,nurse_disinfected1/a_authorize_patrol,spotrobot1,nurse_disinfected1/a_patrol_room,spotrobot1,room1/a_authorize_disinfect,uvdrobot1,spotrobot1"}"
[nurse_disinfect-3] [INFO] [1748620862.555124225] [nurse_disinfect]: And it is not for me
[nurse_disinfect-3] [INFO] [1748620862.555532177] [nurse_disinfect]: I heard: "{"performative": "query", "sender": "spotrobot1", "receiver": "nurse_disinfected1", "content": "Ready|a_authenticate_nurse"}"
[nurse_disinfect-3] [INFO] [1748620862.556063346] [nurse_disinfect]: And it is for me
[nurse_disinfect-3] [INFO] [1748620862.556519930] [nurse_disinfect]: No there yet
[nurse_disinfect-3] [INFO] [1748620862.557187311] [nurse_disinfect]: I heard: "{"performative": "request", "sender": "Coordinator", "receiver": "nurse_disinfected1", "content": "Plan|a_approach_nurse,spotrobot1,nurse_disinfected1/a_authenticate_nurse,spotrobot1,nurse_disinfected1/a_authorize_patrol,spotrobot1,nurse_disinfected1"}"
[nurse_disinfect-3] [INFO] [1748620862.557594779] [nurse_disinfect]: And it is for me
[nurse_disinfect-3] [INFO] [1748620862.558606843] [nurse_disinfect]: a_approach_nurse
[nurse_disinfect-3] [INFO] [1748620862.558993188] [nurse_disinfect]: a_authenticate_nurse
[nurse_disinfect-3] [INFO] [1748620862.559404317] [nurse_disinfect]: Doing a_authenticate_nurse
[nurse_disinfect-3] [INFO] [1748620862.559755584] [nurse_disinfect]: a_authenticate_nurse
[nurse_disinfect-3] [INFO] [1748620862.560067325] [nurse_disinfect]: Robot is waiting, send action message
[uvdrobot-4] [INFO] [1748620862.560729443] [uvdrobot]: I heard: "{"performative": "query", "sender": "nurse_disinfected1", "receiver": "spotrobot1", "content": "Done|a_authenticate_nurse"}"
[spotrobot-5] [INFO] [1748620862.560765193] [spotrobot]: I heard: "{"performative": "query", "sender": "nurse_disinfected1", "receiver": "spotrobot1", "content": "Done|a_authenticate_nurse"}"
[nurse_disinfect-3] [INFO] [1748620862.560894432] [nurse_disinfect]: I heard: "{"performative": "query", "sender": "nurse_disinfected1", "receiver": "spotrobot1", "content": "Done|a_authenticate_nurse"}"
[spotrobot-5] [INFO] [1748620862.561088582] [spotrobot]: And it is for me
[nurse_disinfect-3] [INFO] [1748620862.561298504] [nurse_disinfect]: And it is not for me
[uvdrobot-4] [INFO] [1748620862.561320038] [uvdrobot]: And it is not for me
[spotrobot-5] [INFO] [1748620862.561428049] [spotrobot]: Finished action
[uvdrobot-4] [INFO] [1748620862.562088875] [uvdrobot]: I heard: "{"performative": "query", "sender": "spotrobot1", "receiver": "nurse_disinfected1", "content": "Done|a_authenticate_nurse"}"
[spotrobot-5] [INFO] [1748620862.562106945] [spotrobot]: Doing a_authorize_patrol
[nurse_disinfect-3] [INFO] [1748620862.562401070] [nurse_disinfect]: I heard: "{"performative": "query", "sender": "spotrobot1", "receiver": "nurse_disinfected1", "content": "Done|a_authenticate_nurse"}"
[spotrobot-5] [INFO] [1748620862.562416751] [spotrobot]: a_authorize_patrol
[uvdrobot-4] [INFO] [1748620862.562426654] [uvdrobot]: And it is not for me
[spotrobot-5] [INFO] [1748620862.562723132] [spotrobot]: Here first, waiting for nurse
[nurse_disinfect-3] [INFO] [1748620862.562933642] [nurse_disinfect]: And it is for me
[spotrobot-5] [INFO] [1748620862.563444618] [spotrobot]: I heard: "{"performative": "query", "sender": "spotrobot1", "receiver": "nurse_disinfected1", "content": "Done|a_authenticate_nurse"}"
[nurse_disinfect-3] [INFO] [1748620862.563465589] [nurse_disinfect]: Finished action
[uvdrobot-4] [INFO] [1748620862.563493051] [uvdrobot]: I heard: "{"performative": "query", "sender": "spotrobot1", "receiver": "nurse_disinfected1", "content": "Ready|a_authorize_patrol"}"
[spotrobot-5] [INFO] [1748620862.563911959] [spotrobot]: And it is not for me
[uvdrobot-4] [INFO] [1748620862.563916578] [uvdrobot]: And it is not for me
[nurse_disinfect-3] [INFO] [1748620862.564225899] [nurse_disinfect]: a_authorize_patrol
[spotrobot-5] [INFO] [1748620862.564445328] [spotrobot]: I heard: "{"performative": "query", "sender": "spotrobot1", "receiver": "nurse_disinfected1", "content": "Ready|a_authorize_patrol"}"
[uvdrobot-4] [INFO] [1748620862.564657471] [uvdrobot]: I heard: "{"performative": "query", "sender": "nurse_disinfected1", "receiver": "spotrobot1", "content": "Done|a_authenticate_nurse"}"
[nurse_disinfect-3] [INFO] [1748620862.564746586] [nurse_disinfect]: Doing a_authorize_patrol
[spotrobot-5] [INFO] [1748620862.564755010] [spotrobot]: And it is not for me
[uvdrobot-4] [INFO] [1748620862.565029730] [uvdrobot]: And it is not for me
[nurse_disinfect-3] [INFO] [1748620862.565249127] [nurse_disinfect]: a_authorize_patrol
[spotrobot-5] [INFO] [1748620862.565361276] [spotrobot]: I heard: "{"performative": "query", "sender": "nurse_disinfected1", "receiver": "spotrobot1", "content": "Done|a_authenticate_nurse"}"
[spotrobot-5] [INFO] [1748620862.565634079] [spotrobot]: And it is for me
[nurse_disinfect-3] [INFO] [1748620862.565789753] [nurse_disinfect]: Here first, waiting for robot
[spotrobot-5] [INFO] [1748620862.565968414] [spotrobot]: Already finished action
[uvdrobot-4] [INFO] [1748620862.566418482] [uvdrobot]: I heard: "{"performative": "query", "sender": "nurse_disinfected1", "receiver": "spotrobot1", "content": "Ready|a_authorize_patrol"}"
[spotrobot-5] [INFO] [1748620862.566524397] [spotrobot]: I heard: "{"performative": "query", "sender": "nurse_disinfected1", "receiver": "spotrobot1", "content": "Ready|a_authorize_patrol"}"
[uvdrobot-4] [INFO] [1748620862.566752903] [uvdrobot]: And it is not for me
[spotrobot-5] [INFO] [1748620862.566813107] [spotrobot]: And it is for me
[nurse_disinfect-3] [INFO] [1748620862.566901548] [nurse_disinfect]: I heard: "{"performative": "query", "sender": "spotrobot1", "receiver": "nurse_disinfected1", "content": "Ready|a_authorize_patrol"}"
[spotrobot-5] [INFO] [1748620862.567094019] [spotrobot]: Ready to act
[nurse_disinfect-3] [INFO] [1748620862.567468078] [nurse_disinfect]: And it is for me
[spotrobot-5] [INFO] [1748620862.567774452] [spotrobot]: I heard: "{"performative": "query", "sender": "spotrobot1", "receiver": "nurse_disinfected1", "content": "Done|a_authorize_patrol"}"
[uvdrobot-4] [INFO] [1748620862.567922240] [uvdrobot]: I heard: "{"performative": "query", "sender": "spotrobot1", "receiver": "nurse_disinfected1", "content": "Done|a_authorize_patrol"}"
[nurse_disinfect-3] [INFO] [1748620862.568052964] [nurse_disinfect]: Ready to act
[spotrobot-5] [INFO] [1748620862.568089228] [spotrobot]: And it is not for me
[uvdrobot-4] [INFO] [1748620862.568276049] [uvdrobot]: And it is not for me
[spotrobot-5] [INFO] [1748620862.568620577] [spotrobot]: I heard: "{"performative": "query", "sender": "nurse_disinfected1", "receiver": "spotrobot1", "content": "Done|a_authorize_patrol"}"
[uvdrobot-4] [INFO] [1748620862.569048288] [uvdrobot]: I heard: "{"performative": "query", "sender": "nurse_disinfected1", "receiver": "spotrobot1", "content": "Done|a_authorize_patrol"}"
[nurse_disinfect-3] [INFO] [1748620862.569328934] [nurse_disinfect]: I heard: "{"performative": "query", "sender": "nurse_disinfected1", "receiver": "spotrobot1", "content": "Done|a_authenticate_nurse"}"
[spotrobot-5] [INFO] [1748620862.569354081] [spotrobot]: And it is for me
[uvdrobot-4] [INFO] [1748620862.569681805] [uvdrobot]: And it is not for me
[spotrobot-5] [INFO] [1748620862.569813701] [spotrobot]: Finished action
[nurse_disinfect-3] [INFO] [1748620862.569835696] [nurse_disinfect]: And it is not for me
[spotrobot-5] [INFO] [1748620862.570509804] [spotrobot]: Doing a_patrol_room
[uvdrobot-4] [INFO] [1748620862.570544163] [uvdrobot]: I heard: "{"performative": "query", "sender": "spotrobot1", "receiver": "nurse_disinfected1", "content": "Done|a_authorize_patrol"}"
[uvdrobot-4] [INFO] [1748620862.570823142] [uvdrobot]: And it is not for me
[nurse_disinfect-3] [INFO] [1748620862.570846266] [nurse_disinfect]: I heard: "{"performative": "query", "sender": "nurse_disinfected1", "receiver": "spotrobot1", "content": "Ready|a_authorize_patrol"}"
[spotrobot-5] [INFO] [1748620862.571086654] [spotrobot]: Wating for response
[nurse_disinfect-3] [INFO] [1748620862.571307780] [nurse_disinfect]: And it is not for me
[spotrobot-5] [INFO] [1748620862.571945558] [spotrobot]: I heard: "{"performative": "query", "sender": "spotrobot1", "receiver": "nurse_disinfected1", "content": "Done|a_authorize_patrol"}"
[nurse_disinfect-3] [INFO] [1748620862.572191102] [nurse_disinfect]: I heard: "{"performative": "query", "sender": "spotrobot1", "receiver": "nurse_disinfected1", "content": "Done|a_authorize_patrol"}"
[spotrobot-5] [INFO] [1748620862.572435347] [spotrobot]: And it is not for me
[nurse_disinfect-3] [INFO] [1748620862.572817391] [nurse_disinfect]: And it is for me
[nurse_disinfect-3] [INFO] [1748620862.573316762] [nurse_disinfect]: Finished action
[spotrobot-5] [INFO] [1748620862.573999094] [spotrobot]: success
[uvdrobot-4] [INFO] [1748620862.574213430] [uvdrobot]: I heard: "{"performative": "query", "sender": "nurse_disinfected1", "receiver": "spotrobot1", "content": "Done|a_authorize_patrol"}"
[nurse_disinfect-3] [INFO] [1748620862.574398869] [nurse_disinfect]: I heard: "{"performative": "query", "sender": "nurse_disinfected1", "receiver": "spotrobot1", "content": "Done|a_authorize_patrol"}"
[spotrobot-5] [INFO] [1748620862.574546461] [spotrobot]: Doing a_authorize_disinfect
[uvdrobot-4] [INFO] [1748620862.574591524] [uvdrobot]: And it is not for me
[nurse_disinfect-3] [INFO] [1748620862.574860920] [nurse_disinfect]: And it is not for me
[spotrobot-5] [INFO] [1748620862.575020434] [spotrobot]: a_authorize_disinfect
[spotrobot-5] [INFO] [1748620862.575494491] [spotrobot]: Here first, waiting for spotrobot
[nurse_disinfect-3] [INFO] [1748620862.575817156] [nurse_disinfect]: I heard: "{"performative": "query", "sender": "spotrobot1", "receiver": "nurse_disinfected1", "content": "Done|a_authorize_patrol"}"
[uvdrobot-4] [INFO] [1748620862.576171972] [uvdrobot]: I heard: "{"performative": "query", "sender": "spotrobot1", "receiver": "uvdrobot1", "content": "Ready|a_authorize_disinfect"}"
[nurse_disinfect-3] [INFO] [1748620862.576304889] [nurse_disinfect]: And it is for me
[spotrobot-5] [INFO] [1748620862.576453745] [spotrobot]: I heard: "{"performative": "query", "sender": "nurse_disinfected1", "receiver": "spotrobot1", "content": "Done|a_authorize_patrol"}"
[uvdrobot-4] [INFO] [1748620862.576641832] [uvdrobot]: And it is for me
[nurse_disinfect-3] [INFO] [1748620862.576728130] [nurse_disinfect]: Already finished action
[spotrobot-5] [INFO] [1748620862.576913778] [spotrobot]: And it is for me
[uvdrobot-4] [INFO] [1748620862.576951218] [uvdrobot]: Ready to act
[spotrobot-5] [INFO] [1748620862.577394730] [spotrobot]: Already finished action
[nurse_disinfect-3] [INFO] [1748620862.577681885] [nurse_disinfect]: I heard: "{"performative": "query", "sender": "nurse_disinfected1", "receiver": "spotrobot1", "content": "Done|a_authorize_patrol"}"
[uvdrobot-4] [INFO] [1748620862.577703378] [uvdrobot]: I heard: "{"performative": "query", "sender": "uvdrobot1", "receiver": "spotrobot1", "content": "Done|a_authorize_disinfect"}"
[uvdrobot-4] [INFO] [1748620862.577979010] [uvdrobot]: And it is not for me
[nurse_disinfect-3] [INFO] [1748620862.578169005] [nurse_disinfect]: And it is not for me
[spotrobot-5] [INFO] [1748620862.578313240] [spotrobot]: I heard: "{"performative": "query", "sender": "spotrobot1", "receiver": "uvdrobot1", "content": "Ready|a_authorize_disinfect"}"
[spotrobot-5] [INFO] [1748620862.578781026] [spotrobot]: And it is not for me
[nurse_disinfect-3] [INFO] [1748620862.578945338] [nurse_disinfect]: I heard: "{"performative": "query", "sender": "spotrobot1", "receiver": "uvdrobot1", "content": "Ready|a_authorize_disinfect"}"
[nurse_disinfect-3] [INFO] [1748620862.579226638] [nurse_disinfect]: And it is not for me
[spotrobot-5] [INFO] [1748620862.579330195] [spotrobot]: I heard: "{"performative": "query", "sender": "uvdrobot1", "receiver": "spotrobot1", "content": "Done|a_authorize_disinfect"}"
[spotrobot-5] [INFO] [1748620862.579654860] [spotrobot]: And it is for me
[nurse_disinfect-3] [INFO] [1748620862.579851899] [nurse_disinfect]: I heard: "{"performative": "query", "sender": "uvdrobot1", "receiver": "spotrobot1", "content": "Done|a_authorize_disinfect"}"
[spotrobot-5] [INFO] [1748620862.579963803] [spotrobot]: Finished action
[nurse_disinfect-3] [INFO] [1748620862.580321571] [nurse_disinfect]: And it is not for me
[uvdrobot-4] [INFO] [1748620862.580598844] [uvdrobot]: I heard: "{"performative": "query", "sender": "spotrobot1", "receiver": "uvdrobot1", "content": "Done|a_authorize_disinfect"}"
[spotrobot-5] [INFO] [1748620862.580607568] [spotrobot]: I heard: "{"performative": "query", "sender": "spotrobot1", "receiver": "uvdrobot1", "content": "Done|a_authorize_disinfect"}"
[spotrobot-5] [INFO] [1748620862.581036355] [spotrobot]: And it is not for me
[uvdrobot-4] [INFO] [1748620862.581186635] [uvdrobot]: And it is for me
[nurse_disinfect-3] [INFO] [1748620862.581263245] [nurse_disinfect]: I heard: "{"performative": "query", "sender": "spotrobot1", "receiver": "uvdrobot1", "content": "Done|a_authorize_disinfect"}"
[uvdrobot-4] [INFO] [1748620862.581521957] [uvdrobot]: Finished action
[nurse_disinfect-3] [INFO] [1748620862.581784091] [nurse_disinfect]: And it is not for me
[uvdrobot-4] [INFO] [1748620862.581972002] [uvdrobot]: Doing a_navto
[spotrobot-5] [INFO] [1748620862.582151141] [spotrobot]: I heard: "{"performative": "query", "sender": "uvdrobot1", "receiver": "spotrobot1", "content": "Done|a_authorize_disinfect"}"
[uvdrobot-4] [INFO] [1748620862.582439741] [uvdrobot]: Waiting for response
[spotrobot-5] [INFO] [1748620862.582520388] [spotrobot]: And it is for me
[nurse_disinfect-3] [INFO] [1748620862.582748579] [nurse_disinfect]: I heard: "{"performative": "query", "sender": "uvdrobot1", "receiver": "spotrobot1", "content": "Done|a_authorize_disinfect"}"
[spotrobot-5] [INFO] [1748620862.582789568] [spotrobot]: Already finished action
[uvdrobot-4] [INFO] [1748620862.583200889] [uvdrobot]: I heard: "{"performative": "query", "sender": "uvdrobot1", "receiver": "spotrobot1", "content": "Done|a_authorize_disinfect"}"
[uvdrobot-4] [INFO] [1748620862.583803053] [uvdrobot]: And it is not for me
[nurse_disinfect-3] [INFO] [1748620862.584195038] [nurse_disinfect]: And it is not for me
[uvdrobot-4] [INFO] [1748620862.584967976] [uvdrobot]: success
[uvdrobot-4] [INFO] [1748620862.585600980] [uvdrobot]: Doing a_disinfect_room
[uvdrobot-4] [INFO] [1748620862.586260552] [uvdrobot]: Waiting for response
[uvdrobot-4] [INFO] [1748620862.587993601] [uvdrobot]: success
[disinfect_planner-2] [INFO] [1748620862.590595077] [disinfect_planner]: Recebido sinal de desligamento do coordenador, finalizando...
[nurse_disinfect-3] [INFO] [1748620862.590604745] [nurse_disinfect]: Recebido sinal de desligamento do coordenador, finalizando...
[disinfect_environment-1] [INFO] [1748620862.590626404] [disinfect_environment]: Recebido sinal de desligamento do coordenador, finalizando...
[uvdrobot-4] [INFO] [1748620862.590801387] [uvdrobot]: Recebido sinal de desligamento do coordenador, finalizando...
[spotrobot-5] [INFO] [1748620862.590826458] [spotrobot]: Recebido sinal de desligamento do coordenador, finalizando...
[disinfect_planner-2] [INFO] [1748620862.590948781] [Quitting]: Done
[disinfect_environment-1] [INFO] [1748620862.590969762] [Quitting]: Done
[nurse_disinfect-3] [INFO] [1748620862.591054941] [Quitting]: Done
[spotrobot-5] [INFO] [1748620862.591358047] [Quitting]: Done
[uvdrobot-4] [INFO] [1748620862.591358035] [Quitting]: Done
[INFO] [disinfect_environment-1]: process has finished cleanly [pid 30817]
[INFO] [spotrobot-5]: process has finished cleanly [pid 30825]
[INFO] [uvdrobot-4]: process has finished cleanly [pid 30823]
[INFO] [nurse_disinfect-3]: process has finished cleanly [pid 30821]
[INFO] [disinfect_planner-2]: process has finished cleanly [pid 30819]
