[INFO] [launch]: All log files can be found below /home/rafael/.ros/log/2025-05-30-12-59-25-210826-NotebookRafael-29233
[INFO] [launch]: Default logging verbosity is set to INFO
[INFO] [disinfect_environment-1]: process started with pid [29236]
[INFO] [disinfect_planner-2]: process started with pid [29238]
[INFO] [nurse_disinfect-3]: process started with pid [29240]
[INFO] [uvdrobot-4]: process started with pid [29242]
[INFO] [spotrobot-5]: process started with pid [29244]
[disinfect_environment-1] [INFO] [1748620765.474619363] [disinfect_environment]: Starting Environment server
[disinfect_environment-1] [INFO] [1748620765.478317245] [disinfect_environment]: Environment server started
[disinfect_planner-2] [INFO] [1748620766.011299596] [disinfect_planner]: Starting Planner server
[disinfect_planner-2] [INFO] [1748620766.015018540] [disinfect_planner]: Planner server started
[disinfect_planner-2] [INFO] [1748620766.222592458] [disinfect_planner]: Creating plan for: spotrobot1 uvdrobot1 nurse_disinfected1
[disinfect_planner-2] [INFO] [1748620766.224063963] [disinfect_planner]: a_navto,spotrobot1,room1
[disinfect_planner-2] [INFO] [1748620766.224368397] [disinfect_planner]: a_open_door,spotrobot1,room1
[disinfect_planner-2] [INFO] [1748620766.224663250] [disinfect_planner]: a_approach_nurse,spotrobot1,nurse_disinfected1
[disinfect_planner-2] [INFO] [1748620766.224956869] [disinfect_planner]: a_authenticate_nurse,spotrobot1,nurse_disinfected1
[disinfect_planner-2] [INFO] [1748620766.225250657] [disinfect_planner]: a_authorize_patrol,spotrobot1,nurse_disinfected1
[disinfect_planner-2] [INFO] [1748620766.225540872] [disinfect_planner]: a_patrol_room,spotrobot1,room1
[disinfect_planner-2] [INFO] [1748620766.225866482] [disinfect_planner]: a_authorize_disinfect,uvdrobot1,spotrobot1
[disinfect_planner-2] [INFO] [1748620766.226157818] [disinfect_planner]: a_navto,uvdrobot1,room1
[disinfect_planner-2] [INFO] [1748620766.226451314] [disinfect_planner]: a_disinfect_room,uvdrobot1,room1
[disinfect_planner-2] [INFO] [1748620766.226741208] [disinfect_planner]: Sending response
[nurse_disinfect-3] [INFO] [1748620766.228260382] [nurse_disinfect]: response.response nurse_disinfected1
[nurse_disinfect-3] [INFO] [1748620766.228622830] [nurse_disinfect]: My name is nurse_disinfected1
[uvdrobot-4] [INFO] [1748620766.231772169] [uvdrobot]: response.response uvdrobot1
[uvdrobot-4] [INFO] [1748620766.232198892] [uvdrobot]: My name is uvdrobot1
[uvdrobot-4] [INFO] [1748620766.233116604] [uvdrobot]: I heard: "{"performative": "request", "sender": "Coordinator", "receiver": "uvdrobot1", "content": "Plan|a_authorize_disinfect,uvdrobot1,spotrobot1/a_navto,uvdrobot1,room1/a_disinfect_room,uvdrobot1,room1"}"
[uvdrobot-4] [INFO] [1748620766.233452727] [uvdrobot]: And it is for me
[uvdrobot-4] [INFO] [1748620766.233864289] [uvdrobot]: Doing a_authorize_disinfect
[spotrobot-5] [INFO] [1748620766.233929365] [spotrobot]: response.response spotrobot1
[uvdrobot-4] [INFO] [1748620766.234189258] [uvdrobot]: a_authorize_disinfect
[spotrobot-5] [INFO] [1748620766.234265196] [spotrobot]: My name is spotrobot1
[uvdrobot-4] [INFO] [1748620766.234479190] [uvdrobot]: Here first, waiting for spotrobot
[spotrobot-5] [INFO] [1748620766.234917981] [spotrobot]: I heard: "{"performative": "request", "sender": "Coordinator", "receiver": "uvdrobot1", "content": "Plan|a_authorize_disinfect,uvdrobot1,spotrobot1/a_navto,uvdrobot1,room1/a_disinfect_room,uvdrobot1,room1"}"
[uvdrobot-4] [INFO] [1748620766.235272924] [uvdrobot]: I heard: "{"performative": "request", "sender": "Coordinator", "receiver": "spotrobot1", "content": "Plan|a_navto,spotrobot1,room1/a_open_door,spotrobot1,room1/a_approach_nurse,spotrobot1,nurse_disinfected1/a_authenticate_nurse,spotrobot1,nurse_disinfected1/a_authorize_patrol,spotrobot1,nurse_disinfected1/a_patrol_room,spotrobot1,room1/a_authorize_disinfect,uvdrobot1,spotrobot1"}"
[spotrobot-5] [INFO] [1748620766.235298278] [spotrobot]: And it is not for me
[uvdrobot-4] [INFO] [1748620766.235583156] [uvdrobot]: And it is not for me
[spotrobot-5] [INFO] [1748620766.235821569] [spotrobot]: I heard: "{"performative": "request", "sender": "Coordinator", "receiver": "spotrobot1", "content": "Plan|a_navto,spotrobot1,room1/a_open_door,spotrobot1,room1/a_approach_nurse,spotrobot1,nurse_disinfected1/a_authenticate_nurse,spotrobot1,nurse_disinfected1/a_authorize_patrol,spotrobot1,nurse_disinfected1/a_patrol_room,spotrobot1,room1/a_authorize_disinfect,uvdrobot1,spotrobot1"}"
[uvdrobot-4] [INFO] [1748620766.235909963] [uvdrobot]: I heard: "{"performative": "query", "sender": "uvdrobot1", "receiver": "spotrobot1", "content": "Ready|a_authorize_disinfect"}"
[spotrobot-5] [INFO] [1748620766.236131216] [spotrobot]: And it is for me
[uvdrobot-4] [INFO] [1748620766.236179331] [uvdrobot]: And it is not for me
[spotrobot-5] [INFO] [1748620766.236478720] [spotrobot]: Doing a_navto
[uvdrobot-4] [INFO] [1748620766.236719085] [uvdrobot]: I heard: "{"performative": "request", "sender": "Coordinator", "receiver": "nurse_disinfected1", "content": "Plan|a_approach_nurse,spotrobot1,nurse_disinfected1/a_authenticate_nurse,spotrobot1,nurse_disinfected1/a_authorize_patrol,spotrobot1,nurse_disinfected1"}"
[spotrobot-5] [INFO] [1748620766.236924489] [spotrobot]: Wating for response
[uvdrobot-4] [INFO] [1748620766.236981919] [uvdrobot]: And it is not for me
[spotrobot-5] [INFO] [1748620766.237409679] [spotrobot]: I heard: "{"performative": "request", "sender": "Coordinator", "receiver": "nurse_disinfected1", "content": "Plan|a_approach_nurse,spotrobot1,nurse_disinfected1/a_authenticate_nurse,spotrobot1,nurse_disinfected1/a_authorize_patrol,spotrobot1,nurse_disinfected1"}"
[spotrobot-5] [INFO] [1748620766.237730377] [spotrobot]: And it is not for me
[spotrobot-5] [INFO] [1748620766.238065831] [spotrobot]: I heard: "{"performative": "query", "sender": "uvdrobot1", "receiver": "spotrobot1", "content": "Ready|a_authorize_disinfect"}"
[spotrobot-5] [INFO] [1748620766.238367548] [spotrobot]: And it is for me
[spotrobot-5] [INFO] [1748620766.238618596] [spotrobot]: No there yet
[spotrobot-5] [INFO] [1748620766.239955555] [spotrobot]: success
[spotrobot-5] [INFO] [1748620766.240301870] [spotrobot]: Doing a_open_door
[spotrobot-5] [INFO] [1748620766.240684165] [spotrobot]: Wating for response
[spotrobot-5] [INFO] [1748620766.241614465] [spotrobot]: success
[spotrobot-5] [INFO] [1748620766.241953841] [spotrobot]: Doing a_approach_nurse
[spotrobot-5] [INFO] [1748620766.242326302] [spotrobot]: Wating for response
[spotrobot-5] [INFO] [1748620766.243150048] [spotrobot]: success
[spotrobot-5] [INFO] [1748620766.243490187] [spotrobot]: Doing a_authenticate_nurse
[spotrobot-5] [INFO] [1748620766.243792942] [spotrobot]: a_authenticate_nurse
[spotrobot-5] [INFO] [1748620766.244088494] [spotrobot]: Here first, waiting for nurse
[uvdrobot-4] [INFO] [1748620766.244695541] [uvdrobot]: I heard: "{"performative": "query", "sender": "spotrobot1", "receiver": "nurse_disinfected1", "content": "Ready|a_authenticate_nurse"}"
[spotrobot-5] [INFO] [1748620766.245012721] [spotrobot]: I heard: "{"performative": "query", "sender": "spotrobot1", "receiver": "nurse_disinfected1", "content": "Ready|a_authenticate_nurse"}"
[uvdrobot-4] [INFO] [1748620766.245128223] [uvdrobot]: And it is not for me
[spotrobot-5] [INFO] [1748620766.245545536] [spotrobot]: And it is not for me
[nurse_disinfect-3] [INFO] [1748620767.231012920] [nurse_disinfect]: I heard: "{"performative": "request", "sender": "Coordinator", "receiver": "uvdrobot1", "content": "Plan|a_authorize_disinfect,uvdrobot1,spotrobot1/a_navto,uvdrobot1,room1/a_disinfect_room,uvdrobot1,room1"}"
[nurse_disinfect-3] [INFO] [1748620767.231461857] [nurse_disinfect]: And it is not for me
[nurse_disinfect-3] [INFO] [1748620767.231922853] [nurse_disinfect]: I heard: "{"performative": "query", "sender": "uvdrobot1", "receiver": "spotrobot1", "content": "Ready|a_authorize_disinfect"}"
[nurse_disinfect-3] [INFO] [1748620767.232287781] [nurse_disinfect]: And it is not for me
[nurse_disinfect-3] [INFO] [1748620767.232888218] [nurse_disinfect]: I heard: "{"performative": "request", "sender": "Coordinator", "receiver": "spotrobot1", "content": "Plan|a_navto,spotrobot1,room1/a_open_door,spotrobot1,room1/a_approach_nurse,spotrobot1,nurse_disinfected1/a_authenticate_nurse,spotrobot1,nurse_disinfected1/a_authorize_patrol,spotrobot1,nurse_disinfected1/a_patrol_room,spotrobot1,room1/a_authorize_disinfect,uvdrobot1,spotrobot1"}"
[nurse_disinfect-3] [INFO] [1748620767.233197629] [nurse_disinfect]: And it is not for me
[nurse_disinfect-3] [INFO] [1748620767.233593690] [nurse_disinfect]: I heard: "{"performative": "query", "sender": "spotrobot1", "receiver": "nurse_disinfected1", "content": "Ready|a_authenticate_nurse"}"
[nurse_disinfect-3] [INFO] [1748620767.233903394] [nurse_disinfect]: And it is for me
[nurse_disinfect-3] [INFO] [1748620767.234201623] [nurse_disinfect]: No there yet
[nurse_disinfect-3] [INFO] [1748620767.235110572] [nurse_disinfect]: I heard: "{"performative": "request", "sender": "Coordinator", "receiver": "nurse_disinfected1", "content": "Plan|a_approach_nurse,spotrobot1,nurse_disinfected1/a_authenticate_nurse,spotrobot1,nurse_disinfected1/a_authorize_patrol,spotrobot1,nurse_disinfected1"}"
[nurse_disinfect-3] [INFO] [1748620767.235502145] [nurse_disinfect]: And it is for me
[nurse_disinfect-3] [INFO] [1748620767.236737886] [nurse_disinfect]: a_approach_nurse
[nurse_disinfect-3] [INFO] [1748620767.237068475] [nurse_disinfect]: a_authenticate_nurse
[nurse_disinfect-3] [INFO] [1748620767.237365157] [nurse_disinfect]: Doing a_authenticate_nurse
[nurse_disinfect-3] [INFO] [1748620767.237660699] [nurse_disinfect]: a_authenticate_nurse
[nurse_disinfect-3] [INFO] [1748620767.237955393] [nurse_disinfect]: Robot is waiting, send action message
[uvdrobot-4] [INFO] [1748620767.238621533] [uvdrobot]: I heard: "{"performative": "query", "sender": "nurse_disinfected1", "receiver": "spotrobot1", "content": "Done|a_authenticate_nurse"}"
[nurse_disinfect-3] [INFO] [1748620767.238675960] [nurse_disinfect]: I heard: "{"performative": "query", "sender": "nurse_disinfected1", "receiver": "spotrobot1", "content": "Done|a_authenticate_nurse"}"
[spotrobot-5] [INFO] [1748620767.238944399] [spotrobot]: I heard: "{"performative": "query", "sender": "nurse_disinfected1", "receiver": "spotrobot1", "content": "Done|a_authenticate_nurse"}"
[uvdrobot-4] [INFO] [1748620767.239134434] [uvdrobot]: And it is not for me
[nurse_disinfect-3] [INFO] [1748620767.239138795] [nurse_disinfect]: And it is not for me
[spotrobot-5] [INFO] [1748620767.239283227] [spotrobot]: And it is for me
[spotrobot-5] [INFO] [1748620767.239559752] [spotrobot]: Finished action
[spotrobot-5] [INFO] [1748620767.240043056] [spotrobot]: Doing a_authorize_patrol
[uvdrobot-4] [INFO] [1748620767.240086344] [uvdrobot]: I heard: "{"performative": "query", "sender": "spotrobot1", "receiver": "nurse_disinfected1", "content": "Done|a_authenticate_nurse"}"
[spotrobot-5] [INFO] [1748620767.240346509] [spotrobot]: a_authorize_patrol
[uvdrobot-4] [INFO] [1748620767.240432103] [uvdrobot]: And it is not for me
[nurse_disinfect-3] [INFO] [1748620767.240534400] [nurse_disinfect]: I heard: "{"performative": "query", "sender": "spotrobot1", "receiver": "nurse_disinfected1", "content": "Done|a_authenticate_nurse"}"
[spotrobot-5] [INFO] [1748620767.240597925] [spotrobot]: Here first, waiting for nurse
[nurse_disinfect-3] [INFO] [1748620767.241054741] [nurse_disinfect]: And it is for me
[spotrobot-5] [INFO] [1748620767.241304425] [spotrobot]: I heard: "{"performative": "query", "sender": "spotrobot1", "receiver": "nurse_disinfected1", "content": "Done|a_authenticate_nurse"}"
[uvdrobot-4] [INFO] [1748620767.241356736] [uvdrobot]: I heard: "{"performative": "query", "sender": "spotrobot1", "receiver": "nurse_disinfected1", "content": "Ready|a_authorize_patrol"}"
[nurse_disinfect-3] [INFO] [1748620767.241594542] [nurse_disinfect]: Finished action
[uvdrobot-4] [INFO] [1748620767.241748780] [uvdrobot]: And it is not for me
[spotrobot-5] [INFO] [1748620767.241923974] [spotrobot]: And it is not for me
[nurse_disinfect-3] [INFO] [1748620767.242047835] [nurse_disinfect]: a_authorize_patrol
[nurse_disinfect-3] [INFO] [1748620767.242348864] [nurse_disinfect]: Doing a_authorize_patrol
[uvdrobot-4] [INFO] [1748620767.242361673] [uvdrobot]: I heard: "{"performative": "query", "sender": "nurse_disinfected1", "receiver": "spotrobot1", "content": "Done|a_authenticate_nurse"}"
[spotrobot-5] [INFO] [1748620767.242516519] [spotrobot]: I heard: "{"performative": "query", "sender": "spotrobot1", "receiver": "nurse_disinfected1", "content": "Ready|a_authorize_patrol"}"
[nurse_disinfect-3] [INFO] [1748620767.242610595] [nurse_disinfect]: a_authorize_patrol
[uvdrobot-4] [INFO] [1748620767.242749918] [uvdrobot]: And it is not for me
[spotrobot-5] [INFO] [1748620767.242788989] [spotrobot]: And it is not for me
[nurse_disinfect-3] [INFO] [1748620767.242983754] [nurse_disinfect]: Here first, waiting for robot
[spotrobot-5] [INFO] [1748620767.243315873] [spotrobot]: I heard: "{"performative": "query", "sender": "nurse_disinfected1", "receiver": "spotrobot1", "content": "Done|a_authenticate_nurse"}"
[spotrobot-5] [INFO] [1748620767.243594604] [spotrobot]: And it is for me
[uvdrobot-4] [INFO] [1748620767.243672948] [uvdrobot]: I heard: "{"performative": "query", "sender": "nurse_disinfected1", "receiver": "spotrobot1", "content": "Ready|a_authorize_patrol"}"
[spotrobot-5] [INFO] [1748620767.243933905] [spotrobot]: Already finished action
[nurse_disinfect-3] [INFO] [1748620767.243956680] [nurse_disinfect]: I heard: "{"performative": "query", "sender": "spotrobot1", "receiver": "nurse_disinfected1", "content": "Ready|a_authorize_patrol"}"
[uvdrobot-4] [INFO] [1748620767.244005488] [uvdrobot]: And it is not for me
[nurse_disinfect-3] [INFO] [1748620767.244285477] [nurse_disinfect]: And it is for me
[nurse_disinfect-3] [INFO] [1748620767.244550593] [nurse_disinfect]: Ready to act
[spotrobot-5] [INFO] [1748620767.244578370] [spotrobot]: I heard: "{"performative": "query", "sender": "nurse_disinfected1", "receiver": "spotrobot1", "content": "Ready|a_authorize_patrol"}"
[spotrobot-5] [INFO] [1748620767.244869754] [spotrobot]: And it is for me
[uvdrobot-4] [INFO] [1748620767.245191031] [uvdrobot]: I heard: "{"performative": "query", "sender": "nurse_disinfected1", "receiver": "spotrobot1", "content": "Done|a_authorize_patrol"}"
[spotrobot-5] [INFO] [1748620767.245208489] [spotrobot]: Ready to act
[nurse_disinfect-3] [INFO] [1748620767.245438520] [nurse_disinfect]: I heard: "{"performative": "query", "sender": "nurse_disinfected1", "receiver": "spotrobot1", "content": "Done|a_authenticate_nurse"}"
[uvdrobot-4] [INFO] [1748620767.245529021] [uvdrobot]: And it is not for me
[spotrobot-5] [INFO] [1748620767.245876916] [spotrobot]: I heard: "{"performative": "query", "sender": "nurse_disinfected1", "receiver": "spotrobot1", "content": "Done|a_authorize_patrol"}"
[nurse_disinfect-3] [INFO] [1748620767.245932422] [nurse_disinfect]: And it is not for me
[uvdrobot-4] [INFO] [1748620767.246096297] [uvdrobot]: I heard: "{"performative": "query", "sender": "spotrobot1", "receiver": "nurse_disinfected1", "content": "Done|a_authorize_patrol"}"
[spotrobot-5] [INFO] [1748620767.246149226] [spotrobot]: And it is for me
[spotrobot-5] [INFO] [1748620767.246432954] [spotrobot]: Finished action
[uvdrobot-4] [INFO] [1748620767.246597205] [uvdrobot]: And it is not for me
[nurse_disinfect-3] [INFO] [1748620767.246686868] [nurse_disinfect]: I heard: "{"performative": "query", "sender": "nurse_disinfected1", "receiver": "spotrobot1", "content": "Ready|a_authorize_patrol"}"
[spotrobot-5] [INFO] [1748620767.246854944] [spotrobot]: Doing a_patrol_room
[nurse_disinfect-3] [INFO] [1748620767.247089699] [nurse_disinfect]: And it is not for me
[uvdrobot-4] [INFO] [1748620767.247150669] [uvdrobot]: I heard: "{"performative": "query", "sender": "spotrobot1", "receiver": "nurse_disinfected1", "content": "Done|a_authorize_patrol"}"
[spotrobot-5] [INFO] [1748620767.247195112] [spotrobot]: Wating for response
[uvdrobot-4] [INFO] [1748620767.247424261] [uvdrobot]: And it is not for me
[spotrobot-5] [INFO] [1748620767.247641381] [spotrobot]: I heard: "{"performative": "query", "sender": "spotrobot1", "receiver": "nurse_disinfected1", "content": "Done|a_authorize_patrol"}"
[nurse_disinfect-3] [INFO] [1748620767.247827974] [nurse_disinfect]: I heard: "{"performative": "query", "sender": "nurse_disinfected1", "receiver": "spotrobot1", "content": "Done|a_authorize_patrol"}"
[spotrobot-5] [INFO] [1748620767.247904450] [spotrobot]: And it is not for me
[nurse_disinfect-3] [INFO] [1748620767.248154574] [nurse_disinfect]: And it is not for me
[spotrobot-5] [INFO] [1748620767.248397598] [spotrobot]: I heard: "{"performative": "query", "sender": "spotrobot1", "receiver": "nurse_disinfected1", "content": "Done|a_authorize_patrol"}"
[nurse_disinfect-3] [INFO] [1748620767.248766523] [nurse_disinfect]: I heard: "{"performative": "query", "sender": "spotrobot1", "receiver": "nurse_disinfected1", "content": "Done|a_authorize_patrol"}"
[spotrobot-5] [INFO] [1748620767.248803616] [spotrobot]: And it is not for me
[nurse_disinfect-3] [INFO] [1748620767.249041209] [nurse_disinfect]: And it is for me
[nurse_disinfect-3] [INFO] [1748620767.249420072] [nurse_disinfect]: Finished action
[spotrobot-5] [INFO] [1748620767.250034130] [spotrobot]: success
[uvdrobot-4] [INFO] [1748620767.250280219] [uvdrobot]: I heard: "{"performative": "query", "sender": "nurse_disinfected1", "receiver": "spotrobot1", "content": "Done|a_authorize_patrol"}"
[spotrobot-5] [INFO] [1748620767.250396455] [spotrobot]: Doing a_authorize_disinfect
[nurse_disinfect-3] [INFO] [1748620767.250524642] [nurse_disinfect]: I heard: "{"performative": "query", "sender": "spotrobot1", "receiver": "nurse_disinfected1", "content": "Done|a_authorize_patrol"}"
[spotrobot-5] [INFO] [1748620767.250655188] [spotrobot]: a_authorize_disinfect
[uvdrobot-4] [INFO] [1748620767.250854868] [uvdrobot]: And it is not for me
[spotrobot-5] [INFO] [1748620767.251002842] [spotrobot]: Here first, waiting for spotrobot
[nurse_disinfect-3] [INFO] [1748620767.251032584] [nurse_disinfect]: And it is for me
[nurse_disinfect-3] [INFO] [1748620767.251510325] [nurse_disinfect]: Already finished action
[spotrobot-5] [INFO] [1748620767.251617997] [spotrobot]: I heard: "{"performative": "query", "sender": "nurse_disinfected1", "receiver": "spotrobot1", "content": "Done|a_authorize_patrol"}"
[spotrobot-5] [INFO] [1748620767.251978248] [spotrobot]: And it is for me
[uvdrobot-4] [INFO] [1748620767.252092929] [uvdrobot]: I heard: "{"performative": "query", "sender": "spotrobot1", "receiver": "uvdrobot1", "content": "Ready|a_authorize_disinfect"}"
[spotrobot-5] [INFO] [1748620767.252240705] [spotrobot]: Already finished action
[nurse_disinfect-3] [INFO] [1748620767.252484694] [nurse_disinfect]: I heard: "{"performative": "query", "sender": "nurse_disinfected1", "receiver": "spotrobot1", "content": "Done|a_authorize_patrol"}"
[uvdrobot-4] [INFO] [1748620767.252650447] [uvdrobot]: And it is for me
[spotrobot-5] [INFO] [1748620767.252804040] [spotrobot]: I heard: "{"performative": "query", "sender": "spotrobot1", "receiver": "uvdrobot1", "content": "Ready|a_authorize_disinfect"}"
[nurse_disinfect-3] [INFO] [1748620767.252993589] [nurse_disinfect]: And it is not for me
[spotrobot-5] [INFO] [1748620767.253095603] [spotrobot]: And it is not for me
[uvdrobot-4] [INFO] [1748620767.253166460] [uvdrobot]: Ready to act
[spotrobot-5] [INFO] [1748620767.253743382] [spotrobot]: I heard: "{"performative": "query", "sender": "uvdrobot1", "receiver": "spotrobot1", "content": "Done|a_authorize_disinfect"}"
[nurse_disinfect-3] [INFO] [1748620767.253920126] [nurse_disinfect]: I heard: "{"performative": "query", "sender": "spotrobot1", "receiver": "uvdrobot1", "content": "Ready|a_authorize_disinfect"}"
[spotrobot-5] [INFO] [1748620767.254005282] [spotrobot]: And it is for me
[uvdrobot-4] [INFO] [1748620767.254216004] [uvdrobot]: I heard: "{"performative": "query", "sender": "uvdrobot1", "receiver": "spotrobot1", "content": "Done|a_authorize_disinfect"}"
[spotrobot-5] [INFO] [1748620767.254271642] [spotrobot]: Finished action
[nurse_disinfect-3] [INFO] [1748620767.254414472] [nurse_disinfect]: And it is not for me
[uvdrobot-4] [INFO] [1748620767.254711934] [uvdrobot]: And it is not for me
[spotrobot-5] [INFO] [1748620767.254978293] [spotrobot]: I heard: "{"performative": "query", "sender": "spotrobot1", "receiver": "uvdrobot1", "content": "Done|a_authorize_disinfect"}"
[nurse_disinfect-3] [INFO] [1748620767.255316674] [nurse_disinfect]: I heard: "{"performative": "query", "sender": "uvdrobot1", "receiver": "spotrobot1", "content": "Done|a_authorize_disinfect"}"
[spotrobot-5] [INFO] [1748620767.255333406] [spotrobot]: And it is not for me
[uvdrobot-4] [INFO] [1748620767.255626959] [uvdrobot]: I heard: "{"performative": "query", "sender": "spotrobot1", "receiver": "uvdrobot1", "content": "Done|a_authorize_disinfect"}"
[nurse_disinfect-3] [INFO] [1748620767.255840870] [nurse_disinfect]: And it is not for me
[uvdrobot-4] [INFO] [1748620767.256198299] [uvdrobot]: And it is for me
[uvdrobot-4] [INFO] [1748620767.256731076] [uvdrobot]: Finished action
[nurse_disinfect-3] [INFO] [1748620767.256760864] [nurse_disinfect]: I heard: "{"performative": "query", "sender": "spotrobot1", "receiver": "uvdrobot1", "content": "Done|a_authorize_disinfect"}"
[nurse_disinfect-3] [INFO] [1748620767.257201005] [nurse_disinfect]: And it is not for me
[uvdrobot-4] [INFO] [1748620767.257370246] [uvdrobot]: Doing a_navto
[spotrobot-5] [INFO] [1748620767.257515476] [spotrobot]: I heard: "{"performative": "query", "sender": "uvdrobot1", "receiver": "spotrobot1", "content": "Done|a_authorize_disinfect"}"
[spotrobot-5] [INFO] [1748620767.257854540] [spotrobot]: And it is for me
[uvdrobot-4] [INFO] [1748620767.258048847] [uvdrobot]: Waiting for response
[nurse_disinfect-3] [INFO] [1748620767.258068821] [nurse_disinfect]: I heard: "{"performative": "query", "sender": "uvdrobot1", "receiver": "spotrobot1", "content": "Done|a_authorize_disinfect"}"
[spotrobot-5] [INFO] [1748620767.258113622] [spotrobot]: Already finished action
[nurse_disinfect-3] [INFO] [1748620767.258578479] [nurse_disinfect]: And it is not for me
[uvdrobot-4] [INFO] [1748620767.258877071] [uvdrobot]: I heard: "{"performative": "query", "sender": "uvdrobot1", "receiver": "spotrobot1", "content": "Done|a_authorize_disinfect"}"
[uvdrobot-4] [INFO] [1748620767.259426518] [uvdrobot]: And it is not for me
[uvdrobot-4] [INFO] [1748620767.261173822] [uvdrobot]: success
[uvdrobot-4] [INFO] [1748620767.261840297] [uvdrobot]: Doing a_disinfect_room
[uvdrobot-4] [INFO] [1748620767.262472424] [uvdrobot]: Waiting for response
[uvdrobot-4] [INFO] [1748620767.264262798] [uvdrobot]: success
[spotrobot-5] [INFO] [1748620767.266139033] [spotrobot]: Recebido sinal de desligamento do coordenador, finalizando...
[uvdrobot-4] [INFO] [1748620767.266165254] [uvdrobot]: Recebido sinal de desligamento do coordenador, finalizando...
[disinfect_environment-1] [INFO] [1748620767.266351334] [disinfect_environment]: Recebido sinal de desligamento do coordenador, finalizando...
[disinfect_planner-2] [INFO] [1748620767.266351948] [disinfect_planner]: Recebido sinal de desligamento do coordenador, finalizando...
[nurse_disinfect-3] [INFO] [1748620767.266374734] [nurse_disinfect]: Recebido sinal de desligamento do coordenador, finalizando...
[uvdrobot-4] [INFO] [1748620767.266493382] [Quitting]: Done
[spotrobot-5] [INFO] [1748620767.266516104] [Quitting]: Done
[disinfect_environment-1] [INFO] [1748620767.266867536] [Quitting]: Done
[disinfect_planner-2] [INFO] [1748620767.266924098] [Quitting]: Done
[nurse_disinfect-3] [INFO] [1748620767.266968204] [Quitting]: Done
[INFO] [disinfect_environment-1]: process has finished cleanly [pid 29236]
[INFO] [spotrobot-5]: process has finished cleanly [pid 29244]
[INFO] [nurse_disinfect-3]: process has finished cleanly [pid 29240]
[INFO] [uvdrobot-4]: process has finished cleanly [pid 29242]
