[INFO] [launch]: All log files can be found below /home/rafael/.ros/log/2025-05-30-12-56-43-437088-NotebookRafael-26545
[INFO] [launch]: Default logging verbosity is set to INFO
[INFO] [disinfect_environment-1]: process started with pid [26548]
[INFO] [disinfect_planner-2]: process started with pid [26550]
[INFO] [nurse_disinfect-3]: process started with pid [26552]
[INFO] [uvdrobot-4]: process started with pid [26554]
[INFO] [spotrobot-5]: process started with pid [26556]
[disinfect_environment-1] [INFO] [1748620603.697261748] [disinfect_environment]: Starting Environment server
[disinfect_environment-1] [INFO] [1748620603.701671001] [disinfect_environment]: Environment server started
[disinfect_planner-2] [INFO] [1748620604.251551109] [disinfect_planner]: Starting Planner server
[disinfect_planner-2] [INFO] [1748620604.255976282] [disinfect_planner]: Planner server started
[disinfect_planner-2] [INFO] [1748620604.430708794] [disinfect_planner]: Creating plan for: spotrobot1 uvdrobot1 nurse_disinfected1
[disinfect_planner-2] [INFO] [1748620604.432109948] [disinfect_planner]: a_navto,spotrobot1,room1
[disinfect_planner-2] [INFO] [1748620604.432417644] [disinfect_planner]: a_open_door,spotrobot1,room1
[disinfect_planner-2] [INFO] [1748620604.432760018] [disinfect_planner]: a_approach_nurse,spotrobot1,nurse_disinfected1
[disinfect_planner-2] [INFO] [1748620604.433055476] [disinfect_planner]: a_authenticate_nurse,spotrobot1,nurse_disinfected1
[disinfect_planner-2] [INFO] [1748620604.433352080] [disinfect_planner]: a_authorize_patrol,spotrobot1,nurse_disinfected1
[disinfect_planner-2] [INFO] [1748620604.433641018] [disinfect_planner]: a_patrol_room,spotrobot1,room1
[disinfect_planner-2] [INFO] [1748620604.433929303] [disinfect_planner]: a_authorize_disinfect,uvdrobot1,spotrobot1
[disinfect_planner-2] [INFO] [1748620604.434219973] [disinfect_planner]: a_navto,uvdrobot1,room1
[disinfect_planner-2] [INFO] [1748620604.434549939] [disinfect_planner]: a_disinfect_room,uvdrobot1,room1
[disinfect_planner-2] [INFO] [1748620604.434865235] [disinfect_planner]: Sending response
[uvdrobot-4] [INFO] [1748620604.438825615] [uvdrobot]: response.response uvdrobot1
[uvdrobot-4] [INFO] [1748620604.439208855] [uvdrobot]: My name is uvdrobot1
[uvdrobot-4] [INFO] [1748620604.439934688] [uvdrobot]: I heard: "{"performative": "request", "sender": "Coordinator", "receiver": "uvdrobot1", "content": "Plan|a_authorize_disinfect,uvdrobot1,spotrobot1/a_navto,uvdrobot1,room1/a_disinfect_room,uvdrobot1,room1"}"
[uvdrobot-4] [INFO] [1748620604.440258237] [uvdrobot]: And it is for me
[spotrobot-5] [INFO] [1748620604.440296911] [spotrobot]: response.response spotrobot1
[uvdrobot-4] [INFO] [1748620604.440681408] [uvdrobot]: Doing a_authorize_disinfect
[spotrobot-5] [INFO] [1748620604.440841282] [spotrobot]: My name is spotrobot1
[uvdrobot-4] [INFO] [1748620604.440942681] [uvdrobot]: a_authorize_disinfect
[uvdrobot-4] [INFO] [1748620604.441235395] [uvdrobot]: Here first, waiting for spotrobot
[spotrobot-5] [INFO] [1748620604.441855115] [spotrobot]: I heard: "{"performative": "request", "sender": "Coordinator", "receiver": "uvdrobot1", "content": "Plan|a_authorize_disinfect,uvdrobot1,spotrobot1/a_navto,uvdrobot1,room1/a_disinfect_room,uvdrobot1,room1"}"
[uvdrobot-4] [INFO] [1748620604.441997041] [uvdrobot]: I heard: "{"performative": "request", "sender": "Coordinator", "receiver": "spotrobot1", "content": "Plan|a_navto,spotrobot1,room1/a_open_door,spotrobot1,room1/a_approach_nurse,spotrobot1,nurse_disinfected1/a_authenticate_nurse,spotrobot1,nurse_disinfected1/a_authorize_patrol,spotrobot1,nurse_disinfected1/a_patrol_room,spotrobot1,room1/a_authorize_disinfect,uvdrobot1,spotrobot1"}"
[spotrobot-5] [INFO] [1748620604.442400699] [spotrobot]: And it is not for me
[uvdrobot-4] [INFO] [1748620604.442464364] [uvdrobot]: And it is not for me
[nurse_disinfect-3] [INFO] [1748620604.442848694] [nurse_disinfect]: response.response nurse_disinfected1
[uvdrobot-4] [INFO] [1748620604.443015351] [uvdrobot]: I heard: "{"performative": "query", "sender": "uvdrobot1", "receiver": "spotrobot1", "content": "Ready|a_authorize_disinfect"}"
[spotrobot-5] [INFO] [1748620604.443350373] [spotrobot]: I heard: "{"performative": "request", "sender": "Coordinator", "receiver": "spotrobot1", "content": "Plan|a_navto,spotrobot1,room1/a_open_door,spotrobot1,room1/a_approach_nurse,spotrobot1,nurse_disinfected1/a_authenticate_nurse,spotrobot1,nurse_disinfected1/a_authorize_patrol,spotrobot1,nurse_disinfected1/a_patrol_room,spotrobot1,room1/a_authorize_disinfect,uvdrobot1,spotrobot1"}"
[nurse_disinfect-3] [INFO] [1748620604.443359533] [nurse_disinfect]: My name is nurse_disinfected1
[uvdrobot-4] [INFO] [1748620604.443504735] [uvdrobot]: And it is not for me
[spotrobot-5] [INFO] [1748620604.443736056] [spotrobot]: And it is for me
[spotrobot-5] [INFO] [1748620604.444197056] [spotrobot]: Doing a_navto
[uvdrobot-4] [INFO] [1748620604.444453397] [uvdrobot]: I heard: "{"performative": "request", "sender": "Coordinator", "receiver": "nurse_disinfected1", "content": "Plan|a_approach_nurse,spotrobot1,nurse_disinfected1/a_authenticate_nurse,spotrobot1,nurse_disinfected1/a_authorize_patrol,spotrobot1,nurse_disinfected1"}"
[spotrobot-5] [INFO] [1748620604.444644389] [spotrobot]: Wating for response
[uvdrobot-4] [INFO] [1748620604.444954081] [uvdrobot]: And it is not for me
[spotrobot-5] [INFO] [1748620604.445134492] [spotrobot]: I heard: "{"performative": "request", "sender": "Coordinator", "receiver": "nurse_disinfected1", "content": "Plan|a_approach_nurse,spotrobot1,nurse_disinfected1/a_authenticate_nurse,spotrobot1,nurse_disinfected1/a_authorize_patrol,spotrobot1,nurse_disinfected1"}"
[spotrobot-5] [INFO] [1748620604.445445132] [spotrobot]: And it is not for me
[spotrobot-5] [INFO] [1748620604.445769173] [spotrobot]: I heard: "{"performative": "query", "sender": "uvdrobot1", "receiver": "spotrobot1", "content": "Ready|a_authorize_disinfect"}"
[spotrobot-5] [INFO] [1748620604.446097559] [spotrobot]: And it is for me
[spotrobot-5] [INFO] [1748620604.446429323] [spotrobot]: No there yet
[spotrobot-5] [INFO] [1748620604.447840830] [spotrobot]: success
[spotrobot-5] [INFO] [1748620604.448229030] [spotrobot]: Doing a_open_door
[spotrobot-5] [INFO] [1748620604.448623657] [spotrobot]: Wating for response
[spotrobot-5] [INFO] [1748620604.449689639] [spotrobot]: success
[spotrobot-5] [INFO] [1748620604.450093890] [spotrobot]: Doing a_approach_nurse
[spotrobot-5] [INFO] [1748620604.450459660] [spotrobot]: Wating for response
[spotrobot-5] [INFO] [1748620604.451131754] [spotrobot]: success
[spotrobot-5] [INFO] [1748620604.451505928] [spotrobot]: Doing a_authenticate_nurse
[spotrobot-5] [INFO] [1748620604.451845320] [spotrobot]: a_authenticate_nurse
[spotrobot-5] [INFO] [1748620604.452406283] [spotrobot]: Here first, waiting for nurse
[uvdrobot-4] [INFO] [1748620604.453034298] [uvdrobot]: I heard: "{"performative": "query", "sender": "spotrobot1", "receiver": "nurse_disinfected1", "content": "Ready|a_authenticate_nurse"}"
[uvdrobot-4] [INFO] [1748620604.453403693] [uvdrobot]: And it is not for me
[spotrobot-5] [INFO] [1748620604.453448329] [spotrobot]: I heard: "{"performative": "query", "sender": "spotrobot1", "receiver": "nurse_disinfected1", "content": "Ready|a_authenticate_nurse"}"
[spotrobot-5] [INFO] [1748620604.453957314] [spotrobot]: And it is not for me
[nurse_disinfect-3] [INFO] [1748620605.445187109] [nurse_disinfect]: I heard: "{"performative": "request", "sender": "Coordinator", "receiver": "uvdrobot1", "content": "Plan|a_authorize_disinfect,uvdrobot1,spotrobot1/a_navto,uvdrobot1,room1/a_disinfect_room,uvdrobot1,room1"}"
[nurse_disinfect-3] [INFO] [1748620605.445741353] [nurse_disinfect]: And it is not for me
[nurse_disinfect-3] [INFO] [1748620605.446615473] [nurse_disinfect]: I heard: "{"performative": "query", "sender": "uvdrobot1", "receiver": "spotrobot1", "content": "Ready|a_authorize_disinfect"}"
[nurse_disinfect-3] [INFO] [1748620605.447123331] [nurse_disinfect]: And it is not for me
[nurse_disinfect-3] [INFO] [1748620605.447729061] [nurse_disinfect]: I heard: "{"performative": "request", "sender": "Coordinator", "receiver": "spotrobot1", "content": "Plan|a_navto,spotrobot1,room1/a_open_door,spotrobot1,room1/a_approach_nurse,spotrobot1,nurse_disinfected1/a_authenticate_nurse,spotrobot1,nurse_disinfected1/a_authorize_patrol,spotrobot1,nurse_disinfected1/a_patrol_room,spotrobot1,room1/a_authorize_disinfect,uvdrobot1,spotrobot1"}"
[nurse_disinfect-3] [INFO] [1748620605.448046326] [nurse_disinfect]: And it is not for me
[nurse_disinfect-3] [INFO] [1748620605.448408641] [nurse_disinfect]: I heard: "{"performative": "query", "sender": "spotrobot1", "receiver": "nurse_disinfected1", "content": "Ready|a_authenticate_nurse"}"
[nurse_disinfect-3] [INFO] [1748620605.448721012] [nurse_disinfect]: And it is for me
[nurse_disinfect-3] [INFO] [1748620605.449064664] [nurse_disinfect]: No there yet
[nurse_disinfect-3] [INFO] [1748620605.449598464] [nurse_disinfect]: I heard: "{"performative": "request", "sender": "Coordinator", "receiver": "nurse_disinfected1", "content": "Plan|a_approach_nurse,spotrobot1,nurse_disinfected1/a_authenticate_nurse,spotrobot1,nurse_disinfected1/a_authorize_patrol,spotrobot1,nurse_disinfected1"}"
[nurse_disinfect-3] [INFO] [1748620605.449912786] [nurse_disinfect]: And it is for me
[nurse_disinfect-3] [INFO] [1748620605.451114392] [nurse_disinfect]: a_approach_nurse
[nurse_disinfect-3] [INFO] [1748620605.451446052] [nurse_disinfect]: a_authenticate_nurse
[nurse_disinfect-3] [INFO] [1748620605.451744966] [nurse_disinfect]: Doing a_authenticate_nurse
[nurse_disinfect-3] [INFO] [1748620605.452044362] [nurse_disinfect]: a_authenticate_nurse
[nurse_disinfect-3] [INFO] [1748620605.452341647] [nurse_disinfect]: Robot is waiting, send action message
[spotrobot-5] [INFO] [1748620605.452946005] [spotrobot]: I heard: "{"performative": "query", "sender": "nurse_disinfected1", "receiver": "spotrobot1", "content": "Done|a_authenticate_nurse"}"
[nurse_disinfect-3] [INFO] [1748620605.453034193] [nurse_disinfect]: I heard: "{"performative": "query", "sender": "nurse_disinfected1", "receiver": "spotrobot1", "content": "Done|a_authenticate_nurse"}"
[uvdrobot-4] [INFO] [1748620605.453195731] [uvdrobot]: I heard: "{"performative": "query", "sender": "nurse_disinfected1", "receiver": "spotrobot1", "content": "Done|a_authenticate_nurse"}"
[spotrobot-5] [INFO] [1748620605.453297673] [spotrobot]: And it is for me
[nurse_disinfect-3] [INFO] [1748620605.453305433] [nurse_disinfect]: And it is not for me
[spotrobot-5] [INFO] [1748620605.453559609] [spotrobot]: Finished action
[uvdrobot-4] [INFO] [1748620605.453815098] [uvdrobot]: And it is not for me
[spotrobot-5] [INFO] [1748620605.454014533] [spotrobot]: Doing a_authorize_patrol
[nurse_disinfect-3] [INFO] [1748620605.454067599] [nurse_disinfect]: I heard: "{"performative": "query", "sender": "spotrobot1", "receiver": "nurse_disinfected1", "content": "Done|a_authenticate_nurse"}"
[spotrobot-5] [INFO] [1748620605.454328240] [spotrobot]: a_authorize_patrol
[nurse_disinfect-3] [INFO] [1748620605.454346807] [nurse_disinfect]: And it is for me
[uvdrobot-4] [INFO] [1748620605.454348170] [uvdrobot]: I heard: "{"performative": "query", "sender": "spotrobot1", "receiver": "nurse_disinfected1", "content": "Done|a_authenticate_nurse"}"
[spotrobot-5] [INFO] [1748620605.454602281] [spotrobot]: Here first, waiting for nurse
[uvdrobot-4] [INFO] [1748620605.454628315] [uvdrobot]: And it is not for me
[nurse_disinfect-3] [INFO] [1748620605.454638187] [nurse_disinfect]: Finished action
[nurse_disinfect-3] [INFO] [1748620605.455109806] [nurse_disinfect]: a_authorize_patrol
[spotrobot-5] [INFO] [1748620605.455242015] [spotrobot]: I heard: "{"performative": "query", "sender": "spotrobot1", "receiver": "nurse_disinfected1", "content": "Done|a_authenticate_nurse"}"
[uvdrobot-4] [INFO] [1748620605.455362571] [uvdrobot]: I heard: "{"performative": "query", "sender": "spotrobot1", "receiver": "nurse_disinfected1", "content": "Ready|a_authorize_patrol"}"
[nurse_disinfect-3] [INFO] [1748620605.455404887] [nurse_disinfect]: Doing a_authorize_patrol
[spotrobot-5] [INFO] [1748620605.455517826] [spotrobot]: And it is not for me
[nurse_disinfect-3] [INFO] [1748620605.455663463] [nurse_disinfect]: a_authorize_patrol
[uvdrobot-4] [INFO] [1748620605.455768583] [uvdrobot]: And it is not for me
[nurse_disinfect-3] [INFO] [1748620605.455992700] [nurse_disinfect]: Here first, waiting for robot
[spotrobot-5] [INFO] [1748620605.456012444] [spotrobot]: I heard: "{"performative": "query", "sender": "spotrobot1", "receiver": "nurse_disinfected1", "content": "Ready|a_authorize_patrol"}"
[uvdrobot-4] [INFO] [1748620605.456291272] [uvdrobot]: I heard: "{"performative": "query", "sender": "nurse_disinfected1", "receiver": "spotrobot1", "content": "Done|a_authenticate_nurse"}"
[spotrobot-5] [INFO] [1748620605.456336277] [spotrobot]: And it is not for me
[uvdrobot-4] [INFO] [1748620605.456559719] [uvdrobot]: And it is not for me
[nurse_disinfect-3] [INFO] [1748620605.456841872] [nurse_disinfect]: I heard: "{"performative": "query", "sender": "spotrobot1", "receiver": "nurse_disinfected1", "content": "Ready|a_authorize_patrol"}"
[spotrobot-5] [INFO] [1748620605.456909259] [spotrobot]: I heard: "{"performative": "query", "sender": "nurse_disinfected1", "receiver": "spotrobot1", "content": "Done|a_authenticate_nurse"}"
[nurse_disinfect-3] [INFO] [1748620605.457122405] [nurse_disinfect]: And it is for me
[spotrobot-5] [INFO] [1748620605.457189149] [spotrobot]: And it is for me
[uvdrobot-4] [INFO] [1748620605.457330716] [uvdrobot]: I heard: "{"performative": "query", "sender": "nurse_disinfected1", "receiver": "spotrobot1", "content": "Ready|a_authorize_patrol"}"
[nurse_disinfect-3] [INFO] [1748620605.457377073] [nurse_disinfect]: Ready to act
[spotrobot-5] [INFO] [1748620605.457444403] [spotrobot]: Already finished action
[uvdrobot-4] [INFO] [1748620605.457694867] [uvdrobot]: And it is not for me
[nurse_disinfect-3] [INFO] [1748620605.458027076] [nurse_disinfect]: I heard: "{"performative": "query", "sender": "nurse_disinfected1", "receiver": "spotrobot1", "content": "Done|a_authenticate_nurse"}"
[spotrobot-5] [INFO] [1748620605.458185805] [spotrobot]: I heard: "{"performative": "query", "sender": "nurse_disinfected1", "receiver": "spotrobot1", "content": "Ready|a_authorize_patrol"}"
[uvdrobot-4] [INFO] [1748620605.458294937] [uvdrobot]: I heard: "{"performative": "query", "sender": "nurse_disinfected1", "receiver": "spotrobot1", "content": "Done|a_authorize_patrol"}"
[nurse_disinfect-3] [INFO] [1748620605.458299225] [nurse_disinfect]: And it is not for me
[spotrobot-5] [INFO] [1748620605.458717144] [spotrobot]: And it is for me
[uvdrobot-4] [INFO] [1748620605.458781339] [uvdrobot]: And it is not for me
[nurse_disinfect-3] [INFO] [1748620605.458922349] [nurse_disinfect]: I heard: "{"performative": "query", "sender": "nurse_disinfected1", "receiver": "spotrobot1", "content": "Ready|a_authorize_patrol"}"
[spotrobot-5] [INFO] [1748620605.459011344] [spotrobot]: Ready to act
[nurse_disinfect-3] [INFO] [1748620605.459425617] [nurse_disinfect]: And it is not for me
[spotrobot-5] [INFO] [1748620605.459660515] [spotrobot]: I heard: "{"performative": "query", "sender": "nurse_disinfected1", "receiver": "spotrobot1", "content": "Done|a_authorize_patrol"}"
[spotrobot-5] [INFO] [1748620605.459975754] [spotrobot]: And it is for me
[nurse_disinfect-3] [INFO] [1748620605.459993981] [nurse_disinfect]: I heard: "{"performative": "query", "sender": "nurse_disinfected1", "receiver": "spotrobot1", "content": "Done|a_authorize_patrol"}"
[uvdrobot-4] [INFO] [1748620605.460006370] [uvdrobot]: I heard: "{"performative": "query", "sender": "spotrobot1", "receiver": "nurse_disinfected1", "content": "Done|a_authorize_patrol"}"
[spotrobot-5] [INFO] [1748620605.460296350] [spotrobot]: Finished action
[nurse_disinfect-3] [INFO] [1748620605.460324080] [nurse_disinfect]: And it is not for me
[uvdrobot-4] [INFO] [1748620605.460495763] [uvdrobot]: And it is not for me
[spotrobot-5] [INFO] [1748620605.460747479] [spotrobot]: Doing a_patrol_room
[nurse_disinfect-3] [INFO] [1748620605.460923941] [nurse_disinfect]: I heard: "{"performative": "query", "sender": "spotrobot1", "receiver": "nurse_disinfected1", "content": "Done|a_authorize_patrol"}"
[spotrobot-5] [INFO] [1748620605.461278923] [spotrobot]: Wating for response
[nurse_disinfect-3] [INFO] [1748620605.461301636] [nurse_disinfect]: And it is for me
[uvdrobot-4] [INFO] [1748620605.461470196] [uvdrobot]: I heard: "{"performative": "query", "sender": "spotrobot1", "receiver": "nurse_disinfected1", "content": "Done|a_authorize_patrol"}"
[nurse_disinfect-3] [INFO] [1748620605.461585605] [nurse_disinfect]: Finished action
[spotrobot-5] [INFO] [1748620605.461859893] [spotrobot]: I heard: "{"performative": "query", "sender": "spotrobot1", "receiver": "nurse_disinfected1", "content": "Done|a_authorize_patrol"}"
[uvdrobot-4] [INFO] [1748620605.461975111] [uvdrobot]: And it is not for me
[nurse_disinfect-3] [INFO] [1748620605.462287190] [nurse_disinfect]: I heard: "{"performative": "query", "sender": "spotrobot1", "receiver": "nurse_disinfected1", "content": "Done|a_authorize_patrol"}"
[spotrobot-5] [INFO] [1748620605.462289017] [spotrobot]: And it is not for me
[nurse_disinfect-3] [INFO] [1748620605.462590466] [nurse_disinfect]: And it is for me
[nurse_disinfect-3] [INFO] [1748620605.462846468] [nurse_disinfect]: Already finished action
[spotrobot-5] [INFO] [1748620605.462924541] [spotrobot]: I heard: "{"performative": "query", "sender": "spotrobot1", "receiver": "nurse_disinfected1", "content": "Done|a_authorize_patrol"}"
[uvdrobot-4] [INFO] [1748620605.462939436] [uvdrobot]: I heard: "{"performative": "query", "sender": "nurse_disinfected1", "receiver": "spotrobot1", "content": "Done|a_authorize_patrol"}"
[spotrobot-5] [INFO] [1748620605.463193859] [spotrobot]: And it is not for me
[nurse_disinfect-3] [INFO] [1748620605.463419574] [nurse_disinfect]: I heard: "{"performative": "query", "sender": "nurse_disinfected1", "receiver": "spotrobot1", "content": "Done|a_authorize_patrol"}"
[uvdrobot-4] [INFO] [1748620605.463461472] [uvdrobot]: And it is not for me
[spotrobot-5] [INFO] [1748620605.463697752] [spotrobot]: I heard: "{"performative": "query", "sender": "nurse_disinfected1", "receiver": "spotrobot1", "content": "Done|a_authorize_patrol"}"
[nurse_disinfect-3] [INFO] [1748620605.463759089] [nurse_disinfect]: And it is not for me
[spotrobot-5] [INFO] [1748620605.463982260] [spotrobot]: And it is for me
[spotrobot-5] [INFO] [1748620605.464245956] [spotrobot]: Already finished action
[spotrobot-5] [INFO] [1748620605.464771466] [spotrobot]: success
[spotrobot-5] [INFO] [1748620605.465087879] [spotrobot]: Doing a_authorize_disinfect
[spotrobot-5] [INFO] [1748620605.465358986] [spotrobot]: a_authorize_disinfect
[spotrobot-5] [INFO] [1748620605.465779043] [spotrobot]: Here first, waiting for spotrobot
[uvdrobot-4] [INFO] [1748620605.466333290] [uvdrobot]: I heard: "{"performative": "query", "sender": "spotrobot1", "receiver": "uvdrobot1", "content": "Ready|a_authorize_disinfect"}"
[spotrobot-5] [INFO] [1748620605.466391785] [spotrobot]: I heard: "{"performative": "query", "sender": "spotrobot1", "receiver": "uvdrobot1", "content": "Ready|a_authorize_disinfect"}"
[nurse_disinfect-3] [INFO] [1748620605.466450321] [nurse_disinfect]: I heard: "{"performative": "query", "sender": "spotrobot1", "receiver": "uvdrobot1", "content": "Ready|a_authorize_disinfect"}"
[uvdrobot-4] [INFO] [1748620605.466684390] [uvdrobot]: And it is for me
[spotrobot-5] [INFO] [1748620605.466732105] [spotrobot]: And it is not for me
[nurse_disinfect-3] [INFO] [1748620605.466803220] [nurse_disinfect]: And it is not for me
[uvdrobot-4] [INFO] [1748620605.466961195] [uvdrobot]: Ready to act
[spotrobot-5] [INFO] [1748620605.467418443] [spotrobot]: I heard: "{"performative": "query", "sender": "uvdrobot1", "receiver": "spotrobot1", "content": "Done|a_authorize_disinfect"}"
[uvdrobot-4] [INFO] [1748620605.467587272] [uvdrobot]: I heard: "{"performative": "query", "sender": "uvdrobot1", "receiver": "spotrobot1", "content": "Done|a_authorize_disinfect"}"
[nurse_disinfect-3] [INFO] [1748620605.467704370] [nurse_disinfect]: I heard: "{"performative": "query", "sender": "uvdrobot1", "receiver": "spotrobot1", "content": "Done|a_authorize_disinfect"}"
[spotrobot-5] [INFO] [1748620605.467740364] [spotrobot]: And it is for me
[uvdrobot-4] [INFO] [1748620605.467862307] [uvdrobot]: And it is not for me
[spotrobot-5] [INFO] [1748620605.468011253] [spotrobot]: Finished action
[nurse_disinfect-3] [INFO] [1748620605.468095864] [nurse_disinfect]: And it is not for me
[uvdrobot-4] [INFO] [1748620605.468588480] [uvdrobot]: I heard: "{"performative": "query", "sender": "spotrobot1", "receiver": "uvdrobot1", "content": "Done|a_authorize_disinfect"}"
[spotrobot-5] [INFO] [1748620605.468629958] [spotrobot]: I heard: "{"performative": "query", "sender": "spotrobot1", "receiver": "uvdrobot1", "content": "Done|a_authorize_disinfect"}"
[nurse_disinfect-3] [INFO] [1748620605.468714237] [nurse_disinfect]: I heard: "{"performative": "query", "sender": "spotrobot1", "receiver": "uvdrobot1", "content": "Done|a_authorize_disinfect"}"
[uvdrobot-4] [INFO] [1748620605.468873282] [uvdrobot]: And it is for me
[spotrobot-5] [INFO] [1748620605.468898179] [spotrobot]: And it is not for me
[nurse_disinfect-3] [INFO] [1748620605.469066047] [nurse_disinfect]: And it is not for me
[uvdrobot-4] [INFO] [1748620605.469136420] [uvdrobot]: Finished action
[uvdrobot-4] [INFO] [1748620605.469561276] [uvdrobot]: Doing a_navto
[nurse_disinfect-3] [INFO] [1748620605.469813903] [nurse_disinfect]: I heard: "{"performative": "query", "sender": "uvdrobot1", "receiver": "spotrobot1", "content": "Done|a_authorize_disinfect"}"
[spotrobot-5] [INFO] [1748620605.469815636] [spotrobot]: I heard: "{"performative": "query", "sender": "uvdrobot1", "receiver": "spotrobot1", "content": "Done|a_authorize_disinfect"}"
[uvdrobot-4] [INFO] [1748620605.469948264] [uvdrobot]: Waiting for response
[spotrobot-5] [INFO] [1748620605.470147324] [spotrobot]: And it is for me
[nurse_disinfect-3] [INFO] [1748620605.470162324] [nurse_disinfect]: And it is not for me
[spotrobot-5] [INFO] [1748620605.470424839] [spotrobot]: Already finished action
[uvdrobot-4] [INFO] [1748620605.470458044] [uvdrobot]: I heard: "{"performative": "query", "sender": "uvdrobot1", "receiver": "spotrobot1", "content": "Done|a_authorize_disinfect"}"
[uvdrobot-4] [INFO] [1748620605.470745089] [uvdrobot]: And it is not for me
[uvdrobot-4] [INFO] [1748620605.471261162] [uvdrobot]: success
[uvdrobot-4] [INFO] [1748620605.471576137] [uvdrobot]: Doing a_disinfect_room
[uvdrobot-4] [INFO] [1748620605.471965416] [uvdrobot]: Waiting for response
[uvdrobot-4] [INFO] [1748620605.473007197] [uvdrobot]: success
[nurse_disinfect-3] [INFO] [1748620605.475725023] [nurse_disinfect]: Recebido sinal de desligamento do coordenador, finalizando...
[spotrobot-5] [INFO] [1748620605.475817874] [spotrobot]: Recebido sinal de desligamento do coordenador, finalizando...
[uvdrobot-4] [INFO] [1748620605.475836969] [uvdrobot]: Recebido sinal de desligamento do coordenador, finalizando...
[disinfect_environment-1] [INFO] [1748620605.475915231] [disinfect_environment]: Recebido sinal de desligamento do coordenador, finalizando...
[disinfect_planner-2] [INFO] [1748620605.476063090] [disinfect_planner]: Recebido sinal de desligamento do coordenador, finalizando...
[nurse_disinfect-3] [INFO] [1748620605.476217606] [Quitting]: Done
[spotrobot-5] [INFO] [1748620605.476327786] [Quitting]: Done
[uvdrobot-4] [INFO] [1748620605.476376817] [Quitting]: Done
[disinfect_environment-1] [INFO] [1748620605.476391601] [Quitting]: Done
[disinfect_planner-2] [INFO] [1748620605.476675452] [Quitting]: Done
[INFO] [disinfect_environment-1]: process has finished cleanly [pid 26548]
[INFO] [uvdrobot-4]: process has finished cleanly [pid 26554]
[INFO] [spotrobot-5]: process has finished cleanly [pid 26556]
[INFO] [nurse_disinfect-3]: process has finished cleanly [pid 26552]
[INFO] [disinfect_planner-2]: process has finished cleanly [pid 26550]
