[INFO] [launch]: All log files can be found below /home/rafael/.ros/log/2025-05-29-22-32-25-572934-NotebookRafael-108134
[INFO] [launch]: Default logging verbosity is set to INFO
[INFO] [disinfect_environment-1]: process started with pid [108137]
[INFO] [disinfect_planner-2]: process started with pid [108139]
[INFO] [nurse_disinfect-3]: process started with pid [108141]
[INFO] [uvdrobot-4]: process started with pid [108143]
[INFO] [spotrobot-5]: process started with pid [108145]
[disinfect_environment-1] [INFO] [1748568745.832272659] [disinfect_environment]: Starting Environment server
[disinfect_environment-1] [INFO] [1748568745.837706095] [disinfect_environment]: Environment server started
[disinfect_planner-2] [INFO] [1748568746.386206962] [disinfect_planner]: Starting Planner server
[disinfect_planner-2] [INFO] [1748568746.390415655] [disinfect_planner]: Planner server started
[disinfect_planner-2] [INFO] [1748568746.622055994] [disinfect_planner]: Creating plan for: spotrobot1 uvdrobot1 nurse_disinfected1
[disinfect_planner-2] [INFO] [1748568746.623467763] [disinfect_planner]: a_navto,spotrobot1,room1
[disinfect_planner-2] [INFO] [1748568746.623777059] [disinfect_planner]: a_open_door,spotrobot1,room1
[disinfect_planner-2] [INFO] [1748568746.624065128] [disinfect_planner]: a_approach_nurse,spotrobot1,nurse_disinfected1
[disinfect_planner-2] [INFO] [1748568746.624361891] [disinfect_planner]: a_authenticate_nurse,spotrobot1,nurse_disinfected1
[disinfect_planner-2] [INFO] [1748568746.624684423] [disinfect_planner]: a_authorize_patrol,spotrobot1,nurse_disinfected1
[disinfect_planner-2] [INFO] [1748568746.624977138] [disinfect_planner]: a_patrol_room,spotrobot1,room1
[disinfect_planner-2] [INFO] [1748568746.625268713] [disinfect_planner]: a_authorize_disinfect,uvdrobot1,spotrobot1
[disinfect_planner-2] [INFO] [1748568746.625557646] [disinfect_planner]: a_navto,uvdrobot1,room1
[disinfect_planner-2] [INFO] [1748568746.625908106] [disinfect_planner]: a_disinfect_room,uvdrobot1,room1
[disinfect_planner-2] [INFO] [1748568746.626319257] [disinfect_planner]: Sending response
[nurse_disinfect-3] [INFO] [1748568746.627891337] [nurse_disinfect]: response.response nurse_disinfected1
[nurse_disinfect-3] [INFO] [1748568746.628430035] [nurse_disinfect]: My name is nurse_disinfected1
[spotrobot-5] [INFO] [1748568746.628446521] [spotrobot]: response.response spotrobot1
[spotrobot-5] [INFO] [1748568746.628787802] [spotrobot]: My name is spotrobot1
[spotrobot-5] [INFO] [1748568746.629391087] [spotrobot]: I heard: "{"performative": "request", "sender": "Coordinator", "receiver": "uvdrobot1", "content": "Plan|a_authorize_disinfect,uvdrobot1,spotrobot1/a_navto,uvdrobot1,room1/a_disinfect_room,uvdrobot1,room1"}"
[spotrobot-5] [INFO] [1748568746.629715387] [spotrobot]: And it is not for me
[spotrobot-5] [INFO] [1748568746.630239870] [spotrobot]: I heard: "{"performative": "request", "sender": "Coordinator", "receiver": "spotrobot1", "content": "Plan|a_navto,spotrobot1,room1/a_open_door,spotrobot1,room1/a_approach_nurse,spotrobot1,nurse_disinfected1/a_authenticate_nurse,spotrobot1,nurse_disinfected1/a_authorize_patrol,spotrobot1,nurse_disinfected1/a_patrol_room,spotrobot1,room1/a_authorize_disinfect,uvdrobot1,spotrobot1"}"
[uvdrobot-4] [INFO] [1748568746.630260901] [uvdrobot]: response.response uvdrobot1
[spotrobot-5] [INFO] [1748568746.630588573] [spotrobot]: And it is for me
[uvdrobot-4] [INFO] [1748568746.630604623] [uvdrobot]: My name is uvdrobot1
[spotrobot-5] [INFO] [1748568746.630955690] [spotrobot]: Doing a_navto
[spotrobot-5] [INFO] [1748568746.631533957] [spotrobot]: Wating for response
[uvdrobot-4] [INFO] [1748568746.631538090] [uvdrobot]: I heard: "{"performative": "request", "sender": "Coordinator", "receiver": "uvdrobot1", "content": "Plan|a_authorize_disinfect,uvdrobot1,spotrobot1/a_navto,uvdrobot1,room1/a_disinfect_room,uvdrobot1,room1"}"
[uvdrobot-4] [INFO] [1748568746.631891135] [uvdrobot]: And it is for me
[spotrobot-5] [INFO] [1748568746.632045090] [spotrobot]: I heard: "{"performative": "request", "sender": "Coordinator", "receiver": "nurse_disinfected1", "content": "Plan|a_approach_nurse,spotrobot1,nurse_disinfected1/a_authenticate_nurse,spotrobot1,nurse_disinfected1/a_authorize_patrol,spotrobot1,nurse_disinfected1"}"
[uvdrobot-4] [INFO] [1748568746.632268838] [uvdrobot]: Doing a_authorize_disinfect
[spotrobot-5] [INFO] [1748568746.632328417] [spotrobot]: And it is not for me
[uvdrobot-4] [INFO] [1748568746.632580890] [uvdrobot]: a_authorize_disinfect
[uvdrobot-4] [INFO] [1748568746.632830037] [uvdrobot]: Here first, waiting for spotrobot
[spotrobot-5] [INFO] [1748568746.633008185] [spotrobot]: success
[spotrobot-5] [INFO] [1748568746.633320588] [spotrobot]: Doing a_open_door
[spotrobot-5] [INFO] [1748568746.633714036] [spotrobot]: Wating for response
[uvdrobot-4] [INFO] [1748568746.633837517] [uvdrobot]: I heard: "{"performative": "request", "sender": "Coordinator", "receiver": "spotrobot1", "content": "Plan|a_navto,spotrobot1,room1/a_open_door,spotrobot1,room1/a_approach_nurse,spotrobot1,nurse_disinfected1/a_authenticate_nurse,spotrobot1,nurse_disinfected1/a_authorize_patrol,spotrobot1,nurse_disinfected1/a_patrol_room,spotrobot1,room1/a_authorize_disinfect,uvdrobot1,spotrobot1"}"
[uvdrobot-4] [INFO] [1748568746.634231212] [uvdrobot]: And it is not for me
[spotrobot-5] [INFO] [1748568746.634536651] [spotrobot]: I heard: "{"performative": "query", "sender": "uvdrobot1", "receiver": "spotrobot1", "content": "Ready|a_authorize_disinfect"}"
[uvdrobot-4] [INFO] [1748568746.634570317] [uvdrobot]: I heard: "{"performative": "query", "sender": "uvdrobot1", "receiver": "spotrobot1", "content": "Ready|a_authorize_disinfect"}"
[uvdrobot-4] [INFO] [1748568746.634846032] [uvdrobot]: And it is not for me
[spotrobot-5] [INFO] [1748568746.634904271] [spotrobot]: And it is for me
[spotrobot-5] [INFO] [1748568746.635169744] [spotrobot]: No there yet
[uvdrobot-4] [INFO] [1748568746.635370724] [uvdrobot]: I heard: "{"performative": "request", "sender": "Coordinator", "receiver": "nurse_disinfected1", "content": "Plan|a_approach_nurse,spotrobot1,nurse_disinfected1/a_authenticate_nurse,spotrobot1,nurse_disinfected1/a_authorize_patrol,spotrobot1,nurse_disinfected1"}"
[uvdrobot-4] [INFO] [1748568746.635747543] [uvdrobot]: And it is not for me
[spotrobot-5] [INFO] [1748568746.635844941] [spotrobot]: success
[spotrobot-5] [INFO] [1748568746.636223242] [spotrobot]: Doing a_approach_nurse
[spotrobot-5] [INFO] [1748568746.636672620] [spotrobot]: Wating for response
[spotrobot-5] [INFO] [1748568746.637725681] [spotrobot]: success
[spotrobot-5] [INFO] [1748568746.638068682] [spotrobot]: Doing a_authenticate_nurse
[spotrobot-5] [INFO] [1748568746.638373123] [spotrobot]: a_authenticate_nurse
[spotrobot-5] [INFO] [1748568746.638689014] [spotrobot]: Here first, waiting for nurse
[uvdrobot-4] [INFO] [1748568746.639462539] [uvdrobot]: I heard: "{"performative": "query", "sender": "spotrobot1", "receiver": "nurse_disinfected1", "content": "Ready|a_authenticate_nurse"}"
[spotrobot-5] [INFO] [1748568746.639599951] [spotrobot]: I heard: "{"performative": "query", "sender": "spotrobot1", "receiver": "nurse_disinfected1", "content": "Ready|a_authenticate_nurse"}"
[uvdrobot-4] [INFO] [1748568746.639947435] [uvdrobot]: And it is not for me
[spotrobot-5] [INFO] [1748568746.640052037] [spotrobot]: And it is not for me
[nurse_disinfect-3] [INFO] [1748568747.630344450] [nurse_disinfect]: I heard: "{"performative": "request", "sender": "Coordinator", "receiver": "uvdrobot1", "content": "Plan|a_authorize_disinfect,uvdrobot1,spotrobot1/a_navto,uvdrobot1,room1/a_disinfect_room,uvdrobot1,room1"}"
[nurse_disinfect-3] [INFO] [1748568747.630696767] [nurse_disinfect]: And it is not for me
[nurse_disinfect-3] [INFO] [1748568747.631137636] [nurse_disinfect]: I heard: "{"performative": "query", "sender": "uvdrobot1", "receiver": "spotrobot1", "content": "Ready|a_authorize_disinfect"}"
[nurse_disinfect-3] [INFO] [1748568747.631461752] [nurse_disinfect]: And it is not for me
[nurse_disinfect-3] [INFO] [1748568747.631997228] [nurse_disinfect]: I heard: "{"performative": "request", "sender": "Coordinator", "receiver": "spotrobot1", "content": "Plan|a_navto,spotrobot1,room1/a_open_door,spotrobot1,room1/a_approach_nurse,spotrobot1,nurse_disinfected1/a_authenticate_nurse,spotrobot1,nurse_disinfected1/a_authorize_patrol,spotrobot1,nurse_disinfected1/a_patrol_room,spotrobot1,room1/a_authorize_disinfect,uvdrobot1,spotrobot1"}"
[nurse_disinfect-3] [INFO] [1748568747.632353855] [nurse_disinfect]: And it is not for me
[nurse_disinfect-3] [INFO] [1748568747.632718094] [nurse_disinfect]: I heard: "{"performative": "query", "sender": "spotrobot1", "receiver": "nurse_disinfected1", "content": "Ready|a_authenticate_nurse"}"
[nurse_disinfect-3] [INFO] [1748568747.633029813] [nurse_disinfect]: And it is for me
[nurse_disinfect-3] [INFO] [1748568747.633410834] [nurse_disinfect]: No there yet
[nurse_disinfect-3] [INFO] [1748568747.633978754] [nurse_disinfect]: I heard: "{"performative": "request", "sender": "Coordinator", "receiver": "nurse_disinfected1", "content": "Plan|a_approach_nurse,spotrobot1,nurse_disinfected1/a_authenticate_nurse,spotrobot1,nurse_disinfected1/a_authorize_patrol,spotrobot1,nurse_disinfected1"}"
[nurse_disinfect-3] [INFO] [1748568747.634353824] [nurse_disinfect]: And it is for me
[nurse_disinfect-3] [INFO] [1748568747.635863509] [nurse_disinfect]: a_approach_nurse
[nurse_disinfect-3] [INFO] [1748568747.636258208] [nurse_disinfect]: a_authenticate_nurse
[nurse_disinfect-3] [INFO] [1748568747.636563777] [nurse_disinfect]: Doing a_authenticate_nurse
[nurse_disinfect-3] [INFO] [1748568747.636866090] [nurse_disinfect]: a_authenticate_nurse
[nurse_disinfect-3] [INFO] [1748568747.637166855] [nurse_disinfect]: Robot is waiting, send action message
[nurse_disinfect-3] [INFO] [1748568747.637785245] [nurse_disinfect]: I heard: "{"performative": "query", "sender": "nurse_disinfected1", "receiver": "spotrobot1", "content": "Done|a_authenticate_nurse"}"
[spotrobot-5] [INFO] [1748568747.637787633] [spotrobot]: I heard: "{"performative": "query", "sender": "nurse_disinfected1", "receiver": "spotrobot1", "content": "Done|a_authenticate_nurse"}"
[uvdrobot-4] [INFO] [1748568747.637994210] [uvdrobot]: I heard: "{"performative": "query", "sender": "nurse_disinfected1", "receiver": "spotrobot1", "content": "Done|a_authenticate_nurse"}"
[spotrobot-5] [INFO] [1748568747.638121222] [spotrobot]: And it is for me
[nurse_disinfect-3] [INFO] [1748568747.638135151] [nurse_disinfect]: And it is not for me
[uvdrobot-4] [INFO] [1748568747.638408852] [uvdrobot]: And it is not for me
[spotrobot-5] [INFO] [1748568747.638644976] [spotrobot]: Finished action
[spotrobot-5] [INFO] [1748568747.639200015] [spotrobot]: Doing a_authorize_patrol
[uvdrobot-4] [INFO] [1748568747.639267211] [uvdrobot]: I heard: "{"performative": "query", "sender": "spotrobot1", "receiver": "nurse_disinfected1", "content": "Done|a_authenticate_nurse"}"
[spotrobot-5] [INFO] [1748568747.639519575] [spotrobot]: a_authorize_patrol
[nurse_disinfect-3] [INFO] [1748568747.639550381] [nurse_disinfect]: I heard: "{"performative": "query", "sender": "spotrobot1", "receiver": "nurse_disinfected1", "content": "Done|a_authenticate_nurse"}"
[uvdrobot-4] [INFO] [1748568747.639590928] [uvdrobot]: And it is not for me
[spotrobot-5] [INFO] [1748568747.639778177] [spotrobot]: Here first, waiting for nurse
[nurse_disinfect-3] [INFO] [1748568747.640002744] [nurse_disinfect]: And it is for me
[uvdrobot-4] [INFO] [1748568747.640355325] [uvdrobot]: I heard: "{"performative": "query", "sender": "spotrobot1", "receiver": "nurse_disinfected1", "content": "Ready|a_authorize_patrol"}"
[nurse_disinfect-3] [INFO] [1748568747.640546047] [nurse_disinfect]: Finished action
[spotrobot-5] [INFO] [1748568747.640577352] [spotrobot]: I heard: "{"performative": "query", "sender": "spotrobot1", "receiver": "nurse_disinfected1", "content": "Done|a_authenticate_nurse"}"
[uvdrobot-4] [INFO] [1748568747.640846625] [uvdrobot]: And it is not for me
[spotrobot-5] [INFO] [1748568747.641001980] [spotrobot]: And it is not for me
[nurse_disinfect-3] [INFO] [1748568747.641028671] [nurse_disinfect]: a_authorize_patrol
[nurse_disinfect-3] [INFO] [1748568747.641300334] [nurse_disinfect]: Doing a_authorize_patrol
[uvdrobot-4] [INFO] [1748568747.641406923] [uvdrobot]: I heard: "{"performative": "query", "sender": "nurse_disinfected1", "receiver": "spotrobot1", "content": "Done|a_authenticate_nurse"}"
[nurse_disinfect-3] [INFO] [1748568747.641552045] [nurse_disinfect]: a_authorize_patrol
[spotrobot-5] [INFO] [1748568747.641570906] [spotrobot]: I heard: "{"performative": "query", "sender": "spotrobot1", "receiver": "nurse_disinfected1", "content": "Ready|a_authorize_patrol"}"
[uvdrobot-4] [INFO] [1748568747.641720503] [uvdrobot]: And it is not for me
[nurse_disinfect-3] [INFO] [1748568747.641838392] [nurse_disinfect]: Here first, waiting for robot
[spotrobot-5] [INFO] [1748568747.641848227] [spotrobot]: And it is not for me
[uvdrobot-4] [INFO] [1748568747.642482441] [uvdrobot]: I heard: "{"performative": "query", "sender": "nurse_disinfected1", "receiver": "spotrobot1", "content": "Ready|a_authorize_patrol"}"
[nurse_disinfect-3] [INFO] [1748568747.642545485] [nurse_disinfect]: I heard: "{"performative": "query", "sender": "spotrobot1", "receiver": "nurse_disinfected1", "content": "Ready|a_authorize_patrol"}"
[spotrobot-5] [INFO] [1748568747.642650686] [spotrobot]: I heard: "{"performative": "query", "sender": "nurse_disinfected1", "receiver": "spotrobot1", "content": "Done|a_authenticate_nurse"}"
[nurse_disinfect-3] [INFO] [1748568747.642820992] [nurse_disinfect]: And it is for me
[spotrobot-5] [INFO] [1748568747.642983269] [spotrobot]: And it is for me
[nurse_disinfect-3] [INFO] [1748568747.643075276] [nurse_disinfect]: Ready to act
[uvdrobot-4] [INFO] [1748568747.643083659] [uvdrobot]: And it is not for me
[spotrobot-5] [INFO] [1748568747.643319346] [spotrobot]: Already finished action
[uvdrobot-4] [INFO] [1748568747.643584327] [uvdrobot]: I heard: "{"performative": "query", "sender": "nurse_disinfected1", "receiver": "spotrobot1", "content": "Done|a_authorize_patrol"}"
[uvdrobot-4] [INFO] [1748568747.643860328] [uvdrobot]: And it is not for me
[nurse_disinfect-3] [INFO] [1748568747.643888518] [nurse_disinfect]: I heard: "{"performative": "query", "sender": "nurse_disinfected1", "receiver": "spotrobot1", "content": "Done|a_authenticate_nurse"}"
[spotrobot-5] [INFO] [1748568747.644015352] [spotrobot]: I heard: "{"performative": "query", "sender": "nurse_disinfected1", "receiver": "spotrobot1", "content": "Ready|a_authorize_patrol"}"
[nurse_disinfect-3] [INFO] [1748568747.644233887] [nurse_disinfect]: And it is not for me
[spotrobot-5] [INFO] [1748568747.644292966] [spotrobot]: And it is for me
[spotrobot-5] [INFO] [1748568747.644592280] [spotrobot]: Ready to act
[nurse_disinfect-3] [INFO] [1748568747.644873045] [nurse_disinfect]: I heard: "{"performative": "query", "sender": "nurse_disinfected1", "receiver": "spotrobot1", "content": "Ready|a_authorize_patrol"}"
[nurse_disinfect-3] [INFO] [1748568747.645164898] [nurse_disinfect]: And it is not for me
[uvdrobot-4] [INFO] [1748568747.645282933] [uvdrobot]: I heard: "{"performative": "query", "sender": "spotrobot1", "receiver": "nurse_disinfected1", "content": "Done|a_authorize_patrol"}"
[spotrobot-5] [INFO] [1748568747.645346206] [spotrobot]: I heard: "{"performative": "query", "sender": "nurse_disinfected1", "receiver": "spotrobot1", "content": "Done|a_authorize_patrol"}"
[spotrobot-5] [INFO] [1748568747.645676530] [spotrobot]: And it is for me
[nurse_disinfect-3] [INFO] [1748568747.645750141] [nurse_disinfect]: I heard: "{"performative": "query", "sender": "nurse_disinfected1", "receiver": "spotrobot1", "content": "Done|a_authorize_patrol"}"
[uvdrobot-4] [INFO] [1748568747.645817735] [uvdrobot]: And it is not for me
[nurse_disinfect-3] [INFO] [1748568747.646073839] [nurse_disinfect]: And it is not for me
[spotrobot-5] [INFO] [1748568747.646095757] [spotrobot]: Finished action
[nurse_disinfect-3] [INFO] [1748568747.646700994] [nurse_disinfect]: I heard: "{"performative": "query", "sender": "spotrobot1", "receiver": "nurse_disinfected1", "content": "Done|a_authorize_patrol"}"
[spotrobot-5] [INFO] [1748568747.646717677] [spotrobot]: Doing a_patrol_room
[nurse_disinfect-3] [INFO] [1748568747.646981807] [nurse_disinfect]: And it is for me
[uvdrobot-4] [INFO] [1748568747.647031553] [uvdrobot]: I heard: "{"performative": "query", "sender": "spotrobot1", "receiver": "nurse_disinfected1", "content": "Done|a_authorize_patrol"}"
[nurse_disinfect-3] [INFO] [1748568747.647237002] [nurse_disinfect]: Finished action
[spotrobot-5] [INFO] [1748568747.647363461] [spotrobot]: Wating for response
[uvdrobot-4] [INFO] [1748568747.647407952] [uvdrobot]: And it is not for me
[uvdrobot-4] [INFO] [1748568747.647900353] [uvdrobot]: I heard: "{"performative": "query", "sender": "nurse_disinfected1", "receiver": "spotrobot1", "content": "Done|a_authorize_patrol"}"
[spotrobot-5] [INFO] [1748568747.648024394] [spotrobot]: I heard: "{"performative": "query", "sender": "spotrobot1", "receiver": "nurse_disinfected1", "content": "Done|a_authorize_patrol"}"
[nurse_disinfect-3] [INFO] [1748568747.648027121] [nurse_disinfect]: I heard: "{"performative": "query", "sender": "spotrobot1", "receiver": "nurse_disinfected1", "content": "Done|a_authorize_patrol"}"
[uvdrobot-4] [INFO] [1748568747.648172462] [uvdrobot]: And it is not for me
[spotrobot-5] [INFO] [1748568747.648300670] [spotrobot]: And it is not for me
[nurse_disinfect-3] [INFO] [1748568747.648560433] [nurse_disinfect]: And it is for me
[nurse_disinfect-3] [INFO] [1748568747.648836187] [nurse_disinfect]: Already finished action
[spotrobot-5] [INFO] [1748568747.649066300] [spotrobot]: I heard: "{"performative": "query", "sender": "spotrobot1", "receiver": "nurse_disinfected1", "content": "Done|a_authorize_patrol"}"
[nurse_disinfect-3] [INFO] [1748568747.649385626] [nurse_disinfect]: I heard: "{"performative": "query", "sender": "nurse_disinfected1", "receiver": "spotrobot1", "content": "Done|a_authorize_patrol"}"
[spotrobot-5] [INFO] [1748568747.649402756] [spotrobot]: And it is not for me
[nurse_disinfect-3] [INFO] [1748568747.649656815] [nurse_disinfect]: And it is not for me
[spotrobot-5] [INFO] [1748568747.649922295] [spotrobot]: I heard: "{"performative": "query", "sender": "nurse_disinfected1", "receiver": "spotrobot1", "content": "Done|a_authorize_patrol"}"
[spotrobot-5] [INFO] [1748568747.650261351] [spotrobot]: And it is for me
[spotrobot-5] [INFO] [1748568747.650601927] [spotrobot]: Already finished action
[spotrobot-5] [INFO] [1748568747.651124750] [spotrobot]: dirty room
[nurse_disinfect-3] [INFO] [1748568747.653413766] [nurse_disinfect]: I heard: "{"performative": "request", "sender": "Coordinator", "receiver": "spotrobot1", "content": "Reset"}"
[uvdrobot-4] [INFO] [1748568747.653464601] [uvdrobot]: I heard: "{"performative": "request", "sender": "Coordinator", "receiver": "spotrobot1", "content": "Reset"}"
[spotrobot-5] [INFO] [1748568747.653464119] [spotrobot]: I heard: "{"performative": "request", "sender": "Coordinator", "receiver": "spotrobot1", "content": "Reset"}"
[nurse_disinfect-3] [INFO] [1748568747.653746823] [nurse_disinfect]: And it is not for me
[spotrobot-5] [INFO] [1748568747.653889961] [spotrobot]: And it is for me
[uvdrobot-4] [INFO] [1748568747.653889988] [uvdrobot]: And it is not for me
[nurse_disinfect-3] [INFO] [1748568747.654351943] [nurse_disinfect]: I heard: "{"performative": "request", "sender": "Coordinator", "receiver": "uvdrobot1", "content": "Reset"}"
[nurse_disinfect-3] [INFO] [1748568747.654620217] [nurse_disinfect]: And it is not for me
[spotrobot-5] [INFO] [1748568747.654656683] [spotrobot]: I heard: "{"performative": "request", "sender": "Coordinator", "receiver": "uvdrobot1", "content": "Reset"}"
[uvdrobot-4] [INFO] [1748568747.654678419] [uvdrobot]: I heard: "{"performative": "request", "sender": "Coordinator", "receiver": "uvdrobot1", "content": "Reset"}"
[spotrobot-5] [INFO] [1748568747.655179106] [spotrobot]: And it is not for me
[uvdrobot-4] [INFO] [1748568747.655194939] [uvdrobot]: And it is for me
[nurse_disinfect-3] [INFO] [1748568747.655368258] [nurse_disinfect]: I heard: "{"performative": "request", "sender": "Coordinator", "receiver": "nurse_disinfected1", "content": "Reset"}"
[spotrobot-5] [INFO] [1748568747.655713376] [spotrobot]: 
[uvdrobot-4] [INFO] [1748568747.655755996] [uvdrobot]: I heard: "{"performative": "request", "sender": "Coordinator", "receiver": "nurse_disinfected1", "content": "Reset"}"
[nurse_disinfect-3] [INFO] [1748568747.655871936] [nurse_disinfect]: And it is for me
[uvdrobot-4] [INFO] [1748568747.656118859] [uvdrobot]: And it is not for me
[spotrobot-5] [INFO] [1748568747.656597259] [spotrobot]: I heard: "{"performative": "request", "sender": "Coordinator", "receiver": "nurse_disinfected1", "content": "Reset"}"
[spotrobot-5] [INFO] [1748568747.657073134] [spotrobot]: And it is not for me
[disinfect_planner-2] [INFO] [1748568747.658173873] [disinfect_planner]: Creating plan for: spotrobot1 uvdrobot1 nurse_disinfected1
[disinfect_planner-2] [INFO] [1748568747.659115780] [disinfect_planner]: a_navto,spotrobot1,room1
[disinfect_planner-2] [INFO] [1748568747.659446712] [disinfect_planner]: a_approach_nurse,spotrobot1,nurse_disinfected1
[disinfect_planner-2] [INFO] [1748568747.659706472] [disinfect_planner]: a_authenticate_nurse,spotrobot1,nurse_disinfected1
[disinfect_planner-2] [INFO] [1748568747.660019757] [disinfect_planner]: a_clean_room,nurse_disinfected1,room1
[disinfect_planner-2] [INFO] [1748568747.660325146] [disinfect_planner]: a_authorize_patrol,spotrobot1,nurse_disinfected1
[disinfect_planner-2] [INFO] [1748568747.660670458] [disinfect_planner]: a_patrol_room,spotrobot1,room1
[disinfect_planner-2] [INFO] [1748568747.660978694] [disinfect_planner]: a_authorize_disinfect,uvdrobot1,spotrobot1
[disinfect_planner-2] [INFO] [1748568747.661285411] [disinfect_planner]: a_navto,uvdrobot1,room1
[disinfect_planner-2] [INFO] [1748568747.661587392] [disinfect_planner]: a_disinfect_room,uvdrobot1,room1
[disinfect_planner-2] [INFO] [1748568747.661892666] [disinfect_planner]: Sending response
[nurse_disinfect-3] [INFO] [1748568747.663898420] [nurse_disinfect]: I heard: "{"performative": "request", "sender": "Coordinator", "receiver": "spotrobot1", "content": "Plan|a_navto,spotrobot1,room1/a_approach_nurse,spotrobot1,nurse_disinfected1/a_authenticate_nurse,spotrobot1,nurse_disinfected1/a_authorize_patrol,spotrobot1,nurse_disinfected1/a_patrol_room,spotrobot1,room1/a_authorize_disinfect,uvdrobot1,spotrobot1"}"
[uvdrobot-4] [INFO] [1748568747.663921984] [uvdrobot]: I heard: "{"performative": "request", "sender": "Coordinator", "receiver": "spotrobot1", "content": "Plan|a_navto,spotrobot1,room1/a_approach_nurse,spotrobot1,nurse_disinfected1/a_authenticate_nurse,spotrobot1,nurse_disinfected1/a_authorize_patrol,spotrobot1,nurse_disinfected1/a_patrol_room,spotrobot1,room1/a_authorize_disinfect,uvdrobot1,spotrobot1"}"
[spotrobot-5] [INFO] [1748568747.663986285] [spotrobot]: I heard: "{"performative": "request", "sender": "Coordinator", "receiver": "spotrobot1", "content": "Plan|a_navto,spotrobot1,room1/a_approach_nurse,spotrobot1,nurse_disinfected1/a_authenticate_nurse,spotrobot1,nurse_disinfected1/a_authorize_patrol,spotrobot1,nurse_disinfected1/a_patrol_room,spotrobot1,room1/a_authorize_disinfect,uvdrobot1,spotrobot1"}"
[uvdrobot-4] [INFO] [1748568747.664295962] [uvdrobot]: And it is not for me
[nurse_disinfect-3] [INFO] [1748568747.664303902] [nurse_disinfect]: And it is not for me
[spotrobot-5] [INFO] [1748568747.664483973] [spotrobot]: And it is for me
[uvdrobot-4] [INFO] [1748568747.664831637] [uvdrobot]: I heard: "{"performative": "request", "sender": "Coordinator", "receiver": "uvdrobot1", "content": "Plan|a_authorize_disinfect,uvdrobot1,spotrobot1/a_navto,uvdrobot1,room1/a_disinfect_room,uvdrobot1,room1"}"
[nurse_disinfect-3] [INFO] [1748568747.664942405] [nurse_disinfect]: I heard: "{"performative": "request", "sender": "Coordinator", "receiver": "uvdrobot1", "content": "Plan|a_authorize_disinfect,uvdrobot1,spotrobot1/a_navto,uvdrobot1,room1/a_disinfect_room,uvdrobot1,room1"}"
[spotrobot-5] [INFO] [1748568747.665036677] [spotrobot]: Doing a_navto
[uvdrobot-4] [INFO] [1748568747.665115308] [uvdrobot]: And it is for me
[nurse_disinfect-3] [INFO] [1748568747.665236317] [nurse_disinfect]: And it is not for me
[uvdrobot-4] [INFO] [1748568747.665415760] [uvdrobot]: Doing a_authorize_disinfect
[uvdrobot-4] [INFO] [1748568747.665674827] [uvdrobot]: a_authorize_disinfect
[spotrobot-5] [INFO] [1748568747.665717353] [spotrobot]: Wating for response
[nurse_disinfect-3] [INFO] [1748568747.665772410] [nurse_disinfect]: I heard: "{"performative": "request", "sender": "Coordinator", "receiver": "nurse_disinfected1", "content": "Plan|a_approach_nurse,spotrobot1,nurse_disinfected1/a_authenticate_nurse,spotrobot1,nurse_disinfected1/a_clean_room,nurse_disinfected1,room1/a_authorize_patrol,spotrobot1,nurse_disinfected1"}"
[uvdrobot-4] [INFO] [1748568747.666007619] [uvdrobot]: Here first, waiting for spotrobot
[nurse_disinfect-3] [INFO] [1748568747.666067329] [nurse_disinfect]: And it is for me
[spotrobot-5] [INFO] [1748568747.666440858] [spotrobot]: I heard: "{"performative": "request", "sender": "Coordinator", "receiver": "uvdrobot1", "content": "Plan|a_authorize_disinfect,uvdrobot1,spotrobot1/a_navto,uvdrobot1,room1/a_disinfect_room,uvdrobot1,room1"}"
[nurse_disinfect-3] [INFO] [1748568747.666423633] [nurse_disinfect]: a_approach_nurse
[spotrobot-5] [INFO] [1748568747.666726019] [spotrobot]: And it is not for me
[nurse_disinfect-3] [INFO] [1748568747.666819300] [nurse_disinfect]: a_authenticate_nurse
[uvdrobot-4] [INFO] [1748568747.666895669] [uvdrobot]: I heard: "{"performative": "request", "sender": "Coordinator", "receiver": "nurse_disinfected1", "content": "Plan|a_approach_nurse,spotrobot1,nurse_disinfected1/a_authenticate_nurse,spotrobot1,nurse_disinfected1/a_clean_room,nurse_disinfected1,room1/a_authorize_patrol,spotrobot1,nurse_disinfected1"}"
[nurse_disinfect-3] [INFO] [1748568747.667079307] [nurse_disinfect]: Doing a_authenticate_nurse
[uvdrobot-4] [INFO] [1748568747.667259699] [uvdrobot]: And it is not for me
[spotrobot-5] [INFO] [1748568747.667265643] [spotrobot]: I heard: "{"performative": "request", "sender": "Coordinator", "receiver": "nurse_disinfected1", "content": "Plan|a_approach_nurse,spotrobot1,nurse_disinfected1/a_authenticate_nurse,spotrobot1,nurse_disinfected1/a_clean_room,nurse_disinfected1,room1/a_authorize_patrol,spotrobot1,nurse_disinfected1"}"
[nurse_disinfect-3] [INFO] [1748568747.667328540] [nurse_disinfect]: a_authenticate_nurse
[spotrobot-5] [INFO] [1748568747.667550443] [spotrobot]: And it is not for me
[nurse_disinfect-3] [INFO] [1748568747.667628698] [nurse_disinfect]: Here first, waiting for robot
[uvdrobot-4] [INFO] [1748568747.667853912] [uvdrobot]: I heard: "{"performative": "query", "sender": "uvdrobot1", "receiver": "spotrobot1", "content": "Ready|a_authorize_disinfect"}"
[spotrobot-5] [INFO] [1748568747.667870648] [spotrobot]: I heard: "{"performative": "query", "sender": "uvdrobot1", "receiver": "spotrobot1", "content": "Ready|a_authorize_disinfect"}"
[spotrobot-5] [INFO] [1748568747.668129165] [spotrobot]: And it is for me
[uvdrobot-4] [INFO] [1748568747.668218180] [uvdrobot]: And it is not for me
[nurse_disinfect-3] [INFO] [1748568747.668275051] [nurse_disinfect]: I heard: "{"performative": "query", "sender": "uvdrobot1", "receiver": "spotrobot1", "content": "Ready|a_authorize_disinfect"}"
[spotrobot-5] [INFO] [1748568747.668373889] [spotrobot]: No there yet
[nurse_disinfect-3] [INFO] [1748568747.668603335] [nurse_disinfect]: And it is not for me
[spotrobot-5] [INFO] [1748568747.668720056] [spotrobot]: success
[uvdrobot-4] [INFO] [1748568747.668830456] [uvdrobot]: I heard: "{"performative": "query", "sender": "nurse_disinfected1", "receiver": "spotrobot1", "content": "Ready|a_authenticate_nurse"}"
[spotrobot-5] [INFO] [1748568747.669084864] [spotrobot]: Doing a_approach_nurse
[uvdrobot-4] [INFO] [1748568747.669121901] [uvdrobot]: And it is not for me
[nurse_disinfect-3] [INFO] [1748568747.669175915] [nurse_disinfect]: I heard: "{"performative": "query", "sender": "nurse_disinfected1", "receiver": "spotrobot1", "content": "Ready|a_authenticate_nurse"}"
[spotrobot-5] [INFO] [1748568747.669471714] [spotrobot]: Wating for response
[nurse_disinfect-3] [INFO] [1748568747.669593405] [nurse_disinfect]: And it is not for me
[spotrobot-5] [INFO] [1748568747.670146921] [spotrobot]: I heard: "{"performative": "query", "sender": "nurse_disinfected1", "receiver": "spotrobot1", "content": "Ready|a_authenticate_nurse"}"
[spotrobot-5] [INFO] [1748568747.670644676] [spotrobot]: And it is for me
[spotrobot-5] [INFO] [1748568747.671130243] [spotrobot]: No there yet
[spotrobot-5] [INFO] [1748568747.672617707] [spotrobot]: success
[spotrobot-5] [INFO] [1748568747.673017751] [spotrobot]: Doing a_authenticate_nurse
[spotrobot-5] [INFO] [1748568747.673290230] [spotrobot]: a_authenticate_nurse
[spotrobot-5] [INFO] [1748568747.673787244] [spotrobot]: Nurse is waiting, send action message
[uvdrobot-4] [INFO] [1748568747.674504381] [uvdrobot]: I heard: "{"performative": "query", "sender": "spotrobot1", "receiver": "nurse_disinfected1", "content": "Done|a_authenticate_nurse"}"
[nurse_disinfect-3] [INFO] [1748568747.674509658] [nurse_disinfect]: I heard: "{"performative": "query", "sender": "spotrobot1", "receiver": "nurse_disinfected1", "content": "Done|a_authenticate_nurse"}"
[spotrobot-5] [INFO] [1748568747.674523231] [spotrobot]: I heard: "{"performative": "query", "sender": "spotrobot1", "receiver": "nurse_disinfected1", "content": "Done|a_authenticate_nurse"}"
[nurse_disinfect-3] [INFO] [1748568747.674811601] [nurse_disinfect]: And it is for me
[uvdrobot-4] [INFO] [1748568747.674819745] [uvdrobot]: And it is not for me
[spotrobot-5] [INFO] [1748568747.675057957] [spotrobot]: And it is not for me
[nurse_disinfect-3] [INFO] [1748568747.675074038] [nurse_disinfect]: Finished action
[nurse_disinfect-3] [INFO] [1748568747.675558067] [nurse_disinfect]: a_clean_room
[uvdrobot-4] [INFO] [1748568747.675683422] [uvdrobot]: I heard: "{"performative": "query", "sender": "nurse_disinfected1", "receiver": "spotrobot1", "content": "Done|a_authenticate_nurse"}"
[nurse_disinfect-3] [INFO] [1748568747.675849606] [nurse_disinfect]: Doing a_clean_room
[spotrobot-5] [INFO] [1748568747.675960691] [spotrobot]: I heard: "{"performative": "query", "sender": "nurse_disinfected1", "receiver": "spotrobot1", "content": "Done|a_authenticate_nurse"}"
[uvdrobot-4] [INFO] [1748568747.676086417] [uvdrobot]: And it is not for me
[nurse_disinfect-3] [INFO] [1748568747.676376027] [nurse_disinfect]: Waiting for response
[spotrobot-5] [INFO] [1748568747.676561643] [spotrobot]: And it is for me
[spotrobot-5] [INFO] [1748568747.676849822] [spotrobot]: Finished action
[nurse_disinfect-3] [INFO] [1748568747.676873753] [nurse_disinfect]: I heard: "{"performative": "query", "sender": "nurse_disinfected1", "receiver": "spotrobot1", "content": "Done|a_authenticate_nurse"}"
[nurse_disinfect-3] [INFO] [1748568747.677294375] [nurse_disinfect]: And it is not for me
[spotrobot-5] [INFO] [1748568747.677323382] [spotrobot]: Doing a_authorize_patrol
[uvdrobot-4] [INFO] [1748568747.677424502] [uvdrobot]: I heard: "{"performative": "query", "sender": "spotrobot1", "receiver": "nurse_disinfected1", "content": "Done|a_authenticate_nurse"}"
[spotrobot-5] [INFO] [1748568747.677594760] [spotrobot]: a_authorize_patrol
[uvdrobot-4] [INFO] [1748568747.677716535] [uvdrobot]: And it is not for me
[nurse_disinfect-3] [INFO] [1748568747.677819135] [nurse_disinfect]: I heard: "{"performative": "query", "sender": "spotrobot1", "receiver": "nurse_disinfected1", "content": "Done|a_authenticate_nurse"}"
[spotrobot-5] [INFO] [1748568747.677845512] [spotrobot]: Here first, waiting for nurse
[nurse_disinfect-3] [INFO] [1748568747.678192249] [nurse_disinfect]: And it is for me
[uvdrobot-4] [INFO] [1748568747.678426352] [uvdrobot]: I heard: "{"performative": "query", "sender": "spotrobot1", "receiver": "nurse_disinfected1", "content": "Ready|a_authorize_patrol"}"
[nurse_disinfect-3] [INFO] [1748568747.678465345] [nurse_disinfect]: Already finished action
[uvdrobot-4] [INFO] [1748568747.678743434] [uvdrobot]: And it is not for me
[spotrobot-5] [INFO] [1748568747.678764781] [spotrobot]: I heard: "{"performative": "query", "sender": "spotrobot1", "receiver": "nurse_disinfected1", "content": "Done|a_authenticate_nurse"}"
[nurse_disinfect-3] [INFO] [1748568747.678958164] [nurse_disinfect]: I heard: "{"performative": "query", "sender": "spotrobot1", "receiver": "nurse_disinfected1", "content": "Ready|a_authorize_patrol"}"
[spotrobot-5] [INFO] [1748568747.679157980] [spotrobot]: And it is not for me
[nurse_disinfect-3] [INFO] [1748568747.679222081] [nurse_disinfect]: And it is for me
[nurse_disinfect-3] [INFO] [1748568747.679534854] [nurse_disinfect]: No there yet
[spotrobot-5] [INFO] [1748568747.679743280] [spotrobot]: I heard: "{"performative": "query", "sender": "spotrobot1", "receiver": "nurse_disinfected1", "content": "Ready|a_authorize_patrol"}"
[nurse_disinfect-3] [INFO] [1748568747.679937982] [nurse_disinfect]: success
[spotrobot-5] [INFO] [1748568747.680018958] [spotrobot]: And it is not for me
[nurse_disinfect-3] [INFO] [1748568747.680273897] [nurse_disinfect]: a_authorize_patrol
[nurse_disinfect-3] [INFO] [1748568747.680529737] [nurse_disinfect]: Doing a_authorize_patrol
[nurse_disinfect-3] [INFO] [1748568747.680783773] [nurse_disinfect]: a_authorize_patrol
[nurse_disinfect-3] [INFO] [1748568747.681035939] [nurse_disinfect]: Robot is waiting, send action message
[spotrobot-5] [INFO] [1748568747.681625482] [spotrobot]: I heard: "{"performative": "query", "sender": "nurse_disinfected1", "receiver": "spotrobot1", "content": "Done|a_authorize_patrol"}"
[nurse_disinfect-3] [INFO] [1748568747.681691443] [nurse_disinfect]: I heard: "{"performative": "query", "sender": "nurse_disinfected1", "receiver": "spotrobot1", "content": "Done|a_authorize_patrol"}"
[uvdrobot-4] [INFO] [1748568747.681704390] [uvdrobot]: I heard: "{"performative": "query", "sender": "nurse_disinfected1", "receiver": "spotrobot1", "content": "Done|a_authorize_patrol"}"
[uvdrobot-4] [INFO] [1748568747.681985583] [uvdrobot]: And it is not for me
[nurse_disinfect-3] [INFO] [1748568747.682012873] [nurse_disinfect]: And it is not for me
[spotrobot-5] [INFO] [1748568747.682199733] [spotrobot]: And it is for me
[spotrobot-5] [INFO] [1748568747.682488188] [spotrobot]: Finished action
[spotrobot-5] [INFO] [1748568747.682955767] [spotrobot]: Doing a_patrol_room
[uvdrobot-4] [INFO] [1748568747.683045309] [uvdrobot]: I heard: "{"performative": "query", "sender": "spotrobot1", "receiver": "nurse_disinfected1", "content": "Done|a_authorize_patrol"}"
[nurse_disinfect-3] [INFO] [1748568747.683128399] [nurse_disinfect]: I heard: "{"performative": "query", "sender": "spotrobot1", "receiver": "nurse_disinfected1", "content": "Done|a_authorize_patrol"}"
[uvdrobot-4] [INFO] [1748568747.683325230] [uvdrobot]: And it is not for me
[nurse_disinfect-3] [INFO] [1748568747.683465662] [nurse_disinfect]: And it is for me
[spotrobot-5] [INFO] [1748568747.683561399] [spotrobot]: Wating for response
[nurse_disinfect-3] [INFO] [1748568747.683794012] [nurse_disinfect]: Finished action
[spotrobot-5] [INFO] [1748568747.684099257] [spotrobot]: I heard: "{"performative": "query", "sender": "spotrobot1", "receiver": "nurse_disinfected1", "content": "Done|a_authorize_patrol"}"
[uvdrobot-4] [INFO] [1748568747.684349184] [uvdrobot]: I heard: "{"performative": "query", "sender": "nurse_disinfected1", "receiver": "spotrobot1", "content": "Done|a_authorize_patrol"}"
[spotrobot-5] [INFO] [1748568747.684379549] [spotrobot]: And it is not for me
[nurse_disinfect-3] [INFO] [1748568747.684594089] [nurse_disinfect]: I heard: "{"performative": "query", "sender": "nurse_disinfected1", "receiver": "spotrobot1", "content": "Done|a_authorize_patrol"}"
[uvdrobot-4] [INFO] [1748568747.684767917] [uvdrobot]: And it is not for me
[nurse_disinfect-3] [INFO] [1748568747.684874418] [nurse_disinfect]: And it is not for me
[spotrobot-5] [INFO] [1748568747.685132990] [spotrobot]: I heard: "{"performative": "query", "sender": "nurse_disinfected1", "receiver": "spotrobot1", "content": "Done|a_authorize_patrol"}"
[spotrobot-5] [INFO] [1748568747.685701233] [spotrobot]: And it is for me
[spotrobot-5] [INFO] [1748568747.686231897] [spotrobot]: Already finished action
[spotrobot-5] [INFO] [1748568747.687204094] [spotrobot]: success
[spotrobot-5] [INFO] [1748568747.687813931] [spotrobot]: Doing a_authorize_disinfect
[spotrobot-5] [INFO] [1748568747.688308619] [spotrobot]: a_authorize_disinfect
[spotrobot-5] [INFO] [1748568747.688829478] [spotrobot]: Here first, waiting for spotrobot
[uvdrobot-4] [INFO] [1748568747.689493277] [uvdrobot]: I heard: "{"performative": "query", "sender": "spotrobot1", "receiver": "uvdrobot1", "content": "Ready|a_authorize_disinfect"}"
[spotrobot-5] [INFO] [1748568747.689634842] [spotrobot]: I heard: "{"performative": "query", "sender": "spotrobot1", "receiver": "uvdrobot1", "content": "Ready|a_authorize_disinfect"}"
[nurse_disinfect-3] [INFO] [1748568747.689773240] [nurse_disinfect]: I heard: "{"performative": "query", "sender": "spotrobot1", "receiver": "uvdrobot1", "content": "Ready|a_authorize_disinfect"}"
[uvdrobot-4] [INFO] [1748568747.689882850] [uvdrobot]: And it is for me
[spotrobot-5] [INFO] [1748568747.689916196] [spotrobot]: And it is not for me
[uvdrobot-4] [INFO] [1748568747.690209453] [uvdrobot]: Ready to act
[nurse_disinfect-3] [INFO] [1748568747.690326551] [nurse_disinfect]: And it is not for me
[uvdrobot-4] [INFO] [1748568747.690895682] [uvdrobot]: I heard: "{"performative": "query", "sender": "uvdrobot1", "receiver": "spotrobot1", "content": "Done|a_authorize_disinfect"}"
[spotrobot-5] [INFO] [1748568747.691145505] [spotrobot]: I heard: "{"performative": "query", "sender": "uvdrobot1", "receiver": "spotrobot1", "content": "Done|a_authorize_disinfect"}"
[nurse_disinfect-3] [INFO] [1748568747.691204131] [nurse_disinfect]: I heard: "{"performative": "query", "sender": "uvdrobot1", "receiver": "spotrobot1", "content": "Done|a_authorize_disinfect"}"
[uvdrobot-4] [INFO] [1748568747.691285797] [uvdrobot]: And it is not for me
[spotrobot-5] [INFO] [1748568747.691529791] [spotrobot]: And it is for me
[nurse_disinfect-3] [INFO] [1748568747.691708265] [nurse_disinfect]: And it is not for me
[spotrobot-5] [INFO] [1748568747.691851098] [spotrobot]: Finished action
[spotrobot-5] [INFO] [1748568747.692544560] [spotrobot]: I heard: "{"performative": "query", "sender": "spotrobot1", "receiver": "uvdrobot1", "content": "Done|a_authorize_disinfect"}"
[uvdrobot-4] [INFO] [1748568747.692680310] [uvdrobot]: I heard: "{"performative": "query", "sender": "spotrobot1", "receiver": "uvdrobot1", "content": "Done|a_authorize_disinfect"}"
[nurse_disinfect-3] [INFO] [1748568747.692722198] [nurse_disinfect]: I heard: "{"performative": "query", "sender": "spotrobot1", "receiver": "uvdrobot1", "content": "Done|a_authorize_disinfect"}"
[uvdrobot-4] [INFO] [1748568747.692984436] [uvdrobot]: And it is for me
[spotrobot-5] [INFO] [1748568747.693195298] [spotrobot]: And it is not for me
[nurse_disinfect-3] [INFO] [1748568747.693231856] [nurse_disinfect]: And it is not for me
[uvdrobot-4] [INFO] [1748568747.693256317] [uvdrobot]: Finished action
[uvdrobot-4] [INFO] [1748568747.693762529] [uvdrobot]: Doing a_navto
[spotrobot-5] [INFO] [1748568747.693808106] [spotrobot]: I heard: "{"performative": "query", "sender": "uvdrobot1", "receiver": "spotrobot1", "content": "Done|a_authorize_disinfect"}"
[spotrobot-5] [INFO] [1748568747.694150400] [spotrobot]: And it is for me
[nurse_disinfect-3] [INFO] [1748568747.694163654] [nurse_disinfect]: I heard: "{"performative": "query", "sender": "uvdrobot1", "receiver": "spotrobot1", "content": "Done|a_authorize_disinfect"}"
[uvdrobot-4] [INFO] [1748568747.694415697] [uvdrobot]: Waiting for response
[spotrobot-5] [INFO] [1748568747.694498968] [spotrobot]: Already finished action
[nurse_disinfect-3] [INFO] [1748568747.694749951] [nurse_disinfect]: And it is not for me
[uvdrobot-4] [INFO] [1748568747.695115140] [uvdrobot]: I heard: "{"performative": "query", "sender": "uvdrobot1", "receiver": "spotrobot1", "content": "Done|a_authorize_disinfect"}"
[uvdrobot-4] [INFO] [1748568747.695446090] [uvdrobot]: And it is not for me
[uvdrobot-4] [INFO] [1748568747.696198128] [uvdrobot]: success
[uvdrobot-4] [INFO] [1748568747.696614668] [uvdrobot]: Doing a_disinfect_room
[uvdrobot-4] [INFO] [1748568747.697157662] [uvdrobot]: Waiting for response
[uvdrobot-4] [INFO] [1748568747.698063908] [uvdrobot]: success
[disinfect_environment-1] [INFO] [1748568747.701337567] [disinfect_environment]: Recebido sinal de desligamento do coordenador, finalizando...
[spotrobot-5] [INFO] [1748568747.701406613] [spotrobot]: Recebido sinal de desligamento do coordenador, finalizando...
[nurse_disinfect-3] [INFO] [1748568747.701495499] [nurse_disinfect]: Recebido sinal de desligamento do coordenador, finalizando...
[disinfect_planner-2] [INFO] [1748568747.701513828] [disinfect_planner]: Recebido sinal de desligamento do coordenador, finalizando...
[uvdrobot-4] [INFO] [1748568747.701526325] [uvdrobot]: Recebido sinal de desligamento do coordenador, finalizando...
[spotrobot-5] [INFO] [1748568747.701763846] [Quitting]: Done
[disinfect_planner-2] [INFO] [1748568747.701874736] [Quitting]: Done
[uvdrobot-4] [INFO] [1748568747.701940056] [Quitting]: Done
[disinfect_environment-1] [INFO] [1748568747.701955235] [Quitting]: Done
[nurse_disinfect-3] [INFO] [1748568747.702092797] [Quitting]: Done
[INFO] [disinfect_environment-1]: process has finished cleanly [pid 108137]
[INFO] [uvdrobot-4]: process has finished cleanly [pid 108143]
[INFO] [spotrobot-5]: process has finished cleanly [pid 108145]
[INFO] [nurse_disinfect-3]: process has finished cleanly [pid 108141]
