[INFO] [launch]: All log files can be found below /home/rafael/.ros/log/2025-05-30-12-53-52-900889-NotebookRafael-23700
[INFO] [launch]: Default logging verbosity is set to INFO
[INFO] [disinfect_environment-1]: process started with pid [23703]
[INFO] [disinfect_planner-2]: process started with pid [23705]
[INFO] [nurse_disinfect-3]: process started with pid [23707]
[INFO] [uvdrobot-4]: process started with pid [23709]
[INFO] [spotrobot-5]: process started with pid [23711]
[disinfect_environment-1] [INFO] [1748620433.181738641] [disinfect_environment]: Starting Environment server
[disinfect_environment-1] [INFO] [1748620433.187075097] [disinfect_environment]: Environment server started
[disinfect_planner-2] [INFO] [1748620433.730477274] [disinfect_planner]: Starting Planner server
[disinfect_planner-2] [INFO] [1748620433.734359253] [disinfect_planner]: Planner server started
[disinfect_planner-2] [INFO] [1748620433.944196687] [disinfect_planner]: Creating plan for: spotrobot1 uvdrobot1 nurse_disinfected1
[disinfect_planner-2] [INFO] [1748620433.946146467] [disinfect_planner]: a_navto,spotrobot1,room1
[disinfect_planner-2] [INFO] [1748620433.946641638] [disinfect_planner]: a_open_door,spotrobot1,room1
[disinfect_planner-2] [INFO] [1748620433.946947428] [disinfect_planner]: a_approach_nurse,spotrobot1,nurse_disinfected1
[disinfect_planner-2] [INFO] [1748620433.947245136] [disinfect_planner]: a_authenticate_nurse,spotrobot1,nurse_disinfected1
[disinfect_planner-2] [INFO] [1748620433.947553789] [disinfect_planner]: a_authorize_patrol,spotrobot1,nurse_disinfected1
[disinfect_planner-2] [INFO] [1748620433.947846106] [disinfect_planner]: a_patrol_room,spotrobot1,room1
[disinfect_planner-2] [INFO] [1748620433.948141496] [disinfect_planner]: a_authorize_disinfect,uvdrobot1,spotrobot1
[disinfect_planner-2] [INFO] [1748620433.948432634] [disinfect_planner]: a_navto,uvdrobot1,room1
[disinfect_planner-2] [INFO] [1748620433.948742475] [disinfect_planner]: a_disinfect_room,uvdrobot1,room1
[disinfect_planner-2] [INFO] [1748620433.949040231] [disinfect_planner]: Sending response
[spotrobot-5] [INFO] [1748620433.949162497] [spotrobot]: response.response spotrobot1
[spotrobot-5] [INFO] [1748620433.949509552] [spotrobot]: My name is spotrobot1
[nurse_disinfect-3] [INFO] [1748620433.950789658] [nurse_disinfect]: response.response nurse_disinfected1
[nurse_disinfect-3] [INFO] [1748620433.951245576] [nurse_disinfect]: My name is nurse_disinfected1
[spotrobot-5] [INFO] [1748620433.951275597] [spotrobot]: I heard: "{"performative": "request", "sender": "Coordinator", "receiver": "uvdrobot1", "content": "Plan|a_authorize_disinfect,uvdrobot1,spotrobot1/a_navto,uvdrobot1,room1/a_disinfect_room,uvdrobot1,room1"}"
[spotrobot-5] [INFO] [1748620433.951561440] [spotrobot]: And it is not for me
[spotrobot-5] [INFO] [1748620433.952032737] [spotrobot]: I heard: "{"performative": "request", "sender": "Coordinator", "receiver": "spotrobot1", "content": "Plan|a_navto,spotrobot1,room1/a_open_door,spotrobot1,room1/a_approach_nurse,spotrobot1,nurse_disinfected1/a_authenticate_nurse,spotrobot1,nurse_disinfected1/a_authorize_patrol,spotrobot1,nurse_disinfected1/a_patrol_room,spotrobot1,room1/a_authorize_disinfect,uvdrobot1,spotrobot1"}"
[spotrobot-5] [INFO] [1748620433.952353543] [spotrobot]: And it is for me
[spotrobot-5] [INFO] [1748620433.952852573] [spotrobot]: Doing a_navto
[uvdrobot-4] [INFO] [1748620433.953164123] [uvdrobot]: response.response uvdrobot1
[spotrobot-5] [INFO] [1748620433.953222122] [spotrobot]: Wating for response
[spotrobot-5] [INFO] [1748620433.953737326] [spotrobot]: I heard: "{"performative": "request", "sender": "Coordinator", "receiver": "nurse_disinfected1", "content": "Plan|a_approach_nurse,spotrobot1,nurse_disinfected1/a_authenticate_nurse,spotrobot1,nurse_disinfected1/a_authorize_patrol,spotrobot1,nurse_disinfected1"}"
[uvdrobot-4] [INFO] [1748620433.953755363] [uvdrobot]: My name is uvdrobot1
[spotrobot-5] [INFO] [1748620433.954048364] [spotrobot]: And it is not for me
[uvdrobot-4] [INFO] [1748620433.954786289] [uvdrobot]: I heard: "{"performative": "request", "sender": "Coordinator", "receiver": "uvdrobot1", "content": "Plan|a_authorize_disinfect,uvdrobot1,spotrobot1/a_navto,uvdrobot1,room1/a_disinfect_room,uvdrobot1,room1"}"
[spotrobot-5] [INFO] [1748620433.954809248] [spotrobot]: success
[spotrobot-5] [INFO] [1748620433.955123763] [spotrobot]: Doing a_open_door
[uvdrobot-4] [INFO] [1748620433.955365827] [uvdrobot]: And it is for me
[spotrobot-5] [INFO] [1748620433.955533973] [spotrobot]: Wating for response
[uvdrobot-4] [INFO] [1748620433.956043828] [uvdrobot]: Doing a_authorize_disinfect
[spotrobot-5] [INFO] [1748620433.956227918] [spotrobot]: success
[uvdrobot-4] [INFO] [1748620433.956581260] [uvdrobot]: a_authorize_disinfect
[spotrobot-5] [INFO] [1748620433.956592268] [spotrobot]: Doing a_approach_nurse
[spotrobot-5] [INFO] [1748620433.957017608] [spotrobot]: Wating for response
[uvdrobot-4] [INFO] [1748620433.957095037] [uvdrobot]: Here first, waiting for spotrobot
[spotrobot-5] [INFO] [1748620433.957724645] [spotrobot]: I heard: "{"performative": "query", "sender": "uvdrobot1", "receiver": "spotrobot1", "content": "Ready|a_authorize_disinfect"}"
[uvdrobot-4] [INFO] [1748620433.957743869] [uvdrobot]: I heard: "{"performative": "request", "sender": "Coordinator", "receiver": "spotrobot1", "content": "Plan|a_navto,spotrobot1,room1/a_open_door,spotrobot1,room1/a_approach_nurse,spotrobot1,nurse_disinfected1/a_authenticate_nurse,spotrobot1,nurse_disinfected1/a_authorize_patrol,spotrobot1,nurse_disinfected1/a_patrol_room,spotrobot1,room1/a_authorize_disinfect,uvdrobot1,spotrobot1"}"
[uvdrobot-4] [INFO] [1748620433.958035027] [uvdrobot]: And it is not for me
[spotrobot-5] [INFO] [1748620433.958052824] [spotrobot]: And it is for me
[spotrobot-5] [INFO] [1748620433.958401622] [spotrobot]: No there yet
[uvdrobot-4] [INFO] [1748620433.958415148] [uvdrobot]: I heard: "{"performative": "query", "sender": "uvdrobot1", "receiver": "spotrobot1", "content": "Ready|a_authorize_disinfect"}"
[spotrobot-5] [INFO] [1748620433.958753895] [spotrobot]: success
[uvdrobot-4] [INFO] [1748620433.958887317] [uvdrobot]: And it is not for me
[spotrobot-5] [INFO] [1748620433.959146906] [spotrobot]: Doing a_authenticate_nurse
[uvdrobot-4] [INFO] [1748620433.959521870] [uvdrobot]: I heard: "{"performative": "request", "sender": "Coordinator", "receiver": "nurse_disinfected1", "content": "Plan|a_approach_nurse,spotrobot1,nurse_disinfected1/a_authenticate_nurse,spotrobot1,nurse_disinfected1/a_authorize_patrol,spotrobot1,nurse_disinfected1"}"
[spotrobot-5] [INFO] [1748620433.959725994] [spotrobot]: a_authenticate_nurse
[uvdrobot-4] [INFO] [1748620433.959837112] [uvdrobot]: And it is not for me
[spotrobot-5] [INFO] [1748620433.960000249] [spotrobot]: Here first, waiting for nurse
[spotrobot-5] [INFO] [1748620433.960757829] [spotrobot]: I heard: "{"performative": "query", "sender": "spotrobot1", "receiver": "nurse_disinfected1", "content": "Ready|a_authenticate_nurse"}"
[uvdrobot-4] [INFO] [1748620433.960767161] [uvdrobot]: I heard: "{"performative": "query", "sender": "spotrobot1", "receiver": "nurse_disinfected1", "content": "Ready|a_authenticate_nurse"}"
[spotrobot-5] [INFO] [1748620433.961074698] [spotrobot]: And it is not for me
[uvdrobot-4] [INFO] [1748620433.961135532] [uvdrobot]: And it is not for me
[nurse_disinfect-3] [INFO] [1748620434.953716234] [nurse_disinfect]: I heard: "{"performative": "request", "sender": "Coordinator", "receiver": "uvdrobot1", "content": "Plan|a_authorize_disinfect,uvdrobot1,spotrobot1/a_navto,uvdrobot1,room1/a_disinfect_room,uvdrobot1,room1"}"
[nurse_disinfect-3] [INFO] [1748620434.954074502] [nurse_disinfect]: And it is not for me
[nurse_disinfect-3] [INFO] [1748620434.954756985] [nurse_disinfect]: I heard: "{"performative": "query", "sender": "uvdrobot1", "receiver": "spotrobot1", "content": "Ready|a_authorize_disinfect"}"
[nurse_disinfect-3] [INFO] [1748620434.955145131] [nurse_disinfect]: And it is not for me
[nurse_disinfect-3] [INFO] [1748620434.955889573] [nurse_disinfect]: I heard: "{"performative": "request", "sender": "Coordinator", "receiver": "spotrobot1", "content": "Plan|a_navto,spotrobot1,room1/a_open_door,spotrobot1,room1/a_approach_nurse,spotrobot1,nurse_disinfected1/a_authenticate_nurse,spotrobot1,nurse_disinfected1/a_authorize_patrol,spotrobot1,nurse_disinfected1/a_patrol_room,spotrobot1,room1/a_authorize_disinfect,uvdrobot1,spotrobot1"}"
[nurse_disinfect-3] [INFO] [1748620434.956395345] [nurse_disinfect]: And it is not for me
[nurse_disinfect-3] [INFO] [1748620434.956799828] [nurse_disinfect]: I heard: "{"performative": "query", "sender": "spotrobot1", "receiver": "nurse_disinfected1", "content": "Ready|a_authenticate_nurse"}"
[nurse_disinfect-3] [INFO] [1748620434.957242349] [nurse_disinfect]: And it is for me
[nurse_disinfect-3] [INFO] [1748620434.957554775] [nurse_disinfect]: No there yet
[nurse_disinfect-3] [INFO] [1748620434.958239432] [nurse_disinfect]: I heard: "{"performative": "request", "sender": "Coordinator", "receiver": "nurse_disinfected1", "content": "Plan|a_approach_nurse,spotrobot1,nurse_disinfected1/a_authenticate_nurse,spotrobot1,nurse_disinfected1/a_authorize_patrol,spotrobot1,nurse_disinfected1"}"
[nurse_disinfect-3] [INFO] [1748620434.958658711] [nurse_disinfect]: And it is for me
[nurse_disinfect-3] [INFO] [1748620434.959804035] [nurse_disinfect]: a_approach_nurse
[nurse_disinfect-3] [INFO] [1748620434.960312124] [nurse_disinfect]: a_authenticate_nurse
[nurse_disinfect-3] [INFO] [1748620434.960693261] [nurse_disinfect]: Doing a_authenticate_nurse
[nurse_disinfect-3] [INFO] [1748620434.961034062] [nurse_disinfect]: a_authenticate_nurse
[nurse_disinfect-3] [INFO] [1748620434.961337027] [nurse_disinfect]: Robot is waiting, send action message
[uvdrobot-4] [INFO] [1748620434.962031940] [uvdrobot]: I heard: "{"performative": "query", "sender": "nurse_disinfected1", "receiver": "spotrobot1", "content": "Done|a_authenticate_nurse"}"
[spotrobot-5] [INFO] [1748620434.962201911] [spotrobot]: I heard: "{"performative": "query", "sender": "nurse_disinfected1", "receiver": "spotrobot1", "content": "Done|a_authenticate_nurse"}"
[nurse_disinfect-3] [INFO] [1748620434.962301178] [nurse_disinfect]: I heard: "{"performative": "query", "sender": "nurse_disinfected1", "receiver": "spotrobot1", "content": "Done|a_authenticate_nurse"}"
[uvdrobot-4] [INFO] [1748620434.962383351] [uvdrobot]: And it is not for me
[spotrobot-5] [INFO] [1748620434.962675669] [spotrobot]: And it is for me
[nurse_disinfect-3] [INFO] [1748620434.962750037] [nurse_disinfect]: And it is not for me
[spotrobot-5] [INFO] [1748620434.963232530] [spotrobot]: Finished action
[spotrobot-5] [INFO] [1748620434.963985217] [spotrobot]: Doing a_authorize_patrol
[uvdrobot-4] [INFO] [1748620434.964218360] [uvdrobot]: I heard: "{"performative": "query", "sender": "spotrobot1", "receiver": "nurse_disinfected1", "content": "Done|a_authenticate_nurse"}"
[nurse_disinfect-3] [INFO] [1748620434.964396001] [nurse_disinfect]: I heard: "{"performative": "query", "sender": "spotrobot1", "receiver": "nurse_disinfected1", "content": "Done|a_authenticate_nurse"}"
[spotrobot-5] [INFO] [1748620434.964544923] [spotrobot]: a_authorize_patrol
[uvdrobot-4] [INFO] [1748620434.964766315] [uvdrobot]: And it is not for me
[spotrobot-5] [INFO] [1748620434.964887467] [spotrobot]: Here first, waiting for nurse
[nurse_disinfect-3] [INFO] [1748620434.965016018] [nurse_disinfect]: And it is for me
[nurse_disinfect-3] [INFO] [1748620434.965500042] [nurse_disinfect]: Finished action
[spotrobot-5] [INFO] [1748620434.965588815] [spotrobot]: I heard: "{"performative": "query", "sender": "spotrobot1", "receiver": "nurse_disinfected1", "content": "Done|a_authenticate_nurse"}"
[spotrobot-5] [INFO] [1748620434.965869391] [spotrobot]: And it is not for me
[uvdrobot-4] [INFO] [1748620434.965902657] [uvdrobot]: I heard: "{"performative": "query", "sender": "spotrobot1", "receiver": "nurse_disinfected1", "content": "Ready|a_authorize_patrol"}"
[nurse_disinfect-3] [INFO] [1748620434.966130957] [nurse_disinfect]: a_authorize_patrol
[uvdrobot-4] [INFO] [1748620434.966369041] [uvdrobot]: And it is not for me
[spotrobot-5] [INFO] [1748620434.966378591] [spotrobot]: I heard: "{"performative": "query", "sender": "spotrobot1", "receiver": "nurse_disinfected1", "content": "Ready|a_authorize_patrol"}"
[nurse_disinfect-3] [INFO] [1748620434.966625189] [nurse_disinfect]: Doing a_authorize_patrol
[spotrobot-5] [INFO] [1748620434.966645989] [spotrobot]: And it is not for me
[nurse_disinfect-3] [INFO] [1748620434.967093278] [nurse_disinfect]: a_authorize_patrol
[spotrobot-5] [INFO] [1748620434.967223813] [spotrobot]: I heard: "{"performative": "query", "sender": "nurse_disinfected1", "receiver": "spotrobot1", "content": "Done|a_authenticate_nurse"}"
[uvdrobot-4] [INFO] [1748620434.967247379] [uvdrobot]: I heard: "{"performative": "query", "sender": "nurse_disinfected1", "receiver": "spotrobot1", "content": "Done|a_authenticate_nurse"}"
[spotrobot-5] [INFO] [1748620434.967520917] [spotrobot]: And it is for me
[nurse_disinfect-3] [INFO] [1748620434.967530282] [nurse_disinfect]: Here first, waiting for robot
[uvdrobot-4] [INFO] [1748620434.967748487] [uvdrobot]: And it is not for me
[spotrobot-5] [INFO] [1748620434.967835585] [spotrobot]: Already finished action
[spotrobot-5] [INFO] [1748620434.968350693] [spotrobot]: I heard: "{"performative": "query", "sender": "nurse_disinfected1", "receiver": "spotrobot1", "content": "Ready|a_authorize_patrol"}"
[nurse_disinfect-3] [INFO] [1748620434.968601419] [nurse_disinfect]: I heard: "{"performative": "query", "sender": "spotrobot1", "receiver": "nurse_disinfected1", "content": "Ready|a_authorize_patrol"}"
[uvdrobot-4] [INFO] [1748620434.968604099] [uvdrobot]: I heard: "{"performative": "query", "sender": "nurse_disinfected1", "receiver": "spotrobot1", "content": "Ready|a_authorize_patrol"}"
[spotrobot-5] [INFO] [1748620434.968690431] [spotrobot]: And it is for me
[spotrobot-5] [INFO] [1748620434.969030380] [spotrobot]: Ready to act
[nurse_disinfect-3] [INFO] [1748620434.969043327] [nurse_disinfect]: And it is for me
[uvdrobot-4] [INFO] [1748620434.969043230] [uvdrobot]: And it is not for me
[nurse_disinfect-3] [INFO] [1748620434.969520963] [nurse_disinfect]: Ready to act
[spotrobot-5] [INFO] [1748620434.969719988] [spotrobot]: I heard: "{"performative": "query", "sender": "spotrobot1", "receiver": "nurse_disinfected1", "content": "Done|a_authorize_patrol"}"
[uvdrobot-4] [INFO] [1748620434.969977713] [uvdrobot]: I heard: "{"performative": "query", "sender": "spotrobot1", "receiver": "nurse_disinfected1", "content": "Done|a_authorize_patrol"}"
[spotrobot-5] [INFO] [1748620434.969996063] [spotrobot]: And it is not for me
[uvdrobot-4] [INFO] [1748620434.970482010] [uvdrobot]: And it is not for me
[nurse_disinfect-3] [INFO] [1748620434.970605420] [nurse_disinfect]: I heard: "{"performative": "query", "sender": "nurse_disinfected1", "receiver": "spotrobot1", "content": "Done|a_authenticate_nurse"}"
[spotrobot-5] [INFO] [1748620434.970832925] [spotrobot]: I heard: "{"performative": "query", "sender": "nurse_disinfected1", "receiver": "spotrobot1", "content": "Done|a_authorize_patrol"}"
[nurse_disinfect-3] [INFO] [1748620434.971106643] [nurse_disinfect]: And it is not for me
[spotrobot-5] [INFO] [1748620434.971262919] [spotrobot]: And it is for me
[uvdrobot-4] [INFO] [1748620434.971381664] [uvdrobot]: I heard: "{"performative": "query", "sender": "nurse_disinfected1", "receiver": "spotrobot1", "content": "Done|a_authorize_patrol"}"
[spotrobot-5] [INFO] [1748620434.971561441] [spotrobot]: Finished action
[uvdrobot-4] [INFO] [1748620434.971844352] [uvdrobot]: And it is not for me
[spotrobot-5] [INFO] [1748620434.972008232] [spotrobot]: Doing a_patrol_room
[nurse_disinfect-3] [INFO] [1748620434.972014734] [nurse_disinfect]: I heard: "{"performative": "query", "sender": "nurse_disinfected1", "receiver": "spotrobot1", "content": "Ready|a_authorize_patrol"}"
[spotrobot-5] [INFO] [1748620434.972391188] [spotrobot]: Wating for response
[nurse_disinfect-3] [INFO] [1748620434.972538193] [nurse_disinfect]: And it is not for me
[uvdrobot-4] [INFO] [1748620434.972739581] [uvdrobot]: I heard: "{"performative": "query", "sender": "spotrobot1", "receiver": "nurse_disinfected1", "content": "Done|a_authorize_patrol"}"
[spotrobot-5] [INFO] [1748620434.972985876] [spotrobot]: I heard: "{"performative": "query", "sender": "spotrobot1", "receiver": "nurse_disinfected1", "content": "Done|a_authorize_patrol"}"
[uvdrobot-4] [INFO] [1748620434.973204769] [uvdrobot]: And it is not for me
[spotrobot-5] [INFO] [1748620434.973266863] [spotrobot]: And it is not for me
[nurse_disinfect-3] [INFO] [1748620434.973423090] [nurse_disinfect]: I heard: "{"performative": "query", "sender": "spotrobot1", "receiver": "nurse_disinfected1", "content": "Done|a_authorize_patrol"}"
[nurse_disinfect-3] [INFO] [1748620434.974014886] [nurse_disinfect]: And it is for me
[spotrobot-5] [INFO] [1748620434.974524077] [spotrobot]: dirty room
[nurse_disinfect-3] [INFO] [1748620434.974602736] [nurse_disinfect]: Finished action
[spotrobot-5] [INFO] [1748620434.975260743] [spotrobot]: I heard: "{"performative": "query", "sender": "nurse_disinfected1", "receiver": "spotrobot1", "content": "Done|a_authorize_patrol"}"
[nurse_disinfect-3] [INFO] [1748620434.975603018] [nurse_disinfect]: I heard: "{"performative": "query", "sender": "nurse_disinfected1", "receiver": "spotrobot1", "content": "Done|a_authorize_patrol"}"
[uvdrobot-4] [INFO] [1748620434.975602978] [uvdrobot]: I heard: "{"performative": "query", "sender": "nurse_disinfected1", "receiver": "spotrobot1", "content": "Done|a_authorize_patrol"}"
[spotrobot-5] [INFO] [1748620434.975744987] [spotrobot]: And it is for me
[spotrobot-5] [INFO] [1748620434.976021521] [spotrobot]: Already finished action
[nurse_disinfect-3] [INFO] [1748620434.976079907] [nurse_disinfect]: And it is not for me
[uvdrobot-4] [INFO] [1748620434.976079897] [uvdrobot]: And it is not for me
[spotrobot-5] [INFO] [1748620434.976692714] [spotrobot]: I heard: "{"performative": "request", "sender": "Coordinator", "receiver": "spotrobot1", "content": "Reset"}"
[uvdrobot-4] [INFO] [1748620434.976963884] [uvdrobot]: I heard: "{"performative": "request", "sender": "Coordinator", "receiver": "spotrobot1", "content": "Reset"}"
[nurse_disinfect-3] [INFO] [1748620434.977039069] [nurse_disinfect]: I heard: "{"performative": "request", "sender": "Coordinator", "receiver": "spotrobot1", "content": "Reset"}"
[spotrobot-5] [INFO] [1748620434.977089354] [spotrobot]: And it is for me
[uvdrobot-4] [INFO] [1748620434.977452332] [uvdrobot]: And it is not for me
[nurse_disinfect-3] [INFO] [1748620434.977485410] [nurse_disinfect]: And it is not for me
[spotrobot-5] [INFO] [1748620434.977894816] [spotrobot]: I heard: "{"performative": "request", "sender": "Coordinator", "receiver": "uvdrobot1", "content": "Reset"}"
[nurse_disinfect-3] [INFO] [1748620434.978066318] [nurse_disinfect]: I heard: "{"performative": "query", "sender": "spotrobot1", "receiver": "nurse_disinfected1", "content": "Done|a_authorize_patrol"}"
[spotrobot-5] [INFO] [1748620434.978181195] [spotrobot]: And it is not for me
[uvdrobot-4] [INFO] [1748620434.978355358] [uvdrobot]: I heard: "{"performative": "request", "sender": "Coordinator", "receiver": "uvdrobot1", "content": "Reset"}"
[spotrobot-5] [INFO] [1748620434.978537184] [spotrobot]: 
[nurse_disinfect-3] [INFO] [1748620434.978556786] [nurse_disinfect]: And it is for me
[uvdrobot-4] [INFO] [1748620434.978806410] [uvdrobot]: And it is for me
[nurse_disinfect-3] [INFO] [1748620434.979009630] [nurse_disinfect]: Already finished action
[spotrobot-5] [INFO] [1748620434.979069377] [spotrobot]: I heard: "{"performative": "request", "sender": "Coordinator", "receiver": "nurse_disinfected1", "content": "Reset"}"
[spotrobot-5] [INFO] [1748620434.979334612] [spotrobot]: And it is not for me
[uvdrobot-4] [INFO] [1748620434.979658049] [uvdrobot]: I heard: "{"performative": "request", "sender": "Coordinator", "receiver": "nurse_disinfected1", "content": "Reset"}"
[nurse_disinfect-3] [INFO] [1748620434.979884348] [nurse_disinfect]: I heard: "{"performative": "request", "sender": "Coordinator", "receiver": "uvdrobot1", "content": "Reset"}"
[uvdrobot-4] [INFO] [1748620434.980188403] [uvdrobot]: And it is not for me
[nurse_disinfect-3] [INFO] [1748620434.980395003] [nurse_disinfect]: And it is not for me
[nurse_disinfect-3] [INFO] [1748620434.980872803] [nurse_disinfect]: I heard: "{"performative": "query", "sender": "nurse_disinfected1", "receiver": "spotrobot1", "content": "Done|a_authorize_patrol"}"
[nurse_disinfect-3] [INFO] [1748620434.981168662] [nurse_disinfect]: And it is not for me
[disinfect_planner-2] [INFO] [1748620434.981388811] [disinfect_planner]: Creating plan for: spotrobot1 uvdrobot1 nurse_disinfected1
[nurse_disinfect-3] [INFO] [1748620434.981782187] [nurse_disinfect]: I heard: "{"performative": "request", "sender": "Coordinator", "receiver": "nurse_disinfected1", "content": "Reset"}"
[nurse_disinfect-3] [INFO] [1748620434.982144017] [nurse_disinfect]: And it is for me
[disinfect_planner-2] [INFO] [1748620434.982215772] [disinfect_planner]: a_navto,spotrobot1,room1
[disinfect_planner-2] [INFO] [1748620434.982478861] [disinfect_planner]: a_approach_nurse,spotrobot1,nurse_disinfected1
[disinfect_planner-2] [INFO] [1748620434.982831661] [disinfect_planner]: a_authenticate_nurse,spotrobot1,nurse_disinfected1
[disinfect_planner-2] [INFO] [1748620434.983329092] [disinfect_planner]: a_clean_room,nurse_disinfected1,room1
[disinfect_planner-2] [INFO] [1748620434.983649534] [disinfect_planner]: a_authorize_patrol,spotrobot1,nurse_disinfected1
[disinfect_planner-2] [INFO] [1748620434.983978662] [disinfect_planner]: a_patrol_room,spotrobot1,room1
[disinfect_planner-2] [INFO] [1748620434.984304476] [disinfect_planner]: a_authorize_disinfect,uvdrobot1,spotrobot1
[disinfect_planner-2] [INFO] [1748620434.984652909] [disinfect_planner]: a_navto,uvdrobot1,room1
[disinfect_planner-2] [INFO] [1748620434.984956401] [disinfect_planner]: a_disinfect_room,uvdrobot1,room1
[disinfect_planner-2] [INFO] [1748620434.985261377] [disinfect_planner]: Sending response
[uvdrobot-4] [INFO] [1748620434.987160178] [uvdrobot]: I heard: "{"performative": "request", "sender": "Coordinator", "receiver": "spotrobot1", "content": "Plan|a_navto,spotrobot1,room1/a_approach_nurse,spotrobot1,nurse_disinfected1/a_authenticate_nurse,spotrobot1,nurse_disinfected1/a_authorize_patrol,spotrobot1,nurse_disinfected1/a_patrol_room,spotrobot1,room1/a_authorize_disinfect,uvdrobot1,spotrobot1"}"
[nurse_disinfect-3] [INFO] [1748620434.987268653] [nurse_disinfect]: I heard: "{"performative": "request", "sender": "Coordinator", "receiver": "spotrobot1", "content": "Plan|a_navto,spotrobot1,room1/a_approach_nurse,spotrobot1,nurse_disinfected1/a_authenticate_nurse,spotrobot1,nurse_disinfected1/a_authorize_patrol,spotrobot1,nurse_disinfected1/a_patrol_room,spotrobot1,room1/a_authorize_disinfect,uvdrobot1,spotrobot1"}"
[spotrobot-5] [INFO] [1748620434.987301434] [spotrobot]: I heard: "{"performative": "request", "sender": "Coordinator", "receiver": "spotrobot1", "content": "Plan|a_navto,spotrobot1,room1/a_approach_nurse,spotrobot1,nurse_disinfected1/a_authenticate_nurse,spotrobot1,nurse_disinfected1/a_authorize_patrol,spotrobot1,nurse_disinfected1/a_patrol_room,spotrobot1,room1/a_authorize_disinfect,uvdrobot1,spotrobot1"}"
[uvdrobot-4] [INFO] [1748620434.987495463] [uvdrobot]: And it is not for me
[nurse_disinfect-3] [INFO] [1748620434.987603765] [nurse_disinfect]: And it is not for me
[spotrobot-5] [INFO] [1748620434.987709422] [spotrobot]: And it is for me
[uvdrobot-4] [INFO] [1748620434.988065941] [uvdrobot]: I heard: "{"performative": "request", "sender": "Coordinator", "receiver": "uvdrobot1", "content": "Plan|a_authorize_disinfect,uvdrobot1,spotrobot1/a_navto,uvdrobot1,room1/a_disinfect_room,uvdrobot1,room1"}"
[nurse_disinfect-3] [INFO] [1748620434.988078625] [nurse_disinfect]: I heard: "{"performative": "request", "sender": "Coordinator", "receiver": "uvdrobot1", "content": "Plan|a_authorize_disinfect,uvdrobot1,spotrobot1/a_navto,uvdrobot1,room1/a_disinfect_room,uvdrobot1,room1"}"
[spotrobot-5] [INFO] [1748620434.988087350] [spotrobot]: Doing a_navto
[nurse_disinfect-3] [INFO] [1748620434.988397592] [nurse_disinfect]: And it is not for me
[spotrobot-5] [INFO] [1748620434.988523847] [spotrobot]: Wating for response
[uvdrobot-4] [INFO] [1748620434.988595127] [uvdrobot]: And it is for me
[nurse_disinfect-3] [INFO] [1748620434.988954338] [nurse_disinfect]: I heard: "{"performative": "request", "sender": "Coordinator", "receiver": "nurse_disinfected1", "content": "Plan|a_approach_nurse,spotrobot1,nurse_disinfected1/a_authenticate_nurse,spotrobot1,nurse_disinfected1/a_clean_room,nurse_disinfected1,room1/a_authorize_patrol,spotrobot1,nurse_disinfected1"}"
[uvdrobot-4] [INFO] [1748620434.988967166] [uvdrobot]: Doing a_authorize_disinfect
[spotrobot-5] [INFO] [1748620434.989002020] [spotrobot]: I heard: "{"performative": "request", "sender": "Coordinator", "receiver": "uvdrobot1", "content": "Plan|a_authorize_disinfect,uvdrobot1,spotrobot1/a_navto,uvdrobot1,room1/a_disinfect_room,uvdrobot1,room1"}"
[spotrobot-5] [INFO] [1748620434.989278363] [spotrobot]: And it is not for me
[nurse_disinfect-3] [INFO] [1748620434.989294536] [nurse_disinfect]: And it is for me
[uvdrobot-4] [INFO] [1748620434.989481489] [uvdrobot]: a_authorize_disinfect
[uvdrobot-4] [INFO] [1748620434.989863832] [uvdrobot]: Here first, waiting for spotrobot
[nurse_disinfect-3] [INFO] [1748620434.989875386] [nurse_disinfect]: a_approach_nurse
[spotrobot-5] [INFO] [1748620434.989903398] [spotrobot]: I heard: "{"performative": "request", "sender": "Coordinator", "receiver": "nurse_disinfected1", "content": "Plan|a_approach_nurse,spotrobot1,nurse_disinfected1/a_authenticate_nurse,spotrobot1,nurse_disinfected1/a_clean_room,nurse_disinfected1,room1/a_authorize_patrol,spotrobot1,nurse_disinfected1"}"
[nurse_disinfect-3] [INFO] [1748620434.990287128] [nurse_disinfect]: a_authenticate_nurse
[spotrobot-5] [INFO] [1748620434.990399363] [spotrobot]: And it is not for me
[nurse_disinfect-3] [INFO] [1748620434.990609925] [nurse_disinfect]: Doing a_authenticate_nurse
[uvdrobot-4] [INFO] [1748620434.990667685] [uvdrobot]: I heard: "{"performative": "request", "sender": "Coordinator", "receiver": "nurse_disinfected1", "content": "Plan|a_approach_nurse,spotrobot1,nurse_disinfected1/a_authenticate_nurse,spotrobot1,nurse_disinfected1/a_clean_room,nurse_disinfected1,room1/a_authorize_patrol,spotrobot1,nurse_disinfected1"}"
[spotrobot-5] [INFO] [1748620434.990867816] [spotrobot]: success
[nurse_disinfect-3] [INFO] [1748620434.990886891] [nurse_disinfect]: a_authenticate_nurse
[uvdrobot-4] [INFO] [1748620434.991040097] [uvdrobot]: And it is not for me
[nurse_disinfect-3] [INFO] [1748620434.991192786] [nurse_disinfect]: Here first, waiting for robot
[spotrobot-5] [INFO] [1748620434.991279922] [spotrobot]: Doing a_approach_nurse
[uvdrobot-4] [INFO] [1748620434.991443575] [uvdrobot]: I heard: "{"performative": "query", "sender": "uvdrobot1", "receiver": "spotrobot1", "content": "Ready|a_authorize_disinfect"}"
[spotrobot-5] [INFO] [1748620434.991677999] [spotrobot]: Wating for response
[nurse_disinfect-3] [INFO] [1748620434.991889710] [nurse_disinfect]: I heard: "{"performative": "query", "sender": "uvdrobot1", "receiver": "spotrobot1", "content": "Ready|a_authorize_disinfect"}"
[uvdrobot-4] [INFO] [1748620434.991966555] [uvdrobot]: And it is not for me
[spotrobot-5] [INFO] [1748620434.992166783] [spotrobot]: I heard: "{"performative": "query", "sender": "uvdrobot1", "receiver": "spotrobot1", "content": "Ready|a_authorize_disinfect"}"
[nurse_disinfect-3] [INFO] [1748620434.992207011] [nurse_disinfect]: And it is not for me
[spotrobot-5] [INFO] [1748620434.992481670] [spotrobot]: And it is for me
[uvdrobot-4] [INFO] [1748620434.992701679] [uvdrobot]: I heard: "{"performative": "query", "sender": "nurse_disinfected1", "receiver": "spotrobot1", "content": "Ready|a_authenticate_nurse"}"
[spotrobot-5] [INFO] [1748620434.992756759] [spotrobot]: No there yet
[nurse_disinfect-3] [INFO] [1748620434.992800999] [nurse_disinfect]: I heard: "{"performative": "query", "sender": "nurse_disinfected1", "receiver": "spotrobot1", "content": "Ready|a_authenticate_nurse"}"
[nurse_disinfect-3] [INFO] [1748620434.993083682] [nurse_disinfect]: And it is not for me
[uvdrobot-4] [INFO] [1748620434.993230041] [uvdrobot]: And it is not for me
[spotrobot-5] [INFO] [1748620434.993246433] [spotrobot]: I heard: "{"performative": "query", "sender": "nurse_disinfected1", "receiver": "spotrobot1", "content": "Ready|a_authenticate_nurse"}"
[spotrobot-5] [INFO] [1748620434.993556340] [spotrobot]: And it is for me
[spotrobot-5] [INFO] [1748620434.993855188] [spotrobot]: No there yet
[spotrobot-5] [INFO] [1748620434.994586031] [spotrobot]: success
[spotrobot-5] [INFO] [1748620434.994924821] [spotrobot]: Doing a_authenticate_nurse
[spotrobot-5] [INFO] [1748620434.995184635] [spotrobot]: a_authenticate_nurse
[spotrobot-5] [INFO] [1748620434.995437162] [spotrobot]: Nurse is waiting, send action message
[uvdrobot-4] [INFO] [1748620434.996077752] [uvdrobot]: I heard: "{"performative": "query", "sender": "spotrobot1", "receiver": "nurse_disinfected1", "content": "Done|a_authenticate_nurse"}"
[nurse_disinfect-3] [INFO] [1748620434.996100692] [nurse_disinfect]: I heard: "{"performative": "query", "sender": "spotrobot1", "receiver": "nurse_disinfected1", "content": "Done|a_authenticate_nurse"}"
[spotrobot-5] [INFO] [1748620434.996104457] [spotrobot]: I heard: "{"performative": "query", "sender": "spotrobot1", "receiver": "nurse_disinfected1", "content": "Done|a_authenticate_nurse"}"
[spotrobot-5] [INFO] [1748620434.996392282] [spotrobot]: And it is not for me
[nurse_disinfect-3] [INFO] [1748620434.996437844] [nurse_disinfect]: And it is for me
[uvdrobot-4] [INFO] [1748620434.996449753] [uvdrobot]: And it is not for me
[nurse_disinfect-3] [INFO] [1748620434.996708059] [nurse_disinfect]: Finished action
[nurse_disinfect-3] [INFO] [1748620434.997178437] [nurse_disinfect]: a_clean_room
[spotrobot-5] [INFO] [1748620434.997268436] [spotrobot]: I heard: "{"performative": "query", "sender": "nurse_disinfected1", "receiver": "spotrobot1", "content": "Done|a_authenticate_nurse"}"
[uvdrobot-4] [INFO] [1748620434.997378653] [uvdrobot]: I heard: "{"performative": "query", "sender": "nurse_disinfected1", "receiver": "spotrobot1", "content": "Done|a_authenticate_nurse"}"
[nurse_disinfect-3] [INFO] [1748620434.997492874] [nurse_disinfect]: Doing a_clean_room
[spotrobot-5] [INFO] [1748620434.997540815] [spotrobot]: And it is for me
[uvdrobot-4] [INFO] [1748620434.997677108] [uvdrobot]: And it is not for me
[spotrobot-5] [INFO] [1748620434.997798321] [spotrobot]: Finished action
[nurse_disinfect-3] [INFO] [1748620434.997952076] [nurse_disinfect]: Waiting for response
[spotrobot-5] [INFO] [1748620434.998247497] [spotrobot]: Doing a_authorize_patrol
[nurse_disinfect-3] [INFO] [1748620434.998446548] [nurse_disinfect]: I heard: "{"performative": "query", "sender": "nurse_disinfected1", "receiver": "spotrobot1", "content": "Done|a_authenticate_nurse"}"
[uvdrobot-4] [INFO] [1748620434.998495594] [uvdrobot]: I heard: "{"performative": "query", "sender": "spotrobot1", "receiver": "nurse_disinfected1", "content": "Done|a_authenticate_nurse"}"
[spotrobot-5] [INFO] [1748620434.998515164] [spotrobot]: a_authorize_patrol
[spotrobot-5] [INFO] [1748620434.998763841] [spotrobot]: Here first, waiting for nurse
[uvdrobot-4] [INFO] [1748620434.998778956] [uvdrobot]: And it is not for me
[nurse_disinfect-3] [INFO] [1748620434.998987101] [nurse_disinfect]: And it is not for me
[uvdrobot-4] [INFO] [1748620434.999354223] [uvdrobot]: I heard: "{"performative": "query", "sender": "spotrobot1", "receiver": "nurse_disinfected1", "content": "Ready|a_authorize_patrol"}"
[spotrobot-5] [INFO] [1748620434.999375919] [spotrobot]: I heard: "{"performative": "query", "sender": "spotrobot1", "receiver": "nurse_disinfected1", "content": "Done|a_authenticate_nurse"}"
[nurse_disinfect-3] [INFO] [1748620434.999594276] [nurse_disinfect]: I heard: "{"performative": "query", "sender": "spotrobot1", "receiver": "nurse_disinfected1", "content": "Done|a_authenticate_nurse"}"
[uvdrobot-4] [INFO] [1748620434.999634262] [uvdrobot]: And it is not for me
[spotrobot-5] [INFO] [1748620434.999645071] [spotrobot]: And it is not for me
[nurse_disinfect-3] [INFO] [1748620434.999872956] [nurse_disinfect]: And it is for me
[nurse_disinfect-3] [INFO] [1748620435.000131564] [nurse_disinfect]: Already finished action
[spotrobot-5] [INFO] [1748620435.000171479] [spotrobot]: I heard: "{"performative": "query", "sender": "spotrobot1", "receiver": "nurse_disinfected1", "content": "Ready|a_authorize_patrol"}"
[spotrobot-5] [INFO] [1748620435.000453310] [spotrobot]: And it is not for me
[nurse_disinfect-3] [INFO] [1748620435.000618154] [nurse_disinfect]: I heard: "{"performative": "query", "sender": "spotrobot1", "receiver": "nurse_disinfected1", "content": "Ready|a_authorize_patrol"}"
[nurse_disinfect-3] [INFO] [1748620435.000897772] [nurse_disinfect]: And it is for me
[nurse_disinfect-3] [INFO] [1748620435.001293618] [nurse_disinfect]: No there yet
[nurse_disinfect-3] [INFO] [1748620435.001669765] [nurse_disinfect]: success
[nurse_disinfect-3] [INFO] [1748620435.001979012] [nurse_disinfect]: a_authorize_patrol
[nurse_disinfect-3] [INFO] [1748620435.002245760] [nurse_disinfect]: Doing a_authorize_patrol
[nurse_disinfect-3] [INFO] [1748620435.002602668] [nurse_disinfect]: a_authorize_patrol
[nurse_disinfect-3] [INFO] [1748620435.003098433] [nurse_disinfect]: Robot is waiting, send action message
[spotrobot-5] [INFO] [1748620435.003677268] [spotrobot]: I heard: "{"performative": "query", "sender": "nurse_disinfected1", "receiver": "spotrobot1", "content": "Done|a_authorize_patrol"}"
[uvdrobot-4] [INFO] [1748620435.003876124] [uvdrobot]: I heard: "{"performative": "query", "sender": "nurse_disinfected1", "receiver": "spotrobot1", "content": "Done|a_authorize_patrol"}"
[spotrobot-5] [INFO] [1748620435.003979065] [spotrobot]: And it is for me
[nurse_disinfect-3] [INFO] [1748620435.004036373] [nurse_disinfect]: I heard: "{"performative": "query", "sender": "nurse_disinfected1", "receiver": "spotrobot1", "content": "Done|a_authorize_patrol"}"
[spotrobot-5] [INFO] [1748620435.004347991] [spotrobot]: Finished action
[uvdrobot-4] [INFO] [1748620435.004405377] [uvdrobot]: And it is not for me
[nurse_disinfect-3] [INFO] [1748620435.004532616] [nurse_disinfect]: And it is not for me
[spotrobot-5] [INFO] [1748620435.004823722] [spotrobot]: Doing a_patrol_room
[uvdrobot-4] [INFO] [1748620435.005251069] [uvdrobot]: I heard: "{"performative": "query", "sender": "spotrobot1", "receiver": "nurse_disinfected1", "content": "Done|a_authorize_patrol"}"
[spotrobot-5] [INFO] [1748620435.005359037] [spotrobot]: Wating for response
[nurse_disinfect-3] [INFO] [1748620435.005447382] [nurse_disinfect]: I heard: "{"performative": "query", "sender": "spotrobot1", "receiver": "nurse_disinfected1", "content": "Done|a_authorize_patrol"}"
[uvdrobot-4] [INFO] [1748620435.005708193] [uvdrobot]: And it is not for me
[nurse_disinfect-3] [INFO] [1748620435.005923687] [nurse_disinfect]: And it is for me
[spotrobot-5] [INFO] [1748620435.005926844] [spotrobot]: I heard: "{"performative": "query", "sender": "spotrobot1", "receiver": "nurse_disinfected1", "content": "Done|a_authorize_patrol"}"
[nurse_disinfect-3] [INFO] [1748620435.006446256] [nurse_disinfect]: Finished action
[spotrobot-5] [INFO] [1748620435.006507866] [spotrobot]: And it is not for me
[spotrobot-5] [INFO] [1748620435.007144631] [spotrobot]: I heard: "{"performative": "query", "sender": "nurse_disinfected1", "receiver": "spotrobot1", "content": "Done|a_authorize_patrol"}"
[uvdrobot-4] [INFO] [1748620435.007287572] [uvdrobot]: I heard: "{"performative": "query", "sender": "nurse_disinfected1", "receiver": "spotrobot1", "content": "Done|a_authorize_patrol"}"
[spotrobot-5] [INFO] [1748620435.007453400] [spotrobot]: And it is for me
[nurse_disinfect-3] [INFO] [1748620435.007575386] [nurse_disinfect]: I heard: "{"performative": "query", "sender": "nurse_disinfected1", "receiver": "spotrobot1", "content": "Done|a_authorize_patrol"}"
[uvdrobot-4] [INFO] [1748620435.007772324] [uvdrobot]: And it is not for me
[spotrobot-5] [INFO] [1748620435.008013871] [spotrobot]: Already finished action
[nurse_disinfect-3] [INFO] [1748620435.008061488] [nurse_disinfect]: And it is not for me
[spotrobot-5] [INFO] [1748620435.008887315] [spotrobot]: success
[spotrobot-5] [INFO] [1748620435.009234455] [spotrobot]: Doing a_authorize_disinfect
[spotrobot-5] [INFO] [1748620435.009500494] [spotrobot]: a_authorize_disinfect
[spotrobot-5] [INFO] [1748620435.009775315] [spotrobot]: Here first, waiting for spotrobot
[nurse_disinfect-3] [INFO] [1748620435.010377931] [nurse_disinfect]: I heard: "{"performative": "query", "sender": "spotrobot1", "receiver": "uvdrobot1", "content": "Ready|a_authorize_disinfect"}"
[spotrobot-5] [INFO] [1748620435.010448729] [spotrobot]: I heard: "{"performative": "query", "sender": "spotrobot1", "receiver": "uvdrobot1", "content": "Ready|a_authorize_disinfect"}"
[uvdrobot-4] [INFO] [1748620435.010637329] [uvdrobot]: I heard: "{"performative": "query", "sender": "spotrobot1", "receiver": "uvdrobot1", "content": "Ready|a_authorize_disinfect"}"
[nurse_disinfect-3] [INFO] [1748620435.010664224] [nurse_disinfect]: And it is not for me
[spotrobot-5] [INFO] [1748620435.010740087] [spotrobot]: And it is not for me
[uvdrobot-4] [INFO] [1748620435.011180946] [uvdrobot]: And it is for me
[uvdrobot-4] [INFO] [1748620435.011554221] [uvdrobot]: Ready to act
[spotrobot-5] [INFO] [1748620435.012244672] [spotrobot]: I heard: "{"performative": "query", "sender": "uvdrobot1", "receiver": "spotrobot1", "content": "Done|a_authorize_disinfect"}"
[nurse_disinfect-3] [INFO] [1748620435.012357488] [nurse_disinfect]: I heard: "{"performative": "query", "sender": "uvdrobot1", "receiver": "spotrobot1", "content": "Done|a_authorize_disinfect"}"
[uvdrobot-4] [INFO] [1748620435.012539142] [uvdrobot]: I heard: "{"performative": "query", "sender": "uvdrobot1", "receiver": "spotrobot1", "content": "Done|a_authorize_disinfect"}"
[spotrobot-5] [INFO] [1748620435.012580292] [spotrobot]: And it is for me
[nurse_disinfect-3] [INFO] [1748620435.012816125] [nurse_disinfect]: And it is not for me
[spotrobot-5] [INFO] [1748620435.012836687] [spotrobot]: Finished action
[uvdrobot-4] [INFO] [1748620435.013005785] [uvdrobot]: And it is not for me
[spotrobot-5] [INFO] [1748620435.013564821] [spotrobot]: I heard: "{"performative": "query", "sender": "spotrobot1", "receiver": "uvdrobot1", "content": "Done|a_authorize_disinfect"}"
[nurse_disinfect-3] [INFO] [1748620435.013734951] [nurse_disinfect]: I heard: "{"performative": "query", "sender": "spotrobot1", "receiver": "uvdrobot1", "content": "Done|a_authorize_disinfect"}"
[spotrobot-5] [INFO] [1748620435.013849016] [spotrobot]: And it is not for me
[uvdrobot-4] [INFO] [1748620435.013885204] [uvdrobot]: I heard: "{"performative": "query", "sender": "spotrobot1", "receiver": "uvdrobot1", "content": "Done|a_authorize_disinfect"}"
[nurse_disinfect-3] [INFO] [1748620435.014201671] [nurse_disinfect]: And it is not for me
[uvdrobot-4] [INFO] [1748620435.014385297] [uvdrobot]: And it is for me
[uvdrobot-4] [INFO] [1748620435.014857274] [uvdrobot]: Finished action
[uvdrobot-4] [INFO] [1748620435.015612882] [uvdrobot]: Doing a_navto
[nurse_disinfect-3] [INFO] [1748620435.015676946] [nurse_disinfect]: I heard: "{"performative": "query", "sender": "uvdrobot1", "receiver": "spotrobot1", "content": "Done|a_authorize_disinfect"}"
[spotrobot-5] [INFO] [1748620435.015736775] [spotrobot]: I heard: "{"performative": "query", "sender": "uvdrobot1", "receiver": "spotrobot1", "content": "Done|a_authorize_disinfect"}"
[nurse_disinfect-3] [INFO] [1748620435.016160645] [nurse_disinfect]: And it is not for me
[uvdrobot-4] [INFO] [1748620435.016185152] [uvdrobot]: Waiting for response
[spotrobot-5] [INFO] [1748620435.016321973] [spotrobot]: And it is for me
[spotrobot-5] [INFO] [1748620435.016641457] [spotrobot]: Already finished action
[uvdrobot-4] [INFO] [1748620435.016970331] [uvdrobot]: I heard: "{"performative": "query", "sender": "uvdrobot1", "receiver": "spotrobot1", "content": "Done|a_authorize_disinfect"}"
[uvdrobot-4] [INFO] [1748620435.017504247] [uvdrobot]: And it is not for me
[uvdrobot-4] [INFO] [1748620435.018597199] [uvdrobot]: success
[uvdrobot-4] [INFO] [1748620435.018924459] [uvdrobot]: Doing a_disinfect_room
[uvdrobot-4] [INFO] [1748620435.019320841] [uvdrobot]: Waiting for response
[uvdrobot-4] [INFO] [1748620435.020535115] [uvdrobot]: success
[spotrobot-5] [INFO] [1748620435.022877499] [spotrobot]: Recebido sinal de desligamento do coordenador, finalizando...
[nurse_disinfect-3] [INFO] [1748620435.023009014] [nurse_disinfect]: Recebido sinal de desligamento do coordenador, finalizando...
[uvdrobot-4] [INFO] [1748620435.023127828] [uvdrobot]: Recebido sinal de desligamento do coordenador, finalizando...
[disinfect_environment-1] [INFO] [1748620435.023168577] [disinfect_environment]: Recebido sinal de desligamento do coordenador, finalizando...
[disinfect_planner-2] [INFO] [1748620435.023181504] [disinfect_planner]: Recebido sinal de desligamento do coordenador, finalizando...
[spotrobot-5] [INFO] [1748620435.023306077] [Quitting]: Done
[nurse_disinfect-3] [INFO] [1748620435.023693489] [Quitting]: Done
[uvdrobot-4] [INFO] [1748620435.023701419] [Quitting]: Done
[disinfect_environment-1] [INFO] [1748620435.023710001] [Quitting]: Done
[disinfect_planner-2] [INFO] [1748620435.023717087] [Quitting]: Done
[INFO] [nurse_disinfect-3]: process has finished cleanly [pid 23707]
[INFO] [disinfect_environment-1]: process has finished cleanly [pid 23703]
[INFO] [uvdrobot-4]: process has finished cleanly [pid 23709]
[INFO] [spotrobot-5]: process has finished cleanly [pid 23711]
[INFO] [disinfect_planner-2]: process has finished cleanly [pid 23705]
