[INFO] [launch]: All log files can be found below /home/rafael/.ros/log/2025-05-30-13-07-15-300986-NotebookRafael-37007
[INFO] [launch]: Default logging verbosity is set to INFO
[INFO] [disinfect_environment-1]: process started with pid [37010]
[INFO] [disinfect_planner-2]: process started with pid [37012]
[INFO] [nurse_disinfect-3]: process started with pid [37014]
[INFO] [uvdrobot-4]: process started with pid [37016]
[INFO] [spotrobot-5]: process started with pid [37018]
[disinfect_environment-1] [INFO] [1748621235.581606668] [disinfect_environment]: Starting Environment server
[disinfect_environment-1] [INFO] [1748621235.585721084] [disinfect_environment]: Environment server started
[disinfect_planner-2] [INFO] [1748621236.107330915] [disinfect_planner]: Starting Planner server
[disinfect_planner-2] [INFO] [1748621236.111288012] [disinfect_planner]: Planner server started
[disinfect_planner-2] [INFO] [1748621236.349625602] [disinfect_planner]: Creating plan for: spotrobot1 uvdrobot1 nurse_disinfected1
[disinfect_planner-2] [INFO] [1748621236.351340000] [disinfect_planner]: a_navto,spotrobot1,room1
[disinfect_planner-2] [INFO] [1748621236.351642861] [disinfect_planner]: a_open_door,spotrobot1,room1
[disinfect_planner-2] [INFO] [1748621236.351934731] [disinfect_planner]: a_approach_nurse,spotrobot1,nurse_disinfected1
[disinfect_planner-2] [INFO] [1748621236.352222192] [disinfect_planner]: a_authenticate_nurse,spotrobot1,nurse_disinfected1
[disinfect_planner-2] [INFO] [1748621236.352510088] [disinfect_planner]: a_authorize_patrol,spotrobot1,nurse_disinfected1
[disinfect_planner-2] [INFO] [1748621236.352839797] [disinfect_planner]: a_patrol_room,spotrobot1,room1
[disinfect_planner-2] [INFO] [1748621236.353130304] [disinfect_planner]: a_authorize_disinfect,uvdrobot1,spotrobot1
[disinfect_planner-2] [INFO] [1748621236.353416015] [disinfect_planner]: a_navto,uvdrobot1,room1
[disinfect_planner-2] [INFO] [1748621236.353702322] [disinfect_planner]: a_disinfect_room,uvdrobot1,room1
[disinfect_planner-2] [INFO] [1748621236.353988174] [disinfect_planner]: Sending response
[spotrobot-5] [INFO] [1748621236.355806687] [spotrobot]: response.response spotrobot1
[spotrobot-5] [INFO] [1748621236.356159195] [spotrobot]: My name is spotrobot1
[spotrobot-5] [INFO] [1748621236.356784321] [spotrobot]: I heard: "{"performative": "request", "sender": "Coordinator", "receiver": "uvdrobot1", "content": "Plan|a_authorize_disinfect,uvdrobot1,spotrobot1/a_navto,uvdrobot1,room1/a_disinfect_room,uvdrobot1,room1"}"
[spotrobot-5] [INFO] [1748621236.357174707] [spotrobot]: And it is not for me
[uvdrobot-4] [INFO] [1748621236.357963590] [uvdrobot]: response.response uvdrobot1
[spotrobot-5] [INFO] [1748621236.357987907] [spotrobot]: I heard: "{"performative": "request", "sender": "Coordinator", "receiver": "spotrobot1", "content": "Plan|a_navto,spotrobot1,room1/a_open_door,spotrobot1,room1/a_approach_nurse,spotrobot1,nurse_disinfected1/a_authenticate_nurse,spotrobot1,nurse_disinfected1/a_authorize_patrol,spotrobot1,nurse_disinfected1/a_patrol_room,spotrobot1,room1/a_authorize_disinfect,uvdrobot1,spotrobot1"}"
[spotrobot-5] [INFO] [1748621236.358313113] [spotrobot]: And it is for me
[uvdrobot-4] [INFO] [1748621236.358352339] [uvdrobot]: My name is uvdrobot1
[spotrobot-5] [INFO] [1748621236.358715664] [spotrobot]: Doing a_navto
[uvdrobot-4] [INFO] [1748621236.358995203] [uvdrobot]: I heard: "{"performative": "request", "sender": "Coordinator", "receiver": "uvdrobot1", "content": "Plan|a_authorize_disinfect,uvdrobot1,spotrobot1/a_navto,uvdrobot1,room1/a_disinfect_room,uvdrobot1,room1"}"
[uvdrobot-4] [INFO] [1748621236.359308707] [uvdrobot]: And it is for me
[spotrobot-5] [INFO] [1748621236.359367222] [spotrobot]: Wating for response
[uvdrobot-4] [INFO] [1748621236.359674402] [uvdrobot]: Doing a_authorize_disinfect
[uvdrobot-4] [INFO] [1748621236.360019900] [uvdrobot]: a_authorize_disinfect
[spotrobot-5] [INFO] [1748621236.360232735] [spotrobot]: I heard: "{"performative": "request", "sender": "Coordinator", "receiver": "nurse_disinfected1", "content": "Plan|a_approach_nurse,spotrobot1,nurse_disinfected1/a_authenticate_nurse,spotrobot1,nurse_disinfected1/a_authorize_patrol,spotrobot1,nurse_disinfected1"}"
[uvdrobot-4] [INFO] [1748621236.360278877] [uvdrobot]: Here first, waiting for spotrobot
[spotrobot-5] [INFO] [1748621236.360760054] [spotrobot]: And it is not for me
[uvdrobot-4] [INFO] [1748621236.361004922] [uvdrobot]: I heard: "{"performative": "request", "sender": "Coordinator", "receiver": "spotrobot1", "content": "Plan|a_navto,spotrobot1,room1/a_open_door,spotrobot1,room1/a_approach_nurse,spotrobot1,nurse_disinfected1/a_authenticate_nurse,spotrobot1,nurse_disinfected1/a_authorize_patrol,spotrobot1,nurse_disinfected1/a_patrol_room,spotrobot1,room1/a_authorize_disinfect,uvdrobot1,spotrobot1"}"
[uvdrobot-4] [INFO] [1748621236.361317821] [uvdrobot]: And it is not for me
[spotrobot-5] [INFO] [1748621236.361601843] [spotrobot]: I heard: "{"performative": "query", "sender": "uvdrobot1", "receiver": "spotrobot1", "content": "Ready|a_authorize_disinfect"}"
[nurse_disinfect-3] [INFO] [1748621236.361629551] [nurse_disinfect]: response.response nurse_disinfected1
[uvdrobot-4] [INFO] [1748621236.361683222] [uvdrobot]: I heard: "{"performative": "query", "sender": "uvdrobot1", "receiver": "spotrobot1", "content": "Ready|a_authorize_disinfect"}"
[uvdrobot-4] [INFO] [1748621236.361956418] [uvdrobot]: And it is not for me
[nurse_disinfect-3] [INFO] [1748621236.361966488] [nurse_disinfect]: My name is nurse_disinfected1
[spotrobot-5] [INFO] [1748621236.362143617] [spotrobot]: And it is for me
[uvdrobot-4] [INFO] [1748621236.362470133] [uvdrobot]: I heard: "{"performative": "request", "sender": "Coordinator", "receiver": "nurse_disinfected1", "content": "Plan|a_approach_nurse,spotrobot1,nurse_disinfected1/a_authenticate_nurse,spotrobot1,nurse_disinfected1/a_authorize_patrol,spotrobot1,nurse_disinfected1"}"
[spotrobot-5] [INFO] [1748621236.362655383] [spotrobot]: No there yet
[uvdrobot-4] [INFO] [1748621236.362724418] [uvdrobot]: And it is not for me
[spotrobot-5] [INFO] [1748621236.363847655] [spotrobot]: success
[spotrobot-5] [INFO] [1748621236.364455535] [spotrobot]: Doing a_open_door
[spotrobot-5] [INFO] [1748621236.365089204] [spotrobot]: Wating for response
[spotrobot-5] [INFO] [1748621236.367379137] [spotrobot]: success
[spotrobot-5] [INFO] [1748621236.367939812] [spotrobot]: Doing a_approach_nurse
[spotrobot-5] [INFO] [1748621236.368521640] [spotrobot]: Wating for response
[spotrobot-5] [INFO] [1748621236.369422572] [spotrobot]: success
[spotrobot-5] [INFO] [1748621236.369909601] [spotrobot]: Doing a_authenticate_nurse
[spotrobot-5] [INFO] [1748621236.370303628] [spotrobot]: a_authenticate_nurse
[spotrobot-5] [INFO] [1748621236.370669002] [spotrobot]: Here first, waiting for nurse
[uvdrobot-4] [INFO] [1748621236.371292075] [uvdrobot]: I heard: "{"performative": "query", "sender": "spotrobot1", "receiver": "nurse_disinfected1", "content": "Ready|a_authenticate_nurse"}"
[spotrobot-5] [INFO] [1748621236.371472912] [spotrobot]: I heard: "{"performative": "query", "sender": "spotrobot1", "receiver": "nurse_disinfected1", "content": "Ready|a_authenticate_nurse"}"
[uvdrobot-4] [INFO] [1748621236.371660409] [uvdrobot]: And it is not for me
[spotrobot-5] [INFO] [1748621236.371916207] [spotrobot]: And it is not for me
[nurse_disinfect-3] [INFO] [1748621237.363677489] [nurse_disinfect]: I heard: "{"performative": "request", "sender": "Coordinator", "receiver": "uvdrobot1", "content": "Plan|a_authorize_disinfect,uvdrobot1,spotrobot1/a_navto,uvdrobot1,room1/a_disinfect_room,uvdrobot1,room1"}"
[nurse_disinfect-3] [INFO] [1748621237.364029893] [nurse_disinfect]: And it is not for me
[nurse_disinfect-3] [INFO] [1748621237.364497520] [nurse_disinfect]: I heard: "{"performative": "query", "sender": "uvdrobot1", "receiver": "spotrobot1", "content": "Ready|a_authorize_disinfect"}"
[nurse_disinfect-3] [INFO] [1748621237.364901244] [nurse_disinfect]: And it is not for me
[nurse_disinfect-3] [INFO] [1748621237.365776492] [nurse_disinfect]: I heard: "{"performative": "request", "sender": "Coordinator", "receiver": "spotrobot1", "content": "Plan|a_navto,spotrobot1,room1/a_open_door,spotrobot1,room1/a_approach_nurse,spotrobot1,nurse_disinfected1/a_authenticate_nurse,spotrobot1,nurse_disinfected1/a_authorize_patrol,spotrobot1,nurse_disinfected1/a_patrol_room,spotrobot1,room1/a_authorize_disinfect,uvdrobot1,spotrobot1"}"
[nurse_disinfect-3] [INFO] [1748621237.366149027] [nurse_disinfect]: And it is not for me
[nurse_disinfect-3] [INFO] [1748621237.366601224] [nurse_disinfect]: I heard: "{"performative": "query", "sender": "spotrobot1", "receiver": "nurse_disinfected1", "content": "Ready|a_authenticate_nurse"}"
[nurse_disinfect-3] [INFO] [1748621237.367013775] [nurse_disinfect]: And it is for me
[nurse_disinfect-3] [INFO] [1748621237.367507728] [nurse_disinfect]: No there yet
[nurse_disinfect-3] [INFO] [1748621237.368049871] [nurse_disinfect]: I heard: "{"performative": "request", "sender": "Coordinator", "receiver": "nurse_disinfected1", "content": "Plan|a_approach_nurse,spotrobot1,nurse_disinfected1/a_authenticate_nurse,spotrobot1,nurse_disinfected1/a_authorize_patrol,spotrobot1,nurse_disinfected1"}"
[nurse_disinfect-3] [INFO] [1748621237.368425452] [nurse_disinfect]: And it is for me
[nurse_disinfect-3] [INFO] [1748621237.369902923] [nurse_disinfect]: a_approach_nurse
[nurse_disinfect-3] [INFO] [1748621237.370297755] [nurse_disinfect]: a_authenticate_nurse
[nurse_disinfect-3] [INFO] [1748621237.370666099] [nurse_disinfect]: Doing a_authenticate_nurse
[nurse_disinfect-3] [INFO] [1748621237.370968781] [nurse_disinfect]: a_authenticate_nurse
[nurse_disinfect-3] [INFO] [1748621237.371227748] [nurse_disinfect]: Robot is waiting, send action message
[nurse_disinfect-3] [INFO] [1748621237.371847870] [nurse_disinfect]: I heard: "{"performative": "query", "sender": "nurse_disinfected1", "receiver": "spotrobot1", "content": "Done|a_authenticate_nurse"}"
[uvdrobot-4] [INFO] [1748621237.371850290] [uvdrobot]: I heard: "{"performative": "query", "sender": "nurse_disinfected1", "receiver": "spotrobot1", "content": "Done|a_authenticate_nurse"}"
[spotrobot-5] [INFO] [1748621237.371904970] [spotrobot]: I heard: "{"performative": "query", "sender": "nurse_disinfected1", "receiver": "spotrobot1", "content": "Done|a_authenticate_nurse"}"
[nurse_disinfect-3] [INFO] [1748621237.372289510] [nurse_disinfect]: And it is not for me
[spotrobot-5] [INFO] [1748621237.372457405] [spotrobot]: And it is for me
[uvdrobot-4] [INFO] [1748621237.372482548] [uvdrobot]: And it is not for me
[spotrobot-5] [INFO] [1748621237.372977998] [spotrobot]: Finished action
[nurse_disinfect-3] [INFO] [1748621237.373616690] [nurse_disinfect]: I heard: "{"performative": "query", "sender": "spotrobot1", "receiver": "nurse_disinfected1", "content": "Done|a_authenticate_nurse"}"
[uvdrobot-4] [INFO] [1748621237.373618904] [uvdrobot]: I heard: "{"performative": "query", "sender": "spotrobot1", "receiver": "nurse_disinfected1", "content": "Done|a_authenticate_nurse"}"
[spotrobot-5] [INFO] [1748621237.373663082] [spotrobot]: Doing a_authorize_patrol
[uvdrobot-4] [INFO] [1748621237.373919552] [uvdrobot]: And it is not for me
[nurse_disinfect-3] [INFO] [1748621237.373980020] [nurse_disinfect]: And it is for me
[spotrobot-5] [INFO] [1748621237.374193257] [spotrobot]: a_authorize_patrol
[nurse_disinfect-3] [INFO] [1748621237.374251059] [nurse_disinfect]: Finished action
[nurse_disinfect-3] [INFO] [1748621237.374666135] [nurse_disinfect]: a_authorize_patrol
[spotrobot-5] [INFO] [1748621237.374674175] [spotrobot]: Here first, waiting for nurse
[uvdrobot-4] [INFO] [1748621237.374885786] [uvdrobot]: I heard: "{"performative": "query", "sender": "nurse_disinfected1", "receiver": "spotrobot1", "content": "Done|a_authenticate_nurse"}"
[nurse_disinfect-3] [INFO] [1748621237.375001198] [nurse_disinfect]: Doing a_authorize_patrol
[nurse_disinfect-3] [INFO] [1748621237.375312186] [nurse_disinfect]: a_authorize_patrol
[uvdrobot-4] [INFO] [1748621237.375363620] [uvdrobot]: And it is not for me
[nurse_disinfect-3] [INFO] [1748621237.375582099] [nurse_disinfect]: Here first, waiting for robot
[spotrobot-5] [INFO] [1748621237.375675402] [spotrobot]: I heard: "{"performative": "query", "sender": "spotrobot1", "receiver": "nurse_disinfected1", "content": "Done|a_authenticate_nurse"}"
[uvdrobot-4] [INFO] [1748621237.376194728] [uvdrobot]: I heard: "{"performative": "query", "sender": "spotrobot1", "receiver": "nurse_disinfected1", "content": "Ready|a_authorize_patrol"}"
[spotrobot-5] [INFO] [1748621237.376212626] [spotrobot]: And it is not for me
[nurse_disinfect-3] [INFO] [1748621237.376267088] [nurse_disinfect]: I heard: "{"performative": "query", "sender": "nurse_disinfected1", "receiver": "spotrobot1", "content": "Done|a_authenticate_nurse"}"
[nurse_disinfect-3] [INFO] [1748621237.376539923] [nurse_disinfect]: And it is not for me
[uvdrobot-4] [INFO] [1748621237.376764504] [uvdrobot]: And it is not for me
[nurse_disinfect-3] [INFO] [1748621237.377089890] [nurse_disinfect]: I heard: "{"performative": "query", "sender": "spotrobot1", "receiver": "nurse_disinfected1", "content": "Ready|a_authorize_patrol"}"
[spotrobot-5] [INFO] [1748621237.377140150] [spotrobot]: I heard: "{"performative": "query", "sender": "nurse_disinfected1", "receiver": "spotrobot1", "content": "Done|a_authenticate_nurse"}"
[nurse_disinfect-3] [INFO] [1748621237.377485516] [nurse_disinfect]: And it is for me
[spotrobot-5] [INFO] [1748621237.377640234] [spotrobot]: And it is for me
[uvdrobot-4] [INFO] [1748621237.377729622] [uvdrobot]: I heard: "{"performative": "query", "sender": "nurse_disinfected1", "receiver": "spotrobot1", "content": "Ready|a_authorize_patrol"}"
[nurse_disinfect-3] [INFO] [1748621237.377802416] [nurse_disinfect]: Ready to act
[spotrobot-5] [INFO] [1748621237.378156910] [spotrobot]: Already finished action
[uvdrobot-4] [INFO] [1748621237.378277705] [uvdrobot]: And it is not for me
[nurse_disinfect-3] [INFO] [1748621237.378508009] [nurse_disinfect]: I heard: "{"performative": "query", "sender": "nurse_disinfected1", "receiver": "spotrobot1", "content": "Ready|a_authorize_patrol"}"
[nurse_disinfect-3] [INFO] [1748621237.378783002] [nurse_disinfect]: And it is not for me
[spotrobot-5] [INFO] [1748621237.379079108] [spotrobot]: I heard: "{"performative": "query", "sender": "spotrobot1", "receiver": "nurse_disinfected1", "content": "Ready|a_authorize_patrol"}"
[uvdrobot-4] [INFO] [1748621237.379222702] [uvdrobot]: I heard: "{"performative": "query", "sender": "nurse_disinfected1", "receiver": "spotrobot1", "content": "Done|a_authorize_patrol"}"
[nurse_disinfect-3] [INFO] [1748621237.379282158] [nurse_disinfect]: I heard: "{"performative": "query", "sender": "nurse_disinfected1", "receiver": "spotrobot1", "content": "Done|a_authorize_patrol"}"
[nurse_disinfect-3] [INFO] [1748621237.379609067] [nurse_disinfect]: And it is not for me
[spotrobot-5] [INFO] [1748621237.379618158] [spotrobot]: And it is not for me
[uvdrobot-4] [INFO] [1748621237.379721509] [uvdrobot]: And it is not for me
[spotrobot-5] [INFO] [1748621237.380323391] [spotrobot]: I heard: "{"performative": "query", "sender": "nurse_disinfected1", "receiver": "spotrobot1", "content": "Ready|a_authorize_patrol"}"
[spotrobot-5] [INFO] [1748621237.380649165] [spotrobot]: And it is for me
[spotrobot-5] [INFO] [1748621237.381034537] [spotrobot]: Ready to act
[nurse_disinfect-3] [INFO] [1748621237.381711381] [nurse_disinfect]: I heard: "{"performative": "query", "sender": "spotrobot1", "receiver": "nurse_disinfected1", "content": "Done|a_authorize_patrol"}"
[spotrobot-5] [INFO] [1748621237.381773154] [spotrobot]: I heard: "{"performative": "query", "sender": "nurse_disinfected1", "receiver": "spotrobot1", "content": "Done|a_authorize_patrol"}"
[uvdrobot-4] [INFO] [1748621237.381812035] [uvdrobot]: I heard: "{"performative": "query", "sender": "spotrobot1", "receiver": "nurse_disinfected1", "content": "Done|a_authorize_patrol"}"
[nurse_disinfect-3] [INFO] [1748621237.382044855] [nurse_disinfect]: And it is for me
[spotrobot-5] [INFO] [1748621237.382271327] [spotrobot]: And it is for me
[nurse_disinfect-3] [INFO] [1748621237.382301722] [nurse_disinfect]: Finished action
[uvdrobot-4] [INFO] [1748621237.382338711] [uvdrobot]: And it is not for me
[spotrobot-5] [INFO] [1748621237.382700886] [spotrobot]: Finished action
[nurse_disinfect-3] [INFO] [1748621237.383121251] [nurse_disinfect]: I heard: "{"performative": "query", "sender": "nurse_disinfected1", "receiver": "spotrobot1", "content": "Done|a_authorize_patrol"}"
[spotrobot-5] [INFO] [1748621237.383145326] [spotrobot]: Doing a_patrol_room
[uvdrobot-4] [INFO] [1748621237.383220742] [uvdrobot]: I heard: "{"performative": "query", "sender": "nurse_disinfected1", "receiver": "spotrobot1", "content": "Done|a_authorize_patrol"}"
[spotrobot-5] [INFO] [1748621237.383569617] [spotrobot]: Wating for response
[nurse_disinfect-3] [INFO] [1748621237.383706058] [nurse_disinfect]: And it is not for me
[uvdrobot-4] [INFO] [1748621237.383715415] [uvdrobot]: And it is not for me
[spotrobot-5] [INFO] [1748621237.384291206] [spotrobot]: I heard: "{"performative": "query", "sender": "spotrobot1", "receiver": "nurse_disinfected1", "content": "Done|a_authorize_patrol"}"
[nurse_disinfect-3] [INFO] [1748621237.384475326] [nurse_disinfect]: I heard: "{"performative": "query", "sender": "spotrobot1", "receiver": "nurse_disinfected1", "content": "Done|a_authorize_patrol"}"
[uvdrobot-4] [INFO] [1748621237.384681431] [uvdrobot]: I heard: "{"performative": "query", "sender": "spotrobot1", "receiver": "nurse_disinfected1", "content": "Done|a_authorize_patrol"}"
[nurse_disinfect-3] [INFO] [1748621237.384754642] [nurse_disinfect]: And it is for me
[spotrobot-5] [INFO] [1748621237.384802349] [spotrobot]: And it is not for me
[nurse_disinfect-3] [INFO] [1748621237.385010157] [nurse_disinfect]: Already finished action
[uvdrobot-4] [INFO] [1748621237.385241851] [uvdrobot]: And it is not for me
[spotrobot-5] [INFO] [1748621237.385499276] [spotrobot]: I heard: "{"performative": "query", "sender": "nurse_disinfected1", "receiver": "spotrobot1", "content": "Done|a_authorize_patrol"}"
[spotrobot-5] [INFO] [1748621237.385781486] [spotrobot]: And it is for me
[spotrobot-5] [INFO] [1748621237.386089352] [spotrobot]: Already finished action
[spotrobot-5] [INFO] [1748621237.386679401] [spotrobot]: I heard: "{"performative": "query", "sender": "spotrobot1", "receiver": "nurse_disinfected1", "content": "Done|a_authorize_patrol"}"
[spotrobot-5] [INFO] [1748621237.387032646] [spotrobot]: And it is not for me
[spotrobot-5] [INFO] [1748621237.388255029] [spotrobot]: success
[spotrobot-5] [INFO] [1748621237.388618879] [spotrobot]: Doing a_authorize_disinfect
[spotrobot-5] [INFO] [1748621237.388930709] [spotrobot]: a_authorize_disinfect
[spotrobot-5] [INFO] [1748621237.389280502] [spotrobot]: Here first, waiting for spotrobot
[uvdrobot-4] [INFO] [1748621237.389845721] [uvdrobot]: I heard: "{"performative": "query", "sender": "spotrobot1", "receiver": "uvdrobot1", "content": "Ready|a_authorize_disinfect"}"
[nurse_disinfect-3] [INFO] [1748621237.389901148] [nurse_disinfect]: I heard: "{"performative": "query", "sender": "spotrobot1", "receiver": "uvdrobot1", "content": "Ready|a_authorize_disinfect"}"
[spotrobot-5] [INFO] [1748621237.390067271] [spotrobot]: I heard: "{"performative": "query", "sender": "spotrobot1", "receiver": "uvdrobot1", "content": "Ready|a_authorize_disinfect"}"
[nurse_disinfect-3] [INFO] [1748621237.390194285] [nurse_disinfect]: And it is not for me
[spotrobot-5] [INFO] [1748621237.390342339] [spotrobot]: And it is not for me
[uvdrobot-4] [INFO] [1748621237.390424976] [uvdrobot]: And it is for me
[uvdrobot-4] [INFO] [1748621237.390781816] [uvdrobot]: Ready to act
[nurse_disinfect-3] [INFO] [1748621237.391349199] [nurse_disinfect]: I heard: "{"performative": "query", "sender": "uvdrobot1", "receiver": "spotrobot1", "content": "Done|a_authorize_disinfect"}"
[spotrobot-5] [INFO] [1748621237.391408566] [spotrobot]: I heard: "{"performative": "query", "sender": "uvdrobot1", "receiver": "spotrobot1", "content": "Done|a_authorize_disinfect"}"
[uvdrobot-4] [INFO] [1748621237.391419638] [uvdrobot]: I heard: "{"performative": "query", "sender": "uvdrobot1", "receiver": "spotrobot1", "content": "Done|a_authorize_disinfect"}"
[nurse_disinfect-3] [INFO] [1748621237.391673128] [nurse_disinfect]: And it is not for me
[spotrobot-5] [INFO] [1748621237.391683019] [spotrobot]: And it is for me
[uvdrobot-4] [INFO] [1748621237.391699048] [uvdrobot]: And it is not for me
[spotrobot-5] [INFO] [1748621237.391937323] [spotrobot]: Finished action
[uvdrobot-4] [INFO] [1748621237.392535756] [uvdrobot]: I heard: "{"performative": "query", "sender": "spotrobot1", "receiver": "uvdrobot1", "content": "Done|a_authorize_disinfect"}"
[spotrobot-5] [INFO] [1748621237.392649925] [spotrobot]: I heard: "{"performative": "query", "sender": "spotrobot1", "receiver": "uvdrobot1", "content": "Done|a_authorize_disinfect"}"
[nurse_disinfect-3] [INFO] [1748621237.392761491] [nurse_disinfect]: I heard: "{"performative": "query", "sender": "spotrobot1", "receiver": "uvdrobot1", "content": "Done|a_authorize_disinfect"}"
[uvdrobot-4] [INFO] [1748621237.392864926] [uvdrobot]: And it is for me
[spotrobot-5] [INFO] [1748621237.393022006] [spotrobot]: And it is not for me
[uvdrobot-4] [INFO] [1748621237.393196357] [uvdrobot]: Finished action
[nurse_disinfect-3] [INFO] [1748621237.393254158] [nurse_disinfect]: And it is not for me
[spotrobot-5] [INFO] [1748621237.393691735] [spotrobot]: I heard: "{"performative": "query", "sender": "uvdrobot1", "receiver": "spotrobot1", "content": "Done|a_authorize_disinfect"}"
[uvdrobot-4] [INFO] [1748621237.393721954] [uvdrobot]: Doing a_navto
[spotrobot-5] [INFO] [1748621237.393983813] [spotrobot]: And it is for me
[nurse_disinfect-3] [INFO] [1748621237.394171702] [nurse_disinfect]: I heard: "{"performative": "query", "sender": "uvdrobot1", "receiver": "spotrobot1", "content": "Done|a_authorize_disinfect"}"
[uvdrobot-4] [INFO] [1748621237.394243777] [uvdrobot]: Waiting for response
[spotrobot-5] [INFO] [1748621237.394344475] [spotrobot]: Already finished action
[nurse_disinfect-3] [INFO] [1748621237.394717922] [nurse_disinfect]: And it is not for me
[uvdrobot-4] [INFO] [1748621237.394757427] [uvdrobot]: I heard: "{"performative": "query", "sender": "uvdrobot1", "receiver": "spotrobot1", "content": "Done|a_authorize_disinfect"}"
[uvdrobot-4] [INFO] [1748621237.395135524] [uvdrobot]: And it is not for me
[uvdrobot-4] [INFO] [1748621237.395860216] [uvdrobot]: success
[uvdrobot-4] [INFO] [1748621237.396224010] [uvdrobot]: Doing a_disinfect_room
[uvdrobot-4] [INFO] [1748621237.396853657] [uvdrobot]: Waiting for response
[uvdrobot-4] [INFO] [1748621237.398209104] [uvdrobot]: success
[disinfect_environment-1] [INFO] [1748621237.400216474] [disinfect_environment]: Recebido sinal de desligamento do coordenador, finalizando...
[uvdrobot-4] [INFO] [1748621237.400311782] [uvdrobot]: Recebido sinal de desligamento do coordenador, finalizando...
[disinfect_planner-2] [INFO] [1748621237.400373931] [disinfect_planner]: Recebido sinal de desligamento do coordenador, finalizando...
[nurse_disinfect-3] [INFO] [1748621237.400435256] [nurse_disinfect]: Recebido sinal de desligamento do coordenador, finalizando...
[spotrobot-5] [INFO] [1748621237.400456913] [spotrobot]: Recebido sinal de desligamento do coordenador, finalizando...
[disinfect_environment-1] [INFO] [1748621237.400674470] [Quitting]: Done
[disinfect_planner-2] [INFO] [1748621237.400927133] [Quitting]: Done
[uvdrobot-4] [INFO] [1748621237.400973054] [Quitting]: Done
[nurse_disinfect-3] [INFO] [1748621237.400991825] [Quitting]: Done
[spotrobot-5] [INFO] [1748621237.401000191] [Quitting]: Done
[INFO] [disinfect_environment-1]: process has finished cleanly [pid 37010]
[INFO] [spotrobot-5]: process has finished cleanly [pid 37018]
[INFO] [uvdrobot-4]: process has finished cleanly [pid 37016]
[INFO] [nurse_disinfect-3]: process has finished cleanly [pid 37014]
