[INFO] [launch]: All log files can be found below /home/rafael/.ros/log/2025-05-30-12-56-21-187605-NotebookRafael-26150
[INFO] [launch]: Default logging verbosity is set to INFO
[INFO] [disinfect_environment-1]: process started with pid [26153]
[INFO] [disinfect_planner-2]: process started with pid [26155]
[INFO] [nurse_disinfect-3]: process started with pid [26157]
[INFO] [uvdrobot-4]: process started with pid [26159]
[INFO] [spotrobot-5]: process started with pid [26161]
[disinfect_environment-1] [INFO] [1748620581.456124411] [disinfect_environment]: Starting Environment server
[disinfect_environment-1] [INFO] [1748620581.460495285] [disinfect_environment]: Environment server started
[disinfect_planner-2] [INFO] [1748620581.969045499] [disinfect_planner]: Starting Planner server
[disinfect_planner-2] [INFO] [1748620581.973409708] [disinfect_planner]: Planner server started
[disinfect_planner-2] [INFO] [1748620582.216454220] [disinfect_planner]: Creating plan for: spotrobot1 uvdrobot1 nurse_disinfected1
[disinfect_planner-2] [INFO] [1748620582.217997830] [disinfect_planner]: a_navto,spotrobot1,room1
[disinfect_planner-2] [INFO] [1748620582.218328330] [disinfect_planner]: a_open_door,spotrobot1,room1
[disinfect_planner-2] [INFO] [1748620582.218639463] [disinfect_planner]: a_approach_nurse,spotrobot1,nurse_disinfected1
[disinfect_planner-2] [INFO] [1748620582.218985399] [disinfect_planner]: a_authenticate_nurse,spotrobot1,nurse_disinfected1
[disinfect_planner-2] [INFO] [1748620582.219287253] [disinfect_planner]: a_authorize_patrol,spotrobot1,nurse_disinfected1
[disinfect_planner-2] [INFO] [1748620582.219588809] [disinfect_planner]: a_patrol_room,spotrobot1,room1
[disinfect_planner-2] [INFO] [1748620582.219887637] [disinfect_planner]: a_authorize_disinfect,uvdrobot1,spotrobot1
[disinfect_planner-2] [INFO] [1748620582.220185504] [disinfect_planner]: a_navto,uvdrobot1,room1
[disinfect_planner-2] [INFO] [1748620582.220488193] [disinfect_planner]: a_disinfect_room,uvdrobot1,room1
[disinfect_planner-2] [INFO] [1748620582.220827434] [disinfect_planner]: Sending response
[spotrobot-5] [INFO] [1748620582.222116175] [spotrobot]: response.response spotrobot1
[spotrobot-5] [INFO] [1748620582.222581093] [spotrobot]: My name is spotrobot1
[spotrobot-5] [INFO] [1748620582.223383792] [spotrobot]: I heard: "{"performative": "request", "sender": "Coordinator", "receiver": "uvdrobot1", "content": "Plan|a_authorize_disinfect,uvdrobot1,spotrobot1/a_navto,uvdrobot1,room1/a_disinfect_room,uvdrobot1,room1"}"
[spotrobot-5] [INFO] [1748620582.223716462] [spotrobot]: And it is not for me
[spotrobot-5] [INFO] [1748620582.224352907] [spotrobot]: I heard: "{"performative": "request", "sender": "Coordinator", "receiver": "spotrobot1", "content": "Plan|a_navto,spotrobot1,room1/a_open_door,spotrobot1,room1/a_approach_nurse,spotrobot1,nurse_disinfected1/a_authenticate_nurse,spotrobot1,nurse_disinfected1/a_authorize_patrol,spotrobot1,nurse_disinfected1/a_patrol_room,spotrobot1,room1/a_authorize_disinfect,uvdrobot1,spotrobot1"}"
[spotrobot-5] [INFO] [1748620582.224676211] [spotrobot]: And it is for me
[spotrobot-5] [INFO] [1748620582.225352416] [spotrobot]: Doing a_navto
[spotrobot-5] [INFO] [1748620582.225953760] [spotrobot]: Wating for response
[spotrobot-5] [INFO] [1748620582.226725479] [spotrobot]: I heard: "{"performative": "request", "sender": "Coordinator", "receiver": "nurse_disinfected1", "content": "Plan|a_approach_nurse,spotrobot1,nurse_disinfected1/a_authenticate_nurse,spotrobot1,nurse_disinfected1/a_authorize_patrol,spotrobot1,nurse_disinfected1"}"
[spotrobot-5] [INFO] [1748620582.227215891] [spotrobot]: And it is not for me
[spotrobot-5] [INFO] [1748620582.228453383] [spotrobot]: success
[spotrobot-5] [INFO] [1748620582.229070164] [spotrobot]: Doing a_open_door
[nurse_disinfect-3] [INFO] [1748620582.229439531] [nurse_disinfect]: response.response nurse_disinfected1
[spotrobot-5] [INFO] [1748620582.229783919] [spotrobot]: Wating for response
[nurse_disinfect-3] [INFO] [1748620582.230019828] [nurse_disinfect]: My name is nurse_disinfected1
[uvdrobot-4] [INFO] [1748620582.231337674] [uvdrobot]: response.response uvdrobot1
[spotrobot-5] [INFO] [1748620582.231540771] [spotrobot]: success
[uvdrobot-4] [INFO] [1748620582.231974292] [uvdrobot]: My name is uvdrobot1
[spotrobot-5] [INFO] [1748620582.231980021] [spotrobot]: Doing a_approach_nurse
[spotrobot-5] [INFO] [1748620582.232394814] [spotrobot]: Wating for response
[uvdrobot-4] [INFO] [1748620582.233090842] [uvdrobot]: I heard: "{"performative": "request", "sender": "Coordinator", "receiver": "uvdrobot1", "content": "Plan|a_authorize_disinfect,uvdrobot1,spotrobot1/a_navto,uvdrobot1,room1/a_disinfect_room,uvdrobot1,room1"}"
[spotrobot-5] [INFO] [1748620582.233381614] [spotrobot]: success
[uvdrobot-4] [INFO] [1748620582.233729929] [uvdrobot]: And it is for me
[spotrobot-5] [INFO] [1748620582.233978203] [spotrobot]: Doing a_authenticate_nurse
[spotrobot-5] [INFO] [1748620582.234394226] [spotrobot]: a_authenticate_nurse
[uvdrobot-4] [INFO] [1748620582.234406681] [uvdrobot]: Doing a_authorize_disinfect
[spotrobot-5] [INFO] [1748620582.234764475] [spotrobot]: Here first, waiting for nurse
[uvdrobot-4] [INFO] [1748620582.234974289] [uvdrobot]: a_authorize_disinfect
[uvdrobot-4] [INFO] [1748620582.235509504] [uvdrobot]: Here first, waiting for spotrobot
[spotrobot-5] [INFO] [1748620582.235511324] [spotrobot]: I heard: "{"performative": "query", "sender": "spotrobot1", "receiver": "nurse_disinfected1", "content": "Ready|a_authenticate_nurse"}"
[spotrobot-5] [INFO] [1748620582.236061400] [spotrobot]: And it is not for me
[spotrobot-5] [INFO] [1748620582.236722101] [spotrobot]: I heard: "{"performative": "query", "sender": "uvdrobot1", "receiver": "spotrobot1", "content": "Ready|a_authorize_disinfect"}"
[uvdrobot-4] [INFO] [1748620582.236737812] [uvdrobot]: I heard: "{"performative": "request", "sender": "Coordinator", "receiver": "spotrobot1", "content": "Plan|a_navto,spotrobot1,room1/a_open_door,spotrobot1,room1/a_approach_nurse,spotrobot1,nurse_disinfected1/a_authenticate_nurse,spotrobot1,nurse_disinfected1/a_authorize_patrol,spotrobot1,nurse_disinfected1/a_patrol_room,spotrobot1,room1/a_authorize_disinfect,uvdrobot1,spotrobot1"}"
[spotrobot-5] [INFO] [1748620582.237165241] [spotrobot]: And it is for me
[uvdrobot-4] [INFO] [1748620582.237268629] [uvdrobot]: And it is not for me
[spotrobot-5] [INFO] [1748620582.237684348] [spotrobot]: No there yet
[uvdrobot-4] [INFO] [1748620582.237910895] [uvdrobot]: I heard: "{"performative": "query", "sender": "spotrobot1", "receiver": "nurse_disinfected1", "content": "Ready|a_authenticate_nurse"}"
[uvdrobot-4] [INFO] [1748620582.238432163] [uvdrobot]: And it is not for me
[uvdrobot-4] [INFO] [1748620582.239381403] [uvdrobot]: I heard: "{"performative": "request", "sender": "Coordinator", "receiver": "nurse_disinfected1", "content": "Plan|a_approach_nurse,spotrobot1,nurse_disinfected1/a_authenticate_nurse,spotrobot1,nurse_disinfected1/a_authorize_patrol,spotrobot1,nurse_disinfected1"}"
[uvdrobot-4] [INFO] [1748620582.239762661] [uvdrobot]: And it is not for me
[uvdrobot-4] [INFO] [1748620582.240180653] [uvdrobot]: I heard: "{"performative": "query", "sender": "uvdrobot1", "receiver": "spotrobot1", "content": "Ready|a_authorize_disinfect"}"
[uvdrobot-4] [INFO] [1748620582.240500470] [uvdrobot]: And it is not for me
[nurse_disinfect-3] [INFO] [1748620583.231721980] [nurse_disinfect]: I heard: "{"performative": "request", "sender": "Coordinator", "receiver": "uvdrobot1", "content": "Plan|a_authorize_disinfect,uvdrobot1,spotrobot1/a_navto,uvdrobot1,room1/a_disinfect_room,uvdrobot1,room1"}"
[nurse_disinfect-3] [INFO] [1748620583.232088684] [nurse_disinfect]: And it is not for me
[nurse_disinfect-3] [INFO] [1748620583.232637049] [nurse_disinfect]: I heard: "{"performative": "query", "sender": "spotrobot1", "receiver": "nurse_disinfected1", "content": "Ready|a_authenticate_nurse"}"
[nurse_disinfect-3] [INFO] [1748620583.233029835] [nurse_disinfect]: And it is for me
[nurse_disinfect-3] [INFO] [1748620583.233400359] [nurse_disinfect]: No there yet
[nurse_disinfect-3] [INFO] [1748620583.234073088] [nurse_disinfect]: I heard: "{"performative": "request", "sender": "Coordinator", "receiver": "spotrobot1", "content": "Plan|a_navto,spotrobot1,room1/a_open_door,spotrobot1,room1/a_approach_nurse,spotrobot1,nurse_disinfected1/a_authenticate_nurse,spotrobot1,nurse_disinfected1/a_authorize_patrol,spotrobot1,nurse_disinfected1/a_patrol_room,spotrobot1,room1/a_authorize_disinfect,uvdrobot1,spotrobot1"}"
[nurse_disinfect-3] [INFO] [1748620583.234485028] [nurse_disinfect]: And it is not for me
[nurse_disinfect-3] [INFO] [1748620583.234903604] [nurse_disinfect]: I heard: "{"performative": "query", "sender": "uvdrobot1", "receiver": "spotrobot1", "content": "Ready|a_authorize_disinfect"}"
[nurse_disinfect-3] [INFO] [1748620583.235334815] [nurse_disinfect]: And it is not for me
[nurse_disinfect-3] [INFO] [1748620583.236015695] [nurse_disinfect]: I heard: "{"performative": "request", "sender": "Coordinator", "receiver": "nurse_disinfected1", "content": "Plan|a_approach_nurse,spotrobot1,nurse_disinfected1/a_authenticate_nurse,spotrobot1,nurse_disinfected1/a_authorize_patrol,spotrobot1,nurse_disinfected1"}"
[nurse_disinfect-3] [INFO] [1748620583.236574753] [nurse_disinfect]: And it is for me
[nurse_disinfect-3] [INFO] [1748620583.238023993] [nurse_disinfect]: a_approach_nurse
[nurse_disinfect-3] [INFO] [1748620583.238408328] [nurse_disinfect]: a_authenticate_nurse
[nurse_disinfect-3] [INFO] [1748620583.238777758] [nurse_disinfect]: Doing a_authenticate_nurse
[nurse_disinfect-3] [INFO] [1748620583.239124552] [nurse_disinfect]: a_authenticate_nurse
[nurse_disinfect-3] [INFO] [1748620583.239459367] [nurse_disinfect]: Robot is waiting, send action message
[spotrobot-5] [INFO] [1748620583.240037590] [spotrobot]: I heard: "{"performative": "query", "sender": "nurse_disinfected1", "receiver": "spotrobot1", "content": "Done|a_authenticate_nurse"}"
[uvdrobot-4] [INFO] [1748620583.240086777] [uvdrobot]: I heard: "{"performative": "query", "sender": "nurse_disinfected1", "receiver": "spotrobot1", "content": "Done|a_authenticate_nurse"}"
[nurse_disinfect-3] [INFO] [1748620583.240345629] [nurse_disinfect]: I heard: "{"performative": "query", "sender": "nurse_disinfected1", "receiver": "spotrobot1", "content": "Done|a_authenticate_nurse"}"
[spotrobot-5] [INFO] [1748620583.240359533] [spotrobot]: And it is for me
[uvdrobot-4] [INFO] [1748620583.240443134] [uvdrobot]: And it is not for me
[spotrobot-5] [INFO] [1748620583.240608217] [spotrobot]: Finished action
[nurse_disinfect-3] [INFO] [1748620583.240627633] [nurse_disinfect]: And it is not for me
[spotrobot-5] [INFO] [1748620583.241061362] [spotrobot]: Doing a_authorize_patrol
[uvdrobot-4] [INFO] [1748620583.241144881] [uvdrobot]: I heard: "{"performative": "query", "sender": "spotrobot1", "receiver": "nurse_disinfected1", "content": "Done|a_authenticate_nurse"}"
[nurse_disinfect-3] [INFO] [1748620583.241243423] [nurse_disinfect]: I heard: "{"performative": "query", "sender": "spotrobot1", "receiver": "nurse_disinfected1", "content": "Done|a_authenticate_nurse"}"
[spotrobot-5] [INFO] [1748620583.241363012] [spotrobot]: a_authorize_patrol
[uvdrobot-4] [INFO] [1748620583.241474554] [uvdrobot]: And it is not for me
[spotrobot-5] [INFO] [1748620583.241766136] [spotrobot]: Here first, waiting for nurse
[nurse_disinfect-3] [INFO] [1748620583.241780301] [nurse_disinfect]: And it is for me
[nurse_disinfect-3] [INFO] [1748620583.242153305] [nurse_disinfect]: Finished action
[uvdrobot-4] [INFO] [1748620583.242330349] [uvdrobot]: I heard: "{"performative": "query", "sender": "spotrobot1", "receiver": "nurse_disinfected1", "content": "Ready|a_authorize_patrol"}"
[nurse_disinfect-3] [INFO] [1748620583.242573795] [nurse_disinfect]: a_authorize_patrol
[uvdrobot-4] [INFO] [1748620583.242590857] [uvdrobot]: And it is not for me
[spotrobot-5] [INFO] [1748620583.242787729] [spotrobot]: I heard: "{"performative": "query", "sender": "spotrobot1", "receiver": "nurse_disinfected1", "content": "Done|a_authenticate_nurse"}"
[uvdrobot-4] [INFO] [1748620583.243028049] [uvdrobot]: I heard: "{"performative": "query", "sender": "nurse_disinfected1", "receiver": "spotrobot1", "content": "Done|a_authenticate_nurse"}"
[nurse_disinfect-3] [INFO] [1748620583.243132279] [nurse_disinfect]: Doing a_authorize_patrol
[uvdrobot-4] [INFO] [1748620583.243282804] [uvdrobot]: And it is not for me
[spotrobot-5] [INFO] [1748620583.243291460] [spotrobot]: And it is not for me
[nurse_disinfect-3] [INFO] [1748620583.243424129] [nurse_disinfect]: a_authorize_patrol
[nurse_disinfect-3] [INFO] [1748620583.243675831] [nurse_disinfect]: Here first, waiting for robot
[spotrobot-5] [INFO] [1748620583.244162334] [spotrobot]: I heard: "{"performative": "query", "sender": "spotrobot1", "receiver": "nurse_disinfected1", "content": "Ready|a_authorize_patrol"}"
[uvdrobot-4] [INFO] [1748620583.244263949] [uvdrobot]: I heard: "{"performative": "query", "sender": "nurse_disinfected1", "receiver": "spotrobot1", "content": "Ready|a_authorize_patrol"}"
[nurse_disinfect-3] [INFO] [1748620583.244398309] [nurse_disinfect]: I heard: "{"performative": "query", "sender": "spotrobot1", "receiver": "nurse_disinfected1", "content": "Ready|a_authorize_patrol"}"
[uvdrobot-4] [INFO] [1748620583.244532425] [uvdrobot]: And it is not for me
[spotrobot-5] [INFO] [1748620583.244726160] [spotrobot]: And it is not for me
[nurse_disinfect-3] [INFO] [1748620583.245098880] [nurse_disinfect]: And it is for me
[spotrobot-5] [INFO] [1748620583.245634465] [spotrobot]: I heard: "{"performative": "query", "sender": "nurse_disinfected1", "receiver": "spotrobot1", "content": "Done|a_authenticate_nurse"}"
[nurse_disinfect-3] [INFO] [1748620583.245662022] [nurse_disinfect]: Ready to act
[spotrobot-5] [INFO] [1748620583.246138971] [spotrobot]: And it is for me
[uvdrobot-4] [INFO] [1748620583.246433903] [uvdrobot]: I heard: "{"performative": "query", "sender": "nurse_disinfected1", "receiver": "spotrobot1", "content": "Done|a_authorize_patrol"}"
[spotrobot-5] [INFO] [1748620583.246648099] [spotrobot]: Already finished action
[nurse_disinfect-3] [INFO] [1748620583.246780446] [nurse_disinfect]: I heard: "{"performative": "query", "sender": "nurse_disinfected1", "receiver": "spotrobot1", "content": "Done|a_authenticate_nurse"}"
[uvdrobot-4] [INFO] [1748620583.246898863] [uvdrobot]: And it is not for me
[nurse_disinfect-3] [INFO] [1748620583.247313103] [nurse_disinfect]: And it is not for me
[spotrobot-5] [INFO] [1748620583.247634148] [spotrobot]: I heard: "{"performative": "query", "sender": "nurse_disinfected1", "receiver": "spotrobot1", "content": "Ready|a_authorize_patrol"}"
[nurse_disinfect-3] [INFO] [1748620583.248104829] [nurse_disinfect]: I heard: "{"performative": "query", "sender": "nurse_disinfected1", "receiver": "spotrobot1", "content": "Ready|a_authorize_patrol"}"
[spotrobot-5] [INFO] [1748620583.248154690] [spotrobot]: And it is for me
[nurse_disinfect-3] [INFO] [1748620583.248461258] [nurse_disinfect]: And it is not for me
[spotrobot-5] [INFO] [1748620583.248667702] [spotrobot]: Ready to act
[nurse_disinfect-3] [INFO] [1748620583.249026589] [nurse_disinfect]: I heard: "{"performative": "query", "sender": "nurse_disinfected1", "receiver": "spotrobot1", "content": "Done|a_authorize_patrol"}"
[uvdrobot-4] [INFO] [1748620583.249324570] [uvdrobot]: I heard: "{"performative": "query", "sender": "spotrobot1", "receiver": "nurse_disinfected1", "content": "Done|a_authorize_patrol"}"
[nurse_disinfect-3] [INFO] [1748620583.249347502] [nurse_disinfect]: And it is not for me
[uvdrobot-4] [INFO] [1748620583.249638973] [uvdrobot]: And it is not for me
[spotrobot-5] [INFO] [1748620583.249698803] [spotrobot]: I heard: "{"performative": "query", "sender": "nurse_disinfected1", "receiver": "spotrobot1", "content": "Done|a_authorize_patrol"}"
[nurse_disinfect-3] [INFO] [1748620583.249897179] [nurse_disinfect]: I heard: "{"performative": "query", "sender": "spotrobot1", "receiver": "nurse_disinfected1", "content": "Done|a_authorize_patrol"}"
[spotrobot-5] [INFO] [1748620583.250200456] [spotrobot]: And it is for me
[nurse_disinfect-3] [INFO] [1748620583.250265050] [nurse_disinfect]: And it is for me
[nurse_disinfect-3] [INFO] [1748620583.250624151] [nurse_disinfect]: Finished action
[spotrobot-5] [INFO] [1748620583.250722922] [spotrobot]: Finished action
[uvdrobot-4] [INFO] [1748620583.251218595] [uvdrobot]: I heard: "{"performative": "query", "sender": "nurse_disinfected1", "receiver": "spotrobot1", "content": "Done|a_authorize_patrol"}"
[spotrobot-5] [INFO] [1748620583.251399845] [spotrobot]: Doing a_patrol_room
[nurse_disinfect-3] [INFO] [1748620583.251407608] [nurse_disinfect]: I heard: "{"performative": "query", "sender": "nurse_disinfected1", "receiver": "spotrobot1", "content": "Done|a_authorize_patrol"}"
[uvdrobot-4] [INFO] [1748620583.251625821] [uvdrobot]: And it is not for me
[nurse_disinfect-3] [INFO] [1748620583.251676393] [nurse_disinfect]: And it is not for me
[spotrobot-5] [INFO] [1748620583.252033302] [spotrobot]: Wating for response
[uvdrobot-4] [INFO] [1748620583.252202437] [uvdrobot]: I heard: "{"performative": "query", "sender": "spotrobot1", "receiver": "nurse_disinfected1", "content": "Done|a_authorize_patrol"}"
[nurse_disinfect-3] [INFO] [1748620583.252269529] [nurse_disinfect]: I heard: "{"performative": "query", "sender": "spotrobot1", "receiver": "nurse_disinfected1", "content": "Done|a_authorize_patrol"}"
[spotrobot-5] [INFO] [1748620583.252639327] [spotrobot]: I heard: "{"performative": "query", "sender": "spotrobot1", "receiver": "nurse_disinfected1", "content": "Done|a_authorize_patrol"}"
[nurse_disinfect-3] [INFO] [1748620583.252681267] [nurse_disinfect]: And it is for me
[uvdrobot-4] [INFO] [1748620583.252750757] [uvdrobot]: And it is not for me
[nurse_disinfect-3] [INFO] [1748620583.253021324] [nurse_disinfect]: Already finished action
[spotrobot-5] [INFO] [1748620583.253126923] [spotrobot]: And it is not for me
[spotrobot-5] [INFO] [1748620583.253743177] [spotrobot]: I heard: "{"performative": "query", "sender": "nurse_disinfected1", "receiver": "spotrobot1", "content": "Done|a_authorize_patrol"}"
[spotrobot-5] [INFO] [1748620583.254056240] [spotrobot]: And it is for me
[spotrobot-5] [INFO] [1748620583.254382933] [spotrobot]: Already finished action
[spotrobot-5] [INFO] [1748620583.254911370] [spotrobot]: I heard: "{"performative": "query", "sender": "spotrobot1", "receiver": "nurse_disinfected1", "content": "Done|a_authorize_patrol"}"
[spotrobot-5] [INFO] [1748620583.255300801] [spotrobot]: And it is not for me
[spotrobot-5] [INFO] [1748620583.256333342] [spotrobot]: success
[spotrobot-5] [INFO] [1748620583.256699609] [spotrobot]: Doing a_authorize_disinfect
[spotrobot-5] [INFO] [1748620583.257001022] [spotrobot]: a_authorize_disinfect
[spotrobot-5] [INFO] [1748620583.257300402] [spotrobot]: Here first, waiting for spotrobot
[uvdrobot-4] [INFO] [1748620583.257833042] [uvdrobot]: I heard: "{"performative": "query", "sender": "spotrobot1", "receiver": "uvdrobot1", "content": "Ready|a_authorize_disinfect"}"
[spotrobot-5] [INFO] [1748620583.257877346] [spotrobot]: I heard: "{"performative": "query", "sender": "spotrobot1", "receiver": "uvdrobot1", "content": "Ready|a_authorize_disinfect"}"
[nurse_disinfect-3] [INFO] [1748620583.258128766] [nurse_disinfect]: I heard: "{"performative": "query", "sender": "spotrobot1", "receiver": "uvdrobot1", "content": "Ready|a_authorize_disinfect"}"
[uvdrobot-4] [INFO] [1748620583.258175415] [uvdrobot]: And it is for me
[spotrobot-5] [INFO] [1748620583.258182880] [spotrobot]: And it is not for me
[nurse_disinfect-3] [INFO] [1748620583.258625232] [nurse_disinfect]: And it is not for me
[uvdrobot-4] [INFO] [1748620583.258722695] [uvdrobot]: Ready to act
[spotrobot-5] [INFO] [1748620583.259281707] [spotrobot]: I heard: "{"performative": "query", "sender": "uvdrobot1", "receiver": "spotrobot1", "content": "Done|a_authorize_disinfect"}"
[uvdrobot-4] [INFO] [1748620583.259405307] [uvdrobot]: I heard: "{"performative": "query", "sender": "uvdrobot1", "receiver": "spotrobot1", "content": "Done|a_authorize_disinfect"}"
[spotrobot-5] [INFO] [1748620583.259575207] [spotrobot]: And it is for me
[nurse_disinfect-3] [INFO] [1748620583.259609248] [nurse_disinfect]: I heard: "{"performative": "query", "sender": "uvdrobot1", "receiver": "spotrobot1", "content": "Done|a_authorize_disinfect"}"
[uvdrobot-4] [INFO] [1748620583.259666134] [uvdrobot]: And it is not for me
[spotrobot-5] [INFO] [1748620583.259919612] [spotrobot]: Finished action
[nurse_disinfect-3] [INFO] [1748620583.260128240] [nurse_disinfect]: And it is not for me
[uvdrobot-4] [INFO] [1748620583.260391137] [uvdrobot]: I heard: "{"performative": "query", "sender": "spotrobot1", "receiver": "uvdrobot1", "content": "Done|a_authorize_disinfect"}"
[uvdrobot-4] [INFO] [1748620583.260694947] [uvdrobot]: And it is for me
[spotrobot-5] [INFO] [1748620583.260747830] [spotrobot]: I heard: "{"performative": "query", "sender": "spotrobot1", "receiver": "uvdrobot1", "content": "Done|a_authorize_disinfect"}"
[nurse_disinfect-3] [INFO] [1748620583.261038915] [nurse_disinfect]: I heard: "{"performative": "query", "sender": "spotrobot1", "receiver": "uvdrobot1", "content": "Done|a_authorize_disinfect"}"
[uvdrobot-4] [INFO] [1748620583.261083257] [uvdrobot]: Finished action
[spotrobot-5] [INFO] [1748620583.261125966] [spotrobot]: And it is not for me
[nurse_disinfect-3] [INFO] [1748620583.261549493] [nurse_disinfect]: And it is not for me
[spotrobot-5] [INFO] [1748620583.261709866] [spotrobot]: I heard: "{"performative": "query", "sender": "uvdrobot1", "receiver": "spotrobot1", "content": "Done|a_authorize_disinfect"}"
[uvdrobot-4] [INFO] [1748620583.261713295] [uvdrobot]: Doing a_navto
[spotrobot-5] [INFO] [1748620583.262040852] [spotrobot]: And it is for me
[uvdrobot-4] [INFO] [1748620583.262154516] [uvdrobot]: Waiting for response
[spotrobot-5] [INFO] [1748620583.262304761] [spotrobot]: Already finished action
[nurse_disinfect-3] [INFO] [1748620583.262440476] [nurse_disinfect]: I heard: "{"performative": "query", "sender": "uvdrobot1", "receiver": "spotrobot1", "content": "Done|a_authorize_disinfect"}"
[uvdrobot-4] [INFO] [1748620583.262658138] [uvdrobot]: I heard: "{"performative": "query", "sender": "uvdrobot1", "receiver": "spotrobot1", "content": "Done|a_authorize_disinfect"}"
[nurse_disinfect-3] [INFO] [1748620583.262968667] [nurse_disinfect]: And it is not for me
[uvdrobot-4] [INFO] [1748620583.263178206] [uvdrobot]: And it is not for me
[uvdrobot-4] [INFO] [1748620583.263725149] [uvdrobot]: success
[uvdrobot-4] [INFO] [1748620583.264102747] [uvdrobot]: Doing a_disinfect_room
[uvdrobot-4] [INFO] [1748620583.264545955] [uvdrobot]: Waiting for response
[uvdrobot-4] [INFO] [1748620583.265691813] [uvdrobot]: success
[uvdrobot-4] [INFO] [1748620583.267573622] [uvdrobot]: Recebido sinal de desligamento do coordenador, finalizando...
[nurse_disinfect-3] [INFO] [1748620583.267580718] [nurse_disinfect]: Recebido sinal de desligamento do coordenador, finalizando...
[disinfect_environment-1] [INFO] [1748620583.267580851] [disinfect_environment]: Recebido sinal de desligamento do coordenador, finalizando...
[disinfect_planner-2] [INFO] [1748620583.267668492] [disinfect_planner]: Recebido sinal de desligamento do coordenador, finalizando...
[spotrobot-5] [INFO] [1748620583.267840351] [spotrobot]: Recebido sinal de desligamento do coordenador, finalizando...
[nurse_disinfect-3] [INFO] [1748620583.267909972] [Quitting]: Done
[uvdrobot-4] [INFO] [1748620583.267924063] [Quitting]: Done
[disinfect_planner-2] [INFO] [1748620583.268065207] [Quitting]: Done
[disinfect_environment-1] [INFO] [1748620583.268130273] [Quitting]: Done
[spotrobot-5] [INFO] [1748620583.268637957] [Quitting]: Done
[INFO] [disinfect_environment-1]: process has finished cleanly [pid 26153]
[INFO] [uvdrobot-4]: process has finished cleanly [pid 26159]
[INFO] [nurse_disinfect-3]: process has finished cleanly [pid 26157]
[INFO] [spotrobot-5]: process has finished cleanly [pid 26161]
