[INFO] [launch]: All log files can be found below /home/rafael/.ros/log/2025-05-29-22-34-52-043585-NotebookRafael-110583
[INFO] [launch]: Default logging verbosity is set to INFO
[INFO] [disinfect_coordinator-1]: process started with pid [110585]
[disinfect_coordinator-1] [INFO] [1748568893.070900660] [disinfect_coordinator]: spin
[disinfect_coordinator-1] [INFO] [1748568893.071774736] [disinfect_coordinator]: Received: Performative=request, Sender=spotrobot, Receiver=Coordinator, Content=Register
[disinfect_coordinator-1] [INFO] [1748568893.072112702] [disinfect_coordinator]: Current Spotrobots: spotrobot1 - 1
[disinfect_coordinator-1] [INFO] [1748568893.072394397] [disinfect_coordinator]: Response: spotrobot1
[disinfect_coordinator-1] [INFO] [1748568893.073458291] [disinfect_coordinator]: Received: Performative=request, Sender=nurse_disinfected, Receiver=Coordinator, Content=Register
[disinfect_coordinator-1] [INFO] [1748568893.073890779] [disinfect_coordinator]: Current nurses: nurse_disinfected1 - 1
[disinfect_coordinator-1] [INFO] [1748568893.074337160] [disinfect_coordinator]: Response: nurse_disinfected1
[disinfect_coordinator-1] [INFO] [1748568893.075510415] [disinfect_coordinator]: Received: Performative=request, Sender=uvdrobot, Receiver=Coordinator, Content=Register
[disinfect_coordinator-1] [INFO] [1748568893.075939276] [disinfect_coordinator]: Current uvdrobots: uvdrobot1 - 1
[disinfect_coordinator-1] [INFO] [1748568893.076371333] [disinfect_coordinator]: Response: uvdrobot1
[disinfect_coordinator-1] [INFO] [1748568893.077307243] [disinfect_coordinator]: context: nurse_disinfected1 room1 spotrobot1 uvdrobot1
[disinfect_coordinator-1] [INFO] [1748568893.077730494] [disinfect_coordinator]: Starting mission with context: ('nurse_disinfected1', 'room1', 'spotrobot1', 'uvdrobot1')
[disinfect_coordinator-1] [INFO] [1748568893.078163808] [disinfect_coordinator]: Creating plan for: spotrobot1,uvdrobot1,nurse_disinfected1 
[disinfect_coordinator-1] [INFO] [1748568893.083796027] [disinfect_coordinator]: Plan received for: spotrobot1,uvdrobot1,nurse_disinfected1 
[disinfect_coordinator-1] [INFO] [1748568893.084190812] [disinfect_coordinator]: a_navto,spotrobot1,room1/a_open_door,spotrobot1,room1/a_approach_nurse,spotrobot1,nurse_disinfected1/a_authenticate_nurse,spotrobot1,nurse_disinfected1/a_authorize_patrol,spotrobot1,nurse_disinfected1/a_patrol_room,spotrobot1,room1/a_authorize_disinfect,uvdrobot1,spotrobot1/a_navto,uvdrobot1,room1/a_disinfect_room,uvdrobot1,room1
[disinfect_coordinator-1] [INFO] [1748568893.084515362] [disinfect_coordinator]: Sending plans
[disinfect_coordinator-1] [INFO] [1748568893.085198684] [disinfect_coordinator]: Plans sent
[disinfect_coordinator-1] [INFO] [1748568894.091668202] [disinfect_coordinator]: Received: Performative=inform, Sender=nurse_disinfected1, Receiver=Coordinator, Content=infectedRoom
[disinfect_coordinator-1] [INFO] [1748568894.119106804] [disinfect_coordinator]: Freeing agent: spotrobot1
[disinfect_coordinator-1] [INFO] [1748568894.119631621] [disinfect_coordinator]: Freeing agent: uvdrobot1
[disinfect_coordinator-1] [INFO] [1748568894.120171414] [disinfect_coordinator]: Freeing agent: nurse_disinfected1
[disinfect_coordinator-1] [INFO] [1748568894.120716395] [disinfect_coordinator]: Mission Completed
[disinfect_coordinator-1] [INFO] [1748568894.121022892] [disinfect_coordinator]: Ending simulation
[disinfect_coordinator-1] [INFO] [1748568894.121685122] [Quitting]: Done
[disinfect_coordinator-1] [INFO] [1748568894.122142412] [disinfect_coordinator]: stop spin
[INFO] [disinfect_coordinator-1]: process has finished cleanly [pid 110585]
