[INFO] [launch]: All log files can be found below /home/rafael/.ros/log/2025-05-29-22-34-52-042498-NotebookRafael-110584
[INFO] [launch]: Default logging verbosity is set to INFO
[INFO] [disinfect_environment-1]: process started with pid [110587]
[INFO] [disinfect_planner-2]: process started with pid [110589]
[INFO] [nurse_disinfect-3]: process started with pid [110591]
[INFO] [uvdrobot-4]: process started with pid [110593]
[INFO] [spotrobot-5]: process started with pid [110595]
[disinfect_environment-1] [INFO] [1748568892.289256402] [disinfect_environment]: Starting Environment server
[disinfect_environment-1] [INFO] [1748568892.294131609] [disinfect_environment]: Environment server started
[disinfect_planner-2] [INFO] [1748568892.828233728] [disinfect_planner]: Starting Planner server
[disinfect_planner-2] [INFO] [1748568892.832432114] [disinfect_planner]: Planner server started
[disinfect_planner-2] [INFO] [1748568893.078823791] [disinfect_planner]: Creating plan for: spotrobot1 uvdrobot1 nurse_disinfected1
[disinfect_planner-2] [INFO] [1748568893.080467374] [disinfect_planner]: a_navto,spotrobot1,room1
[disinfect_planner-2] [INFO] [1748568893.080772421] [disinfect_planner]: a_open_door,spotrobot1,room1
[disinfect_planner-2] [INFO] [1748568893.081063134] [disinfect_planner]: a_approach_nurse,spotrobot1,nurse_disinfected1
[disinfect_planner-2] [INFO] [1748568893.081352038] [disinfect_planner]: a_authenticate_nurse,spotrobot1,nurse_disinfected1
[disinfect_planner-2] [INFO] [1748568893.081637783] [disinfect_planner]: a_authorize_patrol,spotrobot1,nurse_disinfected1
[disinfect_planner-2] [INFO] [1748568893.081963857] [disinfect_planner]: a_patrol_room,spotrobot1,room1
[disinfect_planner-2] [INFO] [1748568893.082251007] [disinfect_planner]: a_authorize_disinfect,uvdrobot1,spotrobot1
[disinfect_planner-2] [INFO] [1748568893.082533226] [disinfect_planner]: a_navto,uvdrobot1,room1
[disinfect_planner-2] [INFO] [1748568893.082814537] [disinfect_planner]: a_disinfect_room,uvdrobot1,room1
[disinfect_planner-2] [INFO] [1748568893.083099318] [disinfect_planner]: Sending response
[nurse_disinfect-3] [INFO] [1748568893.083880673] [nurse_disinfect]: response.response nurse_disinfected1
[nurse_disinfect-3] [INFO] [1748568893.084223331] [nurse_disinfect]: My name is nurse_disinfected1
[spotrobot-5] [INFO] [1748568893.084463033] [spotrobot]: response.response spotrobot1
[spotrobot-5] [INFO] [1748568893.084828214] [spotrobot]: My name is spotrobot1
[spotrobot-5] [INFO] [1748568893.085485201] [spotrobot]: I heard: "{"performative": "request", "sender": "Coordinator", "receiver": "uvdrobot1", "content": "Plan|a_authorize_disinfect,uvdrobot1,spotrobot1/a_navto,uvdrobot1,room1/a_disinfect_room,uvdrobot1,room1"}"
[spotrobot-5] [INFO] [1748568893.085835205] [spotrobot]: And it is not for me
[uvdrobot-4] [INFO] [1748568893.085989237] [uvdrobot]: response.response uvdrobot1
[uvdrobot-4] [INFO] [1748568893.086314917] [uvdrobot]: My name is uvdrobot1
[spotrobot-5] [INFO] [1748568893.086420946] [spotrobot]: I heard: "{"performative": "request", "sender": "Coordinator", "receiver": "spotrobot1", "content": "Plan|a_navto,spotrobot1,room1/a_open_door,spotrobot1,room1/a_approach_nurse,spotrobot1,nurse_disinfected1/a_authenticate_nurse,spotrobot1,nurse_disinfected1/a_authorize_patrol,spotrobot1,nurse_disinfected1/a_patrol_room,spotrobot1,room1/a_authorize_disinfect,uvdrobot1,spotrobot1"}"
[spotrobot-5] [INFO] [1748568893.086683231] [spotrobot]: And it is for me
[spotrobot-5] [INFO] [1748568893.087187433] [spotrobot]: Doing a_navto
[uvdrobot-4] [INFO] [1748568893.087285536] [uvdrobot]: I heard: "{"performative": "request", "sender": "Coordinator", "receiver": "uvdrobot1", "content": "Plan|a_authorize_disinfect,uvdrobot1,spotrobot1/a_navto,uvdrobot1,room1/a_disinfect_room,uvdrobot1,room1"}"
[uvdrobot-4] [INFO] [1748568893.087615219] [uvdrobot]: And it is for me
[spotrobot-5] [INFO] [1748568893.087654722] [spotrobot]: Wating for response
[uvdrobot-4] [INFO] [1748568893.087974560] [uvdrobot]: Doing a_authorize_disinfect
[spotrobot-5] [INFO] [1748568893.088153351] [spotrobot]: I heard: "{"performative": "request", "sender": "Coordinator", "receiver": "nurse_disinfected1", "content": "Plan|a_approach_nurse,spotrobot1,nurse_disinfected1/a_authenticate_nurse,spotrobot1,nurse_disinfected1/a_authorize_patrol,spotrobot1,nurse_disinfected1"}"
[uvdrobot-4] [INFO] [1748568893.088227396] [uvdrobot]: a_authorize_disinfect
[spotrobot-5] [INFO] [1748568893.088448508] [spotrobot]: And it is not for me
[uvdrobot-4] [INFO] [1748568893.088475264] [uvdrobot]: Here first, waiting for spotrobot
[spotrobot-5] [INFO] [1748568893.089081539] [spotrobot]: I heard: "{"performative": "query", "sender": "uvdrobot1", "receiver": "spotrobot1", "content": "Ready|a_authorize_disinfect"}"
[uvdrobot-4] [INFO] [1748568893.089280381] [uvdrobot]: I heard: "{"performative": "request", "sender": "Coordinator", "receiver": "spotrobot1", "content": "Plan|a_navto,spotrobot1,room1/a_open_door,spotrobot1,room1/a_approach_nurse,spotrobot1,nurse_disinfected1/a_authenticate_nurse,spotrobot1,nurse_disinfected1/a_authorize_patrol,spotrobot1,nurse_disinfected1/a_patrol_room,spotrobot1,room1/a_authorize_disinfect,uvdrobot1,spotrobot1"}"
[spotrobot-5] [INFO] [1748568893.089446077] [spotrobot]: And it is for me
[spotrobot-5] [INFO] [1748568893.089717664] [spotrobot]: No there yet
[uvdrobot-4] [INFO] [1748568893.089749360] [uvdrobot]: And it is not for me
[spotrobot-5] [INFO] [1748568893.090248164] [spotrobot]: success
[uvdrobot-4] [INFO] [1748568893.090290906] [uvdrobot]: I heard: "{"performative": "query", "sender": "uvdrobot1", "receiver": "spotrobot1", "content": "Ready|a_authorize_disinfect"}"
[spotrobot-5] [INFO] [1748568893.090624961] [spotrobot]: Doing a_open_door
[uvdrobot-4] [INFO] [1748568893.090795549] [uvdrobot]: And it is not for me
[spotrobot-5] [INFO] [1748568893.091226350] [spotrobot]: Wating for response
[uvdrobot-4] [INFO] [1748568893.091509926] [uvdrobot]: I heard: "{"performative": "request", "sender": "Coordinator", "receiver": "nurse_disinfected1", "content": "Plan|a_approach_nurse,spotrobot1,nurse_disinfected1/a_authenticate_nurse,spotrobot1,nurse_disinfected1/a_authorize_patrol,spotrobot1,nurse_disinfected1"}"
[uvdrobot-4] [INFO] [1748568893.091991485] [uvdrobot]: And it is not for me
[spotrobot-5] [INFO] [1748568893.092506772] [spotrobot]: success
[spotrobot-5] [INFO] [1748568893.092846674] [spotrobot]: Doing a_approach_nurse
[spotrobot-5] [INFO] [1748568893.093239504] [spotrobot]: Wating for response
[spotrobot-5] [INFO] [1748568893.094075226] [spotrobot]: success
[spotrobot-5] [INFO] [1748568893.094491149] [spotrobot]: Doing a_authenticate_nurse
[spotrobot-5] [INFO] [1748568893.094788519] [spotrobot]: a_authenticate_nurse
[spotrobot-5] [INFO] [1748568893.095079636] [spotrobot]: Here first, waiting for nurse
[uvdrobot-4] [INFO] [1748568893.095696322] [uvdrobot]: I heard: "{"performative": "query", "sender": "spotrobot1", "receiver": "nurse_disinfected1", "content": "Ready|a_authenticate_nurse"}"
[spotrobot-5] [INFO] [1748568893.095728937] [spotrobot]: I heard: "{"performative": "query", "sender": "spotrobot1", "receiver": "nurse_disinfected1", "content": "Ready|a_authenticate_nurse"}"
[uvdrobot-4] [INFO] [1748568893.096011947] [uvdrobot]: And it is not for me
[spotrobot-5] [INFO] [1748568893.096025472] [spotrobot]: And it is not for me
[nurse_disinfect-3] [INFO] [1748568894.085734297] [nurse_disinfect]: I heard: "{"performative": "request", "sender": "Coordinator", "receiver": "uvdrobot1", "content": "Plan|a_authorize_disinfect,uvdrobot1,spotrobot1/a_navto,uvdrobot1,room1/a_disinfect_room,uvdrobot1,room1"}"
[nurse_disinfect-3] [INFO] [1748568894.086088092] [nurse_disinfect]: And it is not for me
[nurse_disinfect-3] [INFO] [1748568894.086534776] [nurse_disinfect]: I heard: "{"performative": "query", "sender": "uvdrobot1", "receiver": "spotrobot1", "content": "Ready|a_authorize_disinfect"}"
[nurse_disinfect-3] [INFO] [1748568894.086857820] [nurse_disinfect]: And it is not for me
[nurse_disinfect-3] [INFO] [1748568894.087465875] [nurse_disinfect]: I heard: "{"performative": "request", "sender": "Coordinator", "receiver": "spotrobot1", "content": "Plan|a_navto,spotrobot1,room1/a_open_door,spotrobot1,room1/a_approach_nurse,spotrobot1,nurse_disinfected1/a_authenticate_nurse,spotrobot1,nurse_disinfected1/a_authorize_patrol,spotrobot1,nurse_disinfected1/a_patrol_room,spotrobot1,room1/a_authorize_disinfect,uvdrobot1,spotrobot1"}"
[nurse_disinfect-3] [INFO] [1748568894.087780260] [nurse_disinfect]: And it is not for me
[nurse_disinfect-3] [INFO] [1748568894.088136351] [nurse_disinfect]: I heard: "{"performative": "query", "sender": "spotrobot1", "receiver": "nurse_disinfected1", "content": "Ready|a_authenticate_nurse"}"
[nurse_disinfect-3] [INFO] [1748568894.088442646] [nurse_disinfect]: And it is for me
[nurse_disinfect-3] [INFO] [1748568894.088738033] [nurse_disinfect]: No there yet
[nurse_disinfect-3] [INFO] [1748568894.089387169] [nurse_disinfect]: I heard: "{"performative": "request", "sender": "Coordinator", "receiver": "nurse_disinfected1", "content": "Plan|a_approach_nurse,spotrobot1,nurse_disinfected1/a_authenticate_nurse,spotrobot1,nurse_disinfected1/a_authorize_patrol,spotrobot1,nurse_disinfected1"}"
[nurse_disinfect-3] [INFO] [1748568894.089692262] [nurse_disinfect]: And it is for me
[nurse_disinfect-3] [INFO] [1748568894.091151069] [nurse_disinfect]: a_approach_nurse
[nurse_disinfect-3] [INFO] [1748568894.091487914] [nurse_disinfect]: a_authenticate_nurse
[nurse_disinfect-3] [INFO] [1748568894.091791152] [nurse_disinfect]: Doing a_authenticate_nurse
[nurse_disinfect-3] [INFO] [1748568894.092134185] [nurse_disinfect]: a_authenticate_nurse
[nurse_disinfect-3] [INFO] [1748568894.092456486] [nurse_disinfect]: Robot is waiting, send action message
[uvdrobot-4] [INFO] [1748568894.093136855] [uvdrobot]: I heard: "{"performative": "query", "sender": "nurse_disinfected1", "receiver": "spotrobot1", "content": "Done|a_authenticate_nurse"}"
[spotrobot-5] [INFO] [1748568894.093161434] [spotrobot]: I heard: "{"performative": "query", "sender": "nurse_disinfected1", "receiver": "spotrobot1", "content": "Done|a_authenticate_nurse"}"
[nurse_disinfect-3] [INFO] [1748568894.093309644] [nurse_disinfect]: I heard: "{"performative": "query", "sender": "nurse_disinfected1", "receiver": "spotrobot1", "content": "Done|a_authenticate_nurse"}"
[uvdrobot-4] [INFO] [1748568894.093558536] [uvdrobot]: And it is not for me
[nurse_disinfect-3] [INFO] [1748568894.093652421] [nurse_disinfect]: And it is not for me
[spotrobot-5] [INFO] [1748568894.093741565] [spotrobot]: And it is for me
[spotrobot-5] [INFO] [1748568894.094159113] [spotrobot]: Finished action
[spotrobot-5] [INFO] [1748568894.094755387] [spotrobot]: Doing a_authorize_patrol
[uvdrobot-4] [INFO] [1748568894.094807150] [uvdrobot]: I heard: "{"performative": "query", "sender": "spotrobot1", "receiver": "nurse_disinfected1", "content": "Done|a_authenticate_nurse"}"
[spotrobot-5] [INFO] [1748568894.095076907] [spotrobot]: a_authorize_patrol
[uvdrobot-4] [INFO] [1748568894.095085274] [uvdrobot]: And it is not for me
[nurse_disinfect-3] [INFO] [1748568894.095105408] [nurse_disinfect]: I heard: "{"performative": "query", "sender": "spotrobot1", "receiver": "nurse_disinfected1", "content": "Done|a_authenticate_nurse"}"
[spotrobot-5] [INFO] [1748568894.095344857] [spotrobot]: Here first, waiting for nurse
[nurse_disinfect-3] [INFO] [1748568894.095635037] [nurse_disinfect]: And it is for me
[uvdrobot-4] [INFO] [1748568894.096166807] [uvdrobot]: I heard: "{"performative": "query", "sender": "spotrobot1", "receiver": "nurse_disinfected1", "content": "Ready|a_authorize_patrol"}"
[nurse_disinfect-3] [INFO] [1748568894.096205012] [nurse_disinfect]: Finished action
[spotrobot-5] [INFO] [1748568894.096254779] [spotrobot]: I heard: "{"performative": "query", "sender": "spotrobot1", "receiver": "nurse_disinfected1", "content": "Done|a_authenticate_nurse"}"
[uvdrobot-4] [INFO] [1748568894.096567019] [uvdrobot]: And it is not for me
[spotrobot-5] [INFO] [1748568894.096667388] [spotrobot]: And it is not for me
[nurse_disinfect-3] [INFO] [1748568894.096929379] [nurse_disinfect]: a_authorize_patrol
[uvdrobot-4] [INFO] [1748568894.097271810] [uvdrobot]: I heard: "{"performative": "query", "sender": "nurse_disinfected1", "receiver": "spotrobot1", "content": "Done|a_authenticate_nurse"}"
[nurse_disinfect-3] [INFO] [1748568894.097431653] [nurse_disinfect]: Doing a_authorize_patrol
[spotrobot-5] [INFO] [1748568894.097434930] [spotrobot]: I heard: "{"performative": "query", "sender": "spotrobot1", "receiver": "nurse_disinfected1", "content": "Ready|a_authorize_patrol"}"
[uvdrobot-4] [INFO] [1748568894.097567481] [uvdrobot]: And it is not for me
[spotrobot-5] [INFO] [1748568894.097753622] [spotrobot]: And it is not for me
[nurse_disinfect-3] [INFO] [1748568894.097966479] [nurse_disinfect]: a_authorize_patrol
[spotrobot-5] [INFO] [1748568894.098284444] [spotrobot]: I heard: "{"performative": "query", "sender": "nurse_disinfected1", "receiver": "spotrobot1", "content": "Done|a_authenticate_nurse"}"
[nurse_disinfect-3] [INFO] [1748568894.098443464] [nurse_disinfect]: Here first, waiting for robot
[spotrobot-5] [INFO] [1748568894.098592217] [spotrobot]: And it is for me
[spotrobot-5] [INFO] [1748568894.098872903] [spotrobot]: Already finished action
[uvdrobot-4] [INFO] [1748568894.099043882] [uvdrobot]: I heard: "{"performative": "query", "sender": "nurse_disinfected1", "receiver": "spotrobot1", "content": "Ready|a_authorize_patrol"}"
[spotrobot-5] [INFO] [1748568894.099492307] [spotrobot]: I heard: "{"performative": "query", "sender": "nurse_disinfected1", "receiver": "spotrobot1", "content": "Ready|a_authorize_patrol"}"
[uvdrobot-4] [INFO] [1748568894.099599818] [uvdrobot]: And it is not for me
[nurse_disinfect-3] [INFO] [1748568894.099703162] [nurse_disinfect]: I heard: "{"performative": "query", "sender": "spotrobot1", "receiver": "nurse_disinfected1", "content": "Ready|a_authorize_patrol"}"
[spotrobot-5] [INFO] [1748568894.099982782] [spotrobot]: And it is for me
[nurse_disinfect-3] [INFO] [1748568894.100192434] [nurse_disinfect]: And it is for me
[spotrobot-5] [INFO] [1748568894.100389266] [spotrobot]: Ready to act
[nurse_disinfect-3] [INFO] [1748568894.100748250] [nurse_disinfect]: Ready to act
[uvdrobot-4] [INFO] [1748568894.100931064] [uvdrobot]: I heard: "{"performative": "query", "sender": "spotrobot1", "receiver": "nurse_disinfected1", "content": "Done|a_authorize_patrol"}"
[spotrobot-5] [INFO] [1748568894.101029927] [spotrobot]: I heard: "{"performative": "query", "sender": "spotrobot1", "receiver": "nurse_disinfected1", "content": "Done|a_authorize_patrol"}"
[spotrobot-5] [INFO] [1748568894.101293212] [spotrobot]: And it is not for me
[uvdrobot-4] [INFO] [1748568894.101292618] [uvdrobot]: And it is not for me
[spotrobot-5] [INFO] [1748568894.101823804] [spotrobot]: I heard: "{"performative": "query", "sender": "nurse_disinfected1", "receiver": "spotrobot1", "content": "Done|a_authorize_patrol"}"
[uvdrobot-4] [INFO] [1748568894.101831732] [uvdrobot]: I heard: "{"performative": "query", "sender": "nurse_disinfected1", "receiver": "spotrobot1", "content": "Done|a_authorize_patrol"}"
[nurse_disinfect-3] [INFO] [1748568894.101899761] [nurse_disinfect]: I heard: "{"performative": "query", "sender": "nurse_disinfected1", "receiver": "spotrobot1", "content": "Done|a_authenticate_nurse"}"
[spotrobot-5] [INFO] [1748568894.102165194] [spotrobot]: And it is for me
[uvdrobot-4] [INFO] [1748568894.102234010] [uvdrobot]: And it is not for me
[nurse_disinfect-3] [INFO] [1748568894.102394790] [nurse_disinfect]: And it is not for me
[spotrobot-5] [INFO] [1748568894.102430885] [spotrobot]: Finished action
[spotrobot-5] [INFO] [1748568894.102865385] [spotrobot]: Doing a_patrol_room
[uvdrobot-4] [INFO] [1748568894.103172445] [uvdrobot]: I heard: "{"performative": "query", "sender": "spotrobot1", "receiver": "nurse_disinfected1", "content": "Done|a_authorize_patrol"}"
[spotrobot-5] [INFO] [1748568894.103325906] [spotrobot]: Wating for response
[nurse_disinfect-3] [INFO] [1748568894.103369285] [nurse_disinfect]: I heard: "{"performative": "query", "sender": "nurse_disinfected1", "receiver": "spotrobot1", "content": "Ready|a_authorize_patrol"}"
[uvdrobot-4] [INFO] [1748568894.103741062] [uvdrobot]: And it is not for me
[spotrobot-5] [INFO] [1748568894.103782930] [spotrobot]: I heard: "{"performative": "query", "sender": "spotrobot1", "receiver": "nurse_disinfected1", "content": "Done|a_authorize_patrol"}"
[nurse_disinfect-3] [INFO] [1748568894.103875727] [nurse_disinfect]: And it is not for me
[spotrobot-5] [INFO] [1748568894.104086691] [spotrobot]: And it is not for me
[nurse_disinfect-3] [INFO] [1748568894.104766901] [nurse_disinfect]: I heard: "{"performative": "query", "sender": "spotrobot1", "receiver": "nurse_disinfected1", "content": "Done|a_authorize_patrol"}"
[spotrobot-5] [INFO] [1748568894.104977984] [spotrobot]: success
[spotrobot-5] [INFO] [1748568894.105281203] [spotrobot]: Doing a_authorize_disinfect
[nurse_disinfect-3] [INFO] [1748568894.105374992] [nurse_disinfect]: And it is for me
[spotrobot-5] [INFO] [1748568894.105778969] [spotrobot]: a_authorize_disinfect
[nurse_disinfect-3] [INFO] [1748568894.105895493] [nurse_disinfect]: Finished action
[spotrobot-5] [INFO] [1748568894.106165444] [spotrobot]: Here first, waiting for spotrobot
[uvdrobot-4] [INFO] [1748568894.106712822] [uvdrobot]: I heard: "{"performative": "query", "sender": "nurse_disinfected1", "receiver": "spotrobot1", "content": "Done|a_authorize_patrol"}"
[spotrobot-5] [INFO] [1748568894.106769431] [spotrobot]: I heard: "{"performative": "query", "sender": "nurse_disinfected1", "receiver": "spotrobot1", "content": "Done|a_authorize_patrol"}"
[nurse_disinfect-3] [INFO] [1748568894.106976778] [nurse_disinfect]: I heard: "{"performative": "query", "sender": "nurse_disinfected1", "receiver": "spotrobot1", "content": "Done|a_authorize_patrol"}"
[spotrobot-5] [INFO] [1748568894.107031779] [spotrobot]: And it is for me
[uvdrobot-4] [INFO] [1748568894.107228888] [uvdrobot]: And it is not for me
[spotrobot-5] [INFO] [1748568894.107275295] [spotrobot]: Already finished action
[nurse_disinfect-3] [INFO] [1748568894.107515451] [nurse_disinfect]: And it is not for me
[spotrobot-5] [INFO] [1748568894.107805061] [spotrobot]: I heard: "{"performative": "query", "sender": "spotrobot1", "receiver": "uvdrobot1", "content": "Ready|a_authorize_disinfect"}"
[uvdrobot-4] [INFO] [1748568894.108065197] [uvdrobot]: I heard: "{"performative": "query", "sender": "spotrobot1", "receiver": "uvdrobot1", "content": "Ready|a_authorize_disinfect"}"
[spotrobot-5] [INFO] [1748568894.108072552] [spotrobot]: And it is not for me
[nurse_disinfect-3] [INFO] [1748568894.108500046] [nurse_disinfect]: I heard: "{"performative": "query", "sender": "spotrobot1", "receiver": "nurse_disinfected1", "content": "Done|a_authorize_patrol"}"
[uvdrobot-4] [INFO] [1748568894.108589243] [uvdrobot]: And it is for me
[nurse_disinfect-3] [INFO] [1748568894.109056073] [nurse_disinfect]: And it is for me
[uvdrobot-4] [INFO] [1748568894.109069231] [uvdrobot]: Ready to act
[nurse_disinfect-3] [INFO] [1748568894.109597069] [nurse_disinfect]: Already finished action
[spotrobot-5] [INFO] [1748568894.109751369] [spotrobot]: I heard: "{"performative": "query", "sender": "uvdrobot1", "receiver": "spotrobot1", "content": "Done|a_authorize_disinfect"}"
[spotrobot-5] [INFO] [1748568894.110078829] [spotrobot]: And it is for me
[uvdrobot-4] [INFO] [1748568894.110237023] [uvdrobot]: I heard: "{"performative": "query", "sender": "uvdrobot1", "receiver": "spotrobot1", "content": "Done|a_authorize_disinfect"}"
[spotrobot-5] [INFO] [1748568894.110404444] [spotrobot]: Finished action
[nurse_disinfect-3] [INFO] [1748568894.110483054] [nurse_disinfect]: I heard: "{"performative": "query", "sender": "nurse_disinfected1", "receiver": "spotrobot1", "content": "Done|a_authorize_patrol"}"
[uvdrobot-4] [INFO] [1748568894.110719647] [uvdrobot]: And it is not for me
[nurse_disinfect-3] [INFO] [1748568894.111037640] [nurse_disinfect]: And it is not for me
[spotrobot-5] [INFO] [1748568894.111128361] [spotrobot]: I heard: "{"performative": "query", "sender": "spotrobot1", "receiver": "uvdrobot1", "content": "Done|a_authorize_disinfect"}"
[spotrobot-5] [INFO] [1748568894.111418973] [spotrobot]: And it is not for me
[uvdrobot-4] [INFO] [1748568894.111598470] [uvdrobot]: I heard: "{"performative": "query", "sender": "spotrobot1", "receiver": "uvdrobot1", "content": "Done|a_authorize_disinfect"}"
[nurse_disinfect-3] [INFO] [1748568894.111963615] [nurse_disinfect]: I heard: "{"performative": "query", "sender": "spotrobot1", "receiver": "uvdrobot1", "content": "Ready|a_authorize_disinfect"}"
[uvdrobot-4] [INFO] [1748568894.112120440] [uvdrobot]: And it is for me
[uvdrobot-4] [INFO] [1748568894.112594993] [uvdrobot]: Finished action
[nurse_disinfect-3] [INFO] [1748568894.112600557] [nurse_disinfect]: And it is not for me
[uvdrobot-4] [INFO] [1748568894.113129129] [uvdrobot]: Doing a_navto
[spotrobot-5] [INFO] [1748568894.113250474] [spotrobot]: I heard: "{"performative": "query", "sender": "uvdrobot1", "receiver": "spotrobot1", "content": "Done|a_authorize_disinfect"}"
[spotrobot-5] [INFO] [1748568894.113518718] [spotrobot]: And it is for me
[nurse_disinfect-3] [INFO] [1748568894.113531922] [nurse_disinfect]: I heard: "{"performative": "query", "sender": "uvdrobot1", "receiver": "spotrobot1", "content": "Done|a_authorize_disinfect"}"
[spotrobot-5] [INFO] [1748568894.113768514] [spotrobot]: Already finished action
[uvdrobot-4] [INFO] [1748568894.113781948] [uvdrobot]: Waiting for response
[nurse_disinfect-3] [INFO] [1748568894.114033489] [nurse_disinfect]: And it is not for me
[uvdrobot-4] [INFO] [1748568894.114306627] [uvdrobot]: I heard: "{"performative": "query", "sender": "uvdrobot1", "receiver": "spotrobot1", "content": "Done|a_authorize_disinfect"}"
[uvdrobot-4] [INFO] [1748568894.114826549] [uvdrobot]: And it is not for me
[nurse_disinfect-3] [INFO] [1748568894.114986891] [nurse_disinfect]: I heard: "{"performative": "query", "sender": "spotrobot1", "receiver": "uvdrobot1", "content": "Done|a_authorize_disinfect"}"
[nurse_disinfect-3] [INFO] [1748568894.115460140] [nurse_disinfect]: And it is not for me
[uvdrobot-4] [INFO] [1748568894.116137053] [uvdrobot]: success
[nurse_disinfect-3] [INFO] [1748568894.116460390] [nurse_disinfect]: I heard: "{"performative": "query", "sender": "uvdrobot1", "receiver": "spotrobot1", "content": "Done|a_authorize_disinfect"}"
[uvdrobot-4] [INFO] [1748568894.116549624] [uvdrobot]: Doing a_disinfect_room
[uvdrobot-4] [INFO] [1748568894.116921702] [uvdrobot]: Waiting for response
[nurse_disinfect-3] [INFO] [1748568894.117006767] [nurse_disinfect]: And it is not for me
[uvdrobot-4] [INFO] [1748568894.117866996] [uvdrobot]: success
[spotrobot-5] [INFO] [1748568894.121655426] [spotrobot]: Recebido sinal de desligamento do coordenador, finalizando...
[nurse_disinfect-3] [INFO] [1748568894.121670838] [nurse_disinfect]: Recebido sinal de desligamento do coordenador, finalizando...
[disinfect_planner-2] [INFO] [1748568894.121750043] [disinfect_planner]: Recebido sinal de desligamento do coordenador, finalizando...
[uvdrobot-4] [INFO] [1748568894.121824254] [uvdrobot]: Recebido sinal de desligamento do coordenador, finalizando...
[disinfect_environment-1] [INFO] [1748568894.121854733] [disinfect_environment]: Recebido sinal de desligamento do coordenador, finalizando...
[spotrobot-5] [INFO] [1748568894.122027890] [Quitting]: Done
[nurse_disinfect-3] [INFO] [1748568894.122105879] [Quitting]: Done
[disinfect_planner-2] [INFO] [1748568894.122148474] [Quitting]: Done
[disinfect_environment-1] [INFO] [1748568894.122332720] [Quitting]: Done
[uvdrobot-4] [INFO] [1748568894.122401676] [Quitting]: Done
[INFO] [disinfect_environment-1]: process has finished cleanly [pid 110587]
[INFO] [spotrobot-5]: process has finished cleanly [pid 110595]
[INFO] [uvdrobot-4]: process has finished cleanly [pid 110593]
[INFO] [nurse_disinfect-3]: process has finished cleanly [pid 110591]
