[INFO] [launch]: All log files can be found below /home/rafael/.ros/log/2025-05-29-22-40-32-251997-NotebookRafael-116196
[INFO] [launch]: Default logging verbosity is set to INFO
[INFO] [disinfect_environment-1]: process started with pid [116199]
[INFO] [disinfect_planner-2]: process started with pid [116201]
[INFO] [nurse_disinfect-3]: process started with pid [116203]
[INFO] [uvdrobot-4]: process started with pid [116205]
[INFO] [spotrobot-5]: process started with pid [116207]
[disinfect_environment-1] [INFO] [1748569232.489812078] [disinfect_environment]: Starting Environment server
[disinfect_environment-1] [INFO] [1748569232.493897999] [disinfect_environment]: Environment server started
[disinfect_planner-2] [INFO] [1748569233.051914993] [disinfect_planner]: Starting Planner server
[disinfect_planner-2] [INFO] [1748569233.055648451] [disinfect_planner]: Planner server started
[disinfect_planner-2] [INFO] [1748569233.261141689] [disinfect_planner]: Creating plan for: spotrobot1 uvdrobot1 nurse_disinfected1
[disinfect_planner-2] [INFO] [1748569233.262650089] [disinfect_planner]: a_navto,spotrobot1,room1
[disinfect_planner-2] [INFO] [1748569233.262956262] [disinfect_planner]: a_open_door,spotrobot1,room1
[disinfect_planner-2] [INFO] [1748569233.263248620] [disinfect_planner]: a_approach_nurse,spotrobot1,nurse_disinfected1
[disinfect_planner-2] [INFO] [1748569233.263596668] [disinfect_planner]: a_authenticate_nurse,spotrobot1,nurse_disinfected1
[disinfect_planner-2] [INFO] [1748569233.263887602] [disinfect_planner]: a_authorize_patrol,spotrobot1,nurse_disinfected1
[disinfect_planner-2] [INFO] [1748569233.264175565] [disinfect_planner]: a_patrol_room,spotrobot1,room1
[disinfect_planner-2] [INFO] [1748569233.264464202] [disinfect_planner]: a_authorize_disinfect,uvdrobot1,spotrobot1
[disinfect_planner-2] [INFO] [1748569233.264751790] [disinfect_planner]: a_navto,uvdrobot1,room1
[disinfect_planner-2] [INFO] [1748569233.265080531] [disinfect_planner]: a_disinfect_room,uvdrobot1,room1
[disinfect_planner-2] [INFO] [1748569233.265435684] [disinfect_planner]: Sending response
[uvdrobot-4] [INFO] [1748569233.266201164] [uvdrobot]: response.response uvdrobot1
[uvdrobot-4] [INFO] [1748569233.266558350] [uvdrobot]: My name is uvdrobot1
[uvdrobot-4] [INFO] [1748569233.267412069] [uvdrobot]: I heard: "{"performative": "request", "sender": "Coordinator", "receiver": "uvdrobot1", "content": "Plan|a_authorize_disinfect,uvdrobot1,spotrobot1/a_navto,uvdrobot1,room1/a_disinfect_room,uvdrobot1,room1"}"
[spotrobot-5] [INFO] [1748569233.267681820] [spotrobot]: response.response spotrobot1
[uvdrobot-4] [INFO] [1748569233.267766603] [uvdrobot]: And it is for me
[uvdrobot-4] [INFO] [1748569233.268316520] [uvdrobot]: Doing a_authorize_disinfect
[spotrobot-5] [INFO] [1748569233.268333118] [spotrobot]: My name is spotrobot1
[uvdrobot-4] [INFO] [1748569233.268799988] [uvdrobot]: a_authorize_disinfect
[nurse_disinfect-3] [INFO] [1748569233.268905519] [nurse_disinfect]: response.response nurse_disinfected1
[spotrobot-5] [INFO] [1748569233.269054632] [spotrobot]: I heard: "{"performative": "request", "sender": "Coordinator", "receiver": "uvdrobot1", "content": "Plan|a_authorize_disinfect,uvdrobot1,spotrobot1/a_navto,uvdrobot1,room1/a_disinfect_room,uvdrobot1,room1"}"
[uvdrobot-4] [INFO] [1748569233.269143753] [uvdrobot]: Here first, waiting for spotrobot
[spotrobot-5] [INFO] [1748569233.269335593] [spotrobot]: And it is not for me
[nurse_disinfect-3] [INFO] [1748569233.269472025] [nurse_disinfect]: My name is nurse_disinfected1
[spotrobot-5] [INFO] [1748569233.269942719] [spotrobot]: I heard: "{"performative": "request", "sender": "Coordinator", "receiver": "spotrobot1", "content": "Plan|a_navto,spotrobot1,room1/a_open_door,spotrobot1,room1/a_approach_nurse,spotrobot1,nurse_disinfected1/a_authenticate_nurse,spotrobot1,nurse_disinfected1/a_authorize_patrol,spotrobot1,nurse_disinfected1/a_patrol_room,spotrobot1,room1/a_authorize_disinfect,uvdrobot1,spotrobot1"}"
[uvdrobot-4] [INFO] [1748569233.270133060] [uvdrobot]: I heard: "{"performative": "request", "sender": "Coordinator", "receiver": "spotrobot1", "content": "Plan|a_navto,spotrobot1,room1/a_open_door,spotrobot1,room1/a_approach_nurse,spotrobot1,nurse_disinfected1/a_authenticate_nurse,spotrobot1,nurse_disinfected1/a_authorize_patrol,spotrobot1,nurse_disinfected1/a_patrol_room,spotrobot1,room1/a_authorize_disinfect,uvdrobot1,spotrobot1"}"
[spotrobot-5] [INFO] [1748569233.270263138] [spotrobot]: And it is for me
[uvdrobot-4] [INFO] [1748569233.270544708] [uvdrobot]: And it is not for me
[spotrobot-5] [INFO] [1748569233.270617671] [spotrobot]: Doing a_navto
[uvdrobot-4] [INFO] [1748569233.270921426] [uvdrobot]: I heard: "{"performative": "query", "sender": "uvdrobot1", "receiver": "spotrobot1", "content": "Ready|a_authorize_disinfect"}"
[spotrobot-5] [INFO] [1748569233.271008260] [spotrobot]: Wating for response
[uvdrobot-4] [INFO] [1748569233.271289493] [uvdrobot]: And it is not for me
[spotrobot-5] [INFO] [1748569233.271457660] [spotrobot]: I heard: "{"performative": "request", "sender": "Coordinator", "receiver": "nurse_disinfected1", "content": "Plan|a_approach_nurse,spotrobot1,nurse_disinfected1/a_authenticate_nurse,spotrobot1,nurse_disinfected1/a_authorize_patrol,spotrobot1,nurse_disinfected1"}"
[spotrobot-5] [INFO] [1748569233.271741058] [spotrobot]: And it is not for me
[uvdrobot-4] [INFO] [1748569233.271807226] [uvdrobot]: I heard: "{"performative": "request", "sender": "Coordinator", "receiver": "nurse_disinfected1", "content": "Plan|a_approach_nurse,spotrobot1,nurse_disinfected1/a_authenticate_nurse,spotrobot1,nurse_disinfected1/a_authorize_patrol,spotrobot1,nurse_disinfected1"}"
[spotrobot-5] [INFO] [1748569233.272104730] [spotrobot]: I heard: "{"performative": "query", "sender": "uvdrobot1", "receiver": "spotrobot1", "content": "Ready|a_authorize_disinfect"}"
[uvdrobot-4] [INFO] [1748569233.272212023] [uvdrobot]: And it is not for me
[spotrobot-5] [INFO] [1748569233.272461785] [spotrobot]: And it is for me
[spotrobot-5] [INFO] [1748569233.272985891] [spotrobot]: No there yet
[spotrobot-5] [INFO] [1748569233.273830172] [spotrobot]: success
[spotrobot-5] [INFO] [1748569233.274182615] [spotrobot]: Doing a_open_door
[spotrobot-5] [INFO] [1748569233.274535650] [spotrobot]: Wating for response
[spotrobot-5] [INFO] [1748569233.276051200] [spotrobot]: success
[spotrobot-5] [INFO] [1748569233.276399192] [spotrobot]: Doing a_approach_nurse
[spotrobot-5] [INFO] [1748569233.276926212] [spotrobot]: Wating for response
[spotrobot-5] [INFO] [1748569233.277993356] [spotrobot]: success
[spotrobot-5] [INFO] [1748569233.278344563] [spotrobot]: Doing a_authenticate_nurse
[spotrobot-5] [INFO] [1748569233.278660642] [spotrobot]: a_authenticate_nurse
[spotrobot-5] [INFO] [1748569233.278962138] [spotrobot]: Here first, waiting for nurse
[spotrobot-5] [INFO] [1748569233.279880873] [spotrobot]: I heard: "{"performative": "query", "sender": "spotrobot1", "receiver": "nurse_disinfected1", "content": "Ready|a_authenticate_nurse"}"
[uvdrobot-4] [INFO] [1748569233.279894817] [uvdrobot]: I heard: "{"performative": "query", "sender": "spotrobot1", "receiver": "nurse_disinfected1", "content": "Ready|a_authenticate_nurse"}"
[uvdrobot-4] [INFO] [1748569233.280338875] [uvdrobot]: And it is not for me
[spotrobot-5] [INFO] [1748569233.280338829] [spotrobot]: And it is not for me
[nurse_disinfect-3] [INFO] [1748569234.271172059] [nurse_disinfect]: I heard: "{"performative": "request", "sender": "Coordinator", "receiver": "uvdrobot1", "content": "Plan|a_authorize_disinfect,uvdrobot1,spotrobot1/a_navto,uvdrobot1,room1/a_disinfect_room,uvdrobot1,room1"}"
[nurse_disinfect-3] [INFO] [1748569234.271574869] [nurse_disinfect]: And it is not for me
[nurse_disinfect-3] [INFO] [1748569234.272022292] [nurse_disinfect]: I heard: "{"performative": "query", "sender": "uvdrobot1", "receiver": "spotrobot1", "content": "Ready|a_authorize_disinfect"}"
[nurse_disinfect-3] [INFO] [1748569234.272351876] [nurse_disinfect]: And it is not for me
[nurse_disinfect-3] [INFO] [1748569234.273127543] [nurse_disinfect]: I heard: "{"performative": "request", "sender": "Coordinator", "receiver": "spotrobot1", "content": "Plan|a_navto,spotrobot1,room1/a_open_door,spotrobot1,room1/a_approach_nurse,spotrobot1,nurse_disinfected1/a_authenticate_nurse,spotrobot1,nurse_disinfected1/a_authorize_patrol,spotrobot1,nurse_disinfected1/a_patrol_room,spotrobot1,room1/a_authorize_disinfect,uvdrobot1,spotrobot1"}"
[nurse_disinfect-3] [INFO] [1748569234.273525311] [nurse_disinfect]: And it is not for me
[nurse_disinfect-3] [INFO] [1748569234.274173871] [nurse_disinfect]: I heard: "{"performative": "query", "sender": "spotrobot1", "receiver": "nurse_disinfected1", "content": "Ready|a_authenticate_nurse"}"
[nurse_disinfect-3] [INFO] [1748569234.274487701] [nurse_disinfect]: And it is for me
[nurse_disinfect-3] [INFO] [1748569234.274954665] [nurse_disinfect]: No there yet
[nurse_disinfect-3] [INFO] [1748569234.275673498] [nurse_disinfect]: I heard: "{"performative": "request", "sender": "Coordinator", "receiver": "nurse_disinfected1", "content": "Plan|a_approach_nurse,spotrobot1,nurse_disinfected1/a_authenticate_nurse,spotrobot1,nurse_disinfected1/a_authorize_patrol,spotrobot1,nurse_disinfected1"}"
[nurse_disinfect-3] [INFO] [1748569234.276136591] [nurse_disinfect]: And it is for me
[nurse_disinfect-3] [INFO] [1748569234.277332407] [nurse_disinfect]: a_approach_nurse
[nurse_disinfect-3] [INFO] [1748569234.277676209] [nurse_disinfect]: a_authenticate_nurse
[nurse_disinfect-3] [INFO] [1748569234.278151748] [nurse_disinfect]: Doing a_authenticate_nurse
[nurse_disinfect-3] [INFO] [1748569234.278476563] [nurse_disinfect]: a_authenticate_nurse
[nurse_disinfect-3] [INFO] [1748569234.278804039] [nurse_disinfect]: Robot is waiting, send action message
[uvdrobot-4] [INFO] [1748569234.279457011] [uvdrobot]: I heard: "{"performative": "query", "sender": "nurse_disinfected1", "receiver": "spotrobot1", "content": "Done|a_authenticate_nurse"}"
[spotrobot-5] [INFO] [1748569234.279715966] [spotrobot]: I heard: "{"performative": "query", "sender": "nurse_disinfected1", "receiver": "spotrobot1", "content": "Done|a_authenticate_nurse"}"
[nurse_disinfect-3] [INFO] [1748569234.279755201] [nurse_disinfect]: I heard: "{"performative": "query", "sender": "nurse_disinfected1", "receiver": "spotrobot1", "content": "Done|a_authenticate_nurse"}"
[uvdrobot-4] [INFO] [1748569234.280020846] [uvdrobot]: And it is not for me
[nurse_disinfect-3] [INFO] [1748569234.280036669] [nurse_disinfect]: And it is not for me
[spotrobot-5] [INFO] [1748569234.280180615] [spotrobot]: And it is for me
[spotrobot-5] [INFO] [1748569234.280457031] [spotrobot]: Finished action
[spotrobot-5] [INFO] [1748569234.280924735] [spotrobot]: Doing a_authorize_patrol
[nurse_disinfect-3] [INFO] [1748569234.280999687] [nurse_disinfect]: I heard: "{"performative": "query", "sender": "spotrobot1", "receiver": "nurse_disinfected1", "content": "Done|a_authenticate_nurse"}"
[spotrobot-5] [INFO] [1748569234.281235509] [spotrobot]: a_authorize_patrol
[nurse_disinfect-3] [INFO] [1748569234.281269458] [nurse_disinfect]: And it is for me
[spotrobot-5] [INFO] [1748569234.281498542] [spotrobot]: Here first, waiting for nurse
[nurse_disinfect-3] [INFO] [1748569234.281517992] [nurse_disinfect]: Finished action
[uvdrobot-4] [INFO] [1748569234.281524231] [uvdrobot]: I heard: "{"performative": "query", "sender": "spotrobot1", "receiver": "nurse_disinfected1", "content": "Done|a_authenticate_nurse"}"
[uvdrobot-4] [INFO] [1748569234.282083258] [uvdrobot]: And it is not for me
[spotrobot-5] [INFO] [1748569234.282131704] [spotrobot]: I heard: "{"performative": "query", "sender": "spotrobot1", "receiver": "nurse_disinfected1", "content": "Done|a_authenticate_nurse"}"
[nurse_disinfect-3] [INFO] [1748569234.282242983] [nurse_disinfect]: a_authorize_patrol
[spotrobot-5] [INFO] [1748569234.282403949] [spotrobot]: And it is not for me
[nurse_disinfect-3] [INFO] [1748569234.282722937] [nurse_disinfect]: Doing a_authorize_patrol
[uvdrobot-4] [INFO] [1748569234.282942769] [uvdrobot]: I heard: "{"performative": "query", "sender": "spotrobot1", "receiver": "nurse_disinfected1", "content": "Ready|a_authorize_patrol"}"
[spotrobot-5] [INFO] [1748569234.282976866] [spotrobot]: I heard: "{"performative": "query", "sender": "spotrobot1", "receiver": "nurse_disinfected1", "content": "Ready|a_authorize_patrol"}"
[spotrobot-5] [INFO] [1748569234.283245578] [spotrobot]: And it is not for me
[nurse_disinfect-3] [INFO] [1748569234.283260351] [nurse_disinfect]: a_authorize_patrol
[uvdrobot-4] [INFO] [1748569234.283487082] [uvdrobot]: And it is not for me
[spotrobot-5] [INFO] [1748569234.283725391] [spotrobot]: I heard: "{"performative": "query", "sender": "nurse_disinfected1", "receiver": "spotrobot1", "content": "Done|a_authenticate_nurse"}"
[nurse_disinfect-3] [INFO] [1748569234.283766772] [nurse_disinfect]: Here first, waiting for robot
[spotrobot-5] [INFO] [1748569234.284093664] [spotrobot]: And it is for me
[spotrobot-5] [INFO] [1748569234.284430944] [spotrobot]: Already finished action
[uvdrobot-4] [INFO] [1748569234.284466080] [uvdrobot]: I heard: "{"performative": "query", "sender": "nurse_disinfected1", "receiver": "spotrobot1", "content": "Done|a_authenticate_nurse"}"
[nurse_disinfect-3] [INFO] [1748569234.284906101] [nurse_disinfect]: I heard: "{"performative": "query", "sender": "spotrobot1", "receiver": "nurse_disinfected1", "content": "Ready|a_authorize_patrol"}"
[uvdrobot-4] [INFO] [1748569234.285018912] [uvdrobot]: And it is not for me
[spotrobot-5] [INFO] [1748569234.285155438] [spotrobot]: I heard: "{"performative": "query", "sender": "nurse_disinfected1", "receiver": "spotrobot1", "content": "Ready|a_authorize_patrol"}"
[nurse_disinfect-3] [INFO] [1748569234.285487322] [nurse_disinfect]: And it is for me
[spotrobot-5] [INFO] [1748569234.285607659] [spotrobot]: And it is for me
[spotrobot-5] [INFO] [1748569234.285896456] [spotrobot]: Ready to act
[uvdrobot-4] [INFO] [1748569234.285936606] [uvdrobot]: I heard: "{"performative": "query", "sender": "nurse_disinfected1", "receiver": "spotrobot1", "content": "Ready|a_authorize_patrol"}"
[nurse_disinfect-3] [INFO] [1748569234.285976582] [nurse_disinfect]: Ready to act
[uvdrobot-4] [INFO] [1748569234.286484218] [uvdrobot]: And it is not for me
[spotrobot-5] [INFO] [1748569234.286835153] [spotrobot]: I heard: "{"performative": "query", "sender": "spotrobot1", "receiver": "nurse_disinfected1", "content": "Done|a_authorize_patrol"}"
[nurse_disinfect-3] [INFO] [1748569234.287081093] [nurse_disinfect]: I heard: "{"performative": "query", "sender": "nurse_disinfected1", "receiver": "spotrobot1", "content": "Done|a_authenticate_nurse"}"
[spotrobot-5] [INFO] [1748569234.287128832] [spotrobot]: And it is not for me
[uvdrobot-4] [INFO] [1748569234.287404470] [uvdrobot]: I heard: "{"performative": "query", "sender": "spotrobot1", "receiver": "nurse_disinfected1", "content": "Done|a_authorize_patrol"}"
[nurse_disinfect-3] [INFO] [1748569234.287596286] [nurse_disinfect]: And it is not for me
[spotrobot-5] [INFO] [1748569234.287681730] [spotrobot]: I heard: "{"performative": "query", "sender": "nurse_disinfected1", "receiver": "spotrobot1", "content": "Done|a_authorize_patrol"}"
[uvdrobot-4] [INFO] [1748569234.287907123] [uvdrobot]: And it is not for me
[spotrobot-5] [INFO] [1748569234.287961004] [spotrobot]: And it is for me
[spotrobot-5] [INFO] [1748569234.288254122] [spotrobot]: Finished action
[nurse_disinfect-3] [INFO] [1748569234.288491233] [nurse_disinfect]: I heard: "{"performative": "query", "sender": "nurse_disinfected1", "receiver": "spotrobot1", "content": "Ready|a_authorize_patrol"}"
[spotrobot-5] [INFO] [1748569234.288707111] [spotrobot]: Doing a_patrol_room
[uvdrobot-4] [INFO] [1748569234.288830309] [uvdrobot]: I heard: "{"performative": "query", "sender": "nurse_disinfected1", "receiver": "spotrobot1", "content": "Done|a_authorize_patrol"}"
[nurse_disinfect-3] [INFO] [1748569234.289042303] [nurse_disinfect]: And it is not for me
[spotrobot-5] [INFO] [1748569234.289149463] [spotrobot]: Wating for response
[uvdrobot-4] [INFO] [1748569234.289351482] [uvdrobot]: And it is not for me
[spotrobot-5] [INFO] [1748569234.289865944] [spotrobot]: I heard: "{"performative": "query", "sender": "spotrobot1", "receiver": "nurse_disinfected1", "content": "Done|a_authorize_patrol"}"
[nurse_disinfect-3] [INFO] [1748569234.289955105] [nurse_disinfect]: I heard: "{"performative": "query", "sender": "spotrobot1", "receiver": "nurse_disinfected1", "content": "Done|a_authorize_patrol"}"
[spotrobot-5] [INFO] [1748569234.290229934] [spotrobot]: And it is not for me
[uvdrobot-4] [INFO] [1748569234.290282166] [uvdrobot]: I heard: "{"performative": "query", "sender": "spotrobot1", "receiver": "nurse_disinfected1", "content": "Done|a_authorize_patrol"}"
[nurse_disinfect-3] [INFO] [1748569234.290466971] [nurse_disinfect]: And it is for me
[uvdrobot-4] [INFO] [1748569234.290798015] [uvdrobot]: And it is not for me
[nurse_disinfect-3] [INFO] [1748569234.290988340] [nurse_disinfect]: Finished action
[spotrobot-5] [INFO] [1748569234.291140411] [spotrobot]: success
[spotrobot-5] [INFO] [1748569234.291548105] [spotrobot]: Doing a_authorize_disinfect
[spotrobot-5] [INFO] [1748569234.291817126] [spotrobot]: a_authorize_disinfect
[uvdrobot-4] [INFO] [1748569234.292034365] [uvdrobot]: I heard: "{"performative": "query", "sender": "nurse_disinfected1", "receiver": "spotrobot1", "content": "Done|a_authorize_patrol"}"
[nurse_disinfect-3] [INFO] [1748569234.292070433] [nurse_disinfect]: I heard: "{"performative": "query", "sender": "nurse_disinfected1", "receiver": "spotrobot1", "content": "Done|a_authorize_patrol"}"
[spotrobot-5] [INFO] [1748569234.292121696] [spotrobot]: Here first, waiting for spotrobot
[nurse_disinfect-3] [INFO] [1748569234.292512372] [nurse_disinfect]: And it is not for me
[uvdrobot-4] [INFO] [1748569234.292521254] [uvdrobot]: And it is not for me
[spotrobot-5] [INFO] [1748569234.292768785] [spotrobot]: I heard: "{"performative": "query", "sender": "nurse_disinfected1", "receiver": "spotrobot1", "content": "Done|a_authorize_patrol"}"
[spotrobot-5] [INFO] [1748569234.293040552] [spotrobot]: And it is for me
[nurse_disinfect-3] [INFO] [1748569234.293096854] [nurse_disinfect]: I heard: "{"performative": "query", "sender": "spotrobot1", "receiver": "nurse_disinfected1", "content": "Done|a_authorize_patrol"}"
[uvdrobot-4] [INFO] [1748569234.293239722] [uvdrobot]: I heard: "{"performative": "query", "sender": "spotrobot1", "receiver": "uvdrobot1", "content": "Ready|a_authorize_disinfect"}"
[spotrobot-5] [INFO] [1748569234.293292984] [spotrobot]: Already finished action
[nurse_disinfect-3] [INFO] [1748569234.293372539] [nurse_disinfect]: And it is for me
[uvdrobot-4] [INFO] [1748569234.293633788] [uvdrobot]: And it is for me
[nurse_disinfect-3] [INFO] [1748569234.293683154] [nurse_disinfect]: Already finished action
[spotrobot-5] [INFO] [1748569234.293828843] [spotrobot]: I heard: "{"performative": "query", "sender": "spotrobot1", "receiver": "uvdrobot1", "content": "Ready|a_authorize_disinfect"}"
[uvdrobot-4] [INFO] [1748569234.294012361] [uvdrobot]: Ready to act
[spotrobot-5] [INFO] [1748569234.294208879] [spotrobot]: And it is not for me
[nurse_disinfect-3] [INFO] [1748569234.294340665] [nurse_disinfect]: I heard: "{"performative": "query", "sender": "nurse_disinfected1", "receiver": "spotrobot1", "content": "Done|a_authorize_patrol"}"
[nurse_disinfect-3] [INFO] [1748569234.294678938] [nurse_disinfect]: And it is not for me
[spotrobot-5] [INFO] [1748569234.294814514] [spotrobot]: I heard: "{"performative": "query", "sender": "uvdrobot1", "receiver": "spotrobot1", "content": "Done|a_authorize_disinfect"}"
[uvdrobot-4] [INFO] [1748569234.294876858] [uvdrobot]: I heard: "{"performative": "query", "sender": "uvdrobot1", "receiver": "spotrobot1", "content": "Done|a_authorize_disinfect"}"
[uvdrobot-4] [INFO] [1748569234.295156555] [uvdrobot]: And it is not for me
[spotrobot-5] [INFO] [1748569234.295233426] [spotrobot]: And it is for me
[nurse_disinfect-3] [INFO] [1748569234.295300553] [nurse_disinfect]: I heard: "{"performative": "query", "sender": "spotrobot1", "receiver": "uvdrobot1", "content": "Ready|a_authorize_disinfect"}"
[spotrobot-5] [INFO] [1748569234.295523882] [spotrobot]: Finished action
[nurse_disinfect-3] [INFO] [1748569234.295596557] [nurse_disinfect]: And it is not for me
[nurse_disinfect-3] [INFO] [1748569234.296115761] [nurse_disinfect]: I heard: "{"performative": "query", "sender": "uvdrobot1", "receiver": "spotrobot1", "content": "Done|a_authorize_disinfect"}"
[spotrobot-5] [INFO] [1748569234.296187784] [spotrobot]: I heard: "{"performative": "query", "sender": "spotrobot1", "receiver": "uvdrobot1", "content": "Done|a_authorize_disinfect"}"
[uvdrobot-4] [INFO] [1748569234.296203933] [uvdrobot]: I heard: "{"performative": "query", "sender": "spotrobot1", "receiver": "uvdrobot1", "content": "Done|a_authorize_disinfect"}"
[spotrobot-5] [INFO] [1748569234.296458511] [spotrobot]: And it is not for me
[nurse_disinfect-3] [INFO] [1748569234.296460389] [nurse_disinfect]: And it is not for me
[uvdrobot-4] [INFO] [1748569234.296486103] [uvdrobot]: And it is for me
[uvdrobot-4] [INFO] [1748569234.296802098] [uvdrobot]: Finished action
[nurse_disinfect-3] [INFO] [1748569234.297133570] [nurse_disinfect]: I heard: "{"performative": "query", "sender": "spotrobot1", "receiver": "uvdrobot1", "content": "Done|a_authorize_disinfect"}"
[spotrobot-5] [INFO] [1748569234.297362063] [spotrobot]: I heard: "{"performative": "query", "sender": "uvdrobot1", "receiver": "spotrobot1", "content": "Done|a_authorize_disinfect"}"
[uvdrobot-4] [INFO] [1748569234.297379617] [uvdrobot]: Doing a_navto
[nurse_disinfect-3] [INFO] [1748569234.297527327] [nurse_disinfect]: And it is not for me
[uvdrobot-4] [INFO] [1748569234.297909759] [uvdrobot]: Waiting for response
[spotrobot-5] [INFO] [1748569234.297939506] [spotrobot]: And it is for me
[nurse_disinfect-3] [INFO] [1748569234.298356556] [nurse_disinfect]: I heard: "{"performative": "query", "sender": "uvdrobot1", "receiver": "spotrobot1", "content": "Done|a_authorize_disinfect"}"
[uvdrobot-4] [INFO] [1748569234.298393574] [uvdrobot]: I heard: "{"performative": "query", "sender": "uvdrobot1", "receiver": "spotrobot1", "content": "Done|a_authorize_disinfect"}"
[spotrobot-5] [INFO] [1748569234.298452834] [spotrobot]: Already finished action
[uvdrobot-4] [INFO] [1748569234.298662773] [uvdrobot]: And it is not for me
[nurse_disinfect-3] [INFO] [1748569234.298883258] [nurse_disinfect]: And it is not for me
[uvdrobot-4] [INFO] [1748569234.299593391] [uvdrobot]: success
[uvdrobot-4] [INFO] [1748569234.299915197] [uvdrobot]: Doing a_disinfect_room
[uvdrobot-4] [INFO] [1748569234.300321869] [uvdrobot]: Waiting for response
[uvdrobot-4] [INFO] [1748569234.301072128] [uvdrobot]: success
[uvdrobot-4] [INFO] [1748569234.303822314] [uvdrobot]: Recebido sinal de desligamento do coordenador, finalizando...
[spotrobot-5] [INFO] [1748569234.303906186] [spotrobot]: Recebido sinal de desligamento do coordenador, finalizando...
[nurse_disinfect-3] [INFO] [1748569234.303906917] [nurse_disinfect]: Recebido sinal de desligamento do coordenador, finalizando...
[disinfect_environment-1] [INFO] [1748569234.303983150] [disinfect_environment]: Recebido sinal de desligamento do coordenador, finalizando...
[disinfect_planner-2] [INFO] [1748569234.304048279] [disinfect_planner]: Recebido sinal de desligamento do coordenador, finalizando...
[uvdrobot-4] [INFO] [1748569234.304190400] [Quitting]: Done
[spotrobot-5] [INFO] [1748569234.304246109] [Quitting]: Done
[disinfect_environment-1] [INFO] [1748569234.304315144] [Quitting]: Done
[nurse_disinfect-3] [INFO] [1748569234.304486198] [Quitting]: Done
[disinfect_planner-2] [INFO] [1748569234.304525055] [Quitting]: Done
[INFO] [spotrobot-5]: process has finished cleanly [pid 116207]
[INFO] [nurse_disinfect-3]: process has finished cleanly [pid 116203]
[INFO] [disinfect_environment-1]: process has finished cleanly [pid 116199]
[INFO] [uvdrobot-4]: process has finished cleanly [pid 116205]
