[INFO] [launch]: All log files can be found below /home/rafael/.ros/log/2025-05-30-13-08-30-557189-NotebookRafael-38273
[INFO] [launch]: Default logging verbosity is set to INFO
[INFO] [disinfect_environment-1]: process started with pid [38276]
[INFO] [disinfect_planner-2]: process started with pid [38278]
[INFO] [nurse_disinfect-3]: process started with pid [38280]
[INFO] [uvdrobot-4]: process started with pid [38282]
[INFO] [spotrobot-5]: process started with pid [38284]
[disinfect_environment-1] [INFO] [1748621310.822308927] [disinfect_environment]: Starting Environment server
[disinfect_environment-1] [INFO] [1748621310.825840795] [disinfect_environment]: Environment server started
[disinfect_planner-2] [INFO] [1748621311.319326504] [disinfect_planner]: Starting Planner server
[disinfect_planner-2] [INFO] [1748621311.323155330] [disinfect_planner]: Planner server started
[disinfect_planner-2] [INFO] [1748621311.558018455] [disinfect_planner]: Creating plan for: spotrobot1 uvdrobot1 nurse_disinfected1
[disinfect_planner-2] [INFO] [1748621311.559644726] [disinfect_planner]: a_navto,spotrobot1,room1
[disinfect_planner-2] [INFO] [1748621311.559954521] [disinfect_planner]: a_open_door,spotrobot1,room1
[disinfect_planner-2] [INFO] [1748621311.560262632] [disinfect_planner]: a_approach_nurse,spotrobot1,nurse_disinfected1
[disinfect_planner-2] [INFO] [1748621311.560616510] [disinfect_planner]: a_authenticate_nurse,spotrobot1,nurse_disinfected1
[disinfect_planner-2] [INFO] [1748621311.560911898] [disinfect_planner]: a_authorize_patrol,spotrobot1,nurse_disinfected1
[disinfect_planner-2] [INFO] [1748621311.561240149] [disinfect_planner]: a_patrol_room,spotrobot1,room1
[disinfect_planner-2] [INFO] [1748621311.561542859] [disinfect_planner]: a_authorize_disinfect,uvdrobot1,spotrobot1
[disinfect_planner-2] [INFO] [1748621311.561829563] [disinfect_planner]: a_navto,uvdrobot1,room1
[disinfect_planner-2] [INFO] [1748621311.562121734] [disinfect_planner]: a_disinfect_room,uvdrobot1,room1
[disinfect_planner-2] [INFO] [1748621311.562415041] [disinfect_planner]: Sending response
[uvdrobot-4] [INFO] [1748621311.563445227] [uvdrobot]: response.response uvdrobot1
[uvdrobot-4] [INFO] [1748621311.563799435] [uvdrobot]: My name is uvdrobot1
[spotrobot-5] [INFO] [1748621311.563906245] [spotrobot]: response.response spotrobot1
[spotrobot-5] [INFO] [1748621311.564242953] [spotrobot]: My name is spotrobot1
[uvdrobot-4] [INFO] [1748621311.564486019] [uvdrobot]: I heard: "{"performative": "request", "sender": "Coordinator", "receiver": "uvdrobot1", "content": "Plan|a_authorize_disinfect,uvdrobot1,spotrobot1/a_navto,uvdrobot1,room1/a_disinfect_room,uvdrobot1,room1"}"
[uvdrobot-4] [INFO] [1748621311.564760009] [uvdrobot]: And it is for me
[spotrobot-5] [INFO] [1748621311.564947274] [spotrobot]: I heard: "{"performative": "request", "sender": "Coordinator", "receiver": "uvdrobot1", "content": "Plan|a_authorize_disinfect,uvdrobot1,spotrobot1/a_navto,uvdrobot1,room1/a_disinfect_room,uvdrobot1,room1"}"
[nurse_disinfect-3] [INFO] [1748621311.565095944] [nurse_disinfect]: response.response nurse_disinfected1
[spotrobot-5] [INFO] [1748621311.565304774] [spotrobot]: And it is not for me
[uvdrobot-4] [INFO] [1748621311.565314772] [uvdrobot]: Doing a_authorize_disinfect
[nurse_disinfect-3] [INFO] [1748621311.565462402] [nurse_disinfect]: My name is nurse_disinfected1
[uvdrobot-4] [INFO] [1748621311.565579946] [uvdrobot]: a_authorize_disinfect
[uvdrobot-4] [INFO] [1748621311.565820137] [uvdrobot]: Here first, waiting for spotrobot
[spotrobot-5] [INFO] [1748621311.566301266] [spotrobot]: I heard: "{"performative": "request", "sender": "Coordinator", "receiver": "spotrobot1", "content": "Plan|a_navto,spotrobot1,room1/a_open_door,spotrobot1,room1/a_approach_nurse,spotrobot1,nurse_disinfected1/a_authenticate_nurse,spotrobot1,nurse_disinfected1/a_authorize_patrol,spotrobot1,nurse_disinfected1/a_patrol_room,spotrobot1,room1/a_authorize_disinfect,uvdrobot1,spotrobot1"}"
[uvdrobot-4] [INFO] [1748621311.566576316] [uvdrobot]: I heard: "{"performative": "request", "sender": "Coordinator", "receiver": "spotrobot1", "content": "Plan|a_navto,spotrobot1,room1/a_open_door,spotrobot1,room1/a_approach_nurse,spotrobot1,nurse_disinfected1/a_authenticate_nurse,spotrobot1,nurse_disinfected1/a_authorize_patrol,spotrobot1,nurse_disinfected1/a_patrol_room,spotrobot1,room1/a_authorize_disinfect,uvdrobot1,spotrobot1"}"
[spotrobot-5] [INFO] [1748621311.566833771] [spotrobot]: And it is for me
[uvdrobot-4] [INFO] [1748621311.566888457] [uvdrobot]: And it is not for me
[uvdrobot-4] [INFO] [1748621311.567219839] [uvdrobot]: I heard: "{"performative": "query", "sender": "uvdrobot1", "receiver": "spotrobot1", "content": "Ready|a_authorize_disinfect"}"
[spotrobot-5] [INFO] [1748621311.567455660] [spotrobot]: Doing a_navto
[uvdrobot-4] [INFO] [1748621311.567526257] [uvdrobot]: And it is not for me
[spotrobot-5] [INFO] [1748621311.568159574] [spotrobot]: Wating for response
[uvdrobot-4] [INFO] [1748621311.568225030] [uvdrobot]: I heard: "{"performative": "request", "sender": "Coordinator", "receiver": "nurse_disinfected1", "content": "Plan|a_approach_nurse,spotrobot1,nurse_disinfected1/a_authenticate_nurse,spotrobot1,nurse_disinfected1/a_authorize_patrol,spotrobot1,nurse_disinfected1"}"
[uvdrobot-4] [INFO] [1748621311.568499777] [uvdrobot]: And it is not for me
[spotrobot-5] [INFO] [1748621311.569008911] [spotrobot]: I heard: "{"performative": "request", "sender": "Coordinator", "receiver": "nurse_disinfected1", "content": "Plan|a_approach_nurse,spotrobot1,nurse_disinfected1/a_authenticate_nurse,spotrobot1,nurse_disinfected1/a_authorize_patrol,spotrobot1,nurse_disinfected1"}"
[spotrobot-5] [INFO] [1748621311.569544414] [spotrobot]: And it is not for me
[spotrobot-5] [INFO] [1748621311.570152086] [spotrobot]: I heard: "{"performative": "query", "sender": "uvdrobot1", "receiver": "spotrobot1", "content": "Ready|a_authorize_disinfect"}"
[spotrobot-5] [INFO] [1748621311.570718115] [spotrobot]: And it is for me
[spotrobot-5] [INFO] [1748621311.571245473] [spotrobot]: No there yet
[spotrobot-5] [INFO] [1748621311.572816585] [spotrobot]: success
[spotrobot-5] [INFO] [1748621311.573432968] [spotrobot]: Doing a_open_door
[spotrobot-5] [INFO] [1748621311.573906350] [spotrobot]: Wating for response
[spotrobot-5] [INFO] [1748621311.575218975] [spotrobot]: success
[spotrobot-5] [INFO] [1748621311.575563383] [spotrobot]: Doing a_approach_nurse
[spotrobot-5] [INFO] [1748621311.576060811] [spotrobot]: Wating for response
[spotrobot-5] [INFO] [1748621311.576853324] [spotrobot]: success
[spotrobot-5] [INFO] [1748621311.577205906] [spotrobot]: Doing a_authenticate_nurse
[spotrobot-5] [INFO] [1748621311.577508842] [spotrobot]: a_authenticate_nurse
[spotrobot-5] [INFO] [1748621311.577822649] [spotrobot]: Here first, waiting for nurse
[uvdrobot-4] [INFO] [1748621311.578450149] [uvdrobot]: I heard: "{"performative": "query", "sender": "spotrobot1", "receiver": "nurse_disinfected1", "content": "Ready|a_authenticate_nurse"}"
[spotrobot-5] [INFO] [1748621311.578771549] [spotrobot]: I heard: "{"performative": "query", "sender": "spotrobot1", "receiver": "nurse_disinfected1", "content": "Ready|a_authenticate_nurse"}"
[uvdrobot-4] [INFO] [1748621311.578819975] [uvdrobot]: And it is not for me
[spotrobot-5] [INFO] [1748621311.579263793] [spotrobot]: And it is not for me
[nurse_disinfect-3] [INFO] [1748621312.567807080] [nurse_disinfect]: I heard: "{"performative": "request", "sender": "Coordinator", "receiver": "uvdrobot1", "content": "Plan|a_authorize_disinfect,uvdrobot1,spotrobot1/a_navto,uvdrobot1,room1/a_disinfect_room,uvdrobot1,room1"}"
[nurse_disinfect-3] [INFO] [1748621312.568246123] [nurse_disinfect]: And it is not for me
[nurse_disinfect-3] [INFO] [1748621312.568859016] [nurse_disinfect]: I heard: "{"performative": "query", "sender": "uvdrobot1", "receiver": "spotrobot1", "content": "Ready|a_authorize_disinfect"}"
[nurse_disinfect-3] [INFO] [1748621312.569192186] [nurse_disinfect]: And it is not for me
[nurse_disinfect-3] [INFO] [1748621312.569821132] [nurse_disinfect]: I heard: "{"performative": "request", "sender": "Coordinator", "receiver": "spotrobot1", "content": "Plan|a_navto,spotrobot1,room1/a_open_door,spotrobot1,room1/a_approach_nurse,spotrobot1,nurse_disinfected1/a_authenticate_nurse,spotrobot1,nurse_disinfected1/a_authorize_patrol,spotrobot1,nurse_disinfected1/a_patrol_room,spotrobot1,room1/a_authorize_disinfect,uvdrobot1,spotrobot1"}"
[nurse_disinfect-3] [INFO] [1748621312.570133850] [nurse_disinfect]: And it is not for me
[nurse_disinfect-3] [INFO] [1748621312.570582353] [nurse_disinfect]: I heard: "{"performative": "query", "sender": "spotrobot1", "receiver": "nurse_disinfected1", "content": "Ready|a_authenticate_nurse"}"
[nurse_disinfect-3] [INFO] [1748621312.571128214] [nurse_disinfect]: And it is for me
[nurse_disinfect-3] [INFO] [1748621312.571516137] [nurse_disinfect]: No there yet
[nurse_disinfect-3] [INFO] [1748621312.572047014] [nurse_disinfect]: I heard: "{"performative": "request", "sender": "Coordinator", "receiver": "nurse_disinfected1", "content": "Plan|a_approach_nurse,spotrobot1,nurse_disinfected1/a_authenticate_nurse,spotrobot1,nurse_disinfected1/a_authorize_patrol,spotrobot1,nurse_disinfected1"}"
[nurse_disinfect-3] [INFO] [1748621312.572356100] [nurse_disinfect]: And it is for me
[nurse_disinfect-3] [INFO] [1748621312.573539761] [nurse_disinfect]: a_approach_nurse
[nurse_disinfect-3] [INFO] [1748621312.574083258] [nurse_disinfect]: a_authenticate_nurse
[nurse_disinfect-3] [INFO] [1748621312.574502256] [nurse_disinfect]: Doing a_authenticate_nurse
[nurse_disinfect-3] [INFO] [1748621312.574840799] [nurse_disinfect]: a_authenticate_nurse
[nurse_disinfect-3] [INFO] [1748621312.575155825] [nurse_disinfect]: Robot is waiting, send action message
[nurse_disinfect-3] [INFO] [1748621312.575782709] [nurse_disinfect]: I heard: "{"performative": "query", "sender": "nurse_disinfected1", "receiver": "spotrobot1", "content": "Done|a_authenticate_nurse"}"
[uvdrobot-4] [INFO] [1748621312.575995941] [uvdrobot]: I heard: "{"performative": "query", "sender": "nurse_disinfected1", "receiver": "spotrobot1", "content": "Done|a_authenticate_nurse"}"
[spotrobot-5] [INFO] [1748621312.576034800] [spotrobot]: I heard: "{"performative": "query", "sender": "nurse_disinfected1", "receiver": "spotrobot1", "content": "Done|a_authenticate_nurse"}"
[nurse_disinfect-3] [INFO] [1748621312.576092230] [nurse_disinfect]: And it is not for me
[uvdrobot-4] [INFO] [1748621312.576295406] [uvdrobot]: And it is not for me
[spotrobot-5] [INFO] [1748621312.576451764] [spotrobot]: And it is for me
[spotrobot-5] [INFO] [1748621312.576914012] [spotrobot]: Finished action
[uvdrobot-4] [INFO] [1748621312.577600100] [uvdrobot]: I heard: "{"performative": "query", "sender": "spotrobot1", "receiver": "nurse_disinfected1", "content": "Done|a_authenticate_nurse"}"
[spotrobot-5] [INFO] [1748621312.577648669] [spotrobot]: Doing a_authorize_patrol
[nurse_disinfect-3] [INFO] [1748621312.577962406] [nurse_disinfect]: I heard: "{"performative": "query", "sender": "spotrobot1", "receiver": "nurse_disinfected1", "content": "Done|a_authenticate_nurse"}"
[uvdrobot-4] [INFO] [1748621312.578022872] [uvdrobot]: And it is not for me
[spotrobot-5] [INFO] [1748621312.578139135] [spotrobot]: a_authorize_patrol
[nurse_disinfect-3] [INFO] [1748621312.578466266] [nurse_disinfect]: And it is for me
[spotrobot-5] [INFO] [1748621312.578604580] [spotrobot]: Here first, waiting for nurse
[nurse_disinfect-3] [INFO] [1748621312.579002857] [nurse_disinfect]: Finished action
[uvdrobot-4] [INFO] [1748621312.579289873] [uvdrobot]: I heard: "{"performative": "query", "sender": "spotrobot1", "receiver": "nurse_disinfected1", "content": "Ready|a_authorize_patrol"}"
[spotrobot-5] [INFO] [1748621312.579639829] [spotrobot]: I heard: "{"performative": "query", "sender": "spotrobot1", "receiver": "nurse_disinfected1", "content": "Done|a_authenticate_nurse"}"
[nurse_disinfect-3] [INFO] [1748621312.579674826] [nurse_disinfect]: a_authorize_patrol
[uvdrobot-4] [INFO] [1748621312.579699373] [uvdrobot]: And it is not for me
[spotrobot-5] [INFO] [1748621312.580127560] [spotrobot]: And it is not for me
[nurse_disinfect-3] [INFO] [1748621312.580133847] [nurse_disinfect]: Doing a_authorize_patrol
[uvdrobot-4] [INFO] [1748621312.580214482] [uvdrobot]: I heard: "{"performative": "query", "sender": "nurse_disinfected1", "receiver": "spotrobot1", "content": "Done|a_authenticate_nurse"}"
[uvdrobot-4] [INFO] [1748621312.580482096] [uvdrobot]: And it is not for me
[nurse_disinfect-3] [INFO] [1748621312.580601364] [nurse_disinfect]: a_authorize_patrol
[spotrobot-5] [INFO] [1748621312.580988978] [spotrobot]: I heard: "{"performative": "query", "sender": "spotrobot1", "receiver": "nurse_disinfected1", "content": "Ready|a_authorize_patrol"}"
[nurse_disinfect-3] [INFO] [1748621312.581069675] [nurse_disinfect]: Here first, waiting for robot
[spotrobot-5] [INFO] [1748621312.581554156] [spotrobot]: And it is not for me
[uvdrobot-4] [INFO] [1748621312.581711510] [uvdrobot]: I heard: "{"performative": "query", "sender": "nurse_disinfected1", "receiver": "spotrobot1", "content": "Ready|a_authorize_patrol"}"
[uvdrobot-4] [INFO] [1748621312.581987250] [uvdrobot]: And it is not for me
[nurse_disinfect-3] [INFO] [1748621312.582135251] [nurse_disinfect]: I heard: "{"performative": "query", "sender": "spotrobot1", "receiver": "nurse_disinfected1", "content": "Ready|a_authorize_patrol"}"
[spotrobot-5] [INFO] [1748621312.582425667] [spotrobot]: I heard: "{"performative": "query", "sender": "nurse_disinfected1", "receiver": "spotrobot1", "content": "Done|a_authenticate_nurse"}"
[nurse_disinfect-3] [INFO] [1748621312.582591993] [nurse_disinfect]: And it is for me
[spotrobot-5] [INFO] [1748621312.582937871] [spotrobot]: And it is for me
[nurse_disinfect-3] [INFO] [1748621312.583129776] [nurse_disinfect]: Ready to act
[spotrobot-5] [INFO] [1748621312.583491934] [spotrobot]: Already finished action
[uvdrobot-4] [INFO] [1748621312.583946600] [uvdrobot]: I heard: "{"performative": "query", "sender": "nurse_disinfected1", "receiver": "spotrobot1", "content": "Done|a_authorize_patrol"}"
[nurse_disinfect-3] [INFO] [1748621312.584197121] [nurse_disinfect]: I heard: "{"performative": "query", "sender": "nurse_disinfected1", "receiver": "spotrobot1", "content": "Done|a_authenticate_nurse"}"
[spotrobot-5] [INFO] [1748621312.584366680] [spotrobot]: I heard: "{"performative": "query", "sender": "nurse_disinfected1", "receiver": "spotrobot1", "content": "Ready|a_authorize_patrol"}"
[uvdrobot-4] [INFO] [1748621312.584482273] [uvdrobot]: And it is not for me
[nurse_disinfect-3] [INFO] [1748621312.584664430] [nurse_disinfect]: And it is not for me
[spotrobot-5] [INFO] [1748621312.584861157] [spotrobot]: And it is for me
[spotrobot-5] [INFO] [1748621312.585329118] [spotrobot]: Ready to act
[nurse_disinfect-3] [INFO] [1748621312.585576315] [nurse_disinfect]: I heard: "{"performative": "query", "sender": "nurse_disinfected1", "receiver": "spotrobot1", "content": "Ready|a_authorize_patrol"}"
[nurse_disinfect-3] [INFO] [1748621312.586098253] [nurse_disinfect]: And it is not for me
[uvdrobot-4] [INFO] [1748621312.586207067] [uvdrobot]: I heard: "{"performative": "query", "sender": "spotrobot1", "receiver": "nurse_disinfected1", "content": "Done|a_authorize_patrol"}"
[spotrobot-5] [INFO] [1748621312.586430991] [spotrobot]: I heard: "{"performative": "query", "sender": "nurse_disinfected1", "receiver": "spotrobot1", "content": "Done|a_authorize_patrol"}"
[uvdrobot-4] [INFO] [1748621312.586756759] [uvdrobot]: And it is not for me
[spotrobot-5] [INFO] [1748621312.586913085] [spotrobot]: And it is for me
[nurse_disinfect-3] [INFO] [1748621312.586975818] [nurse_disinfect]: I heard: "{"performative": "query", "sender": "nurse_disinfected1", "receiver": "spotrobot1", "content": "Done|a_authorize_patrol"}"
[spotrobot-5] [INFO] [1748621312.587362741] [spotrobot]: Finished action
[nurse_disinfect-3] [INFO] [1748621312.587474088] [nurse_disinfect]: And it is not for me
[spotrobot-5] [INFO] [1748621312.588094665] [spotrobot]: Doing a_patrol_room
[uvdrobot-4] [INFO] [1748621312.588312603] [uvdrobot]: I heard: "{"performative": "query", "sender": "spotrobot1", "receiver": "nurse_disinfected1", "content": "Done|a_authorize_patrol"}"
[nurse_disinfect-3] [INFO] [1748621312.588513007] [nurse_disinfect]: I heard: "{"performative": "query", "sender": "spotrobot1", "receiver": "nurse_disinfected1", "content": "Done|a_authorize_patrol"}"
[spotrobot-5] [INFO] [1748621312.588721095] [spotrobot]: Wating for response
[uvdrobot-4] [INFO] [1748621312.588789493] [uvdrobot]: And it is not for me
[nurse_disinfect-3] [INFO] [1748621312.588981904] [nurse_disinfect]: And it is for me
[nurse_disinfect-3] [INFO] [1748621312.589424485] [nurse_disinfect]: Finished action
[spotrobot-5] [INFO] [1748621312.589478503] [spotrobot]: I heard: "{"performative": "query", "sender": "spotrobot1", "receiver": "nurse_disinfected1", "content": "Done|a_authorize_patrol"}"
[spotrobot-5] [INFO] [1748621312.589998331] [spotrobot]: And it is not for me
[uvdrobot-4] [INFO] [1748621312.590097803] [uvdrobot]: I heard: "{"performative": "query", "sender": "nurse_disinfected1", "receiver": "spotrobot1", "content": "Done|a_authorize_patrol"}"
[uvdrobot-4] [INFO] [1748621312.590440698] [uvdrobot]: And it is not for me
[nurse_disinfect-3] [INFO] [1748621312.590551549] [nurse_disinfect]: I heard: "{"performative": "query", "sender": "spotrobot1", "receiver": "nurse_disinfected1", "content": "Done|a_authorize_patrol"}"
[spotrobot-5] [INFO] [1748621312.590867808] [spotrobot]: I heard: "{"performative": "query", "sender": "spotrobot1", "receiver": "nurse_disinfected1", "content": "Done|a_authorize_patrol"}"
[nurse_disinfect-3] [INFO] [1748621312.591002586] [nurse_disinfect]: And it is for me
[spotrobot-5] [INFO] [1748621312.591335173] [spotrobot]: And it is not for me
[nurse_disinfect-3] [INFO] [1748621312.591467258] [nurse_disinfect]: Already finished action
[nurse_disinfect-3] [INFO] [1748621312.592072933] [nurse_disinfect]: I heard: "{"performative": "query", "sender": "nurse_disinfected1", "receiver": "spotrobot1", "content": "Done|a_authorize_patrol"}"
[spotrobot-5] [INFO] [1748621312.592270670] [spotrobot]: I heard: "{"performative": "query", "sender": "nurse_disinfected1", "receiver": "spotrobot1", "content": "Done|a_authorize_patrol"}"
[nurse_disinfect-3] [INFO] [1748621312.592452456] [nurse_disinfect]: And it is not for me
[spotrobot-5] [INFO] [1748621312.592806267] [spotrobot]: And it is for me
[spotrobot-5] [INFO] [1748621312.593367283] [spotrobot]: Already finished action
[spotrobot-5] [INFO] [1748621312.594667175] [spotrobot]: dirty room
[spotrobot-5] [INFO] [1748621312.596559670] [spotrobot]: I heard: "{"performative": "request", "sender": "Coordinator", "receiver": "spotrobot1", "content": "Reset"}"
[uvdrobot-4] [INFO] [1748621312.596711729] [uvdrobot]: I heard: "{"performative": "request", "sender": "Coordinator", "receiver": "spotrobot1", "content": "Reset"}"
[nurse_disinfect-3] [INFO] [1748621312.596862398] [nurse_disinfect]: I heard: "{"performative": "request", "sender": "Coordinator", "receiver": "spotrobot1", "content": "Reset"}"
[spotrobot-5] [INFO] [1748621312.596894211] [spotrobot]: And it is for me
[uvdrobot-4] [INFO] [1748621312.597058644] [uvdrobot]: And it is not for me
[spotrobot-5] [INFO] [1748621312.597346488] [spotrobot]: I heard: "{"performative": "request", "sender": "Coordinator", "receiver": "uvdrobot1", "content": "Reset"}"
[nurse_disinfect-3] [INFO] [1748621312.597413784] [nurse_disinfect]: And it is not for me
[uvdrobot-4] [INFO] [1748621312.597541977] [uvdrobot]: I heard: "{"performative": "request", "sender": "Coordinator", "receiver": "uvdrobot1", "content": "Reset"}"
[spotrobot-5] [INFO] [1748621312.597604283] [spotrobot]: And it is not for me
[uvdrobot-4] [INFO] [1748621312.597824868] [uvdrobot]: And it is for me
[spotrobot-5] [INFO] [1748621312.598123601] [spotrobot]: I heard: "{"performative": "request", "sender": "Coordinator", "receiver": "nurse_disinfected1", "content": "Reset"}"
[nurse_disinfect-3] [INFO] [1748621312.598291301] [nurse_disinfect]: I heard: "{"performative": "request", "sender": "Coordinator", "receiver": "uvdrobot1", "content": "Reset"}"
[uvdrobot-4] [INFO] [1748621312.598364912] [uvdrobot]: I heard: "{"performative": "request", "sender": "Coordinator", "receiver": "nurse_disinfected1", "content": "Reset"}"
[spotrobot-5] [INFO] [1748621312.598391083] [spotrobot]: And it is not for me
[uvdrobot-4] [INFO] [1748621312.598635393] [uvdrobot]: And it is not for me
[spotrobot-5] [INFO] [1748621312.598800148] [spotrobot]: 
[nurse_disinfect-3] [INFO] [1748621312.598829084] [nurse_disinfect]: And it is not for me
[nurse_disinfect-3] [INFO] [1748621312.599691940] [nurse_disinfect]: I heard: "{"performative": "request", "sender": "Coordinator", "receiver": "nurse_disinfected1", "content": "Reset"}"
[nurse_disinfect-3] [INFO] [1748621312.600205771] [nurse_disinfect]: And it is for me
[disinfect_planner-2] [INFO] [1748621312.600812757] [disinfect_planner]: Creating plan for: spotrobot1 uvdrobot1 nurse_disinfected1
[disinfect_planner-2] [INFO] [1748621312.601646146] [disinfect_planner]: a_navto,spotrobot1,room1
[disinfect_planner-2] [INFO] [1748621312.602017315] [disinfect_planner]: a_approach_nurse,spotrobot1,nurse_disinfected1
[disinfect_planner-2] [INFO] [1748621312.602333883] [disinfect_planner]: a_authenticate_nurse,spotrobot1,nurse_disinfected1
[disinfect_planner-2] [INFO] [1748621312.602644937] [disinfect_planner]: a_clean_room,nurse_disinfected1,room1
[disinfect_planner-2] [INFO] [1748621312.602982770] [disinfect_planner]: a_authorize_patrol,spotrobot1,nurse_disinfected1
[disinfect_planner-2] [INFO] [1748621312.603324492] [disinfect_planner]: a_patrol_room,spotrobot1,room1
[disinfect_planner-2] [INFO] [1748621312.603639357] [disinfect_planner]: a_authorize_disinfect,uvdrobot1,spotrobot1
[disinfect_planner-2] [INFO] [1748621312.603998248] [disinfect_planner]: a_navto,uvdrobot1,room1
[disinfect_planner-2] [INFO] [1748621312.604301734] [disinfect_planner]: a_disinfect_room,uvdrobot1,room1
[disinfect_planner-2] [INFO] [1748621312.604602571] [disinfect_planner]: Sending response
[spotrobot-5] [INFO] [1748621312.606800405] [spotrobot]: I heard: "{"performative": "request", "sender": "Coordinator", "receiver": "spotrobot1", "content": "Plan|a_navto,spotrobot1,room1/a_approach_nurse,spotrobot1,nurse_disinfected1/a_authenticate_nurse,spotrobot1,nurse_disinfected1/a_authorize_patrol,spotrobot1,nurse_disinfected1/a_patrol_room,spotrobot1,room1/a_authorize_disinfect,uvdrobot1,spotrobot1"}"
[nurse_disinfect-3] [INFO] [1748621312.606908334] [nurse_disinfect]: I heard: "{"performative": "request", "sender": "Coordinator", "receiver": "spotrobot1", "content": "Plan|a_navto,spotrobot1,room1/a_approach_nurse,spotrobot1,nurse_disinfected1/a_authenticate_nurse,spotrobot1,nurse_disinfected1/a_authorize_patrol,spotrobot1,nurse_disinfected1/a_patrol_room,spotrobot1,room1/a_authorize_disinfect,uvdrobot1,spotrobot1"}"
[uvdrobot-4] [INFO] [1748621312.607038371] [uvdrobot]: I heard: "{"performative": "request", "sender": "Coordinator", "receiver": "spotrobot1", "content": "Plan|a_navto,spotrobot1,room1/a_approach_nurse,spotrobot1,nurse_disinfected1/a_authenticate_nurse,spotrobot1,nurse_disinfected1/a_authorize_patrol,spotrobot1,nurse_disinfected1/a_patrol_room,spotrobot1,room1/a_authorize_disinfect,uvdrobot1,spotrobot1"}"
[spotrobot-5] [INFO] [1748621312.607260874] [spotrobot]: And it is for me
[nurse_disinfect-3] [INFO] [1748621312.607440555] [nurse_disinfect]: And it is not for me
[uvdrobot-4] [INFO] [1748621312.607595092] [uvdrobot]: And it is not for me
[spotrobot-5] [INFO] [1748621312.607906290] [spotrobot]: Doing a_navto
[nurse_disinfect-3] [INFO] [1748621312.608492052] [nurse_disinfect]: I heard: "{"performative": "request", "sender": "Coordinator", "receiver": "uvdrobot1", "content": "Plan|a_authorize_disinfect,uvdrobot1,spotrobot1/a_navto,uvdrobot1,room1/a_disinfect_room,uvdrobot1,room1"}"
[uvdrobot-4] [INFO] [1748621312.608494046] [uvdrobot]: I heard: "{"performative": "request", "sender": "Coordinator", "receiver": "uvdrobot1", "content": "Plan|a_authorize_disinfect,uvdrobot1,spotrobot1/a_navto,uvdrobot1,room1/a_disinfect_room,uvdrobot1,room1"}"
[spotrobot-5] [INFO] [1748621312.608606921] [spotrobot]: Wating for response
[uvdrobot-4] [INFO] [1748621312.608775784] [uvdrobot]: And it is for me
[nurse_disinfect-3] [INFO] [1748621312.608872038] [nurse_disinfect]: And it is not for me
[uvdrobot-4] [INFO] [1748621312.609114639] [uvdrobot]: Doing a_authorize_disinfect
[spotrobot-5] [INFO] [1748621312.609221611] [spotrobot]: I heard: "{"performative": "request", "sender": "Coordinator", "receiver": "uvdrobot1", "content": "Plan|a_authorize_disinfect,uvdrobot1,spotrobot1/a_navto,uvdrobot1,room1/a_disinfect_room,uvdrobot1,room1"}"
[uvdrobot-4] [INFO] [1748621312.609383332] [uvdrobot]: a_authorize_disinfect
[nurse_disinfect-3] [INFO] [1748621312.609521010] [nurse_disinfect]: I heard: "{"performative": "request", "sender": "Coordinator", "receiver": "nurse_disinfected1", "content": "Plan|a_approach_nurse,spotrobot1,nurse_disinfected1/a_authenticate_nurse,spotrobot1,nurse_disinfected1/a_clean_room,nurse_disinfected1,room1/a_authorize_patrol,spotrobot1,nurse_disinfected1"}"
[uvdrobot-4] [INFO] [1748621312.609628792] [uvdrobot]: Here first, waiting for spotrobot
[spotrobot-5] [INFO] [1748621312.609668997] [spotrobot]: And it is not for me
[nurse_disinfect-3] [INFO] [1748621312.609862098] [nurse_disinfect]: And it is for me
[nurse_disinfect-3] [INFO] [1748621312.610159671] [nurse_disinfect]: a_approach_nurse
[uvdrobot-4] [INFO] [1748621312.610315196] [uvdrobot]: I heard: "{"performative": "request", "sender": "Coordinator", "receiver": "nurse_disinfected1", "content": "Plan|a_approach_nurse,spotrobot1,nurse_disinfected1/a_authenticate_nurse,spotrobot1,nurse_disinfected1/a_clean_room,nurse_disinfected1,room1/a_authorize_patrol,spotrobot1,nurse_disinfected1"}"
[spotrobot-5] [INFO] [1748621312.610416965] [spotrobot]: I heard: "{"performative": "request", "sender": "Coordinator", "receiver": "nurse_disinfected1", "content": "Plan|a_approach_nurse,spotrobot1,nurse_disinfected1/a_authenticate_nurse,spotrobot1,nurse_disinfected1/a_clean_room,nurse_disinfected1,room1/a_authorize_patrol,spotrobot1,nurse_disinfected1"}"
[nurse_disinfect-3] [INFO] [1748621312.610539042] [nurse_disinfect]: a_authenticate_nurse
[uvdrobot-4] [INFO] [1748621312.610580890] [uvdrobot]: And it is not for me
[spotrobot-5] [INFO] [1748621312.610853851] [spotrobot]: And it is not for me
[uvdrobot-4] [INFO] [1748621312.610951946] [uvdrobot]: I heard: "{"performative": "query", "sender": "uvdrobot1", "receiver": "spotrobot1", "content": "Ready|a_authorize_disinfect"}"
[nurse_disinfect-3] [INFO] [1748621312.611007410] [nurse_disinfect]: Doing a_authenticate_nurse
[spotrobot-5] [INFO] [1748621312.611189310] [spotrobot]: I heard: "{"performative": "query", "sender": "uvdrobot1", "receiver": "spotrobot1", "content": "Ready|a_authorize_disinfect"}"
[uvdrobot-4] [INFO] [1748621312.611242576] [uvdrobot]: And it is not for me
[nurse_disinfect-3] [INFO] [1748621312.611384823] [nurse_disinfect]: a_authenticate_nurse
[spotrobot-5] [INFO] [1748621312.611499181] [spotrobot]: And it is for me
[nurse_disinfect-3] [INFO] [1748621312.611711503] [nurse_disinfect]: Here first, waiting for robot
[spotrobot-5] [INFO] [1748621312.611761290] [spotrobot]: No there yet
[spotrobot-5] [INFO] [1748621312.612123397] [spotrobot]: success
[uvdrobot-4] [INFO] [1748621312.612221719] [uvdrobot]: I heard: "{"performative": "query", "sender": "nurse_disinfected1", "receiver": "spotrobot1", "content": "Ready|a_authenticate_nurse"}"
[spotrobot-5] [INFO] [1748621312.612444865] [spotrobot]: Doing a_approach_nurse
[uvdrobot-4] [INFO] [1748621312.612536707] [uvdrobot]: And it is not for me
[nurse_disinfect-3] [INFO] [1748621312.612639271] [nurse_disinfect]: I heard: "{"performative": "query", "sender": "uvdrobot1", "receiver": "spotrobot1", "content": "Ready|a_authorize_disinfect"}"
[spotrobot-5] [INFO] [1748621312.612827169] [spotrobot]: Wating for response
[nurse_disinfect-3] [INFO] [1748621312.613086970] [nurse_disinfect]: And it is not for me
[spotrobot-5] [INFO] [1748621312.613370647] [spotrobot]: I heard: "{"performative": "query", "sender": "nurse_disinfected1", "receiver": "spotrobot1", "content": "Ready|a_authenticate_nurse"}"
[spotrobot-5] [INFO] [1748621312.613645100] [spotrobot]: And it is for me
[nurse_disinfect-3] [INFO] [1748621312.613726141] [nurse_disinfect]: I heard: "{"performative": "query", "sender": "nurse_disinfected1", "receiver": "spotrobot1", "content": "Ready|a_authenticate_nurse"}"
[spotrobot-5] [INFO] [1748621312.613891364] [spotrobot]: No there yet
[nurse_disinfect-3] [INFO] [1748621312.613996092] [nurse_disinfect]: And it is not for me
[spotrobot-5] [INFO] [1748621312.614973978] [spotrobot]: success
[spotrobot-5] [INFO] [1748621312.615362761] [spotrobot]: Doing a_authenticate_nurse
[spotrobot-5] [INFO] [1748621312.615729078] [spotrobot]: a_authenticate_nurse
[spotrobot-5] [INFO] [1748621312.616160978] [spotrobot]: Nurse is waiting, send action message
[uvdrobot-4] [INFO] [1748621312.616727139] [uvdrobot]: I heard: "{"performative": "query", "sender": "spotrobot1", "receiver": "nurse_disinfected1", "content": "Done|a_authenticate_nurse"}"
[nurse_disinfect-3] [INFO] [1748621312.616753136] [nurse_disinfect]: I heard: "{"performative": "query", "sender": "spotrobot1", "receiver": "nurse_disinfected1", "content": "Done|a_authenticate_nurse"}"
[uvdrobot-4] [INFO] [1748621312.617045855] [uvdrobot]: And it is not for me
[nurse_disinfect-3] [INFO] [1748621312.617074519] [nurse_disinfect]: And it is for me
[spotrobot-5] [INFO] [1748621312.617096787] [spotrobot]: I heard: "{"performative": "query", "sender": "spotrobot1", "receiver": "nurse_disinfected1", "content": "Done|a_authenticate_nurse"}"
[spotrobot-5] [INFO] [1748621312.617421008] [spotrobot]: And it is not for me
[nurse_disinfect-3] [INFO] [1748621312.617651418] [nurse_disinfect]: Finished action
[nurse_disinfect-3] [INFO] [1748621312.618132575] [nurse_disinfect]: a_clean_room
[spotrobot-5] [INFO] [1748621312.618292765] [spotrobot]: I heard: "{"performative": "query", "sender": "nurse_disinfected1", "receiver": "spotrobot1", "content": "Done|a_authenticate_nurse"}"
[uvdrobot-4] [INFO] [1748621312.618316828] [uvdrobot]: I heard: "{"performative": "query", "sender": "nurse_disinfected1", "receiver": "spotrobot1", "content": "Done|a_authenticate_nurse"}"
[nurse_disinfect-3] [INFO] [1748621312.618395128] [nurse_disinfect]: Doing a_clean_room
[uvdrobot-4] [INFO] [1748621312.618729299] [uvdrobot]: And it is not for me
[spotrobot-5] [INFO] [1748621312.618801043] [spotrobot]: And it is for me
[nurse_disinfect-3] [INFO] [1748621312.618887874] [nurse_disinfect]: Waiting for response
[spotrobot-5] [INFO] [1748621312.619158723] [spotrobot]: Finished action
[spotrobot-5] [INFO] [1748621312.619594777] [spotrobot]: Doing a_authorize_patrol
[nurse_disinfect-3] [INFO] [1748621312.619670975] [nurse_disinfect]: I heard: "{"performative": "query", "sender": "nurse_disinfected1", "receiver": "spotrobot1", "content": "Done|a_authenticate_nurse"}"
[uvdrobot-4] [INFO] [1748621312.619701177] [uvdrobot]: I heard: "{"performative": "query", "sender": "spotrobot1", "receiver": "nurse_disinfected1", "content": "Done|a_authenticate_nurse"}"
[spotrobot-5] [INFO] [1748621312.619861341] [spotrobot]: a_authorize_patrol
[nurse_disinfect-3] [INFO] [1748621312.619989804] [nurse_disinfect]: And it is not for me
[spotrobot-5] [INFO] [1748621312.620112657] [spotrobot]: Here first, waiting for nurse
[uvdrobot-4] [INFO] [1748621312.620214421] [uvdrobot]: And it is not for me
[nurse_disinfect-3] [INFO] [1748621312.620671081] [nurse_disinfect]: I heard: "{"performative": "query", "sender": "spotrobot1", "receiver": "nurse_disinfected1", "content": "Done|a_authenticate_nurse"}"
[nurse_disinfect-3] [INFO] [1748621312.621157497] [nurse_disinfect]: And it is for me
[spotrobot-5] [INFO] [1748621312.621207306] [spotrobot]: I heard: "{"performative": "query", "sender": "spotrobot1", "receiver": "nurse_disinfected1", "content": "Done|a_authenticate_nurse"}"
[uvdrobot-4] [INFO] [1748621312.621307181] [uvdrobot]: I heard: "{"performative": "query", "sender": "spotrobot1", "receiver": "nurse_disinfected1", "content": "Ready|a_authorize_patrol"}"
[nurse_disinfect-3] [INFO] [1748621312.621679303] [nurse_disinfect]: Already finished action
[spotrobot-5] [INFO] [1748621312.621792785] [spotrobot]: And it is not for me
[uvdrobot-4] [INFO] [1748621312.621837160] [uvdrobot]: And it is not for me
[nurse_disinfect-3] [INFO] [1748621312.622538914] [nurse_disinfect]: I heard: "{"performative": "query", "sender": "spotrobot1", "receiver": "nurse_disinfected1", "content": "Ready|a_authorize_patrol"}"
[spotrobot-5] [INFO] [1748621312.622694463] [spotrobot]: I heard: "{"performative": "query", "sender": "spotrobot1", "receiver": "nurse_disinfected1", "content": "Ready|a_authorize_patrol"}"
[nurse_disinfect-3] [INFO] [1748621312.623014197] [nurse_disinfect]: And it is for me
[spotrobot-5] [INFO] [1748621312.623247069] [spotrobot]: And it is not for me
[nurse_disinfect-3] [INFO] [1748621312.623285548] [nurse_disinfect]: No there yet
[nurse_disinfect-3] [INFO] [1748621312.623656282] [nurse_disinfect]: success
[nurse_disinfect-3] [INFO] [1748621312.624018219] [nurse_disinfect]: a_authorize_patrol
[nurse_disinfect-3] [INFO] [1748621312.624323379] [nurse_disinfect]: Doing a_authorize_patrol
[nurse_disinfect-3] [INFO] [1748621312.624713392] [nurse_disinfect]: a_authorize_patrol
[nurse_disinfect-3] [INFO] [1748621312.625026716] [nurse_disinfect]: Robot is waiting, send action message
[uvdrobot-4] [INFO] [1748621312.625597332] [uvdrobot]: I heard: "{"performative": "query", "sender": "nurse_disinfected1", "receiver": "spotrobot1", "content": "Done|a_authorize_patrol"}"
[nurse_disinfect-3] [INFO] [1748621312.625635938] [nurse_disinfect]: I heard: "{"performative": "query", "sender": "nurse_disinfected1", "receiver": "spotrobot1", "content": "Done|a_authorize_patrol"}"
[spotrobot-5] [INFO] [1748621312.625937885] [spotrobot]: I heard: "{"performative": "query", "sender": "nurse_disinfected1", "receiver": "spotrobot1", "content": "Done|a_authorize_patrol"}"
[uvdrobot-4] [INFO] [1748621312.625976769] [uvdrobot]: And it is not for me
[nurse_disinfect-3] [INFO] [1748621312.625977612] [nurse_disinfect]: And it is not for me
[spotrobot-5] [INFO] [1748621312.626435569] [spotrobot]: And it is for me
[spotrobot-5] [INFO] [1748621312.626753282] [spotrobot]: Finished action
[spotrobot-5] [INFO] [1748621312.627232027] [spotrobot]: Doing a_patrol_room
[nurse_disinfect-3] [INFO] [1748621312.627328777] [nurse_disinfect]: I heard: "{"performative": "query", "sender": "spotrobot1", "receiver": "nurse_disinfected1", "content": "Done|a_authorize_patrol"}"
[uvdrobot-4] [INFO] [1748621312.627558712] [uvdrobot]: I heard: "{"performative": "query", "sender": "spotrobot1", "receiver": "nurse_disinfected1", "content": "Done|a_authorize_patrol"}"
[nurse_disinfect-3] [INFO] [1748621312.627597422] [nurse_disinfect]: And it is for me
[spotrobot-5] [INFO] [1748621312.627750408] [spotrobot]: Wating for response
[uvdrobot-4] [INFO] [1748621312.627957069] [uvdrobot]: And it is not for me
[nurse_disinfect-3] [INFO] [1748621312.627960882] [nurse_disinfect]: Finished action
[spotrobot-5] [INFO] [1748621312.628252310] [spotrobot]: I heard: "{"performative": "query", "sender": "spotrobot1", "receiver": "nurse_disinfected1", "content": "Done|a_authorize_patrol"}"
[spotrobot-5] [INFO] [1748621312.628520019] [spotrobot]: And it is not for me
[uvdrobot-4] [INFO] [1748621312.628767915] [uvdrobot]: I heard: "{"performative": "query", "sender": "nurse_disinfected1", "receiver": "spotrobot1", "content": "Done|a_authorize_patrol"}"
[nurse_disinfect-3] [INFO] [1748621312.628811071] [nurse_disinfect]: I heard: "{"performative": "query", "sender": "nurse_disinfected1", "receiver": "spotrobot1", "content": "Done|a_authorize_patrol"}"
[spotrobot-5] [INFO] [1748621312.629035307] [spotrobot]: I heard: "{"performative": "query", "sender": "nurse_disinfected1", "receiver": "spotrobot1", "content": "Done|a_authorize_patrol"}"
[nurse_disinfect-3] [INFO] [1748621312.629312926] [nurse_disinfect]: And it is not for me
[spotrobot-5] [INFO] [1748621312.629320762] [spotrobot]: And it is for me
[uvdrobot-4] [INFO] [1748621312.629374867] [uvdrobot]: And it is not for me
[spotrobot-5] [INFO] [1748621312.629575360] [spotrobot]: Already finished action
[spotrobot-5] [INFO] [1748621312.630081406] [spotrobot]: success
[spotrobot-5] [INFO] [1748621312.630430591] [spotrobot]: Doing a_authorize_disinfect
[spotrobot-5] [INFO] [1748621312.630773051] [spotrobot]: a_authorize_disinfect
[spotrobot-5] [INFO] [1748621312.631079923] [spotrobot]: Here first, waiting for spotrobot
[uvdrobot-4] [INFO] [1748621312.631749338] [uvdrobot]: I heard: "{"performative": "query", "sender": "spotrobot1", "receiver": "uvdrobot1", "content": "Ready|a_authorize_disinfect"}"
[spotrobot-5] [INFO] [1748621312.631896568] [spotrobot]: I heard: "{"performative": "query", "sender": "spotrobot1", "receiver": "uvdrobot1", "content": "Ready|a_authorize_disinfect"}"
[nurse_disinfect-3] [INFO] [1748621312.631989202] [nurse_disinfect]: I heard: "{"performative": "query", "sender": "spotrobot1", "receiver": "uvdrobot1", "content": "Ready|a_authorize_disinfect"}"
[uvdrobot-4] [INFO] [1748621312.632075905] [uvdrobot]: And it is for me
[spotrobot-5] [INFO] [1748621312.632170615] [spotrobot]: And it is not for me
[uvdrobot-4] [INFO] [1748621312.632333568] [uvdrobot]: Ready to act
[nurse_disinfect-3] [INFO] [1748621312.632556585] [nurse_disinfect]: And it is not for me
[spotrobot-5] [INFO] [1748621312.632976712] [spotrobot]: I heard: "{"performative": "query", "sender": "uvdrobot1", "receiver": "spotrobot1", "content": "Done|a_authorize_disinfect"}"
[uvdrobot-4] [INFO] [1748621312.632994497] [uvdrobot]: I heard: "{"performative": "query", "sender": "uvdrobot1", "receiver": "spotrobot1", "content": "Done|a_authorize_disinfect"}"
[spotrobot-5] [INFO] [1748621312.633250276] [spotrobot]: And it is for me
[uvdrobot-4] [INFO] [1748621312.633318056] [uvdrobot]: And it is not for me
[nurse_disinfect-3] [INFO] [1748621312.633417208] [nurse_disinfect]: I heard: "{"performative": "query", "sender": "uvdrobot1", "receiver": "spotrobot1", "content": "Done|a_authorize_disinfect"}"
[spotrobot-5] [INFO] [1748621312.633503862] [spotrobot]: Finished action
[nurse_disinfect-3] [INFO] [1748621312.633945389] [nurse_disinfect]: And it is not for me
[uvdrobot-4] [INFO] [1748621312.633981322] [uvdrobot]: I heard: "{"performative": "query", "sender": "spotrobot1", "receiver": "uvdrobot1", "content": "Done|a_authorize_disinfect"}"
[spotrobot-5] [INFO] [1748621312.634153165] [spotrobot]: I heard: "{"performative": "query", "sender": "spotrobot1", "receiver": "uvdrobot1", "content": "Done|a_authorize_disinfect"}"
[uvdrobot-4] [INFO] [1748621312.634252919] [uvdrobot]: And it is for me
[spotrobot-5] [INFO] [1748621312.634474113] [spotrobot]: And it is not for me
[uvdrobot-4] [INFO] [1748621312.634509427] [uvdrobot]: Finished action
[nurse_disinfect-3] [INFO] [1748621312.634886675] [nurse_disinfect]: I heard: "{"performative": "query", "sender": "spotrobot1", "receiver": "uvdrobot1", "content": "Done|a_authorize_disinfect"}"
[uvdrobot-4] [INFO] [1748621312.634969244] [uvdrobot]: Doing a_navto
[spotrobot-5] [INFO] [1748621312.634989363] [spotrobot]: I heard: "{"performative": "query", "sender": "uvdrobot1", "receiver": "spotrobot1", "content": "Done|a_authorize_disinfect"}"
[spotrobot-5] [INFO] [1748621312.635250829] [spotrobot]: And it is for me
[uvdrobot-4] [INFO] [1748621312.635357403] [uvdrobot]: Waiting for response
[nurse_disinfect-3] [INFO] [1748621312.635457434] [nurse_disinfect]: And it is not for me
[spotrobot-5] [INFO] [1748621312.635686334] [spotrobot]: Already finished action
[uvdrobot-4] [INFO] [1748621312.636034765] [uvdrobot]: I heard: "{"performative": "query", "sender": "uvdrobot1", "receiver": "spotrobot1", "content": "Done|a_authorize_disinfect"}"
[nurse_disinfect-3] [INFO] [1748621312.636423958] [nurse_disinfect]: I heard: "{"performative": "query", "sender": "uvdrobot1", "receiver": "spotrobot1", "content": "Done|a_authorize_disinfect"}"
[uvdrobot-4] [INFO] [1748621312.636511479] [uvdrobot]: And it is not for me
[nurse_disinfect-3] [INFO] [1748621312.636912967] [nurse_disinfect]: And it is not for me
[uvdrobot-4] [INFO] [1748621312.637821541] [uvdrobot]: success
[uvdrobot-4] [INFO] [1748621312.638438378] [uvdrobot]: Doing a_disinfect_room
[uvdrobot-4] [INFO] [1748621312.639158005] [uvdrobot]: Waiting for response
[uvdrobot-4] [INFO] [1748621312.640494913] [uvdrobot]: success
[spotrobot-5] [INFO] [1748621312.642825110] [spotrobot]: Recebido sinal de desligamento do coordenador, finalizando...
[uvdrobot-4] [INFO] [1748621312.642913066] [uvdrobot]: Recebido sinal de desligamento do coordenador, finalizando...
[disinfect_planner-2] [INFO] [1748621312.642991718] [disinfect_planner]: Recebido sinal de desligamento do coordenador, finalizando...
[disinfect_environment-1] [INFO] [1748621312.643012349] [disinfect_environment]: Recebido sinal de desligamento do coordenador, finalizando...
[nurse_disinfect-3] [INFO] [1748621312.643033021] [nurse_disinfect]: Recebido sinal de desligamento do coordenador, finalizando...
[uvdrobot-4] [INFO] [1748621312.643314876] [Quitting]: Done
[spotrobot-5] [INFO] [1748621312.643340133] [Quitting]: Done
[disinfect_planner-2] [INFO] [1748621312.643373331] [Quitting]: Done
[disinfect_environment-1] [INFO] [1748621312.643391890] [Quitting]: Done
[nurse_disinfect-3] [INFO] [1748621312.643604830] [Quitting]: Done
[INFO] [disinfect_environment-1]: process has finished cleanly [pid 38276]
[INFO] [nurse_disinfect-3]: process has finished cleanly [pid 38280]
[INFO] [spotrobot-5]: process has finished cleanly [pid 38284]
[INFO] [uvdrobot-4]: process has finished cleanly [pid 38282]
