[INFO] [launch]: All log files can be found below /home/rafael/.ros/log/2025-05-30-13-04-31-763744-NotebookRafael-34311
[INFO] [launch]: Default logging verbosity is set to INFO
[INFO] [disinfect_environment-1]: process started with pid [34314]
[INFO] [disinfect_planner-2]: process started with pid [34316]
[INFO] [nurse_disinfect-3]: process started with pid [34318]
[INFO] [uvdrobot-4]: process started with pid [34320]
[INFO] [spotrobot-5]: process started with pid [34322]
[disinfect_environment-1] [INFO] [1748621072.020609687] [disinfect_environment]: Starting Environment server
[disinfect_environment-1] [INFO] [1748621072.023830789] [disinfect_environment]: Environment server started
[disinfect_planner-2] [INFO] [1748621072.580380442] [disinfect_planner]: Starting Planner server
[disinfect_planner-2] [INFO] [1748621072.584501778] [disinfect_planner]: Planner server started
[disinfect_planner-2] [INFO] [1748621072.803926388] [disinfect_planner]: Creating plan for: spotrobot1 uvdrobot1 nurse_disinfected1
[disinfect_planner-2] [INFO] [1748621072.805457105] [disinfect_planner]: a_navto,spotrobot1,room1
[disinfect_planner-2] [INFO] [1748621072.805766389] [disinfect_planner]: a_open_door,spotrobot1,room1
[disinfect_planner-2] [INFO] [1748621072.806086960] [disinfect_planner]: a_approach_nurse,spotrobot1,nurse_disinfected1
[disinfect_planner-2] [INFO] [1748621072.806382582] [disinfect_planner]: a_authenticate_nurse,spotrobot1,nurse_disinfected1
[disinfect_planner-2] [INFO] [1748621072.806716883] [disinfect_planner]: a_authorize_patrol,spotrobot1,nurse_disinfected1
[disinfect_planner-2] [INFO] [1748621072.807046633] [disinfect_planner]: a_patrol_room,spotrobot1,room1
[disinfect_planner-2] [INFO] [1748621072.807338326] [disinfect_planner]: a_authorize_disinfect,uvdrobot1,spotrobot1
[disinfect_planner-2] [INFO] [1748621072.807628898] [disinfect_planner]: a_navto,uvdrobot1,room1
[disinfect_planner-2] [INFO] [1748621072.808048453] [disinfect_planner]: a_disinfect_room,uvdrobot1,room1
[nurse_disinfect-3] [INFO] [1748621072.808256226] [nurse_disinfect]: response.response nurse_disinfected1
[disinfect_planner-2] [INFO] [1748621072.808355946] [disinfect_planner]: Sending response
[nurse_disinfect-3] [INFO] [1748621072.808618303] [nurse_disinfect]: My name is nurse_disinfected1
[uvdrobot-4] [INFO] [1748621072.809999546] [uvdrobot]: response.response uvdrobot1
[uvdrobot-4] [INFO] [1748621072.810347185] [uvdrobot]: My name is uvdrobot1
[uvdrobot-4] [INFO] [1748621072.810993826] [uvdrobot]: I heard: "{"performative": "request", "sender": "Coordinator", "receiver": "uvdrobot1", "content": "Plan|a_authorize_disinfect,uvdrobot1,spotrobot1/a_navto,uvdrobot1,room1/a_disinfect_room,uvdrobot1,room1"}"
[uvdrobot-4] [INFO] [1748621072.811378027] [uvdrobot]: And it is for me
[uvdrobot-4] [INFO] [1748621072.811773955] [uvdrobot]: Doing a_authorize_disinfect
[spotrobot-5] [INFO] [1748621072.812050343] [spotrobot]: response.response spotrobot1
[uvdrobot-4] [INFO] [1748621072.812076360] [uvdrobot]: a_authorize_disinfect
[uvdrobot-4] [INFO] [1748621072.812391345] [uvdrobot]: Here first, waiting for spotrobot
[spotrobot-5] [INFO] [1748621072.812563853] [spotrobot]: My name is spotrobot1
[spotrobot-5] [INFO] [1748621072.813176155] [spotrobot]: I heard: "{"performative": "request", "sender": "Coordinator", "receiver": "uvdrobot1", "content": "Plan|a_authorize_disinfect,uvdrobot1,spotrobot1/a_navto,uvdrobot1,room1/a_disinfect_room,uvdrobot1,room1"}"
[uvdrobot-4] [INFO] [1748621072.813345421] [uvdrobot]: I heard: "{"performative": "request", "sender": "Coordinator", "receiver": "spotrobot1", "content": "Plan|a_navto,spotrobot1,room1/a_open_door,spotrobot1,room1/a_approach_nurse,spotrobot1,nurse_disinfected1/a_authenticate_nurse,spotrobot1,nurse_disinfected1/a_authorize_patrol,spotrobot1,nurse_disinfected1/a_patrol_room,spotrobot1,room1/a_authorize_disinfect,uvdrobot1,spotrobot1"}"
[spotrobot-5] [INFO] [1748621072.813541509] [spotrobot]: And it is not for me
[uvdrobot-4] [INFO] [1748621072.813738552] [uvdrobot]: And it is not for me
[spotrobot-5] [INFO] [1748621072.813948800] [spotrobot]: I heard: "{"performative": "query", "sender": "uvdrobot1", "receiver": "spotrobot1", "content": "Ready|a_authorize_disinfect"}"
[spotrobot-5] [INFO] [1748621072.814216282] [spotrobot]: And it is for me
[uvdrobot-4] [INFO] [1748621072.814379224] [uvdrobot]: I heard: "{"performative": "query", "sender": "uvdrobot1", "receiver": "spotrobot1", "content": "Ready|a_authorize_disinfect"}"
[spotrobot-5] [INFO] [1748621072.814549452] [spotrobot]: No there yet
[uvdrobot-4] [INFO] [1748621072.814674807] [uvdrobot]: And it is not for me
[spotrobot-5] [INFO] [1748621072.815078397] [spotrobot]: I heard: "{"performative": "request", "sender": "Coordinator", "receiver": "spotrobot1", "content": "Plan|a_navto,spotrobot1,room1/a_open_door,spotrobot1,room1/a_approach_nurse,spotrobot1,nurse_disinfected1/a_authenticate_nurse,spotrobot1,nurse_disinfected1/a_authorize_patrol,spotrobot1,nurse_disinfected1/a_patrol_room,spotrobot1,room1/a_authorize_disinfect,uvdrobot1,spotrobot1"}"
[uvdrobot-4] [INFO] [1748621072.815224927] [uvdrobot]: I heard: "{"performative": "request", "sender": "Coordinator", "receiver": "nurse_disinfected1", "content": "Plan|a_approach_nurse,spotrobot1,nurse_disinfected1/a_authenticate_nurse,spotrobot1,nurse_disinfected1/a_authorize_patrol,spotrobot1,nurse_disinfected1"}"
[spotrobot-5] [INFO] [1748621072.815422279] [spotrobot]: And it is for me
[uvdrobot-4] [INFO] [1748621072.815496787] [uvdrobot]: And it is not for me
[spotrobot-5] [INFO] [1748621072.815716780] [spotrobot]: Doing a_navto
[spotrobot-5] [INFO] [1748621072.816137734] [spotrobot]: Wating for response
[spotrobot-5] [INFO] [1748621072.816595557] [spotrobot]: I heard: "{"performative": "request", "sender": "Coordinator", "receiver": "nurse_disinfected1", "content": "Plan|a_approach_nurse,spotrobot1,nurse_disinfected1/a_authenticate_nurse,spotrobot1,nurse_disinfected1/a_authorize_patrol,spotrobot1,nurse_disinfected1"}"
[spotrobot-5] [INFO] [1748621072.816901459] [spotrobot]: And it is not for me
[spotrobot-5] [INFO] [1748621072.817903941] [spotrobot]: success
[spotrobot-5] [INFO] [1748621072.818255660] [spotrobot]: Doing a_open_door
[spotrobot-5] [INFO] [1748621072.818677592] [spotrobot]: Wating for response
[spotrobot-5] [INFO] [1748621072.819656772] [spotrobot]: success
[spotrobot-5] [INFO] [1748621072.819999064] [spotrobot]: Doing a_approach_nurse
[spotrobot-5] [INFO] [1748621072.820415678] [spotrobot]: Wating for response
[spotrobot-5] [INFO] [1748621072.821192740] [spotrobot]: success
[spotrobot-5] [INFO] [1748621072.821535932] [spotrobot]: Doing a_authenticate_nurse
[spotrobot-5] [INFO] [1748621072.821850563] [spotrobot]: a_authenticate_nurse
[spotrobot-5] [INFO] [1748621072.822150285] [spotrobot]: Here first, waiting for nurse
[uvdrobot-4] [INFO] [1748621072.822846940] [uvdrobot]: I heard: "{"performative": "query", "sender": "spotrobot1", "receiver": "nurse_disinfected1", "content": "Ready|a_authenticate_nurse"}"
[spotrobot-5] [INFO] [1748621072.822989118] [spotrobot]: I heard: "{"performative": "query", "sender": "spotrobot1", "receiver": "nurse_disinfected1", "content": "Ready|a_authenticate_nurse"}"
[uvdrobot-4] [INFO] [1748621072.823238863] [uvdrobot]: And it is not for me
[spotrobot-5] [INFO] [1748621072.823333384] [spotrobot]: And it is not for me
[nurse_disinfect-3] [INFO] [1748621073.811326727] [nurse_disinfect]: I heard: "{"performative": "request", "sender": "Coordinator", "receiver": "uvdrobot1", "content": "Plan|a_authorize_disinfect,uvdrobot1,spotrobot1/a_navto,uvdrobot1,room1/a_disinfect_room,uvdrobot1,room1"}"
[nurse_disinfect-3] [INFO] [1748621073.811769510] [nurse_disinfect]: And it is not for me
[nurse_disinfect-3] [INFO] [1748621073.812313461] [nurse_disinfect]: I heard: "{"performative": "query", "sender": "uvdrobot1", "receiver": "spotrobot1", "content": "Ready|a_authorize_disinfect"}"
[nurse_disinfect-3] [INFO] [1748621073.812685457] [nurse_disinfect]: And it is not for me
[nurse_disinfect-3] [INFO] [1748621073.813377720] [nurse_disinfect]: I heard: "{"performative": "request", "sender": "Coordinator", "receiver": "spotrobot1", "content": "Plan|a_navto,spotrobot1,room1/a_open_door,spotrobot1,room1/a_approach_nurse,spotrobot1,nurse_disinfected1/a_authenticate_nurse,spotrobot1,nurse_disinfected1/a_authorize_patrol,spotrobot1,nurse_disinfected1/a_patrol_room,spotrobot1,room1/a_authorize_disinfect,uvdrobot1,spotrobot1"}"
[nurse_disinfect-3] [INFO] [1748621073.813744393] [nurse_disinfect]: And it is not for me
[nurse_disinfect-3] [INFO] [1748621073.814191340] [nurse_disinfect]: I heard: "{"performative": "query", "sender": "spotrobot1", "receiver": "nurse_disinfected1", "content": "Ready|a_authenticate_nurse"}"
[nurse_disinfect-3] [INFO] [1748621073.814566542] [nurse_disinfect]: And it is for me
[nurse_disinfect-3] [INFO] [1748621073.814844405] [nurse_disinfect]: No there yet
[nurse_disinfect-3] [INFO] [1748621073.815370465] [nurse_disinfect]: I heard: "{"performative": "request", "sender": "Coordinator", "receiver": "nurse_disinfected1", "content": "Plan|a_approach_nurse,spotrobot1,nurse_disinfected1/a_authenticate_nurse,spotrobot1,nurse_disinfected1/a_authorize_patrol,spotrobot1,nurse_disinfected1"}"
[nurse_disinfect-3] [INFO] [1748621073.815708307] [nurse_disinfect]: And it is for me
[nurse_disinfect-3] [INFO] [1748621073.817048189] [nurse_disinfect]: a_approach_nurse
[nurse_disinfect-3] [INFO] [1748621073.817597329] [nurse_disinfect]: a_authenticate_nurse
[nurse_disinfect-3] [INFO] [1748621073.817976255] [nurse_disinfect]: Doing a_authenticate_nurse
[nurse_disinfect-3] [INFO] [1748621073.818647086] [nurse_disinfect]: a_authenticate_nurse
[nurse_disinfect-3] [INFO] [1748621073.819035671] [nurse_disinfect]: Robot is waiting, send action message
[nurse_disinfect-3] [INFO] [1748621073.819716782] [nurse_disinfect]: I heard: "{"performative": "query", "sender": "nurse_disinfected1", "receiver": "spotrobot1", "content": "Done|a_authenticate_nurse"}"
[spotrobot-5] [INFO] [1748621073.819956118] [spotrobot]: I heard: "{"performative": "query", "sender": "nurse_disinfected1", "receiver": "spotrobot1", "content": "Done|a_authenticate_nurse"}"
[uvdrobot-4] [INFO] [1748621073.819977190] [uvdrobot]: I heard: "{"performative": "query", "sender": "nurse_disinfected1", "receiver": "spotrobot1", "content": "Done|a_authenticate_nurse"}"
[nurse_disinfect-3] [INFO] [1748621073.820286655] [nurse_disinfect]: And it is not for me
[uvdrobot-4] [INFO] [1748621073.820453504] [uvdrobot]: And it is not for me
[spotrobot-5] [INFO] [1748621073.820453491] [spotrobot]: And it is for me
[spotrobot-5] [INFO] [1748621073.820997901] [spotrobot]: Finished action
[nurse_disinfect-3] [INFO] [1748621073.821584830] [nurse_disinfect]: I heard: "{"performative": "query", "sender": "spotrobot1", "receiver": "nurse_disinfected1", "content": "Done|a_authenticate_nurse"}"
[spotrobot-5] [INFO] [1748621073.821750690] [spotrobot]: Doing a_authorize_patrol
[uvdrobot-4] [INFO] [1748621073.821833655] [uvdrobot]: I heard: "{"performative": "query", "sender": "spotrobot1", "receiver": "nurse_disinfected1", "content": "Done|a_authenticate_nurse"}"
[nurse_disinfect-3] [INFO] [1748621073.821918135] [nurse_disinfect]: And it is for me
[spotrobot-5] [INFO] [1748621073.822196420] [spotrobot]: a_authorize_patrol
[nurse_disinfect-3] [INFO] [1748621073.822284215] [nurse_disinfect]: Finished action
[uvdrobot-4] [INFO] [1748621073.822317187] [uvdrobot]: And it is not for me
[spotrobot-5] [INFO] [1748621073.822714622] [spotrobot]: Here first, waiting for nurse
[nurse_disinfect-3] [INFO] [1748621073.822792347] [nurse_disinfect]: a_authorize_patrol
[uvdrobot-4] [INFO] [1748621073.823239920] [uvdrobot]: I heard: "{"performative": "query", "sender": "nurse_disinfected1", "receiver": "spotrobot1", "content": "Done|a_authenticate_nurse"}"
[nurse_disinfect-3] [INFO] [1748621073.823337610] [nurse_disinfect]: Doing a_authorize_patrol
[nurse_disinfect-3] [INFO] [1748621073.823648832] [nurse_disinfect]: a_authorize_patrol
[spotrobot-5] [INFO] [1748621073.823688280] [spotrobot]: I heard: "{"performative": "query", "sender": "spotrobot1", "receiver": "nurse_disinfected1", "content": "Done|a_authenticate_nurse"}"
[uvdrobot-4] [INFO] [1748621073.823757031] [uvdrobot]: And it is not for me
[nurse_disinfect-3] [INFO] [1748621073.823999864] [nurse_disinfect]: Here first, waiting for robot
[spotrobot-5] [INFO] [1748621073.824182944] [spotrobot]: And it is not for me
[uvdrobot-4] [INFO] [1748621073.824644127] [uvdrobot]: I heard: "{"performative": "query", "sender": "spotrobot1", "receiver": "nurse_disinfected1", "content": "Ready|a_authorize_patrol"}"
[nurse_disinfect-3] [INFO] [1748621073.824667910] [nurse_disinfect]: I heard: "{"performative": "query", "sender": "nurse_disinfected1", "receiver": "spotrobot1", "content": "Done|a_authenticate_nurse"}"
[nurse_disinfect-3] [INFO] [1748621073.824960532] [nurse_disinfect]: And it is not for me
[spotrobot-5] [INFO] [1748621073.825069303] [spotrobot]: I heard: "{"performative": "query", "sender": "nurse_disinfected1", "receiver": "spotrobot1", "content": "Done|a_authenticate_nurse"}"
[uvdrobot-4] [INFO] [1748621073.825127601] [uvdrobot]: And it is not for me
[nurse_disinfect-3] [INFO] [1748621073.825519359] [nurse_disinfect]: I heard: "{"performative": "query", "sender": "spotrobot1", "receiver": "nurse_disinfected1", "content": "Ready|a_authorize_patrol"}"
[spotrobot-5] [INFO] [1748621073.825561985] [spotrobot]: And it is for me
[nurse_disinfect-3] [INFO] [1748621073.825877858] [nurse_disinfect]: And it is for me
[uvdrobot-4] [INFO] [1748621073.825983588] [uvdrobot]: I heard: "{"performative": "query", "sender": "nurse_disinfected1", "receiver": "spotrobot1", "content": "Ready|a_authorize_patrol"}"
[spotrobot-5] [INFO] [1748621073.826012646] [spotrobot]: Already finished action
[nurse_disinfect-3] [INFO] [1748621073.826152073] [nurse_disinfect]: Ready to act
[uvdrobot-4] [INFO] [1748621073.826490896] [uvdrobot]: And it is not for me
[spotrobot-5] [INFO] [1748621073.826943908] [spotrobot]: I heard: "{"performative": "query", "sender": "spotrobot1", "receiver": "nurse_disinfected1", "content": "Ready|a_authorize_patrol"}"
[nurse_disinfect-3] [INFO] [1748621073.827133848] [nurse_disinfect]: I heard: "{"performative": "query", "sender": "nurse_disinfected1", "receiver": "spotrobot1", "content": "Ready|a_authorize_patrol"}"
[uvdrobot-4] [INFO] [1748621073.827378174] [uvdrobot]: I heard: "{"performative": "query", "sender": "nurse_disinfected1", "receiver": "spotrobot1", "content": "Done|a_authorize_patrol"}"
[spotrobot-5] [INFO] [1748621073.827436418] [spotrobot]: And it is not for me
[nurse_disinfect-3] [INFO] [1748621073.827503039] [nurse_disinfect]: And it is not for me
[uvdrobot-4] [INFO] [1748621073.827896663] [uvdrobot]: And it is not for me
[nurse_disinfect-3] [INFO] [1748621073.828195820] [nurse_disinfect]: I heard: "{"performative": "query", "sender": "nurse_disinfected1", "receiver": "spotrobot1", "content": "Done|a_authorize_patrol"}"
[spotrobot-5] [INFO] [1748621073.828364503] [spotrobot]: I heard: "{"performative": "query", "sender": "nurse_disinfected1", "receiver": "spotrobot1", "content": "Ready|a_authorize_patrol"}"
[nurse_disinfect-3] [INFO] [1748621073.828511224] [nurse_disinfect]: And it is not for me
[spotrobot-5] [INFO] [1748621073.828915633] [spotrobot]: And it is for me
[spotrobot-5] [INFO] [1748621073.829436611] [spotrobot]: Ready to act
[nurse_disinfect-3] [INFO] [1748621073.830011354] [nurse_disinfect]: I heard: "{"performative": "query", "sender": "spotrobot1", "receiver": "nurse_disinfected1", "content": "Done|a_authorize_patrol"}"
[uvdrobot-4] [INFO] [1748621073.830169492] [uvdrobot]: I heard: "{"performative": "query", "sender": "spotrobot1", "receiver": "nurse_disinfected1", "content": "Done|a_authorize_patrol"}"
[nurse_disinfect-3] [INFO] [1748621073.830334905] [nurse_disinfect]: And it is for me
[spotrobot-5] [INFO] [1748621073.830428705] [spotrobot]: I heard: "{"performative": "query", "sender": "nurse_disinfected1", "receiver": "spotrobot1", "content": "Done|a_authorize_patrol"}"
[nurse_disinfect-3] [INFO] [1748621073.830597663] [nurse_disinfect]: Finished action
[uvdrobot-4] [INFO] [1748621073.830646112] [uvdrobot]: And it is not for me
[spotrobot-5] [INFO] [1748621073.830913758] [spotrobot]: And it is for me
[nurse_disinfect-3] [INFO] [1748621073.831251216] [nurse_disinfect]: I heard: "{"performative": "query", "sender": "nurse_disinfected1", "receiver": "spotrobot1", "content": "Done|a_authorize_patrol"}"
[spotrobot-5] [INFO] [1748621073.831382500] [spotrobot]: Finished action
[nurse_disinfect-3] [INFO] [1748621073.831526015] [nurse_disinfect]: And it is not for me
[uvdrobot-4] [INFO] [1748621073.831576255] [uvdrobot]: I heard: "{"performative": "query", "sender": "nurse_disinfected1", "receiver": "spotrobot1", "content": "Done|a_authorize_patrol"}"
[spotrobot-5] [INFO] [1748621073.832034350] [spotrobot]: Doing a_patrol_room
[nurse_disinfect-3] [INFO] [1748621073.832071804] [nurse_disinfect]: I heard: "{"performative": "query", "sender": "spotrobot1", "receiver": "nurse_disinfected1", "content": "Done|a_authorize_patrol"}"
[uvdrobot-4] [INFO] [1748621073.832087555] [uvdrobot]: And it is not for me
[nurse_disinfect-3] [INFO] [1748621073.832484827] [nurse_disinfect]: And it is for me
[spotrobot-5] [INFO] [1748621073.832704951] [spotrobot]: Wating for response
[nurse_disinfect-3] [INFO] [1748621073.832809708] [nurse_disinfect]: Already finished action
[uvdrobot-4] [INFO] [1748621073.832995624] [uvdrobot]: I heard: "{"performative": "query", "sender": "spotrobot1", "receiver": "nurse_disinfected1", "content": "Done|a_authorize_patrol"}"
[uvdrobot-4] [INFO] [1748621073.833479222] [uvdrobot]: And it is not for me
[spotrobot-5] [INFO] [1748621073.833479277] [spotrobot]: I heard: "{"performative": "query", "sender": "spotrobot1", "receiver": "nurse_disinfected1", "content": "Done|a_authorize_patrol"}"
[spotrobot-5] [INFO] [1748621073.834005385] [spotrobot]: And it is not for me
[spotrobot-5] [INFO] [1748621073.834882344] [spotrobot]: I heard: "{"performative": "query", "sender": "nurse_disinfected1", "receiver": "spotrobot1", "content": "Done|a_authorize_patrol"}"
[spotrobot-5] [INFO] [1748621073.835421806] [spotrobot]: And it is for me
[spotrobot-5] [INFO] [1748621073.835751033] [spotrobot]: Already finished action
[spotrobot-5] [INFO] [1748621073.836542082] [spotrobot]: I heard: "{"performative": "query", "sender": "spotrobot1", "receiver": "nurse_disinfected1", "content": "Done|a_authorize_patrol"}"
[spotrobot-5] [INFO] [1748621073.836877560] [spotrobot]: And it is not for me
[spotrobot-5] [INFO] [1748621073.838069062] [spotrobot]: dirty room
[nurse_disinfect-3] [INFO] [1748621073.839889445] [nurse_disinfect]: I heard: "{"performative": "request", "sender": "Coordinator", "receiver": "spotrobot1", "content": "Reset"}"
[spotrobot-5] [INFO] [1748621073.840045707] [spotrobot]: I heard: "{"performative": "request", "sender": "Coordinator", "receiver": "spotrobot1", "content": "Reset"}"
[uvdrobot-4] [INFO] [1748621073.840168981] [uvdrobot]: I heard: "{"performative": "request", "sender": "Coordinator", "receiver": "spotrobot1", "content": "Reset"}"
[nurse_disinfect-3] [INFO] [1748621073.840226656] [nurse_disinfect]: And it is not for me
[spotrobot-5] [INFO] [1748621073.840501546] [spotrobot]: And it is for me
[uvdrobot-4] [INFO] [1748621073.840635043] [uvdrobot]: And it is not for me
[nurse_disinfect-3] [INFO] [1748621073.840772244] [nurse_disinfect]: I heard: "{"performative": "request", "sender": "Coordinator", "receiver": "uvdrobot1", "content": "Reset"}"
[nurse_disinfect-3] [INFO] [1748621073.841066054] [nurse_disinfect]: And it is not for me
[spotrobot-5] [INFO] [1748621073.841322709] [spotrobot]: I heard: "{"performative": "request", "sender": "Coordinator", "receiver": "uvdrobot1", "content": "Reset"}"
[uvdrobot-4] [INFO] [1748621073.841484128] [uvdrobot]: I heard: "{"performative": "request", "sender": "Coordinator", "receiver": "uvdrobot1", "content": "Reset"}"
[nurse_disinfect-3] [INFO] [1748621073.841628805] [nurse_disinfect]: I heard: "{"performative": "request", "sender": "Coordinator", "receiver": "nurse_disinfected1", "content": "Reset"}"
[spotrobot-5] [INFO] [1748621073.841845266] [spotrobot]: And it is not for me
[nurse_disinfect-3] [INFO] [1748621073.841900799] [nurse_disinfect]: And it is for me
[uvdrobot-4] [INFO] [1748621073.841959973] [uvdrobot]: And it is for me
[spotrobot-5] [INFO] [1748621073.842450900] [spotrobot]: 
[uvdrobot-4] [INFO] [1748621073.842834491] [uvdrobot]: I heard: "{"performative": "request", "sender": "Coordinator", "receiver": "nurse_disinfected1", "content": "Reset"}"
[spotrobot-5] [INFO] [1748621073.843354116] [spotrobot]: I heard: "{"performative": "request", "sender": "Coordinator", "receiver": "nurse_disinfected1", "content": "Reset"}"
[uvdrobot-4] [INFO] [1748621073.843384023] [uvdrobot]: And it is not for me
[disinfect_planner-2] [INFO] [1748621073.843743949] [disinfect_planner]: Creating plan for: spotrobot1 uvdrobot1 nurse_disinfected1
[spotrobot-5] [INFO] [1748621073.843912378] [spotrobot]: And it is not for me
[disinfect_planner-2] [INFO] [1748621073.844642005] [disinfect_planner]: a_navto,spotrobot1,room1
[disinfect_planner-2] [INFO] [1748621073.844964752] [disinfect_planner]: a_approach_nurse,spotrobot1,nurse_disinfected1
[disinfect_planner-2] [INFO] [1748621073.845274126] [disinfect_planner]: a_authenticate_nurse,spotrobot1,nurse_disinfected1
[disinfect_planner-2] [INFO] [1748621073.845580859] [disinfect_planner]: a_clean_room,nurse_disinfected1,room1
[disinfect_planner-2] [INFO] [1748621073.845883207] [disinfect_planner]: a_authorize_patrol,spotrobot1,nurse_disinfected1
[disinfect_planner-2] [INFO] [1748621073.846222810] [disinfect_planner]: a_patrol_room,spotrobot1,room1
[disinfect_planner-2] [INFO] [1748621073.846529514] [disinfect_planner]: a_authorize_disinfect,uvdrobot1,spotrobot1
[disinfect_planner-2] [INFO] [1748621073.846834418] [disinfect_planner]: a_navto,uvdrobot1,room1
[disinfect_planner-2] [INFO] [1748621073.847166114] [disinfect_planner]: a_disinfect_room,uvdrobot1,room1
[disinfect_planner-2] [INFO] [1748621073.847472158] [disinfect_planner]: Sending response
[spotrobot-5] [INFO] [1748621073.849657367] [spotrobot]: I heard: "{"performative": "request", "sender": "Coordinator", "receiver": "spotrobot1", "content": "Plan|a_navto,spotrobot1,room1/a_approach_nurse,spotrobot1,nurse_disinfected1/a_authenticate_nurse,spotrobot1,nurse_disinfected1/a_authorize_patrol,spotrobot1,nurse_disinfected1/a_patrol_room,spotrobot1,room1/a_authorize_disinfect,uvdrobot1,spotrobot1"}"
[nurse_disinfect-3] [INFO] [1748621073.849706080] [nurse_disinfect]: I heard: "{"performative": "request", "sender": "Coordinator", "receiver": "spotrobot1", "content": "Plan|a_navto,spotrobot1,room1/a_approach_nurse,spotrobot1,nurse_disinfected1/a_authenticate_nurse,spotrobot1,nurse_disinfected1/a_authorize_patrol,spotrobot1,nurse_disinfected1/a_patrol_room,spotrobot1,room1/a_authorize_disinfect,uvdrobot1,spotrobot1"}"
[spotrobot-5] [INFO] [1748621073.849999688] [spotrobot]: And it is for me
[nurse_disinfect-3] [INFO] [1748621073.850015234] [nurse_disinfect]: And it is not for me
[uvdrobot-4] [INFO] [1748621073.850111785] [uvdrobot]: I heard: "{"performative": "request", "sender": "Coordinator", "receiver": "spotrobot1", "content": "Plan|a_navto,spotrobot1,room1/a_approach_nurse,spotrobot1,nurse_disinfected1/a_authenticate_nurse,spotrobot1,nurse_disinfected1/a_authorize_patrol,spotrobot1,nurse_disinfected1/a_patrol_room,spotrobot1,room1/a_authorize_disinfect,uvdrobot1,spotrobot1"}"
[spotrobot-5] [INFO] [1748621073.850359508] [spotrobot]: Doing a_navto
[uvdrobot-4] [INFO] [1748621073.850628465] [uvdrobot]: And it is not for me
[nurse_disinfect-3] [INFO] [1748621073.850656200] [nurse_disinfect]: I heard: "{"performative": "request", "sender": "Coordinator", "receiver": "uvdrobot1", "content": "Plan|a_authorize_disinfect,uvdrobot1,spotrobot1/a_navto,uvdrobot1,room1/a_disinfect_room,uvdrobot1,room1"}"
[spotrobot-5] [INFO] [1748621073.850807967] [spotrobot]: Wating for response
[nurse_disinfect-3] [INFO] [1748621073.851007089] [nurse_disinfect]: And it is not for me
[spotrobot-5] [INFO] [1748621073.851317965] [spotrobot]: I heard: "{"performative": "request", "sender": "Coordinator", "receiver": "uvdrobot1", "content": "Plan|a_authorize_disinfect,uvdrobot1,spotrobot1/a_navto,uvdrobot1,room1/a_disinfect_room,uvdrobot1,room1"}"
[nurse_disinfect-3] [INFO] [1748621073.851531226] [nurse_disinfect]: I heard: "{"performative": "request", "sender": "Coordinator", "receiver": "nurse_disinfected1", "content": "Plan|a_approach_nurse,spotrobot1,nurse_disinfected1/a_authenticate_nurse,spotrobot1,nurse_disinfected1/a_clean_room,nurse_disinfected1,room1/a_authorize_patrol,spotrobot1,nurse_disinfected1"}"
[uvdrobot-4] [INFO] [1748621073.851559900] [uvdrobot]: I heard: "{"performative": "request", "sender": "Coordinator", "receiver": "uvdrobot1", "content": "Plan|a_authorize_disinfect,uvdrobot1,spotrobot1/a_navto,uvdrobot1,room1/a_disinfect_room,uvdrobot1,room1"}"
[spotrobot-5] [INFO] [1748621073.851615518] [spotrobot]: And it is not for me
[nurse_disinfect-3] [INFO] [1748621073.851813520] [nurse_disinfect]: And it is for me
[uvdrobot-4] [INFO] [1748621073.852053042] [uvdrobot]: And it is for me
[spotrobot-5] [INFO] [1748621073.852143417] [spotrobot]: I heard: "{"performative": "request", "sender": "Coordinator", "receiver": "nurse_disinfected1", "content": "Plan|a_approach_nurse,spotrobot1,nurse_disinfected1/a_authenticate_nurse,spotrobot1,nurse_disinfected1/a_clean_room,nurse_disinfected1,room1/a_authorize_patrol,spotrobot1,nurse_disinfected1"}"
[nurse_disinfect-3] [INFO] [1748621073.852146088] [nurse_disinfect]: a_approach_nurse
[spotrobot-5] [INFO] [1748621073.852462660] [spotrobot]: And it is not for me
[nurse_disinfect-3] [INFO] [1748621073.852484351] [nurse_disinfect]: a_authenticate_nurse
[uvdrobot-4] [INFO] [1748621073.852623891] [uvdrobot]: Doing a_authorize_disinfect
[nurse_disinfect-3] [INFO] [1748621073.852747003] [nurse_disinfect]: Doing a_authenticate_nurse
[spotrobot-5] [INFO] [1748621073.852828970] [spotrobot]: success
[nurse_disinfect-3] [INFO] [1748621073.853021984] [nurse_disinfect]: a_authenticate_nurse
[uvdrobot-4] [INFO] [1748621073.853127409] [uvdrobot]: a_authorize_disinfect
[spotrobot-5] [INFO] [1748621073.853147016] [spotrobot]: Doing a_approach_nurse
[nurse_disinfect-3] [INFO] [1748621073.853311429] [nurse_disinfect]: Here first, waiting for robot
[spotrobot-5] [INFO] [1748621073.853522917] [spotrobot]: Wating for response
[uvdrobot-4] [INFO] [1748621073.853705878] [uvdrobot]: Here first, waiting for spotrobot
[spotrobot-5] [INFO] [1748621073.854077953] [spotrobot]: I heard: "{"performative": "query", "sender": "nurse_disinfected1", "receiver": "spotrobot1", "content": "Ready|a_authenticate_nurse"}"
[nurse_disinfect-3] [INFO] [1748621073.854184627] [nurse_disinfect]: I heard: "{"performative": "query", "sender": "nurse_disinfected1", "receiver": "spotrobot1", "content": "Ready|a_authenticate_nurse"}"
[spotrobot-5] [INFO] [1748621073.854363847] [spotrobot]: And it is for me
[nurse_disinfect-3] [INFO] [1748621073.854476197] [nurse_disinfect]: And it is not for me
[spotrobot-5] [INFO] [1748621073.854615845] [spotrobot]: No there yet
[uvdrobot-4] [INFO] [1748621073.854853626] [uvdrobot]: I heard: "{"performative": "request", "sender": "Coordinator", "receiver": "nurse_disinfected1", "content": "Plan|a_approach_nurse,spotrobot1,nurse_disinfected1/a_authenticate_nurse,spotrobot1,nurse_disinfected1/a_clean_room,nurse_disinfected1,room1/a_authorize_patrol,spotrobot1,nurse_disinfected1"}"
[nurse_disinfect-3] [INFO] [1748621073.854995518] [nurse_disinfect]: I heard: "{"performative": "query", "sender": "uvdrobot1", "receiver": "spotrobot1", "content": "Ready|a_authorize_disinfect"}"
[spotrobot-5] [INFO] [1748621073.855100410] [spotrobot]: I heard: "{"performative": "query", "sender": "uvdrobot1", "receiver": "spotrobot1", "content": "Ready|a_authorize_disinfect"}"
[nurse_disinfect-3] [INFO] [1748621073.855263914] [nurse_disinfect]: And it is not for me
[spotrobot-5] [INFO] [1748621073.855369351] [spotrobot]: And it is for me
[uvdrobot-4] [INFO] [1748621073.855412002] [uvdrobot]: And it is not for me
[spotrobot-5] [INFO] [1748621073.855621675] [spotrobot]: No there yet
[uvdrobot-4] [INFO] [1748621073.856015416] [uvdrobot]: I heard: "{"performative": "query", "sender": "nurse_disinfected1", "receiver": "spotrobot1", "content": "Ready|a_authenticate_nurse"}"
[spotrobot-5] [INFO] [1748621073.856155432] [spotrobot]: success
[spotrobot-5] [INFO] [1748621073.856490814] [spotrobot]: Doing a_authenticate_nurse
[uvdrobot-4] [INFO] [1748621073.856523969] [uvdrobot]: And it is not for me
[spotrobot-5] [INFO] [1748621073.856746641] [spotrobot]: a_authenticate_nurse
[spotrobot-5] [INFO] [1748621073.857040432] [spotrobot]: Nurse is waiting, send action message
[uvdrobot-4] [INFO] [1748621073.857516848] [uvdrobot]: I heard: "{"performative": "query", "sender": "uvdrobot1", "receiver": "spotrobot1", "content": "Ready|a_authorize_disinfect"}"
[nurse_disinfect-3] [INFO] [1748621073.857991501] [nurse_disinfect]: I heard: "{"performative": "query", "sender": "spotrobot1", "receiver": "nurse_disinfected1", "content": "Done|a_authenticate_nurse"}"
[spotrobot-5] [INFO] [1748621073.858000995] [spotrobot]: I heard: "{"performative": "query", "sender": "spotrobot1", "receiver": "nurse_disinfected1", "content": "Done|a_authenticate_nurse"}"
[uvdrobot-4] [INFO] [1748621073.858065116] [uvdrobot]: And it is not for me
[spotrobot-5] [INFO] [1748621073.858462874] [spotrobot]: And it is not for me
[nurse_disinfect-3] [INFO] [1748621073.858466666] [nurse_disinfect]: And it is for me
[nurse_disinfect-3] [INFO] [1748621073.858990094] [nurse_disinfect]: Finished action
[uvdrobot-4] [INFO] [1748621073.859027354] [uvdrobot]: I heard: "{"performative": "query", "sender": "spotrobot1", "receiver": "nurse_disinfected1", "content": "Done|a_authenticate_nurse"}"
[nurse_disinfect-3] [INFO] [1748621073.859605751] [nurse_disinfect]: a_clean_room
[uvdrobot-4] [INFO] [1748621073.859644466] [uvdrobot]: And it is not for me
[nurse_disinfect-3] [INFO] [1748621073.859888237] [nurse_disinfect]: Doing a_clean_room
[spotrobot-5] [INFO] [1748621073.859905696] [spotrobot]: I heard: "{"performative": "query", "sender": "nurse_disinfected1", "receiver": "spotrobot1", "content": "Done|a_authenticate_nurse"}"
[nurse_disinfect-3] [INFO] [1748621073.860379512] [nurse_disinfect]: Waiting for response
[spotrobot-5] [INFO] [1748621073.860485782] [spotrobot]: And it is for me
[uvdrobot-4] [INFO] [1748621073.860575929] [uvdrobot]: I heard: "{"performative": "query", "sender": "nurse_disinfected1", "receiver": "spotrobot1", "content": "Done|a_authenticate_nurse"}"
[nurse_disinfect-3] [INFO] [1748621073.860905860] [nurse_disinfect]: I heard: "{"performative": "query", "sender": "nurse_disinfected1", "receiver": "spotrobot1", "content": "Done|a_authenticate_nurse"}"
[spotrobot-5] [INFO] [1748621073.861044676] [spotrobot]: Finished action
[uvdrobot-4] [INFO] [1748621073.861139657] [uvdrobot]: And it is not for me
[nurse_disinfect-3] [INFO] [1748621073.861442976] [nurse_disinfect]: And it is not for me
[spotrobot-5] [INFO] [1748621073.861507320] [spotrobot]: Doing a_authorize_patrol
[spotrobot-5] [INFO] [1748621073.861776980] [spotrobot]: a_authorize_patrol
[nurse_disinfect-3] [INFO] [1748621073.861986391] [nurse_disinfect]: I heard: "{"performative": "query", "sender": "spotrobot1", "receiver": "nurse_disinfected1", "content": "Done|a_authenticate_nurse"}"
[uvdrobot-4] [INFO] [1748621073.862057882] [uvdrobot]: I heard: "{"performative": "query", "sender": "spotrobot1", "receiver": "nurse_disinfected1", "content": "Done|a_authenticate_nurse"}"
[spotrobot-5] [INFO] [1748621073.862103794] [spotrobot]: Here first, waiting for nurse
[nurse_disinfect-3] [INFO] [1748621073.862264819] [nurse_disinfect]: And it is for me
[uvdrobot-4] [INFO] [1748621073.862779507] [uvdrobot]: And it is not for me
[nurse_disinfect-3] [INFO] [1748621073.862857760] [nurse_disinfect]: Already finished action
[uvdrobot-4] [INFO] [1748621073.863404085] [uvdrobot]: I heard: "{"performative": "query", "sender": "spotrobot1", "receiver": "nurse_disinfected1", "content": "Ready|a_authorize_patrol"}"
[spotrobot-5] [INFO] [1748621073.863421161] [spotrobot]: I heard: "{"performative": "query", "sender": "spotrobot1", "receiver": "nurse_disinfected1", "content": "Done|a_authenticate_nurse"}"
[nurse_disinfect-3] [INFO] [1748621073.863727158] [nurse_disinfect]: I heard: "{"performative": "query", "sender": "spotrobot1", "receiver": "nurse_disinfected1", "content": "Ready|a_authorize_patrol"}"
[uvdrobot-4] [INFO] [1748621073.863729732] [uvdrobot]: And it is not for me
[spotrobot-5] [INFO] [1748621073.863921961] [spotrobot]: And it is not for me
[nurse_disinfect-3] [INFO] [1748621073.864216394] [nurse_disinfect]: And it is for me
[nurse_disinfect-3] [INFO] [1748621073.864706549] [nurse_disinfect]: No there yet
[spotrobot-5] [INFO] [1748621073.864853185] [spotrobot]: I heard: "{"performative": "query", "sender": "spotrobot1", "receiver": "nurse_disinfected1", "content": "Ready|a_authorize_patrol"}"
[spotrobot-5] [INFO] [1748621073.865309837] [spotrobot]: And it is not for me
[nurse_disinfect-3] [INFO] [1748621073.865317889] [nurse_disinfect]: success
[nurse_disinfect-3] [INFO] [1748621073.865865937] [nurse_disinfect]: a_authorize_patrol
[nurse_disinfect-3] [INFO] [1748621073.866381660] [nurse_disinfect]: Doing a_authorize_patrol
[nurse_disinfect-3] [INFO] [1748621073.866889456] [nurse_disinfect]: a_authorize_patrol
[nurse_disinfect-3] [INFO] [1748621073.867398191] [nurse_disinfect]: Robot is waiting, send action message
[uvdrobot-4] [INFO] [1748621073.868039626] [uvdrobot]: I heard: "{"performative": "query", "sender": "nurse_disinfected1", "receiver": "spotrobot1", "content": "Done|a_authorize_patrol"}"
[spotrobot-5] [INFO] [1748621073.868242164] [spotrobot]: I heard: "{"performative": "query", "sender": "nurse_disinfected1", "receiver": "spotrobot1", "content": "Done|a_authorize_patrol"}"
[uvdrobot-4] [INFO] [1748621073.868378665] [uvdrobot]: And it is not for me
[nurse_disinfect-3] [INFO] [1748621073.868472855] [nurse_disinfect]: I heard: "{"performative": "query", "sender": "nurse_disinfected1", "receiver": "spotrobot1", "content": "Done|a_authorize_patrol"}"
[spotrobot-5] [INFO] [1748621073.868753426] [spotrobot]: And it is for me
[nurse_disinfect-3] [INFO] [1748621073.868921668] [nurse_disinfect]: And it is not for me
[spotrobot-5] [INFO] [1748621073.869217095] [spotrobot]: Finished action
[uvdrobot-4] [INFO] [1748621073.869817533] [uvdrobot]: I heard: "{"performative": "query", "sender": "spotrobot1", "receiver": "nurse_disinfected1", "content": "Done|a_authorize_patrol"}"
[spotrobot-5] [INFO] [1748621073.869925736] [spotrobot]: Doing a_patrol_room
[uvdrobot-4] [INFO] [1748621073.870109447] [uvdrobot]: And it is not for me
[nurse_disinfect-3] [INFO] [1748621073.870228286] [nurse_disinfect]: I heard: "{"performative": "query", "sender": "spotrobot1", "receiver": "nurse_disinfected1", "content": "Done|a_authorize_patrol"}"
[spotrobot-5] [INFO] [1748621073.870530911] [spotrobot]: Wating for response
[nurse_disinfect-3] [INFO] [1748621073.870695401] [nurse_disinfect]: And it is for me
[nurse_disinfect-3] [INFO] [1748621073.871169982] [nurse_disinfect]: Finished action
[spotrobot-5] [INFO] [1748621073.871422774] [spotrobot]: I heard: "{"performative": "query", "sender": "spotrobot1", "receiver": "nurse_disinfected1", "content": "Done|a_authorize_patrol"}"
[uvdrobot-4] [INFO] [1748621073.871795508] [uvdrobot]: I heard: "{"performative": "query", "sender": "nurse_disinfected1", "receiver": "spotrobot1", "content": "Done|a_authorize_patrol"}"
[spotrobot-5] [INFO] [1748621073.871977810] [spotrobot]: And it is not for me
[uvdrobot-4] [INFO] [1748621073.872116379] [uvdrobot]: And it is not for me
[nurse_disinfect-3] [INFO] [1748621073.872324737] [nurse_disinfect]: I heard: "{"performative": "query", "sender": "nurse_disinfected1", "receiver": "spotrobot1", "content": "Done|a_authorize_patrol"}"
[spotrobot-5] [INFO] [1748621073.872781341] [spotrobot]: I heard: "{"performative": "query", "sender": "nurse_disinfected1", "receiver": "spotrobot1", "content": "Done|a_authorize_patrol"}"
[nurse_disinfect-3] [INFO] [1748621073.872781284] [nurse_disinfect]: And it is not for me
[spotrobot-5] [INFO] [1748621073.873304013] [spotrobot]: And it is for me
[spotrobot-5] [INFO] [1748621073.873850194] [spotrobot]: Already finished action
[spotrobot-5] [INFO] [1748621073.875021978] [spotrobot]: success
[spotrobot-5] [INFO] [1748621073.875622377] [spotrobot]: Doing a_authorize_disinfect
[spotrobot-5] [INFO] [1748621073.876154879] [spotrobot]: a_authorize_disinfect
[spotrobot-5] [INFO] [1748621073.876654425] [spotrobot]: Here first, waiting for spotrobot
[uvdrobot-4] [INFO] [1748621073.877375301] [uvdrobot]: I heard: "{"performative": "query", "sender": "spotrobot1", "receiver": "uvdrobot1", "content": "Ready|a_authorize_disinfect"}"
[nurse_disinfect-3] [INFO] [1748621073.877496179] [nurse_disinfect]: I heard: "{"performative": "query", "sender": "spotrobot1", "receiver": "uvdrobot1", "content": "Ready|a_authorize_disinfect"}"
[spotrobot-5] [INFO] [1748621073.877626704] [spotrobot]: I heard: "{"performative": "query", "sender": "spotrobot1", "receiver": "uvdrobot1", "content": "Ready|a_authorize_disinfect"}"
[uvdrobot-4] [INFO] [1748621073.877736471] [uvdrobot]: And it is for me
[nurse_disinfect-3] [INFO] [1748621073.878025532] [nurse_disinfect]: And it is not for me
[uvdrobot-4] [INFO] [1748621073.878117062] [uvdrobot]: Ready to act
[spotrobot-5] [INFO] [1748621073.878142073] [spotrobot]: And it is not for me
[nurse_disinfect-3] [INFO] [1748621073.878909508] [nurse_disinfect]: I heard: "{"performative": "query", "sender": "uvdrobot1", "receiver": "spotrobot1", "content": "Done|a_authorize_disinfect"}"
[uvdrobot-4] [INFO] [1748621073.878988288] [uvdrobot]: I heard: "{"performative": "query", "sender": "uvdrobot1", "receiver": "spotrobot1", "content": "Done|a_authorize_disinfect"}"
[spotrobot-5] [INFO] [1748621073.879069124] [spotrobot]: I heard: "{"performative": "query", "sender": "uvdrobot1", "receiver": "spotrobot1", "content": "Done|a_authorize_disinfect"}"
[uvdrobot-4] [INFO] [1748621073.879287764] [uvdrobot]: And it is not for me
[nurse_disinfect-3] [INFO] [1748621073.879406096] [nurse_disinfect]: And it is not for me
[spotrobot-5] [INFO] [1748621073.879561739] [spotrobot]: And it is for me
[spotrobot-5] [INFO] [1748621073.880053895] [spotrobot]: Finished action
[uvdrobot-4] [INFO] [1748621073.880863091] [uvdrobot]: I heard: "{"performative": "query", "sender": "spotrobot1", "receiver": "uvdrobot1", "content": "Done|a_authorize_disinfect"}"
[nurse_disinfect-3] [INFO] [1748621073.880937642] [nurse_disinfect]: I heard: "{"performative": "query", "sender": "spotrobot1", "receiver": "uvdrobot1", "content": "Done|a_authorize_disinfect"}"
[spotrobot-5] [INFO] [1748621073.881082756] [spotrobot]: I heard: "{"performative": "query", "sender": "spotrobot1", "receiver": "uvdrobot1", "content": "Done|a_authorize_disinfect"}"
[nurse_disinfect-3] [INFO] [1748621073.881412405] [nurse_disinfect]: And it is not for me
[uvdrobot-4] [INFO] [1748621073.881479944] [uvdrobot]: And it is for me
[spotrobot-5] [INFO] [1748621073.881579678] [spotrobot]: And it is not for me
[uvdrobot-4] [INFO] [1748621073.882017511] [uvdrobot]: Finished action
[uvdrobot-4] [INFO] [1748621073.882777392] [uvdrobot]: Doing a_navto
[nurse_disinfect-3] [INFO] [1748621073.882835010] [nurse_disinfect]: I heard: "{"performative": "query", "sender": "uvdrobot1", "receiver": "spotrobot1", "content": "Done|a_authorize_disinfect"}"
[spotrobot-5] [INFO] [1748621073.883026118] [spotrobot]: I heard: "{"performative": "query", "sender": "uvdrobot1", "receiver": "spotrobot1", "content": "Done|a_authorize_disinfect"}"
[nurse_disinfect-3] [INFO] [1748621073.883300526] [nurse_disinfect]: And it is not for me
[uvdrobot-4] [INFO] [1748621073.883480175] [uvdrobot]: Waiting for response
[spotrobot-5] [INFO] [1748621073.883523596] [spotrobot]: And it is for me
[spotrobot-5] [INFO] [1748621073.884017829] [spotrobot]: Already finished action
[uvdrobot-4] [INFO] [1748621073.884345600] [uvdrobot]: I heard: "{"performative": "query", "sender": "uvdrobot1", "receiver": "spotrobot1", "content": "Done|a_authorize_disinfect"}"
[uvdrobot-4] [INFO] [1748621073.885114250] [uvdrobot]: And it is not for me
[uvdrobot-4] [INFO] [1748621073.886717492] [uvdrobot]: success
[uvdrobot-4] [INFO] [1748621073.887389155] [uvdrobot]: Doing a_disinfect_room
[uvdrobot-4] [INFO] [1748621073.888037463] [uvdrobot]: Waiting for response
[uvdrobot-4] [INFO] [1748621073.889154072] [uvdrobot]: success
[nurse_disinfect-3] [INFO] [1748621073.890997660] [nurse_disinfect]: Recebido sinal de desligamento do coordenador, finalizando...
[disinfect_planner-2] [INFO] [1748621073.891059569] [disinfect_planner]: Recebido sinal de desligamento do coordenador, finalizando...
[spotrobot-5] [INFO] [1748621073.891133235] [spotrobot]: Recebido sinal de desligamento do coordenador, finalizando...
[uvdrobot-4] [INFO] [1748621073.891215654] [uvdrobot]: Recebido sinal de desligamento do coordenador, finalizando...
[disinfect_environment-1] [INFO] [1748621073.891250797] [disinfect_environment]: Recebido sinal de desligamento do coordenador, finalizando...
[disinfect_planner-2] [INFO] [1748621073.891368560] [Quitting]: Done
[nurse_disinfect-3] [INFO] [1748621073.891381612] [Quitting]: Done
[spotrobot-5] [INFO] [1748621073.891560367] [Quitting]: Done
[uvdrobot-4] [INFO] [1748621073.891738336] [Quitting]: Done
[disinfect_environment-1] [INFO] [1748621073.891899124] [Quitting]: Done
[INFO] [disinfect_environment-1]: process has finished cleanly [pid 34314]
[INFO] [nurse_disinfect-3]: process has finished cleanly [pid 34318]
[INFO] [spotrobot-5]: process has finished cleanly [pid 34322]
[INFO] [uvdrobot-4]: process has finished cleanly [pid 34320]
