[INFO] [launch]: All log files can be found below /home/rafael/.ros/log/2025-05-30-12-59-58-436576-NotebookRafael-29787
[INFO] [launch]: Default logging verbosity is set to INFO
[INFO] [disinfect_environment-1]: process started with pid [29790]
[INFO] [disinfect_planner-2]: process started with pid [29792]
[INFO] [nurse_disinfect-3]: process started with pid [29794]
[INFO] [uvdrobot-4]: process started with pid [29796]
[INFO] [spotrobot-5]: process started with pid [29798]
[disinfect_environment-1] [INFO] [1748620798.695881360] [disinfect_environment]: Starting Environment server
[disinfect_environment-1] [INFO] [1748620798.699444484] [disinfect_environment]: Environment server started
[disinfect_planner-2] [INFO] [1748620799.213045185] [disinfect_planner]: Starting Planner server
[disinfect_planner-2] [INFO] [1748620799.217093558] [disinfect_planner]: Planner server started
[disinfect_planner-2] [INFO] [1748620799.484185366] [disinfect_planner]: Creating plan for: spotrobot1 uvdrobot1 nurse_disinfected1
[disinfect_planner-2] [INFO] [1748620799.486440450] [disinfect_planner]: a_navto,spotrobot1,room1
[disinfect_planner-2] [INFO] [1748620799.486936318] [disinfect_planner]: a_open_door,spotrobot1,room1
[disinfect_planner-2] [INFO] [1748620799.487364318] [disinfect_planner]: a_approach_nurse,spotrobot1,nurse_disinfected1
[disinfect_planner-2] [INFO] [1748620799.487808255] [disinfect_planner]: a_authenticate_nurse,spotrobot1,nurse_disinfected1
[disinfect_planner-2] [INFO] [1748620799.488232588] [disinfect_planner]: a_authorize_patrol,spotrobot1,nurse_disinfected1
[disinfect_planner-2] [INFO] [1748620799.488684323] [disinfect_planner]: a_patrol_room,spotrobot1,room1
[disinfect_planner-2] [INFO] [1748620799.489124554] [disinfect_planner]: a_authorize_disinfect,uvdrobot1,spotrobot1
[disinfect_planner-2] [INFO] [1748620799.489544681] [disinfect_planner]: a_navto,uvdrobot1,room1
[disinfect_planner-2] [INFO] [1748620799.489989986] [disinfect_planner]: a_disinfect_room,uvdrobot1,room1
[disinfect_planner-2] [INFO] [1748620799.490445201] [disinfect_planner]: Sending response
[spotrobot-5] [INFO] [1748620799.490448684] [spotrobot]: response.response spotrobot1
[spotrobot-5] [INFO] [1748620799.490861201] [spotrobot]: My name is spotrobot1
[nurse_disinfect-3] [INFO] [1748620799.492669920] [nurse_disinfect]: response.response nurse_disinfected1
[spotrobot-5] [INFO] [1748620799.492903140] [spotrobot]: I heard: "{"performative": "request", "sender": "Coordinator", "receiver": "uvdrobot1", "content": "Plan|a_authorize_disinfect,uvdrobot1,spotrobot1/a_navto,uvdrobot1,room1/a_disinfect_room,uvdrobot1,room1"}"
[nurse_disinfect-3] [INFO] [1748620799.493181554] [nurse_disinfect]: My name is nurse_disinfected1
[spotrobot-5] [INFO] [1748620799.493480740] [spotrobot]: And it is not for me
[uvdrobot-4] [INFO] [1748620799.493929500] [uvdrobot]: response.response uvdrobot1
[spotrobot-5] [INFO] [1748620799.494201216] [spotrobot]: I heard: "{"performative": "request", "sender": "Coordinator", "receiver": "spotrobot1", "content": "Plan|a_navto,spotrobot1,room1/a_open_door,spotrobot1,room1/a_approach_nurse,spotrobot1,nurse_disinfected1/a_authenticate_nurse,spotrobot1,nurse_disinfected1/a_authorize_patrol,spotrobot1,nurse_disinfected1/a_patrol_room,spotrobot1,room1/a_authorize_disinfect,uvdrobot1,spotrobot1"}"
[uvdrobot-4] [INFO] [1748620799.494345675] [uvdrobot]: My name is uvdrobot1
[spotrobot-5] [INFO] [1748620799.494567008] [spotrobot]: And it is for me
[spotrobot-5] [INFO] [1748620799.495011917] [spotrobot]: Doing a_navto
[uvdrobot-4] [INFO] [1748620799.495106775] [uvdrobot]: I heard: "{"performative": "request", "sender": "Coordinator", "receiver": "uvdrobot1", "content": "Plan|a_authorize_disinfect,uvdrobot1,spotrobot1/a_navto,uvdrobot1,room1/a_disinfect_room,uvdrobot1,room1"}"
[spotrobot-5] [INFO] [1748620799.495465868] [spotrobot]: Wating for response
[uvdrobot-4] [INFO] [1748620799.495651206] [uvdrobot]: And it is for me
[spotrobot-5] [INFO] [1748620799.496034675] [spotrobot]: I heard: "{"performative": "request", "sender": "Coordinator", "receiver": "nurse_disinfected1", "content": "Plan|a_approach_nurse,spotrobot1,nurse_disinfected1/a_authenticate_nurse,spotrobot1,nurse_disinfected1/a_authorize_patrol,spotrobot1,nurse_disinfected1"}"
[uvdrobot-4] [INFO] [1748620799.496255336] [uvdrobot]: Doing a_authorize_disinfect
[spotrobot-5] [INFO] [1748620799.496456376] [spotrobot]: And it is not for me
[uvdrobot-4] [INFO] [1748620799.496521710] [uvdrobot]: a_authorize_disinfect
[uvdrobot-4] [INFO] [1748620799.496765754] [uvdrobot]: Here first, waiting for spotrobot
[spotrobot-5] [INFO] [1748620799.497210064] [spotrobot]: success
[uvdrobot-4] [INFO] [1748620799.497517820] [uvdrobot]: I heard: "{"performative": "request", "sender": "Coordinator", "receiver": "spotrobot1", "content": "Plan|a_navto,spotrobot1,room1/a_open_door,spotrobot1,room1/a_approach_nurse,spotrobot1,nurse_disinfected1/a_authenticate_nurse,spotrobot1,nurse_disinfected1/a_authorize_patrol,spotrobot1,nurse_disinfected1/a_patrol_room,spotrobot1,room1/a_authorize_disinfect,uvdrobot1,spotrobot1"}"
[spotrobot-5] [INFO] [1748620799.497591934] [spotrobot]: Doing a_open_door
[spotrobot-5] [INFO] [1748620799.497987657] [spotrobot]: Wating for response
[uvdrobot-4] [INFO] [1748620799.498030330] [uvdrobot]: And it is not for me
[spotrobot-5] [INFO] [1748620799.498493368] [spotrobot]: I heard: "{"performative": "query", "sender": "uvdrobot1", "receiver": "spotrobot1", "content": "Ready|a_authorize_disinfect"}"
[uvdrobot-4] [INFO] [1748620799.498615111] [uvdrobot]: I heard: "{"performative": "query", "sender": "uvdrobot1", "receiver": "spotrobot1", "content": "Ready|a_authorize_disinfect"}"
[spotrobot-5] [INFO] [1748620799.498855210] [spotrobot]: And it is for me
[spotrobot-5] [INFO] [1748620799.499155502] [spotrobot]: No there yet
[uvdrobot-4] [INFO] [1748620799.499308000] [uvdrobot]: And it is not for me
[uvdrobot-4] [INFO] [1748620799.499925389] [uvdrobot]: I heard: "{"performative": "request", "sender": "Coordinator", "receiver": "nurse_disinfected1", "content": "Plan|a_approach_nurse,spotrobot1,nurse_disinfected1/a_authenticate_nurse,spotrobot1,nurse_disinfected1/a_authorize_patrol,spotrobot1,nurse_disinfected1"}"
[spotrobot-5] [INFO] [1748620799.500344772] [spotrobot]: success
[uvdrobot-4] [INFO] [1748620799.500414118] [uvdrobot]: And it is not for me
[spotrobot-5] [INFO] [1748620799.500784041] [spotrobot]: Doing a_approach_nurse
[spotrobot-5] [INFO] [1748620799.501437085] [spotrobot]: Wating for response
[spotrobot-5] [INFO] [1748620799.502657238] [spotrobot]: success
[spotrobot-5] [INFO] [1748620799.503007622] [spotrobot]: Doing a_authenticate_nurse
[spotrobot-5] [INFO] [1748620799.503309395] [spotrobot]: a_authenticate_nurse
[spotrobot-5] [INFO] [1748620799.503685749] [spotrobot]: Here first, waiting for nurse
[uvdrobot-4] [INFO] [1748620799.504313617] [uvdrobot]: I heard: "{"performative": "query", "sender": "spotrobot1", "receiver": "nurse_disinfected1", "content": "Ready|a_authenticate_nurse"}"
[spotrobot-5] [INFO] [1748620799.504407479] [spotrobot]: I heard: "{"performative": "query", "sender": "spotrobot1", "receiver": "nurse_disinfected1", "content": "Ready|a_authenticate_nurse"}"
[uvdrobot-4] [INFO] [1748620799.504638720] [uvdrobot]: And it is not for me
[spotrobot-5] [INFO] [1748620799.504930381] [spotrobot]: And it is not for me
[nurse_disinfect-3] [INFO] [1748620800.495121884] [nurse_disinfect]: I heard: "{"performative": "request", "sender": "Coordinator", "receiver": "uvdrobot1", "content": "Plan|a_authorize_disinfect,uvdrobot1,spotrobot1/a_navto,uvdrobot1,room1/a_disinfect_room,uvdrobot1,room1"}"
[nurse_disinfect-3] [INFO] [1748620800.495612641] [nurse_disinfect]: And it is not for me
[nurse_disinfect-3] [INFO] [1748620800.496221298] [nurse_disinfect]: I heard: "{"performative": "query", "sender": "uvdrobot1", "receiver": "spotrobot1", "content": "Ready|a_authorize_disinfect"}"
[nurse_disinfect-3] [INFO] [1748620800.496563120] [nurse_disinfect]: And it is not for me
[nurse_disinfect-3] [INFO] [1748620800.497320495] [nurse_disinfect]: I heard: "{"performative": "request", "sender": "Coordinator", "receiver": "spotrobot1", "content": "Plan|a_navto,spotrobot1,room1/a_open_door,spotrobot1,room1/a_approach_nurse,spotrobot1,nurse_disinfected1/a_authenticate_nurse,spotrobot1,nurse_disinfected1/a_authorize_patrol,spotrobot1,nurse_disinfected1/a_patrol_room,spotrobot1,room1/a_authorize_disinfect,uvdrobot1,spotrobot1"}"
[nurse_disinfect-3] [INFO] [1748620800.497810534] [nurse_disinfect]: And it is not for me
[nurse_disinfect-3] [INFO] [1748620800.498326091] [nurse_disinfect]: I heard: "{"performative": "query", "sender": "spotrobot1", "receiver": "nurse_disinfected1", "content": "Ready|a_authenticate_nurse"}"
[nurse_disinfect-3] [INFO] [1748620800.498642405] [nurse_disinfect]: And it is for me
[nurse_disinfect-3] [INFO] [1748620800.499016071] [nurse_disinfect]: No there yet
[nurse_disinfect-3] [INFO] [1748620800.499736340] [nurse_disinfect]: I heard: "{"performative": "request", "sender": "Coordinator", "receiver": "nurse_disinfected1", "content": "Plan|a_approach_nurse,spotrobot1,nurse_disinfected1/a_authenticate_nurse,spotrobot1,nurse_disinfected1/a_authorize_patrol,spotrobot1,nurse_disinfected1"}"
[nurse_disinfect-3] [INFO] [1748620800.500222786] [nurse_disinfect]: And it is for me
[nurse_disinfect-3] [INFO] [1748620800.501841575] [nurse_disinfect]: a_approach_nurse
[nurse_disinfect-3] [INFO] [1748620800.502432505] [nurse_disinfect]: a_authenticate_nurse
[nurse_disinfect-3] [INFO] [1748620800.502922884] [nurse_disinfect]: Doing a_authenticate_nurse
[nurse_disinfect-3] [INFO] [1748620800.503238915] [nurse_disinfect]: a_authenticate_nurse
[nurse_disinfect-3] [INFO] [1748620800.503542932] [nurse_disinfect]: Robot is waiting, send action message
[uvdrobot-4] [INFO] [1748620800.504267054] [uvdrobot]: I heard: "{"performative": "query", "sender": "nurse_disinfected1", "receiver": "spotrobot1", "content": "Done|a_authenticate_nurse"}"
[spotrobot-5] [INFO] [1748620800.504291443] [spotrobot]: I heard: "{"performative": "query", "sender": "nurse_disinfected1", "receiver": "spotrobot1", "content": "Done|a_authenticate_nurse"}"
[nurse_disinfect-3] [INFO] [1748620800.504357565] [nurse_disinfect]: I heard: "{"performative": "query", "sender": "nurse_disinfected1", "receiver": "spotrobot1", "content": "Done|a_authenticate_nurse"}"
[uvdrobot-4] [INFO] [1748620800.504703721] [uvdrobot]: And it is not for me
[spotrobot-5] [INFO] [1748620800.504712927] [spotrobot]: And it is for me
[nurse_disinfect-3] [INFO] [1748620800.504809253] [nurse_disinfect]: And it is not for me
[spotrobot-5] [INFO] [1748620800.505233510] [spotrobot]: Finished action
[spotrobot-5] [INFO] [1748620800.505825655] [spotrobot]: Doing a_authorize_patrol
[nurse_disinfect-3] [INFO] [1748620800.505839659] [nurse_disinfect]: I heard: "{"performative": "query", "sender": "spotrobot1", "receiver": "nurse_disinfected1", "content": "Done|a_authenticate_nurse"}"
[uvdrobot-4] [INFO] [1748620800.506060313] [uvdrobot]: I heard: "{"performative": "query", "sender": "spotrobot1", "receiver": "nurse_disinfected1", "content": "Done|a_authenticate_nurse"}"
[nurse_disinfect-3] [INFO] [1748620800.506130522] [nurse_disinfect]: And it is for me
[spotrobot-5] [INFO] [1748620800.506217398] [spotrobot]: a_authorize_patrol
[nurse_disinfect-3] [INFO] [1748620800.506396877] [nurse_disinfect]: Finished action
[uvdrobot-4] [INFO] [1748620800.506550966] [uvdrobot]: And it is not for me
[spotrobot-5] [INFO] [1748620800.506725090] [spotrobot]: Here first, waiting for nurse
[nurse_disinfect-3] [INFO] [1748620800.506827621] [nurse_disinfect]: a_authorize_patrol
[nurse_disinfect-3] [INFO] [1748620800.507139183] [nurse_disinfect]: Doing a_authorize_patrol
[nurse_disinfect-3] [INFO] [1748620800.507440550] [nurse_disinfect]: a_authorize_patrol
[uvdrobot-4] [INFO] [1748620800.507466837] [uvdrobot]: I heard: "{"performative": "query", "sender": "nurse_disinfected1", "receiver": "spotrobot1", "content": "Done|a_authenticate_nurse"}"
[spotrobot-5] [INFO] [1748620800.507582610] [spotrobot]: I heard: "{"performative": "query", "sender": "spotrobot1", "receiver": "nurse_disinfected1", "content": "Done|a_authenticate_nurse"}"
[nurse_disinfect-3] [INFO] [1748620800.507751272] [nurse_disinfect]: Here first, waiting for robot
[uvdrobot-4] [INFO] [1748620800.507963015] [uvdrobot]: And it is not for me
[spotrobot-5] [INFO] [1748620800.508049131] [spotrobot]: And it is not for me
[nurse_disinfect-3] [INFO] [1748620800.508430531] [nurse_disinfect]: I heard: "{"performative": "query", "sender": "nurse_disinfected1", "receiver": "spotrobot1", "content": "Done|a_authenticate_nurse"}"
[spotrobot-5] [INFO] [1748620800.508669595] [spotrobot]: I heard: "{"performative": "query", "sender": "nurse_disinfected1", "receiver": "spotrobot1", "content": "Done|a_authenticate_nurse"}"
[nurse_disinfect-3] [INFO] [1748620800.508754219] [nurse_disinfect]: And it is not for me
[uvdrobot-4] [INFO] [1748620800.508887911] [uvdrobot]: I heard: "{"performative": "query", "sender": "spotrobot1", "receiver": "nurse_disinfected1", "content": "Ready|a_authorize_patrol"}"
[spotrobot-5] [INFO] [1748620800.509257261] [spotrobot]: And it is for me
[nurse_disinfect-3] [INFO] [1748620800.509266305] [nurse_disinfect]: I heard: "{"performative": "query", "sender": "spotrobot1", "receiver": "nurse_disinfected1", "content": "Ready|a_authorize_patrol"}"
[uvdrobot-4] [INFO] [1748620800.509446920] [uvdrobot]: And it is not for me
[spotrobot-5] [INFO] [1748620800.509536789] [spotrobot]: Already finished action
[nurse_disinfect-3] [INFO] [1748620800.509577960] [nurse_disinfect]: And it is for me
[nurse_disinfect-3] [INFO] [1748620800.509833263] [nurse_disinfect]: Ready to act
[spotrobot-5] [INFO] [1748620800.510300397] [spotrobot]: I heard: "{"performative": "query", "sender": "spotrobot1", "receiver": "nurse_disinfected1", "content": "Ready|a_authorize_patrol"}"
[uvdrobot-4] [INFO] [1748620800.510405593] [uvdrobot]: I heard: "{"performative": "query", "sender": "nurse_disinfected1", "receiver": "spotrobot1", "content": "Ready|a_authorize_patrol"}"
[nurse_disinfect-3] [INFO] [1748620800.510559520] [nurse_disinfect]: I heard: "{"performative": "query", "sender": "nurse_disinfected1", "receiver": "spotrobot1", "content": "Ready|a_authorize_patrol"}"
[uvdrobot-4] [INFO] [1748620800.510776279] [uvdrobot]: And it is not for me
[spotrobot-5] [INFO] [1748620800.510750945] [spotrobot]: And it is not for me
[nurse_disinfect-3] [INFO] [1748620800.510984220] [nurse_disinfect]: And it is not for me
[spotrobot-5] [INFO] [1748620800.511477060] [spotrobot]: I heard: "{"performative": "query", "sender": "nurse_disinfected1", "receiver": "spotrobot1", "content": "Ready|a_authorize_patrol"}"
[nurse_disinfect-3] [INFO] [1748620800.511619837] [nurse_disinfect]: I heard: "{"performative": "query", "sender": "nurse_disinfected1", "receiver": "spotrobot1", "content": "Done|a_authorize_patrol"}"
[uvdrobot-4] [INFO] [1748620800.511665106] [uvdrobot]: I heard: "{"performative": "query", "sender": "nurse_disinfected1", "receiver": "spotrobot1", "content": "Done|a_authorize_patrol"}"
[spotrobot-5] [INFO] [1748620800.511753910] [spotrobot]: And it is for me
[nurse_disinfect-3] [INFO] [1748620800.511920827] [nurse_disinfect]: And it is not for me
[uvdrobot-4] [INFO] [1748620800.511997856] [uvdrobot]: And it is not for me
[spotrobot-5] [INFO] [1748620800.512052939] [spotrobot]: Ready to act
[nurse_disinfect-3] [INFO] [1748620800.512596153] [nurse_disinfect]: I heard: "{"performative": "query", "sender": "spotrobot1", "receiver": "nurse_disinfected1", "content": "Done|a_authorize_patrol"}"
[uvdrobot-4] [INFO] [1748620800.512674587] [uvdrobot]: I heard: "{"performative": "query", "sender": "spotrobot1", "receiver": "nurse_disinfected1", "content": "Done|a_authorize_patrol"}"
[spotrobot-5] [INFO] [1748620800.512809267] [spotrobot]: I heard: "{"performative": "query", "sender": "nurse_disinfected1", "receiver": "spotrobot1", "content": "Done|a_authorize_patrol"}"
[nurse_disinfect-3] [INFO] [1748620800.512872711] [nurse_disinfect]: And it is for me
[uvdrobot-4] [INFO] [1748620800.512989722] [uvdrobot]: And it is not for me
[spotrobot-5] [INFO] [1748620800.513090558] [spotrobot]: And it is for me
[nurse_disinfect-3] [INFO] [1748620800.513177785] [nurse_disinfect]: Finished action
[spotrobot-5] [INFO] [1748620800.513550243] [spotrobot]: Finished action
[uvdrobot-4] [INFO] [1748620800.513721654] [uvdrobot]: I heard: "{"performative": "query", "sender": "nurse_disinfected1", "receiver": "spotrobot1", "content": "Done|a_authorize_patrol"}"
[nurse_disinfect-3] [INFO] [1748620800.513844728] [nurse_disinfect]: I heard: "{"performative": "query", "sender": "nurse_disinfected1", "receiver": "spotrobot1", "content": "Done|a_authorize_patrol"}"
[uvdrobot-4] [INFO] [1748620800.513998523] [uvdrobot]: And it is not for me
[nurse_disinfect-3] [INFO] [1748620800.514118117] [nurse_disinfect]: And it is not for me
[spotrobot-5] [INFO] [1748620800.514144944] [spotrobot]: Doing a_patrol_room
[nurse_disinfect-3] [INFO] [1748620800.514611249] [nurse_disinfect]: I heard: "{"performative": "query", "sender": "spotrobot1", "receiver": "nurse_disinfected1", "content": "Done|a_authorize_patrol"}"
[spotrobot-5] [INFO] [1748620800.514627544] [spotrobot]: Wating for response
[uvdrobot-4] [INFO] [1748620800.514745902] [uvdrobot]: I heard: "{"performative": "query", "sender": "spotrobot1", "receiver": "nurse_disinfected1", "content": "Done|a_authorize_patrol"}"
[nurse_disinfect-3] [INFO] [1748620800.514874398] [nurse_disinfect]: And it is for me
[spotrobot-5] [INFO] [1748620800.515151860] [spotrobot]: I heard: "{"performative": "query", "sender": "spotrobot1", "receiver": "nurse_disinfected1", "content": "Done|a_authorize_patrol"}"
[nurse_disinfect-3] [INFO] [1748620800.515178378] [nurse_disinfect]: Already finished action
[uvdrobot-4] [INFO] [1748620800.515278932] [uvdrobot]: And it is not for me
[spotrobot-5] [INFO] [1748620800.515772783] [spotrobot]: And it is not for me
[spotrobot-5] [INFO] [1748620800.516673246] [spotrobot]: I heard: "{"performative": "query", "sender": "nurse_disinfected1", "receiver": "spotrobot1", "content": "Done|a_authorize_patrol"}"
[spotrobot-5] [INFO] [1748620800.517282622] [spotrobot]: And it is for me
[spotrobot-5] [INFO] [1748620800.517842433] [spotrobot]: Already finished action
[spotrobot-5] [INFO] [1748620800.518555469] [spotrobot]: I heard: "{"performative": "query", "sender": "spotrobot1", "receiver": "nurse_disinfected1", "content": "Done|a_authorize_patrol"}"
[spotrobot-5] [INFO] [1748620800.518951125] [spotrobot]: And it is not for me
[spotrobot-5] [INFO] [1748620800.519666066] [spotrobot]: success
[spotrobot-5] [INFO] [1748620800.519984256] [spotrobot]: Doing a_authorize_disinfect
[spotrobot-5] [INFO] [1748620800.520410014] [spotrobot]: a_authorize_disinfect
[spotrobot-5] [INFO] [1748620800.520911803] [spotrobot]: Here first, waiting for spotrobot
[uvdrobot-4] [INFO] [1748620800.521578722] [uvdrobot]: I heard: "{"performative": "query", "sender": "spotrobot1", "receiver": "uvdrobot1", "content": "Ready|a_authorize_disinfect"}"
[nurse_disinfect-3] [INFO] [1748620800.521814548] [nurse_disinfect]: I heard: "{"performative": "query", "sender": "spotrobot1", "receiver": "uvdrobot1", "content": "Ready|a_authorize_disinfect"}"
[spotrobot-5] [INFO] [1748620800.521862301] [spotrobot]: I heard: "{"performative": "query", "sender": "spotrobot1", "receiver": "uvdrobot1", "content": "Ready|a_authorize_disinfect"}"
[uvdrobot-4] [INFO] [1748620800.521939384] [uvdrobot]: And it is for me
[nurse_disinfect-3] [INFO] [1748620800.522219964] [nurse_disinfect]: And it is not for me
[uvdrobot-4] [INFO] [1748620800.522240233] [uvdrobot]: Ready to act
[spotrobot-5] [INFO] [1748620800.522419801] [spotrobot]: And it is not for me
[nurse_disinfect-3] [INFO] [1748620800.522891405] [nurse_disinfect]: I heard: "{"performative": "query", "sender": "uvdrobot1", "receiver": "spotrobot1", "content": "Done|a_authorize_disinfect"}"
[uvdrobot-4] [INFO] [1748620800.523082325] [uvdrobot]: I heard: "{"performative": "query", "sender": "uvdrobot1", "receiver": "spotrobot1", "content": "Done|a_authorize_disinfect"}"
[nurse_disinfect-3] [INFO] [1748620800.523208351] [nurse_disinfect]: And it is not for me
[spotrobot-5] [INFO] [1748620800.523383746] [spotrobot]: I heard: "{"performative": "query", "sender": "uvdrobot1", "receiver": "spotrobot1", "content": "Done|a_authorize_disinfect"}"
[uvdrobot-4] [INFO] [1748620800.523402534] [uvdrobot]: And it is not for me
[spotrobot-5] [INFO] [1748620800.523938153] [spotrobot]: And it is for me
[spotrobot-5] [INFO] [1748620800.524479340] [spotrobot]: Finished action
[uvdrobot-4] [INFO] [1748620800.525227697] [uvdrobot]: I heard: "{"performative": "query", "sender": "spotrobot1", "receiver": "uvdrobot1", "content": "Done|a_authorize_disinfect"}"
[nurse_disinfect-3] [INFO] [1748620800.525364949] [nurse_disinfect]: I heard: "{"performative": "query", "sender": "spotrobot1", "receiver": "uvdrobot1", "content": "Done|a_authorize_disinfect"}"
[spotrobot-5] [INFO] [1748620800.525650967] [spotrobot]: I heard: "{"performative": "query", "sender": "spotrobot1", "receiver": "uvdrobot1", "content": "Done|a_authorize_disinfect"}"
[nurse_disinfect-3] [INFO] [1748620800.525742934] [nurse_disinfect]: And it is not for me
[uvdrobot-4] [INFO] [1748620800.525761048] [uvdrobot]: And it is for me
[uvdrobot-4] [INFO] [1748620800.526046753] [uvdrobot]: Finished action
[spotrobot-5] [INFO] [1748620800.526199245] [spotrobot]: And it is not for me
[uvdrobot-4] [INFO] [1748620800.526583960] [uvdrobot]: Doing a_navto
[nurse_disinfect-3] [INFO] [1748620800.526600680] [nurse_disinfect]: I heard: "{"performative": "query", "sender": "uvdrobot1", "receiver": "spotrobot1", "content": "Done|a_authorize_disinfect"}"
[nurse_disinfect-3] [INFO] [1748620800.527086504] [nurse_disinfect]: And it is not for me
[spotrobot-5] [INFO] [1748620800.527108572] [spotrobot]: I heard: "{"performative": "query", "sender": "uvdrobot1", "receiver": "spotrobot1", "content": "Done|a_authorize_disinfect"}"
[uvdrobot-4] [INFO] [1748620800.527228488] [uvdrobot]: Waiting for response
[spotrobot-5] [INFO] [1748620800.527651824] [spotrobot]: And it is for me
[uvdrobot-4] [INFO] [1748620800.527863634] [uvdrobot]: I heard: "{"performative": "query", "sender": "uvdrobot1", "receiver": "spotrobot1", "content": "Done|a_authorize_disinfect"}"
[spotrobot-5] [INFO] [1748620800.528167210] [spotrobot]: Already finished action
[uvdrobot-4] [INFO] [1748620800.528337029] [uvdrobot]: And it is not for me
[uvdrobot-4] [INFO] [1748620800.529115621] [uvdrobot]: success
[uvdrobot-4] [INFO] [1748620800.529514805] [uvdrobot]: Doing a_disinfect_room
[uvdrobot-4] [INFO] [1748620800.529975866] [uvdrobot]: Waiting for response
[uvdrobot-4] [INFO] [1748620800.531318400] [uvdrobot]: success
[spotrobot-5] [INFO] [1748620800.533505817] [spotrobot]: Recebido sinal de desligamento do coordenador, finalizando...
[uvdrobot-4] [INFO] [1748620800.533580902] [uvdrobot]: Recebido sinal de desligamento do coordenador, finalizando...
[disinfect_planner-2] [INFO] [1748620800.533584807] [disinfect_planner]: Recebido sinal de desligamento do coordenador, finalizando...
[disinfect_environment-1] [INFO] [1748620800.533713548] [disinfect_environment]: Recebido sinal de desligamento do coordenador, finalizando...
[nurse_disinfect-3] [INFO] [1748620800.533837314] [nurse_disinfect]: Recebido sinal de desligamento do coordenador, finalizando...
[spotrobot-5] [INFO] [1748620800.533905141] [Quitting]: Done
[disinfect_planner-2] [INFO] [1748620800.533918113] [Quitting]: Done
[uvdrobot-4] [INFO] [1748620800.534098448] [Quitting]: Done
[disinfect_environment-1] [INFO] [1748620800.534226342] [Quitting]: Done
[nurse_disinfect-3] [INFO] [1748620800.534631078] [Quitting]: Done
[INFO] [disinfect_environment-1]: process has finished cleanly [pid 29790]
[INFO] [uvdrobot-4]: process has finished cleanly [pid 29796]
[INFO] [nurse_disinfect-3]: process has finished cleanly [pid 29794]
[INFO] [spotrobot-5]: process has finished cleanly [pid 29798]
