[INFO] [launch]: All log files can be found below /home/rafael/.ros/log/2025-05-30-13-04-40-718639-NotebookRafael-34469
[INFO] [launch]: Default logging verbosity is set to INFO
[INFO] [disinfect_environment-1]: process started with pid [34472]
[INFO] [disinfect_planner-2]: process started with pid [34474]
[INFO] [nurse_disinfect-3]: process started with pid [34476]
[INFO] [uvdrobot-4]: process started with pid [34478]
[INFO] [spotrobot-5]: process started with pid [34480]
[disinfect_environment-1] [INFO] [1748621080.997899713] [disinfect_environment]: Starting Environment server
[disinfect_environment-1] [INFO] [1748621081.000685699] [disinfect_environment]: Environment server started
[disinfect_planner-2] [INFO] [1748621081.512951359] [disinfect_planner]: Starting Planner server
[disinfect_planner-2] [INFO] [1748621081.516747406] [disinfect_planner]: Planner server started
[disinfect_planner-2] [INFO] [1748621081.702427633] [disinfect_planner]: Creating plan for: spotrobot1 uvdrobot1 nurse_disinfected1
[disinfect_planner-2] [INFO] [1748621081.704654926] [disinfect_planner]: a_navto,spotrobot1,room1
[disinfect_planner-2] [INFO] [1748621081.705102332] [disinfect_planner]: a_open_door,spotrobot1,room1
[disinfect_planner-2] [INFO] [1748621081.705570778] [disinfect_planner]: a_approach_nurse,spotrobot1,nurse_disinfected1
[disinfect_planner-2] [INFO] [1748621081.706020634] [disinfect_planner]: a_authenticate_nurse,spotrobot1,nurse_disinfected1
[disinfect_planner-2] [INFO] [1748621081.706453585] [disinfect_planner]: a_authorize_patrol,spotrobot1,nurse_disinfected1
[disinfect_planner-2] [INFO] [1748621081.706884642] [disinfect_planner]: a_patrol_room,spotrobot1,room1
[disinfect_planner-2] [INFO] [1748621081.707331186] [disinfect_planner]: a_authorize_disinfect,uvdrobot1,spotrobot1
[disinfect_planner-2] [INFO] [1748621081.707763228] [disinfect_planner]: a_navto,uvdrobot1,room1
[disinfect_planner-2] [INFO] [1748621081.708199559] [disinfect_planner]: a_disinfect_room,uvdrobot1,room1
[uvdrobot-4] [INFO] [1748621081.708434179] [uvdrobot]: response.response uvdrobot1
[disinfect_planner-2] [INFO] [1748621081.708654594] [disinfect_planner]: Sending response
[uvdrobot-4] [INFO] [1748621081.708804136] [uvdrobot]: My name is uvdrobot1
[nurse_disinfect-3] [INFO] [1748621081.710089475] [nurse_disinfect]: response.response nurse_disinfected1
[spotrobot-5] [INFO] [1748621081.710487022] [spotrobot]: response.response spotrobot1
[nurse_disinfect-3] [INFO] [1748621081.710640002] [nurse_disinfect]: My name is nurse_disinfected1
[uvdrobot-4] [INFO] [1748621081.710820626] [uvdrobot]: I heard: "{"performative": "request", "sender": "Coordinator", "receiver": "uvdrobot1", "content": "Plan|a_authorize_disinfect,uvdrobot1,spotrobot1/a_navto,uvdrobot1,room1/a_disinfect_room,uvdrobot1,room1"}"
[spotrobot-5] [INFO] [1748621081.710840467] [spotrobot]: My name is spotrobot1
[uvdrobot-4] [INFO] [1748621081.711121079] [uvdrobot]: And it is for me
[uvdrobot-4] [INFO] [1748621081.711478401] [uvdrobot]: Doing a_authorize_disinfect
[spotrobot-5] [INFO] [1748621081.711547510] [spotrobot]: I heard: "{"performative": "request", "sender": "Coordinator", "receiver": "uvdrobot1", "content": "Plan|a_authorize_disinfect,uvdrobot1,spotrobot1/a_navto,uvdrobot1,room1/a_disinfect_room,uvdrobot1,room1"}"
[uvdrobot-4] [INFO] [1748621081.711786837] [uvdrobot]: a_authorize_disinfect
[spotrobot-5] [INFO] [1748621081.711840822] [spotrobot]: And it is not for me
[uvdrobot-4] [INFO] [1748621081.712085911] [uvdrobot]: Here first, waiting for spotrobot
[spotrobot-5] [INFO] [1748621081.712400223] [spotrobot]: I heard: "{"performative": "request", "sender": "Coordinator", "receiver": "spotrobot1", "content": "Plan|a_navto,spotrobot1,room1/a_open_door,spotrobot1,room1/a_approach_nurse,spotrobot1,nurse_disinfected1/a_authenticate_nurse,spotrobot1,nurse_disinfected1/a_authorize_patrol,spotrobot1,nurse_disinfected1/a_patrol_room,spotrobot1,room1/a_authorize_disinfect,uvdrobot1,spotrobot1"}"
[spotrobot-5] [INFO] [1748621081.712716479] [spotrobot]: And it is for me
[uvdrobot-4] [INFO] [1748621081.712850464] [uvdrobot]: I heard: "{"performative": "request", "sender": "Coordinator", "receiver": "spotrobot1", "content": "Plan|a_navto,spotrobot1,room1/a_open_door,spotrobot1,room1/a_approach_nurse,spotrobot1,nurse_disinfected1/a_authenticate_nurse,spotrobot1,nurse_disinfected1/a_authorize_patrol,spotrobot1,nurse_disinfected1/a_patrol_room,spotrobot1,room1/a_authorize_disinfect,uvdrobot1,spotrobot1"}"
[spotrobot-5] [INFO] [1748621081.713165063] [spotrobot]: Doing a_navto
[uvdrobot-4] [INFO] [1748621081.713370839] [uvdrobot]: And it is not for me
[uvdrobot-4] [INFO] [1748621081.713819814] [uvdrobot]: I heard: "{"performative": "query", "sender": "uvdrobot1", "receiver": "spotrobot1", "content": "Ready|a_authorize_disinfect"}"
[spotrobot-5] [INFO] [1748621081.713822416] [spotrobot]: Wating for response
[uvdrobot-4] [INFO] [1748621081.714134415] [uvdrobot]: And it is not for me
[spotrobot-5] [INFO] [1748621081.714516526] [spotrobot]: I heard: "{"performative": "request", "sender": "Coordinator", "receiver": "nurse_disinfected1", "content": "Plan|a_approach_nurse,spotrobot1,nurse_disinfected1/a_authenticate_nurse,spotrobot1,nurse_disinfected1/a_authorize_patrol,spotrobot1,nurse_disinfected1"}"
[uvdrobot-4] [INFO] [1748621081.714641484] [uvdrobot]: I heard: "{"performative": "request", "sender": "Coordinator", "receiver": "nurse_disinfected1", "content": "Plan|a_approach_nurse,spotrobot1,nurse_disinfected1/a_authenticate_nurse,spotrobot1,nurse_disinfected1/a_authorize_patrol,spotrobot1,nurse_disinfected1"}"
[spotrobot-5] [INFO] [1748621081.714927443] [spotrobot]: And it is not for me
[uvdrobot-4] [INFO] [1748621081.714938855] [uvdrobot]: And it is not for me
[spotrobot-5] [INFO] [1748621081.715493037] [spotrobot]: I heard: "{"performative": "query", "sender": "uvdrobot1", "receiver": "spotrobot1", "content": "Ready|a_authorize_disinfect"}"
[spotrobot-5] [INFO] [1748621081.715890533] [spotrobot]: And it is for me
[spotrobot-5] [INFO] [1748621081.716378640] [spotrobot]: No there yet
[spotrobot-5] [INFO] [1748621081.717159149] [spotrobot]: success
[spotrobot-5] [INFO] [1748621081.717513283] [spotrobot]: Doing a_open_door
[spotrobot-5] [INFO] [1748621081.717912713] [spotrobot]: Wating for response
[spotrobot-5] [INFO] [1748621081.719106341] [spotrobot]: success
[spotrobot-5] [INFO] [1748621081.719456397] [spotrobot]: Doing a_approach_nurse
[spotrobot-5] [INFO] [1748621081.719848188] [spotrobot]: Wating for response
[spotrobot-5] [INFO] [1748621081.721152317] [spotrobot]: success
[spotrobot-5] [INFO] [1748621081.721515956] [spotrobot]: Doing a_authenticate_nurse
[spotrobot-5] [INFO] [1748621081.722009615] [spotrobot]: a_authenticate_nurse
[spotrobot-5] [INFO] [1748621081.722376633] [spotrobot]: Here first, waiting for nurse
[uvdrobot-4] [INFO] [1748621081.722943151] [uvdrobot]: I heard: "{"performative": "query", "sender": "spotrobot1", "receiver": "nurse_disinfected1", "content": "Ready|a_authenticate_nurse"}"
[spotrobot-5] [INFO] [1748621081.723014986] [spotrobot]: I heard: "{"performative": "query", "sender": "spotrobot1", "receiver": "nurse_disinfected1", "content": "Ready|a_authenticate_nurse"}"
[uvdrobot-4] [INFO] [1748621081.723312639] [uvdrobot]: And it is not for me
[spotrobot-5] [INFO] [1748621081.723375945] [spotrobot]: And it is not for me
[nurse_disinfect-3] [INFO] [1748621082.712576112] [nurse_disinfect]: I heard: "{"performative": "request", "sender": "Coordinator", "receiver": "uvdrobot1", "content": "Plan|a_authorize_disinfect,uvdrobot1,spotrobot1/a_navto,uvdrobot1,room1/a_disinfect_room,uvdrobot1,room1"}"
[nurse_disinfect-3] [INFO] [1748621082.712922597] [nurse_disinfect]: And it is not for me
[nurse_disinfect-3] [INFO] [1748621082.713437669] [nurse_disinfect]: I heard: "{"performative": "query", "sender": "uvdrobot1", "receiver": "spotrobot1", "content": "Ready|a_authorize_disinfect"}"
[nurse_disinfect-3] [INFO] [1748621082.713788459] [nurse_disinfect]: And it is not for me
[nurse_disinfect-3] [INFO] [1748621082.714342064] [nurse_disinfect]: I heard: "{"performative": "request", "sender": "Coordinator", "receiver": "spotrobot1", "content": "Plan|a_navto,spotrobot1,room1/a_open_door,spotrobot1,room1/a_approach_nurse,spotrobot1,nurse_disinfected1/a_authenticate_nurse,spotrobot1,nurse_disinfected1/a_authorize_patrol,spotrobot1,nurse_disinfected1/a_patrol_room,spotrobot1,room1/a_authorize_disinfect,uvdrobot1,spotrobot1"}"
[nurse_disinfect-3] [INFO] [1748621082.714657176] [nurse_disinfect]: And it is not for me
[nurse_disinfect-3] [INFO] [1748621082.715018077] [nurse_disinfect]: I heard: "{"performative": "query", "sender": "spotrobot1", "receiver": "nurse_disinfected1", "content": "Ready|a_authenticate_nurse"}"
[nurse_disinfect-3] [INFO] [1748621082.715369793] [nurse_disinfect]: And it is for me
[nurse_disinfect-3] [INFO] [1748621082.715672626] [nurse_disinfect]: No there yet
[nurse_disinfect-3] [INFO] [1748621082.716241250] [nurse_disinfect]: I heard: "{"performative": "request", "sender": "Coordinator", "receiver": "nurse_disinfected1", "content": "Plan|a_approach_nurse,spotrobot1,nurse_disinfected1/a_authenticate_nurse,spotrobot1,nurse_disinfected1/a_authorize_patrol,spotrobot1,nurse_disinfected1"}"
[nurse_disinfect-3] [INFO] [1748621082.716556944] [nurse_disinfect]: And it is for me
[nurse_disinfect-3] [INFO] [1748621082.717890332] [nurse_disinfect]: a_approach_nurse
[nurse_disinfect-3] [INFO] [1748621082.718232043] [nurse_disinfect]: a_authenticate_nurse
[nurse_disinfect-3] [INFO] [1748621082.718654944] [nurse_disinfect]: Doing a_authenticate_nurse
[nurse_disinfect-3] [INFO] [1748621082.718995719] [nurse_disinfect]: a_authenticate_nurse
[nurse_disinfect-3] [INFO] [1748621082.719310086] [nurse_disinfect]: Robot is waiting, send action message
[uvdrobot-4] [INFO] [1748621082.719978885] [uvdrobot]: I heard: "{"performative": "query", "sender": "nurse_disinfected1", "receiver": "spotrobot1", "content": "Done|a_authenticate_nurse"}"
[spotrobot-5] [INFO] [1748621082.720121210] [spotrobot]: I heard: "{"performative": "query", "sender": "nurse_disinfected1", "receiver": "spotrobot1", "content": "Done|a_authenticate_nurse"}"
[nurse_disinfect-3] [INFO] [1748621082.720199311] [nurse_disinfect]: I heard: "{"performative": "query", "sender": "nurse_disinfected1", "receiver": "spotrobot1", "content": "Done|a_authenticate_nurse"}"
[uvdrobot-4] [INFO] [1748621082.720396850] [uvdrobot]: And it is not for me
[spotrobot-5] [INFO] [1748621082.720596250] [spotrobot]: And it is for me
[nurse_disinfect-3] [INFO] [1748621082.720637861] [nurse_disinfect]: And it is not for me
[spotrobot-5] [INFO] [1748621082.721120001] [spotrobot]: Finished action
[spotrobot-5] [INFO] [1748621082.721820388] [spotrobot]: Doing a_authorize_patrol
[uvdrobot-4] [INFO] [1748621082.722082739] [uvdrobot]: I heard: "{"performative": "query", "sender": "spotrobot1", "receiver": "nurse_disinfected1", "content": "Done|a_authenticate_nurse"}"
[nurse_disinfect-3] [INFO] [1748621082.722198090] [nurse_disinfect]: I heard: "{"performative": "query", "sender": "spotrobot1", "receiver": "nurse_disinfected1", "content": "Done|a_authenticate_nurse"}"
[spotrobot-5] [INFO] [1748621082.722246440] [spotrobot]: a_authorize_patrol
[nurse_disinfect-3] [INFO] [1748621082.722578229] [nurse_disinfect]: And it is for me
[spotrobot-5] [INFO] [1748621082.722597698] [spotrobot]: Here first, waiting for nurse
[uvdrobot-4] [INFO] [1748621082.722604571] [uvdrobot]: And it is not for me
[nurse_disinfect-3] [INFO] [1748621082.722946529] [nurse_disinfect]: Finished action
[spotrobot-5] [INFO] [1748621082.723467494] [spotrobot]: I heard: "{"performative": "query", "sender": "spotrobot1", "receiver": "nurse_disinfected1", "content": "Done|a_authenticate_nurse"}"
[uvdrobot-4] [INFO] [1748621082.723548827] [uvdrobot]: I heard: "{"performative": "query", "sender": "spotrobot1", "receiver": "nurse_disinfected1", "content": "Ready|a_authorize_patrol"}"
[nurse_disinfect-3] [INFO] [1748621082.723601232] [nurse_disinfect]: a_authorize_patrol
[spotrobot-5] [INFO] [1748621082.723834181] [spotrobot]: And it is not for me
[uvdrobot-4] [INFO] [1748621082.724060615] [uvdrobot]: And it is not for me
[nurse_disinfect-3] [INFO] [1748621082.724070276] [nurse_disinfect]: Doing a_authorize_patrol
[nurse_disinfect-3] [INFO] [1748621082.724344410] [nurse_disinfect]: a_authorize_patrol
[spotrobot-5] [INFO] [1748621082.724495767] [spotrobot]: I heard: "{"performative": "query", "sender": "spotrobot1", "receiver": "nurse_disinfected1", "content": "Ready|a_authorize_patrol"}"
[nurse_disinfect-3] [INFO] [1748621082.724598829] [nurse_disinfect]: Here first, waiting for robot
[spotrobot-5] [INFO] [1748621082.724852019] [spotrobot]: And it is not for me
[uvdrobot-4] [INFO] [1748621082.724996211] [uvdrobot]: I heard: "{"performative": "query", "sender": "nurse_disinfected1", "receiver": "spotrobot1", "content": "Done|a_authenticate_nurse"}"
[uvdrobot-4] [INFO] [1748621082.725553913] [uvdrobot]: And it is not for me
[spotrobot-5] [INFO] [1748621082.725577849] [spotrobot]: I heard: "{"performative": "query", "sender": "nurse_disinfected1", "receiver": "spotrobot1", "content": "Done|a_authenticate_nurse"}"
[nurse_disinfect-3] [INFO] [1748621082.725672443] [nurse_disinfect]: I heard: "{"performative": "query", "sender": "spotrobot1", "receiver": "nurse_disinfected1", "content": "Ready|a_authorize_patrol"}"
[spotrobot-5] [INFO] [1748621082.725939715] [spotrobot]: And it is for me
[nurse_disinfect-3] [INFO] [1748621082.726211985] [nurse_disinfect]: And it is for me
[spotrobot-5] [INFO] [1748621082.726278542] [spotrobot]: Already finished action
[uvdrobot-4] [INFO] [1748621082.726472725] [uvdrobot]: I heard: "{"performative": "query", "sender": "nurse_disinfected1", "receiver": "spotrobot1", "content": "Ready|a_authorize_patrol"}"
[nurse_disinfect-3] [INFO] [1748621082.726493834] [nurse_disinfect]: Ready to act
[spotrobot-5] [INFO] [1748621082.726974375] [spotrobot]: I heard: "{"performative": "query", "sender": "nurse_disinfected1", "receiver": "spotrobot1", "content": "Ready|a_authorize_patrol"}"
[uvdrobot-4] [INFO] [1748621082.727005928] [uvdrobot]: And it is not for me
[nurse_disinfect-3] [INFO] [1748621082.727224820] [nurse_disinfect]: I heard: "{"performative": "query", "sender": "nurse_disinfected1", "receiver": "spotrobot1", "content": "Done|a_authenticate_nurse"}"
[spotrobot-5] [INFO] [1748621082.727342074] [spotrobot]: And it is for me
[nurse_disinfect-3] [INFO] [1748621082.727545355] [nurse_disinfect]: And it is not for me
[spotrobot-5] [INFO] [1748621082.727725726] [spotrobot]: Ready to act
[uvdrobot-4] [INFO] [1748621082.727908643] [uvdrobot]: I heard: "{"performative": "query", "sender": "nurse_disinfected1", "receiver": "spotrobot1", "content": "Done|a_authorize_patrol"}"
[nurse_disinfect-3] [INFO] [1748621082.728397841] [nurse_disinfect]: I heard: "{"performative": "query", "sender": "nurse_disinfected1", "receiver": "spotrobot1", "content": "Ready|a_authorize_patrol"}"
[uvdrobot-4] [INFO] [1748621082.728434752] [uvdrobot]: And it is not for me
[spotrobot-5] [INFO] [1748621082.728569457] [spotrobot]: I heard: "{"performative": "query", "sender": "nurse_disinfected1", "receiver": "spotrobot1", "content": "Done|a_authorize_patrol"}"
[nurse_disinfect-3] [INFO] [1748621082.728723493] [nurse_disinfect]: And it is not for me
[spotrobot-5] [INFO] [1748621082.728976596] [spotrobot]: And it is for me
[spotrobot-5] [INFO] [1748621082.729327654] [spotrobot]: Finished action
[nurse_disinfect-3] [INFO] [1748621082.729336569] [nurse_disinfect]: I heard: "{"performative": "query", "sender": "nurse_disinfected1", "receiver": "spotrobot1", "content": "Done|a_authorize_patrol"}"
[uvdrobot-4] [INFO] [1748621082.729372802] [uvdrobot]: I heard: "{"performative": "query", "sender": "spotrobot1", "receiver": "nurse_disinfected1", "content": "Done|a_authorize_patrol"}"
[nurse_disinfect-3] [INFO] [1748621082.729741722] [nurse_disinfect]: And it is not for me
[spotrobot-5] [INFO] [1748621082.729833818] [spotrobot]: Doing a_patrol_room
[uvdrobot-4] [INFO] [1748621082.729869562] [uvdrobot]: And it is not for me
[spotrobot-5] [INFO] [1748621082.730305793] [spotrobot]: Wating for response
[nurse_disinfect-3] [INFO] [1748621082.730609541] [nurse_disinfect]: I heard: "{"performative": "query", "sender": "spotrobot1", "receiver": "nurse_disinfected1", "content": "Done|a_authorize_patrol"}"
[uvdrobot-4] [INFO] [1748621082.730793243] [uvdrobot]: I heard: "{"performative": "query", "sender": "spotrobot1", "receiver": "nurse_disinfected1", "content": "Done|a_authorize_patrol"}"
[spotrobot-5] [INFO] [1748621082.730961871] [spotrobot]: I heard: "{"performative": "query", "sender": "spotrobot1", "receiver": "nurse_disinfected1", "content": "Done|a_authorize_patrol"}"
[nurse_disinfect-3] [INFO] [1748621082.731088668] [nurse_disinfect]: And it is for me
[spotrobot-5] [INFO] [1748621082.731241800] [spotrobot]: And it is not for me
[uvdrobot-4] [INFO] [1748621082.731330341] [uvdrobot]: And it is not for me
[nurse_disinfect-3] [INFO] [1748621082.731413021] [nurse_disinfect]: Finished action
[spotrobot-5] [INFO] [1748621082.731724717] [spotrobot]: I heard: "{"performative": "query", "sender": "spotrobot1", "receiver": "nurse_disinfected1", "content": "Done|a_authorize_patrol"}"
[spotrobot-5] [INFO] [1748621082.731992492] [spotrobot]: And it is not for me
[nurse_disinfect-3] [INFO] [1748621082.732077195] [nurse_disinfect]: I heard: "{"performative": "query", "sender": "spotrobot1", "receiver": "nurse_disinfected1", "content": "Done|a_authorize_patrol"}"
[uvdrobot-4] [INFO] [1748621082.732219022] [uvdrobot]: I heard: "{"performative": "query", "sender": "nurse_disinfected1", "receiver": "spotrobot1", "content": "Done|a_authorize_patrol"}"
[nurse_disinfect-3] [INFO] [1748621082.732356456] [nurse_disinfect]: And it is for me
[spotrobot-5] [INFO] [1748621082.732454777] [spotrobot]: I heard: "{"performative": "query", "sender": "nurse_disinfected1", "receiver": "spotrobot1", "content": "Done|a_authorize_patrol"}"
[nurse_disinfect-3] [INFO] [1748621082.732612421] [nurse_disinfect]: Already finished action
[uvdrobot-4] [INFO] [1748621082.732750124] [uvdrobot]: And it is not for me
[spotrobot-5] [INFO] [1748621082.732768733] [spotrobot]: And it is for me
[spotrobot-5] [INFO] [1748621082.733035611] [spotrobot]: Already finished action
[nurse_disinfect-3] [INFO] [1748621082.733114385] [nurse_disinfect]: I heard: "{"performative": "query", "sender": "nurse_disinfected1", "receiver": "spotrobot1", "content": "Done|a_authorize_patrol"}"
[nurse_disinfect-3] [INFO] [1748621082.733473481] [nurse_disinfect]: And it is not for me
[spotrobot-5] [INFO] [1748621082.733801083] [spotrobot]: dirty room
[uvdrobot-4] [INFO] [1748621082.735762015] [uvdrobot]: I heard: "{"performative": "request", "sender": "Coordinator", "receiver": "spotrobot1", "content": "Reset"}"
[nurse_disinfect-3] [INFO] [1748621082.735836746] [nurse_disinfect]: I heard: "{"performative": "request", "sender": "Coordinator", "receiver": "spotrobot1", "content": "Reset"}"
[spotrobot-5] [INFO] [1748621082.735843880] [spotrobot]: I heard: "{"performative": "request", "sender": "Coordinator", "receiver": "spotrobot1", "content": "Reset"}"
[uvdrobot-4] [INFO] [1748621082.736152303] [uvdrobot]: And it is not for me
[nurse_disinfect-3] [INFO] [1748621082.736210975] [nurse_disinfect]: And it is not for me
[spotrobot-5] [INFO] [1748621082.736280358] [spotrobot]: And it is for me
[nurse_disinfect-3] [INFO] [1748621082.736712872] [nurse_disinfect]: I heard: "{"performative": "request", "sender": "Coordinator", "receiver": "uvdrobot1", "content": "Reset"}"
[uvdrobot-4] [INFO] [1748621082.736823522] [uvdrobot]: I heard: "{"performative": "request", "sender": "Coordinator", "receiver": "uvdrobot1", "content": "Reset"}"
[spotrobot-5] [INFO] [1748621082.736858901] [spotrobot]: I heard: "{"performative": "request", "sender": "Coordinator", "receiver": "uvdrobot1", "content": "Reset"}"
[nurse_disinfect-3] [INFO] [1748621082.736985173] [nurse_disinfect]: And it is not for me
[spotrobot-5] [INFO] [1748621082.737261572] [spotrobot]: And it is not for me
[uvdrobot-4] [INFO] [1748621082.737431462] [uvdrobot]: And it is for me
[nurse_disinfect-3] [INFO] [1748621082.737565177] [nurse_disinfect]: I heard: "{"performative": "request", "sender": "Coordinator", "receiver": "nurse_disinfected1", "content": "Reset"}"
[spotrobot-5] [INFO] [1748621082.737628688] [spotrobot]: 
[nurse_disinfect-3] [INFO] [1748621082.737841049] [nurse_disinfect]: And it is for me
[spotrobot-5] [INFO] [1748621082.738174684] [spotrobot]: I heard: "{"performative": "request", "sender": "Coordinator", "receiver": "nurse_disinfected1", "content": "Reset"}"
[uvdrobot-4] [INFO] [1748621082.738436620] [uvdrobot]: I heard: "{"performative": "request", "sender": "Coordinator", "receiver": "nurse_disinfected1", "content": "Reset"}"
[spotrobot-5] [INFO] [1748621082.738465975] [spotrobot]: And it is not for me
[uvdrobot-4] [INFO] [1748621082.738998723] [uvdrobot]: And it is not for me
[disinfect_planner-2] [INFO] [1748621082.739802069] [disinfect_planner]: Creating plan for: spotrobot1 uvdrobot1 nurse_disinfected1
[disinfect_planner-2] [INFO] [1748621082.740643385] [disinfect_planner]: a_navto,spotrobot1,room1
[disinfect_planner-2] [INFO] [1748621082.740962573] [disinfect_planner]: a_approach_nurse,spotrobot1,nurse_disinfected1
[disinfect_planner-2] [INFO] [1748621082.741267144] [disinfect_planner]: a_authenticate_nurse,spotrobot1,nurse_disinfected1
[disinfect_planner-2] [INFO] [1748621082.741572222] [disinfect_planner]: a_clean_room,nurse_disinfected1,room1
[disinfect_planner-2] [INFO] [1748621082.741832512] [disinfect_planner]: a_authorize_patrol,spotrobot1,nurse_disinfected1
[disinfect_planner-2] [INFO] [1748621082.742087065] [disinfect_planner]: a_patrol_room,spotrobot1,room1
[disinfect_planner-2] [INFO] [1748621082.742448624] [disinfect_planner]: a_authorize_disinfect,uvdrobot1,spotrobot1
[disinfect_planner-2] [INFO] [1748621082.742747353] [disinfect_planner]: a_navto,uvdrobot1,room1
[disinfect_planner-2] [INFO] [1748621082.743047790] [disinfect_planner]: a_disinfect_room,uvdrobot1,room1
[disinfect_planner-2] [INFO] [1748621082.743349602] [disinfect_planner]: Sending response
[spotrobot-5] [INFO] [1748621082.745324027] [spotrobot]: I heard: "{"performative": "request", "sender": "Coordinator", "receiver": "spotrobot1", "content": "Plan|a_navto,spotrobot1,room1/a_approach_nurse,spotrobot1,nurse_disinfected1/a_authenticate_nurse,spotrobot1,nurse_disinfected1/a_authorize_patrol,spotrobot1,nurse_disinfected1/a_patrol_room,spotrobot1,room1/a_authorize_disinfect,uvdrobot1,spotrobot1"}"
[nurse_disinfect-3] [INFO] [1748621082.745385568] [nurse_disinfect]: I heard: "{"performative": "request", "sender": "Coordinator", "receiver": "spotrobot1", "content": "Plan|a_navto,spotrobot1,room1/a_approach_nurse,spotrobot1,nurse_disinfected1/a_authenticate_nurse,spotrobot1,nurse_disinfected1/a_authorize_patrol,spotrobot1,nurse_disinfected1/a_patrol_room,spotrobot1,room1/a_authorize_disinfect,uvdrobot1,spotrobot1"}"
[uvdrobot-4] [INFO] [1748621082.745444204] [uvdrobot]: I heard: "{"performative": "request", "sender": "Coordinator", "receiver": "spotrobot1", "content": "Plan|a_navto,spotrobot1,room1/a_approach_nurse,spotrobot1,nurse_disinfected1/a_authenticate_nurse,spotrobot1,nurse_disinfected1/a_authorize_patrol,spotrobot1,nurse_disinfected1/a_patrol_room,spotrobot1,room1/a_authorize_disinfect,uvdrobot1,spotrobot1"}"
[uvdrobot-4] [INFO] [1748621082.745729117] [uvdrobot]: And it is not for me
[spotrobot-5] [INFO] [1748621082.745757469] [spotrobot]: And it is for me
[nurse_disinfect-3] [INFO] [1748621082.745787170] [nurse_disinfect]: And it is not for me
[uvdrobot-4] [INFO] [1748621082.746228226] [uvdrobot]: I heard: "{"performative": "request", "sender": "Coordinator", "receiver": "uvdrobot1", "content": "Plan|a_authorize_disinfect,uvdrobot1,spotrobot1/a_navto,uvdrobot1,room1/a_disinfect_room,uvdrobot1,room1"}"
[spotrobot-5] [INFO] [1748621082.746269114] [spotrobot]: Doing a_navto
[uvdrobot-4] [INFO] [1748621082.746550794] [uvdrobot]: And it is for me
[nurse_disinfect-3] [INFO] [1748621082.746631484] [nurse_disinfect]: I heard: "{"performative": "request", "sender": "Coordinator", "receiver": "uvdrobot1", "content": "Plan|a_authorize_disinfect,uvdrobot1,spotrobot1/a_navto,uvdrobot1,room1/a_disinfect_room,uvdrobot1,room1"}"
[uvdrobot-4] [INFO] [1748621082.746843899] [uvdrobot]: Doing a_authorize_disinfect
[spotrobot-5] [INFO] [1748621082.746899547] [spotrobot]: Wating for response
[uvdrobot-4] [INFO] [1748621082.747095597] [uvdrobot]: a_authorize_disinfect
[nurse_disinfect-3] [INFO] [1748621082.747126697] [nurse_disinfect]: And it is not for me
[uvdrobot-4] [INFO] [1748621082.747338817] [uvdrobot]: Here first, waiting for spotrobot
[spotrobot-5] [INFO] [1748621082.747673611] [spotrobot]: I heard: "{"performative": "request", "sender": "Coordinator", "receiver": "uvdrobot1", "content": "Plan|a_authorize_disinfect,uvdrobot1,spotrobot1/a_navto,uvdrobot1,room1/a_disinfect_room,uvdrobot1,room1"}"
[uvdrobot-4] [INFO] [1748621082.747955693] [uvdrobot]: I heard: "{"performative": "request", "sender": "Coordinator", "receiver": "nurse_disinfected1", "content": "Plan|a_approach_nurse,spotrobot1,nurse_disinfected1/a_authenticate_nurse,spotrobot1,nurse_disinfected1/a_clean_room,nurse_disinfected1,room1/a_authorize_patrol,spotrobot1,nurse_disinfected1"}"
[nurse_disinfect-3] [INFO] [1748621082.747972424] [nurse_disinfect]: I heard: "{"performative": "request", "sender": "Coordinator", "receiver": "nurse_disinfected1", "content": "Plan|a_approach_nurse,spotrobot1,nurse_disinfected1/a_authenticate_nurse,spotrobot1,nurse_disinfected1/a_clean_room,nurse_disinfected1,room1/a_authorize_patrol,spotrobot1,nurse_disinfected1"}"
[spotrobot-5] [INFO] [1748621082.748143992] [spotrobot]: And it is not for me
[uvdrobot-4] [INFO] [1748621082.748255786] [uvdrobot]: And it is not for me
[nurse_disinfect-3] [INFO] [1748621082.748475572] [nurse_disinfect]: And it is for me
[uvdrobot-4] [INFO] [1748621082.748652204] [uvdrobot]: I heard: "{"performative": "query", "sender": "uvdrobot1", "receiver": "spotrobot1", "content": "Ready|a_authorize_disinfect"}"
[uvdrobot-4] [INFO] [1748621082.748929603] [uvdrobot]: And it is not for me
[nurse_disinfect-3] [INFO] [1748621082.748987445] [nurse_disinfect]: a_approach_nurse
[spotrobot-5] [INFO] [1748621082.749000861] [spotrobot]: I heard: "{"performative": "request", "sender": "Coordinator", "receiver": "nurse_disinfected1", "content": "Plan|a_approach_nurse,spotrobot1,nurse_disinfected1/a_authenticate_nurse,spotrobot1,nurse_disinfected1/a_clean_room,nurse_disinfected1,room1/a_authorize_patrol,spotrobot1,nurse_disinfected1"}"
[spotrobot-5] [INFO] [1748621082.749442046] [spotrobot]: And it is not for me
[nurse_disinfect-3] [INFO] [1748621082.749515263] [nurse_disinfect]: a_authenticate_nurse
[nurse_disinfect-3] [INFO] [1748621082.749941020] [nurse_disinfect]: Doing a_authenticate_nurse
[spotrobot-5] [INFO] [1748621082.749941068] [spotrobot]: I heard: "{"performative": "query", "sender": "uvdrobot1", "receiver": "spotrobot1", "content": "Ready|a_authorize_disinfect"}"
[nurse_disinfect-3] [INFO] [1748621082.750359081] [nurse_disinfect]: a_authenticate_nurse
[spotrobot-5] [INFO] [1748621082.750359015] [spotrobot]: And it is for me
[spotrobot-5] [INFO] [1748621082.750819944] [spotrobot]: No there yet
[nurse_disinfect-3] [INFO] [1748621082.750820086] [nurse_disinfect]: Here first, waiting for robot
[spotrobot-5] [INFO] [1748621082.751475964] [spotrobot]: success
[uvdrobot-4] [INFO] [1748621082.751782491] [uvdrobot]: I heard: "{"performative": "query", "sender": "nurse_disinfected1", "receiver": "spotrobot1", "content": "Ready|a_authenticate_nurse"}"
[nurse_disinfect-3] [INFO] [1748621082.751837150] [nurse_disinfect]: I heard: "{"performative": "query", "sender": "uvdrobot1", "receiver": "spotrobot1", "content": "Ready|a_authorize_disinfect"}"
[spotrobot-5] [INFO] [1748621082.752030534] [spotrobot]: Doing a_approach_nurse
[uvdrobot-4] [INFO] [1748621082.752127438] [uvdrobot]: And it is not for me
[nurse_disinfect-3] [INFO] [1748621082.752344135] [nurse_disinfect]: And it is not for me
[spotrobot-5] [INFO] [1748621082.752664203] [spotrobot]: Wating for response
[nurse_disinfect-3] [INFO] [1748621082.753281660] [nurse_disinfect]: I heard: "{"performative": "query", "sender": "nurse_disinfected1", "receiver": "spotrobot1", "content": "Ready|a_authenticate_nurse"}"
[spotrobot-5] [INFO] [1748621082.753488343] [spotrobot]: I heard: "{"performative": "query", "sender": "nurse_disinfected1", "receiver": "spotrobot1", "content": "Ready|a_authenticate_nurse"}"
[nurse_disinfect-3] [INFO] [1748621082.753810500] [nurse_disinfect]: And it is not for me
[spotrobot-5] [INFO] [1748621082.754053052] [spotrobot]: And it is for me
[spotrobot-5] [INFO] [1748621082.754601387] [spotrobot]: No there yet
[spotrobot-5] [INFO] [1748621082.756543708] [spotrobot]: success
[spotrobot-5] [INFO] [1748621082.757088463] [spotrobot]: Doing a_authenticate_nurse
[spotrobot-5] [INFO] [1748621082.757457002] [spotrobot]: a_authenticate_nurse
[spotrobot-5] [INFO] [1748621082.757772371] [spotrobot]: Nurse is waiting, send action message
[uvdrobot-4] [INFO] [1748621082.758394928] [uvdrobot]: I heard: "{"performative": "query", "sender": "spotrobot1", "receiver": "nurse_disinfected1", "content": "Done|a_authenticate_nurse"}"
[nurse_disinfect-3] [INFO] [1748621082.758404107] [nurse_disinfect]: I heard: "{"performative": "query", "sender": "spotrobot1", "receiver": "nurse_disinfected1", "content": "Done|a_authenticate_nurse"}"
[spotrobot-5] [INFO] [1748621082.758505105] [spotrobot]: I heard: "{"performative": "query", "sender": "spotrobot1", "receiver": "nurse_disinfected1", "content": "Done|a_authenticate_nurse"}"
[spotrobot-5] [INFO] [1748621082.758797713] [spotrobot]: And it is not for me
[nurse_disinfect-3] [INFO] [1748621082.758804009] [nurse_disinfect]: And it is for me
[uvdrobot-4] [INFO] [1748621082.759016940] [uvdrobot]: And it is not for me
[nurse_disinfect-3] [INFO] [1748621082.759087662] [nurse_disinfect]: Finished action
[spotrobot-5] [INFO] [1748621082.759623829] [spotrobot]: I heard: "{"performative": "query", "sender": "nurse_disinfected1", "receiver": "spotrobot1", "content": "Done|a_authenticate_nurse"}"
[nurse_disinfect-3] [INFO] [1748621082.759790417] [nurse_disinfect]: a_clean_room
[spotrobot-5] [INFO] [1748621082.759889275] [spotrobot]: And it is for me
[uvdrobot-4] [INFO] [1748621082.759899071] [uvdrobot]: I heard: "{"performative": "query", "sender": "nurse_disinfected1", "receiver": "spotrobot1", "content": "Done|a_authenticate_nurse"}"
[spotrobot-5] [INFO] [1748621082.760192271] [spotrobot]: Finished action
[nurse_disinfect-3] [INFO] [1748621082.760203074] [nurse_disinfect]: Doing a_clean_room
[uvdrobot-4] [INFO] [1748621082.760429763] [uvdrobot]: And it is not for me
[nurse_disinfect-3] [INFO] [1748621082.760597505] [nurse_disinfect]: Waiting for response
[spotrobot-5] [INFO] [1748621082.760701691] [spotrobot]: Doing a_authorize_patrol
[nurse_disinfect-3] [INFO] [1748621082.761108243] [nurse_disinfect]: I heard: "{"performative": "query", "sender": "nurse_disinfected1", "receiver": "spotrobot1", "content": "Done|a_authenticate_nurse"}"
[spotrobot-5] [INFO] [1748621082.761176464] [spotrobot]: a_authorize_patrol
[uvdrobot-4] [INFO] [1748621082.761377876] [uvdrobot]: I heard: "{"performative": "query", "sender": "spotrobot1", "receiver": "nurse_disinfected1", "content": "Done|a_authenticate_nurse"}"
[nurse_disinfect-3] [INFO] [1748621082.761387495] [nurse_disinfect]: And it is not for me
[spotrobot-5] [INFO] [1748621082.761678743] [spotrobot]: Here first, waiting for nurse
[nurse_disinfect-3] [INFO] [1748621082.761866315] [nurse_disinfect]: I heard: "{"performative": "query", "sender": "spotrobot1", "receiver": "nurse_disinfected1", "content": "Done|a_authenticate_nurse"}"
[uvdrobot-4] [INFO] [1748621082.761904042] [uvdrobot]: And it is not for me
[nurse_disinfect-3] [INFO] [1748621082.762129527] [nurse_disinfect]: And it is for me
[nurse_disinfect-3] [INFO] [1748621082.762378141] [nurse_disinfect]: Already finished action
[spotrobot-5] [INFO] [1748621082.762787586] [spotrobot]: I heard: "{"performative": "query", "sender": "spotrobot1", "receiver": "nurse_disinfected1", "content": "Done|a_authenticate_nurse"}"
[uvdrobot-4] [INFO] [1748621082.762851811] [uvdrobot]: I heard: "{"performative": "query", "sender": "spotrobot1", "receiver": "nurse_disinfected1", "content": "Ready|a_authorize_patrol"}"
[nurse_disinfect-3] [INFO] [1748621082.762890521] [nurse_disinfect]: I heard: "{"performative": "query", "sender": "spotrobot1", "receiver": "nurse_disinfected1", "content": "Ready|a_authorize_patrol"}"
[nurse_disinfect-3] [INFO] [1748621082.763158296] [nurse_disinfect]: And it is for me
[spotrobot-5] [INFO] [1748621082.763288365] [spotrobot]: And it is not for me
[uvdrobot-4] [INFO] [1748621082.763377347] [uvdrobot]: And it is not for me
[nurse_disinfect-3] [INFO] [1748621082.763411465] [nurse_disinfect]: No there yet
[nurse_disinfect-3] [INFO] [1748621082.763800148] [nurse_disinfect]: success
[nurse_disinfect-3] [INFO] [1748621082.764125428] [nurse_disinfect]: a_authorize_patrol
[spotrobot-5] [INFO] [1748621082.764227294] [spotrobot]: I heard: "{"performative": "query", "sender": "spotrobot1", "receiver": "nurse_disinfected1", "content": "Ready|a_authorize_patrol"}"
[nurse_disinfect-3] [INFO] [1748621082.764383217] [nurse_disinfect]: Doing a_authorize_patrol
[nurse_disinfect-3] [INFO] [1748621082.764682814] [nurse_disinfect]: a_authorize_patrol
[spotrobot-5] [INFO] [1748621082.764767409] [spotrobot]: And it is not for me
[nurse_disinfect-3] [INFO] [1748621082.764947897] [nurse_disinfect]: Robot is waiting, send action message
[nurse_disinfect-3] [INFO] [1748621082.765535367] [nurse_disinfect]: I heard: "{"performative": "query", "sender": "nurse_disinfected1", "receiver": "spotrobot1", "content": "Done|a_authorize_patrol"}"
[spotrobot-5] [INFO] [1748621082.765637758] [spotrobot]: I heard: "{"performative": "query", "sender": "nurse_disinfected1", "receiver": "spotrobot1", "content": "Done|a_authorize_patrol"}"
[uvdrobot-4] [INFO] [1748621082.765748852] [uvdrobot]: I heard: "{"performative": "query", "sender": "nurse_disinfected1", "receiver": "spotrobot1", "content": "Done|a_authorize_patrol"}"
[nurse_disinfect-3] [INFO] [1748621082.765801033] [nurse_disinfect]: And it is not for me
[uvdrobot-4] [INFO] [1748621082.766186256] [uvdrobot]: And it is not for me
[spotrobot-5] [INFO] [1748621082.766223433] [spotrobot]: And it is for me
[spotrobot-5] [INFO] [1748621082.766740510] [spotrobot]: Finished action
[uvdrobot-4] [INFO] [1748621082.767384268] [uvdrobot]: I heard: "{"performative": "query", "sender": "spotrobot1", "receiver": "nurse_disinfected1", "content": "Done|a_authorize_patrol"}"
[nurse_disinfect-3] [INFO] [1748621082.767401830] [nurse_disinfect]: I heard: "{"performative": "query", "sender": "spotrobot1", "receiver": "nurse_disinfected1", "content": "Done|a_authorize_patrol"}"
[spotrobot-5] [INFO] [1748621082.767446358] [spotrobot]: Doing a_patrol_room
[nurse_disinfect-3] [INFO] [1748621082.767789158] [nurse_disinfect]: And it is for me
[uvdrobot-4] [INFO] [1748621082.767806950] [uvdrobot]: And it is not for me
[spotrobot-5] [INFO] [1748621082.767893749] [spotrobot]: Wating for response
[nurse_disinfect-3] [INFO] [1748621082.768176744] [nurse_disinfect]: Finished action
[spotrobot-5] [INFO] [1748621082.768638531] [spotrobot]: I heard: "{"performative": "query", "sender": "spotrobot1", "receiver": "nurse_disinfected1", "content": "Done|a_authorize_patrol"}"
[uvdrobot-4] [INFO] [1748621082.768814247] [uvdrobot]: I heard: "{"performative": "query", "sender": "nurse_disinfected1", "receiver": "spotrobot1", "content": "Done|a_authorize_patrol"}"
[nurse_disinfect-3] [INFO] [1748621082.768946416] [nurse_disinfect]: I heard: "{"performative": "query", "sender": "nurse_disinfected1", "receiver": "spotrobot1", "content": "Done|a_authorize_patrol"}"
[uvdrobot-4] [INFO] [1748621082.769118236] [uvdrobot]: And it is not for me
[spotrobot-5] [INFO] [1748621082.769155971] [spotrobot]: And it is not for me
[nurse_disinfect-3] [INFO] [1748621082.769222632] [nurse_disinfect]: And it is not for me
[spotrobot-5] [INFO] [1748621082.769708880] [spotrobot]: I heard: "{"performative": "query", "sender": "nurse_disinfected1", "receiver": "spotrobot1", "content": "Done|a_authorize_patrol"}"
[spotrobot-5] [INFO] [1748621082.769992217] [spotrobot]: And it is for me
[spotrobot-5] [INFO] [1748621082.770247725] [spotrobot]: Already finished action
[spotrobot-5] [INFO] [1748621082.771622501] [spotrobot]: success
[spotrobot-5] [INFO] [1748621082.772064307] [spotrobot]: Doing a_authorize_disinfect
[spotrobot-5] [INFO] [1748621082.772402618] [spotrobot]: a_authorize_disinfect
[spotrobot-5] [INFO] [1748621082.772712651] [spotrobot]: Here first, waiting for spotrobot
[uvdrobot-4] [INFO] [1748621082.773333182] [uvdrobot]: I heard: "{"performative": "query", "sender": "spotrobot1", "receiver": "uvdrobot1", "content": "Ready|a_authorize_disinfect"}"
[nurse_disinfect-3] [INFO] [1748621082.773353835] [nurse_disinfect]: I heard: "{"performative": "query", "sender": "spotrobot1", "receiver": "uvdrobot1", "content": "Ready|a_authorize_disinfect"}"
[spotrobot-5] [INFO] [1748621082.773505695] [spotrobot]: I heard: "{"performative": "query", "sender": "spotrobot1", "receiver": "uvdrobot1", "content": "Ready|a_authorize_disinfect"}"
[nurse_disinfect-3] [INFO] [1748621082.773641193] [nurse_disinfect]: And it is not for me
[uvdrobot-4] [INFO] [1748621082.773666453] [uvdrobot]: And it is for me
[spotrobot-5] [INFO] [1748621082.773942823] [spotrobot]: And it is not for me
[uvdrobot-4] [INFO] [1748621082.773982863] [uvdrobot]: Ready to act
[spotrobot-5] [INFO] [1748621082.774493258] [spotrobot]: I heard: "{"performative": "query", "sender": "uvdrobot1", "receiver": "spotrobot1", "content": "Done|a_authorize_disinfect"}"
[uvdrobot-4] [INFO] [1748621082.774647743] [uvdrobot]: I heard: "{"performative": "query", "sender": "uvdrobot1", "receiver": "spotrobot1", "content": "Done|a_authorize_disinfect"}"
[spotrobot-5] [INFO] [1748621082.774760051] [spotrobot]: And it is for me
[nurse_disinfect-3] [INFO] [1748621082.774891328] [nurse_disinfect]: I heard: "{"performative": "query", "sender": "uvdrobot1", "receiver": "spotrobot1", "content": "Done|a_authorize_disinfect"}"
[uvdrobot-4] [INFO] [1748621082.774961585] [uvdrobot]: And it is not for me
[spotrobot-5] [INFO] [1748621082.775007643] [spotrobot]: Finished action
[nurse_disinfect-3] [INFO] [1748621082.775434040] [nurse_disinfect]: And it is not for me
[uvdrobot-4] [INFO] [1748621082.775480867] [uvdrobot]: I heard: "{"performative": "query", "sender": "spotrobot1", "receiver": "uvdrobot1", "content": "Done|a_authorize_disinfect"}"
[spotrobot-5] [INFO] [1748621082.775728586] [spotrobot]: I heard: "{"performative": "query", "sender": "spotrobot1", "receiver": "uvdrobot1", "content": "Done|a_authorize_disinfect"}"
[uvdrobot-4] [INFO] [1748621082.775757465] [uvdrobot]: And it is for me
[spotrobot-5] [INFO] [1748621082.776067365] [spotrobot]: And it is not for me
[uvdrobot-4] [INFO] [1748621082.776079460] [uvdrobot]: Finished action
[nurse_disinfect-3] [INFO] [1748621082.776315140] [nurse_disinfect]: I heard: "{"performative": "query", "sender": "spotrobot1", "receiver": "uvdrobot1", "content": "Done|a_authorize_disinfect"}"
[uvdrobot-4] [INFO] [1748621082.776511346] [uvdrobot]: Doing a_navto
[nurse_disinfect-3] [INFO] [1748621082.776823663] [nurse_disinfect]: And it is not for me
[uvdrobot-4] [INFO] [1748621082.776966479] [uvdrobot]: Waiting for response
[spotrobot-5] [INFO] [1748621082.777008996] [spotrobot]: I heard: "{"performative": "query", "sender": "uvdrobot1", "receiver": "spotrobot1", "content": "Done|a_authorize_disinfect"}"
[uvdrobot-4] [INFO] [1748621082.777429938] [uvdrobot]: I heard: "{"performative": "query", "sender": "uvdrobot1", "receiver": "spotrobot1", "content": "Done|a_authorize_disinfect"}"
[spotrobot-5] [INFO] [1748621082.777460769] [spotrobot]: And it is for me
[uvdrobot-4] [INFO] [1748621082.777706545] [uvdrobot]: And it is not for me
[spotrobot-5] [INFO] [1748621082.777741949] [spotrobot]: Already finished action
[nurse_disinfect-3] [INFO] [1748621082.777813040] [nurse_disinfect]: I heard: "{"performative": "query", "sender": "uvdrobot1", "receiver": "spotrobot1", "content": "Done|a_authorize_disinfect"}"
[nurse_disinfect-3] [INFO] [1748621082.778428359] [nurse_disinfect]: And it is not for me
[uvdrobot-4] [INFO] [1748621082.778617344] [uvdrobot]: success
[uvdrobot-4] [INFO] [1748621082.778959885] [uvdrobot]: Doing a_disinfect_room
[uvdrobot-4] [INFO] [1748621082.779477783] [uvdrobot]: Waiting for response
[uvdrobot-4] [INFO] [1748621082.780305627] [uvdrobot]: success
[uvdrobot-4] [INFO] [1748621082.783270254] [uvdrobot]: Recebido sinal de desligamento do coordenador, finalizando...
[spotrobot-5] [INFO] [1748621082.783324412] [spotrobot]: Recebido sinal de desligamento do coordenador, finalizando...
[nurse_disinfect-3] [INFO] [1748621082.783383900] [nurse_disinfect]: Recebido sinal de desligamento do coordenador, finalizando...
[disinfect_planner-2] [INFO] [1748621082.783400676] [disinfect_planner]: Recebido sinal de desligamento do coordenador, finalizando...
[disinfect_environment-1] [INFO] [1748621082.783472789] [disinfect_environment]: Recebido sinal de desligamento do coordenador, finalizando...
[uvdrobot-4] [INFO] [1748621082.783677393] [Quitting]: Done
[nurse_disinfect-3] [INFO] [1748621082.783740018] [Quitting]: Done
[disinfect_planner-2] [INFO] [1748621082.783852458] [Quitting]: Done
[spotrobot-5] [INFO] [1748621082.783943989] [Quitting]: Done
[disinfect_environment-1] [INFO] [1748621082.784017019] [Quitting]: Done
[INFO] [disinfect_environment-1]: process has finished cleanly [pid 34472]
[INFO] [nurse_disinfect-3]: process has finished cleanly [pid 34476]
[INFO] [uvdrobot-4]: process has finished cleanly [pid 34478]
[INFO] [spotrobot-5]: process has finished cleanly [pid 34480]
[INFO] [disinfect_planner-2]: process has finished cleanly [pid 34474]
