[INFO] [launch]: All log files can be found below /home/rafael/.ros/log/2025-05-29-09-20-16-521936-NotebookRafael-12818
[INFO] [launch]: Default logging verbosity is set to INFO
[INFO] [disinfect_environment-1]: process started with pid [12821]
[INFO] [disinfect_planner-2]: process started with pid [12823]
[INFO] [nurse_disinfect-3]: process started with pid [12825]
[INFO] [uvdrobot-4]: process started with pid [12827]
[INFO] [spotrobot-5]: process started with pid [12829]
[disinfect_environment-1] [INFO] [1748521216.803233855] [disinfect_environment]: Starting Environment server
[disinfect_environment-1] [INFO] [1748521216.807779989] [disinfect_environment]: Environment server started
[disinfect_planner-2] [INFO] [1748521217.334287898] [disinfect_planner]: Starting Planner server
[disinfect_planner-2] [INFO] [1748521217.338367081] [disinfect_planner]: Planner server started
[disinfect_planner-2] [INFO] [1748521217.539519511] [disinfect_planner]: Creating plan for: spotrobot1 uvdrobot1 nurse_disinfected1
[disinfect_planner-2] [INFO] [1748521217.541112583] [disinfect_planner]: a_navto,spotrobot1,room1
[disinfect_planner-2] [INFO] [1748521217.541475021] [disinfect_planner]: a_open_door,spotrobot1,room1
[disinfect_planner-2] [INFO] [1748521217.541819252] [disinfect_planner]: a_approach_nurse,spotrobot1,nurse_disinfected1
[disinfect_planner-2] [INFO] [1748521217.542208197] [disinfect_planner]: a_authenticate_nurse,spotrobot1,nurse_disinfected1
[disinfect_planner-2] [INFO] [1748521217.542709256] [disinfect_planner]: a_authorize_patrol,spotrobot1,nurse_disinfected1
[disinfect_planner-2] [INFO] [1748521217.543020848] [disinfect_planner]: a_patrol_room,spotrobot1,room1
[disinfect_planner-2] [INFO] [1748521217.543357527] [disinfect_planner]: a_authorize_disinfect,uvdrobot1,spotrobot1
[disinfect_planner-2] [INFO] [1748521217.543825003] [disinfect_planner]: a_navto,uvdrobot1,room1
[disinfect_planner-2] [INFO] [1748521217.544150599] [disinfect_planner]: a_disinfect_room,uvdrobot1,room1
[disinfect_planner-2] [INFO] [1748521217.544535331] [disinfect_planner]: Sending response
[uvdrobot-4] [INFO] [1748521217.545100456] [uvdrobot]: response.response uvdrobot1
[uvdrobot-4] [INFO] [1748521217.545563748] [uvdrobot]: My name is uvdrobot1
[nurse_disinfect-3] [INFO] [1748521217.546757948] [nurse_disinfect]: response.response nurse_disinfected1
[uvdrobot-4] [INFO] [1748521217.547033117] [uvdrobot]: I heard: "{"performative": "request", "sender": "Coordinator", "receiver": "uvdrobot1", "content": "Plan|a_authorize_disinfect,uvdrobot1,spotrobot1/a_navto,uvdrobot1,room1/a_disinfect_room,uvdrobot1,room1"}"
[nurse_disinfect-3] [INFO] [1748521217.547142057] [nurse_disinfect]: My name is nurse_disinfected1
[uvdrobot-4] [INFO] [1748521217.547370828] [uvdrobot]: And it is for me
[uvdrobot-4] [INFO] [1748521217.547913185] [uvdrobot]: Doing a_authorize_disinfect
[uvdrobot-4] [INFO] [1748521217.548269580] [uvdrobot]: a_authorize_disinfect
[uvdrobot-4] [INFO] [1748521217.548585415] [uvdrobot]: Here first, waiting for spotrobot
[uvdrobot-4] [INFO] [1748521217.549282089] [uvdrobot]: I heard: "{"performative": "request", "sender": "Coordinator", "receiver": "spotrobot1", "content": "Plan|a_navto,spotrobot1,room1/a_open_door,spotrobot1,room1/a_approach_nurse,spotrobot1,nurse_disinfected1/a_authenticate_nurse,spotrobot1,nurse_disinfected1/a_authorize_patrol,spotrobot1,nurse_disinfected1/a_patrol_room,spotrobot1,room1/a_authorize_disinfect,uvdrobot1,spotrobot1"}"
[spotrobot-5] [INFO] [1748521217.549360730] [spotrobot]: response.response spotrobot1
[uvdrobot-4] [INFO] [1748521217.549601068] [uvdrobot]: And it is not for me
[spotrobot-5] [INFO] [1748521217.549710313] [spotrobot]: My name is spotrobot1
[uvdrobot-4] [INFO] [1748521217.549929563] [uvdrobot]: I heard: "{"performative": "query", "sender": "uvdrobot1", "receiver": "spotrobot1", "content": "Ready|a_authorize_disinfect"}"
[uvdrobot-4] [INFO] [1748521217.550260053] [uvdrobot]: And it is not for me
[spotrobot-5] [INFO] [1748521217.550481567] [spotrobot]: I heard: "{"performative": "request", "sender": "Coordinator", "receiver": "uvdrobot1", "content": "Plan|a_authorize_disinfect,uvdrobot1,spotrobot1/a_navto,uvdrobot1,room1/a_disinfect_room,uvdrobot1,room1"}"
[spotrobot-5] [INFO] [1748521217.550780090] [spotrobot]: And it is not for me
[uvdrobot-4] [INFO] [1748521217.551038762] [uvdrobot]: I heard: "{"performative": "request", "sender": "Coordinator", "receiver": "nurse_disinfected1", "content": "Plan|a_approach_nurse,spotrobot1,nurse_disinfected1/a_authenticate_nurse,spotrobot1,nurse_disinfected1/a_authorize_patrol,spotrobot1,nurse_disinfected1"}"
[spotrobot-5] [INFO] [1748521217.551369800] [spotrobot]: I heard: "{"performative": "query", "sender": "uvdrobot1", "receiver": "spotrobot1", "content": "Ready|a_authorize_disinfect"}"
[uvdrobot-4] [INFO] [1748521217.551404683] [uvdrobot]: And it is not for me
[spotrobot-5] [INFO] [1748521217.551696417] [spotrobot]: And it is for me
[spotrobot-5] [INFO] [1748521217.551952396] [spotrobot]: No there yet
[spotrobot-5] [INFO] [1748521217.552594576] [spotrobot]: I heard: "{"performative": "request", "sender": "Coordinator", "receiver": "spotrobot1", "content": "Plan|a_navto,spotrobot1,room1/a_open_door,spotrobot1,room1/a_approach_nurse,spotrobot1,nurse_disinfected1/a_authenticate_nurse,spotrobot1,nurse_disinfected1/a_authorize_patrol,spotrobot1,nurse_disinfected1/a_patrol_room,spotrobot1,room1/a_authorize_disinfect,uvdrobot1,spotrobot1"}"
[spotrobot-5] [INFO] [1748521217.552910187] [spotrobot]: And it is for me
[spotrobot-5] [INFO] [1748521217.553263448] [spotrobot]: Doing a_navto
[spotrobot-5] [INFO] [1748521217.553676148] [spotrobot]: Wating for response
[spotrobot-5] [INFO] [1748521217.554338792] [spotrobot]: I heard: "{"performative": "request", "sender": "Coordinator", "receiver": "nurse_disinfected1", "content": "Plan|a_approach_nurse,spotrobot1,nurse_disinfected1/a_authenticate_nurse,spotrobot1,nurse_disinfected1/a_authorize_patrol,spotrobot1,nurse_disinfected1"}"
[spotrobot-5] [INFO] [1748521217.554696685] [spotrobot]: And it is not for me
[spotrobot-5] [INFO] [1748521217.555953078] [spotrobot]: success
[spotrobot-5] [INFO] [1748521217.556357963] [spotrobot]: Doing a_open_door
[spotrobot-5] [INFO] [1748521217.556767850] [spotrobot]: Wating for response
[spotrobot-5] [INFO] [1748521217.557734117] [spotrobot]: success
[spotrobot-5] [INFO] [1748521217.558349011] [spotrobot]: Doing a_approach_nurse
[spotrobot-5] [INFO] [1748521217.558938341] [spotrobot]: Wating for response
[spotrobot-5] [INFO] [1748521217.560093334] [spotrobot]: success
[spotrobot-5] [INFO] [1748521217.560494668] [spotrobot]: Doing a_authenticate_nurse
[spotrobot-5] [INFO] [1748521217.560808391] [spotrobot]: a_authenticate_nurse
[spotrobot-5] [INFO] [1748521217.561181845] [spotrobot]: Here first, waiting for nurse
[uvdrobot-4] [INFO] [1748521217.561798666] [uvdrobot]: I heard: "{"performative": "query", "sender": "spotrobot1", "receiver": "nurse_disinfected1", "content": "Ready|a_authenticate_nurse"}"
[spotrobot-5] [INFO] [1748521217.561851827] [spotrobot]: I heard: "{"performative": "query", "sender": "spotrobot1", "receiver": "nurse_disinfected1", "content": "Ready|a_authenticate_nurse"}"
[spotrobot-5] [INFO] [1748521217.562178171] [spotrobot]: And it is not for me
[uvdrobot-4] [INFO] [1748521217.562412655] [uvdrobot]: And it is not for me
[nurse_disinfect-3] [INFO] [1748521218.549077806] [nurse_disinfect]: I heard: "{"performative": "request", "sender": "Coordinator", "receiver": "uvdrobot1", "content": "Plan|a_authorize_disinfect,uvdrobot1,spotrobot1/a_navto,uvdrobot1,room1/a_disinfect_room,uvdrobot1,room1"}"
[nurse_disinfect-3] [INFO] [1748521218.549451853] [nurse_disinfect]: And it is not for me
[nurse_disinfect-3] [INFO] [1748521218.550189214] [nurse_disinfect]: I heard: "{"performative": "query", "sender": "uvdrobot1", "receiver": "spotrobot1", "content": "Ready|a_authorize_disinfect"}"
[nurse_disinfect-3] [INFO] [1748521218.550619166] [nurse_disinfect]: And it is not for me
[nurse_disinfect-3] [INFO] [1748521218.551432158] [nurse_disinfect]: I heard: "{"performative": "request", "sender": "Coordinator", "receiver": "spotrobot1", "content": "Plan|a_navto,spotrobot1,room1/a_open_door,spotrobot1,room1/a_approach_nurse,spotrobot1,nurse_disinfected1/a_authenticate_nurse,spotrobot1,nurse_disinfected1/a_authorize_patrol,spotrobot1,nurse_disinfected1/a_patrol_room,spotrobot1,room1/a_authorize_disinfect,uvdrobot1,spotrobot1"}"
[nurse_disinfect-3] [INFO] [1748521218.551835622] [nurse_disinfect]: And it is not for me
[nurse_disinfect-3] [INFO] [1748521218.552232031] [nurse_disinfect]: I heard: "{"performative": "query", "sender": "spotrobot1", "receiver": "nurse_disinfected1", "content": "Ready|a_authenticate_nurse"}"
[nurse_disinfect-3] [INFO] [1748521218.552561218] [nurse_disinfect]: And it is for me
[nurse_disinfect-3] [INFO] [1748521218.552959953] [nurse_disinfect]: No there yet
[nurse_disinfect-3] [INFO] [1748521218.553584218] [nurse_disinfect]: I heard: "{"performative": "request", "sender": "Coordinator", "receiver": "nurse_disinfected1", "content": "Plan|a_approach_nurse,spotrobot1,nurse_disinfected1/a_authenticate_nurse,spotrobot1,nurse_disinfected1/a_authorize_patrol,spotrobot1,nurse_disinfected1"}"
[nurse_disinfect-3] [INFO] [1748521218.553980413] [nurse_disinfect]: And it is for me
[nurse_disinfect-3] [INFO] [1748521218.555447096] [nurse_disinfect]: a_approach_nurse
[nurse_disinfect-3] [INFO] [1748521218.555797740] [nurse_disinfect]: a_authenticate_nurse
[nurse_disinfect-3] [INFO] [1748521218.556304812] [nurse_disinfect]: Doing a_authenticate_nurse
[nurse_disinfect-3] [INFO] [1748521218.556775519] [nurse_disinfect]: a_authenticate_nurse
[nurse_disinfect-3] [INFO] [1748521218.557146491] [nurse_disinfect]: Robot is waiting, send action message
[uvdrobot-4] [INFO] [1748521218.558010183] [uvdrobot]: I heard: "{"performative": "query", "sender": "nurse_disinfected1", "receiver": "spotrobot1", "content": "Done|a_authenticate_nurse"}"
[nurse_disinfect-3] [INFO] [1748521218.558097061] [nurse_disinfect]: I heard: "{"performative": "query", "sender": "nurse_disinfected1", "receiver": "spotrobot1", "content": "Done|a_authenticate_nurse"}"
[spotrobot-5] [INFO] [1748521218.558111663] [spotrobot]: I heard: "{"performative": "query", "sender": "nurse_disinfected1", "receiver": "spotrobot1", "content": "Done|a_authenticate_nurse"}"
[uvdrobot-4] [INFO] [1748521218.558548259] [uvdrobot]: And it is not for me
[nurse_disinfect-3] [INFO] [1748521218.558590082] [nurse_disinfect]: And it is not for me
[spotrobot-5] [INFO] [1748521218.558706043] [spotrobot]: And it is for me
[spotrobot-5] [INFO] [1748521218.559295811] [spotrobot]: Finished action
[spotrobot-5] [INFO] [1748521218.560081244] [spotrobot]: Doing a_authorize_patrol
[uvdrobot-4] [INFO] [1748521218.560156881] [uvdrobot]: I heard: "{"performative": "query", "sender": "spotrobot1", "receiver": "nurse_disinfected1", "content": "Done|a_authenticate_nurse"}"
[nurse_disinfect-3] [INFO] [1748521218.560210566] [nurse_disinfect]: I heard: "{"performative": "query", "sender": "spotrobot1", "receiver": "nurse_disinfected1", "content": "Done|a_authenticate_nurse"}"
[uvdrobot-4] [INFO] [1748521218.560634916] [uvdrobot]: And it is not for me
[nurse_disinfect-3] [INFO] [1748521218.560660595] [nurse_disinfect]: And it is for me
[spotrobot-5] [INFO] [1748521218.560723755] [spotrobot]: a_authorize_patrol
[nurse_disinfect-3] [INFO] [1748521218.561158870] [nurse_disinfect]: Finished action
[spotrobot-5] [INFO] [1748521218.561304871] [spotrobot]: Here first, waiting for nurse
[nurse_disinfect-3] [INFO] [1748521218.561828793] [nurse_disinfect]: a_authorize_patrol
[uvdrobot-4] [INFO] [1748521218.562003197] [uvdrobot]: I heard: "{"performative": "query", "sender": "nurse_disinfected1", "receiver": "spotrobot1", "content": "Done|a_authenticate_nurse"}"
[spotrobot-5] [INFO] [1748521218.562326918] [spotrobot]: I heard: "{"performative": "query", "sender": "spotrobot1", "receiver": "nurse_disinfected1", "content": "Done|a_authenticate_nurse"}"
[nurse_disinfect-3] [INFO] [1748521218.562356914] [nurse_disinfect]: Doing a_authorize_patrol
[uvdrobot-4] [INFO] [1748521218.562506912] [uvdrobot]: And it is not for me
[nurse_disinfect-3] [INFO] [1748521218.562825568] [nurse_disinfect]: a_authorize_patrol
[spotrobot-5] [INFO] [1748521218.562909990] [spotrobot]: And it is not for me
[nurse_disinfect-3] [INFO] [1748521218.563335170] [nurse_disinfect]: Here first, waiting for robot
[uvdrobot-4] [INFO] [1748521218.563335201] [uvdrobot]: I heard: "{"performative": "query", "sender": "spotrobot1", "receiver": "nurse_disinfected1", "content": "Ready|a_authorize_patrol"}"
[spotrobot-5] [INFO] [1748521218.563888791] [spotrobot]: I heard: "{"performative": "query", "sender": "nurse_disinfected1", "receiver": "spotrobot1", "content": "Done|a_authenticate_nurse"}"
[uvdrobot-4] [INFO] [1748521218.563923811] [uvdrobot]: And it is not for me
[nurse_disinfect-3] [INFO] [1748521218.564467617] [nurse_disinfect]: I heard: "{"performative": "query", "sender": "nurse_disinfected1", "receiver": "spotrobot1", "content": "Done|a_authenticate_nurse"}"
[spotrobot-5] [INFO] [1748521218.564476866] [spotrobot]: And it is for me
[uvdrobot-4] [INFO] [1748521218.564797252] [uvdrobot]: I heard: "{"performative": "query", "sender": "nurse_disinfected1", "receiver": "spotrobot1", "content": "Ready|a_authorize_patrol"}"
[nurse_disinfect-3] [INFO] [1748521218.564986337] [nurse_disinfect]: And it is not for me
[spotrobot-5] [INFO] [1748521218.565066595] [spotrobot]: Already finished action
[uvdrobot-4] [INFO] [1748521218.565316800] [uvdrobot]: And it is not for me
[nurse_disinfect-3] [INFO] [1748521218.565883133] [nurse_disinfect]: I heard: "{"performative": "query", "sender": "spotrobot1", "receiver": "nurse_disinfected1", "content": "Ready|a_authorize_patrol"}"
[spotrobot-5] [INFO] [1748521218.566014120] [spotrobot]: I heard: "{"performative": "query", "sender": "spotrobot1", "receiver": "nurse_disinfected1", "content": "Ready|a_authorize_patrol"}"
[nurse_disinfect-3] [INFO] [1748521218.566438083] [nurse_disinfect]: And it is for me
[spotrobot-5] [INFO] [1748521218.566591529] [spotrobot]: And it is not for me
[nurse_disinfect-3] [INFO] [1748521218.566771201] [nurse_disinfect]: Ready to act
[nurse_disinfect-3] [INFO] [1748521218.567497526] [nurse_disinfect]: I heard: "{"performative": "query", "sender": "nurse_disinfected1", "receiver": "spotrobot1", "content": "Ready|a_authorize_patrol"}"
[uvdrobot-4] [INFO] [1748521218.567588721] [uvdrobot]: I heard: "{"performative": "query", "sender": "nurse_disinfected1", "receiver": "spotrobot1", "content": "Done|a_authorize_patrol"}"
[spotrobot-5] [INFO] [1748521218.567621924] [spotrobot]: I heard: "{"performative": "query", "sender": "nurse_disinfected1", "receiver": "spotrobot1", "content": "Ready|a_authorize_patrol"}"
[nurse_disinfect-3] [INFO] [1748521218.567864148] [nurse_disinfect]: And it is not for me
[spotrobot-5] [INFO] [1748521218.568122652] [spotrobot]: And it is for me
[uvdrobot-4] [INFO] [1748521218.568179638] [uvdrobot]: And it is not for me
[nurse_disinfect-3] [INFO] [1748521218.568503117] [nurse_disinfect]: I heard: "{"performative": "query", "sender": "nurse_disinfected1", "receiver": "spotrobot1", "content": "Done|a_authorize_patrol"}"
[spotrobot-5] [INFO] [1748521218.568734821] [spotrobot]: Ready to act
[nurse_disinfect-3] [INFO] [1748521218.568894622] [nurse_disinfect]: And it is not for me
[nurse_disinfect-3] [INFO] [1748521218.569493459] [nurse_disinfect]: I heard: "{"performative": "query", "sender": "spotrobot1", "receiver": "nurse_disinfected1", "content": "Done|a_authorize_patrol"}"
[uvdrobot-4] [INFO] [1748521218.569575650] [uvdrobot]: I heard: "{"performative": "query", "sender": "spotrobot1", "receiver": "nurse_disinfected1", "content": "Done|a_authorize_patrol"}"
[spotrobot-5] [INFO] [1748521218.569638779] [spotrobot]: I heard: "{"performative": "query", "sender": "nurse_disinfected1", "receiver": "spotrobot1", "content": "Done|a_authorize_patrol"}"
[nurse_disinfect-3] [INFO] [1748521218.569834420] [nurse_disinfect]: And it is for me
[spotrobot-5] [INFO] [1748521218.569925226] [spotrobot]: And it is for me
[nurse_disinfect-3] [INFO] [1748521218.570209674] [nurse_disinfect]: Finished action
[uvdrobot-4] [INFO] [1748521218.570232116] [uvdrobot]: And it is not for me
[spotrobot-5] [INFO] [1748521218.570481178] [spotrobot]: Finished action
[uvdrobot-4] [INFO] [1748521218.570910719] [uvdrobot]: I heard: "{"performative": "query", "sender": "nurse_disinfected1", "receiver": "spotrobot1", "content": "Done|a_authorize_patrol"}"
[nurse_disinfect-3] [INFO] [1748521218.570925927] [nurse_disinfect]: I heard: "{"performative": "query", "sender": "nurse_disinfected1", "receiver": "spotrobot1", "content": "Done|a_authorize_patrol"}"
[spotrobot-5] [INFO] [1748521218.571177366] [spotrobot]: Doing a_patrol_room
[uvdrobot-4] [INFO] [1748521218.571267104] [uvdrobot]: And it is not for me
[nurse_disinfect-3] [INFO] [1748521218.571338675] [nurse_disinfect]: And it is not for me
[uvdrobot-4] [INFO] [1748521218.571883117] [uvdrobot]: I heard: "{"performative": "query", "sender": "spotrobot1", "receiver": "nurse_disinfected1", "content": "Done|a_authorize_patrol"}"
[spotrobot-5] [INFO] [1748521218.571892929] [spotrobot]: Wating for response
[uvdrobot-4] [INFO] [1748521218.572170956] [uvdrobot]: And it is not for me
[nurse_disinfect-3] [INFO] [1748521218.572337951] [nurse_disinfect]: I heard: "{"performative": "query", "sender": "spotrobot1", "receiver": "nurse_disinfected1", "content": "Done|a_authorize_patrol"}"
[spotrobot-5] [INFO] [1748521218.572772024] [spotrobot]: I heard: "{"performative": "query", "sender": "spotrobot1", "receiver": "nurse_disinfected1", "content": "Done|a_authorize_patrol"}"
[nurse_disinfect-3] [INFO] [1748521218.572901542] [nurse_disinfect]: And it is for me
[spotrobot-5] [INFO] [1748521218.573295464] [spotrobot]: And it is not for me
[nurse_disinfect-3] [INFO] [1748521218.573395234] [nurse_disinfect]: Already finished action
[spotrobot-5] [INFO] [1748521218.574208862] [spotrobot]: I heard: "{"performative": "query", "sender": "nurse_disinfected1", "receiver": "spotrobot1", "content": "Done|a_authorize_patrol"}"
[spotrobot-5] [INFO] [1748521218.574769631] [spotrobot]: And it is for me
[spotrobot-5] [INFO] [1748521218.575230441] [spotrobot]: Already finished action
[spotrobot-5] [INFO] [1748521218.575814263] [spotrobot]: I heard: "{"performative": "query", "sender": "spotrobot1", "receiver": "nurse_disinfected1", "content": "Done|a_authorize_patrol"}"
[spotrobot-5] [INFO] [1748521218.576140705] [spotrobot]: And it is not for me
[spotrobot-5] [INFO] [1748521218.577386024] [spotrobot]: dirty room
[uvdrobot-4] [INFO] [1748521218.579277988] [uvdrobot]: I heard: "{"performative": "request", "sender": "Coordinator", "receiver": "nurse_disinfected1", "content": "Start|nurse_disinfected1,room1,spotrobot1,uvdrobot1"}"
[spotrobot-5] [INFO] [1748521218.579318432] [spotrobot]: I heard: "{"performative": "request", "sender": "Coordinator", "receiver": "nurse_disinfected1", "content": "Start|nurse_disinfected1,room1,spotrobot1,uvdrobot1"}"
[nurse_disinfect-3] [INFO] [1748521218.579352088] [nurse_disinfect]: I heard: "{"performative": "request", "sender": "Coordinator", "receiver": "nurse_disinfected1", "content": "Start|nurse_disinfected1,room1,spotrobot1,uvdrobot1"}"
[nurse_disinfect-3] [INFO] [1748521218.579653881] [nurse_disinfect]: And it is for me
[spotrobot-5] [INFO] [1748521218.579653768] [spotrobot]: And it is not for me
[uvdrobot-4] [INFO] [1748521218.579831838] [uvdrobot]: And it is not for me
[nurse_disinfect-3] [INFO] [1748521218.579951810] [nurse_disinfect]: nurse_disinfected1
[spotrobot-5] [INFO] [1748521218.580160091] [spotrobot]: I heard: "{"performative": "request", "sender": "Coordinator", "receiver": "room1", "content": "Start|nurse_disinfected1,room1,spotrobot1,uvdrobot1"}"
[spotrobot-5] [INFO] [1748521218.580480364] [spotrobot]: And it is not for me
[nurse_disinfect-3] [INFO] [1748521218.580548731] [nurse_disinfect]: I heard: "{"performative": "request", "sender": "Coordinator", "receiver": "room1", "content": "Start|nurse_disinfected1,room1,spotrobot1,uvdrobot1"}"
[uvdrobot-4] [INFO] [1748521218.580723282] [uvdrobot]: I heard: "{"performative": "request", "sender": "Coordinator", "receiver": "room1", "content": "Start|nurse_disinfected1,room1,spotrobot1,uvdrobot1"}"
[nurse_disinfect-3] [INFO] [1748521218.580971064] [nurse_disinfect]: And it is not for me
[spotrobot-5] [INFO] [1748521218.580981801] [spotrobot]: I heard: "{"performative": "request", "sender": "Coordinator", "receiver": "spotrobot1", "content": "Start|nurse_disinfected1,room1,spotrobot1,uvdrobot1"}"
[uvdrobot-4] [INFO] [1748521218.581262788] [uvdrobot]: And it is not for me
[spotrobot-5] [INFO] [1748521218.581269728] [spotrobot]: And it is for me
[nurse_disinfect-3] [INFO] [1748521218.581523659] [nurse_disinfect]: I heard: "{"performative": "request", "sender": "Coordinator", "receiver": "spotrobot1", "content": "Start|nurse_disinfected1,room1,spotrobot1,uvdrobot1"}"
[spotrobot-5] [INFO] [1748521218.581638909] [spotrobot]: 
[nurse_disinfect-3] [INFO] [1748521218.581809979] [nurse_disinfect]: And it is not for me
[uvdrobot-4] [INFO] [1748521218.582226642] [uvdrobot]: I heard: "{"performative": "request", "sender": "Coordinator", "receiver": "spotrobot1", "content": "Start|nurse_disinfected1,room1,spotrobot1,uvdrobot1"}"
[nurse_disinfect-3] [INFO] [1748521218.582367780] [nurse_disinfect]: I heard: "{"performative": "request", "sender": "Coordinator", "receiver": "uvdrobot1", "content": "Start|nurse_disinfected1,room1,spotrobot1,uvdrobot1"}"
[spotrobot-5] [INFO] [1748521218.582401473] [spotrobot]: I heard: "{"performative": "request", "sender": "Coordinator", "receiver": "uvdrobot1", "content": "Start|nurse_disinfected1,room1,spotrobot1,uvdrobot1"}"
[disinfect_planner-2] [INFO] [1748521218.582401567] [disinfect_planner]: Recebido sinal de desligamento do coordenador, finalizando...
[disinfect_environment-1] [INFO] [1748521218.582581068] [disinfect_environment]: Recebido sinal de desligamento do coordenador, finalizando...
[nurse_disinfect-3] [INFO] [1748521218.582687186] [nurse_disinfect]: And it is not for me
[disinfect_planner-2] [INFO] [1748521218.582731298] [Quitting]: Done
[uvdrobot-4] [INFO] [1748521218.582780833] [uvdrobot]: And it is not for me
[spotrobot-5] [INFO] [1748521218.582853428] [spotrobot]: And it is not for me
[disinfect_environment-1] [INFO] [1748521218.583103642] [Quitting]: Done
[nurse_disinfect-3] [INFO] [1748521218.583257978] [nurse_disinfect]: Recebido sinal de desligamento do coordenador, finalizando...
[spotrobot-5] [INFO] [1748521218.583530465] [spotrobot]: Recebido sinal de desligamento do coordenador, finalizando...
[uvdrobot-4] [INFO] [1748521218.583743801] [uvdrobot]: I heard: "{"performative": "request", "sender": "Coordinator", "receiver": "uvdrobot1", "content": "Start|nurse_disinfected1,room1,spotrobot1,uvdrobot1"}"
[nurse_disinfect-3] [INFO] [1748521218.583894378] [Quitting]: Done
[spotrobot-5] [INFO] [1748521218.584159806] [Quitting]: Done
[uvdrobot-4] [INFO] [1748521218.584267796] [uvdrobot]: And it is for me
[uvdrobot-4] [INFO] [1748521218.585049871] [uvdrobot]: Recebido sinal de desligamento do coordenador, finalizando...
[uvdrobot-4] [INFO] [1748521218.585742760] [Quitting]: Done
[INFO] [nurse_disinfect-3]: process has finished cleanly [pid 12825]
[INFO] [spotrobot-5]: process has finished cleanly [pid 12829]
[INFO] [uvdrobot-4]: process has finished cleanly [pid 12827]
[INFO] [disinfect_environment-1]: process has finished cleanly [pid 12821]
