[INFO] [launch]: All log files can be found below /home/rafael/.ros/log/2025-05-30-13-11-15-130246-NotebookRafael-40960
[INFO] [launch]: Default logging verbosity is set to INFO
[INFO] [disinfect_environment-1]: process started with pid [40963]
[INFO] [disinfect_planner-2]: process started with pid [40965]
[INFO] [nurse_disinfect-3]: process started with pid [40967]
[INFO] [uvdrobot-4]: process started with pid [40969]
[INFO] [spotrobot-5]: process started with pid [40971]
[disinfect_environment-1] [INFO] [1748621475.401025175] [disinfect_environment]: Starting Environment server
[disinfect_environment-1] [INFO] [1748621475.405025335] [disinfect_environment]: Environment server started
[disinfect_planner-2] [INFO] [1748621475.952228149] [disinfect_planner]: Starting Planner server
[disinfect_planner-2] [INFO] [1748621475.956248434] [disinfect_planner]: Planner server started
[disinfect_planner-2] [INFO] [1748621476.149086537] [disinfect_planner]: Creating plan for: spotrobot1 uvdrobot1 nurse_disinfected1
[disinfect_planner-2] [INFO] [1748621476.150695134] [disinfect_planner]: a_navto,spotrobot1,room1
[disinfect_planner-2] [INFO] [1748621476.151012444] [disinfect_planner]: a_open_door,spotrobot1,room1
[disinfect_planner-2] [INFO] [1748621476.151260033] [disinfect_planner]: a_approach_nurse,spotrobot1,nurse_disinfected1
[disinfect_planner-2] [INFO] [1748621476.151539831] [disinfect_planner]: a_authenticate_nurse,spotrobot1,nurse_disinfected1
[disinfect_planner-2] [INFO] [1748621476.151871849] [disinfect_planner]: a_authorize_patrol,spotrobot1,nurse_disinfected1
[disinfect_planner-2] [INFO] [1748621476.152161478] [disinfect_planner]: a_patrol_room,spotrobot1,room1
[disinfect_planner-2] [INFO] [1748621476.152449333] [disinfect_planner]: a_authorize_disinfect,uvdrobot1,spotrobot1
[disinfect_planner-2] [INFO] [1748621476.152738406] [disinfect_planner]: a_navto,uvdrobot1,room1
[disinfect_planner-2] [INFO] [1748621476.153023459] [disinfect_planner]: a_disinfect_room,uvdrobot1,room1
[disinfect_planner-2] [INFO] [1748621476.153334382] [disinfect_planner]: Sending response
[nurse_disinfect-3] [INFO] [1748621476.154345836] [nurse_disinfect]: response.response nurse_disinfected1
[nurse_disinfect-3] [INFO] [1748621476.154698289] [nurse_disinfect]: My name is nurse_disinfected1
[spotrobot-5] [INFO] [1748621476.155578407] [spotrobot]: response.response spotrobot1
[spotrobot-5] [INFO] [1748621476.155925416] [spotrobot]: My name is spotrobot1
[spotrobot-5] [INFO] [1748621476.156589632] [spotrobot]: I heard: "{"performative": "request", "sender": "Coordinator", "receiver": "uvdrobot1", "content": "Plan|a_authorize_disinfect,uvdrobot1,spotrobot1/a_navto,uvdrobot1,room1/a_disinfect_room,uvdrobot1,room1"}"
[uvdrobot-4] [INFO] [1748621476.156892809] [uvdrobot]: response.response uvdrobot1
[spotrobot-5] [INFO] [1748621476.156906508] [spotrobot]: And it is not for me
[uvdrobot-4] [INFO] [1748621476.157313964] [uvdrobot]: My name is uvdrobot1
[spotrobot-5] [INFO] [1748621476.157456349] [spotrobot]: I heard: "{"performative": "request", "sender": "Coordinator", "receiver": "spotrobot1", "content": "Plan|a_navto,spotrobot1,room1/a_open_door,spotrobot1,room1/a_approach_nurse,spotrobot1,nurse_disinfected1/a_authenticate_nurse,spotrobot1,nurse_disinfected1/a_authorize_patrol,spotrobot1,nurse_disinfected1/a_patrol_room,spotrobot1,room1/a_authorize_disinfect,uvdrobot1,spotrobot1"}"
[spotrobot-5] [INFO] [1748621476.157712910] [spotrobot]: And it is for me
[spotrobot-5] [INFO] [1748621476.158055306] [spotrobot]: Doing a_navto
[uvdrobot-4] [INFO] [1748621476.158064562] [uvdrobot]: I heard: "{"performative": "request", "sender": "Coordinator", "receiver": "uvdrobot1", "content": "Plan|a_authorize_disinfect,uvdrobot1,spotrobot1/a_navto,uvdrobot1,room1/a_disinfect_room,uvdrobot1,room1"}"
[spotrobot-5] [INFO] [1748621476.158473650] [spotrobot]: Wating for response
[uvdrobot-4] [INFO] [1748621476.158660283] [uvdrobot]: And it is for me
[spotrobot-5] [INFO] [1748621476.158924892] [spotrobot]: I heard: "{"performative": "request", "sender": "Coordinator", "receiver": "nurse_disinfected1", "content": "Plan|a_approach_nurse,spotrobot1,nurse_disinfected1/a_authenticate_nurse,spotrobot1,nurse_disinfected1/a_authorize_patrol,spotrobot1,nurse_disinfected1"}"
[uvdrobot-4] [INFO] [1748621476.159105458] [uvdrobot]: Doing a_authorize_disinfect
[spotrobot-5] [INFO] [1748621476.159204020] [spotrobot]: And it is not for me
[uvdrobot-4] [INFO] [1748621476.159430589] [uvdrobot]: a_authorize_disinfect
[uvdrobot-4] [INFO] [1748621476.159719661] [uvdrobot]: Here first, waiting for spotrobot
[spotrobot-5] [INFO] [1748621476.159923437] [spotrobot]: success
[spotrobot-5] [INFO] [1748621476.160288919] [spotrobot]: Doing a_open_door
[uvdrobot-4] [INFO] [1748621476.160433587] [uvdrobot]: I heard: "{"performative": "request", "sender": "Coordinator", "receiver": "spotrobot1", "content": "Plan|a_navto,spotrobot1,room1/a_open_door,spotrobot1,room1/a_approach_nurse,spotrobot1,nurse_disinfected1/a_authenticate_nurse,spotrobot1,nurse_disinfected1/a_authorize_patrol,spotrobot1,nurse_disinfected1/a_patrol_room,spotrobot1,room1/a_authorize_disinfect,uvdrobot1,spotrobot1"}"
[spotrobot-5] [INFO] [1748621476.160684148] [spotrobot]: Wating for response
[uvdrobot-4] [INFO] [1748621476.160699139] [uvdrobot]: And it is not for me
[spotrobot-5] [INFO] [1748621476.161200186] [spotrobot]: I heard: "{"performative": "query", "sender": "uvdrobot1", "receiver": "spotrobot1", "content": "Ready|a_authorize_disinfect"}"
[uvdrobot-4] [INFO] [1748621476.161312777] [uvdrobot]: I heard: "{"performative": "query", "sender": "uvdrobot1", "receiver": "spotrobot1", "content": "Ready|a_authorize_disinfect"}"
[spotrobot-5] [INFO] [1748621476.161470804] [spotrobot]: And it is for me
[uvdrobot-4] [INFO] [1748621476.161642540] [uvdrobot]: And it is not for me
[spotrobot-5] [INFO] [1748621476.161716242] [spotrobot]: No there yet
[uvdrobot-4] [INFO] [1748621476.162166521] [uvdrobot]: I heard: "{"performative": "request", "sender": "Coordinator", "receiver": "nurse_disinfected1", "content": "Plan|a_approach_nurse,spotrobot1,nurse_disinfected1/a_authenticate_nurse,spotrobot1,nurse_disinfected1/a_authorize_patrol,spotrobot1,nurse_disinfected1"}"
[spotrobot-5] [INFO] [1748621476.162394288] [spotrobot]: success
[uvdrobot-4] [INFO] [1748621476.162425620] [uvdrobot]: And it is not for me
[spotrobot-5] [INFO] [1748621476.162702777] [spotrobot]: Doing a_approach_nurse
[spotrobot-5] [INFO] [1748621476.163125564] [spotrobot]: Wating for response
[spotrobot-5] [INFO] [1748621476.163879067] [spotrobot]: success
[spotrobot-5] [INFO] [1748621476.164316865] [spotrobot]: Doing a_authenticate_nurse
[spotrobot-5] [INFO] [1748621476.164622504] [spotrobot]: a_authenticate_nurse
[spotrobot-5] [INFO] [1748621476.164920813] [spotrobot]: Here first, waiting for nurse
[uvdrobot-4] [INFO] [1748621476.165500320] [uvdrobot]: I heard: "{"performative": "query", "sender": "spotrobot1", "receiver": "nurse_disinfected1", "content": "Ready|a_authenticate_nurse"}"
[spotrobot-5] [INFO] [1748621476.165590557] [spotrobot]: I heard: "{"performative": "query", "sender": "spotrobot1", "receiver": "nurse_disinfected1", "content": "Ready|a_authenticate_nurse"}"
[uvdrobot-4] [INFO] [1748621476.165819639] [uvdrobot]: And it is not for me
[spotrobot-5] [INFO] [1748621476.165968870] [spotrobot]: And it is not for me
[nurse_disinfect-3] [INFO] [1748621477.157047480] [nurse_disinfect]: I heard: "{"performative": "request", "sender": "Coordinator", "receiver": "uvdrobot1", "content": "Plan|a_authorize_disinfect,uvdrobot1,spotrobot1/a_navto,uvdrobot1,room1/a_disinfect_room,uvdrobot1,room1"}"
[nurse_disinfect-3] [INFO] [1748621477.157509467] [nurse_disinfect]: And it is not for me
[nurse_disinfect-3] [INFO] [1748621477.158016306] [nurse_disinfect]: I heard: "{"performative": "query", "sender": "uvdrobot1", "receiver": "spotrobot1", "content": "Ready|a_authorize_disinfect"}"
[nurse_disinfect-3] [INFO] [1748621477.158362580] [nurse_disinfect]: And it is not for me
[nurse_disinfect-3] [INFO] [1748621477.159150132] [nurse_disinfect]: I heard: "{"performative": "request", "sender": "Coordinator", "receiver": "spotrobot1", "content": "Plan|a_navto,spotrobot1,room1/a_open_door,spotrobot1,room1/a_approach_nurse,spotrobot1,nurse_disinfected1/a_authenticate_nurse,spotrobot1,nurse_disinfected1/a_authorize_patrol,spotrobot1,nurse_disinfected1/a_patrol_room,spotrobot1,room1/a_authorize_disinfect,uvdrobot1,spotrobot1"}"
[nurse_disinfect-3] [INFO] [1748621477.159531058] [nurse_disinfect]: And it is not for me
[nurse_disinfect-3] [INFO] [1748621477.159945902] [nurse_disinfect]: I heard: "{"performative": "query", "sender": "spotrobot1", "receiver": "nurse_disinfected1", "content": "Ready|a_authenticate_nurse"}"
[nurse_disinfect-3] [INFO] [1748621477.160264004] [nurse_disinfect]: And it is for me
[nurse_disinfect-3] [INFO] [1748621477.160611211] [nurse_disinfect]: No there yet
[nurse_disinfect-3] [INFO] [1748621477.161436360] [nurse_disinfect]: I heard: "{"performative": "request", "sender": "Coordinator", "receiver": "nurse_disinfected1", "content": "Plan|a_approach_nurse,spotrobot1,nurse_disinfected1/a_authenticate_nurse,spotrobot1,nurse_disinfected1/a_authorize_patrol,spotrobot1,nurse_disinfected1"}"
[nurse_disinfect-3] [INFO] [1748621477.161754387] [nurse_disinfect]: And it is for me
[nurse_disinfect-3] [INFO] [1748621477.163003389] [nurse_disinfect]: a_approach_nurse
[nurse_disinfect-3] [INFO] [1748621477.163330492] [nurse_disinfect]: a_authenticate_nurse
[nurse_disinfect-3] [INFO] [1748621477.163629357] [nurse_disinfect]: Doing a_authenticate_nurse
[nurse_disinfect-3] [INFO] [1748621477.163933110] [nurse_disinfect]: a_authenticate_nurse
[nurse_disinfect-3] [INFO] [1748621477.164273279] [nurse_disinfect]: Robot is waiting, send action message
[spotrobot-5] [INFO] [1748621477.164910930] [spotrobot]: I heard: "{"performative": "query", "sender": "nurse_disinfected1", "receiver": "spotrobot1", "content": "Done|a_authenticate_nurse"}"
[nurse_disinfect-3] [INFO] [1748621477.164923390] [nurse_disinfect]: I heard: "{"performative": "query", "sender": "nurse_disinfected1", "receiver": "spotrobot1", "content": "Done|a_authenticate_nurse"}"
[uvdrobot-4] [INFO] [1748621477.165182039] [uvdrobot]: I heard: "{"performative": "query", "sender": "nurse_disinfected1", "receiver": "spotrobot1", "content": "Done|a_authenticate_nurse"}"
[spotrobot-5] [INFO] [1748621477.165269100] [spotrobot]: And it is for me
[nurse_disinfect-3] [INFO] [1748621477.165334658] [nurse_disinfect]: And it is not for me
[spotrobot-5] [INFO] [1748621477.165539445] [spotrobot]: Finished action
[uvdrobot-4] [INFO] [1748621477.165685670] [uvdrobot]: And it is not for me
[spotrobot-5] [INFO] [1748621477.166098146] [spotrobot]: Doing a_authorize_patrol
[nurse_disinfect-3] [INFO] [1748621477.166302917] [nurse_disinfect]: I heard: "{"performative": "query", "sender": "spotrobot1", "receiver": "nurse_disinfected1", "content": "Done|a_authenticate_nurse"}"
[uvdrobot-4] [INFO] [1748621477.166358754] [uvdrobot]: I heard: "{"performative": "query", "sender": "spotrobot1", "receiver": "nurse_disinfected1", "content": "Done|a_authenticate_nurse"}"
[nurse_disinfect-3] [INFO] [1748621477.166625076] [nurse_disinfect]: And it is for me
[spotrobot-5] [INFO] [1748621477.166655355] [spotrobot]: a_authorize_patrol
[uvdrobot-4] [INFO] [1748621477.166891170] [uvdrobot]: And it is not for me
[nurse_disinfect-3] [INFO] [1748621477.166897987] [nurse_disinfect]: Finished action
[spotrobot-5] [INFO] [1748621477.166931389] [spotrobot]: Here first, waiting for nurse
[nurse_disinfect-3] [INFO] [1748621477.167479443] [nurse_disinfect]: a_authorize_patrol
[spotrobot-5] [INFO] [1748621477.167556858] [spotrobot]: I heard: "{"performative": "query", "sender": "spotrobot1", "receiver": "nurse_disinfected1", "content": "Done|a_authenticate_nurse"}"
[uvdrobot-4] [INFO] [1748621477.167775756] [uvdrobot]: I heard: "{"performative": "query", "sender": "nurse_disinfected1", "receiver": "spotrobot1", "content": "Done|a_authenticate_nurse"}"
[spotrobot-5] [INFO] [1748621477.167835184] [spotrobot]: And it is not for me
[nurse_disinfect-3] [INFO] [1748621477.167930128] [nurse_disinfect]: Doing a_authorize_patrol
[uvdrobot-4] [INFO] [1748621477.168319455] [uvdrobot]: And it is not for me
[spotrobot-5] [INFO] [1748621477.168330343] [spotrobot]: I heard: "{"performative": "query", "sender": "nurse_disinfected1", "receiver": "spotrobot1", "content": "Done|a_authenticate_nurse"}"
[nurse_disinfect-3] [INFO] [1748621477.168478186] [nurse_disinfect]: a_authorize_patrol
[spotrobot-5] [INFO] [1748621477.168655757] [spotrobot]: And it is for me
[nurse_disinfect-3] [INFO] [1748621477.168785788] [nurse_disinfect]: Here first, waiting for robot
[spotrobot-5] [INFO] [1748621477.168981803] [spotrobot]: Already finished action
[uvdrobot-4] [INFO] [1748621477.169320925] [uvdrobot]: I heard: "{"performative": "query", "sender": "spotrobot1", "receiver": "nurse_disinfected1", "content": "Ready|a_authorize_patrol"}"
[spotrobot-5] [INFO] [1748621477.169496624] [spotrobot]: I heard: "{"performative": "query", "sender": "spotrobot1", "receiver": "nurse_disinfected1", "content": "Ready|a_authorize_patrol"}"
[nurse_disinfect-3] [INFO] [1748621477.169562830] [nurse_disinfect]: I heard: "{"performative": "query", "sender": "nurse_disinfected1", "receiver": "spotrobot1", "content": "Done|a_authenticate_nurse"}"
[spotrobot-5] [INFO] [1748621477.169764280] [spotrobot]: And it is not for me
[uvdrobot-4] [INFO] [1748621477.169824604] [uvdrobot]: And it is not for me
[nurse_disinfect-3] [INFO] [1748621477.169890311] [nurse_disinfect]: And it is not for me
[spotrobot-5] [INFO] [1748621477.170274025] [spotrobot]: I heard: "{"performative": "query", "sender": "nurse_disinfected1", "receiver": "spotrobot1", "content": "Ready|a_authorize_patrol"}"
[spotrobot-5] [INFO] [1748621477.170595495] [spotrobot]: And it is for me
[nurse_disinfect-3] [INFO] [1748621477.170643059] [nurse_disinfect]: I heard: "{"performative": "query", "sender": "spotrobot1", "receiver": "nurse_disinfected1", "content": "Ready|a_authorize_patrol"}"
[uvdrobot-4] [INFO] [1748621477.170791657] [uvdrobot]: I heard: "{"performative": "query", "sender": "nurse_disinfected1", "receiver": "spotrobot1", "content": "Ready|a_authorize_patrol"}"
[spotrobot-5] [INFO] [1748621477.170942458] [spotrobot]: Ready to act
[nurse_disinfect-3] [INFO] [1748621477.171104707] [nurse_disinfect]: And it is for me
[uvdrobot-4] [INFO] [1748621477.171328431] [uvdrobot]: And it is not for me
[nurse_disinfect-3] [INFO] [1748621477.171590686] [nurse_disinfect]: Ready to act
[spotrobot-5] [INFO] [1748621477.171596116] [spotrobot]: I heard: "{"performative": "query", "sender": "spotrobot1", "receiver": "nurse_disinfected1", "content": "Done|a_authorize_patrol"}"
[spotrobot-5] [INFO] [1748621477.171863442] [spotrobot]: And it is not for me
[uvdrobot-4] [INFO] [1748621477.172264529] [uvdrobot]: I heard: "{"performative": "query", "sender": "spotrobot1", "receiver": "nurse_disinfected1", "content": "Done|a_authorize_patrol"}"
[nurse_disinfect-3] [INFO] [1748621477.172302933] [nurse_disinfect]: I heard: "{"performative": "query", "sender": "nurse_disinfected1", "receiver": "spotrobot1", "content": "Ready|a_authorize_patrol"}"
[spotrobot-5] [INFO] [1748621477.172390867] [spotrobot]: I heard: "{"performative": "query", "sender": "nurse_disinfected1", "receiver": "spotrobot1", "content": "Done|a_authorize_patrol"}"
[nurse_disinfect-3] [INFO] [1748621477.172575646] [nurse_disinfect]: And it is not for me
[spotrobot-5] [INFO] [1748621477.172666071] [spotrobot]: And it is for me
[uvdrobot-4] [INFO] [1748621477.172832664] [uvdrobot]: And it is not for me
[spotrobot-5] [INFO] [1748621477.172918669] [spotrobot]: Finished action
[nurse_disinfect-3] [INFO] [1748621477.173146328] [nurse_disinfect]: I heard: "{"performative": "query", "sender": "spotrobot1", "receiver": "nurse_disinfected1", "content": "Done|a_authorize_patrol"}"
[spotrobot-5] [INFO] [1748621477.173332975] [spotrobot]: Doing a_patrol_room
[nurse_disinfect-3] [INFO] [1748621477.173703557] [nurse_disinfect]: And it is for me
[uvdrobot-4] [INFO] [1748621477.173756177] [uvdrobot]: I heard: "{"performative": "query", "sender": "nurse_disinfected1", "receiver": "spotrobot1", "content": "Done|a_authorize_patrol"}"
[spotrobot-5] [INFO] [1748621477.173780113] [spotrobot]: Wating for response
[nurse_disinfect-3] [INFO] [1748621477.174244982] [nurse_disinfect]: Finished action
[uvdrobot-4] [INFO] [1748621477.174263280] [uvdrobot]: And it is not for me
[spotrobot-5] [INFO] [1748621477.174540890] [spotrobot]: I heard: "{"performative": "query", "sender": "spotrobot1", "receiver": "nurse_disinfected1", "content": "Done|a_authorize_patrol"}"
[nurse_disinfect-3] [INFO] [1748621477.174977551] [nurse_disinfect]: I heard: "{"performative": "query", "sender": "nurse_disinfected1", "receiver": "spotrobot1", "content": "Done|a_authorize_patrol"}"
[spotrobot-5] [INFO] [1748621477.175109780] [spotrobot]: And it is not for me
[uvdrobot-4] [INFO] [1748621477.175195614] [uvdrobot]: I heard: "{"performative": "query", "sender": "spotrobot1", "receiver": "nurse_disinfected1", "content": "Done|a_authorize_patrol"}"
[nurse_disinfect-3] [INFO] [1748621477.175465511] [nurse_disinfect]: And it is not for me
[spotrobot-5] [INFO] [1748621477.175610760] [spotrobot]: I heard: "{"performative": "query", "sender": "nurse_disinfected1", "receiver": "spotrobot1", "content": "Done|a_authorize_patrol"}"
[uvdrobot-4] [INFO] [1748621477.175727030] [uvdrobot]: And it is not for me
[spotrobot-5] [INFO] [1748621477.175885520] [spotrobot]: And it is for me
[nurse_disinfect-3] [INFO] [1748621477.176090347] [nurse_disinfect]: I heard: "{"performative": "query", "sender": "spotrobot1", "receiver": "nurse_disinfected1", "content": "Done|a_authorize_patrol"}"
[spotrobot-5] [INFO] [1748621477.176213830] [spotrobot]: Already finished action
[nurse_disinfect-3] [INFO] [1748621477.176455047] [nurse_disinfect]: And it is for me
[uvdrobot-4] [INFO] [1748621477.176651590] [uvdrobot]: I heard: "{"performative": "query", "sender": "nurse_disinfected1", "receiver": "spotrobot1", "content": "Done|a_authorize_patrol"}"
[spotrobot-5] [INFO] [1748621477.176874159] [spotrobot]: success
[nurse_disinfect-3] [INFO] [1748621477.176962282] [nurse_disinfect]: Already finished action
[uvdrobot-4] [INFO] [1748621477.177174845] [uvdrobot]: And it is not for me
[spotrobot-5] [INFO] [1748621477.177192412] [spotrobot]: Doing a_authorize_disinfect
[spotrobot-5] [INFO] [1748621477.177453002] [spotrobot]: a_authorize_disinfect
[nurse_disinfect-3] [INFO] [1748621477.177517293] [nurse_disinfect]: I heard: "{"performative": "query", "sender": "nurse_disinfected1", "receiver": "spotrobot1", "content": "Done|a_authorize_patrol"}"
[spotrobot-5] [INFO] [1748621477.177705676] [spotrobot]: Here first, waiting for spotrobot
[nurse_disinfect-3] [INFO] [1748621477.177786082] [nurse_disinfect]: And it is not for me
[nurse_disinfect-3] [INFO] [1748621477.178284524] [nurse_disinfect]: I heard: "{"performative": "query", "sender": "spotrobot1", "receiver": "uvdrobot1", "content": "Ready|a_authorize_disinfect"}"
[spotrobot-5] [INFO] [1748621477.178298567] [spotrobot]: I heard: "{"performative": "query", "sender": "spotrobot1", "receiver": "uvdrobot1", "content": "Ready|a_authorize_disinfect"}"
[uvdrobot-4] [INFO] [1748621477.178486124] [uvdrobot]: I heard: "{"performative": "query", "sender": "spotrobot1", "receiver": "uvdrobot1", "content": "Ready|a_authorize_disinfect"}"
[spotrobot-5] [INFO] [1748621477.178567921] [spotrobot]: And it is not for me
[nurse_disinfect-3] [INFO] [1748621477.178620429] [nurse_disinfect]: And it is not for me
[uvdrobot-4] [INFO] [1748621477.179004209] [uvdrobot]: And it is for me
[uvdrobot-4] [INFO] [1748621477.179526549] [uvdrobot]: Ready to act
[spotrobot-5] [INFO] [1748621477.180142960] [spotrobot]: I heard: "{"performative": "query", "sender": "uvdrobot1", "receiver": "spotrobot1", "content": "Done|a_authorize_disinfect"}"
[nurse_disinfect-3] [INFO] [1748621477.180162183] [nurse_disinfect]: I heard: "{"performative": "query", "sender": "uvdrobot1", "receiver": "spotrobot1", "content": "Done|a_authorize_disinfect"}"
[uvdrobot-4] [INFO] [1748621477.180511621] [uvdrobot]: I heard: "{"performative": "query", "sender": "uvdrobot1", "receiver": "spotrobot1", "content": "Done|a_authorize_disinfect"}"
[spotrobot-5] [INFO] [1748621477.180641421] [spotrobot]: And it is for me
[nurse_disinfect-3] [INFO] [1748621477.180781832] [nurse_disinfect]: And it is not for me
[uvdrobot-4] [INFO] [1748621477.180830148] [uvdrobot]: And it is not for me
[spotrobot-5] [INFO] [1748621477.181032320] [spotrobot]: Finished action
[uvdrobot-4] [INFO] [1748621477.181649995] [uvdrobot]: I heard: "{"performative": "query", "sender": "spotrobot1", "receiver": "uvdrobot1", "content": "Done|a_authorize_disinfect"}"
[nurse_disinfect-3] [INFO] [1748621477.181668616] [nurse_disinfect]: I heard: "{"performative": "query", "sender": "spotrobot1", "receiver": "uvdrobot1", "content": "Done|a_authorize_disinfect"}"
[spotrobot-5] [INFO] [1748621477.181707687] [spotrobot]: I heard: "{"performative": "query", "sender": "spotrobot1", "receiver": "uvdrobot1", "content": "Done|a_authorize_disinfect"}"
[nurse_disinfect-3] [INFO] [1748621477.182021060] [nurse_disinfect]: And it is not for me
[uvdrobot-4] [INFO] [1748621477.182050630] [uvdrobot]: And it is for me
[spotrobot-5] [INFO] [1748621477.182258547] [spotrobot]: And it is not for me
[uvdrobot-4] [INFO] [1748621477.182568696] [uvdrobot]: Finished action
[nurse_disinfect-3] [INFO] [1748621477.183177500] [nurse_disinfect]: I heard: "{"performative": "query", "sender": "uvdrobot1", "receiver": "spotrobot1", "content": "Done|a_authorize_disinfect"}"
[uvdrobot-4] [INFO] [1748621477.183189145] [uvdrobot]: Doing a_navto
[nurse_disinfect-3] [INFO] [1748621477.183504414] [nurse_disinfect]: And it is not for me
[spotrobot-5] [INFO] [1748621477.183550731] [spotrobot]: I heard: "{"performative": "query", "sender": "uvdrobot1", "receiver": "spotrobot1", "content": "Done|a_authorize_disinfect"}"
[uvdrobot-4] [INFO] [1748621477.183585260] [uvdrobot]: Waiting for response
[spotrobot-5] [INFO] [1748621477.184043163] [spotrobot]: And it is for me
[uvdrobot-4] [INFO] [1748621477.184128441] [uvdrobot]: I heard: "{"performative": "query", "sender": "uvdrobot1", "receiver": "spotrobot1", "content": "Done|a_authorize_disinfect"}"
[uvdrobot-4] [INFO] [1748621477.184398833] [uvdrobot]: And it is not for me
[spotrobot-5] [INFO] [1748621477.184595212] [spotrobot]: Already finished action
[uvdrobot-4] [INFO] [1748621477.185464853] [uvdrobot]: success
[uvdrobot-4] [INFO] [1748621477.185829581] [uvdrobot]: Doing a_disinfect_room
[uvdrobot-4] [INFO] [1748621477.186231404] [uvdrobot]: Waiting for response
[uvdrobot-4] [INFO] [1748621477.187075630] [uvdrobot]: success
[spotrobot-5] [INFO] [1748621477.189392024] [spotrobot]: Recebido sinal de desligamento do coordenador, finalizando...
[disinfect_environment-1] [INFO] [1748621477.189527176] [disinfect_environment]: Recebido sinal de desligamento do coordenador, finalizando...
[disinfect_planner-2] [INFO] [1748621477.189536318] [disinfect_planner]: Recebido sinal de desligamento do coordenador, finalizando...
[nurse_disinfect-3] [INFO] [1748621477.189596124] [nurse_disinfect]: Recebido sinal de desligamento do coordenador, finalizando...
[uvdrobot-4] [INFO] [1748621477.189599663] [uvdrobot]: Recebido sinal de desligamento do coordenador, finalizando...
[spotrobot-5] [INFO] [1748621477.189770177] [Quitting]: Done
[disinfect_environment-1] [INFO] [1748621477.189827136] [Quitting]: Done
[disinfect_planner-2] [INFO] [1748621477.190024836] [Quitting]: Done
[uvdrobot-4] [INFO] [1748621477.190260926] [Quitting]: Done
[nurse_disinfect-3] [INFO] [1748621477.190363911] [Quitting]: Done
[INFO] [uvdrobot-4]: process has finished cleanly [pid 40969]
[INFO] [disinfect_environment-1]: process has finished cleanly [pid 40963]
[INFO] [spotrobot-5]: process has finished cleanly [pid 40971]
[INFO] [nurse_disinfect-3]: process has finished cleanly [pid 40967]
