[INFO] [launch]: All log files can be found below /home/rafael/.ros/log/2025-05-30-12-58-23-219302-NotebookRafael-28205
[INFO] [launch]: Default logging verbosity is set to INFO
[INFO] [disinfect_coordinator-1]: process started with pid [28207]
[disinfect_coordinator-1] [INFO] [1748620704.248412409] [disinfect_coordinator]: spin
[disinfect_coordinator-1] [INFO] [1748620704.249335016] [disinfect_coordinator]: Received: Performative=request, Sender=uvdrobot, Receiver=Coordinator, Content=Register
[disinfect_coordinator-1] [INFO] [1748620704.249650159] [disinfect_coordinator]: Current uvdrobots: uvdrobot1 - 1
[disinfect_coordinator-1] [INFO] [1748620704.249943182] [disinfect_coordinator]: Response: uvdrobot1
[disinfect_coordinator-1] [INFO] [1748620704.250841595] [disinfect_coordinator]: Received: Performative=request, Sender=nurse_disinfected, Receiver=Coordinator, Content=Register
[disinfect_coordinator-1] [INFO] [1748620704.251159171] [disinfect_coordinator]: Current nurses: nurse_disinfected1 - 1
[disinfect_coordinator-1] [INFO] [1748620704.251409251] [disinfect_coordinator]: Response: nurse_disinfected1
[disinfect_coordinator-1] [INFO] [1748620704.252292088] [disinfect_coordinator]: Received: Performative=request, Sender=spotrobot, Receiver=Coordinator, Content=Register
[disinfect_coordinator-1] [INFO] [1748620704.252628413] [disinfect_coordinator]: Current Spotrobots: spotrobot1 - 1
[disinfect_coordinator-1] [INFO] [1748620704.252920480] [disinfect_coordinator]: Response: spotrobot1
[disinfect_coordinator-1] [INFO] [1748620704.253662558] [disinfect_coordinator]: context: nurse_disinfected1 room1 spotrobot1 uvdrobot1
[disinfect_coordinator-1] [INFO] [1748620704.254032584] [disinfect_coordinator]: Starting mission with context: ('nurse_disinfected1', 'room1', 'spotrobot1', 'uvdrobot1')
[disinfect_coordinator-1] [INFO] [1748620704.254334536] [disinfect_coordinator]: Creating plan for: spotrobot1,uvdrobot1,nurse_disinfected1 
[disinfect_coordinator-1] [INFO] [1748620704.261347155] [disinfect_coordinator]: Plan received for: spotrobot1,uvdrobot1,nurse_disinfected1 
[disinfect_coordinator-1] [INFO] [1748620704.261726546] [disinfect_coordinator]: a_navto,spotrobot1,room1/a_open_door,spotrobot1,room1/a_approach_nurse,spotrobot1,nurse_disinfected1/a_authenticate_nurse,spotrobot1,nurse_disinfected1/a_authorize_patrol,spotrobot1,nurse_disinfected1/a_patrol_room,spotrobot1,room1/a_authorize_disinfect,uvdrobot1,spotrobot1/a_navto,uvdrobot1,room1/a_disinfect_room,uvdrobot1,room1
[disinfect_coordinator-1] [INFO] [1748620704.262100994] [disinfect_coordinator]: Sending plans
[disinfect_coordinator-1] [INFO] [1748620704.263083105] [disinfect_coordinator]: Plans sent
[disinfect_coordinator-1] [INFO] [1748620705.272943602] [disinfect_coordinator]: Received: Performative=inform, Sender=nurse_disinfected1, Receiver=Coordinator, Content=infectedRoom
[disinfect_coordinator-1] [INFO] [1748620705.292251864] [disinfect_coordinator]: Received: Performative=inform, Sender=spotrobot1, Receiver=Coordinator, Content=ERROR|dirty_room,room1
[disinfect_coordinator-1] [INFO] [1748620705.292586049] [disinfect_coordinator]: Sending reset requests...
[disinfect_coordinator-1] [INFO] [1748620705.293495144] [disinfect_coordinator]: Reset requests sent.
[disinfect_coordinator-1] [INFO] [1748620705.294602504] [disinfect_coordinator]: Error found
[disinfect_coordinator-1] [INFO] [1748620705.295132483] [disinfect_coordinator]: Updating uncleaned room: room1
[disinfect_coordinator-1] [INFO] [1748620705.296255060] [disinfect_coordinator]: success
[disinfect_coordinator-1] [INFO] [1748620705.296757360] [disinfect_coordinator]: Creating new plan for: spotrobot1,uvdrobot1,nurse_disinfected1 
[disinfect_coordinator-1] [INFO] [1748620705.301718634] [disinfect_coordinator]: Plan received for: spotrobot1,uvdrobot1,nurse_disinfected1 
[disinfect_coordinator-1] [INFO] [1748620705.302066521] [disinfect_coordinator]: a_navto,spotrobot1,room1/a_approach_nurse,spotrobot1,nurse_disinfected1/a_authenticate_nurse,spotrobot1,nurse_disinfected1/a_clean_room,nurse_disinfected1,room1/a_authorize_patrol,spotrobot1,nurse_disinfected1/a_patrol_room,spotrobot1,room1/a_authorize_disinfect,uvdrobot1,spotrobot1/a_navto,uvdrobot1,room1/a_disinfect_room,uvdrobot1,room1
[disinfect_coordinator-1] [INFO] [1748620705.302377393] [disinfect_coordinator]: Sending plans
[disinfect_coordinator-1] [INFO] [1748620705.303327148] [disinfect_coordinator]: Plans sent
[disinfect_coordinator-1] [INFO] [1748620705.337237440] [disinfect_coordinator]: Freeing agent: spotrobot1
[disinfect_coordinator-1] [INFO] [1748620705.337562317] [disinfect_coordinator]: Freeing agent: uvdrobot1
[disinfect_coordinator-1] [INFO] [1748620705.337862432] [disinfect_coordinator]: Freeing agent: nurse_disinfected1
[disinfect_coordinator-1] [INFO] [1748620705.338257769] [disinfect_coordinator]: Mission Completed
[disinfect_coordinator-1] [INFO] [1748620705.338632558] [disinfect_coordinator]: Ending simulation
[disinfect_coordinator-1] [INFO] [1748620705.339114235] [Quitting]: Done
[disinfect_coordinator-1] [INFO] [1748620705.339420060] [disinfect_coordinator]: stop spin
[INFO] [disinfect_coordinator-1]: process has finished cleanly [pid 28207]
