[INFO] [launch]: All log files can be found below /home/rafael/.ros/log/2025-05-30-13-08-35-028047-NotebookRafael-38352
[INFO] [launch]: Default logging verbosity is set to INFO
[INFO] [disinfect_environment-1]: process started with pid [38355]
[INFO] [disinfect_planner-2]: process started with pid [38357]
[INFO] [nurse_disinfect-3]: process started with pid [38359]
[INFO] [uvdrobot-4]: process started with pid [38361]
[INFO] [spotrobot-5]: process started with pid [38363]
[disinfect_environment-1] [INFO] [1748621315.304595339] [disinfect_environment]: Starting Environment server
[disinfect_environment-1] [INFO] [1748621315.310024661] [disinfect_environment]: Environment server started
[disinfect_planner-2] [INFO] [1748621315.835012165] [disinfect_planner]: Starting Planner server
[disinfect_planner-2] [INFO] [1748621315.839112748] [disinfect_planner]: Planner server started
[disinfect_planner-2] [INFO] [1748621316.051595615] [disinfect_planner]: Creating plan for: spotrobot1 uvdrobot1 nurse_disinfected1
[disinfect_planner-2] [INFO] [1748621316.053153662] [disinfect_planner]: a_navto,spotrobot1,room1
[disinfect_planner-2] [INFO] [1748621316.053465160] [disinfect_planner]: a_open_door,spotrobot1,room1
[disinfect_planner-2] [INFO] [1748621316.053764654] [disinfect_planner]: a_approach_nurse,spotrobot1,nurse_disinfected1
[disinfect_planner-2] [INFO] [1748621316.054093680] [disinfect_planner]: a_authenticate_nurse,spotrobot1,nurse_disinfected1
[disinfect_planner-2] [INFO] [1748621316.054385748] [disinfect_planner]: a_authorize_patrol,spotrobot1,nurse_disinfected1
[disinfect_planner-2] [INFO] [1748621316.054677626] [disinfect_planner]: a_patrol_room,spotrobot1,room1
[disinfect_planner-2] [INFO] [1748621316.055002633] [disinfect_planner]: a_authorize_disinfect,uvdrobot1,spotrobot1
[disinfect_planner-2] [INFO] [1748621316.055291938] [disinfect_planner]: a_navto,uvdrobot1,room1
[disinfect_planner-2] [INFO] [1748621316.055579267] [disinfect_planner]: a_disinfect_room,uvdrobot1,room1
[disinfect_planner-2] [INFO] [1748621316.055975353] [disinfect_planner]: Sending response
[nurse_disinfect-3] [INFO] [1748621316.056037052] [nurse_disinfect]: response.response nurse_disinfected1
[nurse_disinfect-3] [INFO] [1748621316.056379511] [nurse_disinfect]: My name is nurse_disinfected1
[spotrobot-5] [INFO] [1748621316.058330021] [spotrobot]: response.response spotrobot1
[spotrobot-5] [INFO] [1748621316.058687710] [spotrobot]: My name is spotrobot1
[spotrobot-5] [INFO] [1748621316.059318170] [spotrobot]: I heard: "{"performative": "request", "sender": "Coordinator", "receiver": "uvdrobot1", "content": "Plan|a_authorize_disinfect,uvdrobot1,spotrobot1/a_navto,uvdrobot1,room1/a_disinfect_room,uvdrobot1,room1"}"
[spotrobot-5] [INFO] [1748621316.059636252] [spotrobot]: And it is not for me
[spotrobot-5] [INFO] [1748621316.060256930] [spotrobot]: I heard: "{"performative": "request", "sender": "Coordinator", "receiver": "spotrobot1", "content": "Plan|a_navto,spotrobot1,room1/a_open_door,spotrobot1,room1/a_approach_nurse,spotrobot1,nurse_disinfected1/a_authenticate_nurse,spotrobot1,nurse_disinfected1/a_authorize_patrol,spotrobot1,nurse_disinfected1/a_patrol_room,spotrobot1,room1/a_authorize_disinfect,uvdrobot1,spotrobot1"}"
[uvdrobot-4] [INFO] [1748621316.060286937] [uvdrobot]: response.response uvdrobot1
[spotrobot-5] [INFO] [1748621316.060567538] [spotrobot]: And it is for me
[uvdrobot-4] [INFO] [1748621316.060748569] [uvdrobot]: My name is uvdrobot1
[spotrobot-5] [INFO] [1748621316.060975402] [spotrobot]: Doing a_navto
[spotrobot-5] [INFO] [1748621316.061418938] [spotrobot]: Wating for response
[uvdrobot-4] [INFO] [1748621316.061631838] [uvdrobot]: I heard: "{"performative": "request", "sender": "Coordinator", "receiver": "uvdrobot1", "content": "Plan|a_authorize_disinfect,uvdrobot1,spotrobot1/a_navto,uvdrobot1,room1/a_disinfect_room,uvdrobot1,room1"}"
[spotrobot-5] [INFO] [1748621316.061900275] [spotrobot]: I heard: "{"performative": "request", "sender": "Coordinator", "receiver": "nurse_disinfected1", "content": "Plan|a_approach_nurse,spotrobot1,nurse_disinfected1/a_authenticate_nurse,spotrobot1,nurse_disinfected1/a_authorize_patrol,spotrobot1,nurse_disinfected1"}"
[uvdrobot-4] [INFO] [1748621316.062103848] [uvdrobot]: And it is for me
[spotrobot-5] [INFO] [1748621316.062235517] [spotrobot]: And it is not for me
[uvdrobot-4] [INFO] [1748621316.062554791] [uvdrobot]: Doing a_authorize_disinfect
[spotrobot-5] [INFO] [1748621316.062882578] [spotrobot]: success
[uvdrobot-4] [INFO] [1748621316.062889380] [uvdrobot]: a_authorize_disinfect
[uvdrobot-4] [INFO] [1748621316.063217319] [uvdrobot]: Here first, waiting for spotrobot
[spotrobot-5] [INFO] [1748621316.063267616] [spotrobot]: Doing a_open_door
[spotrobot-5] [INFO] [1748621316.063657827] [spotrobot]: Wating for response
[uvdrobot-4] [INFO] [1748621316.064054198] [uvdrobot]: I heard: "{"performative": "request", "sender": "Coordinator", "receiver": "spotrobot1", "content": "Plan|a_navto,spotrobot1,room1/a_open_door,spotrobot1,room1/a_approach_nurse,spotrobot1,nurse_disinfected1/a_authenticate_nurse,spotrobot1,nurse_disinfected1/a_authorize_patrol,spotrobot1,nurse_disinfected1/a_patrol_room,spotrobot1,room1/a_authorize_disinfect,uvdrobot1,spotrobot1"}"
[spotrobot-5] [INFO] [1748621316.064144150] [spotrobot]: I heard: "{"performative": "query", "sender": "uvdrobot1", "receiver": "spotrobot1", "content": "Ready|a_authorize_disinfect"}"
[uvdrobot-4] [INFO] [1748621316.064381721] [uvdrobot]: And it is not for me
[spotrobot-5] [INFO] [1748621316.064480801] [spotrobot]: And it is for me
[uvdrobot-4] [INFO] [1748621316.064745446] [uvdrobot]: I heard: "{"performative": "query", "sender": "uvdrobot1", "receiver": "spotrobot1", "content": "Ready|a_authorize_disinfect"}"
[spotrobot-5] [INFO] [1748621316.064754536] [spotrobot]: No there yet
[uvdrobot-4] [INFO] [1748621316.065080895] [uvdrobot]: And it is not for me
[uvdrobot-4] [INFO] [1748621316.065613759] [uvdrobot]: I heard: "{"performative": "request", "sender": "Coordinator", "receiver": "nurse_disinfected1", "content": "Plan|a_approach_nurse,spotrobot1,nurse_disinfected1/a_authenticate_nurse,spotrobot1,nurse_disinfected1/a_authorize_patrol,spotrobot1,nurse_disinfected1"}"
[spotrobot-5] [INFO] [1748621316.065820245] [spotrobot]: success
[uvdrobot-4] [INFO] [1748621316.065918002] [uvdrobot]: And it is not for me
[spotrobot-5] [INFO] [1748621316.066172097] [spotrobot]: Doing a_approach_nurse
[spotrobot-5] [INFO] [1748621316.066575108] [spotrobot]: Wating for response
[spotrobot-5] [INFO] [1748621316.067464621] [spotrobot]: success
[spotrobot-5] [INFO] [1748621316.067905149] [spotrobot]: Doing a_authenticate_nurse
[spotrobot-5] [INFO] [1748621316.068205995] [spotrobot]: a_authenticate_nurse
[spotrobot-5] [INFO] [1748621316.068454880] [spotrobot]: Here first, waiting for nurse
[uvdrobot-4] [INFO] [1748621316.069027113] [uvdrobot]: I heard: "{"performative": "query", "sender": "spotrobot1", "receiver": "nurse_disinfected1", "content": "Ready|a_authenticate_nurse"}"
[spotrobot-5] [INFO] [1748621316.069107787] [spotrobot]: I heard: "{"performative": "query", "sender": "spotrobot1", "receiver": "nurse_disinfected1", "content": "Ready|a_authenticate_nurse"}"
[spotrobot-5] [INFO] [1748621316.069375392] [spotrobot]: And it is not for me
[uvdrobot-4] [INFO] [1748621316.069383724] [uvdrobot]: And it is not for me
[nurse_disinfect-3] [INFO] [1748621317.057895233] [nurse_disinfect]: I heard: "{"performative": "request", "sender": "Coordinator", "receiver": "uvdrobot1", "content": "Plan|a_authorize_disinfect,uvdrobot1,spotrobot1/a_navto,uvdrobot1,room1/a_disinfect_room,uvdrobot1,room1"}"
[nurse_disinfect-3] [INFO] [1748621317.058456750] [nurse_disinfect]: And it is not for me
[nurse_disinfect-3] [INFO] [1748621317.059001978] [nurse_disinfect]: I heard: "{"performative": "query", "sender": "uvdrobot1", "receiver": "spotrobot1", "content": "Ready|a_authorize_disinfect"}"
[nurse_disinfect-3] [INFO] [1748621317.059328327] [nurse_disinfect]: And it is not for me
[nurse_disinfect-3] [INFO] [1748621317.059943348] [nurse_disinfect]: I heard: "{"performative": "request", "sender": "Coordinator", "receiver": "spotrobot1", "content": "Plan|a_navto,spotrobot1,room1/a_open_door,spotrobot1,room1/a_approach_nurse,spotrobot1,nurse_disinfected1/a_authenticate_nurse,spotrobot1,nurse_disinfected1/a_authorize_patrol,spotrobot1,nurse_disinfected1/a_patrol_room,spotrobot1,room1/a_authorize_disinfect,uvdrobot1,spotrobot1"}"
[nurse_disinfect-3] [INFO] [1748621317.060253796] [nurse_disinfect]: And it is not for me
[nurse_disinfect-3] [INFO] [1748621317.060611826] [nurse_disinfect]: I heard: "{"performative": "query", "sender": "spotrobot1", "receiver": "nurse_disinfected1", "content": "Ready|a_authenticate_nurse"}"
[nurse_disinfect-3] [INFO] [1748621317.060919682] [nurse_disinfect]: And it is for me
[nurse_disinfect-3] [INFO] [1748621317.061223177] [nurse_disinfect]: No there yet
[nurse_disinfect-3] [INFO] [1748621317.061850723] [nurse_disinfect]: I heard: "{"performative": "request", "sender": "Coordinator", "receiver": "nurse_disinfected1", "content": "Plan|a_approach_nurse,spotrobot1,nurse_disinfected1/a_authenticate_nurse,spotrobot1,nurse_disinfected1/a_authorize_patrol,spotrobot1,nurse_disinfected1"}"
[nurse_disinfect-3] [INFO] [1748621317.062164718] [nurse_disinfect]: And it is for me
[nurse_disinfect-3] [INFO] [1748621317.063301081] [nurse_disinfect]: a_approach_nurse
[nurse_disinfect-3] [INFO] [1748621317.063656179] [nurse_disinfect]: a_authenticate_nurse
[nurse_disinfect-3] [INFO] [1748621317.063959002] [nurse_disinfect]: Doing a_authenticate_nurse
[nurse_disinfect-3] [INFO] [1748621317.064265193] [nurse_disinfect]: a_authenticate_nurse
[nurse_disinfect-3] [INFO] [1748621317.064561461] [nurse_disinfect]: Robot is waiting, send action message
[nurse_disinfect-3] [INFO] [1748621317.065215418] [nurse_disinfect]: I heard: "{"performative": "query", "sender": "nurse_disinfected1", "receiver": "spotrobot1", "content": "Done|a_authenticate_nurse"}"
[spotrobot-5] [INFO] [1748621317.065389366] [spotrobot]: I heard: "{"performative": "query", "sender": "nurse_disinfected1", "receiver": "spotrobot1", "content": "Done|a_authenticate_nurse"}"
[uvdrobot-4] [INFO] [1748621317.065394817] [uvdrobot]: I heard: "{"performative": "query", "sender": "nurse_disinfected1", "receiver": "spotrobot1", "content": "Done|a_authenticate_nurse"}"
[nurse_disinfect-3] [INFO] [1748621317.065615156] [nurse_disinfect]: And it is not for me
[uvdrobot-4] [INFO] [1748621317.065873515] [uvdrobot]: And it is not for me
[spotrobot-5] [INFO] [1748621317.065885441] [spotrobot]: And it is for me
[spotrobot-5] [INFO] [1748621317.066374062] [spotrobot]: Finished action
[spotrobot-5] [INFO] [1748621317.066942715] [spotrobot]: Doing a_authorize_patrol
[uvdrobot-4] [INFO] [1748621317.067135011] [uvdrobot]: I heard: "{"performative": "query", "sender": "spotrobot1", "receiver": "nurse_disinfected1", "content": "Done|a_authenticate_nurse"}"
[spotrobot-5] [INFO] [1748621317.067257505] [spotrobot]: a_authorize_patrol
[nurse_disinfect-3] [INFO] [1748621317.067393009] [nurse_disinfect]: I heard: "{"performative": "query", "sender": "spotrobot1", "receiver": "nurse_disinfected1", "content": "Done|a_authenticate_nurse"}"
[uvdrobot-4] [INFO] [1748621317.067414242] [uvdrobot]: And it is not for me
[spotrobot-5] [INFO] [1748621317.067569192] [spotrobot]: Here first, waiting for nurse
[nurse_disinfect-3] [INFO] [1748621317.067964913] [nurse_disinfect]: And it is for me
[uvdrobot-4] [INFO] [1748621317.068314031] [uvdrobot]: I heard: "{"performative": "query", "sender": "spotrobot1", "receiver": "nurse_disinfected1", "content": "Ready|a_authorize_patrol"}"
[nurse_disinfect-3] [INFO] [1748621317.068494343] [nurse_disinfect]: Finished action
[spotrobot-5] [INFO] [1748621317.068505445] [spotrobot]: I heard: "{"performative": "query", "sender": "spotrobot1", "receiver": "nurse_disinfected1", "content": "Done|a_authenticate_nurse"}"
[uvdrobot-4] [INFO] [1748621317.068887307] [uvdrobot]: And it is not for me
[spotrobot-5] [INFO] [1748621317.069086250] [spotrobot]: And it is not for me
[nurse_disinfect-3] [INFO] [1748621317.069202580] [nurse_disinfect]: a_authorize_patrol
[uvdrobot-4] [INFO] [1748621317.069691673] [uvdrobot]: I heard: "{"performative": "query", "sender": "nurse_disinfected1", "receiver": "spotrobot1", "content": "Done|a_authenticate_nurse"}"
[nurse_disinfect-3] [INFO] [1748621317.069769868] [nurse_disinfect]: Doing a_authorize_patrol
[spotrobot-5] [INFO] [1748621317.069962576] [spotrobot]: I heard: "{"performative": "query", "sender": "spotrobot1", "receiver": "nurse_disinfected1", "content": "Ready|a_authorize_patrol"}"
[uvdrobot-4] [INFO] [1748621317.070176444] [uvdrobot]: And it is not for me
[nurse_disinfect-3] [INFO] [1748621317.070294066] [nurse_disinfect]: a_authorize_patrol
[spotrobot-5] [INFO] [1748621317.070429620] [spotrobot]: And it is not for me
[nurse_disinfect-3] [INFO] [1748621317.070805911] [nurse_disinfect]: Here first, waiting for robot
[spotrobot-5] [INFO] [1748621317.071330238] [spotrobot]: I heard: "{"performative": "query", "sender": "nurse_disinfected1", "receiver": "spotrobot1", "content": "Done|a_authenticate_nurse"}"
[uvdrobot-4] [INFO] [1748621317.071628297] [uvdrobot]: I heard: "{"performative": "query", "sender": "nurse_disinfected1", "receiver": "spotrobot1", "content": "Ready|a_authorize_patrol"}"
[spotrobot-5] [INFO] [1748621317.071818538] [spotrobot]: And it is for me
[nurse_disinfect-3] [INFO] [1748621317.071946777] [nurse_disinfect]: I heard: "{"performative": "query", "sender": "spotrobot1", "receiver": "nurse_disinfected1", "content": "Ready|a_authorize_patrol"}"
[uvdrobot-4] [INFO] [1748621317.072066791] [uvdrobot]: And it is not for me
[spotrobot-5] [INFO] [1748621317.072261516] [spotrobot]: Already finished action
[nurse_disinfect-3] [INFO] [1748621317.072453154] [nurse_disinfect]: And it is for me
[nurse_disinfect-3] [INFO] [1748621317.073009364] [nurse_disinfect]: Ready to act
[spotrobot-5] [INFO] [1748621317.073181025] [spotrobot]: I heard: "{"performative": "query", "sender": "nurse_disinfected1", "receiver": "spotrobot1", "content": "Ready|a_authorize_patrol"}"
[spotrobot-5] [INFO] [1748621317.073649970] [spotrobot]: And it is for me
[uvdrobot-4] [INFO] [1748621317.073929828] [uvdrobot]: I heard: "{"performative": "query", "sender": "nurse_disinfected1", "receiver": "spotrobot1", "content": "Done|a_authorize_patrol"}"
[nurse_disinfect-3] [INFO] [1748621317.074149313] [nurse_disinfect]: I heard: "{"performative": "query", "sender": "nurse_disinfected1", "receiver": "spotrobot1", "content": "Done|a_authenticate_nurse"}"
[spotrobot-5] [INFO] [1748621317.074164019] [spotrobot]: Ready to act
[uvdrobot-4] [INFO] [1748621317.074482378] [uvdrobot]: And it is not for me
[nurse_disinfect-3] [INFO] [1748621317.074678194] [nurse_disinfect]: And it is not for me
[spotrobot-5] [INFO] [1748621317.075194197] [spotrobot]: I heard: "{"performative": "query", "sender": "nurse_disinfected1", "receiver": "spotrobot1", "content": "Done|a_authorize_patrol"}"
[uvdrobot-4] [INFO] [1748621317.075300735] [uvdrobot]: I heard: "{"performative": "query", "sender": "spotrobot1", "receiver": "nurse_disinfected1", "content": "Done|a_authorize_patrol"}"
[nurse_disinfect-3] [INFO] [1748621317.075664631] [nurse_disinfect]: I heard: "{"performative": "query", "sender": "nurse_disinfected1", "receiver": "spotrobot1", "content": "Ready|a_authorize_patrol"}"
[spotrobot-5] [INFO] [1748621317.075673150] [spotrobot]: And it is for me
[uvdrobot-4] [INFO] [1748621317.075748755] [uvdrobot]: And it is not for me
[spotrobot-5] [INFO] [1748621317.076147213] [spotrobot]: Finished action
[nurse_disinfect-3] [INFO] [1748621317.076275802] [nurse_disinfect]: And it is not for me
[spotrobot-5] [INFO] [1748621317.076683160] [spotrobot]: Doing a_patrol_room
[uvdrobot-4] [INFO] [1748621317.076767794] [uvdrobot]: I heard: "{"performative": "query", "sender": "spotrobot1", "receiver": "nurse_disinfected1", "content": "Done|a_authorize_patrol"}"
[uvdrobot-4] [INFO] [1748621317.077202372] [uvdrobot]: And it is not for me
[nurse_disinfect-3] [INFO] [1748621317.077206606] [nurse_disinfect]: I heard: "{"performative": "query", "sender": "nurse_disinfected1", "receiver": "spotrobot1", "content": "Done|a_authorize_patrol"}"
[spotrobot-5] [INFO] [1748621317.077370860] [spotrobot]: Wating for response
[nurse_disinfect-3] [INFO] [1748621317.077791829] [nurse_disinfect]: And it is not for me
[spotrobot-5] [INFO] [1748621317.077953605] [spotrobot]: I heard: "{"performative": "query", "sender": "spotrobot1", "receiver": "nurse_disinfected1", "content": "Done|a_authorize_patrol"}"
[spotrobot-5] [INFO] [1748621317.078235863] [spotrobot]: And it is not for me
[nurse_disinfect-3] [INFO] [1748621317.078717147] [nurse_disinfect]: I heard: "{"performative": "query", "sender": "spotrobot1", "receiver": "nurse_disinfected1", "content": "Done|a_authorize_patrol"}"
[spotrobot-5] [INFO] [1748621317.078755673] [spotrobot]: I heard: "{"performative": "query", "sender": "spotrobot1", "receiver": "nurse_disinfected1", "content": "Done|a_authorize_patrol"}"
[spotrobot-5] [INFO] [1748621317.079074710] [spotrobot]: And it is not for me
[nurse_disinfect-3] [INFO] [1748621317.079254117] [nurse_disinfect]: And it is for me
[nurse_disinfect-3] [INFO] [1748621317.079827553] [nurse_disinfect]: Finished action
[spotrobot-5] [INFO] [1748621317.080600585] [spotrobot]: I heard: "{"performative": "query", "sender": "nurse_disinfected1", "receiver": "spotrobot1", "content": "Done|a_authorize_patrol"}"
[uvdrobot-4] [INFO] [1748621317.080600787] [uvdrobot]: I heard: "{"performative": "query", "sender": "nurse_disinfected1", "receiver": "spotrobot1", "content": "Done|a_authorize_patrol"}"
[nurse_disinfect-3] [INFO] [1748621317.081035204] [nurse_disinfect]: I heard: "{"performative": "query", "sender": "spotrobot1", "receiver": "nurse_disinfected1", "content": "Done|a_authorize_patrol"}"
[spotrobot-5] [INFO] [1748621317.081106801] [spotrobot]: And it is for me
[uvdrobot-4] [INFO] [1748621317.081110238] [uvdrobot]: And it is not for me
[spotrobot-5] [INFO] [1748621317.081570439] [spotrobot]: Already finished action
[nurse_disinfect-3] [INFO] [1748621317.081587470] [nurse_disinfect]: And it is for me
[nurse_disinfect-3] [INFO] [1748621317.082110401] [nurse_disinfect]: Already finished action
[spotrobot-5] [INFO] [1748621317.082160260] [spotrobot]: dirty room
[nurse_disinfect-3] [INFO] [1748621317.083103592] [nurse_disinfect]: I heard: "{"performative": "query", "sender": "nurse_disinfected1", "receiver": "spotrobot1", "content": "Done|a_authorize_patrol"}"
[nurse_disinfect-3] [INFO] [1748621317.083631906] [nurse_disinfect]: And it is not for me
[uvdrobot-4] [INFO] [1748621317.084495367] [uvdrobot]: I heard: "{"performative": "request", "sender": "Coordinator", "receiver": "spotrobot1", "content": "Reset"}"
[spotrobot-5] [INFO] [1748621317.084557719] [spotrobot]: I heard: "{"performative": "request", "sender": "Coordinator", "receiver": "spotrobot1", "content": "Reset"}"
[uvdrobot-4] [INFO] [1748621317.084817857] [uvdrobot]: And it is not for me
[spotrobot-5] [INFO] [1748621317.084947070] [spotrobot]: And it is for me
[nurse_disinfect-3] [INFO] [1748621317.084960774] [nurse_disinfect]: I heard: "{"performative": "request", "sender": "Coordinator", "receiver": "spotrobot1", "content": "Reset"}"
[uvdrobot-4] [INFO] [1748621317.085317678] [uvdrobot]: I heard: "{"performative": "request", "sender": "Coordinator", "receiver": "uvdrobot1", "content": "Reset"}"
[spotrobot-5] [INFO] [1748621317.085466171] [spotrobot]: I heard: "{"performative": "request", "sender": "Coordinator", "receiver": "uvdrobot1", "content": "Reset"}"
[nurse_disinfect-3] [INFO] [1748621317.085474936] [nurse_disinfect]: And it is not for me
[uvdrobot-4] [INFO] [1748621317.085605990] [uvdrobot]: And it is for me
[spotrobot-5] [INFO] [1748621317.085772759] [spotrobot]: And it is not for me
[uvdrobot-4] [INFO] [1748621317.086069922] [uvdrobot]: I heard: "{"performative": "request", "sender": "Coordinator", "receiver": "nurse_disinfected1", "content": "Reset"}"
[spotrobot-5] [INFO] [1748621317.086156576] [spotrobot]: 
[uvdrobot-4] [INFO] [1748621317.086330924] [uvdrobot]: And it is not for me
[nurse_disinfect-3] [INFO] [1748621317.086386206] [nurse_disinfect]: I heard: "{"performative": "request", "sender": "Coordinator", "receiver": "uvdrobot1", "content": "Reset"}"
[spotrobot-5] [INFO] [1748621317.086651232] [spotrobot]: I heard: "{"performative": "request", "sender": "Coordinator", "receiver": "nurse_disinfected1", "content": "Reset"}"
[nurse_disinfect-3] [INFO] [1748621317.086906555] [nurse_disinfect]: And it is not for me
[spotrobot-5] [INFO] [1748621317.086963515] [spotrobot]: And it is not for me
[nurse_disinfect-3] [INFO] [1748621317.087934661] [nurse_disinfect]: I heard: "{"performative": "request", "sender": "Coordinator", "receiver": "nurse_disinfected1", "content": "Reset"}"
[nurse_disinfect-3] [INFO] [1748621317.088490588] [nurse_disinfect]: And it is for me
[disinfect_planner-2] [INFO] [1748621317.088787245] [disinfect_planner]: Creating plan for: spotrobot1 uvdrobot1 nurse_disinfected1
[disinfect_planner-2] [INFO] [1748621317.089578509] [disinfect_planner]: a_navto,spotrobot1,room1
[disinfect_planner-2] [INFO] [1748621317.089896194] [disinfect_planner]: a_approach_nurse,spotrobot1,nurse_disinfected1
[disinfect_planner-2] [INFO] [1748621317.090236222] [disinfect_planner]: a_authenticate_nurse,spotrobot1,nurse_disinfected1
[disinfect_planner-2] [INFO] [1748621317.090544674] [disinfect_planner]: a_clean_room,nurse_disinfected1,room1
[disinfect_planner-2] [INFO] [1748621317.090849654] [disinfect_planner]: a_authorize_patrol,spotrobot1,nurse_disinfected1
[disinfect_planner-2] [INFO] [1748621317.091178388] [disinfect_planner]: a_patrol_room,spotrobot1,room1
[disinfect_planner-2] [INFO] [1748621317.091481504] [disinfect_planner]: a_authorize_disinfect,uvdrobot1,spotrobot1
[disinfect_planner-2] [INFO] [1748621317.091824285] [disinfect_planner]: a_navto,uvdrobot1,room1
[disinfect_planner-2] [INFO] [1748621317.092146302] [disinfect_planner]: a_disinfect_room,uvdrobot1,room1
[disinfect_planner-2] [INFO] [1748621317.092447697] [disinfect_planner]: Sending response
[spotrobot-5] [INFO] [1748621317.094257314] [spotrobot]: I heard: "{"performative": "request", "sender": "Coordinator", "receiver": "spotrobot1", "content": "Plan|a_navto,spotrobot1,room1/a_approach_nurse,spotrobot1,nurse_disinfected1/a_authenticate_nurse,spotrobot1,nurse_disinfected1/a_authorize_patrol,spotrobot1,nurse_disinfected1/a_patrol_room,spotrobot1,room1/a_authorize_disinfect,uvdrobot1,spotrobot1"}"
[uvdrobot-4] [INFO] [1748621317.094324903] [uvdrobot]: I heard: "{"performative": "request", "sender": "Coordinator", "receiver": "spotrobot1", "content": "Plan|a_navto,spotrobot1,room1/a_approach_nurse,spotrobot1,nurse_disinfected1/a_authenticate_nurse,spotrobot1,nurse_disinfected1/a_authorize_patrol,spotrobot1,nurse_disinfected1/a_patrol_room,spotrobot1,room1/a_authorize_disinfect,uvdrobot1,spotrobot1"}"
[nurse_disinfect-3] [INFO] [1748621317.094445226] [nurse_disinfect]: I heard: "{"performative": "request", "sender": "Coordinator", "receiver": "spotrobot1", "content": "Plan|a_navto,spotrobot1,room1/a_approach_nurse,spotrobot1,nurse_disinfected1/a_authenticate_nurse,spotrobot1,nurse_disinfected1/a_authorize_patrol,spotrobot1,nurse_disinfected1/a_patrol_room,spotrobot1,room1/a_authorize_disinfect,uvdrobot1,spotrobot1"}"
[uvdrobot-4] [INFO] [1748621317.094605941] [uvdrobot]: And it is not for me
[spotrobot-5] [INFO] [1748621317.094617681] [spotrobot]: And it is for me
[nurse_disinfect-3] [INFO] [1748621317.094826679] [nurse_disinfect]: And it is not for me
[spotrobot-5] [INFO] [1748621317.094924392] [spotrobot]: Doing a_navto
[uvdrobot-4] [INFO] [1748621317.095168319] [uvdrobot]: I heard: "{"performative": "request", "sender": "Coordinator", "receiver": "uvdrobot1", "content": "Plan|a_authorize_disinfect,uvdrobot1,spotrobot1/a_navto,uvdrobot1,room1/a_disinfect_room,uvdrobot1,room1"}"
[spotrobot-5] [INFO] [1748621317.095328822] [spotrobot]: Wating for response
[nurse_disinfect-3] [INFO] [1748621317.095600859] [nurse_disinfect]: I heard: "{"performative": "request", "sender": "Coordinator", "receiver": "uvdrobot1", "content": "Plan|a_authorize_disinfect,uvdrobot1,spotrobot1/a_navto,uvdrobot1,room1/a_disinfect_room,uvdrobot1,room1"}"
[uvdrobot-4] [INFO] [1748621317.095616850] [uvdrobot]: And it is for me
[spotrobot-5] [INFO] [1748621317.095794021] [spotrobot]: I heard: "{"performative": "request", "sender": "Coordinator", "receiver": "uvdrobot1", "content": "Plan|a_authorize_disinfect,uvdrobot1,spotrobot1/a_navto,uvdrobot1,room1/a_disinfect_room,uvdrobot1,room1"}"
[nurse_disinfect-3] [INFO] [1748621317.095890741] [nurse_disinfect]: And it is not for me
[spotrobot-5] [INFO] [1748621317.096070234] [spotrobot]: And it is not for me
[uvdrobot-4] [INFO] [1748621317.096192453] [uvdrobot]: Doing a_authorize_disinfect
[nurse_disinfect-3] [INFO] [1748621317.096416000] [nurse_disinfect]: I heard: "{"performative": "request", "sender": "Coordinator", "receiver": "nurse_disinfected1", "content": "Plan|a_approach_nurse,spotrobot1,nurse_disinfected1/a_authenticate_nurse,spotrobot1,nurse_disinfected1/a_clean_room,nurse_disinfected1,room1/a_authorize_patrol,spotrobot1,nurse_disinfected1"}"
[uvdrobot-4] [INFO] [1748621317.096594347] [uvdrobot]: a_authorize_disinfect
[nurse_disinfect-3] [INFO] [1748621317.096682233] [nurse_disinfect]: And it is for me
[spotrobot-5] [INFO] [1748621317.096867146] [spotrobot]: I heard: "{"performative": "request", "sender": "Coordinator", "receiver": "nurse_disinfected1", "content": "Plan|a_approach_nurse,spotrobot1,nurse_disinfected1/a_authenticate_nurse,spotrobot1,nurse_disinfected1/a_clean_room,nurse_disinfected1,room1/a_authorize_patrol,spotrobot1,nurse_disinfected1"}"
[uvdrobot-4] [INFO] [1748621317.096943201] [uvdrobot]: Here first, waiting for spotrobot
[nurse_disinfect-3] [INFO] [1748621317.097025241] [nurse_disinfect]: a_approach_nurse
[spotrobot-5] [INFO] [1748621317.097300229] [spotrobot]: And it is not for me
[nurse_disinfect-3] [INFO] [1748621317.097508669] [nurse_disinfect]: a_authenticate_nurse
[spotrobot-5] [INFO] [1748621317.097680508] [spotrobot]: success
[uvdrobot-4] [INFO] [1748621317.097915581] [uvdrobot]: I heard: "{"performative": "request", "sender": "Coordinator", "receiver": "nurse_disinfected1", "content": "Plan|a_approach_nurse,spotrobot1,nurse_disinfected1/a_authenticate_nurse,spotrobot1,nurse_disinfected1/a_clean_room,nurse_disinfected1,room1/a_authorize_patrol,spotrobot1,nurse_disinfected1"}"
[nurse_disinfect-3] [INFO] [1748621317.097931450] [nurse_disinfect]: Doing a_authenticate_nurse
[spotrobot-5] [INFO] [1748621317.098056124] [spotrobot]: Doing a_approach_nurse
[spotrobot-5] [INFO] [1748621317.098431749] [spotrobot]: Wating for response
[uvdrobot-4] [INFO] [1748621317.098435050] [uvdrobot]: And it is not for me
[nurse_disinfect-3] [INFO] [1748621317.098462214] [nurse_disinfect]: a_authenticate_nurse
[spotrobot-5] [INFO] [1748621317.098988943] [spotrobot]: I heard: "{"performative": "query", "sender": "uvdrobot1", "receiver": "spotrobot1", "content": "Ready|a_authorize_disinfect"}"
[nurse_disinfect-3] [INFO] [1748621317.099005606] [nurse_disinfect]: Here first, waiting for robot
[uvdrobot-4] [INFO] [1748621317.099040857] [uvdrobot]: I heard: "{"performative": "query", "sender": "uvdrobot1", "receiver": "spotrobot1", "content": "Ready|a_authorize_disinfect"}"
[spotrobot-5] [INFO] [1748621317.099376166] [spotrobot]: And it is for me
[uvdrobot-4] [INFO] [1748621317.099562994] [uvdrobot]: And it is not for me
[nurse_disinfect-3] [INFO] [1748621317.099702823] [nurse_disinfect]: I heard: "{"performative": "query", "sender": "uvdrobot1", "receiver": "spotrobot1", "content": "Ready|a_authorize_disinfect"}"
[spotrobot-5] [INFO] [1748621317.099936425] [spotrobot]: No there yet
[nurse_disinfect-3] [INFO] [1748621317.099980625] [nurse_disinfect]: And it is not for me
[uvdrobot-4] [INFO] [1748621317.100450539] [uvdrobot]: I heard: "{"performative": "query", "sender": "nurse_disinfected1", "receiver": "spotrobot1", "content": "Ready|a_authenticate_nurse"}"
[spotrobot-5] [INFO] [1748621317.100479060] [spotrobot]: I heard: "{"performative": "query", "sender": "nurse_disinfected1", "receiver": "spotrobot1", "content": "Ready|a_authenticate_nurse"}"
[nurse_disinfect-3] [INFO] [1748621317.100568308] [nurse_disinfect]: I heard: "{"performative": "query", "sender": "nurse_disinfected1", "receiver": "spotrobot1", "content": "Ready|a_authenticate_nurse"}"
[spotrobot-5] [INFO] [1748621317.100749162] [spotrobot]: And it is for me
[nurse_disinfect-3] [INFO] [1748621317.100845902] [nurse_disinfect]: And it is not for me
[uvdrobot-4] [INFO] [1748621317.100986836] [uvdrobot]: And it is not for me
[spotrobot-5] [INFO] [1748621317.101047928] [spotrobot]: No there yet
[spotrobot-5] [INFO] [1748621317.101695745] [spotrobot]: success
[spotrobot-5] [INFO] [1748621317.102025377] [spotrobot]: Doing a_authenticate_nurse
[spotrobot-5] [INFO] [1748621317.102334397] [spotrobot]: a_authenticate_nurse
[spotrobot-5] [INFO] [1748621317.102634978] [spotrobot]: Nurse is waiting, send action message
[nurse_disinfect-3] [INFO] [1748621317.103209857] [nurse_disinfect]: I heard: "{"performative": "query", "sender": "spotrobot1", "receiver": "nurse_disinfected1", "content": "Done|a_authenticate_nurse"}"
[spotrobot-5] [INFO] [1748621317.103276505] [spotrobot]: I heard: "{"performative": "query", "sender": "spotrobot1", "receiver": "nurse_disinfected1", "content": "Done|a_authenticate_nurse"}"
[nurse_disinfect-3] [INFO] [1748621317.103599785] [nurse_disinfect]: And it is for me
[spotrobot-5] [INFO] [1748621317.103630051] [spotrobot]: And it is not for me
[uvdrobot-4] [INFO] [1748621317.103677434] [uvdrobot]: I heard: "{"performative": "query", "sender": "spotrobot1", "receiver": "nurse_disinfected1", "content": "Done|a_authenticate_nurse"}"
[nurse_disinfect-3] [INFO] [1748621317.103877303] [nurse_disinfect]: Finished action
[uvdrobot-4] [INFO] [1748621317.104207375] [uvdrobot]: And it is not for me
[spotrobot-5] [INFO] [1748621317.104481962] [spotrobot]: I heard: "{"performative": "query", "sender": "nurse_disinfected1", "receiver": "spotrobot1", "content": "Done|a_authenticate_nurse"}"
[nurse_disinfect-3] [INFO] [1748621317.104660451] [nurse_disinfect]: a_clean_room
[spotrobot-5] [INFO] [1748621317.104803033] [spotrobot]: And it is for me
[nurse_disinfect-3] [INFO] [1748621317.105040002] [nurse_disinfect]: Doing a_clean_room
[spotrobot-5] [INFO] [1748621317.105074649] [spotrobot]: Finished action
[uvdrobot-4] [INFO] [1748621317.105118030] [uvdrobot]: I heard: "{"performative": "query", "sender": "nurse_disinfected1", "receiver": "spotrobot1", "content": "Done|a_authenticate_nurse"}"
[nurse_disinfect-3] [INFO] [1748621317.105520204] [nurse_disinfect]: Waiting for response
[uvdrobot-4] [INFO] [1748621317.105640621] [uvdrobot]: And it is not for me
[spotrobot-5] [INFO] [1748621317.105770172] [spotrobot]: Doing a_authorize_patrol
[nurse_disinfect-3] [INFO] [1748621317.106446969] [nurse_disinfect]: I heard: "{"performative": "query", "sender": "nurse_disinfected1", "receiver": "spotrobot1", "content": "Done|a_authenticate_nurse"}"
[spotrobot-5] [INFO] [1748621317.106614273] [spotrobot]: a_authorize_patrol
[uvdrobot-4] [INFO] [1748621317.106704844] [uvdrobot]: I heard: "{"performative": "query", "sender": "spotrobot1", "receiver": "nurse_disinfected1", "content": "Done|a_authenticate_nurse"}"
[spotrobot-5] [INFO] [1748621317.106981744] [spotrobot]: Here first, waiting for nurse
[nurse_disinfect-3] [INFO] [1748621317.106979568] [nurse_disinfect]: And it is not for me
[uvdrobot-4] [INFO] [1748621317.107225921] [uvdrobot]: And it is not for me
[spotrobot-5] [INFO] [1748621317.108079550] [spotrobot]: I heard: "{"performative": "query", "sender": "spotrobot1", "receiver": "nurse_disinfected1", "content": "Done|a_authenticate_nurse"}"
[nurse_disinfect-3] [INFO] [1748621317.108083570] [nurse_disinfect]: I heard: "{"performative": "query", "sender": "spotrobot1", "receiver": "nurse_disinfected1", "content": "Done|a_authenticate_nurse"}"
[uvdrobot-4] [INFO] [1748621317.108188009] [uvdrobot]: I heard: "{"performative": "query", "sender": "spotrobot1", "receiver": "nurse_disinfected1", "content": "Ready|a_authorize_patrol"}"
[spotrobot-5] [INFO] [1748621317.108617100] [spotrobot]: And it is not for me
[nurse_disinfect-3] [INFO] [1748621317.108650953] [nurse_disinfect]: And it is for me
[uvdrobot-4] [INFO] [1748621317.108734353] [uvdrobot]: And it is not for me
[nurse_disinfect-3] [INFO] [1748621317.108984841] [nurse_disinfect]: Already finished action
[spotrobot-5] [INFO] [1748621317.109280886] [spotrobot]: I heard: "{"performative": "query", "sender": "spotrobot1", "receiver": "nurse_disinfected1", "content": "Ready|a_authorize_patrol"}"
[spotrobot-5] [INFO] [1748621317.109566190] [spotrobot]: And it is not for me
[nurse_disinfect-3] [INFO] [1748621317.109667452] [nurse_disinfect]: I heard: "{"performative": "query", "sender": "spotrobot1", "receiver": "nurse_disinfected1", "content": "Ready|a_authorize_patrol"}"
[nurse_disinfect-3] [INFO] [1748621317.110014490] [nurse_disinfect]: And it is for me
[nurse_disinfect-3] [INFO] [1748621317.110541262] [nurse_disinfect]: No there yet
[nurse_disinfect-3] [INFO] [1748621317.111048367] [nurse_disinfect]: success
[nurse_disinfect-3] [INFO] [1748621317.111422233] [nurse_disinfect]: a_authorize_patrol
[nurse_disinfect-3] [INFO] [1748621317.111752480] [nurse_disinfect]: Doing a_authorize_patrol
[nurse_disinfect-3] [INFO] [1748621317.112091827] [nurse_disinfect]: a_authorize_patrol
[nurse_disinfect-3] [INFO] [1748621317.112396287] [nurse_disinfect]: Robot is waiting, send action message
[nurse_disinfect-3] [INFO] [1748621317.113045278] [nurse_disinfect]: I heard: "{"performative": "query", "sender": "nurse_disinfected1", "receiver": "spotrobot1", "content": "Done|a_authorize_patrol"}"
[uvdrobot-4] [INFO] [1748621317.113169581] [uvdrobot]: I heard: "{"performative": "query", "sender": "nurse_disinfected1", "receiver": "spotrobot1", "content": "Done|a_authorize_patrol"}"
[spotrobot-5] [INFO] [1748621317.113238728] [spotrobot]: I heard: "{"performative": "query", "sender": "nurse_disinfected1", "receiver": "spotrobot1", "content": "Done|a_authorize_patrol"}"
[nurse_disinfect-3] [INFO] [1748621317.113357873] [nurse_disinfect]: And it is not for me
[uvdrobot-4] [INFO] [1748621317.113536626] [uvdrobot]: And it is not for me
[spotrobot-5] [INFO] [1748621317.113781581] [spotrobot]: And it is for me
[spotrobot-5] [INFO] [1748621317.114291515] [spotrobot]: Finished action
[uvdrobot-4] [INFO] [1748621317.114912869] [uvdrobot]: I heard: "{"performative": "query", "sender": "spotrobot1", "receiver": "nurse_disinfected1", "content": "Done|a_authorize_patrol"}"
[nurse_disinfect-3] [INFO] [1748621317.114963502] [nurse_disinfect]: I heard: "{"performative": "query", "sender": "spotrobot1", "receiver": "nurse_disinfected1", "content": "Done|a_authorize_patrol"}"
[spotrobot-5] [INFO] [1748621317.115053426] [spotrobot]: Doing a_patrol_room
[nurse_disinfect-3] [INFO] [1748621317.115242241] [nurse_disinfect]: And it is for me
[uvdrobot-4] [INFO] [1748621317.115345356] [uvdrobot]: And it is not for me
[nurse_disinfect-3] [INFO] [1748621317.115553607] [nurse_disinfect]: Finished action
[spotrobot-5] [INFO] [1748621317.115709777] [spotrobot]: Wating for response
[uvdrobot-4] [INFO] [1748621317.116261971] [uvdrobot]: I heard: "{"performative": "query", "sender": "nurse_disinfected1", "receiver": "spotrobot1", "content": "Done|a_authorize_patrol"}"
[nurse_disinfect-3] [INFO] [1748621317.116277519] [nurse_disinfect]: I heard: "{"performative": "query", "sender": "nurse_disinfected1", "receiver": "spotrobot1", "content": "Done|a_authorize_patrol"}"
[spotrobot-5] [INFO] [1748621317.116516394] [spotrobot]: I heard: "{"performative": "query", "sender": "spotrobot1", "receiver": "nurse_disinfected1", "content": "Done|a_authorize_patrol"}"
[uvdrobot-4] [INFO] [1748621317.116604553] [uvdrobot]: And it is not for me
[nurse_disinfect-3] [INFO] [1748621317.116616204] [nurse_disinfect]: And it is not for me
[spotrobot-5] [INFO] [1748621317.117065434] [spotrobot]: And it is not for me
[spotrobot-5] [INFO] [1748621317.118069825] [spotrobot]: I heard: "{"performative": "query", "sender": "nurse_disinfected1", "receiver": "spotrobot1", "content": "Done|a_authorize_patrol"}"
[spotrobot-5] [INFO] [1748621317.118623311] [spotrobot]: And it is for me
[spotrobot-5] [INFO] [1748621317.119169267] [spotrobot]: Already finished action
[spotrobot-5] [INFO] [1748621317.120146320] [spotrobot]: success
[spotrobot-5] [INFO] [1748621317.120731462] [spotrobot]: Doing a_authorize_disinfect
[spotrobot-5] [INFO] [1748621317.121122223] [spotrobot]: a_authorize_disinfect
[spotrobot-5] [INFO] [1748621317.121599199] [spotrobot]: Here first, waiting for spotrobot
[nurse_disinfect-3] [INFO] [1748621317.122334339] [nurse_disinfect]: I heard: "{"performative": "query", "sender": "spotrobot1", "receiver": "uvdrobot1", "content": "Ready|a_authorize_disinfect"}"
[uvdrobot-4] [INFO] [1748621317.122360954] [uvdrobot]: I heard: "{"performative": "query", "sender": "spotrobot1", "receiver": "uvdrobot1", "content": "Ready|a_authorize_disinfect"}"
[spotrobot-5] [INFO] [1748621317.122364260] [spotrobot]: I heard: "{"performative": "query", "sender": "spotrobot1", "receiver": "uvdrobot1", "content": "Ready|a_authorize_disinfect"}"
[spotrobot-5] [INFO] [1748621317.122642715] [spotrobot]: And it is not for me
[uvdrobot-4] [INFO] [1748621317.122711993] [uvdrobot]: And it is for me
[nurse_disinfect-3] [INFO] [1748621317.122952624] [nurse_disinfect]: And it is not for me
[uvdrobot-4] [INFO] [1748621317.123020350] [uvdrobot]: Ready to act
[uvdrobot-4] [INFO] [1748621317.123670893] [uvdrobot]: I heard: "{"performative": "query", "sender": "uvdrobot1", "receiver": "spotrobot1", "content": "Done|a_authorize_disinfect"}"
[spotrobot-5] [INFO] [1748621317.123706986] [spotrobot]: I heard: "{"performative": "query", "sender": "uvdrobot1", "receiver": "spotrobot1", "content": "Done|a_authorize_disinfect"}"
[nurse_disinfect-3] [INFO] [1748621317.123831627] [nurse_disinfect]: I heard: "{"performative": "query", "sender": "uvdrobot1", "receiver": "spotrobot1", "content": "Done|a_authorize_disinfect"}"
[uvdrobot-4] [INFO] [1748621317.123945820] [uvdrobot]: And it is not for me
[spotrobot-5] [INFO] [1748621317.124036665] [spotrobot]: And it is for me
[spotrobot-5] [INFO] [1748621317.124332697] [spotrobot]: Finished action
[nurse_disinfect-3] [INFO] [1748621317.124332489] [nurse_disinfect]: And it is not for me
[uvdrobot-4] [INFO] [1748621317.124888723] [uvdrobot]: I heard: "{"performative": "query", "sender": "spotrobot1", "receiver": "uvdrobot1", "content": "Done|a_authorize_disinfect"}"
[uvdrobot-4] [INFO] [1748621317.125169742] [uvdrobot]: And it is for me
[nurse_disinfect-3] [INFO] [1748621317.125241603] [nurse_disinfect]: I heard: "{"performative": "query", "sender": "spotrobot1", "receiver": "uvdrobot1", "content": "Done|a_authorize_disinfect"}"
[spotrobot-5] [INFO] [1748621317.125387470] [spotrobot]: I heard: "{"performative": "query", "sender": "spotrobot1", "receiver": "uvdrobot1", "content": "Done|a_authorize_disinfect"}"
[uvdrobot-4] [INFO] [1748621317.125425569] [uvdrobot]: Finished action
[nurse_disinfect-3] [INFO] [1748621317.125794748] [nurse_disinfect]: And it is not for me
[uvdrobot-4] [INFO] [1748621317.125899414] [uvdrobot]: Doing a_navto
[spotrobot-5] [INFO] [1748621317.125905284] [spotrobot]: And it is not for me
[uvdrobot-4] [INFO] [1748621317.126288179] [uvdrobot]: Waiting for response
[nurse_disinfect-3] [INFO] [1748621317.126737084] [nurse_disinfect]: I heard: "{"performative": "query", "sender": "uvdrobot1", "receiver": "spotrobot1", "content": "Done|a_authorize_disinfect"}"
[uvdrobot-4] [INFO] [1748621317.126795842] [uvdrobot]: I heard: "{"performative": "query", "sender": "uvdrobot1", "receiver": "spotrobot1", "content": "Done|a_authorize_disinfect"}"
[spotrobot-5] [INFO] [1748621317.126861591] [spotrobot]: I heard: "{"performative": "query", "sender": "uvdrobot1", "receiver": "spotrobot1", "content": "Done|a_authorize_disinfect"}"
[uvdrobot-4] [INFO] [1748621317.127131576] [uvdrobot]: And it is not for me
[spotrobot-5] [INFO] [1748621317.127267923] [spotrobot]: And it is for me
[nurse_disinfect-3] [INFO] [1748621317.127298629] [nurse_disinfect]: And it is not for me
[spotrobot-5] [INFO] [1748621317.127542007] [spotrobot]: Already finished action
[uvdrobot-4] [INFO] [1748621317.127705835] [uvdrobot]: success
[uvdrobot-4] [INFO] [1748621317.128112157] [uvdrobot]: Doing a_disinfect_room
[uvdrobot-4] [INFO] [1748621317.128751489] [uvdrobot]: Waiting for response
[uvdrobot-4] [INFO] [1748621317.129740764] [uvdrobot]: success
[uvdrobot-4] [INFO] [1748621317.131772604] [uvdrobot]: Recebido sinal de desligamento do coordenador, finalizando...
[disinfect_planner-2] [INFO] [1748621317.131808339] [disinfect_planner]: Recebido sinal de desligamento do coordenador, finalizando...
[disinfect_environment-1] [INFO] [1748621317.131874847] [disinfect_environment]: Recebido sinal de desligamento do coordenador, finalizando...
[nurse_disinfect-3] [INFO] [1748621317.132040034] [nurse_disinfect]: Recebido sinal de desligamento do coordenador, finalizando...
[disinfect_planner-2] [INFO] [1748621317.132112837] [Quitting]: Done
[uvdrobot-4] [INFO] [1748621317.132133008] [Quitting]: Done
[spotrobot-5] [INFO] [1748621317.132297811] [spotrobot]: Recebido sinal de desligamento do coordenador, finalizando...
[disinfect_environment-1] [INFO] [1748621317.132332166] [Quitting]: Done
[nurse_disinfect-3] [INFO] [1748621317.132698012] [Quitting]: Done
[spotrobot-5] [INFO] [1748621317.133019601] [Quitting]: Done
[INFO] [disinfect_environment-1]: process has finished cleanly [pid 38355]
[INFO] [spotrobot-5]: process has finished cleanly [pid 38363]
[INFO] [uvdrobot-4]: process has finished cleanly [pid 38361]
[INFO] [nurse_disinfect-3]: process has finished cleanly [pid 38359]
