[INFO] [launch]: All log files can be found below /home/rafael/.ros/log/2025-05-30-13-05-44-767591-NotebookRafael-35506
[INFO] [launch]: Default logging verbosity is set to INFO
[INFO] [disinfect_environment-1]: process started with pid [35509]
[INFO] [disinfect_planner-2]: process started with pid [35511]
[INFO] [nurse_disinfect-3]: process started with pid [35513]
[INFO] [uvdrobot-4]: process started with pid [35515]
[INFO] [spotrobot-5]: process started with pid [35517]
[disinfect_environment-1] [INFO] [1748621145.016507235] [disinfect_environment]: Starting Environment server
[disinfect_environment-1] [INFO] [1748621145.020342490] [disinfect_environment]: Environment server started
[disinfect_planner-2] [INFO] [1748621145.550999335] [disinfect_planner]: Starting Planner server
[disinfect_planner-2] [INFO] [1748621145.555169296] [disinfect_planner]: Planner server started
[disinfect_planner-2] [INFO] [1748621145.802187865] [disinfect_planner]: Creating plan for: spotrobot1 uvdrobot1 nurse_disinfected1
[disinfect_planner-2] [INFO] [1748621145.803690755] [disinfect_planner]: a_navto,spotrobot1,room1
[disinfect_planner-2] [INFO] [1748621145.803994385] [disinfect_planner]: a_open_door,spotrobot1,room1
[disinfect_planner-2] [INFO] [1748621145.804289719] [disinfect_planner]: a_approach_nurse,spotrobot1,nurse_disinfected1
[disinfect_planner-2] [INFO] [1748621145.804610442] [disinfect_planner]: a_authenticate_nurse,spotrobot1,nurse_disinfected1
[disinfect_planner-2] [INFO] [1748621145.804902223] [disinfect_planner]: a_authorize_patrol,spotrobot1,nurse_disinfected1
[disinfect_planner-2] [INFO] [1748621145.805224222] [disinfect_planner]: a_patrol_room,spotrobot1,room1
[disinfect_planner-2] [INFO] [1748621145.805513707] [disinfect_planner]: a_authorize_disinfect,uvdrobot1,spotrobot1
[disinfect_planner-2] [INFO] [1748621145.805803163] [disinfect_planner]: a_navto,uvdrobot1,room1
[disinfect_planner-2] [INFO] [1748621145.806089822] [disinfect_planner]: a_disinfect_room,uvdrobot1,room1
[disinfect_planner-2] [INFO] [1748621145.806377729] [disinfect_planner]: Sending response
[spotrobot-5] [INFO] [1748621145.807555332] [spotrobot]: response.response spotrobot1
[spotrobot-5] [INFO] [1748621145.807930898] [spotrobot]: My name is spotrobot1
[nurse_disinfect-3] [INFO] [1748621145.808587210] [nurse_disinfect]: response.response nurse_disinfected1
[spotrobot-5] [INFO] [1748621145.808770702] [spotrobot]: I heard: "{"performative": "request", "sender": "Coordinator", "receiver": "uvdrobot1", "content": "Plan|a_authorize_disinfect,uvdrobot1,spotrobot1/a_navto,uvdrobot1,room1/a_disinfect_room,uvdrobot1,room1"}"
[spotrobot-5] [INFO] [1748621145.809063182] [spotrobot]: And it is not for me
[nurse_disinfect-3] [INFO] [1748621145.809170847] [nurse_disinfect]: My name is nurse_disinfected1
[uvdrobot-4] [INFO] [1748621145.809612269] [uvdrobot]: response.response uvdrobot1
[spotrobot-5] [INFO] [1748621145.809686543] [spotrobot]: I heard: "{"performative": "request", "sender": "Coordinator", "receiver": "spotrobot1", "content": "Plan|a_navto,spotrobot1,room1/a_open_door,spotrobot1,room1/a_approach_nurse,spotrobot1,nurse_disinfected1/a_authenticate_nurse,spotrobot1,nurse_disinfected1/a_authorize_patrol,spotrobot1,nurse_disinfected1/a_patrol_room,spotrobot1,room1/a_authorize_disinfect,uvdrobot1,spotrobot1"}"
[spotrobot-5] [INFO] [1748621145.810033876] [spotrobot]: And it is for me
[uvdrobot-4] [INFO] [1748621145.810063098] [uvdrobot]: My name is uvdrobot1
[spotrobot-5] [INFO] [1748621145.810468585] [spotrobot]: Doing a_navto
[uvdrobot-4] [INFO] [1748621145.810722471] [uvdrobot]: I heard: "{"performative": "request", "sender": "Coordinator", "receiver": "uvdrobot1", "content": "Plan|a_authorize_disinfect,uvdrobot1,spotrobot1/a_navto,uvdrobot1,room1/a_disinfect_room,uvdrobot1,room1"}"
[spotrobot-5] [INFO] [1748621145.810880786] [spotrobot]: Wating for response
[uvdrobot-4] [INFO] [1748621145.811011587] [uvdrobot]: And it is for me
[uvdrobot-4] [INFO] [1748621145.811357568] [uvdrobot]: Doing a_authorize_disinfect
[spotrobot-5] [INFO] [1748621145.811357127] [spotrobot]: I heard: "{"performative": "request", "sender": "Coordinator", "receiver": "nurse_disinfected1", "content": "Plan|a_approach_nurse,spotrobot1,nurse_disinfected1/a_authenticate_nurse,spotrobot1,nurse_disinfected1/a_authorize_patrol,spotrobot1,nurse_disinfected1"}"
[spotrobot-5] [INFO] [1748621145.811649844] [spotrobot]: And it is not for me
[uvdrobot-4] [INFO] [1748621145.811695196] [uvdrobot]: a_authorize_disinfect
[uvdrobot-4] [INFO] [1748621145.811955587] [uvdrobot]: Here first, waiting for spotrobot
[spotrobot-5] [INFO] [1748621145.812371098] [spotrobot]: success
[uvdrobot-4] [INFO] [1748621145.812642305] [uvdrobot]: I heard: "{"performative": "request", "sender": "Coordinator", "receiver": "spotrobot1", "content": "Plan|a_navto,spotrobot1,room1/a_open_door,spotrobot1,room1/a_approach_nurse,spotrobot1,nurse_disinfected1/a_authenticate_nurse,spotrobot1,nurse_disinfected1/a_authorize_patrol,spotrobot1,nurse_disinfected1/a_patrol_room,spotrobot1,room1/a_authorize_disinfect,uvdrobot1,spotrobot1"}"
[spotrobot-5] [INFO] [1748621145.812767009] [spotrobot]: Doing a_open_door
[uvdrobot-4] [INFO] [1748621145.812965523] [uvdrobot]: And it is not for me
[uvdrobot-4] [INFO] [1748621145.813283430] [uvdrobot]: I heard: "{"performative": "query", "sender": "uvdrobot1", "receiver": "spotrobot1", "content": "Ready|a_authorize_disinfect"}"
[spotrobot-5] [INFO] [1748621145.813362656] [spotrobot]: Wating for response
[uvdrobot-4] [INFO] [1748621145.813572036] [uvdrobot]: And it is not for me
[uvdrobot-4] [INFO] [1748621145.814085655] [uvdrobot]: I heard: "{"performative": "request", "sender": "Coordinator", "receiver": "nurse_disinfected1", "content": "Plan|a_approach_nurse,spotrobot1,nurse_disinfected1/a_authenticate_nurse,spotrobot1,nurse_disinfected1/a_authorize_patrol,spotrobot1,nurse_disinfected1"}"
[spotrobot-5] [INFO] [1748621145.814110784] [spotrobot]: I heard: "{"performative": "query", "sender": "uvdrobot1", "receiver": "spotrobot1", "content": "Ready|a_authorize_disinfect"}"
[spotrobot-5] [INFO] [1748621145.814384394] [spotrobot]: And it is for me
[uvdrobot-4] [INFO] [1748621145.814393471] [uvdrobot]: And it is not for me
[spotrobot-5] [INFO] [1748621145.814685142] [spotrobot]: No there yet
[spotrobot-5] [INFO] [1748621145.815409231] [spotrobot]: success
[spotrobot-5] [INFO] [1748621145.815797393] [spotrobot]: Doing a_approach_nurse
[spotrobot-5] [INFO] [1748621145.816185225] [spotrobot]: Wating for response
[spotrobot-5] [INFO] [1748621145.817145987] [spotrobot]: success
[spotrobot-5] [INFO] [1748621145.817485912] [spotrobot]: Doing a_authenticate_nurse
[spotrobot-5] [INFO] [1748621145.817824513] [spotrobot]: a_authenticate_nurse
[spotrobot-5] [INFO] [1748621145.818270372] [spotrobot]: Here first, waiting for nurse
[uvdrobot-4] [INFO] [1748621145.818847966] [uvdrobot]: I heard: "{"performative": "query", "sender": "spotrobot1", "receiver": "nurse_disinfected1", "content": "Ready|a_authenticate_nurse"}"
[spotrobot-5] [INFO] [1748621145.819161002] [spotrobot]: I heard: "{"performative": "query", "sender": "spotrobot1", "receiver": "nurse_disinfected1", "content": "Ready|a_authenticate_nurse"}"
[uvdrobot-4] [INFO] [1748621145.819217626] [uvdrobot]: And it is not for me
[spotrobot-5] [INFO] [1748621145.819472352] [spotrobot]: And it is not for me
[nurse_disinfect-3] [INFO] [1748621146.810870129] [nurse_disinfect]: I heard: "{"performative": "request", "sender": "Coordinator", "receiver": "uvdrobot1", "content": "Plan|a_authorize_disinfect,uvdrobot1,spotrobot1/a_navto,uvdrobot1,room1/a_disinfect_room,uvdrobot1,room1"}"
[nurse_disinfect-3] [INFO] [1748621146.811297902] [nurse_disinfect]: And it is not for me
[nurse_disinfect-3] [INFO] [1748621146.811740114] [nurse_disinfect]: I heard: "{"performative": "query", "sender": "uvdrobot1", "receiver": "spotrobot1", "content": "Ready|a_authorize_disinfect"}"
[nurse_disinfect-3] [INFO] [1748621146.812057426] [nurse_disinfect]: And it is not for me
[nurse_disinfect-3] [INFO] [1748621146.813008843] [nurse_disinfect]: I heard: "{"performative": "request", "sender": "Coordinator", "receiver": "spotrobot1", "content": "Plan|a_navto,spotrobot1,room1/a_open_door,spotrobot1,room1/a_approach_nurse,spotrobot1,nurse_disinfected1/a_authenticate_nurse,spotrobot1,nurse_disinfected1/a_authorize_patrol,spotrobot1,nurse_disinfected1/a_patrol_room,spotrobot1,room1/a_authorize_disinfect,uvdrobot1,spotrobot1"}"
[nurse_disinfect-3] [INFO] [1748621146.813430106] [nurse_disinfect]: And it is not for me
[nurse_disinfect-3] [INFO] [1748621146.813800202] [nurse_disinfect]: I heard: "{"performative": "query", "sender": "spotrobot1", "receiver": "nurse_disinfected1", "content": "Ready|a_authenticate_nurse"}"
[nurse_disinfect-3] [INFO] [1748621146.814149688] [nurse_disinfect]: And it is for me
[nurse_disinfect-3] [INFO] [1748621146.814479408] [nurse_disinfect]: No there yet
[nurse_disinfect-3] [INFO] [1748621146.815010819] [nurse_disinfect]: I heard: "{"performative": "request", "sender": "Coordinator", "receiver": "nurse_disinfected1", "content": "Plan|a_approach_nurse,spotrobot1,nurse_disinfected1/a_authenticate_nurse,spotrobot1,nurse_disinfected1/a_authorize_patrol,spotrobot1,nurse_disinfected1"}"
[nurse_disinfect-3] [INFO] [1748621146.815425978] [nurse_disinfect]: And it is for me
[nurse_disinfect-3] [INFO] [1748621146.816854984] [nurse_disinfect]: a_approach_nurse
[nurse_disinfect-3] [INFO] [1748621146.817195986] [nurse_disinfect]: a_authenticate_nurse
[nurse_disinfect-3] [INFO] [1748621146.817501912] [nurse_disinfect]: Doing a_authenticate_nurse
[nurse_disinfect-3] [INFO] [1748621146.817799627] [nurse_disinfect]: a_authenticate_nurse
[nurse_disinfect-3] [INFO] [1748621146.818112715] [nurse_disinfect]: Robot is waiting, send action message
[nurse_disinfect-3] [INFO] [1748621146.818750411] [nurse_disinfect]: I heard: "{"performative": "query", "sender": "nurse_disinfected1", "receiver": "spotrobot1", "content": "Done|a_authenticate_nurse"}"
[uvdrobot-4] [INFO] [1748621146.818778113] [uvdrobot]: I heard: "{"performative": "query", "sender": "nurse_disinfected1", "receiver": "spotrobot1", "content": "Done|a_authenticate_nurse"}"
[spotrobot-5] [INFO] [1748621146.818958825] [spotrobot]: I heard: "{"performative": "query", "sender": "nurse_disinfected1", "receiver": "spotrobot1", "content": "Done|a_authenticate_nurse"}"
[nurse_disinfect-3] [INFO] [1748621146.819063556] [nurse_disinfect]: And it is not for me
[uvdrobot-4] [INFO] [1748621146.819085551] [uvdrobot]: And it is not for me
[spotrobot-5] [INFO] [1748621146.819509815] [spotrobot]: And it is for me
[spotrobot-5] [INFO] [1748621146.819879636] [spotrobot]: Finished action
[spotrobot-5] [INFO] [1748621146.820396581] [spotrobot]: Doing a_authorize_patrol
[uvdrobot-4] [INFO] [1748621146.820552800] [uvdrobot]: I heard: "{"performative": "query", "sender": "spotrobot1", "receiver": "nurse_disinfected1", "content": "Done|a_authenticate_nurse"}"
[spotrobot-5] [INFO] [1748621146.820751237] [spotrobot]: a_authorize_patrol
[nurse_disinfect-3] [INFO] [1748621146.820835436] [nurse_disinfect]: I heard: "{"performative": "query", "sender": "spotrobot1", "receiver": "nurse_disinfected1", "content": "Done|a_authenticate_nurse"}"
[uvdrobot-4] [INFO] [1748621146.820971766] [uvdrobot]: And it is not for me
[spotrobot-5] [INFO] [1748621146.821079567] [spotrobot]: Here first, waiting for nurse
[nurse_disinfect-3] [INFO] [1748621146.821334890] [nurse_disinfect]: And it is for me
[uvdrobot-4] [INFO] [1748621146.821815095] [uvdrobot]: I heard: "{"performative": "query", "sender": "spotrobot1", "receiver": "nurse_disinfected1", "content": "Ready|a_authorize_patrol"}"
[nurse_disinfect-3] [INFO] [1748621146.821836206] [nurse_disinfect]: Finished action
[spotrobot-5] [INFO] [1748621146.821899102] [spotrobot]: I heard: "{"performative": "query", "sender": "spotrobot1", "receiver": "nurse_disinfected1", "content": "Done|a_authenticate_nurse"}"
[spotrobot-5] [INFO] [1748621146.822183437] [spotrobot]: And it is not for me
[uvdrobot-4] [INFO] [1748621146.822377821] [uvdrobot]: And it is not for me
[spotrobot-5] [INFO] [1748621146.822771383] [spotrobot]: I heard: "{"performative": "query", "sender": "spotrobot1", "receiver": "nurse_disinfected1", "content": "Ready|a_authorize_patrol"}"
[nurse_disinfect-3] [INFO] [1748621146.822844574] [nurse_disinfect]: a_authorize_patrol
[spotrobot-5] [INFO] [1748621146.823166405] [spotrobot]: And it is not for me
[uvdrobot-4] [INFO] [1748621146.823177730] [uvdrobot]: I heard: "{"performative": "query", "sender": "nurse_disinfected1", "receiver": "spotrobot1", "content": "Done|a_authenticate_nurse"}"
[nurse_disinfect-3] [INFO] [1748621146.823312610] [nurse_disinfect]: Doing a_authorize_patrol
[uvdrobot-4] [INFO] [1748621146.823691614] [uvdrobot]: And it is not for me
[nurse_disinfect-3] [INFO] [1748621146.823814559] [nurse_disinfect]: a_authorize_patrol
[spotrobot-5] [INFO] [1748621146.823834206] [spotrobot]: I heard: "{"performative": "query", "sender": "nurse_disinfected1", "receiver": "spotrobot1", "content": "Done|a_authenticate_nurse"}"
[spotrobot-5] [INFO] [1748621146.824128358] [spotrobot]: And it is for me
[nurse_disinfect-3] [INFO] [1748621146.824272002] [nurse_disinfect]: Here first, waiting for robot
[spotrobot-5] [INFO] [1748621146.824384469] [spotrobot]: Already finished action
[spotrobot-5] [INFO] [1748621146.825004712] [spotrobot]: I heard: "{"performative": "query", "sender": "nurse_disinfected1", "receiver": "spotrobot1", "content": "Ready|a_authorize_patrol"}"
[uvdrobot-4] [INFO] [1748621146.825221981] [uvdrobot]: I heard: "{"performative": "query", "sender": "nurse_disinfected1", "receiver": "spotrobot1", "content": "Ready|a_authorize_patrol"}"
[nurse_disinfect-3] [INFO] [1748621146.825256813] [nurse_disinfect]: I heard: "{"performative": "query", "sender": "spotrobot1", "receiver": "nurse_disinfected1", "content": "Ready|a_authorize_patrol"}"
[spotrobot-5] [INFO] [1748621146.825350456] [spotrobot]: And it is for me
[nurse_disinfect-3] [INFO] [1748621146.825589026] [nurse_disinfect]: And it is for me
[uvdrobot-4] [INFO] [1748621146.825742025] [uvdrobot]: And it is not for me
[spotrobot-5] [INFO] [1748621146.825778456] [spotrobot]: Ready to act
[nurse_disinfect-3] [INFO] [1748621146.825857486] [nurse_disinfect]: Ready to act
[uvdrobot-4] [INFO] [1748621146.826607077] [uvdrobot]: I heard: "{"performative": "query", "sender": "spotrobot1", "receiver": "nurse_disinfected1", "content": "Done|a_authorize_patrol"}"
[spotrobot-5] [INFO] [1748621146.826781608] [spotrobot]: I heard: "{"performative": "query", "sender": "spotrobot1", "receiver": "nurse_disinfected1", "content": "Done|a_authorize_patrol"}"
[nurse_disinfect-3] [INFO] [1748621146.826915780] [nurse_disinfect]: I heard: "{"performative": "query", "sender": "nurse_disinfected1", "receiver": "spotrobot1", "content": "Done|a_authenticate_nurse"}"
[uvdrobot-4] [INFO] [1748621146.827107344] [uvdrobot]: And it is not for me
[spotrobot-5] [INFO] [1748621146.827221873] [spotrobot]: And it is not for me
[nurse_disinfect-3] [INFO] [1748621146.827415735] [nurse_disinfect]: And it is not for me
[uvdrobot-4] [INFO] [1748621146.828020473] [uvdrobot]: I heard: "{"performative": "query", "sender": "nurse_disinfected1", "receiver": "spotrobot1", "content": "Done|a_authorize_patrol"}"
[spotrobot-5] [INFO] [1748621146.828095882] [spotrobot]: I heard: "{"performative": "query", "sender": "nurse_disinfected1", "receiver": "spotrobot1", "content": "Done|a_authorize_patrol"}"
[nurse_disinfect-3] [INFO] [1748621146.828326199] [nurse_disinfect]: I heard: "{"performative": "query", "sender": "nurse_disinfected1", "receiver": "spotrobot1", "content": "Ready|a_authorize_patrol"}"
[uvdrobot-4] [INFO] [1748621146.828576283] [uvdrobot]: And it is not for me
[spotrobot-5] [INFO] [1748621146.828624865] [spotrobot]: And it is for me
[nurse_disinfect-3] [INFO] [1748621146.828823395] [nurse_disinfect]: And it is not for me
[spotrobot-5] [INFO] [1748621146.829084709] [spotrobot]: Finished action
[nurse_disinfect-3] [INFO] [1748621146.829566368] [nurse_disinfect]: I heard: "{"performative": "query", "sender": "spotrobot1", "receiver": "nurse_disinfected1", "content": "Done|a_authorize_patrol"}"
[spotrobot-5] [INFO] [1748621146.829579732] [spotrobot]: Doing a_patrol_room
[nurse_disinfect-3] [INFO] [1748621146.829921411] [nurse_disinfect]: And it is for me
[spotrobot-5] [INFO] [1748621146.829959342] [spotrobot]: Wating for response
[uvdrobot-4] [INFO] [1748621146.830076432] [uvdrobot]: I heard: "{"performative": "query", "sender": "spotrobot1", "receiver": "nurse_disinfected1", "content": "Done|a_authorize_patrol"}"
[nurse_disinfect-3] [INFO] [1748621146.830273931] [nurse_disinfect]: Finished action
[spotrobot-5] [INFO] [1748621146.830485595] [spotrobot]: I heard: "{"performative": "query", "sender": "spotrobot1", "receiver": "nurse_disinfected1", "content": "Done|a_authorize_patrol"}"
[uvdrobot-4] [INFO] [1748621146.830605604] [uvdrobot]: And it is not for me
[spotrobot-5] [INFO] [1748621146.830824517] [spotrobot]: And it is not for me
[nurse_disinfect-3] [INFO] [1748621146.831402671] [nurse_disinfect]: I heard: "{"performative": "query", "sender": "nurse_disinfected1", "receiver": "spotrobot1", "content": "Done|a_authorize_patrol"}"
[uvdrobot-4] [INFO] [1748621146.831501195] [uvdrobot]: I heard: "{"performative": "query", "sender": "nurse_disinfected1", "receiver": "spotrobot1", "content": "Done|a_authorize_patrol"}"
[spotrobot-5] [INFO] [1748621146.831559851] [spotrobot]: I heard: "{"performative": "query", "sender": "nurse_disinfected1", "receiver": "spotrobot1", "content": "Done|a_authorize_patrol"}"
[nurse_disinfect-3] [INFO] [1748621146.831803797] [nurse_disinfect]: And it is not for me
[uvdrobot-4] [INFO] [1748621146.831992930] [uvdrobot]: And it is not for me
[spotrobot-5] [INFO] [1748621146.832093322] [spotrobot]: And it is for me
[nurse_disinfect-3] [INFO] [1748621146.832412768] [nurse_disinfect]: I heard: "{"performative": "query", "sender": "spotrobot1", "receiver": "nurse_disinfected1", "content": "Done|a_authorize_patrol"}"
[spotrobot-5] [INFO] [1748621146.832574370] [spotrobot]: Already finished action
[nurse_disinfect-3] [INFO] [1748621146.832700731] [nurse_disinfect]: And it is for me
[nurse_disinfect-3] [INFO] [1748621146.833026973] [nurse_disinfect]: Already finished action
[nurse_disinfect-3] [INFO] [1748621146.833668034] [nurse_disinfect]: I heard: "{"performative": "query", "sender": "nurse_disinfected1", "receiver": "spotrobot1", "content": "Done|a_authorize_patrol"}"
[nurse_disinfect-3] [INFO] [1748621146.833973261] [nurse_disinfect]: And it is not for me
[spotrobot-5] [INFO] [1748621146.834441326] [spotrobot]: dirty room
[uvdrobot-4] [INFO] [1748621146.836469330] [uvdrobot]: I heard: "{"performative": "request", "sender": "Coordinator", "receiver": "spotrobot1", "content": "Reset"}"
[nurse_disinfect-3] [INFO] [1748621146.836529289] [nurse_disinfect]: I heard: "{"performative": "request", "sender": "Coordinator", "receiver": "spotrobot1", "content": "Reset"}"
[uvdrobot-4] [INFO] [1748621146.836798558] [uvdrobot]: And it is not for me
[nurse_disinfect-3] [INFO] [1748621146.836802955] [nurse_disinfect]: And it is not for me
[spotrobot-5] [INFO] [1748621146.836809939] [spotrobot]: I heard: "{"performative": "request", "sender": "Coordinator", "receiver": "spotrobot1", "content": "Reset"}"
[nurse_disinfect-3] [INFO] [1748621146.837283993] [nurse_disinfect]: I heard: "{"performative": "request", "sender": "Coordinator", "receiver": "uvdrobot1", "content": "Reset"}"
[uvdrobot-4] [INFO] [1748621146.837334344] [uvdrobot]: I heard: "{"performative": "request", "sender": "Coordinator", "receiver": "uvdrobot1", "content": "Reset"}"
[spotrobot-5] [INFO] [1748621146.837362479] [spotrobot]: And it is for me
[nurse_disinfect-3] [INFO] [1748621146.837546378] [nurse_disinfect]: And it is not for me
[uvdrobot-4] [INFO] [1748621146.837607047] [uvdrobot]: And it is for me
[nurse_disinfect-3] [INFO] [1748621146.838045473] [nurse_disinfect]: I heard: "{"performative": "request", "sender": "Coordinator", "receiver": "nurse_disinfected1", "content": "Reset"}"
[uvdrobot-4] [INFO] [1748621146.838140112] [uvdrobot]: I heard: "{"performative": "request", "sender": "Coordinator", "receiver": "nurse_disinfected1", "content": "Reset"}"
[spotrobot-5] [INFO] [1748621146.838162974] [spotrobot]: I heard: "{"performative": "request", "sender": "Coordinator", "receiver": "uvdrobot1", "content": "Reset"}"
[nurse_disinfect-3] [INFO] [1748621146.838363079] [nurse_disinfect]: And it is for me
[uvdrobot-4] [INFO] [1748621146.838410869] [uvdrobot]: And it is not for me
[spotrobot-5] [INFO] [1748621146.838615788] [spotrobot]: And it is not for me
[spotrobot-5] [INFO] [1748621146.839237656] [spotrobot]: 
[uvdrobot-4] [INFO] [1748621146.839753660] [uvdrobot]: Recebido sinal de desligamento do coordenador, finalizando...
[disinfect_planner-2] [INFO] [1748621146.839856120] [disinfect_planner]: Recebido sinal de desligamento do coordenador, finalizando...
[nurse_disinfect-3] [INFO] [1748621146.839985155] [nurse_disinfect]: Recebido sinal de desligamento do coordenador, finalizando...
[disinfect_environment-1] [INFO] [1748621146.839986265] [disinfect_environment]: Recebido sinal de desligamento do coordenador, finalizando...
[uvdrobot-4] [INFO] [1748621146.840128669] [Quitting]: Done
[disinfect_planner-2] [INFO] [1748621146.840162935] [Quitting]: Done
[spotrobot-5] [INFO] [1748621146.840178651] [spotrobot]: I heard: "{"performative": "request", "sender": "Coordinator", "receiver": "nurse_disinfected1", "content": "Reset"}"
[disinfect_environment-1] [INFO] [1748621146.840534506] [Quitting]: Done
[nurse_disinfect-3] [INFO] [1748621146.840555043] [Quitting]: Done
[spotrobot-5] [INFO] [1748621146.840646243] [spotrobot]: And it is not for me
[spotrobot-5] [INFO] [1748621146.841320895] [spotrobot]: Recebido sinal de desligamento do coordenador, finalizando...
[spotrobot-5] [INFO] [1748621146.842087638] [Quitting]: Done
[INFO] [disinfect_environment-1]: process has finished cleanly [pid 35509]
[INFO] [nurse_disinfect-3]: process has finished cleanly [pid 35513]
[INFO] [spotrobot-5]: process has finished cleanly [pid 35517]
[INFO] [uvdrobot-4]: process has finished cleanly [pid 35515]
[INFO] [disinfect_planner-2]: process has finished cleanly [pid 35511]
