[INFO] [launch]: All log files can be found below /home/rafael/.ros/log/2025-05-29-22-27-10-242350-NotebookRafael-102997
[INFO] [launch]: Default logging verbosity is set to INFO
[INFO] [disinfect_coordinator-1]: process started with pid [102999]
[disinfect_coordinator-1] [INFO] [1748568431.279763553] [disinfect_coordinator]: spin
[disinfect_coordinator-1] [INFO] [1748568431.280687304] [disinfect_coordinator]: Received: Performative=request, Sender=nurse_disinfected, Receiver=Coordinator, Content=Register
[disinfect_coordinator-1] [INFO] [1748568431.281043707] [disinfect_coordinator]: Current nurses: nurse_disinfected1 - 1
[disinfect_coordinator-1] [INFO] [1748568431.281341446] [disinfect_coordinator]: Response: nurse_disinfected1
[disinfect_coordinator-1] [INFO] [1748568431.282184495] [disinfect_coordinator]: Received: Performative=request, Sender=spotrobot, Receiver=Coordinator, Content=Register
[disinfect_coordinator-1] [INFO] [1748568431.282488600] [disinfect_coordinator]: Current Spotrobots: spotrobot1 - 1
[disinfect_coordinator-1] [INFO] [1748568431.282820351] [disinfect_coordinator]: Response: spotrobot1
[disinfect_coordinator-1] [INFO] [1748568431.283671680] [disinfect_coordinator]: Received: Performative=request, Sender=uvdrobot, Receiver=Coordinator, Content=Register
[disinfect_coordinator-1] [INFO] [1748568431.283970480] [disinfect_coordinator]: Current uvdrobots: uvdrobot1 - 1
[disinfect_coordinator-1] [INFO] [1748568431.284258346] [disinfect_coordinator]: Response: uvdrobot1
[disinfect_coordinator-1] [INFO] [1748568431.284931408] [disinfect_coordinator]: context: nurse_disinfected1 room1 spotrobot1 uvdrobot1
[disinfect_coordinator-1] [INFO] [1748568431.285234149] [disinfect_coordinator]: Starting mission with context: ('nurse_disinfected1', 'room1', 'spotrobot1', 'uvdrobot1')
[disinfect_coordinator-1] [INFO] [1748568431.285529073] [disinfect_coordinator]: Creating plan for: spotrobot1,uvdrobot1,nurse_disinfected1 
[disinfect_coordinator-1] [INFO] [1748568431.293122572] [disinfect_coordinator]: Plan received for: spotrobot1,uvdrobot1,nurse_disinfected1 
[disinfect_coordinator-1] [INFO] [1748568431.293437838] [disinfect_coordinator]: a_navto,spotrobot1,room1/a_open_door,spotrobot1,room1/a_approach_nurse,spotrobot1,nurse_disinfected1/a_authenticate_nurse,spotrobot1,nurse_disinfected1/a_authorize_patrol,spotrobot1,nurse_disinfected1/a_patrol_room,spotrobot1,room1/a_authorize_disinfect,uvdrobot1,spotrobot1/a_navto,uvdrobot1,room1/a_disinfect_room,uvdrobot1,room1
[disinfect_coordinator-1] [INFO] [1748568431.293746993] [disinfect_coordinator]: Sending plans
[disinfect_coordinator-1] [INFO] [1748568431.294474238] [disinfect_coordinator]: Plans sent
[disinfect_coordinator-1] [INFO] [1748568432.306130479] [disinfect_coordinator]: Received: Performative=inform, Sender=nurse_disinfected1, Receiver=Coordinator, Content=infectedRoom
[disinfect_coordinator-1] [INFO] [1748568432.324885986] [disinfect_coordinator]: Received: Performative=inform, Sender=spotrobot1, Receiver=Coordinator, Content=ERROR|dirty_room,room1
[disinfect_coordinator-1] [INFO] [1748568432.325449478] [disinfect_coordinator]: Sending reset requests...
[disinfect_coordinator-1] [INFO] [1748568432.326446152] [disinfect_coordinator]: Reset requests sent.
[disinfect_coordinator-1] [INFO] [1748568432.328178797] [disinfect_coordinator]: Error found
[disinfect_coordinator-1] [INFO] [1748568432.328696054] [disinfect_coordinator]: Updating uncleaned room: room1
[disinfect_coordinator-1] [INFO] [1748568432.329674093] [disinfect_coordinator]: success
[disinfect_coordinator-1] [INFO] [1748568432.330173112] [disinfect_coordinator]: Creating new plan for: spotrobot1,uvdrobot1,nurse_disinfected1 
[disinfect_coordinator-1] [INFO] [1748568432.335416592] [disinfect_coordinator]: Plan received for: spotrobot1,uvdrobot1,nurse_disinfected1 
[disinfect_coordinator-1] [INFO] [1748568432.335742649] [disinfect_coordinator]: a_navto,spotrobot1,room1/a_approach_nurse,spotrobot1,nurse_disinfected1/a_authenticate_nurse,spotrobot1,nurse_disinfected1/a_clean_room,nurse_disinfected1,room1/a_authorize_patrol,spotrobot1,nurse_disinfected1/a_patrol_room,spotrobot1,room1/a_authorize_disinfect,uvdrobot1,spotrobot1/a_navto,uvdrobot1,room1/a_disinfect_room,uvdrobot1,room1
[disinfect_coordinator-1] [INFO] [1748568432.336112240] [disinfect_coordinator]: Sending plans
[disinfect_coordinator-1] [INFO] [1748568432.336814492] [disinfect_coordinator]: Plans sent
[disinfect_coordinator-1] [INFO] [1748568432.369415973] [disinfect_coordinator]: Freeing agent: spotrobot1
[disinfect_coordinator-1] [INFO] [1748568432.369788568] [disinfect_coordinator]: Freeing agent: uvdrobot1
[disinfect_coordinator-1] [INFO] [1748568432.370104232] [disinfect_coordinator]: Freeing agent: nurse_disinfected1
[disinfect_coordinator-1] [INFO] [1748568432.370498125] [disinfect_coordinator]: Mission Completed
[disinfect_coordinator-1] [INFO] [1748568432.370812737] [disinfect_coordinator]: Ending simulation
[disinfect_coordinator-1] [INFO] [1748568432.371305816] [Quitting]: Done
[disinfect_coordinator-1] [INFO] [1748568432.371665431] [disinfect_coordinator]: stop spin
[INFO] [disinfect_coordinator-1]: process has finished cleanly [pid 102999]
