[INFO] [launch]: All log files can be found below /home/rafael/.ros/log/2025-05-30-13-05-49-255179-NotebookRafael-35585
[INFO] [launch]: Default logging verbosity is set to INFO
[INFO] [disinfect_environment-1]: process started with pid [35588]
[INFO] [disinfect_planner-2]: process started with pid [35590]
[INFO] [nurse_disinfect-3]: process started with pid [35592]
[INFO] [uvdrobot-4]: process started with pid [35594]
[INFO] [spotrobot-5]: process started with pid [35596]
[disinfect_environment-1] [INFO] [1748621149.531042657] [disinfect_environment]: Starting Environment server
[disinfect_environment-1] [INFO] [1748621149.534624693] [disinfect_environment]: Environment server started
[disinfect_planner-2] [INFO] [1748621150.038875161] [disinfect_planner]: Starting Planner server
[disinfect_planner-2] [INFO] [1748621150.043053638] [disinfect_planner]: Planner server started
[disinfect_planner-2] [INFO] [1748621150.305693347] [disinfect_planner]: Creating plan for: spotrobot1 uvdrobot1 nurse_disinfected1
[disinfect_planner-2] [INFO] [1748621150.307215153] [disinfect_planner]: a_navto,spotrobot1,room1
[disinfect_planner-2] [INFO] [1748621150.307525696] [disinfect_planner]: a_open_door,spotrobot1,room1
[disinfect_planner-2] [INFO] [1748621150.307775865] [disinfect_planner]: a_approach_nurse,spotrobot1,nurse_disinfected1
[disinfect_planner-2] [INFO] [1748621150.308107790] [disinfect_planner]: a_authenticate_nurse,spotrobot1,nurse_disinfected1
[disinfect_planner-2] [INFO] [1748621150.308404949] [disinfect_planner]: a_authorize_patrol,spotrobot1,nurse_disinfected1
[disinfect_planner-2] [INFO] [1748621150.308697065] [disinfect_planner]: a_patrol_room,spotrobot1,room1
[disinfect_planner-2] [INFO] [1748621150.308987290] [disinfect_planner]: a_authorize_disinfect,uvdrobot1,spotrobot1
[disinfect_planner-2] [INFO] [1748621150.309273811] [disinfect_planner]: a_navto,uvdrobot1,room1
[disinfect_planner-2] [INFO] [1748621150.309590034] [disinfect_planner]: a_disinfect_room,uvdrobot1,room1
[disinfect_planner-2] [INFO] [1748621150.309896340] [disinfect_planner]: Sending response
[nurse_disinfect-3] [INFO] [1748621150.311152899] [nurse_disinfect]: response.response nurse_disinfected1
[nurse_disinfect-3] [INFO] [1748621150.311636804] [nurse_disinfect]: My name is nurse_disinfected1
[spotrobot-5] [INFO] [1748621150.311906066] [spotrobot]: response.response spotrobot1
[spotrobot-5] [INFO] [1748621150.312259050] [spotrobot]: My name is spotrobot1
[spotrobot-5] [INFO] [1748621150.312903455] [spotrobot]: I heard: "{"performative": "request", "sender": "Coordinator", "receiver": "uvdrobot1", "content": "Plan|a_authorize_disinfect,uvdrobot1,spotrobot1/a_navto,uvdrobot1,room1/a_disinfect_room,uvdrobot1,room1"}"
[spotrobot-5] [INFO] [1748621150.313263268] [spotrobot]: And it is not for me
[uvdrobot-4] [INFO] [1748621150.313357091] [uvdrobot]: response.response uvdrobot1
[uvdrobot-4] [INFO] [1748621150.313740917] [uvdrobot]: My name is uvdrobot1
[spotrobot-5] [INFO] [1748621150.314070562] [spotrobot]: I heard: "{"performative": "request", "sender": "Coordinator", "receiver": "spotrobot1", "content": "Plan|a_navto,spotrobot1,room1/a_open_door,spotrobot1,room1/a_approach_nurse,spotrobot1,nurse_disinfected1/a_authenticate_nurse,spotrobot1,nurse_disinfected1/a_authorize_patrol,spotrobot1,nurse_disinfected1/a_patrol_room,spotrobot1,room1/a_authorize_disinfect,uvdrobot1,spotrobot1"}"
[spotrobot-5] [INFO] [1748621150.314390243] [spotrobot]: And it is for me
[uvdrobot-4] [INFO] [1748621150.314423963] [uvdrobot]: I heard: "{"performative": "request", "sender": "Coordinator", "receiver": "uvdrobot1", "content": "Plan|a_authorize_disinfect,uvdrobot1,spotrobot1/a_navto,uvdrobot1,room1/a_disinfect_room,uvdrobot1,room1"}"
[uvdrobot-4] [INFO] [1748621150.314771437] [uvdrobot]: And it is for me
[spotrobot-5] [INFO] [1748621150.314814552] [spotrobot]: Doing a_navto
[uvdrobot-4] [INFO] [1748621150.315211363] [uvdrobot]: Doing a_authorize_disinfect
[spotrobot-5] [INFO] [1748621150.315398460] [spotrobot]: Wating for response
[uvdrobot-4] [INFO] [1748621150.315493723] [uvdrobot]: a_authorize_disinfect
[uvdrobot-4] [INFO] [1748621150.315820499] [uvdrobot]: Here first, waiting for spotrobot
[spotrobot-5] [INFO] [1748621150.315986994] [spotrobot]: I heard: "{"performative": "request", "sender": "Coordinator", "receiver": "nurse_disinfected1", "content": "Plan|a_approach_nurse,spotrobot1,nurse_disinfected1/a_authenticate_nurse,spotrobot1,nurse_disinfected1/a_authorize_patrol,spotrobot1,nurse_disinfected1"}"
[spotrobot-5] [INFO] [1748621150.316265374] [spotrobot]: And it is not for me
[uvdrobot-4] [INFO] [1748621150.316562581] [uvdrobot]: I heard: "{"performative": "request", "sender": "Coordinator", "receiver": "spotrobot1", "content": "Plan|a_navto,spotrobot1,room1/a_open_door,spotrobot1,room1/a_approach_nurse,spotrobot1,nurse_disinfected1/a_authenticate_nurse,spotrobot1,nurse_disinfected1/a_authorize_patrol,spotrobot1,nurse_disinfected1/a_patrol_room,spotrobot1,room1/a_authorize_disinfect,uvdrobot1,spotrobot1"}"
[spotrobot-5] [INFO] [1748621150.316803422] [spotrobot]: I heard: "{"performative": "query", "sender": "uvdrobot1", "receiver": "spotrobot1", "content": "Ready|a_authorize_disinfect"}"
[uvdrobot-4] [INFO] [1748621150.316878709] [uvdrobot]: And it is not for me
[spotrobot-5] [INFO] [1748621150.317155075] [spotrobot]: And it is for me
[uvdrobot-4] [INFO] [1748621150.317197972] [uvdrobot]: I heard: "{"performative": "query", "sender": "uvdrobot1", "receiver": "spotrobot1", "content": "Ready|a_authorize_disinfect"}"
[spotrobot-5] [INFO] [1748621150.317420566] [spotrobot]: No there yet
[uvdrobot-4] [INFO] [1748621150.317453982] [uvdrobot]: And it is not for me
[spotrobot-5] [INFO] [1748621150.317937593] [spotrobot]: success
[uvdrobot-4] [INFO] [1748621150.318092565] [uvdrobot]: I heard: "{"performative": "request", "sender": "Coordinator", "receiver": "nurse_disinfected1", "content": "Plan|a_approach_nurse,spotrobot1,nurse_disinfected1/a_authenticate_nurse,spotrobot1,nurse_disinfected1/a_authorize_patrol,spotrobot1,nurse_disinfected1"}"
[spotrobot-5] [INFO] [1748621150.318246834] [spotrobot]: Doing a_open_door
[uvdrobot-4] [INFO] [1748621150.318557425] [uvdrobot]: And it is not for me
[spotrobot-5] [INFO] [1748621150.318616868] [spotrobot]: Wating for response
[spotrobot-5] [INFO] [1748621150.320020078] [spotrobot]: success
[spotrobot-5] [INFO] [1748621150.320440540] [spotrobot]: Doing a_approach_nurse
[spotrobot-5] [INFO] [1748621150.320873950] [spotrobot]: Wating for response
[spotrobot-5] [INFO] [1748621150.321746800] [spotrobot]: success
[spotrobot-5] [INFO] [1748621150.322134806] [spotrobot]: Doing a_authenticate_nurse
[spotrobot-5] [INFO] [1748621150.322442243] [spotrobot]: a_authenticate_nurse
[spotrobot-5] [INFO] [1748621150.322801666] [spotrobot]: Here first, waiting for nurse
[spotrobot-5] [INFO] [1748621150.323483468] [spotrobot]: I heard: "{"performative": "query", "sender": "spotrobot1", "receiver": "nurse_disinfected1", "content": "Ready|a_authenticate_nurse"}"
[uvdrobot-4] [INFO] [1748621150.323509570] [uvdrobot]: I heard: "{"performative": "query", "sender": "spotrobot1", "receiver": "nurse_disinfected1", "content": "Ready|a_authenticate_nurse"}"
[spotrobot-5] [INFO] [1748621150.323799311] [spotrobot]: And it is not for me
[uvdrobot-4] [INFO] [1748621150.323841039] [uvdrobot]: And it is not for me
[nurse_disinfect-3] [INFO] [1748621151.313881688] [nurse_disinfect]: I heard: "{"performative": "request", "sender": "Coordinator", "receiver": "uvdrobot1", "content": "Plan|a_authorize_disinfect,uvdrobot1,spotrobot1/a_navto,uvdrobot1,room1/a_disinfect_room,uvdrobot1,room1"}"
[nurse_disinfect-3] [INFO] [1748621151.314457598] [nurse_disinfect]: And it is not for me
[nurse_disinfect-3] [INFO] [1748621151.315041753] [nurse_disinfect]: I heard: "{"performative": "query", "sender": "uvdrobot1", "receiver": "spotrobot1", "content": "Ready|a_authorize_disinfect"}"
[nurse_disinfect-3] [INFO] [1748621151.315382502] [nurse_disinfect]: And it is not for me
[nurse_disinfect-3] [INFO] [1748621151.316015224] [nurse_disinfect]: I heard: "{"performative": "request", "sender": "Coordinator", "receiver": "spotrobot1", "content": "Plan|a_navto,spotrobot1,room1/a_open_door,spotrobot1,room1/a_approach_nurse,spotrobot1,nurse_disinfected1/a_authenticate_nurse,spotrobot1,nurse_disinfected1/a_authorize_patrol,spotrobot1,nurse_disinfected1/a_patrol_room,spotrobot1,room1/a_authorize_disinfect,uvdrobot1,spotrobot1"}"
[nurse_disinfect-3] [INFO] [1748621151.316334620] [nurse_disinfect]: And it is not for me
[nurse_disinfect-3] [INFO] [1748621151.316706088] [nurse_disinfect]: I heard: "{"performative": "query", "sender": "spotrobot1", "receiver": "nurse_disinfected1", "content": "Ready|a_authenticate_nurse"}"
[nurse_disinfect-3] [INFO] [1748621151.317063574] [nurse_disinfect]: And it is for me
[nurse_disinfect-3] [INFO] [1748621151.317562449] [nurse_disinfect]: No there yet
[nurse_disinfect-3] [INFO] [1748621151.318471471] [nurse_disinfect]: I heard: "{"performative": "request", "sender": "Coordinator", "receiver": "nurse_disinfected1", "content": "Plan|a_approach_nurse,spotrobot1,nurse_disinfected1/a_authenticate_nurse,spotrobot1,nurse_disinfected1/a_authorize_patrol,spotrobot1,nurse_disinfected1"}"
[nurse_disinfect-3] [INFO] [1748621151.318918312] [nurse_disinfect]: And it is for me
[nurse_disinfect-3] [INFO] [1748621151.320214228] [nurse_disinfect]: a_approach_nurse
[nurse_disinfect-3] [INFO] [1748621151.320627899] [nurse_disinfect]: a_authenticate_nurse
[nurse_disinfect-3] [INFO] [1748621151.320990116] [nurse_disinfect]: Doing a_authenticate_nurse
[nurse_disinfect-3] [INFO] [1748621151.321296802] [nurse_disinfect]: a_authenticate_nurse
[nurse_disinfect-3] [INFO] [1748621151.321553858] [nurse_disinfect]: Robot is waiting, send action message
[spotrobot-5] [INFO] [1748621151.322285501] [spotrobot]: I heard: "{"performative": "query", "sender": "nurse_disinfected1", "receiver": "spotrobot1", "content": "Done|a_authenticate_nurse"}"
[uvdrobot-4] [INFO] [1748621151.322425706] [uvdrobot]: I heard: "{"performative": "query", "sender": "nurse_disinfected1", "receiver": "spotrobot1", "content": "Done|a_authenticate_nurse"}"
[nurse_disinfect-3] [INFO] [1748621151.322579972] [nurse_disinfect]: I heard: "{"performative": "query", "sender": "nurse_disinfected1", "receiver": "spotrobot1", "content": "Done|a_authenticate_nurse"}"
[spotrobot-5] [INFO] [1748621151.322667541] [spotrobot]: And it is for me
[spotrobot-5] [INFO] [1748621151.322949540] [spotrobot]: Finished action
[uvdrobot-4] [INFO] [1748621151.322964077] [uvdrobot]: And it is not for me
[nurse_disinfect-3] [INFO] [1748621151.323128241] [nurse_disinfect]: And it is not for me
[spotrobot-5] [INFO] [1748621151.323476028] [spotrobot]: Doing a_authorize_patrol
[spotrobot-5] [INFO] [1748621151.323757229] [spotrobot]: a_authorize_patrol
[uvdrobot-4] [INFO] [1748621151.323808536] [uvdrobot]: I heard: "{"performative": "query", "sender": "spotrobot1", "receiver": "nurse_disinfected1", "content": "Done|a_authenticate_nurse"}"
[spotrobot-5] [INFO] [1748621151.324014627] [spotrobot]: Here first, waiting for nurse
[nurse_disinfect-3] [INFO] [1748621151.324171831] [nurse_disinfect]: I heard: "{"performative": "query", "sender": "spotrobot1", "receiver": "nurse_disinfected1", "content": "Done|a_authenticate_nurse"}"
[uvdrobot-4] [INFO] [1748621151.324284148] [uvdrobot]: And it is not for me
[nurse_disinfect-3] [INFO] [1748621151.324648717] [nurse_disinfect]: And it is for me
[spotrobot-5] [INFO] [1748621151.324652696] [spotrobot]: I heard: "{"performative": "query", "sender": "spotrobot1", "receiver": "nurse_disinfected1", "content": "Done|a_authenticate_nurse"}"
[spotrobot-5] [INFO] [1748621151.324931048] [spotrobot]: And it is not for me
[uvdrobot-4] [INFO] [1748621151.325118984] [uvdrobot]: I heard: "{"performative": "query", "sender": "spotrobot1", "receiver": "nurse_disinfected1", "content": "Ready|a_authorize_patrol"}"
[nurse_disinfect-3] [INFO] [1748621151.325127549] [nurse_disinfect]: Finished action
[spotrobot-5] [INFO] [1748621151.325534666] [spotrobot]: I heard: "{"performative": "query", "sender": "spotrobot1", "receiver": "nurse_disinfected1", "content": "Ready|a_authorize_patrol"}"
[uvdrobot-4] [INFO] [1748621151.325617080] [uvdrobot]: And it is not for me
[nurse_disinfect-3] [INFO] [1748621151.325783818] [nurse_disinfect]: a_authorize_patrol
[spotrobot-5] [INFO] [1748621151.325890109] [spotrobot]: And it is not for me
[nurse_disinfect-3] [INFO] [1748621151.326242922] [nurse_disinfect]: Doing a_authorize_patrol
[spotrobot-5] [INFO] [1748621151.326462552] [spotrobot]: I heard: "{"performative": "query", "sender": "nurse_disinfected1", "receiver": "spotrobot1", "content": "Done|a_authenticate_nurse"}"
[uvdrobot-4] [INFO] [1748621151.326494376] [uvdrobot]: I heard: "{"performative": "query", "sender": "nurse_disinfected1", "receiver": "spotrobot1", "content": "Done|a_authenticate_nurse"}"
[nurse_disinfect-3] [INFO] [1748621151.326759863] [nurse_disinfect]: a_authorize_patrol
[spotrobot-5] [INFO] [1748621151.326819259] [spotrobot]: And it is for me
[uvdrobot-4] [INFO] [1748621151.326959084] [uvdrobot]: And it is not for me
[spotrobot-5] [INFO] [1748621151.327088359] [spotrobot]: Already finished action
[nurse_disinfect-3] [INFO] [1748621151.327219793] [nurse_disinfect]: Here first, waiting for robot
[spotrobot-5] [INFO] [1748621151.327804005] [spotrobot]: I heard: "{"performative": "query", "sender": "nurse_disinfected1", "receiver": "spotrobot1", "content": "Ready|a_authorize_patrol"}"
[uvdrobot-4] [INFO] [1748621151.327917225] [uvdrobot]: I heard: "{"performative": "query", "sender": "nurse_disinfected1", "receiver": "spotrobot1", "content": "Ready|a_authorize_patrol"}"
[spotrobot-5] [INFO] [1748621151.328080618] [spotrobot]: And it is for me
[uvdrobot-4] [INFO] [1748621151.328247183] [uvdrobot]: And it is not for me
[spotrobot-5] [INFO] [1748621151.328366635] [spotrobot]: Ready to act
[nurse_disinfect-3] [INFO] [1748621151.328388928] [nurse_disinfect]: I heard: "{"performative": "query", "sender": "spotrobot1", "receiver": "nurse_disinfected1", "content": "Ready|a_authorize_patrol"}"
[nurse_disinfect-3] [INFO] [1748621151.328933416] [nurse_disinfect]: And it is for me
[spotrobot-5] [INFO] [1748621151.329174210] [spotrobot]: I heard: "{"performative": "query", "sender": "spotrobot1", "receiver": "nurse_disinfected1", "content": "Done|a_authorize_patrol"}"
[uvdrobot-4] [INFO] [1748621151.329402422] [uvdrobot]: I heard: "{"performative": "query", "sender": "spotrobot1", "receiver": "nurse_disinfected1", "content": "Done|a_authorize_patrol"}"
[spotrobot-5] [INFO] [1748621151.329457197] [spotrobot]: And it is not for me
[nurse_disinfect-3] [INFO] [1748621151.329489863] [nurse_disinfect]: Ready to act
[uvdrobot-4] [INFO] [1748621151.329946996] [uvdrobot]: And it is not for me
[spotrobot-5] [INFO] [1748621151.330067265] [spotrobot]: I heard: "{"performative": "query", "sender": "nurse_disinfected1", "receiver": "spotrobot1", "content": "Done|a_authorize_patrol"}"
[spotrobot-5] [INFO] [1748621151.330341921] [spotrobot]: And it is for me
[nurse_disinfect-3] [INFO] [1748621151.330594407] [nurse_disinfect]: I heard: "{"performative": "query", "sender": "nurse_disinfected1", "receiver": "spotrobot1", "content": "Done|a_authenticate_nurse"}"
[spotrobot-5] [INFO] [1748621151.330683934] [spotrobot]: Finished action
[uvdrobot-4] [INFO] [1748621151.330915736] [uvdrobot]: I heard: "{"performative": "query", "sender": "nurse_disinfected1", "receiver": "spotrobot1", "content": "Done|a_authorize_patrol"}"
[nurse_disinfect-3] [INFO] [1748621151.331157722] [nurse_disinfect]: And it is not for me
[spotrobot-5] [INFO] [1748621151.331162567] [spotrobot]: Doing a_patrol_room
[uvdrobot-4] [INFO] [1748621151.331438909] [uvdrobot]: And it is not for me
[spotrobot-5] [INFO] [1748621151.331599738] [spotrobot]: Wating for response
[nurse_disinfect-3] [INFO] [1748621151.331907430] [nurse_disinfect]: I heard: "{"performative": "query", "sender": "nurse_disinfected1", "receiver": "spotrobot1", "content": "Ready|a_authorize_patrol"}"
[spotrobot-5] [INFO] [1748621151.332169492] [spotrobot]: I heard: "{"performative": "query", "sender": "spotrobot1", "receiver": "nurse_disinfected1", "content": "Done|a_authorize_patrol"}"
[nurse_disinfect-3] [INFO] [1748621151.332191396] [nurse_disinfect]: And it is not for me
[uvdrobot-4] [INFO] [1748621151.332380806] [uvdrobot]: I heard: "{"performative": "query", "sender": "spotrobot1", "receiver": "nurse_disinfected1", "content": "Done|a_authorize_patrol"}"
[nurse_disinfect-3] [INFO] [1748621151.332750445] [nurse_disinfect]: I heard: "{"performative": "query", "sender": "spotrobot1", "receiver": "nurse_disinfected1", "content": "Done|a_authorize_patrol"}"
[spotrobot-5] [INFO] [1748621151.332768475] [spotrobot]: And it is not for me
[uvdrobot-4] [INFO] [1748621151.332966746] [uvdrobot]: And it is not for me
[nurse_disinfect-3] [INFO] [1748621151.333112310] [nurse_disinfect]: And it is for me
[nurse_disinfect-3] [INFO] [1748621151.333383785] [nurse_disinfect]: Finished action
[spotrobot-5] [INFO] [1748621151.333743237] [spotrobot]: success
[nurse_disinfect-3] [INFO] [1748621151.334063050] [nurse_disinfect]: I heard: "{"performative": "query", "sender": "nurse_disinfected1", "receiver": "spotrobot1", "content": "Done|a_authorize_patrol"}"
[spotrobot-5] [INFO] [1748621151.334089762] [spotrobot]: Doing a_authorize_disinfect
[uvdrobot-4] [INFO] [1748621151.334212309] [uvdrobot]: I heard: "{"performative": "query", "sender": "nurse_disinfected1", "receiver": "spotrobot1", "content": "Done|a_authorize_patrol"}"
[nurse_disinfect-3] [INFO] [1748621151.334340243] [nurse_disinfect]: And it is not for me
[spotrobot-5] [INFO] [1748621151.334347244] [spotrobot]: a_authorize_disinfect
[spotrobot-5] [INFO] [1748621151.334602590] [spotrobot]: Here first, waiting for spotrobot
[uvdrobot-4] [INFO] [1748621151.334742720] [uvdrobot]: And it is not for me
[nurse_disinfect-3] [INFO] [1748621151.335206084] [nurse_disinfect]: I heard: "{"performative": "query", "sender": "spotrobot1", "receiver": "nurse_disinfected1", "content": "Done|a_authorize_patrol"}"
[spotrobot-5] [INFO] [1748621151.335244564] [spotrobot]: I heard: "{"performative": "query", "sender": "nurse_disinfected1", "receiver": "spotrobot1", "content": "Done|a_authorize_patrol"}"
[nurse_disinfect-3] [INFO] [1748621151.335506824] [nurse_disinfect]: And it is for me
[spotrobot-5] [INFO] [1748621151.335521396] [spotrobot]: And it is for me
[uvdrobot-4] [INFO] [1748621151.335751403] [uvdrobot]: I heard: "{"performative": "query", "sender": "spotrobot1", "receiver": "uvdrobot1", "content": "Ready|a_authorize_disinfect"}"
[spotrobot-5] [INFO] [1748621151.335778689] [spotrobot]: Already finished action
[nurse_disinfect-3] [INFO] [1748621151.335829582] [nurse_disinfect]: Already finished action
[uvdrobot-4] [INFO] [1748621151.336346167] [uvdrobot]: And it is for me
[spotrobot-5] [INFO] [1748621151.336407981] [spotrobot]: I heard: "{"performative": "query", "sender": "spotrobot1", "receiver": "uvdrobot1", "content": "Ready|a_authorize_disinfect"}"
[nurse_disinfect-3] [INFO] [1748621151.336478234] [nurse_disinfect]: I heard: "{"performative": "query", "sender": "nurse_disinfected1", "receiver": "spotrobot1", "content": "Done|a_authorize_patrol"}"
[spotrobot-5] [INFO] [1748621151.336720994] [spotrobot]: And it is not for me
[nurse_disinfect-3] [INFO] [1748621151.336811203] [nurse_disinfect]: And it is not for me
[uvdrobot-4] [INFO] [1748621151.336866082] [uvdrobot]: Ready to act
[nurse_disinfect-3] [INFO] [1748621151.337397913] [nurse_disinfect]: I heard: "{"performative": "query", "sender": "spotrobot1", "receiver": "uvdrobot1", "content": "Ready|a_authorize_disinfect"}"
[spotrobot-5] [INFO] [1748621151.337566735] [spotrobot]: I heard: "{"performative": "query", "sender": "uvdrobot1", "receiver": "spotrobot1", "content": "Done|a_authorize_disinfect"}"
[nurse_disinfect-3] [INFO] [1748621151.337676360] [nurse_disinfect]: And it is not for me
[spotrobot-5] [INFO] [1748621151.337854186] [spotrobot]: And it is for me
[uvdrobot-4] [INFO] [1748621151.338056600] [uvdrobot]: I heard: "{"performative": "query", "sender": "uvdrobot1", "receiver": "spotrobot1", "content": "Done|a_authorize_disinfect"}"
[spotrobot-5] [INFO] [1748621151.338157149] [spotrobot]: Finished action
[nurse_disinfect-3] [INFO] [1748621151.338248669] [nurse_disinfect]: I heard: "{"performative": "query", "sender": "uvdrobot1", "receiver": "spotrobot1", "content": "Done|a_authorize_disinfect"}"
[uvdrobot-4] [INFO] [1748621151.338573218] [uvdrobot]: And it is not for me
[nurse_disinfect-3] [INFO] [1748621151.338603876] [nurse_disinfect]: And it is not for me
[spotrobot-5] [INFO] [1748621151.338778311] [spotrobot]: I heard: "{"performative": "query", "sender": "spotrobot1", "receiver": "uvdrobot1", "content": "Done|a_authorize_disinfect"}"
[spotrobot-5] [INFO] [1748621151.339058040] [spotrobot]: And it is not for me
[nurse_disinfect-3] [INFO] [1748621151.339130401] [nurse_disinfect]: I heard: "{"performative": "query", "sender": "spotrobot1", "receiver": "uvdrobot1", "content": "Done|a_authorize_disinfect"}"
[nurse_disinfect-3] [INFO] [1748621151.339419316] [nurse_disinfect]: And it is not for me
[uvdrobot-4] [INFO] [1748621151.339488889] [uvdrobot]: I heard: "{"performative": "query", "sender": "spotrobot1", "receiver": "uvdrobot1", "content": "Done|a_authorize_disinfect"}"
[uvdrobot-4] [INFO] [1748621151.340039599] [uvdrobot]: And it is for me
[uvdrobot-4] [INFO] [1748621151.340555818] [uvdrobot]: Finished action
[uvdrobot-4] [INFO] [1748621151.341207538] [uvdrobot]: Doing a_navto
[spotrobot-5] [INFO] [1748621151.341276065] [spotrobot]: I heard: "{"performative": "query", "sender": "uvdrobot1", "receiver": "spotrobot1", "content": "Done|a_authorize_disinfect"}"
[nurse_disinfect-3] [INFO] [1748621151.341291626] [nurse_disinfect]: I heard: "{"performative": "query", "sender": "uvdrobot1", "receiver": "spotrobot1", "content": "Done|a_authorize_disinfect"}"
[spotrobot-5] [INFO] [1748621151.341609414] [spotrobot]: And it is for me
[nurse_disinfect-3] [INFO] [1748621151.341879437] [nurse_disinfect]: And it is not for me
[spotrobot-5] [INFO] [1748621151.341908606] [spotrobot]: Already finished action
[uvdrobot-4] [INFO] [1748621151.341922310] [uvdrobot]: Waiting for response
[uvdrobot-4] [INFO] [1748621151.342797573] [uvdrobot]: I heard: "{"performative": "query", "sender": "uvdrobot1", "receiver": "spotrobot1", "content": "Done|a_authorize_disinfect"}"
[uvdrobot-4] [INFO] [1748621151.343358579] [uvdrobot]: And it is not for me
[uvdrobot-4] [INFO] [1748621151.345403349] [uvdrobot]: success
[uvdrobot-4] [INFO] [1748621151.346042958] [uvdrobot]: Doing a_disinfect_room
[uvdrobot-4] [INFO] [1748621151.346718253] [uvdrobot]: Waiting for response
[uvdrobot-4] [INFO] [1748621151.348653351] [uvdrobot]: success
[uvdrobot-4] [INFO] [1748621151.351227255] [uvdrobot]: Recebido sinal de desligamento do coordenador, finalizando...
[disinfect_planner-2] [INFO] [1748621151.351226853] [disinfect_planner]: Recebido sinal de desligamento do coordenador, finalizando...
[disinfect_environment-1] [INFO] [1748621151.351293798] [disinfect_environment]: Recebido sinal de desligamento do coordenador, finalizando...
[nurse_disinfect-3] [INFO] [1748621151.351381590] [nurse_disinfect]: Recebido sinal de desligamento do coordenador, finalizando...
[spotrobot-5] [INFO] [1748621151.351583068] [spotrobot]: Recebido sinal de desligamento do coordenador, finalizando...
[disinfect_planner-2] [INFO] [1748621151.351728806] [Quitting]: Done
[uvdrobot-4] [INFO] [1748621151.351881396] [Quitting]: Done
[nurse_disinfect-3] [INFO] [1748621151.352044831] [Quitting]: Done
[disinfect_environment-1] [INFO] [1748621151.352048713] [Quitting]: Done
[spotrobot-5] [INFO] [1748621151.352555378] [Quitting]: Done
[INFO] [disinfect_environment-1]: process has finished cleanly [pid 35588]
[INFO] [spotrobot-5]: process has finished cleanly [pid 35596]
[INFO] [uvdrobot-4]: process has finished cleanly [pid 35594]
[INFO] [nurse_disinfect-3]: process has finished cleanly [pid 35592]
