[INFO] [launch]: All log files can be found below /home/rafael/.ros/log/2025-05-30-13-07-57-495116-NotebookRafael-37720
[INFO] [launch]: Default logging verbosity is set to INFO
[INFO] [disinfect_environment-1]: process started with pid [37723]
[INFO] [disinfect_planner-2]: process started with pid [37725]
[INFO] [nurse_disinfect-3]: process started with pid [37727]
[INFO] [uvdrobot-4]: process started with pid [37729]
[INFO] [spotrobot-5]: process started with pid [37731]
[disinfect_environment-1] [INFO] [1748621277.742038484] [disinfect_environment]: Starting Environment server
[disinfect_environment-1] [INFO] [1748621277.750268703] [disinfect_environment]: Environment server started
[disinfect_planner-2] [INFO] [1748621278.275383982] [disinfect_planner]: Starting Planner server
[disinfect_planner-2] [INFO] [1748621278.279327264] [disinfect_planner]: Planner server started
[disinfect_planner-2] [INFO] [1748621278.534100906] [disinfect_planner]: Creating plan for: spotrobot1 uvdrobot1 nurse_disinfected1
[disinfect_planner-2] [INFO] [1748621278.535669770] [disinfect_planner]: a_navto,spotrobot1,room1
[disinfect_planner-2] [INFO] [1748621278.535971999] [disinfect_planner]: a_open_door,spotrobot1,room1
[disinfect_planner-2] [INFO] [1748621278.536273433] [disinfect_planner]: a_approach_nurse,spotrobot1,nurse_disinfected1
[disinfect_planner-2] [INFO] [1748621278.536562957] [disinfect_planner]: a_authenticate_nurse,spotrobot1,nurse_disinfected1
[disinfect_planner-2] [INFO] [1748621278.536850153] [disinfect_planner]: a_authorize_patrol,spotrobot1,nurse_disinfected1
[disinfect_planner-2] [INFO] [1748621278.537138020] [disinfect_planner]: a_patrol_room,spotrobot1,room1
[disinfect_planner-2] [INFO] [1748621278.537420940] [disinfect_planner]: a_authorize_disinfect,uvdrobot1,spotrobot1
[disinfect_planner-2] [INFO] [1748621278.537705951] [disinfect_planner]: a_navto,uvdrobot1,room1
[disinfect_planner-2] [INFO] [1748621278.537990536] [disinfect_planner]: a_disinfect_room,uvdrobot1,room1
[disinfect_planner-2] [INFO] [1748621278.538278035] [disinfect_planner]: Sending response
[nurse_disinfect-3] [INFO] [1748621278.540129436] [nurse_disinfect]: response.response nurse_disinfected1
[nurse_disinfect-3] [INFO] [1748621278.540519336] [nurse_disinfect]: My name is nurse_disinfected1
[spotrobot-5] [INFO] [1748621278.544892183] [spotrobot]: response.response spotrobot1
[spotrobot-5] [INFO] [1748621278.545439527] [spotrobot]: My name is spotrobot1
[spotrobot-5] [INFO] [1748621278.546373868] [spotrobot]: I heard: "{"performative": "request", "sender": "Coordinator", "receiver": "uvdrobot1", "content": "Plan|a_authorize_disinfect,uvdrobot1,spotrobot1/a_navto,uvdrobot1,room1/a_disinfect_room,uvdrobot1,room1"}"
[spotrobot-5] [INFO] [1748621278.546849368] [spotrobot]: And it is not for me
[uvdrobot-4] [INFO] [1748621278.547083905] [uvdrobot]: response.response uvdrobot1
[uvdrobot-4] [INFO] [1748621278.547621751] [uvdrobot]: My name is uvdrobot1
[spotrobot-5] [INFO] [1748621278.547822109] [spotrobot]: I heard: "{"performative": "request", "sender": "Coordinator", "receiver": "spotrobot1", "content": "Plan|a_navto,spotrobot1,room1/a_open_door,spotrobot1,room1/a_approach_nurse,spotrobot1,nurse_disinfected1/a_authenticate_nurse,spotrobot1,nurse_disinfected1/a_authorize_patrol,spotrobot1,nurse_disinfected1/a_patrol_room,spotrobot1,room1/a_authorize_disinfect,uvdrobot1,spotrobot1"}"
[spotrobot-5] [INFO] [1748621278.548193646] [spotrobot]: And it is for me
[uvdrobot-4] [INFO] [1748621278.548499227] [uvdrobot]: I heard: "{"performative": "request", "sender": "Coordinator", "receiver": "uvdrobot1", "content": "Plan|a_authorize_disinfect,uvdrobot1,spotrobot1/a_navto,uvdrobot1,room1/a_disinfect_room,uvdrobot1,room1"}"
[spotrobot-5] [INFO] [1748621278.548594048] [spotrobot]: Doing a_navto
[uvdrobot-4] [INFO] [1748621278.548788003] [uvdrobot]: And it is for me
[spotrobot-5] [INFO] [1748621278.548934432] [spotrobot]: Wating for response
[uvdrobot-4] [INFO] [1748621278.549186153] [uvdrobot]: Doing a_authorize_disinfect
[uvdrobot-4] [INFO] [1748621278.549507824] [uvdrobot]: a_authorize_disinfect
[spotrobot-5] [INFO] [1748621278.549602560] [spotrobot]: I heard: "{"performative": "request", "sender": "Coordinator", "receiver": "nurse_disinfected1", "content": "Plan|a_approach_nurse,spotrobot1,nurse_disinfected1/a_authenticate_nurse,spotrobot1,nurse_disinfected1/a_authorize_patrol,spotrobot1,nurse_disinfected1"}"
[uvdrobot-4] [INFO] [1748621278.549776922] [uvdrobot]: Here first, waiting for spotrobot
[spotrobot-5] [INFO] [1748621278.549871213] [spotrobot]: And it is not for me
[spotrobot-5] [INFO] [1748621278.550373638] [spotrobot]: I heard: "{"performative": "query", "sender": "uvdrobot1", "receiver": "spotrobot1", "content": "Ready|a_authorize_disinfect"}"
[uvdrobot-4] [INFO] [1748621278.550547659] [uvdrobot]: I heard: "{"performative": "request", "sender": "Coordinator", "receiver": "spotrobot1", "content": "Plan|a_navto,spotrobot1,room1/a_open_door,spotrobot1,room1/a_approach_nurse,spotrobot1,nurse_disinfected1/a_authenticate_nurse,spotrobot1,nurse_disinfected1/a_authorize_patrol,spotrobot1,nurse_disinfected1/a_patrol_room,spotrobot1,room1/a_authorize_disinfect,uvdrobot1,spotrobot1"}"
[spotrobot-5] [INFO] [1748621278.550630144] [spotrobot]: And it is for me
[spotrobot-5] [INFO] [1748621278.550872440] [spotrobot]: No there yet
[uvdrobot-4] [INFO] [1748621278.551075250] [uvdrobot]: And it is not for me
[uvdrobot-4] [INFO] [1748621278.551455217] [uvdrobot]: I heard: "{"performative": "query", "sender": "uvdrobot1", "receiver": "spotrobot1", "content": "Ready|a_authorize_disinfect"}"
[uvdrobot-4] [INFO] [1748621278.551810927] [uvdrobot]: And it is not for me
[spotrobot-5] [INFO] [1748621278.552368098] [spotrobot]: success
[uvdrobot-4] [INFO] [1748621278.552489244] [uvdrobot]: I heard: "{"performative": "request", "sender": "Coordinator", "receiver": "nurse_disinfected1", "content": "Plan|a_approach_nurse,spotrobot1,nurse_disinfected1/a_authenticate_nurse,spotrobot1,nurse_disinfected1/a_authorize_patrol,spotrobot1,nurse_disinfected1"}"
[spotrobot-5] [INFO] [1748621278.552770789] [spotrobot]: Doing a_open_door
[uvdrobot-4] [INFO] [1748621278.552788568] [uvdrobot]: And it is not for me
[spotrobot-5] [INFO] [1748621278.553356524] [spotrobot]: Wating for response
[spotrobot-5] [INFO] [1748621278.555046040] [spotrobot]: success
[spotrobot-5] [INFO] [1748621278.555608474] [spotrobot]: Doing a_approach_nurse
[spotrobot-5] [INFO] [1748621278.556240453] [spotrobot]: Wating for response
[spotrobot-5] [INFO] [1748621278.557922920] [spotrobot]: success
[spotrobot-5] [INFO] [1748621278.558374220] [spotrobot]: Doing a_authenticate_nurse
[spotrobot-5] [INFO] [1748621278.558714168] [spotrobot]: a_authenticate_nurse
[spotrobot-5] [INFO] [1748621278.559018460] [spotrobot]: Here first, waiting for nurse
[uvdrobot-4] [INFO] [1748621278.559832119] [uvdrobot]: I heard: "{"performative": "query", "sender": "spotrobot1", "receiver": "nurse_disinfected1", "content": "Ready|a_authenticate_nurse"}"
[spotrobot-5] [INFO] [1748621278.559920530] [spotrobot]: I heard: "{"performative": "query", "sender": "spotrobot1", "receiver": "nurse_disinfected1", "content": "Ready|a_authenticate_nurse"}"
[uvdrobot-4] [INFO] [1748621278.560326285] [uvdrobot]: And it is not for me
[spotrobot-5] [INFO] [1748621278.560349560] [spotrobot]: And it is not for me
[nurse_disinfect-3] [INFO] [1748621279.542440972] [nurse_disinfect]: I heard: "{"performative": "request", "sender": "Coordinator", "receiver": "uvdrobot1", "content": "Plan|a_authorize_disinfect,uvdrobot1,spotrobot1/a_navto,uvdrobot1,room1/a_disinfect_room,uvdrobot1,room1"}"
[nurse_disinfect-3] [INFO] [1748621279.542964977] [nurse_disinfect]: And it is not for me
[nurse_disinfect-3] [INFO] [1748621279.543532103] [nurse_disinfect]: I heard: "{"performative": "query", "sender": "uvdrobot1", "receiver": "spotrobot1", "content": "Ready|a_authorize_disinfect"}"
[nurse_disinfect-3] [INFO] [1748621279.543859914] [nurse_disinfect]: And it is not for me
[nurse_disinfect-3] [INFO] [1748621279.544877025] [nurse_disinfect]: I heard: "{"performative": "request", "sender": "Coordinator", "receiver": "spotrobot1", "content": "Plan|a_navto,spotrobot1,room1/a_open_door,spotrobot1,room1/a_approach_nurse,spotrobot1,nurse_disinfected1/a_authenticate_nurse,spotrobot1,nurse_disinfected1/a_authorize_patrol,spotrobot1,nurse_disinfected1/a_patrol_room,spotrobot1,room1/a_authorize_disinfect,uvdrobot1,spotrobot1"}"
[nurse_disinfect-3] [INFO] [1748621279.545394218] [nurse_disinfect]: And it is not for me
[nurse_disinfect-3] [INFO] [1748621279.546035582] [nurse_disinfect]: I heard: "{"performative": "query", "sender": "spotrobot1", "receiver": "nurse_disinfected1", "content": "Ready|a_authenticate_nurse"}"
[nurse_disinfect-3] [INFO] [1748621279.546602046] [nurse_disinfect]: And it is for me
[nurse_disinfect-3] [INFO] [1748621279.547036440] [nurse_disinfect]: No there yet
[nurse_disinfect-3] [INFO] [1748621279.547671541] [nurse_disinfect]: I heard: "{"performative": "request", "sender": "Coordinator", "receiver": "nurse_disinfected1", "content": "Plan|a_approach_nurse,spotrobot1,nurse_disinfected1/a_authenticate_nurse,spotrobot1,nurse_disinfected1/a_authorize_patrol,spotrobot1,nurse_disinfected1"}"
[nurse_disinfect-3] [INFO] [1748621279.548208232] [nurse_disinfect]: And it is for me
[nurse_disinfect-3] [INFO] [1748621279.549796226] [nurse_disinfect]: a_approach_nurse
[nurse_disinfect-3] [INFO] [1748621279.550192588] [nurse_disinfect]: a_authenticate_nurse
[nurse_disinfect-3] [INFO] [1748621279.550499897] [nurse_disinfect]: Doing a_authenticate_nurse
[nurse_disinfect-3] [INFO] [1748621279.550804425] [nurse_disinfect]: a_authenticate_nurse
[nurse_disinfect-3] [INFO] [1748621279.551065519] [nurse_disinfect]: Robot is waiting, send action message
[uvdrobot-4] [INFO] [1748621279.551939043] [uvdrobot]: I heard: "{"performative": "query", "sender": "nurse_disinfected1", "receiver": "spotrobot1", "content": "Done|a_authenticate_nurse"}"
[nurse_disinfect-3] [INFO] [1748621279.551998393] [nurse_disinfect]: I heard: "{"performative": "query", "sender": "nurse_disinfected1", "receiver": "spotrobot1", "content": "Done|a_authenticate_nurse"}"
[spotrobot-5] [INFO] [1748621279.552005513] [spotrobot]: I heard: "{"performative": "query", "sender": "nurse_disinfected1", "receiver": "spotrobot1", "content": "Done|a_authenticate_nurse"}"
[nurse_disinfect-3] [INFO] [1748621279.552433364] [nurse_disinfect]: And it is not for me
[uvdrobot-4] [INFO] [1748621279.552441052] [uvdrobot]: And it is not for me
[spotrobot-5] [INFO] [1748621279.552530455] [spotrobot]: And it is for me
[spotrobot-5] [INFO] [1748621279.553047525] [spotrobot]: Finished action
[spotrobot-5] [INFO] [1748621279.553821508] [spotrobot]: Doing a_authorize_patrol
[uvdrobot-4] [INFO] [1748621279.553853201] [uvdrobot]: I heard: "{"performative": "query", "sender": "spotrobot1", "receiver": "nurse_disinfected1", "content": "Done|a_authenticate_nurse"}"
[nurse_disinfect-3] [INFO] [1748621279.554049408] [nurse_disinfect]: I heard: "{"performative": "query", "sender": "spotrobot1", "receiver": "nurse_disinfected1", "content": "Done|a_authenticate_nurse"}"
[uvdrobot-4] [INFO] [1748621279.554301171] [uvdrobot]: And it is not for me
[spotrobot-5] [INFO] [1748621279.554357339] [spotrobot]: a_authorize_patrol
[nurse_disinfect-3] [INFO] [1748621279.554515297] [nurse_disinfect]: And it is for me
[spotrobot-5] [INFO] [1748621279.554879404] [spotrobot]: Here first, waiting for nurse
[nurse_disinfect-3] [INFO] [1748621279.555006303] [nurse_disinfect]: Finished action
[nurse_disinfect-3] [INFO] [1748621279.555527640] [nurse_disinfect]: a_authorize_patrol
[uvdrobot-4] [INFO] [1748621279.555590738] [uvdrobot]: I heard: "{"performative": "query", "sender": "spotrobot1", "receiver": "nurse_disinfected1", "content": "Ready|a_authorize_patrol"}"
[nurse_disinfect-3] [INFO] [1748621279.555839490] [nurse_disinfect]: Doing a_authorize_patrol
[spotrobot-5] [INFO] [1748621279.555908067] [spotrobot]: I heard: "{"performative": "query", "sender": "spotrobot1", "receiver": "nurse_disinfected1", "content": "Done|a_authenticate_nurse"}"
[uvdrobot-4] [INFO] [1748621279.555938482] [uvdrobot]: And it is not for me
[nurse_disinfect-3] [INFO] [1748621279.556091446] [nurse_disinfect]: a_authorize_patrol
[nurse_disinfect-3] [INFO] [1748621279.556359191] [nurse_disinfect]: Here first, waiting for robot
[spotrobot-5] [INFO] [1748621279.556436461] [spotrobot]: And it is not for me
[uvdrobot-4] [INFO] [1748621279.556547907] [uvdrobot]: I heard: "{"performative": "query", "sender": "nurse_disinfected1", "receiver": "spotrobot1", "content": "Done|a_authenticate_nurse"}"
[uvdrobot-4] [INFO] [1748621279.556821848] [uvdrobot]: And it is not for me
[nurse_disinfect-3] [INFO] [1748621279.557015635] [nurse_disinfect]: I heard: "{"performative": "query", "sender": "spotrobot1", "receiver": "nurse_disinfected1", "content": "Ready|a_authorize_patrol"}"
[uvdrobot-4] [INFO] [1748621279.557289459] [uvdrobot]: I heard: "{"performative": "query", "sender": "nurse_disinfected1", "receiver": "spotrobot1", "content": "Ready|a_authorize_patrol"}"
[nurse_disinfect-3] [INFO] [1748621279.557364533] [nurse_disinfect]: And it is for me
[spotrobot-5] [INFO] [1748621279.557418805] [spotrobot]: I heard: "{"performative": "query", "sender": "spotrobot1", "receiver": "nurse_disinfected1", "content": "Ready|a_authorize_patrol"}"
[nurse_disinfect-3] [INFO] [1748621279.557639979] [nurse_disinfect]: Ready to act
[uvdrobot-4] [INFO] [1748621279.557697874] [uvdrobot]: And it is not for me
[spotrobot-5] [INFO] [1748621279.557909546] [spotrobot]: And it is not for me
[nurse_disinfect-3] [INFO] [1748621279.558305458] [nurse_disinfect]: I heard: "{"performative": "query", "sender": "nurse_disinfected1", "receiver": "spotrobot1", "content": "Done|a_authenticate_nurse"}"
[uvdrobot-4] [INFO] [1748621279.558392170] [uvdrobot]: I heard: "{"performative": "query", "sender": "nurse_disinfected1", "receiver": "spotrobot1", "content": "Done|a_authorize_patrol"}"
[nurse_disinfect-3] [INFO] [1748621279.558576684] [nurse_disinfect]: And it is not for me
[uvdrobot-4] [INFO] [1748621279.558689829] [uvdrobot]: And it is not for me
[spotrobot-5] [INFO] [1748621279.558842609] [spotrobot]: I heard: "{"performative": "query", "sender": "nurse_disinfected1", "receiver": "spotrobot1", "content": "Done|a_authenticate_nurse"}"
[spotrobot-5] [INFO] [1748621279.559388307] [spotrobot]: And it is for me
[nurse_disinfect-3] [INFO] [1748621279.559431508] [nurse_disinfect]: I heard: "{"performative": "query", "sender": "nurse_disinfected1", "receiver": "spotrobot1", "content": "Ready|a_authorize_patrol"}"
[nurse_disinfect-3] [INFO] [1748621279.559729007] [nurse_disinfect]: And it is not for me
[spotrobot-5] [INFO] [1748621279.559859872] [spotrobot]: Already finished action
[nurse_disinfect-3] [INFO] [1748621279.560432054] [nurse_disinfect]: I heard: "{"performative": "query", "sender": "nurse_disinfected1", "receiver": "spotrobot1", "content": "Done|a_authorize_patrol"}"
[spotrobot-5] [INFO] [1748621279.560605104] [spotrobot]: I heard: "{"performative": "query", "sender": "nurse_disinfected1", "receiver": "spotrobot1", "content": "Ready|a_authorize_patrol"}"
[spotrobot-5] [INFO] [1748621279.560929717] [spotrobot]: And it is for me
[nurse_disinfect-3] [INFO] [1748621279.560954819] [nurse_disinfect]: And it is not for me
[spotrobot-5] [INFO] [1748621279.561256477] [spotrobot]: Ready to act
[uvdrobot-4] [INFO] [1748621279.561898877] [uvdrobot]: I heard: "{"performative": "query", "sender": "spotrobot1", "receiver": "nurse_disinfected1", "content": "Done|a_authorize_patrol"}"
[spotrobot-5] [INFO] [1748621279.562157658] [spotrobot]: I heard: "{"performative": "query", "sender": "nurse_disinfected1", "receiver": "spotrobot1", "content": "Done|a_authorize_patrol"}"
[uvdrobot-4] [INFO] [1748621279.562231011] [uvdrobot]: And it is not for me
[nurse_disinfect-3] [INFO] [1748621279.562283459] [nurse_disinfect]: I heard: "{"performative": "query", "sender": "spotrobot1", "receiver": "nurse_disinfected1", "content": "Done|a_authorize_patrol"}"
[spotrobot-5] [INFO] [1748621279.562712088] [spotrobot]: And it is for me
[nurse_disinfect-3] [INFO] [1748621279.562845004] [nurse_disinfect]: And it is for me
[spotrobot-5] [INFO] [1748621279.563231230] [spotrobot]: Finished action
[nurse_disinfect-3] [INFO] [1748621279.563394978] [nurse_disinfect]: Finished action
[spotrobot-5] [INFO] [1748621279.563927910] [spotrobot]: Doing a_patrol_room
[uvdrobot-4] [INFO] [1748621279.563929934] [uvdrobot]: I heard: "{"performative": "query", "sender": "spotrobot1", "receiver": "nurse_disinfected1", "content": "Done|a_authorize_patrol"}"
[uvdrobot-4] [INFO] [1748621279.564251293] [uvdrobot]: And it is not for me
[spotrobot-5] [INFO] [1748621279.564387715] [spotrobot]: Wating for response
[nurse_disinfect-3] [INFO] [1748621279.564472174] [nurse_disinfect]: I heard: "{"performative": "query", "sender": "spotrobot1", "receiver": "nurse_disinfected1", "content": "Done|a_authorize_patrol"}"
[spotrobot-5] [INFO] [1748621279.564922183] [spotrobot]: I heard: "{"performative": "query", "sender": "spotrobot1", "receiver": "nurse_disinfected1", "content": "Done|a_authorize_patrol"}"
[uvdrobot-4] [INFO] [1748621279.564955702] [uvdrobot]: I heard: "{"performative": "query", "sender": "nurse_disinfected1", "receiver": "spotrobot1", "content": "Done|a_authorize_patrol"}"
[nurse_disinfect-3] [INFO] [1748621279.565025431] [nurse_disinfect]: And it is for me
[spotrobot-5] [INFO] [1748621279.565234383] [spotrobot]: And it is not for me
[uvdrobot-4] [INFO] [1748621279.565321894] [uvdrobot]: And it is not for me
[nurse_disinfect-3] [INFO] [1748621279.565549662] [nurse_disinfect]: Already finished action
[spotrobot-5] [INFO] [1748621279.566005519] [spotrobot]: I heard: "{"performative": "query", "sender": "spotrobot1", "receiver": "nurse_disinfected1", "content": "Done|a_authorize_patrol"}"
[spotrobot-5] [INFO] [1748621279.566321304] [spotrobot]: And it is not for me
[nurse_disinfect-3] [INFO] [1748621279.566512091] [nurse_disinfect]: I heard: "{"performative": "query", "sender": "nurse_disinfected1", "receiver": "spotrobot1", "content": "Done|a_authorize_patrol"}"
[spotrobot-5] [INFO] [1748621279.566879566] [spotrobot]: I heard: "{"performative": "query", "sender": "nurse_disinfected1", "receiver": "spotrobot1", "content": "Done|a_authorize_patrol"}"
[nurse_disinfect-3] [INFO] [1748621279.567044847] [nurse_disinfect]: And it is not for me
[spotrobot-5] [INFO] [1748621279.567193753] [spotrobot]: And it is for me
[spotrobot-5] [INFO] [1748621279.567444772] [spotrobot]: Already finished action
[spotrobot-5] [INFO] [1748621279.568468401] [spotrobot]: success
[spotrobot-5] [INFO] [1748621279.568864309] [spotrobot]: Doing a_authorize_disinfect
[spotrobot-5] [INFO] [1748621279.569220520] [spotrobot]: a_authorize_disinfect
[spotrobot-5] [INFO] [1748621279.569716030] [spotrobot]: Here first, waiting for spotrobot
[uvdrobot-4] [INFO] [1748621279.570494065] [uvdrobot]: I heard: "{"performative": "query", "sender": "spotrobot1", "receiver": "uvdrobot1", "content": "Ready|a_authorize_disinfect"}"
[spotrobot-5] [INFO] [1748621279.570680795] [spotrobot]: I heard: "{"performative": "query", "sender": "spotrobot1", "receiver": "uvdrobot1", "content": "Ready|a_authorize_disinfect"}"
[nurse_disinfect-3] [INFO] [1748621279.570797713] [nurse_disinfect]: I heard: "{"performative": "query", "sender": "spotrobot1", "receiver": "uvdrobot1", "content": "Ready|a_authorize_disinfect"}"
[uvdrobot-4] [INFO] [1748621279.571043783] [uvdrobot]: And it is for me
[spotrobot-5] [INFO] [1748621279.571153476] [spotrobot]: And it is not for me
[nurse_disinfect-3] [INFO] [1748621279.571364981] [nurse_disinfect]: And it is not for me
[uvdrobot-4] [INFO] [1748621279.571524676] [uvdrobot]: Ready to act
[uvdrobot-4] [INFO] [1748621279.572177525] [uvdrobot]: I heard: "{"performative": "query", "sender": "uvdrobot1", "receiver": "spotrobot1", "content": "Done|a_authorize_disinfect"}"
[spotrobot-5] [INFO] [1748621279.572357518] [spotrobot]: I heard: "{"performative": "query", "sender": "uvdrobot1", "receiver": "spotrobot1", "content": "Done|a_authorize_disinfect"}"
[nurse_disinfect-3] [INFO] [1748621279.572436974] [nurse_disinfect]: I heard: "{"performative": "query", "sender": "uvdrobot1", "receiver": "spotrobot1", "content": "Done|a_authorize_disinfect"}"
[uvdrobot-4] [INFO] [1748621279.572584322] [uvdrobot]: And it is not for me
[spotrobot-5] [INFO] [1748621279.572766652] [spotrobot]: And it is for me
[nurse_disinfect-3] [INFO] [1748621279.572970297] [nurse_disinfect]: And it is not for me
[spotrobot-5] [INFO] [1748621279.573037642] [spotrobot]: Finished action
[spotrobot-5] [INFO] [1748621279.573695931] [spotrobot]: I heard: "{"performative": "query", "sender": "spotrobot1", "receiver": "uvdrobot1", "content": "Done|a_authorize_disinfect"}"
[uvdrobot-4] [INFO] [1748621279.573754989] [uvdrobot]: I heard: "{"performative": "query", "sender": "spotrobot1", "receiver": "uvdrobot1", "content": "Done|a_authorize_disinfect"}"
[nurse_disinfect-3] [INFO] [1748621279.573923805] [nurse_disinfect]: I heard: "{"performative": "query", "sender": "spotrobot1", "receiver": "uvdrobot1", "content": "Done|a_authorize_disinfect"}"
[uvdrobot-4] [INFO] [1748621279.574035127] [uvdrobot]: And it is for me
[spotrobot-5] [INFO] [1748621279.574069474] [spotrobot]: And it is not for me
[uvdrobot-4] [INFO] [1748621279.574290801] [uvdrobot]: Finished action
[nurse_disinfect-3] [INFO] [1748621279.574468812] [nurse_disinfect]: And it is not for me
[uvdrobot-4] [INFO] [1748621279.574757209] [uvdrobot]: Doing a_navto
[spotrobot-5] [INFO] [1748621279.574798680] [spotrobot]: I heard: "{"performative": "query", "sender": "uvdrobot1", "receiver": "spotrobot1", "content": "Done|a_authorize_disinfect"}"
[spotrobot-5] [INFO] [1748621279.575130814] [spotrobot]: And it is for me
[uvdrobot-4] [INFO] [1748621279.575272709] [uvdrobot]: Waiting for response
[spotrobot-5] [INFO] [1748621279.575407632] [spotrobot]: Already finished action
[nurse_disinfect-3] [INFO] [1748621279.575419576] [nurse_disinfect]: I heard: "{"performative": "query", "sender": "uvdrobot1", "receiver": "spotrobot1", "content": "Done|a_authorize_disinfect"}"
[uvdrobot-4] [INFO] [1748621279.575808568] [uvdrobot]: I heard: "{"performative": "query", "sender": "uvdrobot1", "receiver": "spotrobot1", "content": "Done|a_authorize_disinfect"}"
[nurse_disinfect-3] [INFO] [1748621279.575984990] [nurse_disinfect]: And it is not for me
[uvdrobot-4] [INFO] [1748621279.576141449] [uvdrobot]: And it is not for me
[uvdrobot-4] [INFO] [1748621279.576824374] [uvdrobot]: success
[uvdrobot-4] [INFO] [1748621279.577379598] [uvdrobot]: Doing a_disinfect_room
[uvdrobot-4] [INFO] [1748621279.577878372] [uvdrobot]: Waiting for response
[uvdrobot-4] [INFO] [1748621279.578820082] [uvdrobot]: success
[disinfect_environment-1] [INFO] [1748621279.581214320] [disinfect_environment]: Recebido sinal de desligamento do coordenador, finalizando...
[nurse_disinfect-3] [INFO] [1748621279.581316565] [nurse_disinfect]: Recebido sinal de desligamento do coordenador, finalizando...
[uvdrobot-4] [INFO] [1748621279.581348736] [uvdrobot]: Recebido sinal de desligamento do coordenador, finalizando...
[spotrobot-5] [INFO] [1748621279.581368645] [spotrobot]: Recebido sinal de desligamento do coordenador, finalizando...
[disinfect_planner-2] [INFO] [1748621279.581553753] [disinfect_planner]: Recebido sinal de desligamento do coordenador, finalizando...
[disinfect_environment-1] [INFO] [1748621279.581562016] [Quitting]: Done
[spotrobot-5] [INFO] [1748621279.581919206] [Quitting]: Done
[uvdrobot-4] [INFO] [1748621279.581964594] [Quitting]: Done
[nurse_disinfect-3] [INFO] [1748621279.581981779] [Quitting]: Done
[disinfect_planner-2] [INFO] [1748621279.582161616] [Quitting]: Done
[INFO] [disinfect_environment-1]: process has finished cleanly [pid 37723]
[INFO] [spotrobot-5]: process has finished cleanly [pid 37731]
[INFO] [uvdrobot-4]: process has finished cleanly [pid 37729]
[INFO] [nurse_disinfect-3]: process has finished cleanly [pid 37727]
