[INFO] [launch]: All log files can be found below /home/rafael/.ros/log/2025-05-29-09-11-31-781160-NotebookRafael-11439
[INFO] [launch]: Default logging verbosity is set to INFO
[INFO] [disinfect_environment-1]: process started with pid [11442]
[INFO] [disinfect_planner-2]: process started with pid [11444]
[INFO] [nurse_disinfect-3]: process started with pid [11446]
[INFO] [uvdrobot-4]: process started with pid [11448]
[INFO] [spotrobot-5]: process started with pid [11450]
[disinfect_environment-1] [INFO] [1748520692.051708186] [disinfect_environment]: Starting Environment server
[disinfect_environment-1] [INFO] [1748520692.056887454] [disinfect_environment]: Environment server started
[disinfect_planner-2] [INFO] [1748520692.612058961] [disinfect_planner]: Starting Planner server
[disinfect_planner-2] [INFO] [1748520692.616947434] [disinfect_planner]: Planner server started
[disinfect_planner-2] [INFO] [1748520692.792458726] [disinfect_planner]: Creating plan for: spotrobot1 uvdrobot1 nurse_disinfected1
[disinfect_planner-2] [INFO] [1748520692.794139816] [disinfect_planner]: a_navto,spotrobot1,room1
[disinfect_planner-2] [INFO] [1748520692.794467193] [disinfect_planner]: a_open_door,spotrobot1,room1
[disinfect_planner-2] [INFO] [1748520692.794793069] [disinfect_planner]: a_approach_nurse,spotrobot1,nurse_disinfected1
[disinfect_planner-2] [INFO] [1748520692.795132507] [disinfect_planner]: a_authenticate_nurse,spotrobot1,nurse_disinfected1
[disinfect_planner-2] [INFO] [1748520692.795433746] [disinfect_planner]: a_authorize_patrol,spotrobot1,nurse_disinfected1
[disinfect_planner-2] [INFO] [1748520692.795737898] [disinfect_planner]: a_patrol_room,spotrobot1,room1
[disinfect_planner-2] [INFO] [1748520692.795989698] [disinfect_planner]: a_authorize_disinfect,uvdrobot1,spotrobot1
[disinfect_planner-2] [INFO] [1748520692.796292695] [disinfect_planner]: a_navto,uvdrobot1,room1
[disinfect_planner-2] [INFO] [1748520692.796593974] [disinfect_planner]: a_disinfect_room,uvdrobot1,room1
[disinfect_planner-2] [INFO] [1748520692.796929720] [disinfect_planner]: Sending response
[nurse_disinfect-3] [INFO] [1748520692.797562424] [nurse_disinfect]: response.response nurse_disinfected1
[nurse_disinfect-3] [INFO] [1748520692.797942952] [nurse_disinfect]: My name is nurse_disinfected1
[spotrobot-5] [INFO] [1748520692.798774434] [spotrobot]: response.response spotrobot1
[spotrobot-5] [INFO] [1748520692.799183496] [spotrobot]: My name is spotrobot1
[spotrobot-5] [INFO] [1748520692.799876467] [spotrobot]: I heard: "{"performative": "request", "sender": "Coordinator", "receiver": "uvdrobot1", "content": "Plan|a_authorize_disinfect,uvdrobot1,spotrobot1/a_navto,uvdrobot1,room1/a_disinfect_room,uvdrobot1,room1"}"
[uvdrobot-4] [INFO] [1748520692.800747208] [uvdrobot]: response.response uvdrobot1
[spotrobot-5] [INFO] [1748520692.800753525] [spotrobot]: And it is not for me
[uvdrobot-4] [INFO] [1748520692.801200420] [uvdrobot]: My name is uvdrobot1
[spotrobot-5] [INFO] [1748520692.801768995] [spotrobot]: I heard: "{"performative": "request", "sender": "Coordinator", "receiver": "spotrobot1", "content": "Plan|a_navto,spotrobot1,room1/a_open_door,spotrobot1,room1/a_approach_nurse,spotrobot1,nurse_disinfected1/a_authenticate_nurse,spotrobot1,nurse_disinfected1/a_authorize_patrol,spotrobot1,nurse_disinfected1/a_patrol_room,spotrobot1,room1/a_authorize_disinfect,uvdrobot1,spotrobot1"}"
[uvdrobot-4] [INFO] [1748520692.801902609] [uvdrobot]: I heard: "{"performative": "request", "sender": "Coordinator", "receiver": "uvdrobot1", "content": "Plan|a_authorize_disinfect,uvdrobot1,spotrobot1/a_navto,uvdrobot1,room1/a_disinfect_room,uvdrobot1,room1"}"
[spotrobot-5] [INFO] [1748520692.802109578] [spotrobot]: And it is for me
[uvdrobot-4] [INFO] [1748520692.802213611] [uvdrobot]: And it is for me
[spotrobot-5] [INFO] [1748520692.802505622] [spotrobot]: Doing a_navto
[spotrobot-5] [INFO] [1748520692.802907943] [spotrobot]: Wating for response
[uvdrobot-4] [INFO] [1748520692.802975594] [uvdrobot]: Doing a_authorize_disinfect
[uvdrobot-4] [INFO] [1748520692.803375615] [uvdrobot]: a_authorize_disinfect
[spotrobot-5] [INFO] [1748520692.803426447] [spotrobot]: I heard: "{"performative": "request", "sender": "Coordinator", "receiver": "nurse_disinfected1", "content": "Plan|a_approach_nurse,spotrobot1,nurse_disinfected1/a_authenticate_nurse,spotrobot1,nurse_disinfected1/a_authorize_patrol,spotrobot1,nurse_disinfected1"}"
[uvdrobot-4] [INFO] [1748520692.803698569] [uvdrobot]: Here first, waiting for spotrobot
[spotrobot-5] [INFO] [1748520692.803700603] [spotrobot]: And it is not for me
[spotrobot-5] [INFO] [1748520692.804286905] [spotrobot]: I heard: "{"performative": "query", "sender": "uvdrobot1", "receiver": "spotrobot1", "content": "Ready|a_authorize_disinfect"}"
[uvdrobot-4] [INFO] [1748520692.804445056] [uvdrobot]: I heard: "{"performative": "request", "sender": "Coordinator", "receiver": "spotrobot1", "content": "Plan|a_navto,spotrobot1,room1/a_open_door,spotrobot1,room1/a_approach_nurse,spotrobot1,nurse_disinfected1/a_authenticate_nurse,spotrobot1,nurse_disinfected1/a_authorize_patrol,spotrobot1,nurse_disinfected1/a_patrol_room,spotrobot1,room1/a_authorize_disinfect,uvdrobot1,spotrobot1"}"
[spotrobot-5] [INFO] [1748520692.804664215] [spotrobot]: And it is for me
[uvdrobot-4] [INFO] [1748520692.804754863] [uvdrobot]: And it is not for me
[spotrobot-5] [INFO] [1748520692.804948952] [spotrobot]: No there yet
[uvdrobot-4] [INFO] [1748520692.805429288] [uvdrobot]: I heard: "{"performative": "query", "sender": "uvdrobot1", "receiver": "spotrobot1", "content": "Ready|a_authorize_disinfect"}"
[spotrobot-5] [INFO] [1748520692.805607465] [spotrobot]: success
[uvdrobot-4] [INFO] [1748520692.805763307] [uvdrobot]: And it is not for me
[spotrobot-5] [INFO] [1748520692.805968559] [spotrobot]: Doing a_open_door
[uvdrobot-4] [INFO] [1748520692.806375400] [uvdrobot]: I heard: "{"performative": "request", "sender": "Coordinator", "receiver": "nurse_disinfected1", "content": "Plan|a_approach_nurse,spotrobot1,nurse_disinfected1/a_authenticate_nurse,spotrobot1,nurse_disinfected1/a_authorize_patrol,spotrobot1,nurse_disinfected1"}"
[spotrobot-5] [INFO] [1748520692.806383158] [spotrobot]: Wating for response
[uvdrobot-4] [INFO] [1748520692.806737372] [uvdrobot]: And it is not for me
[spotrobot-5] [INFO] [1748520692.807418024] [spotrobot]: success
[spotrobot-5] [INFO] [1748520692.807844133] [spotrobot]: Doing a_approach_nurse
[spotrobot-5] [INFO] [1748520692.808251794] [spotrobot]: Wating for response
[spotrobot-5] [INFO] [1748520692.808917384] [spotrobot]: success
[spotrobot-5] [INFO] [1748520692.809279000] [spotrobot]: Doing a_authenticate_nurse
[spotrobot-5] [INFO] [1748520692.809598066] [spotrobot]: a_authenticate_nurse
[spotrobot-5] [INFO] [1748520692.809912868] [spotrobot]: Here first, waiting for nurse
[spotrobot-5] [INFO] [1748520692.810593382] [spotrobot]: I heard: "{"performative": "query", "sender": "spotrobot1", "receiver": "nurse_disinfected1", "content": "Ready|a_authenticate_nurse"}"
[uvdrobot-4] [INFO] [1748520692.810730462] [uvdrobot]: I heard: "{"performative": "query", "sender": "spotrobot1", "receiver": "nurse_disinfected1", "content": "Ready|a_authenticate_nurse"}"
[spotrobot-5] [INFO] [1748520692.810923867] [spotrobot]: And it is not for me
[uvdrobot-4] [INFO] [1748520692.811062438] [uvdrobot]: And it is not for me
[nurse_disinfect-3] [INFO] [1748520693.800287113] [nurse_disinfect]: I heard: "{"performative": "request", "sender": "Coordinator", "receiver": "uvdrobot1", "content": "Plan|a_authorize_disinfect,uvdrobot1,spotrobot1/a_navto,uvdrobot1,room1/a_disinfect_room,uvdrobot1,room1"}"
[nurse_disinfect-3] [INFO] [1748520693.800698978] [nurse_disinfect]: And it is not for me
[nurse_disinfect-3] [INFO] [1748520693.801415302] [nurse_disinfect]: I heard: "{"performative": "query", "sender": "uvdrobot1", "receiver": "spotrobot1", "content": "Ready|a_authorize_disinfect"}"
[nurse_disinfect-3] [INFO] [1748520693.801798702] [nurse_disinfect]: And it is not for me
[nurse_disinfect-3] [INFO] [1748520693.802570555] [nurse_disinfect]: I heard: "{"performative": "request", "sender": "Coordinator", "receiver": "spotrobot1", "content": "Plan|a_navto,spotrobot1,room1/a_open_door,spotrobot1,room1/a_approach_nurse,spotrobot1,nurse_disinfected1/a_authenticate_nurse,spotrobot1,nurse_disinfected1/a_authorize_patrol,spotrobot1,nurse_disinfected1/a_patrol_room,spotrobot1,room1/a_authorize_disinfect,uvdrobot1,spotrobot1"}"
[nurse_disinfect-3] [INFO] [1748520693.803236985] [nurse_disinfect]: And it is not for me
[nurse_disinfect-3] [INFO] [1748520693.803922819] [nurse_disinfect]: I heard: "{"performative": "query", "sender": "spotrobot1", "receiver": "nurse_disinfected1", "content": "Ready|a_authenticate_nurse"}"
[nurse_disinfect-3] [INFO] [1748520693.804360347] [nurse_disinfect]: And it is for me
[nurse_disinfect-3] [INFO] [1748520693.804842370] [nurse_disinfect]: No there yet
[nurse_disinfect-3] [INFO] [1748520693.805621340] [nurse_disinfect]: I heard: "{"performative": "request", "sender": "Coordinator", "receiver": "nurse_disinfected1", "content": "Plan|a_approach_nurse,spotrobot1,nurse_disinfected1/a_authenticate_nurse,spotrobot1,nurse_disinfected1/a_authorize_patrol,spotrobot1,nurse_disinfected1"}"
[nurse_disinfect-3] [INFO] [1748520693.806157985] [nurse_disinfect]: And it is for me
[nurse_disinfect-3] [INFO] [1748520693.807509094] [nurse_disinfect]: a_approach_nurse
[nurse_disinfect-3] [INFO] [1748520693.807942625] [nurse_disinfect]: a_authenticate_nurse
[nurse_disinfect-3] [INFO] [1748520693.808351667] [nurse_disinfect]: Doing a_authenticate_nurse
[nurse_disinfect-3] [INFO] [1748520693.808677869] [nurse_disinfect]: a_authenticate_nurse
[nurse_disinfect-3] [INFO] [1748520693.809122445] [nurse_disinfect]: Robot is waiting, send action message
[spotrobot-5] [INFO] [1748520693.809855508] [spotrobot]: I heard: "{"performative": "query", "sender": "nurse_disinfected1", "receiver": "spotrobot1", "content": "Done|a_authenticate_nurse"}"
[uvdrobot-4] [INFO] [1748520693.809902350] [uvdrobot]: I heard: "{"performative": "query", "sender": "nurse_disinfected1", "receiver": "spotrobot1", "content": "Done|a_authenticate_nurse"}"
[nurse_disinfect-3] [INFO] [1748520693.810162137] [nurse_disinfect]: I heard: "{"performative": "query", "sender": "nurse_disinfected1", "receiver": "spotrobot1", "content": "Done|a_authenticate_nurse"}"
[uvdrobot-4] [INFO] [1748520693.810232135] [uvdrobot]: And it is not for me
[spotrobot-5] [INFO] [1748520693.810349948] [spotrobot]: And it is for me
[nurse_disinfect-3] [INFO] [1748520693.810646548] [nurse_disinfect]: And it is not for me
[spotrobot-5] [INFO] [1748520693.810866567] [spotrobot]: Finished action
[spotrobot-5] [INFO] [1748520693.811578034] [spotrobot]: Doing a_authorize_patrol
[uvdrobot-4] [INFO] [1748520693.811743892] [uvdrobot]: I heard: "{"performative": "query", "sender": "spotrobot1", "receiver": "nurse_disinfected1", "content": "Done|a_authenticate_nurse"}"
[nurse_disinfect-3] [INFO] [1748520693.811820979] [nurse_disinfect]: I heard: "{"performative": "query", "sender": "spotrobot1", "receiver": "nurse_disinfected1", "content": "Done|a_authenticate_nurse"}"
[spotrobot-5] [INFO] [1748520693.812084980] [spotrobot]: a_authorize_patrol
[uvdrobot-4] [INFO] [1748520693.812244975] [uvdrobot]: And it is not for me
[nurse_disinfect-3] [INFO] [1748520693.812378421] [nurse_disinfect]: And it is for me
[spotrobot-5] [INFO] [1748520693.812593307] [spotrobot]: Here first, waiting for nurse
[nurse_disinfect-3] [INFO] [1748520693.812984434] [nurse_disinfect]: Finished action
[uvdrobot-4] [INFO] [1748520693.813453350] [uvdrobot]: I heard: "{"performative": "query", "sender": "spotrobot1", "receiver": "nurse_disinfected1", "content": "Ready|a_authorize_patrol"}"
[spotrobot-5] [INFO] [1748520693.813671977] [spotrobot]: I heard: "{"performative": "query", "sender": "spotrobot1", "receiver": "nurse_disinfected1", "content": "Done|a_authenticate_nurse"}"
[nurse_disinfect-3] [INFO] [1748520693.813727723] [nurse_disinfect]: a_authorize_patrol
[uvdrobot-4] [INFO] [1748520693.813935047] [uvdrobot]: And it is not for me
[spotrobot-5] [INFO] [1748520693.814163555] [spotrobot]: And it is not for me
[nurse_disinfect-3] [INFO] [1748520693.814282342] [nurse_disinfect]: Doing a_authorize_patrol
[nurse_disinfect-3] [INFO] [1748520693.814809916] [nurse_disinfect]: a_authorize_patrol
[uvdrobot-4] [INFO] [1748520693.814824238] [uvdrobot]: I heard: "{"performative": "query", "sender": "nurse_disinfected1", "receiver": "spotrobot1", "content": "Done|a_authenticate_nurse"}"
[spotrobot-5] [INFO] [1748520693.815115688] [spotrobot]: I heard: "{"performative": "query", "sender": "spotrobot1", "receiver": "nurse_disinfected1", "content": "Ready|a_authorize_patrol"}"
[uvdrobot-4] [INFO] [1748520693.815340561] [uvdrobot]: And it is not for me
[nurse_disinfect-3] [INFO] [1748520693.815393564] [nurse_disinfect]: Here first, waiting for robot
[spotrobot-5] [INFO] [1748520693.815617018] [spotrobot]: And it is not for me
[uvdrobot-4] [INFO] [1748520693.816231726] [uvdrobot]: I heard: "{"performative": "query", "sender": "nurse_disinfected1", "receiver": "spotrobot1", "content": "Ready|a_authorize_patrol"}"
[spotrobot-5] [INFO] [1748520693.816542995] [spotrobot]: I heard: "{"performative": "query", "sender": "nurse_disinfected1", "receiver": "spotrobot1", "content": "Done|a_authenticate_nurse"}"
[nurse_disinfect-3] [INFO] [1748520693.816581488] [nurse_disinfect]: I heard: "{"performative": "query", "sender": "spotrobot1", "receiver": "nurse_disinfected1", "content": "Ready|a_authorize_patrol"}"
[uvdrobot-4] [INFO] [1748520693.816787322] [uvdrobot]: And it is not for me
[spotrobot-5] [INFO] [1748520693.817098266] [spotrobot]: And it is for me
[nurse_disinfect-3] [INFO] [1748520693.817213589] [nurse_disinfect]: And it is for me
[spotrobot-5] [INFO] [1748520693.817601026] [spotrobot]: Already finished action
[nurse_disinfect-3] [INFO] [1748520693.817643004] [nurse_disinfect]: Ready to act
[uvdrobot-4] [INFO] [1748520693.818522028] [uvdrobot]: I heard: "{"performative": "query", "sender": "nurse_disinfected1", "receiver": "spotrobot1", "content": "Done|a_authorize_patrol"}"
[nurse_disinfect-3] [INFO] [1748520693.818975537] [nurse_disinfect]: I heard: "{"performative": "query", "sender": "nurse_disinfected1", "receiver": "spotrobot1", "content": "Done|a_authenticate_nurse"}"
[uvdrobot-4] [INFO] [1748520693.819142630] [uvdrobot]: And it is not for me
[spotrobot-5] [INFO] [1748520693.819316706] [spotrobot]: I heard: "{"performative": "query", "sender": "nurse_disinfected1", "receiver": "spotrobot1", "content": "Ready|a_authorize_patrol"}"
[nurse_disinfect-3] [INFO] [1748520693.819475810] [nurse_disinfect]: And it is not for me
[spotrobot-5] [INFO] [1748520693.819939094] [spotrobot]: And it is for me
[nurse_disinfect-3] [INFO] [1748520693.820431813] [nurse_disinfect]: I heard: "{"performative": "query", "sender": "nurse_disinfected1", "receiver": "spotrobot1", "content": "Ready|a_authorize_patrol"}"
[spotrobot-5] [INFO] [1748520693.820625754] [spotrobot]: Ready to act
[nurse_disinfect-3] [INFO] [1748520693.820847963] [nurse_disinfect]: And it is not for me
[uvdrobot-4] [INFO] [1748520693.821576475] [uvdrobot]: I heard: "{"performative": "query", "sender": "spotrobot1", "receiver": "nurse_disinfected1", "content": "Done|a_authorize_patrol"}"
[nurse_disinfect-3] [INFO] [1748520693.821666433] [nurse_disinfect]: I heard: "{"performative": "query", "sender": "nurse_disinfected1", "receiver": "spotrobot1", "content": "Done|a_authorize_patrol"}"
[spotrobot-5] [INFO] [1748520693.821777119] [spotrobot]: I heard: "{"performative": "query", "sender": "nurse_disinfected1", "receiver": "spotrobot1", "content": "Done|a_authorize_patrol"}"
[nurse_disinfect-3] [INFO] [1748520693.822087695] [nurse_disinfect]: And it is not for me
[spotrobot-5] [INFO] [1748520693.822098227] [spotrobot]: And it is for me
[uvdrobot-4] [INFO] [1748520693.822225888] [uvdrobot]: And it is not for me
[spotrobot-5] [INFO] [1748520693.822434556] [spotrobot]: Finished action
[spotrobot-5] [INFO] [1748520693.822919521] [spotrobot]: Doing a_patrol_room
[nurse_disinfect-3] [INFO] [1748520693.822931424] [nurse_disinfect]: I heard: "{"performative": "query", "sender": "spotrobot1", "receiver": "nurse_disinfected1", "content": "Done|a_authorize_patrol"}"
[uvdrobot-4] [INFO] [1748520693.823222092] [uvdrobot]: I heard: "{"performative": "query", "sender": "spotrobot1", "receiver": "nurse_disinfected1", "content": "Done|a_authorize_patrol"}"
[spotrobot-5] [INFO] [1748520693.823403893] [spotrobot]: Wating for response
[nurse_disinfect-3] [INFO] [1748520693.823513374] [nurse_disinfect]: And it is for me
[uvdrobot-4] [INFO] [1748520693.823810014] [uvdrobot]: And it is not for me
[nurse_disinfect-3] [INFO] [1748520693.823898797] [nurse_disinfect]: Finished action
[spotrobot-5] [INFO] [1748520693.824341922] [spotrobot]: I heard: "{"performative": "query", "sender": "spotrobot1", "receiver": "nurse_disinfected1", "content": "Done|a_authorize_patrol"}"
[uvdrobot-4] [INFO] [1748520693.824727897] [uvdrobot]: I heard: "{"performative": "query", "sender": "nurse_disinfected1", "receiver": "spotrobot1", "content": "Done|a_authorize_patrol"}"
[spotrobot-5] [INFO] [1748520693.824923971] [spotrobot]: And it is not for me
[nurse_disinfect-3] [INFO] [1748520693.824975730] [nurse_disinfect]: I heard: "{"performative": "query", "sender": "spotrobot1", "receiver": "nurse_disinfected1", "content": "Done|a_authorize_patrol"}"
[uvdrobot-4] [INFO] [1748520693.825079831] [uvdrobot]: And it is not for me
[nurse_disinfect-3] [INFO] [1748520693.825362752] [nurse_disinfect]: And it is for me
[nurse_disinfect-3] [INFO] [1748520693.825650924] [nurse_disinfect]: Already finished action
[spotrobot-5] [INFO] [1748520693.825906446] [spotrobot]: I heard: "{"performative": "query", "sender": "spotrobot1", "receiver": "nurse_disinfected1", "content": "Done|a_authorize_patrol"}"
[nurse_disinfect-3] [INFO] [1748520693.826363013] [nurse_disinfect]: I heard: "{"performative": "query", "sender": "nurse_disinfected1", "receiver": "spotrobot1", "content": "Done|a_authorize_patrol"}"
[spotrobot-5] [INFO] [1748520693.826516930] [spotrobot]: And it is not for me
[nurse_disinfect-3] [INFO] [1748520693.826800443] [nurse_disinfect]: And it is not for me
[spotrobot-5] [INFO] [1748520693.827534671] [spotrobot]: I heard: "{"performative": "query", "sender": "nurse_disinfected1", "receiver": "spotrobot1", "content": "Done|a_authorize_patrol"}"
[spotrobot-5] [INFO] [1748520693.827896831] [spotrobot]: And it is for me
[spotrobot-5] [INFO] [1748520693.828270804] [spotrobot]: Already finished action
[spotrobot-5] [INFO] [1748520693.829319637] [spotrobot]: success
[spotrobot-5] [INFO] [1748520693.829773461] [spotrobot]: Doing a_authorize_disinfect
[spotrobot-5] [INFO] [1748520693.830175970] [spotrobot]: a_authorize_disinfect
[spotrobot-5] [INFO] [1748520693.830630287] [spotrobot]: Here first, waiting for spotrobot
[nurse_disinfect-3] [INFO] [1748520693.831350667] [nurse_disinfect]: I heard: "{"performative": "query", "sender": "spotrobot1", "receiver": "uvdrobot1", "content": "Ready|a_authorize_disinfect"}"
[uvdrobot-4] [INFO] [1748520693.831591036] [uvdrobot]: I heard: "{"performative": "query", "sender": "spotrobot1", "receiver": "uvdrobot1", "content": "Ready|a_authorize_disinfect"}"
[spotrobot-5] [INFO] [1748520693.831612683] [spotrobot]: I heard: "{"performative": "query", "sender": "spotrobot1", "receiver": "uvdrobot1", "content": "Ready|a_authorize_disinfect"}"
[nurse_disinfect-3] [INFO] [1748520693.831766431] [nurse_disinfect]: And it is not for me
[spotrobot-5] [INFO] [1748520693.832064987] [spotrobot]: And it is not for me
[uvdrobot-4] [INFO] [1748520693.832065400] [uvdrobot]: And it is for me
[uvdrobot-4] [INFO] [1748520693.832616663] [uvdrobot]: Ready to act
[spotrobot-5] [INFO] [1748520693.833621436] [spotrobot]: I heard: "{"performative": "query", "sender": "uvdrobot1", "receiver": "spotrobot1", "content": "Done|a_authorize_disinfect"}"
[uvdrobot-4] [INFO] [1748520693.833621435] [uvdrobot]: I heard: "{"performative": "query", "sender": "uvdrobot1", "receiver": "spotrobot1", "content": "Done|a_authorize_disinfect"}"
[nurse_disinfect-3] [INFO] [1748520693.833875400] [nurse_disinfect]: I heard: "{"performative": "query", "sender": "uvdrobot1", "receiver": "spotrobot1", "content": "Done|a_authorize_disinfect"}"
[uvdrobot-4] [INFO] [1748520693.834167161] [uvdrobot]: And it is not for me
[spotrobot-5] [INFO] [1748520693.834167123] [spotrobot]: And it is for me
[nurse_disinfect-3] [INFO] [1748520693.834550170] [nurse_disinfect]: And it is not for me
[spotrobot-5] [INFO] [1748520693.834747493] [spotrobot]: Finished action
[uvdrobot-4] [INFO] [1748520693.835595800] [uvdrobot]: I heard: "{"performative": "query", "sender": "spotrobot1", "receiver": "uvdrobot1", "content": "Done|a_authorize_disinfect"}"
[nurse_disinfect-3] [INFO] [1748520693.835596988] [nurse_disinfect]: I heard: "{"performative": "query", "sender": "spotrobot1", "receiver": "uvdrobot1", "content": "Done|a_authorize_disinfect"}"
[spotrobot-5] [INFO] [1748520693.835957290] [spotrobot]: I heard: "{"performative": "query", "sender": "spotrobot1", "receiver": "uvdrobot1", "content": "Done|a_authorize_disinfect"}"
[uvdrobot-4] [INFO] [1748520693.836122319] [uvdrobot]: And it is for me
[nurse_disinfect-3] [INFO] [1748520693.836146287] [nurse_disinfect]: And it is not for me
[spotrobot-5] [INFO] [1748520693.836479771] [spotrobot]: And it is not for me
[uvdrobot-4] [INFO] [1748520693.836591669] [uvdrobot]: Finished action
[uvdrobot-4] [INFO] [1748520693.837297490] [uvdrobot]: Doing a_navto
[spotrobot-5] [INFO] [1748520693.837488264] [spotrobot]: I heard: "{"performative": "query", "sender": "uvdrobot1", "receiver": "spotrobot1", "content": "Done|a_authorize_disinfect"}"
[nurse_disinfect-3] [INFO] [1748520693.837537963] [nurse_disinfect]: I heard: "{"performative": "query", "sender": "uvdrobot1", "receiver": "spotrobot1", "content": "Done|a_authorize_disinfect"}"
[uvdrobot-4] [INFO] [1748520693.837909702] [uvdrobot]: Waiting for response
[spotrobot-5] [INFO] [1748520693.837977335] [spotrobot]: And it is for me
[nurse_disinfect-3] [INFO] [1748520693.838071815] [nurse_disinfect]: And it is not for me
[spotrobot-5] [INFO] [1748520693.838495868] [spotrobot]: Already finished action
[uvdrobot-4] [INFO] [1748520693.838771987] [uvdrobot]: I heard: "{"performative": "query", "sender": "uvdrobot1", "receiver": "spotrobot1", "content": "Done|a_authorize_disinfect"}"
[uvdrobot-4] [INFO] [1748520693.839279485] [uvdrobot]: And it is not for me
[uvdrobot-4] [INFO] [1748520693.841036903] [uvdrobot]: success
[uvdrobot-4] [INFO] [1748520693.841653507] [uvdrobot]: Doing a_disinfect_room
[uvdrobot-4] [INFO] [1748520693.842368310] [uvdrobot]: Waiting for response
[uvdrobot-4] [INFO] [1748520693.843774771] [uvdrobot]: success
[spotrobot-5] [INFO] [1748520693.846079515] [spotrobot]: Recebido sinal de desligamento do coordenador, finalizando...
[uvdrobot-4] [INFO] [1748520693.846119203] [uvdrobot]: Recebido sinal de desligamento do coordenador, finalizando...
[disinfect_planner-2] [INFO] [1748520693.846337217] [disinfect_planner]: Recebido sinal de desligamento do coordenador, finalizando...
[nurse_disinfect-3] [INFO] [1748520693.846374221] [nurse_disinfect]: Recebido sinal de desligamento do coordenador, finalizando...
[disinfect_environment-1] [INFO] [1748520693.846410339] [disinfect_environment]: Recebido sinal de desligamento do coordenador, finalizando...
[spotrobot-5] [INFO] [1748520693.846484590] [Quitting]: Done
[uvdrobot-4] [INFO] [1748520693.846521376] [Quitting]: Done
[disinfect_planner-2] [INFO] [1748520693.846897817] [Quitting]: Done
[disinfect_environment-1] [INFO] [1748520693.847032027] [Quitting]: Done
[nurse_disinfect-3] [INFO] [1748520693.847048783] [Quitting]: Done
[INFO] [disinfect_environment-1]: process has finished cleanly [pid 11442]
[INFO] [nurse_disinfect-3]: process has finished cleanly [pid 11446]
[INFO] [uvdrobot-4]: process has finished cleanly [pid 11448]
[INFO] [spotrobot-5]: process has finished cleanly [pid 11450]
