[INFO] [launch]: All log files can be found below /home/rafael/.ros/log/2025-05-29-09-10-09-255510-NotebookRafael-10214
[INFO] [launch]: Default logging verbosity is set to INFO
[INFO] [disinfect_environment-1]: process started with pid [10217]
[INFO] [disinfect_planner-2]: process started with pid [10219]
[INFO] [nurse_disinfect-3]: process started with pid [10221]
[INFO] [uvdrobot-4]: process started with pid [10223]
[INFO] [spotrobot-5]: process started with pid [10225]
[disinfect_environment-1] [INFO] [1748520609.526638351] [disinfect_environment]: Starting Environment server
[disinfect_environment-1] [INFO] [1748520609.531008000] [disinfect_environment]: Environment server started
[disinfect_planner-2] [INFO] [1748520610.088337000] [disinfect_planner]: Starting Planner server
[disinfect_planner-2] [INFO] [1748520610.092574268] [disinfect_planner]: Planner server started
[disinfect_planner-2] [INFO] [1748520610.299072218] [disinfect_planner]: Creating plan for: spotrobot1 uvdrobot1 nurse_disinfected1
[disinfect_planner-2] [INFO] [1748520610.300938049] [disinfect_planner]: a_navto,spotrobot1,room1
[disinfect_planner-2] [INFO] [1748520610.301268516] [disinfect_planner]: a_open_door,spotrobot1,room1
[disinfect_planner-2] [INFO] [1748520610.301626222] [disinfect_planner]: a_approach_nurse,spotrobot1,nurse_disinfected1
[disinfect_planner-2] [INFO] [1748520610.301944554] [disinfect_planner]: a_authenticate_nurse,spotrobot1,nurse_disinfected1
[disinfect_planner-2] [INFO] [1748520610.302286583] [disinfect_planner]: a_authorize_patrol,spotrobot1,nurse_disinfected1
[disinfect_planner-2] [INFO] [1748520610.302641500] [disinfect_planner]: a_patrol_room,spotrobot1,room1
[disinfect_planner-2] [INFO] [1748520610.302954145] [disinfect_planner]: a_authorize_disinfect,uvdrobot1,spotrobot1
[disinfect_planner-2] [INFO] [1748520610.303263466] [disinfect_planner]: a_navto,uvdrobot1,room1
[disinfect_planner-2] [INFO] [1748520610.303569851] [disinfect_planner]: a_disinfect_room,uvdrobot1,room1
[disinfect_planner-2] [INFO] [1748520610.303877195] [disinfect_planner]: Sending response
[spotrobot-5] [INFO] [1748520610.305004017] [spotrobot]: response.response spotrobot1
[spotrobot-5] [INFO] [1748520610.305555930] [spotrobot]: My name is spotrobot1
[uvdrobot-4] [INFO] [1748520610.305772261] [uvdrobot]: response.response uvdrobot1
[uvdrobot-4] [INFO] [1748520610.306189467] [uvdrobot]: My name is uvdrobot1
[spotrobot-5] [INFO] [1748520610.306636158] [spotrobot]: I heard: "{"performative": "request", "sender": "Coordinator", "receiver": "uvdrobot1", "content": "Plan|a_authorize_disinfect,uvdrobot1,spotrobot1/a_navto,uvdrobot1,room1/a_disinfect_room,uvdrobot1,room1"}"
[uvdrobot-4] [INFO] [1748520610.306912306] [uvdrobot]: I heard: "{"performative": "request", "sender": "Coordinator", "receiver": "uvdrobot1", "content": "Plan|a_authorize_disinfect,uvdrobot1,spotrobot1/a_navto,uvdrobot1,room1/a_disinfect_room,uvdrobot1,room1"}"
[spotrobot-5] [INFO] [1748520610.307029083] [spotrobot]: And it is not for me
[uvdrobot-4] [INFO] [1748520610.307238461] [uvdrobot]: And it is for me
[uvdrobot-4] [INFO] [1748520610.307813597] [uvdrobot]: Doing a_authorize_disinfect
[spotrobot-5] [INFO] [1748520610.307850213] [spotrobot]: I heard: "{"performative": "request", "sender": "Coordinator", "receiver": "spotrobot1", "content": "Plan|a_navto,spotrobot1,room1/a_open_door,spotrobot1,room1/a_approach_nurse,spotrobot1,nurse_disinfected1/a_authenticate_nurse,spotrobot1,nurse_disinfected1/a_authorize_patrol,spotrobot1,nurse_disinfected1/a_patrol_room,spotrobot1,room1/a_authorize_disinfect,uvdrobot1,spotrobot1"}"
[uvdrobot-4] [INFO] [1748520610.308171550] [uvdrobot]: a_authorize_disinfect
[nurse_disinfect-3] [INFO] [1748520610.308244467] [nurse_disinfect]: response.response nurse_disinfected1
[spotrobot-5] [INFO] [1748520610.308439482] [spotrobot]: And it is for me
[uvdrobot-4] [INFO] [1748520610.308526734] [uvdrobot]: Here first, waiting for spotrobot
[nurse_disinfect-3] [INFO] [1748520610.308827495] [nurse_disinfect]: My name is nurse_disinfected1
[spotrobot-5] [INFO] [1748520610.309049551] [spotrobot]: Doing a_navto
[spotrobot-5] [INFO] [1748520610.309462128] [spotrobot]: Wating for response
[uvdrobot-4] [INFO] [1748520610.309750016] [uvdrobot]: I heard: "{"performative": "request", "sender": "Coordinator", "receiver": "spotrobot1", "content": "Plan|a_navto,spotrobot1,room1/a_open_door,spotrobot1,room1/a_approach_nurse,spotrobot1,nurse_disinfected1/a_authenticate_nurse,spotrobot1,nurse_disinfected1/a_authorize_patrol,spotrobot1,nurse_disinfected1/a_patrol_room,spotrobot1,room1/a_authorize_disinfect,uvdrobot1,spotrobot1"}"
[spotrobot-5] [INFO] [1748520610.310006258] [spotrobot]: I heard: "{"performative": "request", "sender": "Coordinator", "receiver": "nurse_disinfected1", "content": "Plan|a_approach_nurse,spotrobot1,nurse_disinfected1/a_authenticate_nurse,spotrobot1,nurse_disinfected1/a_authorize_patrol,spotrobot1,nurse_disinfected1"}"
[spotrobot-5] [INFO] [1748520610.310294899] [spotrobot]: And it is not for me
[uvdrobot-4] [INFO] [1748520610.310337802] [uvdrobot]: And it is not for me
[spotrobot-5] [INFO] [1748520610.310627245] [spotrobot]: I heard: "{"performative": "query", "sender": "uvdrobot1", "receiver": "spotrobot1", "content": "Ready|a_authorize_disinfect"}"
[spotrobot-5] [INFO] [1748520610.310895008] [spotrobot]: And it is for me
[uvdrobot-4] [INFO] [1748520610.310967453] [uvdrobot]: I heard: "{"performative": "query", "sender": "uvdrobot1", "receiver": "spotrobot1", "content": "Ready|a_authorize_disinfect"}"
[spotrobot-5] [INFO] [1748520610.311243644] [spotrobot]: No there yet
[uvdrobot-4] [INFO] [1748520610.311523244] [uvdrobot]: And it is not for me
[spotrobot-5] [INFO] [1748520610.312059502] [spotrobot]: success
[uvdrobot-4] [INFO] [1748520610.312459527] [uvdrobot]: I heard: "{"performative": "request", "sender": "Coordinator", "receiver": "nurse_disinfected1", "content": "Plan|a_approach_nurse,spotrobot1,nurse_disinfected1/a_authenticate_nurse,spotrobot1,nurse_disinfected1/a_authorize_patrol,spotrobot1,nurse_disinfected1"}"
[spotrobot-5] [INFO] [1748520610.312520938] [spotrobot]: Doing a_open_door
[uvdrobot-4] [INFO] [1748520610.313018294] [uvdrobot]: And it is not for me
[spotrobot-5] [INFO] [1748520610.313150253] [spotrobot]: Wating for response
[spotrobot-5] [INFO] [1748520610.314119284] [spotrobot]: success
[spotrobot-5] [INFO] [1748520610.314478957] [spotrobot]: Doing a_approach_nurse
[spotrobot-5] [INFO] [1748520610.314889537] [spotrobot]: Wating for response
[spotrobot-5] [INFO] [1748520610.315727134] [spotrobot]: success
[spotrobot-5] [INFO] [1748520610.316251621] [spotrobot]: Doing a_authenticate_nurse
[spotrobot-5] [INFO] [1748520610.316573197] [spotrobot]: a_authenticate_nurse
[spotrobot-5] [INFO] [1748520610.316846063] [spotrobot]: Here first, waiting for nurse
[spotrobot-5] [INFO] [1748520610.317493270] [spotrobot]: I heard: "{"performative": "query", "sender": "spotrobot1", "receiver": "nurse_disinfected1", "content": "Ready|a_authenticate_nurse"}"
[uvdrobot-4] [INFO] [1748520610.317574530] [uvdrobot]: I heard: "{"performative": "query", "sender": "spotrobot1", "receiver": "nurse_disinfected1", "content": "Ready|a_authenticate_nurse"}"
[spotrobot-5] [INFO] [1748520610.317858838] [spotrobot]: And it is not for me
[uvdrobot-4] [INFO] [1748520610.318131121] [uvdrobot]: And it is not for me
[nurse_disinfect-3] [INFO] [1748520611.310929404] [nurse_disinfect]: I heard: "{"performative": "request", "sender": "Coordinator", "receiver": "uvdrobot1", "content": "Plan|a_authorize_disinfect,uvdrobot1,spotrobot1/a_navto,uvdrobot1,room1/a_disinfect_room,uvdrobot1,room1"}"
[nurse_disinfect-3] [INFO] [1748520611.311590042] [nurse_disinfect]: And it is not for me
[nurse_disinfect-3] [INFO] [1748520611.312384181] [nurse_disinfect]: I heard: "{"performative": "query", "sender": "uvdrobot1", "receiver": "spotrobot1", "content": "Ready|a_authorize_disinfect"}"
[nurse_disinfect-3] [INFO] [1748520611.312734004] [nurse_disinfect]: And it is not for me
[nurse_disinfect-3] [INFO] [1748520611.313361341] [nurse_disinfect]: I heard: "{"performative": "request", "sender": "Coordinator", "receiver": "spotrobot1", "content": "Plan|a_navto,spotrobot1,room1/a_open_door,spotrobot1,room1/a_approach_nurse,spotrobot1,nurse_disinfected1/a_authenticate_nurse,spotrobot1,nurse_disinfected1/a_authorize_patrol,spotrobot1,nurse_disinfected1/a_patrol_room,spotrobot1,room1/a_authorize_disinfect,uvdrobot1,spotrobot1"}"
[nurse_disinfect-3] [INFO] [1748520611.313736770] [nurse_disinfect]: And it is not for me
[nurse_disinfect-3] [INFO] [1748520611.314154550] [nurse_disinfect]: I heard: "{"performative": "query", "sender": "spotrobot1", "receiver": "nurse_disinfected1", "content": "Ready|a_authenticate_nurse"}"
[nurse_disinfect-3] [INFO] [1748520611.314792895] [nurse_disinfect]: And it is for me
[nurse_disinfect-3] [INFO] [1748520611.315200320] [nurse_disinfect]: No there yet
[nurse_disinfect-3] [INFO] [1748520611.316014813] [nurse_disinfect]: I heard: "{"performative": "request", "sender": "Coordinator", "receiver": "nurse_disinfected1", "content": "Plan|a_approach_nurse,spotrobot1,nurse_disinfected1/a_authenticate_nurse,spotrobot1,nurse_disinfected1/a_authorize_patrol,spotrobot1,nurse_disinfected1"}"
[nurse_disinfect-3] [INFO] [1748520611.316419053] [nurse_disinfect]: And it is for me
[nurse_disinfect-3] [INFO] [1748520611.317560384] [nurse_disinfect]: a_approach_nurse
[nurse_disinfect-3] [INFO] [1748520611.317981180] [nurse_disinfect]: a_authenticate_nurse
[nurse_disinfect-3] [INFO] [1748520611.318357173] [nurse_disinfect]: Doing a_authenticate_nurse
[nurse_disinfect-3] [INFO] [1748520611.318921657] [nurse_disinfect]: a_authenticate_nurse
[nurse_disinfect-3] [INFO] [1748520611.319528926] [nurse_disinfect]: Robot is waiting, send action message
[uvdrobot-4] [INFO] [1748520611.320364862] [uvdrobot]: I heard: "{"performative": "query", "sender": "nurse_disinfected1", "receiver": "spotrobot1", "content": "Done|a_authenticate_nurse"}"
[nurse_disinfect-3] [INFO] [1748520611.320445538] [nurse_disinfect]: I heard: "{"performative": "query", "sender": "nurse_disinfected1", "receiver": "spotrobot1", "content": "Done|a_authenticate_nurse"}"
[spotrobot-5] [INFO] [1748520611.320493863] [spotrobot]: I heard: "{"performative": "query", "sender": "nurse_disinfected1", "receiver": "spotrobot1", "content": "Done|a_authenticate_nurse"}"
[uvdrobot-4] [INFO] [1748520611.320783335] [uvdrobot]: And it is not for me
[nurse_disinfect-3] [INFO] [1748520611.320837751] [nurse_disinfect]: And it is not for me
[spotrobot-5] [INFO] [1748520611.320893336] [spotrobot]: And it is for me
[spotrobot-5] [INFO] [1748520611.321274769] [spotrobot]: Finished action
[spotrobot-5] [INFO] [1748520611.321822231] [spotrobot]: Doing a_authorize_patrol
[uvdrobot-4] [INFO] [1748520611.321847600] [uvdrobot]: I heard: "{"performative": "query", "sender": "spotrobot1", "receiver": "nurse_disinfected1", "content": "Done|a_authenticate_nurse"}"
[nurse_disinfect-3] [INFO] [1748520611.322038279] [nurse_disinfect]: I heard: "{"performative": "query", "sender": "spotrobot1", "receiver": "nurse_disinfected1", "content": "Done|a_authenticate_nurse"}"
[uvdrobot-4] [INFO] [1748520611.322161204] [uvdrobot]: And it is not for me
[nurse_disinfect-3] [INFO] [1748520611.322341252] [nurse_disinfect]: And it is for me
[spotrobot-5] [INFO] [1748520611.322368932] [spotrobot]: a_authorize_patrol
[nurse_disinfect-3] [INFO] [1748520611.322698453] [nurse_disinfect]: Finished action
[spotrobot-5] [INFO] [1748520611.322804070] [spotrobot]: Here first, waiting for nurse
[uvdrobot-4] [INFO] [1748520611.323329476] [uvdrobot]: I heard: "{"performative": "query", "sender": "nurse_disinfected1", "receiver": "spotrobot1", "content": "Done|a_authenticate_nurse"}"
[nurse_disinfect-3] [INFO] [1748520611.323403687] [nurse_disinfect]: a_authorize_patrol
[spotrobot-5] [INFO] [1748520611.323591275] [spotrobot]: I heard: "{"performative": "query", "sender": "spotrobot1", "receiver": "nurse_disinfected1", "content": "Done|a_authenticate_nurse"}"
[uvdrobot-4] [INFO] [1748520611.323627444] [uvdrobot]: And it is not for me
[nurse_disinfect-3] [INFO] [1748520611.323786929] [nurse_disinfect]: Doing a_authorize_patrol
[spotrobot-5] [INFO] [1748520611.323933552] [spotrobot]: And it is not for me
[nurse_disinfect-3] [INFO] [1748520611.324130284] [nurse_disinfect]: a_authorize_patrol
[uvdrobot-4] [INFO] [1748520611.324161802] [uvdrobot]: I heard: "{"performative": "query", "sender": "spotrobot1", "receiver": "nurse_disinfected1", "content": "Ready|a_authorize_patrol"}"
[nurse_disinfect-3] [INFO] [1748520611.324408995] [nurse_disinfect]: Here first, waiting for robot
[spotrobot-5] [INFO] [1748520611.324489461] [spotrobot]: I heard: "{"performative": "query", "sender": "nurse_disinfected1", "receiver": "spotrobot1", "content": "Done|a_authenticate_nurse"}"
[uvdrobot-4] [INFO] [1748520611.324512198] [uvdrobot]: And it is not for me
[spotrobot-5] [INFO] [1748520611.324896915] [spotrobot]: And it is for me
[uvdrobot-4] [INFO] [1748520611.325107065] [uvdrobot]: I heard: "{"performative": "query", "sender": "nurse_disinfected1", "receiver": "spotrobot1", "content": "Ready|a_authorize_patrol"}"
[spotrobot-5] [INFO] [1748520611.325262849] [spotrobot]: Already finished action
[uvdrobot-4] [INFO] [1748520611.325396696] [uvdrobot]: And it is not for me
[nurse_disinfect-3] [INFO] [1748520611.325407420] [nurse_disinfect]: I heard: "{"performative": "query", "sender": "nurse_disinfected1", "receiver": "spotrobot1", "content": "Done|a_authenticate_nurse"}"
[spotrobot-5] [INFO] [1748520611.326029216] [spotrobot]: I heard: "{"performative": "query", "sender": "spotrobot1", "receiver": "nurse_disinfected1", "content": "Ready|a_authorize_patrol"}"
[nurse_disinfect-3] [INFO] [1748520611.326073893] [nurse_disinfect]: And it is not for me
[spotrobot-5] [INFO] [1748520611.326550617] [spotrobot]: And it is not for me
[nurse_disinfect-3] [INFO] [1748520611.327073366] [nurse_disinfect]: I heard: "{"performative": "query", "sender": "spotrobot1", "receiver": "nurse_disinfected1", "content": "Ready|a_authorize_patrol"}"
[spotrobot-5] [INFO] [1748520611.327568110] [spotrobot]: I heard: "{"performative": "query", "sender": "nurse_disinfected1", "receiver": "spotrobot1", "content": "Ready|a_authorize_patrol"}"
[nurse_disinfect-3] [INFO] [1748520611.327599881] [nurse_disinfect]: And it is for me
[spotrobot-5] [INFO] [1748520611.328098611] [spotrobot]: And it is for me
[nurse_disinfect-3] [INFO] [1748520611.328128027] [nurse_disinfect]: Ready to act
[spotrobot-5] [INFO] [1748520611.328621585] [spotrobot]: Ready to act
[uvdrobot-4] [INFO] [1748520611.328711263] [uvdrobot]: I heard: "{"performative": "query", "sender": "nurse_disinfected1", "receiver": "spotrobot1", "content": "Done|a_authorize_patrol"}"
[uvdrobot-4] [INFO] [1748520611.329012930] [uvdrobot]: And it is not for me
[nurse_disinfect-3] [INFO] [1748520611.329281237] [nurse_disinfect]: I heard: "{"performative": "query", "sender": "nurse_disinfected1", "receiver": "spotrobot1", "content": "Ready|a_authorize_patrol"}"
[uvdrobot-4] [INFO] [1748520611.329542421] [uvdrobot]: I heard: "{"performative": "query", "sender": "spotrobot1", "receiver": "nurse_disinfected1", "content": "Done|a_authorize_patrol"}"
[spotrobot-5] [INFO] [1748520611.329747486] [spotrobot]: I heard: "{"performative": "query", "sender": "nurse_disinfected1", "receiver": "spotrobot1", "content": "Done|a_authorize_patrol"}"
[nurse_disinfect-3] [INFO] [1748520611.329844840] [nurse_disinfect]: And it is not for me
[uvdrobot-4] [INFO] [1748520611.329850922] [uvdrobot]: And it is not for me
[spotrobot-5] [INFO] [1748520611.330278640] [spotrobot]: And it is for me
[spotrobot-5] [INFO] [1748520611.330818952] [spotrobot]: Finished action
[nurse_disinfect-3] [INFO] [1748520611.330979515] [nurse_disinfect]: I heard: "{"performative": "query", "sender": "nurse_disinfected1", "receiver": "spotrobot1", "content": "Done|a_authorize_patrol"}"
[uvdrobot-4] [INFO] [1748520611.331488501] [uvdrobot]: I heard: "{"performative": "query", "sender": "spotrobot1", "receiver": "nurse_disinfected1", "content": "Done|a_authorize_patrol"}"
[nurse_disinfect-3] [INFO] [1748520611.331514960] [nurse_disinfect]: And it is not for me
[spotrobot-5] [INFO] [1748520611.331562501] [spotrobot]: Doing a_patrol_room
[uvdrobot-4] [INFO] [1748520611.331844921] [uvdrobot]: And it is not for me
[spotrobot-5] [INFO] [1748520611.332194604] [spotrobot]: Wating for response
[nurse_disinfect-3] [INFO] [1748520611.332548545] [nurse_disinfect]: I heard: "{"performative": "query", "sender": "spotrobot1", "receiver": "nurse_disinfected1", "content": "Done|a_authorize_patrol"}"
[spotrobot-5] [INFO] [1748520611.332789897] [spotrobot]: I heard: "{"performative": "query", "sender": "spotrobot1", "receiver": "nurse_disinfected1", "content": "Done|a_authorize_patrol"}"
[nurse_disinfect-3] [INFO] [1748520611.333130644] [nurse_disinfect]: And it is for me
[spotrobot-5] [INFO] [1748520611.333246209] [spotrobot]: And it is not for me
[nurse_disinfect-3] [INFO] [1748520611.333715927] [nurse_disinfect]: Finished action
[spotrobot-5] [INFO] [1748520611.333909330] [spotrobot]: I heard: "{"performative": "query", "sender": "spotrobot1", "receiver": "nurse_disinfected1", "content": "Done|a_authorize_patrol"}"
[spotrobot-5] [INFO] [1748520611.334517628] [spotrobot]: And it is not for me
[nurse_disinfect-3] [INFO] [1748520611.334653111] [nurse_disinfect]: I heard: "{"performative": "query", "sender": "spotrobot1", "receiver": "nurse_disinfected1", "content": "Done|a_authorize_patrol"}"
[nurse_disinfect-3] [INFO] [1748520611.334944917] [nurse_disinfect]: And it is for me
[uvdrobot-4] [INFO] [1748520611.335063549] [uvdrobot]: I heard: "{"performative": "query", "sender": "nurse_disinfected1", "receiver": "spotrobot1", "content": "Done|a_authorize_patrol"}"
[nurse_disinfect-3] [INFO] [1748520611.335208851] [nurse_disinfect]: Already finished action
[uvdrobot-4] [INFO] [1748520611.335383187] [uvdrobot]: And it is not for me
[spotrobot-5] [INFO] [1748520611.335442735] [spotrobot]: I heard: "{"performative": "query", "sender": "nurse_disinfected1", "receiver": "spotrobot1", "content": "Done|a_authorize_patrol"}"
[nurse_disinfect-3] [INFO] [1748520611.335748174] [nurse_disinfect]: I heard: "{"performative": "query", "sender": "nurse_disinfected1", "receiver": "spotrobot1", "content": "Done|a_authorize_patrol"}"
[spotrobot-5] [INFO] [1748520611.335996686] [spotrobot]: And it is for me
[nurse_disinfect-3] [INFO] [1748520611.336045845] [nurse_disinfect]: And it is not for me
[spotrobot-5] [INFO] [1748520611.336590248] [spotrobot]: Already finished action
[spotrobot-5] [INFO] [1748520611.338482793] [spotrobot]: success
[spotrobot-5] [INFO] [1748520611.339144143] [spotrobot]: Doing a_authorize_disinfect
[spotrobot-5] [INFO] [1748520611.339740524] [spotrobot]: a_authorize_disinfect
[spotrobot-5] [INFO] [1748520611.340362945] [spotrobot]: Here first, waiting for spotrobot
[nurse_disinfect-3] [INFO] [1748520611.341134623] [nurse_disinfect]: I heard: "{"performative": "query", "sender": "spotrobot1", "receiver": "uvdrobot1", "content": "Ready|a_authorize_disinfect"}"
[spotrobot-5] [INFO] [1748520611.341338859] [spotrobot]: I heard: "{"performative": "query", "sender": "spotrobot1", "receiver": "uvdrobot1", "content": "Ready|a_authorize_disinfect"}"
[uvdrobot-4] [INFO] [1748520611.341368683] [uvdrobot]: I heard: "{"performative": "query", "sender": "spotrobot1", "receiver": "uvdrobot1", "content": "Ready|a_authorize_disinfect"}"
[nurse_disinfect-3] [INFO] [1748520611.341642890] [nurse_disinfect]: And it is not for me
[uvdrobot-4] [INFO] [1748520611.341868276] [uvdrobot]: And it is for me
[spotrobot-5] [INFO] [1748520611.341884106] [spotrobot]: And it is not for me
[uvdrobot-4] [INFO] [1748520611.342440554] [uvdrobot]: Ready to act
[nurse_disinfect-3] [INFO] [1748520611.343080313] [nurse_disinfect]: I heard: "{"performative": "query", "sender": "uvdrobot1", "receiver": "spotrobot1", "content": "Done|a_authorize_disinfect"}"
[uvdrobot-4] [INFO] [1748520611.343281701] [uvdrobot]: I heard: "{"performative": "query", "sender": "uvdrobot1", "receiver": "spotrobot1", "content": "Done|a_authorize_disinfect"}"
[nurse_disinfect-3] [INFO] [1748520611.343446287] [nurse_disinfect]: And it is not for me
[spotrobot-5] [INFO] [1748520611.343531004] [spotrobot]: I heard: "{"performative": "query", "sender": "uvdrobot1", "receiver": "spotrobot1", "content": "Done|a_authorize_disinfect"}"
[uvdrobot-4] [INFO] [1748520611.343591943] [uvdrobot]: And it is not for me
[spotrobot-5] [INFO] [1748520611.344037886] [spotrobot]: And it is for me
[spotrobot-5] [INFO] [1748520611.344627670] [spotrobot]: Finished action
[uvdrobot-4] [INFO] [1748520611.345245632] [uvdrobot]: I heard: "{"performative": "query", "sender": "spotrobot1", "receiver": "uvdrobot1", "content": "Done|a_authorize_disinfect"}"
[nurse_disinfect-3] [INFO] [1748520611.345279312] [nurse_disinfect]: I heard: "{"performative": "query", "sender": "spotrobot1", "receiver": "uvdrobot1", "content": "Done|a_authorize_disinfect"}"
[uvdrobot-4] [INFO] [1748520611.345591865] [uvdrobot]: And it is for me
[nurse_disinfect-3] [INFO] [1748520611.345766354] [nurse_disinfect]: And it is not for me
[spotrobot-5] [INFO] [1748520611.345815337] [spotrobot]: I heard: "{"performative": "query", "sender": "spotrobot1", "receiver": "uvdrobot1", "content": "Done|a_authorize_disinfect"}"
[uvdrobot-4] [INFO] [1748520611.345871021] [uvdrobot]: Finished action
[uvdrobot-4] [INFO] [1748520611.346397535] [uvdrobot]: Doing a_navto
[spotrobot-5] [INFO] [1748520611.346450033] [spotrobot]: And it is not for me
[nurse_disinfect-3] [INFO] [1748520611.346472775] [nurse_disinfect]: I heard: "{"performative": "query", "sender": "uvdrobot1", "receiver": "spotrobot1", "content": "Done|a_authorize_disinfect"}"
[uvdrobot-4] [INFO] [1748520611.346831100] [uvdrobot]: Waiting for response
[nurse_disinfect-3] [INFO] [1748520611.346843813] [nurse_disinfect]: And it is not for me
[uvdrobot-4] [INFO] [1748520611.347318459] [uvdrobot]: I heard: "{"performative": "query", "sender": "uvdrobot1", "receiver": "spotrobot1", "content": "Done|a_authorize_disinfect"}"
[spotrobot-5] [INFO] [1748520611.347421298] [spotrobot]: I heard: "{"performative": "query", "sender": "uvdrobot1", "receiver": "spotrobot1", "content": "Done|a_authorize_disinfect"}"
[uvdrobot-4] [INFO] [1748520611.347655335] [uvdrobot]: And it is not for me
[spotrobot-5] [INFO] [1748520611.347956972] [spotrobot]: And it is for me
[uvdrobot-4] [INFO] [1748520611.348246810] [uvdrobot]: success
[spotrobot-5] [INFO] [1748520611.348516540] [spotrobot]: Already finished action
[uvdrobot-4] [INFO] [1748520611.348646491] [uvdrobot]: Doing a_disinfect_room
[uvdrobot-4] [INFO] [1748520611.349048070] [uvdrobot]: Waiting for response
[uvdrobot-4] [INFO] [1748520611.350191913] [uvdrobot]: success
[uvdrobot-4] [INFO] [1748520611.353345047] [uvdrobot]: Recebido sinal de desligamento do coordenador, finalizando...
[disinfect_planner-2] [INFO] [1748520611.353449737] [disinfect_planner]: Recebido sinal de desligamento do coordenador, finalizando...
[spotrobot-5] [INFO] [1748520611.353584681] [spotrobot]: Recebido sinal de desligamento do coordenador, finalizando...
[disinfect_environment-1] [INFO] [1748520611.353609311] [disinfect_environment]: Recebido sinal de desligamento do coordenador, finalizando...
[nurse_disinfect-3] [INFO] [1748520611.353613709] [nurse_disinfect]: Recebido sinal de desligamento do coordenador, finalizando...
[uvdrobot-4] [INFO] [1748520611.353768741] [Quitting]: Done
[disinfect_planner-2] [INFO] [1748520611.353779987] [Quitting]: Done
[disinfect_environment-1] [INFO] [1748520611.354146320] [Quitting]: Done
[spotrobot-5] [INFO] [1748520611.354185551] [Quitting]: Done
[nurse_disinfect-3] [INFO] [1748520611.354270985] [Quitting]: Done
[INFO] [spotrobot-5]: process has finished cleanly [pid 10225]
[INFO] [disinfect_environment-1]: process has finished cleanly [pid 10217]
[INFO] [nurse_disinfect-3]: process has finished cleanly [pid 10221]
[INFO] [uvdrobot-4]: process has finished cleanly [pid 10223]
[INFO] [disinfect_planner-2]: process has finished cleanly [pid 10219]
