[INFO] [launch]: All log files can be found below /home/rafael/.ros/log/2025-05-30-13-01-29-231569-NotebookRafael-31288
[INFO] [launch]: Default logging verbosity is set to INFO
[INFO] [disinfect_environment-1]: process started with pid [31291]
[INFO] [disinfect_planner-2]: process started with pid [31293]
[INFO] [nurse_disinfect-3]: process started with pid [31295]
[INFO] [uvdrobot-4]: process started with pid [31297]
[INFO] [spotrobot-5]: process started with pid [31299]
[disinfect_environment-1] [INFO] [1748620889.496481047] [disinfect_environment]: Starting Environment server
[disinfect_environment-1] [INFO] [1748620889.500219009] [disinfect_environment]: Environment server started
[disinfect_planner-2] [INFO] [1748620890.028166196] [disinfect_planner]: Starting Planner server
[disinfect_planner-2] [INFO] [1748620890.032712007] [disinfect_planner]: Planner server started
[disinfect_planner-2] [INFO] [1748620890.255809478] [disinfect_planner]: Creating plan for: spotrobot1 uvdrobot1 nurse_disinfected1
[disinfect_planner-2] [INFO] [1748620890.257959286] [disinfect_planner]: a_navto,spotrobot1,room1
[disinfect_planner-2] [INFO] [1748620890.258429573] [disinfect_planner]: a_open_door,spotrobot1,room1
[disinfect_planner-2] [INFO] [1748620890.258885073] [disinfect_planner]: a_approach_nurse,spotrobot1,nurse_disinfected1
[disinfect_planner-2] [INFO] [1748620890.259184303] [disinfect_planner]: a_authenticate_nurse,spotrobot1,nurse_disinfected1
[disinfect_planner-2] [INFO] [1748620890.259479578] [disinfect_planner]: a_authorize_patrol,spotrobot1,nurse_disinfected1
[spotrobot-5] [INFO] [1748620890.259522584] [spotrobot]: response.response spotrobot1
[disinfect_planner-2] [INFO] [1748620890.259743429] [disinfect_planner]: a_patrol_room,spotrobot1,room1
[spotrobot-5] [INFO] [1748620890.260007563] [spotrobot]: My name is spotrobot1
[disinfect_planner-2] [INFO] [1748620890.260026136] [disinfect_planner]: a_authorize_disinfect,uvdrobot1,spotrobot1
[disinfect_planner-2] [INFO] [1748620890.260276318] [disinfect_planner]: a_navto,uvdrobot1,room1
[disinfect_planner-2] [INFO] [1748620890.260509712] [disinfect_planner]: a_disinfect_room,uvdrobot1,room1
[disinfect_planner-2] [INFO] [1748620890.260790825] [disinfect_planner]: Sending response
[spotrobot-5] [INFO] [1748620890.262749865] [spotrobot]: I heard: "{"performative": "request", "sender": "Coordinator", "receiver": "uvdrobot1", "content": "Plan|a_authorize_disinfect,uvdrobot1,spotrobot1/a_navto,uvdrobot1,room1/a_disinfect_room,uvdrobot1,room1"}"
[spotrobot-5] [INFO] [1748620890.263071832] [spotrobot]: And it is not for me
[spotrobot-5] [INFO] [1748620890.263537244] [spotrobot]: I heard: "{"performative": "request", "sender": "Coordinator", "receiver": "spotrobot1", "content": "Plan|a_navto,spotrobot1,room1/a_open_door,spotrobot1,room1/a_approach_nurse,spotrobot1,nurse_disinfected1/a_authenticate_nurse,spotrobot1,nurse_disinfected1/a_authorize_patrol,spotrobot1,nurse_disinfected1/a_patrol_room,spotrobot1,room1/a_authorize_disinfect,uvdrobot1,spotrobot1"}"
[spotrobot-5] [INFO] [1748620890.263867880] [spotrobot]: And it is for me
[uvdrobot-4] [INFO] [1748620890.263926574] [uvdrobot]: response.response uvdrobot1
[uvdrobot-4] [INFO] [1748620890.264256992] [uvdrobot]: My name is uvdrobot1
[spotrobot-5] [INFO] [1748620890.264281123] [spotrobot]: Doing a_navto
[spotrobot-5] [INFO] [1748620890.264673944] [spotrobot]: Wating for response
[uvdrobot-4] [INFO] [1748620890.264892768] [uvdrobot]: I heard: "{"performative": "request", "sender": "Coordinator", "receiver": "uvdrobot1", "content": "Plan|a_authorize_disinfect,uvdrobot1,spotrobot1/a_navto,uvdrobot1,room1/a_disinfect_room,uvdrobot1,room1"}"
[spotrobot-5] [INFO] [1748620890.265196694] [spotrobot]: I heard: "{"performative": "request", "sender": "Coordinator", "receiver": "nurse_disinfected1", "content": "Plan|a_approach_nurse,spotrobot1,nurse_disinfected1/a_authenticate_nurse,spotrobot1,nurse_disinfected1/a_authorize_patrol,spotrobot1,nurse_disinfected1"}"
[uvdrobot-4] [INFO] [1748620890.265231647] [uvdrobot]: And it is for me
[spotrobot-5] [INFO] [1748620890.265506112] [spotrobot]: And it is not for me
[nurse_disinfect-3] [INFO] [1748620890.265560307] [nurse_disinfect]: response.response nurse_disinfected1
[uvdrobot-4] [INFO] [1748620890.265770464] [uvdrobot]: Doing a_authorize_disinfect
[spotrobot-5] [INFO] [1748620890.266065380] [spotrobot]: success
[nurse_disinfect-3] [INFO] [1748620890.266146314] [nurse_disinfect]: My name is nurse_disinfected1
[uvdrobot-4] [INFO] [1748620890.266152605] [uvdrobot]: a_authorize_disinfect
[uvdrobot-4] [INFO] [1748620890.266456569] [uvdrobot]: Here first, waiting for spotrobot
[spotrobot-5] [INFO] [1748620890.266532859] [spotrobot]: Doing a_open_door
[spotrobot-5] [INFO] [1748620890.267144419] [spotrobot]: Wating for response
[uvdrobot-4] [INFO] [1748620890.267197536] [uvdrobot]: I heard: "{"performative": "request", "sender": "Coordinator", "receiver": "spotrobot1", "content": "Plan|a_navto,spotrobot1,room1/a_open_door,spotrobot1,room1/a_approach_nurse,spotrobot1,nurse_disinfected1/a_authenticate_nurse,spotrobot1,nurse_disinfected1/a_authorize_patrol,spotrobot1,nurse_disinfected1/a_patrol_room,spotrobot1,room1/a_authorize_disinfect,uvdrobot1,spotrobot1"}"
[uvdrobot-4] [INFO] [1748620890.267498834] [uvdrobot]: And it is not for me
[spotrobot-5] [INFO] [1748620890.267696346] [spotrobot]: I heard: "{"performative": "query", "sender": "uvdrobot1", "receiver": "spotrobot1", "content": "Ready|a_authorize_disinfect"}"
[uvdrobot-4] [INFO] [1748620890.267830685] [uvdrobot]: I heard: "{"performative": "query", "sender": "uvdrobot1", "receiver": "spotrobot1", "content": "Ready|a_authorize_disinfect"}"
[spotrobot-5] [INFO] [1748620890.267969558] [spotrobot]: And it is for me
[uvdrobot-4] [INFO] [1748620890.268157157] [uvdrobot]: And it is not for me
[spotrobot-5] [INFO] [1748620890.268256420] [spotrobot]: No there yet
[uvdrobot-4] [INFO] [1748620890.268658887] [uvdrobot]: I heard: "{"performative": "request", "sender": "Coordinator", "receiver": "nurse_disinfected1", "content": "Plan|a_approach_nurse,spotrobot1,nurse_disinfected1/a_authenticate_nurse,spotrobot1,nurse_disinfected1/a_authorize_patrol,spotrobot1,nurse_disinfected1"}"
[uvdrobot-4] [INFO] [1748620890.268987086] [uvdrobot]: And it is not for me
[spotrobot-5] [INFO] [1748620890.269156350] [spotrobot]: success
[spotrobot-5] [INFO] [1748620890.269477700] [spotrobot]: Doing a_approach_nurse
[spotrobot-5] [INFO] [1748620890.269877408] [spotrobot]: Wating for response
[spotrobot-5] [INFO] [1748620890.270963063] [spotrobot]: success
[spotrobot-5] [INFO] [1748620890.271317697] [spotrobot]: Doing a_authenticate_nurse
[spotrobot-5] [INFO] [1748620890.271624468] [spotrobot]: a_authenticate_nurse
[spotrobot-5] [INFO] [1748620890.271878483] [spotrobot]: Here first, waiting for nurse
[spotrobot-5] [INFO] [1748620890.272543824] [spotrobot]: I heard: "{"performative": "query", "sender": "spotrobot1", "receiver": "nurse_disinfected1", "content": "Ready|a_authenticate_nurse"}"
[uvdrobot-4] [INFO] [1748620890.272502360] [uvdrobot]: I heard: "{"performative": "query", "sender": "spotrobot1", "receiver": "nurse_disinfected1", "content": "Ready|a_authenticate_nurse"}"
[uvdrobot-4] [INFO] [1748620890.272869229] [uvdrobot]: And it is not for me
[spotrobot-5] [INFO] [1748620890.272896504] [spotrobot]: And it is not for me
[nurse_disinfect-3] [INFO] [1748620891.268204187] [nurse_disinfect]: I heard: "{"performative": "request", "sender": "Coordinator", "receiver": "uvdrobot1", "content": "Plan|a_authorize_disinfect,uvdrobot1,spotrobot1/a_navto,uvdrobot1,room1/a_disinfect_room,uvdrobot1,room1"}"
[nurse_disinfect-3] [INFO] [1748620891.268563336] [nurse_disinfect]: And it is not for me
[nurse_disinfect-3] [INFO] [1748620891.269144819] [nurse_disinfect]: I heard: "{"performative": "query", "sender": "uvdrobot1", "receiver": "spotrobot1", "content": "Ready|a_authorize_disinfect"}"
[nurse_disinfect-3] [INFO] [1748620891.269614451] [nurse_disinfect]: And it is not for me
[nurse_disinfect-3] [INFO] [1748620891.270465978] [nurse_disinfect]: I heard: "{"performative": "request", "sender": "Coordinator", "receiver": "spotrobot1", "content": "Plan|a_navto,spotrobot1,room1/a_open_door,spotrobot1,room1/a_approach_nurse,spotrobot1,nurse_disinfected1/a_authenticate_nurse,spotrobot1,nurse_disinfected1/a_authorize_patrol,spotrobot1,nurse_disinfected1/a_patrol_room,spotrobot1,room1/a_authorize_disinfect,uvdrobot1,spotrobot1"}"
[nurse_disinfect-3] [INFO] [1748620891.270847246] [nurse_disinfect]: And it is not for me
[nurse_disinfect-3] [INFO] [1748620891.271457052] [nurse_disinfect]: I heard: "{"performative": "query", "sender": "spotrobot1", "receiver": "nurse_disinfected1", "content": "Ready|a_authenticate_nurse"}"
[nurse_disinfect-3] [INFO] [1748620891.271860810] [nurse_disinfect]: And it is for me
[nurse_disinfect-3] [INFO] [1748620891.272248063] [nurse_disinfect]: No there yet
[nurse_disinfect-3] [INFO] [1748620891.272926750] [nurse_disinfect]: I heard: "{"performative": "request", "sender": "Coordinator", "receiver": "nurse_disinfected1", "content": "Plan|a_approach_nurse,spotrobot1,nurse_disinfected1/a_authenticate_nurse,spotrobot1,nurse_disinfected1/a_authorize_patrol,spotrobot1,nurse_disinfected1"}"
[nurse_disinfect-3] [INFO] [1748620891.273472900] [nurse_disinfect]: And it is for me
[nurse_disinfect-3] [INFO] [1748620891.275261672] [nurse_disinfect]: a_approach_nurse
[nurse_disinfect-3] [INFO] [1748620891.275811369] [nurse_disinfect]: a_authenticate_nurse
[nurse_disinfect-3] [INFO] [1748620891.276365762] [nurse_disinfect]: Doing a_authenticate_nurse
[nurse_disinfect-3] [INFO] [1748620891.276887649] [nurse_disinfect]: a_authenticate_nurse
[nurse_disinfect-3] [INFO] [1748620891.277457123] [nurse_disinfect]: Robot is waiting, send action message
[spotrobot-5] [INFO] [1748620891.278174780] [spotrobot]: I heard: "{"performative": "query", "sender": "nurse_disinfected1", "receiver": "spotrobot1", "content": "Done|a_authenticate_nurse"}"
[uvdrobot-4] [INFO] [1748620891.278186405] [uvdrobot]: I heard: "{"performative": "query", "sender": "nurse_disinfected1", "receiver": "spotrobot1", "content": "Done|a_authenticate_nurse"}"
[nurse_disinfect-3] [INFO] [1748620891.278511283] [nurse_disinfect]: I heard: "{"performative": "query", "sender": "nurse_disinfected1", "receiver": "spotrobot1", "content": "Done|a_authenticate_nurse"}"
[spotrobot-5] [INFO] [1748620891.278535902] [spotrobot]: And it is for me
[uvdrobot-4] [INFO] [1748620891.278561602] [uvdrobot]: And it is not for me
[spotrobot-5] [INFO] [1748620891.278800634] [spotrobot]: Finished action
[nurse_disinfect-3] [INFO] [1748620891.279039458] [nurse_disinfect]: And it is not for me
[uvdrobot-4] [INFO] [1748620891.279470249] [uvdrobot]: I heard: "{"performative": "query", "sender": "spotrobot1", "receiver": "nurse_disinfected1", "content": "Done|a_authenticate_nurse"}"
[spotrobot-5] [INFO] [1748620891.279490713] [spotrobot]: Doing a_authorize_patrol
[spotrobot-5] [INFO] [1748620891.279902605] [spotrobot]: a_authorize_patrol
[uvdrobot-4] [INFO] [1748620891.279921722] [uvdrobot]: And it is not for me
[spotrobot-5] [INFO] [1748620891.280183596] [spotrobot]: Here first, waiting for nurse
[nurse_disinfect-3] [INFO] [1748620891.280231234] [nurse_disinfect]: I heard: "{"performative": "query", "sender": "spotrobot1", "receiver": "nurse_disinfected1", "content": "Done|a_authenticate_nurse"}"
[nurse_disinfect-3] [INFO] [1748620891.280643339] [nurse_disinfect]: And it is for me
[uvdrobot-4] [INFO] [1748620891.280743636] [uvdrobot]: I heard: "{"performative": "query", "sender": "spotrobot1", "receiver": "nurse_disinfected1", "content": "Ready|a_authorize_patrol"}"
[spotrobot-5] [INFO] [1748620891.280896458] [spotrobot]: I heard: "{"performative": "query", "sender": "spotrobot1", "receiver": "nurse_disinfected1", "content": "Done|a_authenticate_nurse"}"
[nurse_disinfect-3] [INFO] [1748620891.280922688] [nurse_disinfect]: Finished action
[uvdrobot-4] [INFO] [1748620891.281034302] [uvdrobot]: And it is not for me
[spotrobot-5] [INFO] [1748620891.281367011] [spotrobot]: And it is not for me
[nurse_disinfect-3] [INFO] [1748620891.281422465] [nurse_disinfect]: a_authorize_patrol
[uvdrobot-4] [INFO] [1748620891.281527600] [uvdrobot]: I heard: "{"performative": "query", "sender": "nurse_disinfected1", "receiver": "spotrobot1", "content": "Done|a_authenticate_nurse"}"
[nurse_disinfect-3] [INFO] [1748620891.281727263] [nurse_disinfect]: Doing a_authorize_patrol
[uvdrobot-4] [INFO] [1748620891.281801581] [uvdrobot]: And it is not for me
[nurse_disinfect-3] [INFO] [1748620891.282004621] [nurse_disinfect]: a_authorize_patrol
[spotrobot-5] [INFO] [1748620891.282009730] [spotrobot]: I heard: "{"performative": "query", "sender": "spotrobot1", "receiver": "nurse_disinfected1", "content": "Ready|a_authorize_patrol"}"
[nurse_disinfect-3] [INFO] [1748620891.282314750] [nurse_disinfect]: Here first, waiting for robot
[spotrobot-5] [INFO] [1748620891.282316378] [spotrobot]: And it is not for me
[spotrobot-5] [INFO] [1748620891.282890471] [spotrobot]: I heard: "{"performative": "query", "sender": "nurse_disinfected1", "receiver": "spotrobot1", "content": "Done|a_authenticate_nurse"}"
[uvdrobot-4] [INFO] [1748620891.283078706] [uvdrobot]: I heard: "{"performative": "query", "sender": "nurse_disinfected1", "receiver": "spotrobot1", "content": "Ready|a_authorize_patrol"}"
[spotrobot-5] [INFO] [1748620891.283211423] [spotrobot]: And it is for me
[nurse_disinfect-3] [INFO] [1748620891.283367572] [nurse_disinfect]: I heard: "{"performative": "query", "sender": "spotrobot1", "receiver": "nurse_disinfected1", "content": "Ready|a_authorize_patrol"}"
[spotrobot-5] [INFO] [1748620891.283491341] [spotrobot]: Already finished action
[uvdrobot-4] [INFO] [1748620891.283540845] [uvdrobot]: And it is not for me
[nurse_disinfect-3] [INFO] [1748620891.283842820] [nurse_disinfect]: And it is for me
[spotrobot-5] [INFO] [1748620891.284087450] [spotrobot]: I heard: "{"performative": "query", "sender": "nurse_disinfected1", "receiver": "spotrobot1", "content": "Ready|a_authorize_patrol"}"
[nurse_disinfect-3] [INFO] [1748620891.284334364] [nurse_disinfect]: Ready to act
[spotrobot-5] [INFO] [1748620891.284360511] [spotrobot]: And it is for me
[spotrobot-5] [INFO] [1748620891.284636474] [spotrobot]: Ready to act
[uvdrobot-4] [INFO] [1748620891.285173585] [uvdrobot]: I heard: "{"performative": "query", "sender": "nurse_disinfected1", "receiver": "spotrobot1", "content": "Done|a_authorize_patrol"}"
[spotrobot-5] [INFO] [1748620891.285306861] [spotrobot]: I heard: "{"performative": "query", "sender": "nurse_disinfected1", "receiver": "spotrobot1", "content": "Done|a_authorize_patrol"}"
[nurse_disinfect-3] [INFO] [1748620891.285367466] [nurse_disinfect]: I heard: "{"performative": "query", "sender": "nurse_disinfected1", "receiver": "spotrobot1", "content": "Done|a_authenticate_nurse"}"
[spotrobot-5] [INFO] [1748620891.285581885] [spotrobot]: And it is for me
[uvdrobot-4] [INFO] [1748620891.285642620] [uvdrobot]: And it is not for me
[nurse_disinfect-3] [INFO] [1748620891.285824455] [nurse_disinfect]: And it is not for me
[spotrobot-5] [INFO] [1748620891.285835406] [spotrobot]: Finished action
[spotrobot-5] [INFO] [1748620891.286246838] [spotrobot]: Doing a_patrol_room
[uvdrobot-4] [INFO] [1748620891.286448067] [uvdrobot]: I heard: "{"performative": "query", "sender": "spotrobot1", "receiver": "nurse_disinfected1", "content": "Done|a_authorize_patrol"}"
[spotrobot-5] [INFO] [1748620891.286627622] [spotrobot]: Wating for response
[nurse_disinfect-3] [INFO] [1748620891.286675479] [nurse_disinfect]: I heard: "{"performative": "query", "sender": "nurse_disinfected1", "receiver": "spotrobot1", "content": "Ready|a_authorize_patrol"}"
[uvdrobot-4] [INFO] [1748620891.286900408] [uvdrobot]: And it is not for me
[spotrobot-5] [INFO] [1748620891.287181114] [spotrobot]: I heard: "{"performative": "query", "sender": "spotrobot1", "receiver": "nurse_disinfected1", "content": "Done|a_authorize_patrol"}"
[nurse_disinfect-3] [INFO] [1748620891.287182208] [nurse_disinfect]: And it is not for me
[spotrobot-5] [INFO] [1748620891.287468763] [spotrobot]: And it is not for me
[uvdrobot-4] [INFO] [1748620891.287750085] [uvdrobot]: I heard: "{"performative": "query", "sender": "spotrobot1", "receiver": "nurse_disinfected1", "content": "Done|a_authorize_patrol"}"
[spotrobot-5] [INFO] [1748620891.287991987] [spotrobot]: I heard: "{"performative": "query", "sender": "spotrobot1", "receiver": "nurse_disinfected1", "content": "Done|a_authorize_patrol"}"
[nurse_disinfect-3] [INFO] [1748620891.288042243] [nurse_disinfect]: I heard: "{"performative": "query", "sender": "nurse_disinfected1", "receiver": "spotrobot1", "content": "Done|a_authorize_patrol"}"
[uvdrobot-4] [INFO] [1748620891.288232589] [uvdrobot]: And it is not for me
[spotrobot-5] [INFO] [1748620891.288261822] [spotrobot]: And it is not for me
[nurse_disinfect-3] [INFO] [1748620891.288540654] [nurse_disinfect]: And it is not for me
[spotrobot-5] [INFO] [1748620891.288935245] [spotrobot]: dirty room
[nurse_disinfect-3] [INFO] [1748620891.289418189] [nurse_disinfect]: I heard: "{"performative": "query", "sender": "spotrobot1", "receiver": "nurse_disinfected1", "content": "Done|a_authorize_patrol"}"
[nurse_disinfect-3] [INFO] [1748620891.289791822] [nurse_disinfect]: And it is for me
[nurse_disinfect-3] [INFO] [1748620891.290063924] [nurse_disinfect]: Finished action
[spotrobot-5] [INFO] [1748620891.290643486] [spotrobot]: I heard: "{"performative": "query", "sender": "nurse_disinfected1", "receiver": "spotrobot1", "content": "Done|a_authorize_patrol"}"
[uvdrobot-4] [INFO] [1748620891.290837963] [uvdrobot]: I heard: "{"performative": "query", "sender": "nurse_disinfected1", "receiver": "spotrobot1", "content": "Done|a_authorize_patrol"}"
[spotrobot-5] [INFO] [1748620891.291011247] [spotrobot]: And it is for me
[nurse_disinfect-3] [INFO] [1748620891.291087779] [nurse_disinfect]: I heard: "{"performative": "query", "sender": "spotrobot1", "receiver": "nurse_disinfected1", "content": "Done|a_authorize_patrol"}"
[uvdrobot-4] [INFO] [1748620891.291293254] [uvdrobot]: And it is not for me
[spotrobot-5] [INFO] [1748620891.291332056] [spotrobot]: Already finished action
[nurse_disinfect-3] [INFO] [1748620891.291549946] [nurse_disinfect]: And it is for me
[spotrobot-5] [INFO] [1748620891.291884201] [spotrobot]: I heard: "{"performative": "request", "sender": "Coordinator", "receiver": "spotrobot1", "content": "Reset"}"
[nurse_disinfect-3] [INFO] [1748620891.292027660] [nurse_disinfect]: Already finished action
[uvdrobot-4] [INFO] [1748620891.292150956] [uvdrobot]: I heard: "{"performative": "request", "sender": "Coordinator", "receiver": "spotrobot1", "content": "Reset"}"
[spotrobot-5] [INFO] [1748620891.292220898] [spotrobot]: And it is for me
[uvdrobot-4] [INFO] [1748620891.292634238] [uvdrobot]: And it is not for me
[spotrobot-5] [INFO] [1748620891.292702425] [spotrobot]: I heard: "{"performative": "request", "sender": "Coordinator", "receiver": "uvdrobot1", "content": "Reset"}"
[nurse_disinfect-3] [INFO] [1748620891.292971128] [nurse_disinfect]: I heard: "{"performative": "request", "sender": "Coordinator", "receiver": "spotrobot1", "content": "Reset"}"
[spotrobot-5] [INFO] [1748620891.292982884] [spotrobot]: And it is not for me
[nurse_disinfect-3] [INFO] [1748620891.293406206] [nurse_disinfect]: And it is not for me
[uvdrobot-4] [INFO] [1748620891.293406421] [uvdrobot]: I heard: "{"performative": "request", "sender": "Coordinator", "receiver": "uvdrobot1", "content": "Reset"}"
[spotrobot-5] [INFO] [1748620891.293559026] [spotrobot]: 
[disinfect_environment-1] [INFO] [1748620891.293658281] [disinfect_environment]: Recebido sinal de desligamento do coordenador, finalizando...
[disinfect_planner-2] [INFO] [1748620891.293702031] [disinfect_planner]: Recebido sinal de desligamento do coordenador, finalizando...
[uvdrobot-4] [INFO] [1748620891.293879487] [uvdrobot]: And it is for me
[nurse_disinfect-3] [INFO] [1748620891.293961281] [nurse_disinfect]: I heard: "{"performative": "query", "sender": "nurse_disinfected1", "receiver": "spotrobot1", "content": "Done|a_authorize_patrol"}"
[disinfect_environment-1] [INFO] [1748620891.294156863] [Quitting]: Done
[disinfect_planner-2] [INFO] [1748620891.294311979] [Quitting]: Done
[spotrobot-5] [INFO] [1748620891.294417297] [spotrobot]: I heard: "{"performative": "request", "sender": "Coordinator", "receiver": "nurse_disinfected1", "content": "Reset"}"
[nurse_disinfect-3] [INFO] [1748620891.294543472] [nurse_disinfect]: And it is not for me
[spotrobot-5] [INFO] [1748620891.296134102] [spotrobot]: And it is not for me
[uvdrobot-4] [INFO] [1748620891.296249569] [uvdrobot]: I heard: "{"performative": "request", "sender": "Coordinator", "receiver": "nurse_disinfected1", "content": "Reset"}"
[uvdrobot-4] [INFO] [1748620891.298286850] [uvdrobot]: And it is not for me
[spotrobot-5] [INFO] [1748620891.298331596] [spotrobot]: Recebido sinal de desligamento do coordenador, finalizando...
[nurse_disinfect-3] [INFO] [1748620891.298451775] [nurse_disinfect]: I heard: "{"performative": "request", "sender": "Coordinator", "receiver": "uvdrobot1", "content": "Reset"}"
[spotrobot-5] [INFO] [1748620891.298877831] [Quitting]: Done
[nurse_disinfect-3] [INFO] [1748620891.298915849] [nurse_disinfect]: And it is not for me
[uvdrobot-4] [INFO] [1748620891.299066450] [uvdrobot]: Recebido sinal de desligamento do coordenador, finalizando...
[nurse_disinfect-3] [INFO] [1748620891.299619767] [nurse_disinfect]: Recebido sinal de desligamento do coordenador, finalizando...
[uvdrobot-4] [INFO] [1748620891.299730682] [Quitting]: Done
[nurse_disinfect-3] [INFO] [1748620891.300292640] [Quitting]: Done
[INFO] [disinfect_environment-1]: process has finished cleanly [pid 31291]
[INFO] [uvdrobot-4]: process has finished cleanly [pid 31297]
[INFO] [spotrobot-5]: process has finished cleanly [pid 31299]
[INFO] [nurse_disinfect-3]: process has finished cleanly [pid 31295]
