[INFO] [launch]: All log files can be found below /home/rafael/.ros/log/2025-05-29-09-11-08-092431-NotebookRafael-11098
[INFO] [launch]: Default logging verbosity is set to INFO
[INFO] [disinfect_coordinator-1]: process started with pid [11100]
[disinfect_coordinator-1] [INFO] [1748520669.111882813] [disinfect_coordinator]: spin
[disinfect_coordinator-1] [INFO] [1748520669.113019148] [disinfect_coordinator]: Received: Performative=request, Sender=uvdrobot, Receiver=Coordinator, Content=Register
[disinfect_coordinator-1] [INFO] [1748520669.113422507] [disinfect_coordinator]: Current uvdrobots: uvdrobot1 - 1
[disinfect_coordinator-1] [INFO] [1748520669.113729004] [disinfect_coordinator]: Response: uvdrobot1
[disinfect_coordinator-1] [INFO] [1748520669.114942803] [disinfect_coordinator]: Received: Performative=request, Sender=nurse_disinfected, Receiver=Coordinator, Content=Register
[disinfect_coordinator-1] [INFO] [1748520669.115264700] [disinfect_coordinator]: Current nurses: nurse_disinfected1 - 1
[disinfect_coordinator-1] [INFO] [1748520669.115570922] [disinfect_coordinator]: Response: nurse_disinfected1
[disinfect_coordinator-1] [INFO] [1748520669.116491159] [disinfect_coordinator]: Received: Performative=request, Sender=spotrobot, Receiver=Coordinator, Content=Register
[disinfect_coordinator-1] [INFO] [1748520669.116805916] [disinfect_coordinator]: Current Spotrobots: spotrobot1 - 1
[disinfect_coordinator-1] [INFO] [1748520669.117114142] [disinfect_coordinator]: Response: spotrobot1
[disinfect_coordinator-1] [INFO] [1748520669.117804413] [disinfect_coordinator]: context: nurse_disinfected1 room1 spotrobot1 uvdrobot1
[disinfect_coordinator-1] [INFO] [1748520669.118120791] [disinfect_coordinator]: Starting mission with context: ('nurse_disinfected1', 'room1', 'spotrobot1', 'uvdrobot1')
[disinfect_coordinator-1] [INFO] [1748520669.118460426] [disinfect_coordinator]: Creating plan for: spotrobot1,uvdrobot1,nurse_disinfected1 
[disinfect_coordinator-1] [INFO] [1748520669.124545863] [disinfect_coordinator]: Plan received for: spotrobot1,uvdrobot1,nurse_disinfected1 
[disinfect_coordinator-1] [INFO] [1748520669.124999873] [disinfect_coordinator]: a_navto,spotrobot1,room1/a_open_door,spotrobot1,room1/a_approach_nurse,spotrobot1,nurse_disinfected1/a_authenticate_nurse,spotrobot1,nurse_disinfected1/a_authorize_patrol,spotrobot1,nurse_disinfected1/a_patrol_room,spotrobot1,room1/a_authorize_disinfect,uvdrobot1,spotrobot1/a_navto,uvdrobot1,room1/a_disinfect_room,uvdrobot1,room1
[disinfect_coordinator-1] [INFO] [1748520669.125334833] [disinfect_coordinator]: Sending plans
[disinfect_coordinator-1] [INFO] [1748520669.126092000] [disinfect_coordinator]: Plans sent
[disinfect_coordinator-1] [INFO] [1748520671.197078393] [disinfect_coordinator]: Received: Performative=inform, Sender=nurse_disinfected1, Receiver=Coordinator, Content=infectedRoom
[disinfect_coordinator-1] [INFO] [1748520671.212786063] [disinfect_coordinator]: Received: Performative=inform, Sender=spotrobot1, Receiver=Coordinator, Content=ERROR|dirty_room,room1
[disinfect_coordinator-1] [INFO] [1748520671.213148436] [disinfect_coordinator]: Sending restart to:nurse_disinfected1
[disinfect_coordinator-1] [INFO] [1748520671.213717939] [disinfect_coordinator]: Sending restart to:room1
[disinfect_coordinator-1] [INFO] [1748520671.214254579] [disinfect_coordinator]: Sending restart to:spotrobot1
[disinfect_coordinator-1] [INFO] [1748520671.214951342] [disinfect_coordinator]: Sending restart to:uvdrobot1
[disinfect_coordinator-1] [INFO] [1748520671.217057691] [disinfect_coordinator]: Error found
[disinfect_coordinator-1] [INFO] [1748520671.217619474] [disinfect_coordinator]: Updating uncleaned room: room1
[disinfect_coordinator-1] [INFO] [1748520671.218716601] [disinfect_coordinator]: success
[disinfect_coordinator-1] [INFO] [1748520671.219230690] [disinfect_coordinator]: Sending restart to:spotrobot1
[disinfect_coordinator-1] [INFO] [1748520671.219951065] [disinfect_coordinator]: Sending restart to:uvdrobot1
[disinfect_coordinator-1] [INFO] [1748520671.220617745] [disinfect_coordinator]: Sending restart to:nurse_disinfected1
[disinfect_coordinator-1] [INFO] [1748520671.221346517] [disinfect_coordinator]: nurse_disinfected1,room1,spotrobot1,uvdrobot1
[disinfect_coordinator-1] [INFO] [1748520671.221846698] [disinfect_coordinator]: Creating new plan for: spotrobot1,uvdrobot1,nurse_disinfected1 
[disinfect_coordinator-1] [INFO] [1748520671.226827425] [disinfect_coordinator]: Plan received for: spotrobot1,uvdrobot1,nurse_disinfected1 
[disinfect_coordinator-1] [INFO] [1748520671.227202949] [disinfect_coordinator]: a_navto,spotrobot1,room1/a_approach_nurse,spotrobot1,nurse_disinfected1/a_authenticate_nurse,spotrobot1,nurse_disinfected1/a_clean_room,nurse_disinfected1,room1/a_authorize_patrol,spotrobot1,nurse_disinfected1/a_patrol_room,spotrobot1,room1/a_authorize_disinfect,uvdrobot1,spotrobot1/a_navto,uvdrobot1,room1/a_disinfect_room,uvdrobot1,room1
[disinfect_coordinator-1] [INFO] [1748520671.227577452] [disinfect_coordinator]: Sending plans
[disinfect_coordinator-1] [INFO] [1748520671.228505371] [disinfect_coordinator]: Plans sent
[disinfect_coordinator-1] [INFO] [1748520671.267444167] [disinfect_coordinator]: Freeing agent: spotrobot1
[disinfect_coordinator-1] [INFO] [1748520671.267821744] [disinfect_coordinator]: Freeing agent: uvdrobot1
[disinfect_coordinator-1] [INFO] [1748520671.268275528] [disinfect_coordinator]: Freeing agent: nurse_disinfected1
[disinfect_coordinator-1] [INFO] [1748520671.268688030] [disinfect_coordinator]: Mission Completed
[disinfect_coordinator-1] [INFO] [1748520671.269010331] [disinfect_coordinator]: Ending simulation
[disinfect_coordinator-1] [INFO] [1748520671.269670253] [Quitting]: Done
[disinfect_coordinator-1] [INFO] [1748520671.270197709] [disinfect_coordinator]: stop spin
[INFO] [disinfect_coordinator-1]: process has finished cleanly [pid 11100]
