[INFO] [launch]: All log files can be found below /home/rafael/.ros/log/2025-05-29-22-42-55-295790-NotebookRafael-118566
[INFO] [launch]: Default logging verbosity is set to INFO
[INFO] [disinfect_environment-1]: process started with pid [118569]
[INFO] [disinfect_planner-2]: process started with pid [118571]
[INFO] [nurse_disinfect-3]: process started with pid [118573]
[INFO] [uvdrobot-4]: process started with pid [118575]
[INFO] [spotrobot-5]: process started with pid [118577]
[disinfect_environment-1] [INFO] [1748569375.561898409] [disinfect_environment]: Starting Environment server
[disinfect_environment-1] [INFO] [1748569375.566083706] [disinfect_environment]: Environment server started
[disinfect_planner-2] [INFO] [1748569376.084245515] [disinfect_planner]: Starting Planner server
[disinfect_planner-2] [INFO] [1748569376.088554950] [disinfect_planner]: Planner server started
[disinfect_planner-2] [INFO] [1748569376.300500111] [disinfect_planner]: Creating plan for: spotrobot1 uvdrobot1 nurse_disinfected1
[disinfect_planner-2] [INFO] [1748569376.301958533] [disinfect_planner]: a_navto,spotrobot1,room1
[disinfect_planner-2] [INFO] [1748569376.302291627] [disinfect_planner]: a_open_door,spotrobot1,room1
[disinfect_planner-2] [INFO] [1748569376.302579512] [disinfect_planner]: a_approach_nurse,spotrobot1,nurse_disinfected1
[disinfect_planner-2] [INFO] [1748569376.302864455] [disinfect_planner]: a_authenticate_nurse,spotrobot1,nurse_disinfected1
[disinfect_planner-2] [INFO] [1748569376.303148341] [disinfect_planner]: a_authorize_patrol,spotrobot1,nurse_disinfected1
[disinfect_planner-2] [INFO] [1748569376.303432866] [disinfect_planner]: a_patrol_room,spotrobot1,room1
[disinfect_planner-2] [INFO] [1748569376.303714535] [disinfect_planner]: a_authorize_disinfect,uvdrobot1,spotrobot1
[disinfect_planner-2] [INFO] [1748569376.303997409] [disinfect_planner]: a_navto,uvdrobot1,room1
[disinfect_planner-2] [INFO] [1748569376.304301835] [disinfect_planner]: a_disinfect_room,uvdrobot1,room1
[disinfect_planner-2] [INFO] [1748569376.304643613] [disinfect_planner]: Sending response
[spotrobot-5] [INFO] [1748569376.305694803] [spotrobot]: response.response spotrobot1
[spotrobot-5] [INFO] [1748569376.306043846] [spotrobot]: My name is spotrobot1
[uvdrobot-4] [INFO] [1748569376.306536265] [uvdrobot]: response.response uvdrobot1
[spotrobot-5] [INFO] [1748569376.306682090] [spotrobot]: I heard: "{"performative": "request", "sender": "Coordinator", "receiver": "uvdrobot1", "content": "Plan|a_authorize_disinfect,uvdrobot1,spotrobot1/a_navto,uvdrobot1,room1/a_disinfect_room,uvdrobot1,room1"}"
[uvdrobot-4] [INFO] [1748569376.306965948] [uvdrobot]: My name is uvdrobot1
[spotrobot-5] [INFO] [1748569376.307065459] [spotrobot]: And it is not for me
[uvdrobot-4] [INFO] [1748569376.307611429] [uvdrobot]: I heard: "{"performative": "request", "sender": "Coordinator", "receiver": "uvdrobot1", "content": "Plan|a_authorize_disinfect,uvdrobot1,spotrobot1/a_navto,uvdrobot1,room1/a_disinfect_room,uvdrobot1,room1"}"
[spotrobot-5] [INFO] [1748569376.307679860] [spotrobot]: I heard: "{"performative": "request", "sender": "Coordinator", "receiver": "spotrobot1", "content": "Plan|a_navto,spotrobot1,room1/a_open_door,spotrobot1,room1/a_approach_nurse,spotrobot1,nurse_disinfected1/a_authenticate_nurse,spotrobot1,nurse_disinfected1/a_authorize_patrol,spotrobot1,nurse_disinfected1/a_patrol_room,spotrobot1,room1/a_authorize_disinfect,uvdrobot1,spotrobot1"}"
[uvdrobot-4] [INFO] [1748569376.307928899] [uvdrobot]: And it is for me
[spotrobot-5] [INFO] [1748569376.308001097] [spotrobot]: And it is for me
[uvdrobot-4] [INFO] [1748569376.308302230] [uvdrobot]: Doing a_authorize_disinfect
[nurse_disinfect-3] [INFO] [1748569376.308317362] [nurse_disinfect]: response.response nurse_disinfected1
[spotrobot-5] [INFO] [1748569376.308396843] [spotrobot]: Doing a_navto
[uvdrobot-4] [INFO] [1748569376.308688568] [uvdrobot]: a_authorize_disinfect
[spotrobot-5] [INFO] [1748569376.308801402] [spotrobot]: Wating for response
[nurse_disinfect-3] [INFO] [1748569376.308920750] [nurse_disinfect]: My name is nurse_disinfected1
[uvdrobot-4] [INFO] [1748569376.309034763] [uvdrobot]: Here first, waiting for spotrobot
[spotrobot-5] [INFO] [1748569376.309539492] [spotrobot]: I heard: "{"performative": "request", "sender": "Coordinator", "receiver": "nurse_disinfected1", "content": "Plan|a_approach_nurse,spotrobot1,nurse_disinfected1/a_authenticate_nurse,spotrobot1,nurse_disinfected1/a_authorize_patrol,spotrobot1,nurse_disinfected1"}"
[uvdrobot-4] [INFO] [1748569376.309741327] [uvdrobot]: I heard: "{"performative": "request", "sender": "Coordinator", "receiver": "spotrobot1", "content": "Plan|a_navto,spotrobot1,room1/a_open_door,spotrobot1,room1/a_approach_nurse,spotrobot1,nurse_disinfected1/a_authenticate_nurse,spotrobot1,nurse_disinfected1/a_authorize_patrol,spotrobot1,nurse_disinfected1/a_patrol_room,spotrobot1,room1/a_authorize_disinfect,uvdrobot1,spotrobot1"}"
[spotrobot-5] [INFO] [1748569376.310066859] [spotrobot]: And it is not for me
[uvdrobot-4] [INFO] [1748569376.310103914] [uvdrobot]: And it is not for me
[uvdrobot-4] [INFO] [1748569376.310664468] [uvdrobot]: I heard: "{"performative": "query", "sender": "uvdrobot1", "receiver": "spotrobot1", "content": "Ready|a_authorize_disinfect"}"
[spotrobot-5] [INFO] [1748569376.310668559] [spotrobot]: I heard: "{"performative": "query", "sender": "uvdrobot1", "receiver": "spotrobot1", "content": "Ready|a_authorize_disinfect"}"
[spotrobot-5] [INFO] [1748569376.310944122] [spotrobot]: And it is for me
[uvdrobot-4] [INFO] [1748569376.311018733] [uvdrobot]: And it is not for me
[spotrobot-5] [INFO] [1748569376.311184115] [spotrobot]: No there yet
[uvdrobot-4] [INFO] [1748569376.311624357] [uvdrobot]: I heard: "{"performative": "request", "sender": "Coordinator", "receiver": "nurse_disinfected1", "content": "Plan|a_approach_nurse,spotrobot1,nurse_disinfected1/a_authenticate_nurse,spotrobot1,nurse_disinfected1/a_authorize_patrol,spotrobot1,nurse_disinfected1"}"
[spotrobot-5] [INFO] [1748569376.311695887] [spotrobot]: success
[uvdrobot-4] [INFO] [1748569376.311947942] [uvdrobot]: And it is not for me
[spotrobot-5] [INFO] [1748569376.312029649] [spotrobot]: Doing a_open_door
[spotrobot-5] [INFO] [1748569376.312481645] [spotrobot]: Wating for response
[spotrobot-5] [INFO] [1748569376.313373186] [spotrobot]: success
[spotrobot-5] [INFO] [1748569376.313713647] [spotrobot]: Doing a_approach_nurse
[spotrobot-5] [INFO] [1748569376.314097322] [spotrobot]: Wating for response
[spotrobot-5] [INFO] [1748569376.315048120] [spotrobot]: success
[spotrobot-5] [INFO] [1748569376.315400067] [spotrobot]: Doing a_authenticate_nurse
[spotrobot-5] [INFO] [1748569376.315724811] [spotrobot]: a_authenticate_nurse
[spotrobot-5] [INFO] [1748569376.316020488] [spotrobot]: Here first, waiting for nurse
[spotrobot-5] [INFO] [1748569376.316622290] [spotrobot]: I heard: "{"performative": "query", "sender": "spotrobot1", "receiver": "nurse_disinfected1", "content": "Ready|a_authenticate_nurse"}"
[uvdrobot-4] [INFO] [1748569376.316666004] [uvdrobot]: I heard: "{"performative": "query", "sender": "spotrobot1", "receiver": "nurse_disinfected1", "content": "Ready|a_authenticate_nurse"}"
[spotrobot-5] [INFO] [1748569376.316944306] [spotrobot]: And it is not for me
[uvdrobot-4] [INFO] [1748569376.316948211] [uvdrobot]: And it is not for me
[nurse_disinfect-3] [INFO] [1748569377.311277822] [nurse_disinfect]: I heard: "{"performative": "request", "sender": "Coordinator", "receiver": "uvdrobot1", "content": "Plan|a_authorize_disinfect,uvdrobot1,spotrobot1/a_navto,uvdrobot1,room1/a_disinfect_room,uvdrobot1,room1"}"
[nurse_disinfect-3] [INFO] [1748569377.311643294] [nurse_disinfect]: And it is not for me
[nurse_disinfect-3] [INFO] [1748569377.312243964] [nurse_disinfect]: I heard: "{"performative": "query", "sender": "uvdrobot1", "receiver": "spotrobot1", "content": "Ready|a_authorize_disinfect"}"
[nurse_disinfect-3] [INFO] [1748569377.312711110] [nurse_disinfect]: And it is not for me
[nurse_disinfect-3] [INFO] [1748569377.313336440] [nurse_disinfect]: I heard: "{"performative": "request", "sender": "Coordinator", "receiver": "spotrobot1", "content": "Plan|a_navto,spotrobot1,room1/a_open_door,spotrobot1,room1/a_approach_nurse,spotrobot1,nurse_disinfected1/a_authenticate_nurse,spotrobot1,nurse_disinfected1/a_authorize_patrol,spotrobot1,nurse_disinfected1/a_patrol_room,spotrobot1,room1/a_authorize_disinfect,uvdrobot1,spotrobot1"}"
[nurse_disinfect-3] [INFO] [1748569377.313614917] [nurse_disinfect]: And it is not for me
[nurse_disinfect-3] [INFO] [1748569377.313927841] [nurse_disinfect]: I heard: "{"performative": "query", "sender": "spotrobot1", "receiver": "nurse_disinfected1", "content": "Ready|a_authenticate_nurse"}"
[nurse_disinfect-3] [INFO] [1748569377.314230978] [nurse_disinfect]: And it is for me
[nurse_disinfect-3] [INFO] [1748569377.314498405] [nurse_disinfect]: No there yet
[nurse_disinfect-3] [INFO] [1748569377.315025856] [nurse_disinfect]: I heard: "{"performative": "request", "sender": "Coordinator", "receiver": "nurse_disinfected1", "content": "Plan|a_approach_nurse,spotrobot1,nurse_disinfected1/a_authenticate_nurse,spotrobot1,nurse_disinfected1/a_authorize_patrol,spotrobot1,nurse_disinfected1"}"
[nurse_disinfect-3] [INFO] [1748569377.315419737] [nurse_disinfect]: And it is for me
[nurse_disinfect-3] [INFO] [1748569377.317398540] [nurse_disinfect]: a_approach_nurse
[nurse_disinfect-3] [INFO] [1748569377.317817758] [nurse_disinfect]: a_authenticate_nurse
[nurse_disinfect-3] [INFO] [1748569377.318234545] [nurse_disinfect]: Doing a_authenticate_nurse
[nurse_disinfect-3] [INFO] [1748569377.318550207] [nurse_disinfect]: a_authenticate_nurse
[nurse_disinfect-3] [INFO] [1748569377.318846283] [nurse_disinfect]: Robot is waiting, send action message
[uvdrobot-4] [INFO] [1748569377.319466485] [uvdrobot]: I heard: "{"performative": "query", "sender": "nurse_disinfected1", "receiver": "spotrobot1", "content": "Done|a_authenticate_nurse"}"
[nurse_disinfect-3] [INFO] [1748569377.319475213] [nurse_disinfect]: I heard: "{"performative": "query", "sender": "nurse_disinfected1", "receiver": "spotrobot1", "content": "Done|a_authenticate_nurse"}"
[spotrobot-5] [INFO] [1748569377.319567904] [spotrobot]: I heard: "{"performative": "query", "sender": "nurse_disinfected1", "receiver": "spotrobot1", "content": "Done|a_authenticate_nurse"}"
[nurse_disinfect-3] [INFO] [1748569377.319760824] [nurse_disinfect]: And it is not for me
[uvdrobot-4] [INFO] [1748569377.319808950] [uvdrobot]: And it is not for me
[spotrobot-5] [INFO] [1748569377.320016421] [spotrobot]: And it is for me
[spotrobot-5] [INFO] [1748569377.320478520] [spotrobot]: Finished action
[spotrobot-5] [INFO] [1748569377.321044890] [spotrobot]: Doing a_authorize_patrol
[uvdrobot-4] [INFO] [1748569377.321121583] [uvdrobot]: I heard: "{"performative": "query", "sender": "spotrobot1", "receiver": "nurse_disinfected1", "content": "Done|a_authenticate_nurse"}"
[nurse_disinfect-3] [INFO] [1748569377.321159628] [nurse_disinfect]: I heard: "{"performative": "query", "sender": "spotrobot1", "receiver": "nurse_disinfected1", "content": "Done|a_authenticate_nurse"}"
[spotrobot-5] [INFO] [1748569377.321316298] [spotrobot]: a_authorize_patrol
[nurse_disinfect-3] [INFO] [1748569377.321433299] [nurse_disinfect]: And it is for me
[spotrobot-5] [INFO] [1748569377.321564131] [spotrobot]: Here first, waiting for nurse
[uvdrobot-4] [INFO] [1748569377.321648941] [uvdrobot]: And it is not for me
[nurse_disinfect-3] [INFO] [1748569377.321683711] [nurse_disinfect]: Finished action
[nurse_disinfect-3] [INFO] [1748569377.322154568] [nurse_disinfect]: a_authorize_patrol
[uvdrobot-4] [INFO] [1748569377.322262099] [uvdrobot]: I heard: "{"performative": "query", "sender": "spotrobot1", "receiver": "nurse_disinfected1", "content": "Ready|a_authorize_patrol"}"
[spotrobot-5] [INFO] [1748569377.322319402] [spotrobot]: I heard: "{"performative": "query", "sender": "spotrobot1", "receiver": "nurse_disinfected1", "content": "Done|a_authenticate_nurse"}"
[nurse_disinfect-3] [INFO] [1748569377.322419574] [nurse_disinfect]: Doing a_authorize_patrol
[spotrobot-5] [INFO] [1748569377.322607732] [spotrobot]: And it is not for me
[uvdrobot-4] [INFO] [1748569377.322654931] [uvdrobot]: And it is not for me
[nurse_disinfect-3] [INFO] [1748569377.322667147] [nurse_disinfect]: a_authorize_patrol
[nurse_disinfect-3] [INFO] [1748569377.323103955] [nurse_disinfect]: Here first, waiting for robot
[spotrobot-5] [INFO] [1748569377.323210248] [spotrobot]: I heard: "{"performative": "query", "sender": "spotrobot1", "receiver": "nurse_disinfected1", "content": "Ready|a_authorize_patrol"}"
[uvdrobot-4] [INFO] [1748569377.323386805] [uvdrobot]: I heard: "{"performative": "query", "sender": "nurse_disinfected1", "receiver": "spotrobot1", "content": "Done|a_authenticate_nurse"}"
[spotrobot-5] [INFO] [1748569377.323626330] [spotrobot]: And it is not for me
[uvdrobot-4] [INFO] [1748569377.323662953] [uvdrobot]: And it is not for me
[spotrobot-5] [INFO] [1748569377.324143835] [spotrobot]: I heard: "{"performative": "query", "sender": "nurse_disinfected1", "receiver": "spotrobot1", "content": "Done|a_authenticate_nurse"}"
[uvdrobot-4] [INFO] [1748569377.324204747] [uvdrobot]: I heard: "{"performative": "query", "sender": "nurse_disinfected1", "receiver": "spotrobot1", "content": "Ready|a_authorize_patrol"}"
[nurse_disinfect-3] [INFO] [1748569377.324316900] [nurse_disinfect]: I heard: "{"performative": "query", "sender": "spotrobot1", "receiver": "nurse_disinfected1", "content": "Ready|a_authorize_patrol"}"
[spotrobot-5] [INFO] [1748569377.324422071] [spotrobot]: And it is for me
[uvdrobot-4] [INFO] [1748569377.324497316] [uvdrobot]: And it is not for me
[spotrobot-5] [INFO] [1748569377.324674431] [spotrobot]: Already finished action
[nurse_disinfect-3] [INFO] [1748569377.324763385] [nurse_disinfect]: And it is for me
[nurse_disinfect-3] [INFO] [1748569377.325065270] [nurse_disinfect]: Ready to act
[spotrobot-5] [INFO] [1748569377.325160968] [spotrobot]: I heard: "{"performative": "query", "sender": "nurse_disinfected1", "receiver": "spotrobot1", "content": "Ready|a_authorize_patrol"}"
[spotrobot-5] [INFO] [1748569377.325463585] [spotrobot]: And it is for me
[uvdrobot-4] [INFO] [1748569377.325708778] [uvdrobot]: I heard: "{"performative": "query", "sender": "nurse_disinfected1", "receiver": "spotrobot1", "content": "Done|a_authorize_patrol"}"
[spotrobot-5] [INFO] [1748569377.325750996] [spotrobot]: Ready to act
[nurse_disinfect-3] [INFO] [1748569377.325807404] [nurse_disinfect]: I heard: "{"performative": "query", "sender": "nurse_disinfected1", "receiver": "spotrobot1", "content": "Done|a_authenticate_nurse"}"
[uvdrobot-4] [INFO] [1748569377.325993415] [uvdrobot]: And it is not for me
[nurse_disinfect-3] [INFO] [1748569377.326086948] [nurse_disinfect]: And it is not for me
[uvdrobot-4] [INFO] [1748569377.326496104] [uvdrobot]: I heard: "{"performative": "query", "sender": "spotrobot1", "receiver": "nurse_disinfected1", "content": "Done|a_authorize_patrol"}"
[nurse_disinfect-3] [INFO] [1748569377.326596614] [nurse_disinfect]: I heard: "{"performative": "query", "sender": "nurse_disinfected1", "receiver": "spotrobot1", "content": "Ready|a_authorize_patrol"}"
[uvdrobot-4] [INFO] [1748569377.326768049] [uvdrobot]: And it is not for me
[spotrobot-5] [INFO] [1748569377.326842915] [spotrobot]: I heard: "{"performative": "query", "sender": "nurse_disinfected1", "receiver": "spotrobot1", "content": "Done|a_authorize_patrol"}"
[nurse_disinfect-3] [INFO] [1748569377.326863874] [nurse_disinfect]: And it is not for me
[spotrobot-5] [INFO] [1748569377.327252104] [spotrobot]: And it is for me
[nurse_disinfect-3] [INFO] [1748569377.327524885] [nurse_disinfect]: I heard: "{"performative": "query", "sender": "nurse_disinfected1", "receiver": "spotrobot1", "content": "Done|a_authorize_patrol"}"
[spotrobot-5] [INFO] [1748569377.327583918] [spotrobot]: Finished action
[nurse_disinfect-3] [INFO] [1748569377.327828764] [nurse_disinfect]: And it is not for me
[spotrobot-5] [INFO] [1748569377.328059358] [spotrobot]: Doing a_patrol_room
[uvdrobot-4] [INFO] [1748569377.328333614] [uvdrobot]: I heard: "{"performative": "query", "sender": "spotrobot1", "receiver": "nurse_disinfected1", "content": "Done|a_authorize_patrol"}"
[nurse_disinfect-3] [INFO] [1748569377.328335730] [nurse_disinfect]: I heard: "{"performative": "query", "sender": "spotrobot1", "receiver": "nurse_disinfected1", "content": "Done|a_authorize_patrol"}"
[spotrobot-5] [INFO] [1748569377.328438915] [spotrobot]: Wating for response
[uvdrobot-4] [INFO] [1748569377.328622445] [uvdrobot]: And it is not for me
[nurse_disinfect-3] [INFO] [1748569377.328701889] [nurse_disinfect]: And it is for me
[spotrobot-5] [INFO] [1748569377.328896579] [spotrobot]: I heard: "{"performative": "query", "sender": "spotrobot1", "receiver": "nurse_disinfected1", "content": "Done|a_authorize_patrol"}"
[nurse_disinfect-3] [INFO] [1748569377.329023349] [nurse_disinfect]: Finished action
[spotrobot-5] [INFO] [1748569377.329202082] [spotrobot]: And it is not for me
[spotrobot-5] [INFO] [1748569377.329682903] [spotrobot]: I heard: "{"performative": "query", "sender": "spotrobot1", "receiver": "nurse_disinfected1", "content": "Done|a_authorize_patrol"}"
[nurse_disinfect-3] [INFO] [1748569377.329762153] [nurse_disinfect]: I heard: "{"performative": "query", "sender": "spotrobot1", "receiver": "nurse_disinfected1", "content": "Done|a_authorize_patrol"}"
[uvdrobot-4] [INFO] [1748569377.329829193] [uvdrobot]: I heard: "{"performative": "query", "sender": "nurse_disinfected1", "receiver": "spotrobot1", "content": "Done|a_authorize_patrol"}"
[spotrobot-5] [INFO] [1748569377.329955785] [spotrobot]: And it is not for me
[nurse_disinfect-3] [INFO] [1748569377.330038784] [nurse_disinfect]: And it is for me
[nurse_disinfect-3] [INFO] [1748569377.330288518] [nurse_disinfect]: Already finished action
[spotrobot-5] [INFO] [1748569377.330415055] [spotrobot]: I heard: "{"performative": "query", "sender": "nurse_disinfected1", "receiver": "spotrobot1", "content": "Done|a_authorize_patrol"}"
[uvdrobot-4] [INFO] [1748569377.330414276] [uvdrobot]: And it is not for me
[spotrobot-5] [INFO] [1748569377.330701659] [spotrobot]: And it is for me
[nurse_disinfect-3] [INFO] [1748569377.330804084] [nurse_disinfect]: I heard: "{"performative": "query", "sender": "nurse_disinfected1", "receiver": "spotrobot1", "content": "Done|a_authorize_patrol"}"
[spotrobot-5] [INFO] [1748569377.330984598] [spotrobot]: Already finished action
[nurse_disinfect-3] [INFO] [1748569377.331069109] [nurse_disinfect]: And it is not for me
[spotrobot-5] [INFO] [1748569377.331492937] [spotrobot]: dirty room
[nurse_disinfect-3] [INFO] [1748569377.334530679] [nurse_disinfect]: I heard: "{"performative": "request", "sender": "Coordinator", "receiver": "spotrobot1", "content": "Reset"}"
[spotrobot-5] [INFO] [1748569377.334584758] [spotrobot]: I heard: "{"performative": "request", "sender": "Coordinator", "receiver": "spotrobot1", "content": "Reset"}"
[uvdrobot-4] [INFO] [1748569377.334628039] [uvdrobot]: I heard: "{"performative": "request", "sender": "Coordinator", "receiver": "spotrobot1", "content": "Reset"}"
[nurse_disinfect-3] [INFO] [1748569377.334801910] [nurse_disinfect]: And it is not for me
[spotrobot-5] [INFO] [1748569377.335105909] [spotrobot]: And it is for me
[uvdrobot-4] [INFO] [1748569377.335155434] [uvdrobot]: And it is not for me
[nurse_disinfect-3] [INFO] [1748569377.335259046] [nurse_disinfect]: I heard: "{"performative": "request", "sender": "Coordinator", "receiver": "uvdrobot1", "content": "Reset"}"
[nurse_disinfect-3] [INFO] [1748569377.335516435] [nurse_disinfect]: And it is not for me
[spotrobot-5] [INFO] [1748569377.335862758] [spotrobot]: I heard: "{"performative": "request", "sender": "Coordinator", "receiver": "uvdrobot1", "content": "Reset"}"
[uvdrobot-4] [INFO] [1748569377.335950210] [uvdrobot]: I heard: "{"performative": "request", "sender": "Coordinator", "receiver": "uvdrobot1", "content": "Reset"}"
[nurse_disinfect-3] [INFO] [1748569377.336011590] [nurse_disinfect]: I heard: "{"performative": "request", "sender": "Coordinator", "receiver": "nurse_disinfected1", "content": "Reset"}"
[nurse_disinfect-3] [INFO] [1748569377.336285985] [nurse_disinfect]: And it is for me
[spotrobot-5] [INFO] [1748569377.336286745] [spotrobot]: And it is not for me
[uvdrobot-4] [INFO] [1748569377.336381035] [uvdrobot]: And it is for me
[spotrobot-5] [INFO] [1748569377.336868034] [spotrobot]: 
[uvdrobot-4] [INFO] [1748569377.337248343] [uvdrobot]: I heard: "{"performative": "request", "sender": "Coordinator", "receiver": "nurse_disinfected1", "content": "Reset"}"
[uvdrobot-4] [INFO] [1748569377.337805640] [uvdrobot]: And it is not for me
[spotrobot-5] [INFO] [1748569377.337942763] [spotrobot]: I heard: "{"performative": "request", "sender": "Coordinator", "receiver": "nurse_disinfected1", "content": "Reset"}"
[spotrobot-5] [INFO] [1748569377.338257080] [spotrobot]: And it is not for me
[disinfect_planner-2] [INFO] [1748569377.339286282] [disinfect_planner]: Creating plan for: spotrobot1 uvdrobot1 nurse_disinfected1
[disinfect_planner-2] [INFO] [1748569377.340143432] [disinfect_planner]: a_navto,spotrobot1,room1
[disinfect_planner-2] [INFO] [1748569377.340484050] [disinfect_planner]: a_approach_nurse,spotrobot1,nurse_disinfected1
[disinfect_planner-2] [INFO] [1748569377.340813906] [disinfect_planner]: a_authenticate_nurse,spotrobot1,nurse_disinfected1
[disinfect_planner-2] [INFO] [1748569377.341109120] [disinfect_planner]: a_clean_room,nurse_disinfected1,room1
[disinfect_planner-2] [INFO] [1748569377.341355793] [disinfect_planner]: a_authorize_patrol,spotrobot1,nurse_disinfected1
[disinfect_planner-2] [INFO] [1748569377.341598495] [disinfect_planner]: a_patrol_room,spotrobot1,room1
[disinfect_planner-2] [INFO] [1748569377.341836911] [disinfect_planner]: a_authorize_disinfect,uvdrobot1,spotrobot1
[disinfect_planner-2] [INFO] [1748569377.342132737] [disinfect_planner]: a_navto,uvdrobot1,room1
[disinfect_planner-2] [INFO] [1748569377.342467622] [disinfect_planner]: a_disinfect_room,uvdrobot1,room1
[disinfect_planner-2] [INFO] [1748569377.342763429] [disinfect_planner]: Sending response
[spotrobot-5] [INFO] [1748569377.344719539] [spotrobot]: I heard: "{"performative": "request", "sender": "Coordinator", "receiver": "spotrobot1", "content": "Plan|a_navto,spotrobot1,room1/a_approach_nurse,spotrobot1,nurse_disinfected1/a_authenticate_nurse,spotrobot1,nurse_disinfected1/a_authorize_patrol,spotrobot1,nurse_disinfected1/a_patrol_room,spotrobot1,room1/a_authorize_disinfect,uvdrobot1,spotrobot1"}"
[uvdrobot-4] [INFO] [1748569377.344732231] [uvdrobot]: I heard: "{"performative": "request", "sender": "Coordinator", "receiver": "spotrobot1", "content": "Plan|a_navto,spotrobot1,room1/a_approach_nurse,spotrobot1,nurse_disinfected1/a_authenticate_nurse,spotrobot1,nurse_disinfected1/a_authorize_patrol,spotrobot1,nurse_disinfected1/a_patrol_room,spotrobot1,room1/a_authorize_disinfect,uvdrobot1,spotrobot1"}"
[nurse_disinfect-3] [INFO] [1748569377.344805996] [nurse_disinfect]: I heard: "{"performative": "request", "sender": "Coordinator", "receiver": "spotrobot1", "content": "Plan|a_navto,spotrobot1,room1/a_approach_nurse,spotrobot1,nurse_disinfected1/a_authenticate_nurse,spotrobot1,nurse_disinfected1/a_authorize_patrol,spotrobot1,nurse_disinfected1/a_patrol_room,spotrobot1,room1/a_authorize_disinfect,uvdrobot1,spotrobot1"}"
[uvdrobot-4] [INFO] [1748569377.345078444] [uvdrobot]: And it is not for me
[spotrobot-5] [INFO] [1748569377.345116584] [spotrobot]: And it is for me
[nurse_disinfect-3] [INFO] [1748569377.345164622] [nurse_disinfect]: And it is not for me
[spotrobot-5] [INFO] [1748569377.345485592] [spotrobot]: Doing a_navto
[nurse_disinfect-3] [INFO] [1748569377.345738952] [nurse_disinfect]: I heard: "{"performative": "request", "sender": "Coordinator", "receiver": "uvdrobot1", "content": "Plan|a_authorize_disinfect,uvdrobot1,spotrobot1/a_navto,uvdrobot1,room1/a_disinfect_room,uvdrobot1,room1"}"
[uvdrobot-4] [INFO] [1748569377.345886709] [uvdrobot]: I heard: "{"performative": "request", "sender": "Coordinator", "receiver": "uvdrobot1", "content": "Plan|a_authorize_disinfect,uvdrobot1,spotrobot1/a_navto,uvdrobot1,room1/a_disinfect_room,uvdrobot1,room1"}"
[spotrobot-5] [INFO] [1748569377.345980265] [spotrobot]: Wating for response
[nurse_disinfect-3] [INFO] [1748569377.346213697] [nurse_disinfect]: And it is not for me
[uvdrobot-4] [INFO] [1748569377.346404873] [uvdrobot]: And it is for me
[spotrobot-5] [INFO] [1748569377.346446798] [spotrobot]: I heard: "{"performative": "request", "sender": "Coordinator", "receiver": "uvdrobot1", "content": "Plan|a_authorize_disinfect,uvdrobot1,spotrobot1/a_navto,uvdrobot1,room1/a_disinfect_room,uvdrobot1,room1"}"
[spotrobot-5] [INFO] [1748569377.346780737] [spotrobot]: And it is not for me
[nurse_disinfect-3] [INFO] [1748569377.346891547] [nurse_disinfect]: I heard: "{"performative": "request", "sender": "Coordinator", "receiver": "nurse_disinfected1", "content": "Plan|a_approach_nurse,spotrobot1,nurse_disinfected1/a_authenticate_nurse,spotrobot1,nurse_disinfected1/a_clean_room,nurse_disinfected1,room1/a_authorize_patrol,spotrobot1,nurse_disinfected1"}"
[uvdrobot-4] [INFO] [1748569377.346909816] [uvdrobot]: Doing a_authorize_disinfect
[nurse_disinfect-3] [INFO] [1748569377.347216885] [nurse_disinfect]: And it is for me
[uvdrobot-4] [INFO] [1748569377.347457631] [uvdrobot]: a_authorize_disinfect
[nurse_disinfect-3] [INFO] [1748569377.347513676] [nurse_disinfect]: a_approach_nurse
[spotrobot-5] [INFO] [1748569377.347562988] [spotrobot]: I heard: "{"performative": "request", "sender": "Coordinator", "receiver": "nurse_disinfected1", "content": "Plan|a_approach_nurse,spotrobot1,nurse_disinfected1/a_authenticate_nurse,spotrobot1,nurse_disinfected1/a_clean_room,nurse_disinfected1,room1/a_authorize_patrol,spotrobot1,nurse_disinfected1"}"
[nurse_disinfect-3] [INFO] [1748569377.347834829] [nurse_disinfect]: a_authenticate_nurse
[spotrobot-5] [INFO] [1748569377.347891898] [spotrobot]: And it is not for me
[uvdrobot-4] [INFO] [1748569377.347992309] [uvdrobot]: Here first, waiting for spotrobot
[nurse_disinfect-3] [INFO] [1748569377.348084731] [nurse_disinfect]: Doing a_authenticate_nurse
[spotrobot-5] [INFO] [1748569377.348257964] [spotrobot]: success
[nurse_disinfect-3] [INFO] [1748569377.348365509] [nurse_disinfect]: a_authenticate_nurse
[spotrobot-5] [INFO] [1748569377.348570277] [spotrobot]: Doing a_approach_nurse
[nurse_disinfect-3] [INFO] [1748569377.348637686] [nurse_disinfect]: Here first, waiting for robot
[uvdrobot-4] [INFO] [1748569377.349044307] [uvdrobot]: I heard: "{"performative": "request", "sender": "Coordinator", "receiver": "nurse_disinfected1", "content": "Plan|a_approach_nurse,spotrobot1,nurse_disinfected1/a_authenticate_nurse,spotrobot1,nurse_disinfected1/a_clean_room,nurse_disinfected1,room1/a_authorize_patrol,spotrobot1,nurse_disinfected1"}"
[spotrobot-5] [INFO] [1748569377.349057565] [spotrobot]: Wating for response
[nurse_disinfect-3] [INFO] [1748569377.349297612] [nurse_disinfect]: I heard: "{"performative": "query", "sender": "uvdrobot1", "receiver": "spotrobot1", "content": "Ready|a_authorize_disinfect"}"
[uvdrobot-4] [INFO] [1748569377.349539416] [uvdrobot]: And it is not for me
[nurse_disinfect-3] [INFO] [1748569377.349569743] [nurse_disinfect]: And it is not for me
[spotrobot-5] [INFO] [1748569377.349650664] [spotrobot]: I heard: "{"performative": "query", "sender": "uvdrobot1", "receiver": "spotrobot1", "content": "Ready|a_authorize_disinfect"}"
[nurse_disinfect-3] [INFO] [1748569377.350076180] [nurse_disinfect]: I heard: "{"performative": "query", "sender": "nurse_disinfected1", "receiver": "spotrobot1", "content": "Ready|a_authenticate_nurse"}"
[uvdrobot-4] [INFO] [1748569377.350136365] [uvdrobot]: I heard: "{"performative": "query", "sender": "uvdrobot1", "receiver": "spotrobot1", "content": "Ready|a_authorize_disinfect"}"
[spotrobot-5] [INFO] [1748569377.350192884] [spotrobot]: And it is for me
[nurse_disinfect-3] [INFO] [1748569377.350399337] [nurse_disinfect]: And it is not for me
[spotrobot-5] [INFO] [1748569377.350462492] [spotrobot]: No there yet
[uvdrobot-4] [INFO] [1748569377.350689942] [uvdrobot]: And it is not for me
[spotrobot-5] [INFO] [1748569377.351010372] [spotrobot]: I heard: "{"performative": "query", "sender": "nurse_disinfected1", "receiver": "spotrobot1", "content": "Ready|a_authenticate_nurse"}"
[spotrobot-5] [INFO] [1748569377.351279952] [spotrobot]: And it is for me
[spotrobot-5] [INFO] [1748569377.351577234] [spotrobot]: No there yet
[uvdrobot-4] [INFO] [1748569377.351652244] [uvdrobot]: I heard: "{"performative": "query", "sender": "nurse_disinfected1", "receiver": "spotrobot1", "content": "Ready|a_authenticate_nurse"}"
[uvdrobot-4] [INFO] [1748569377.352167309] [uvdrobot]: And it is not for me
[spotrobot-5] [INFO] [1748569377.352331792] [spotrobot]: success
[spotrobot-5] [INFO] [1748569377.352826864] [spotrobot]: Doing a_authenticate_nurse
[spotrobot-5] [INFO] [1748569377.353195621] [spotrobot]: a_authenticate_nurse
[spotrobot-5] [INFO] [1748569377.353521813] [spotrobot]: Nurse is waiting, send action message
[nurse_disinfect-3] [INFO] [1748569377.354081531] [nurse_disinfect]: I heard: "{"performative": "query", "sender": "spotrobot1", "receiver": "nurse_disinfected1", "content": "Done|a_authenticate_nurse"}"
[spotrobot-5] [INFO] [1748569377.354138421] [spotrobot]: I heard: "{"performative": "query", "sender": "spotrobot1", "receiver": "nurse_disinfected1", "content": "Done|a_authenticate_nurse"}"
[uvdrobot-4] [INFO] [1748569377.354267167] [uvdrobot]: I heard: "{"performative": "query", "sender": "spotrobot1", "receiver": "nurse_disinfected1", "content": "Done|a_authenticate_nurse"}"
[nurse_disinfect-3] [INFO] [1748569377.354415052] [nurse_disinfect]: And it is for me
[uvdrobot-4] [INFO] [1748569377.354570767] [uvdrobot]: And it is not for me
[spotrobot-5] [INFO] [1748569377.354658432] [spotrobot]: And it is not for me
[nurse_disinfect-3] [INFO] [1748569377.354724015] [nurse_disinfect]: Finished action
[nurse_disinfect-3] [INFO] [1748569377.355186291] [nurse_disinfect]: a_clean_room
[uvdrobot-4] [INFO] [1748569377.355274456] [uvdrobot]: I heard: "{"performative": "query", "sender": "nurse_disinfected1", "receiver": "spotrobot1", "content": "Done|a_authenticate_nurse"}"
[spotrobot-5] [INFO] [1748569377.355451139] [spotrobot]: I heard: "{"performative": "query", "sender": "nurse_disinfected1", "receiver": "spotrobot1", "content": "Done|a_authenticate_nurse"}"
[nurse_disinfect-3] [INFO] [1748569377.355521222] [nurse_disinfect]: Doing a_clean_room
[uvdrobot-4] [INFO] [1748569377.355563333] [uvdrobot]: And it is not for me
[spotrobot-5] [INFO] [1748569377.355815072] [spotrobot]: And it is for me
[spotrobot-5] [INFO] [1748569377.356080226] [spotrobot]: Finished action
[nurse_disinfect-3] [INFO] [1748569377.356260741] [nurse_disinfect]: Waiting for response
[spotrobot-5] [INFO] [1748569377.356573813] [spotrobot]: Doing a_authorize_patrol
[spotrobot-5] [INFO] [1748569377.356883036] [spotrobot]: a_authorize_patrol
[uvdrobot-4] [INFO] [1748569377.356945270] [uvdrobot]: I heard: "{"performative": "query", "sender": "spotrobot1", "receiver": "nurse_disinfected1", "content": "Done|a_authenticate_nurse"}"
[nurse_disinfect-3] [INFO] [1748569377.357083043] [nurse_disinfect]: I heard: "{"performative": "query", "sender": "nurse_disinfected1", "receiver": "spotrobot1", "content": "Done|a_authenticate_nurse"}"
[spotrobot-5] [INFO] [1748569377.357214627] [spotrobot]: Here first, waiting for nurse
[uvdrobot-4] [INFO] [1748569377.357433635] [uvdrobot]: And it is not for me
[nurse_disinfect-3] [INFO] [1748569377.357608518] [nurse_disinfect]: And it is not for me
[spotrobot-5] [INFO] [1748569377.357884842] [spotrobot]: I heard: "{"performative": "query", "sender": "spotrobot1", "receiver": "nurse_disinfected1", "content": "Done|a_authenticate_nurse"}"
[uvdrobot-4] [INFO] [1748569377.358254230] [uvdrobot]: I heard: "{"performative": "query", "sender": "spotrobot1", "receiver": "nurse_disinfected1", "content": "Ready|a_authorize_patrol"}"
[spotrobot-5] [INFO] [1748569377.358437083] [spotrobot]: And it is not for me
[nurse_disinfect-3] [INFO] [1748569377.358503733] [nurse_disinfect]: I heard: "{"performative": "query", "sender": "spotrobot1", "receiver": "nurse_disinfected1", "content": "Done|a_authenticate_nurse"}"
[uvdrobot-4] [INFO] [1748569377.358577731] [uvdrobot]: And it is not for me
[nurse_disinfect-3] [INFO] [1748569377.359002711] [nurse_disinfect]: And it is for me
[spotrobot-5] [INFO] [1748569377.359014113] [spotrobot]: I heard: "{"performative": "query", "sender": "spotrobot1", "receiver": "nurse_disinfected1", "content": "Ready|a_authorize_patrol"}"
[spotrobot-5] [INFO] [1748569377.359305078] [spotrobot]: And it is not for me
[nurse_disinfect-3] [INFO] [1748569377.359532083] [nurse_disinfect]: Already finished action
[nurse_disinfect-3] [INFO] [1748569377.360473770] [nurse_disinfect]: I heard: "{"performative": "query", "sender": "spotrobot1", "receiver": "nurse_disinfected1", "content": "Ready|a_authorize_patrol"}"
[nurse_disinfect-3] [INFO] [1748569377.361054140] [nurse_disinfect]: And it is for me
[nurse_disinfect-3] [INFO] [1748569377.361568769] [nurse_disinfect]: No there yet
[nurse_disinfect-3] [INFO] [1748569377.362287821] [nurse_disinfect]: success
[nurse_disinfect-3] [INFO] [1748569377.362874899] [nurse_disinfect]: a_authorize_patrol
[nurse_disinfect-3] [INFO] [1748569377.363380519] [nurse_disinfect]: Doing a_authorize_patrol
[nurse_disinfect-3] [INFO] [1748569377.363944422] [nurse_disinfect]: a_authorize_patrol
[nurse_disinfect-3] [INFO] [1748569377.364478803] [nurse_disinfect]: Robot is waiting, send action message
[uvdrobot-4] [INFO] [1748569377.365154828] [uvdrobot]: I heard: "{"performative": "query", "sender": "nurse_disinfected1", "receiver": "spotrobot1", "content": "Done|a_authorize_patrol"}"
[spotrobot-5] [INFO] [1748569377.365162043] [spotrobot]: I heard: "{"performative": "query", "sender": "nurse_disinfected1", "receiver": "spotrobot1", "content": "Done|a_authorize_patrol"}"
[spotrobot-5] [INFO] [1748569377.365475617] [spotrobot]: And it is for me
[nurse_disinfect-3] [INFO] [1748569377.365552306] [nurse_disinfect]: I heard: "{"performative": "query", "sender": "nurse_disinfected1", "receiver": "spotrobot1", "content": "Done|a_authorize_patrol"}"
[uvdrobot-4] [INFO] [1748569377.365569398] [uvdrobot]: And it is not for me
[spotrobot-5] [INFO] [1748569377.366040011] [spotrobot]: Finished action
[nurse_disinfect-3] [INFO] [1748569377.366084015] [nurse_disinfect]: And it is not for me
[spotrobot-5] [INFO] [1748569377.366755537] [spotrobot]: Doing a_patrol_room
[uvdrobot-4] [INFO] [1748569377.366911235] [uvdrobot]: I heard: "{"performative": "query", "sender": "spotrobot1", "receiver": "nurse_disinfected1", "content": "Done|a_authorize_patrol"}"
[nurse_disinfect-3] [INFO] [1748569377.367119814] [nurse_disinfect]: I heard: "{"performative": "query", "sender": "spotrobot1", "receiver": "nurse_disinfected1", "content": "Done|a_authorize_patrol"}"
[spotrobot-5] [INFO] [1748569377.367370587] [spotrobot]: Wating for response
[uvdrobot-4] [INFO] [1748569377.367397827] [uvdrobot]: And it is not for me
[nurse_disinfect-3] [INFO] [1748569377.367615396] [nurse_disinfect]: And it is for me
[nurse_disinfect-3] [INFO] [1748569377.367954205] [nurse_disinfect]: Finished action
[spotrobot-5] [INFO] [1748569377.368308322] [spotrobot]: I heard: "{"performative": "query", "sender": "spotrobot1", "receiver": "nurse_disinfected1", "content": "Done|a_authorize_patrol"}"
[spotrobot-5] [INFO] [1748569377.368838046] [spotrobot]: And it is not for me
[uvdrobot-4] [INFO] [1748569377.368973249] [uvdrobot]: I heard: "{"performative": "query", "sender": "nurse_disinfected1", "receiver": "spotrobot1", "content": "Done|a_authorize_patrol"}"
[nurse_disinfect-3] [INFO] [1748569377.369137685] [nurse_disinfect]: I heard: "{"performative": "query", "sender": "nurse_disinfected1", "receiver": "spotrobot1", "content": "Done|a_authorize_patrol"}"
[uvdrobot-4] [INFO] [1748569377.369518809] [uvdrobot]: And it is not for me
[nurse_disinfect-3] [INFO] [1748569377.369551244] [nurse_disinfect]: And it is not for me
[spotrobot-5] [INFO] [1748569377.369644094] [spotrobot]: I heard: "{"performative": "query", "sender": "nurse_disinfected1", "receiver": "spotrobot1", "content": "Done|a_authorize_patrol"}"
[spotrobot-5] [INFO] [1748569377.369929111] [spotrobot]: And it is for me
[spotrobot-5] [INFO] [1748569377.370189729] [spotrobot]: Already finished action
[spotrobot-5] [INFO] [1748569377.370932633] [spotrobot]: success
[spotrobot-5] [INFO] [1748569377.371491266] [spotrobot]: Doing a_authorize_disinfect
[spotrobot-5] [INFO] [1748569377.371889851] [spotrobot]: a_authorize_disinfect
[spotrobot-5] [INFO] [1748569377.372200883] [spotrobot]: Here first, waiting for spotrobot
[uvdrobot-4] [INFO] [1748569377.372878161] [uvdrobot]: I heard: "{"performative": "query", "sender": "spotrobot1", "receiver": "uvdrobot1", "content": "Ready|a_authorize_disinfect"}"
[spotrobot-5] [INFO] [1748569377.372922282] [spotrobot]: I heard: "{"performative": "query", "sender": "spotrobot1", "receiver": "uvdrobot1", "content": "Ready|a_authorize_disinfect"}"
[nurse_disinfect-3] [INFO] [1748569377.373101452] [nurse_disinfect]: I heard: "{"performative": "query", "sender": "spotrobot1", "receiver": "uvdrobot1", "content": "Ready|a_authorize_disinfect"}"
[spotrobot-5] [INFO] [1748569377.373232563] [spotrobot]: And it is not for me
[uvdrobot-4] [INFO] [1748569377.373298112] [uvdrobot]: And it is for me
[nurse_disinfect-3] [INFO] [1748569377.373458065] [nurse_disinfect]: And it is not for me
[uvdrobot-4] [INFO] [1748569377.373636624] [uvdrobot]: Ready to act
[spotrobot-5] [INFO] [1748569377.374364106] [spotrobot]: I heard: "{"performative": "query", "sender": "uvdrobot1", "receiver": "spotrobot1", "content": "Done|a_authorize_disinfect"}"
[nurse_disinfect-3] [INFO] [1748569377.374391949] [nurse_disinfect]: I heard: "{"performative": "query", "sender": "uvdrobot1", "receiver": "spotrobot1", "content": "Done|a_authorize_disinfect"}"
[nurse_disinfect-3] [INFO] [1748569377.374692367] [nurse_disinfect]: And it is not for me
[spotrobot-5] [INFO] [1748569377.374709623] [spotrobot]: And it is for me
[uvdrobot-4] [INFO] [1748569377.374805510] [uvdrobot]: I heard: "{"performative": "query", "sender": "uvdrobot1", "receiver": "spotrobot1", "content": "Done|a_authorize_disinfect"}"
[spotrobot-5] [INFO] [1748569377.374974545] [spotrobot]: Finished action
[uvdrobot-4] [INFO] [1748569377.375207045] [uvdrobot]: And it is not for me
[nurse_disinfect-3] [INFO] [1748569377.375530924] [nurse_disinfect]: I heard: "{"performative": "query", "sender": "spotrobot1", "receiver": "uvdrobot1", "content": "Done|a_authorize_disinfect"}"
[spotrobot-5] [INFO] [1748569377.375691352] [spotrobot]: I heard: "{"performative": "query", "sender": "spotrobot1", "receiver": "uvdrobot1", "content": "Done|a_authorize_disinfect"}"
[uvdrobot-4] [INFO] [1748569377.375843536] [uvdrobot]: I heard: "{"performative": "query", "sender": "spotrobot1", "receiver": "uvdrobot1", "content": "Done|a_authorize_disinfect"}"
[spotrobot-5] [INFO] [1748569377.375963149] [spotrobot]: And it is not for me
[nurse_disinfect-3] [INFO] [1748569377.375968948] [nurse_disinfect]: And it is not for me
[uvdrobot-4] [INFO] [1748569377.376123386] [uvdrobot]: And it is for me
[uvdrobot-4] [INFO] [1748569377.376413794] [uvdrobot]: Finished action
[uvdrobot-4] [INFO] [1748569377.376876412] [uvdrobot]: Doing a_navto
[spotrobot-5] [INFO] [1748569377.376898035] [spotrobot]: I heard: "{"performative": "query", "sender": "uvdrobot1", "receiver": "spotrobot1", "content": "Done|a_authorize_disinfect"}"
[spotrobot-5] [INFO] [1748569377.377169879] [spotrobot]: And it is for me
[nurse_disinfect-3] [INFO] [1748569377.377290321] [nurse_disinfect]: I heard: "{"performative": "query", "sender": "uvdrobot1", "receiver": "spotrobot1", "content": "Done|a_authorize_disinfect"}"
[spotrobot-5] [INFO] [1748569377.377483249] [spotrobot]: Already finished action
[uvdrobot-4] [INFO] [1748569377.377508088] [uvdrobot]: Waiting for response
[nurse_disinfect-3] [INFO] [1748569377.377692274] [nurse_disinfect]: And it is not for me
[uvdrobot-4] [INFO] [1748569377.378046764] [uvdrobot]: I heard: "{"performative": "query", "sender": "uvdrobot1", "receiver": "spotrobot1", "content": "Done|a_authorize_disinfect"}"
[uvdrobot-4] [INFO] [1748569377.378366749] [uvdrobot]: And it is not for me
[uvdrobot-4] [INFO] [1748569377.379165811] [uvdrobot]: success
[uvdrobot-4] [INFO] [1748569377.379579815] [uvdrobot]: Doing a_disinfect_room
[uvdrobot-4] [INFO] [1748569377.380121461] [uvdrobot]: Waiting for response
[uvdrobot-4] [INFO] [1748569377.381404877] [uvdrobot]: success
[spotrobot-5] [INFO] [1748569377.383690955] [spotrobot]: Recebido sinal de desligamento do coordenador, finalizando...
[nurse_disinfect-3] [INFO] [1748569377.383832348] [nurse_disinfect]: Recebido sinal de desligamento do coordenador, finalizando...
[uvdrobot-4] [INFO] [1748569377.383866190] [uvdrobot]: Recebido sinal de desligamento do coordenador, finalizando...
[disinfect_environment-1] [INFO] [1748569377.383874790] [disinfect_environment]: Recebido sinal de desligamento do coordenador, finalizando...
[disinfect_planner-2] [INFO] [1748569377.383890682] [disinfect_planner]: Recebido sinal de desligamento do coordenador, finalizando...
[spotrobot-5] [INFO] [1748569377.384074464] [Quitting]: Done
[disinfect_environment-1] [INFO] [1748569377.384314085] [Quitting]: Done
[uvdrobot-4] [INFO] [1748569377.384429425] [Quitting]: Done
[disinfect_planner-2] [INFO] [1748569377.384457516] [Quitting]: Done
[nurse_disinfect-3] [INFO] [1748569377.384489194] [Quitting]: Done
[INFO] [disinfect_environment-1]: process has finished cleanly [pid 118569]
[INFO] [uvdrobot-4]: process has finished cleanly [pid 118575]
[INFO] [nurse_disinfect-3]: process has finished cleanly [pid 118573]
[INFO] [spotrobot-5]: process has finished cleanly [pid 118577]
