[INFO] [launch]: All log files can be found below /home/rafael/.ros/log/2025-05-30-13-08-02-003377-NotebookRafael-37799
[INFO] [launch]: Default logging verbosity is set to INFO
[INFO] [disinfect_environment-1]: process started with pid [37802]
[INFO] [disinfect_planner-2]: process started with pid [37804]
[INFO] [nurse_disinfect-3]: process started with pid [37806]
[INFO] [uvdrobot-4]: process started with pid [37808]
[INFO] [spotrobot-5]: process started with pid [37810]
[disinfect_environment-1] [INFO] [1748621282.243984792] [disinfect_environment]: Starting Environment server
[disinfect_environment-1] [INFO] [1748621282.248550951] [disinfect_environment]: Environment server started
[disinfect_planner-2] [INFO] [1748621282.798473332] [disinfect_planner]: Starting Planner server
[disinfect_planner-2] [INFO] [1748621282.802562159] [disinfect_planner]: Planner server started
[disinfect_planner-2] [INFO] [1748621283.007194617] [disinfect_planner]: Creating plan for: spotrobot1 uvdrobot1 nurse_disinfected1
[disinfect_planner-2] [INFO] [1748621283.008986175] [disinfect_planner]: a_navto,spotrobot1,room1
[disinfect_planner-2] [INFO] [1748621283.009292803] [disinfect_planner]: a_open_door,spotrobot1,room1
[disinfect_planner-2] [INFO] [1748621283.009626233] [disinfect_planner]: a_approach_nurse,spotrobot1,nurse_disinfected1
[disinfect_planner-2] [INFO] [1748621283.009961120] [disinfect_planner]: a_authenticate_nurse,spotrobot1,nurse_disinfected1
[disinfect_planner-2] [INFO] [1748621283.010253321] [disinfect_planner]: a_authorize_patrol,spotrobot1,nurse_disinfected1
[disinfect_planner-2] [INFO] [1748621283.010546562] [disinfect_planner]: a_patrol_room,spotrobot1,room1
[disinfect_planner-2] [INFO] [1748621283.010840532] [disinfect_planner]: a_authorize_disinfect,uvdrobot1,spotrobot1
[disinfect_planner-2] [INFO] [1748621283.011176516] [disinfect_planner]: a_navto,uvdrobot1,room1
[disinfect_planner-2] [INFO] [1748621283.011519426] [disinfect_planner]: a_disinfect_room,uvdrobot1,room1
[disinfect_planner-2] [INFO] [1748621283.011811958] [disinfect_planner]: Sending response
[spotrobot-5] [INFO] [1748621283.011878676] [spotrobot]: response.response spotrobot1
[spotrobot-5] [INFO] [1748621283.012221179] [spotrobot]: My name is spotrobot1
[uvdrobot-4] [INFO] [1748621283.013311890] [uvdrobot]: response.response uvdrobot1
[uvdrobot-4] [INFO] [1748621283.013726189] [uvdrobot]: My name is uvdrobot1
[spotrobot-5] [INFO] [1748621283.013952198] [spotrobot]: I heard: "{"performative": "request", "sender": "Coordinator", "receiver": "uvdrobot1", "content": "Plan|a_authorize_disinfect,uvdrobot1,spotrobot1/a_navto,uvdrobot1,room1/a_disinfect_room,uvdrobot1,room1"}"
[spotrobot-5] [INFO] [1748621283.014231580] [spotrobot]: And it is not for me
[uvdrobot-4] [INFO] [1748621283.014350410] [uvdrobot]: I heard: "{"performative": "request", "sender": "Coordinator", "receiver": "uvdrobot1", "content": "Plan|a_authorize_disinfect,uvdrobot1,spotrobot1/a_navto,uvdrobot1,room1/a_disinfect_room,uvdrobot1,room1"}"
[uvdrobot-4] [INFO] [1748621283.014622526] [uvdrobot]: And it is for me
[spotrobot-5] [INFO] [1748621283.014755632] [spotrobot]: I heard: "{"performative": "request", "sender": "Coordinator", "receiver": "spotrobot1", "content": "Plan|a_navto,spotrobot1,room1/a_open_door,spotrobot1,room1/a_approach_nurse,spotrobot1,nurse_disinfected1/a_authenticate_nurse,spotrobot1,nurse_disinfected1/a_authorize_patrol,spotrobot1,nurse_disinfected1/a_patrol_room,spotrobot1,room1/a_authorize_disinfect,uvdrobot1,spotrobot1"}"
[uvdrobot-4] [INFO] [1748621283.014969277] [uvdrobot]: Doing a_authorize_disinfect
[nurse_disinfect-3] [INFO] [1748621283.015007491] [nurse_disinfect]: response.response nurse_disinfected1
[spotrobot-5] [INFO] [1748621283.015024427] [spotrobot]: And it is for me
[uvdrobot-4] [INFO] [1748621283.015273899] [uvdrobot]: a_authorize_disinfect
[nurse_disinfect-3] [INFO] [1748621283.015345301] [nurse_disinfect]: My name is nurse_disinfected1
[spotrobot-5] [INFO] [1748621283.015448896] [spotrobot]: Doing a_navto
[uvdrobot-4] [INFO] [1748621283.015540433] [uvdrobot]: Here first, waiting for spotrobot
[spotrobot-5] [INFO] [1748621283.015834804] [spotrobot]: Wating for response
[uvdrobot-4] [INFO] [1748621283.016230954] [uvdrobot]: I heard: "{"performative": "request", "sender": "Coordinator", "receiver": "spotrobot1", "content": "Plan|a_navto,spotrobot1,room1/a_open_door,spotrobot1,room1/a_approach_nurse,spotrobot1,nurse_disinfected1/a_authenticate_nurse,spotrobot1,nurse_disinfected1/a_authorize_patrol,spotrobot1,nurse_disinfected1/a_patrol_room,spotrobot1,room1/a_authorize_disinfect,uvdrobot1,spotrobot1"}"
[spotrobot-5] [INFO] [1748621283.016327580] [spotrobot]: I heard: "{"performative": "request", "sender": "Coordinator", "receiver": "nurse_disinfected1", "content": "Plan|a_approach_nurse,spotrobot1,nurse_disinfected1/a_authenticate_nurse,spotrobot1,nurse_disinfected1/a_authorize_patrol,spotrobot1,nurse_disinfected1"}"
[uvdrobot-4] [INFO] [1748621283.016501764] [uvdrobot]: And it is not for me
[spotrobot-5] [INFO] [1748621283.016609203] [spotrobot]: And it is not for me
[uvdrobot-4] [INFO] [1748621283.016907663] [uvdrobot]: I heard: "{"performative": "query", "sender": "uvdrobot1", "receiver": "spotrobot1", "content": "Ready|a_authorize_disinfect"}"
[spotrobot-5] [INFO] [1748621283.016943040] [spotrobot]: I heard: "{"performative": "query", "sender": "uvdrobot1", "receiver": "spotrobot1", "content": "Ready|a_authorize_disinfect"}"
[spotrobot-5] [INFO] [1748621283.017211674] [spotrobot]: And it is for me
[uvdrobot-4] [INFO] [1748621283.017216788] [uvdrobot]: And it is not for me
[spotrobot-5] [INFO] [1748621283.017460981] [spotrobot]: No there yet
[uvdrobot-4] [INFO] [1748621283.017727510] [uvdrobot]: I heard: "{"performative": "request", "sender": "Coordinator", "receiver": "nurse_disinfected1", "content": "Plan|a_approach_nurse,spotrobot1,nurse_disinfected1/a_authenticate_nurse,spotrobot1,nurse_disinfected1/a_authorize_patrol,spotrobot1,nurse_disinfected1"}"
[uvdrobot-4] [INFO] [1748621283.018033609] [uvdrobot]: And it is not for me
[spotrobot-5] [INFO] [1748621283.018033537] [spotrobot]: success
[spotrobot-5] [INFO] [1748621283.018393769] [spotrobot]: Doing a_open_door
[spotrobot-5] [INFO] [1748621283.018726755] [spotrobot]: Wating for response
[spotrobot-5] [INFO] [1748621283.019609752] [spotrobot]: success
[spotrobot-5] [INFO] [1748621283.019909152] [spotrobot]: Doing a_approach_nurse
[spotrobot-5] [INFO] [1748621283.020300084] [spotrobot]: Wating for response
[spotrobot-5] [INFO] [1748621283.020944191] [spotrobot]: success
[spotrobot-5] [INFO] [1748621283.021246638] [spotrobot]: Doing a_authenticate_nurse
[spotrobot-5] [INFO] [1748621283.021554685] [spotrobot]: a_authenticate_nurse
[spotrobot-5] [INFO] [1748621283.021815041] [spotrobot]: Here first, waiting for nurse
[uvdrobot-4] [INFO] [1748621283.022320588] [uvdrobot]: I heard: "{"performative": "query", "sender": "spotrobot1", "receiver": "nurse_disinfected1", "content": "Ready|a_authenticate_nurse"}"
[spotrobot-5] [INFO] [1748621283.022414532] [spotrobot]: I heard: "{"performative": "query", "sender": "spotrobot1", "receiver": "nurse_disinfected1", "content": "Ready|a_authenticate_nurse"}"
[uvdrobot-4] [INFO] [1748621283.022750138] [uvdrobot]: And it is not for me
[spotrobot-5] [INFO] [1748621283.022891726] [spotrobot]: And it is not for me
[nurse_disinfect-3] [INFO] [1748621284.017114148] [nurse_disinfect]: I heard: "{"performative": "request", "sender": "Coordinator", "receiver": "uvdrobot1", "content": "Plan|a_authorize_disinfect,uvdrobot1,spotrobot1/a_navto,uvdrobot1,room1/a_disinfect_room,uvdrobot1,room1"}"
[nurse_disinfect-3] [INFO] [1748621284.017508126] [nurse_disinfect]: And it is not for me
[nurse_disinfect-3] [INFO] [1748621284.018053994] [nurse_disinfect]: I heard: "{"performative": "query", "sender": "uvdrobot1", "receiver": "spotrobot1", "content": "Ready|a_authorize_disinfect"}"
[nurse_disinfect-3] [INFO] [1748621284.018372864] [nurse_disinfect]: And it is not for me
[nurse_disinfect-3] [INFO] [1748621284.018926206] [nurse_disinfect]: I heard: "{"performative": "request", "sender": "Coordinator", "receiver": "spotrobot1", "content": "Plan|a_navto,spotrobot1,room1/a_open_door,spotrobot1,room1/a_approach_nurse,spotrobot1,nurse_disinfected1/a_authenticate_nurse,spotrobot1,nurse_disinfected1/a_authorize_patrol,spotrobot1,nurse_disinfected1/a_patrol_room,spotrobot1,room1/a_authorize_disinfect,uvdrobot1,spotrobot1"}"
[nurse_disinfect-3] [INFO] [1748621284.019244518] [nurse_disinfect]: And it is not for me
[nurse_disinfect-3] [INFO] [1748621284.019599566] [nurse_disinfect]: I heard: "{"performative": "query", "sender": "spotrobot1", "receiver": "nurse_disinfected1", "content": "Ready|a_authenticate_nurse"}"
[nurse_disinfect-3] [INFO] [1748621284.019921936] [nurse_disinfect]: And it is for me
[nurse_disinfect-3] [INFO] [1748621284.020225461] [nurse_disinfect]: No there yet
[nurse_disinfect-3] [INFO] [1748621284.020765483] [nurse_disinfect]: I heard: "{"performative": "request", "sender": "Coordinator", "receiver": "nurse_disinfected1", "content": "Plan|a_approach_nurse,spotrobot1,nurse_disinfected1/a_authenticate_nurse,spotrobot1,nurse_disinfected1/a_authorize_patrol,spotrobot1,nurse_disinfected1"}"
[nurse_disinfect-3] [INFO] [1748621284.021276091] [nurse_disinfect]: And it is for me
[nurse_disinfect-3] [INFO] [1748621284.022726871] [nurse_disinfect]: a_approach_nurse
[nurse_disinfect-3] [INFO] [1748621284.023149366] [nurse_disinfect]: a_authenticate_nurse
[nurse_disinfect-3] [INFO] [1748621284.023461756] [nurse_disinfect]: Doing a_authenticate_nurse
[nurse_disinfect-3] [INFO] [1748621284.023825431] [nurse_disinfect]: a_authenticate_nurse
[nurse_disinfect-3] [INFO] [1748621284.024136676] [nurse_disinfect]: Robot is waiting, send action message
[nurse_disinfect-3] [INFO] [1748621284.024834624] [nurse_disinfect]: I heard: "{"performative": "query", "sender": "nurse_disinfected1", "receiver": "spotrobot1", "content": "Done|a_authenticate_nurse"}"
[spotrobot-5] [INFO] [1748621284.025040506] [spotrobot]: I heard: "{"performative": "query", "sender": "nurse_disinfected1", "receiver": "spotrobot1", "content": "Done|a_authenticate_nurse"}"
[uvdrobot-4] [INFO] [1748621284.025059678] [uvdrobot]: I heard: "{"performative": "query", "sender": "nurse_disinfected1", "receiver": "spotrobot1", "content": "Done|a_authenticate_nurse"}"
[nurse_disinfect-3] [INFO] [1748621284.025152775] [nurse_disinfect]: And it is not for me
[uvdrobot-4] [INFO] [1748621284.025377971] [uvdrobot]: And it is not for me
[spotrobot-5] [INFO] [1748621284.025639874] [spotrobot]: And it is for me
[spotrobot-5] [INFO] [1748621284.026189754] [spotrobot]: Finished action
[uvdrobot-4] [INFO] [1748621284.026810615] [uvdrobot]: I heard: "{"performative": "query", "sender": "spotrobot1", "receiver": "nurse_disinfected1", "content": "Done|a_authenticate_nurse"}"
[nurse_disinfect-3] [INFO] [1748621284.026831326] [nurse_disinfect]: I heard: "{"performative": "query", "sender": "spotrobot1", "receiver": "nurse_disinfected1", "content": "Done|a_authenticate_nurse"}"
[spotrobot-5] [INFO] [1748621284.026958098] [spotrobot]: Doing a_authorize_patrol
[nurse_disinfect-3] [INFO] [1748621284.027169363] [nurse_disinfect]: And it is for me
[uvdrobot-4] [INFO] [1748621284.027361223] [uvdrobot]: And it is not for me
[nurse_disinfect-3] [INFO] [1748621284.027454771] [nurse_disinfect]: Finished action
[spotrobot-5] [INFO] [1748621284.027481346] [spotrobot]: a_authorize_patrol
[nurse_disinfect-3] [INFO] [1748621284.027882429] [nurse_disinfect]: a_authorize_patrol
[spotrobot-5] [INFO] [1748621284.028016212] [spotrobot]: Here first, waiting for nurse
[uvdrobot-4] [INFO] [1748621284.028199169] [uvdrobot]: I heard: "{"performative": "query", "sender": "nurse_disinfected1", "receiver": "spotrobot1", "content": "Done|a_authenticate_nurse"}"
[nurse_disinfect-3] [INFO] [1748621284.028250031] [nurse_disinfect]: Doing a_authorize_patrol
[nurse_disinfect-3] [INFO] [1748621284.028529365] [nurse_disinfect]: a_authorize_patrol
[uvdrobot-4] [INFO] [1748621284.028698794] [uvdrobot]: And it is not for me
[nurse_disinfect-3] [INFO] [1748621284.028780952] [nurse_disinfect]: Here first, waiting for robot
[spotrobot-5] [INFO] [1748621284.029044430] [spotrobot]: I heard: "{"performative": "query", "sender": "spotrobot1", "receiver": "nurse_disinfected1", "content": "Done|a_authenticate_nurse"}"
[nurse_disinfect-3] [INFO] [1748621284.029476714] [nurse_disinfect]: I heard: "{"performative": "query", "sender": "nurse_disinfected1", "receiver": "spotrobot1", "content": "Done|a_authenticate_nurse"}"
[spotrobot-5] [INFO] [1748621284.029541444] [spotrobot]: And it is not for me
[uvdrobot-4] [INFO] [1748621284.029598121] [uvdrobot]: I heard: "{"performative": "query", "sender": "spotrobot1", "receiver": "nurse_disinfected1", "content": "Ready|a_authorize_patrol"}"
[nurse_disinfect-3] [INFO] [1748621284.029752236] [nurse_disinfect]: And it is not for me
[uvdrobot-4] [INFO] [1748621284.030088853] [uvdrobot]: And it is not for me
[nurse_disinfect-3] [INFO] [1748621284.030316306] [nurse_disinfect]: I heard: "{"performative": "query", "sender": "spotrobot1", "receiver": "nurse_disinfected1", "content": "Ready|a_authorize_patrol"}"
[spotrobot-5] [INFO] [1748621284.030473277] [spotrobot]: I heard: "{"performative": "query", "sender": "nurse_disinfected1", "receiver": "spotrobot1", "content": "Done|a_authenticate_nurse"}"
[nurse_disinfect-3] [INFO] [1748621284.030692713] [nurse_disinfect]: And it is for me
[spotrobot-5] [INFO] [1748621284.030998228] [spotrobot]: And it is for me
[nurse_disinfect-3] [INFO] [1748621284.031026020] [nurse_disinfect]: Ready to act
[uvdrobot-4] [INFO] [1748621284.031032956] [uvdrobot]: I heard: "{"performative": "query", "sender": "nurse_disinfected1", "receiver": "spotrobot1", "content": "Ready|a_authorize_patrol"}"
[spotrobot-5] [INFO] [1748621284.031283759] [spotrobot]: Already finished action
[uvdrobot-4] [INFO] [1748621284.031532345] [uvdrobot]: And it is not for me
[nurse_disinfect-3] [INFO] [1748621284.031782804] [nurse_disinfect]: I heard: "{"performative": "query", "sender": "nurse_disinfected1", "receiver": "spotrobot1", "content": "Ready|a_authorize_patrol"}"
[spotrobot-5] [INFO] [1748621284.031927913] [spotrobot]: I heard: "{"performative": "query", "sender": "spotrobot1", "receiver": "nurse_disinfected1", "content": "Ready|a_authorize_patrol"}"
[spotrobot-5] [INFO] [1748621284.032218648] [spotrobot]: And it is not for me
[nurse_disinfect-3] [INFO] [1748621284.032266232] [nurse_disinfect]: And it is not for me
[uvdrobot-4] [INFO] [1748621284.032428947] [uvdrobot]: I heard: "{"performative": "query", "sender": "nurse_disinfected1", "receiver": "spotrobot1", "content": "Done|a_authorize_patrol"}"
[spotrobot-5] [INFO] [1748621284.032753523] [spotrobot]: I heard: "{"performative": "query", "sender": "nurse_disinfected1", "receiver": "spotrobot1", "content": "Ready|a_authorize_patrol"}"
[nurse_disinfect-3] [INFO] [1748621284.032931815] [nurse_disinfect]: I heard: "{"performative": "query", "sender": "nurse_disinfected1", "receiver": "spotrobot1", "content": "Done|a_authorize_patrol"}"
[uvdrobot-4] [INFO] [1748621284.032979574] [uvdrobot]: And it is not for me
[spotrobot-5] [INFO] [1748621284.033020350] [spotrobot]: And it is for me
[spotrobot-5] [INFO] [1748621284.033294462] [spotrobot]: Ready to act
[nurse_disinfect-3] [INFO] [1748621284.033511382] [nurse_disinfect]: And it is not for me
[spotrobot-5] [INFO] [1748621284.033956999] [spotrobot]: I heard: "{"performative": "query", "sender": "nurse_disinfected1", "receiver": "spotrobot1", "content": "Done|a_authorize_patrol"}"
[uvdrobot-4] [INFO] [1748621284.034156465] [uvdrobot]: I heard: "{"performative": "query", "sender": "spotrobot1", "receiver": "nurse_disinfected1", "content": "Done|a_authorize_patrol"}"
[spotrobot-5] [INFO] [1748621284.034231858] [spotrobot]: And it is for me
[nurse_disinfect-3] [INFO] [1748621284.034355998] [nurse_disinfect]: I heard: "{"performative": "query", "sender": "spotrobot1", "receiver": "nurse_disinfected1", "content": "Done|a_authorize_patrol"}"
[spotrobot-5] [INFO] [1748621284.034483889] [spotrobot]: Finished action
[nurse_disinfect-3] [INFO] [1748621284.034639211] [nurse_disinfect]: And it is for me
[uvdrobot-4] [INFO] [1748621284.034690792] [uvdrobot]: And it is not for me
[nurse_disinfect-3] [INFO] [1748621284.034900457] [nurse_disinfect]: Finished action
[spotrobot-5] [INFO] [1748621284.034900857] [spotrobot]: Doing a_patrol_room
[spotrobot-5] [INFO] [1748621284.035313822] [spotrobot]: Wating for response
[uvdrobot-4] [INFO] [1748621284.035564300] [uvdrobot]: I heard: "{"performative": "query", "sender": "spotrobot1", "receiver": "nurse_disinfected1", "content": "Done|a_authorize_patrol"}"
[nurse_disinfect-3] [INFO] [1748621284.035632926] [nurse_disinfect]: I heard: "{"performative": "query", "sender": "spotrobot1", "receiver": "nurse_disinfected1", "content": "Done|a_authorize_patrol"}"
[spotrobot-5] [INFO] [1748621284.035895054] [spotrobot]: I heard: "{"performative": "query", "sender": "spotrobot1", "receiver": "nurse_disinfected1", "content": "Done|a_authorize_patrol"}"
[nurse_disinfect-3] [INFO] [1748621284.035914001] [nurse_disinfect]: And it is for me
[uvdrobot-4] [INFO] [1748621284.036055959] [uvdrobot]: And it is not for me
[spotrobot-5] [INFO] [1748621284.036240556] [spotrobot]: And it is not for me
[nurse_disinfect-3] [INFO] [1748621284.036387780] [nurse_disinfect]: Already finished action
[spotrobot-5] [INFO] [1748621284.036805667] [spotrobot]: I heard: "{"performative": "query", "sender": "spotrobot1", "receiver": "nurse_disinfected1", "content": "Done|a_authorize_patrol"}"
[uvdrobot-4] [INFO] [1748621284.036993781] [uvdrobot]: I heard: "{"performative": "query", "sender": "nurse_disinfected1", "receiver": "spotrobot1", "content": "Done|a_authorize_patrol"}"
[spotrobot-5] [INFO] [1748621284.037078871] [spotrobot]: And it is not for me
[nurse_disinfect-3] [INFO] [1748621284.037082237] [nurse_disinfect]: I heard: "{"performative": "query", "sender": "nurse_disinfected1", "receiver": "spotrobot1", "content": "Done|a_authorize_patrol"}"
[nurse_disinfect-3] [INFO] [1748621284.037364097] [nurse_disinfect]: And it is not for me
[uvdrobot-4] [INFO] [1748621284.037492961] [uvdrobot]: And it is not for me
[spotrobot-5] [INFO] [1748621284.037597938] [spotrobot]: I heard: "{"performative": "query", "sender": "nurse_disinfected1", "receiver": "spotrobot1", "content": "Done|a_authorize_patrol"}"
[spotrobot-5] [INFO] [1748621284.038036314] [spotrobot]: And it is for me
[spotrobot-5] [INFO] [1748621284.038431787] [spotrobot]: Already finished action
[spotrobot-5] [INFO] [1748621284.039477337] [spotrobot]: dirty room
[nurse_disinfect-3] [INFO] [1748621284.041466337] [nurse_disinfect]: I heard: "{"performative": "request", "sender": "Coordinator", "receiver": "spotrobot1", "content": "Reset"}"
[spotrobot-5] [INFO] [1748621284.041734480] [spotrobot]: I heard: "{"performative": "request", "sender": "Coordinator", "receiver": "spotrobot1", "content": "Reset"}"
[uvdrobot-4] [INFO] [1748621284.041732572] [uvdrobot]: I heard: "{"performative": "request", "sender": "Coordinator", "receiver": "spotrobot1", "content": "Reset"}"
[nurse_disinfect-3] [INFO] [1748621284.041862198] [nurse_disinfect]: And it is not for me
[spotrobot-5] [INFO] [1748621284.042261588] [spotrobot]: And it is for me
[uvdrobot-4] [INFO] [1748621284.042261610] [uvdrobot]: And it is not for me
[nurse_disinfect-3] [INFO] [1748621284.042401444] [nurse_disinfect]: I heard: "{"performative": "request", "sender": "Coordinator", "receiver": "uvdrobot1", "content": "Reset"}"
[nurse_disinfect-3] [INFO] [1748621284.042724004] [nurse_disinfect]: And it is not for me
[spotrobot-5] [INFO] [1748621284.043073338] [spotrobot]: I heard: "{"performative": "request", "sender": "Coordinator", "receiver": "uvdrobot1", "content": "Reset"}"
[uvdrobot-4] [INFO] [1748621284.043077570] [uvdrobot]: I heard: "{"performative": "request", "sender": "Coordinator", "receiver": "uvdrobot1", "content": "Reset"}"
[nurse_disinfect-3] [INFO] [1748621284.043298008] [nurse_disinfect]: I heard: "{"performative": "request", "sender": "Coordinator", "receiver": "nurse_disinfected1", "content": "Reset"}"
[uvdrobot-4] [INFO] [1748621284.043561462] [uvdrobot]: And it is for me
[nurse_disinfect-3] [INFO] [1748621284.043570209] [nurse_disinfect]: And it is for me
[spotrobot-5] [INFO] [1748621284.043575167] [spotrobot]: And it is not for me
[spotrobot-5] [INFO] [1748621284.044210930] [spotrobot]: 
[uvdrobot-4] [INFO] [1748621284.044438982] [uvdrobot]: I heard: "{"performative": "request", "sender": "Coordinator", "receiver": "nurse_disinfected1", "content": "Reset"}"
[disinfect_planner-2] [INFO] [1748621284.044481596] [disinfect_planner]: Creating plan for: spotrobot1 uvdrobot1 nurse_disinfected1
[uvdrobot-4] [INFO] [1748621284.044948606] [uvdrobot]: And it is not for me
[spotrobot-5] [INFO] [1748621284.045129396] [spotrobot]: I heard: "{"performative": "request", "sender": "Coordinator", "receiver": "nurse_disinfected1", "content": "Reset"}"
[disinfect_planner-2] [INFO] [1748621284.045342304] [disinfect_planner]: a_navto,spotrobot1,room1
[spotrobot-5] [INFO] [1748621284.045593117] [spotrobot]: And it is not for me
[disinfect_planner-2] [INFO] [1748621284.045605849] [disinfect_planner]: a_approach_nurse,spotrobot1,nurse_disinfected1
[disinfect_planner-2] [INFO] [1748621284.045854767] [disinfect_planner]: a_authenticate_nurse,spotrobot1,nurse_disinfected1
[disinfect_planner-2] [INFO] [1748621284.046100374] [disinfect_planner]: a_clean_room,nurse_disinfected1,room1
[disinfect_planner-2] [INFO] [1748621284.046409235] [disinfect_planner]: a_authorize_patrol,spotrobot1,nurse_disinfected1
[disinfect_planner-2] [INFO] [1748621284.046751568] [disinfect_planner]: a_patrol_room,spotrobot1,room1
[disinfect_planner-2] [INFO] [1748621284.047058461] [disinfect_planner]: a_authorize_disinfect,uvdrobot1,spotrobot1
[disinfect_planner-2] [INFO] [1748621284.047358769] [disinfect_planner]: a_navto,uvdrobot1,room1
[disinfect_planner-2] [INFO] [1748621284.047652096] [disinfect_planner]: a_disinfect_room,uvdrobot1,room1
[disinfect_planner-2] [INFO] [1748621284.047952650] [disinfect_planner]: Sending response
[spotrobot-5] [INFO] [1748621284.049952448] [spotrobot]: I heard: "{"performative": "request", "sender": "Coordinator", "receiver": "spotrobot1", "content": "Plan|a_navto,spotrobot1,room1/a_approach_nurse,spotrobot1,nurse_disinfected1/a_authenticate_nurse,spotrobot1,nurse_disinfected1/a_authorize_patrol,spotrobot1,nurse_disinfected1/a_patrol_room,spotrobot1,room1/a_authorize_disinfect,uvdrobot1,spotrobot1"}"
[nurse_disinfect-3] [INFO] [1748621284.049971064] [nurse_disinfect]: I heard: "{"performative": "request", "sender": "Coordinator", "receiver": "spotrobot1", "content": "Plan|a_navto,spotrobot1,room1/a_approach_nurse,spotrobot1,nurse_disinfected1/a_authenticate_nurse,spotrobot1,nurse_disinfected1/a_authorize_patrol,spotrobot1,nurse_disinfected1/a_patrol_room,spotrobot1,room1/a_authorize_disinfect,uvdrobot1,spotrobot1"}"
[uvdrobot-4] [INFO] [1748621284.050077892] [uvdrobot]: I heard: "{"performative": "request", "sender": "Coordinator", "receiver": "spotrobot1", "content": "Plan|a_navto,spotrobot1,room1/a_approach_nurse,spotrobot1,nurse_disinfected1/a_authenticate_nurse,spotrobot1,nurse_disinfected1/a_authorize_patrol,spotrobot1,nurse_disinfected1/a_patrol_room,spotrobot1,room1/a_authorize_disinfect,uvdrobot1,spotrobot1"}"
[nurse_disinfect-3] [INFO] [1748621284.050331694] [nurse_disinfect]: And it is not for me
[spotrobot-5] [INFO] [1748621284.050348120] [spotrobot]: And it is for me
[uvdrobot-4] [INFO] [1748621284.050621906] [uvdrobot]: And it is not for me
[spotrobot-5] [INFO] [1748621284.050719875] [spotrobot]: Doing a_navto
[nurse_disinfect-3] [INFO] [1748621284.051117313] [nurse_disinfect]: I heard: "{"performative": "request", "sender": "Coordinator", "receiver": "uvdrobot1", "content": "Plan|a_authorize_disinfect,uvdrobot1,spotrobot1/a_navto,uvdrobot1,room1/a_disinfect_room,uvdrobot1,room1"}"
[spotrobot-5] [INFO] [1748621284.051193984] [spotrobot]: Wating for response
[uvdrobot-4] [INFO] [1748621284.051497363] [uvdrobot]: I heard: "{"performative": "request", "sender": "Coordinator", "receiver": "uvdrobot1", "content": "Plan|a_authorize_disinfect,uvdrobot1,spotrobot1/a_navto,uvdrobot1,room1/a_disinfect_room,uvdrobot1,room1"}"
[nurse_disinfect-3] [INFO] [1748621284.051615093] [nurse_disinfect]: And it is not for me
[spotrobot-5] [INFO] [1748621284.051711783] [spotrobot]: I heard: "{"performative": "request", "sender": "Coordinator", "receiver": "uvdrobot1", "content": "Plan|a_authorize_disinfect,uvdrobot1,spotrobot1/a_navto,uvdrobot1,room1/a_disinfect_room,uvdrobot1,room1"}"
[spotrobot-5] [INFO] [1748621284.051992612] [spotrobot]: And it is not for me
[uvdrobot-4] [INFO] [1748621284.052031557] [uvdrobot]: And it is for me
[nurse_disinfect-3] [INFO] [1748621284.052476416] [nurse_disinfect]: I heard: "{"performative": "request", "sender": "Coordinator", "receiver": "nurse_disinfected1", "content": "Plan|a_approach_nurse,spotrobot1,nurse_disinfected1/a_authenticate_nurse,spotrobot1,nurse_disinfected1/a_clean_room,nurse_disinfected1,room1/a_authorize_patrol,spotrobot1,nurse_disinfected1"}"
[spotrobot-5] [INFO] [1748621284.052650400] [spotrobot]: I heard: "{"performative": "request", "sender": "Coordinator", "receiver": "nurse_disinfected1", "content": "Plan|a_approach_nurse,spotrobot1,nurse_disinfected1/a_authenticate_nurse,spotrobot1,nurse_disinfected1/a_clean_room,nurse_disinfected1,room1/a_authorize_patrol,spotrobot1,nurse_disinfected1"}"
[uvdrobot-4] [INFO] [1748621284.052693403] [uvdrobot]: Doing a_authorize_disinfect
[spotrobot-5] [INFO] [1748621284.053017264] [spotrobot]: And it is not for me
[nurse_disinfect-3] [INFO] [1748621284.053040250] [nurse_disinfect]: And it is for me
[uvdrobot-4] [INFO] [1748621284.053261258] [uvdrobot]: a_authorize_disinfect
[spotrobot-5] [INFO] [1748621284.053387505] [spotrobot]: success
[nurse_disinfect-3] [INFO] [1748621284.053602930] [nurse_disinfect]: a_approach_nurse
[spotrobot-5] [INFO] [1748621284.053769307] [spotrobot]: Doing a_approach_nurse
[uvdrobot-4] [INFO] [1748621284.053778971] [uvdrobot]: Here first, waiting for spotrobot
[nurse_disinfect-3] [INFO] [1748621284.054230264] [nurse_disinfect]: a_authenticate_nurse
[spotrobot-5] [INFO] [1748621284.054272650] [spotrobot]: Wating for response
[spotrobot-5] [INFO] [1748621284.054792663] [spotrobot]: I heard: "{"performative": "query", "sender": "uvdrobot1", "receiver": "spotrobot1", "content": "Ready|a_authorize_disinfect"}"
[nurse_disinfect-3] [INFO] [1748621284.054802981] [nurse_disinfect]: Doing a_authenticate_nurse
[uvdrobot-4] [INFO] [1748621284.054920244] [uvdrobot]: I heard: "{"performative": "request", "sender": "Coordinator", "receiver": "nurse_disinfected1", "content": "Plan|a_approach_nurse,spotrobot1,nurse_disinfected1/a_authenticate_nurse,spotrobot1,nurse_disinfected1/a_clean_room,nurse_disinfected1,room1/a_authorize_patrol,spotrobot1,nurse_disinfected1"}"
[spotrobot-5] [INFO] [1748621284.055122545] [spotrobot]: And it is for me
[nurse_disinfect-3] [INFO] [1748621284.055242361] [nurse_disinfect]: a_authenticate_nurse
[spotrobot-5] [INFO] [1748621284.055419902] [spotrobot]: No there yet
[uvdrobot-4] [INFO] [1748621284.055432158] [uvdrobot]: And it is not for me
[nurse_disinfect-3] [INFO] [1748621284.055696130] [nurse_disinfect]: Here first, waiting for robot
[uvdrobot-4] [INFO] [1748621284.056029937] [uvdrobot]: I heard: "{"performative": "query", "sender": "uvdrobot1", "receiver": "spotrobot1", "content": "Ready|a_authorize_disinfect"}"
[spotrobot-5] [INFO] [1748621284.056076478] [spotrobot]: success
[spotrobot-5] [INFO] [1748621284.056436758] [spotrobot]: Doing a_authenticate_nurse
[nurse_disinfect-3] [INFO] [1748621284.056619752] [nurse_disinfect]: I heard: "{"performative": "query", "sender": "uvdrobot1", "receiver": "spotrobot1", "content": "Ready|a_authorize_disinfect"}"
[uvdrobot-4] [INFO] [1748621284.056635133] [uvdrobot]: And it is not for me
[spotrobot-5] [INFO] [1748621284.056703727] [spotrobot]: a_authenticate_nurse
[nurse_disinfect-3] [INFO] [1748621284.056904952] [nurse_disinfect]: And it is not for me
[spotrobot-5] [INFO] [1748621284.056950337] [spotrobot]: Here first, waiting for nurse
[spotrobot-5] [INFO] [1748621284.057574908] [spotrobot]: I heard: "{"performative": "query", "sender": "nurse_disinfected1", "receiver": "spotrobot1", "content": "Ready|a_authenticate_nurse"}"
[uvdrobot-4] [INFO] [1748621284.057653881] [uvdrobot]: I heard: "{"performative": "query", "sender": "nurse_disinfected1", "receiver": "spotrobot1", "content": "Ready|a_authenticate_nurse"}"
[nurse_disinfect-3] [INFO] [1748621284.057820465] [nurse_disinfect]: I heard: "{"performative": "query", "sender": "nurse_disinfected1", "receiver": "spotrobot1", "content": "Ready|a_authenticate_nurse"}"
[spotrobot-5] [INFO] [1748621284.057905159] [spotrobot]: And it is for me
[uvdrobot-4] [INFO] [1748621284.058161433] [uvdrobot]: And it is not for me
[spotrobot-5] [INFO] [1748621284.058196319] [spotrobot]: Ready to act
[nurse_disinfect-3] [INFO] [1748621284.058248946] [nurse_disinfect]: And it is not for me
[nurse_disinfect-3] [INFO] [1748621284.058822165] [nurse_disinfect]: I heard: "{"performative": "query", "sender": "spotrobot1", "receiver": "nurse_disinfected1", "content": "Ready|a_authenticate_nurse"}"
[spotrobot-5] [INFO] [1748621284.058947190] [spotrobot]: I heard: "{"performative": "query", "sender": "spotrobot1", "receiver": "nurse_disinfected1", "content": "Ready|a_authenticate_nurse"}"
[uvdrobot-4] [INFO] [1748621284.059126152] [uvdrobot]: I heard: "{"performative": "query", "sender": "spotrobot1", "receiver": "nurse_disinfected1", "content": "Ready|a_authenticate_nurse"}"
[nurse_disinfect-3] [INFO] [1748621284.059181849] [nurse_disinfect]: And it is for me
[spotrobot-5] [INFO] [1748621284.059261916] [spotrobot]: And it is not for me
[nurse_disinfect-3] [INFO] [1748621284.059455932] [nurse_disinfect]: Ready to act
[uvdrobot-4] [INFO] [1748621284.059647073] [uvdrobot]: And it is not for me
[spotrobot-5] [INFO] [1748621284.060024706] [spotrobot]: I heard: "{"performative": "query", "sender": "spotrobot1", "receiver": "nurse_disinfected1", "content": "Done|a_authenticate_nurse"}"
[spotrobot-5] [INFO] [1748621284.060313643] [spotrobot]: And it is not for me
[nurse_disinfect-3] [INFO] [1748621284.060435390] [nurse_disinfect]: I heard: "{"performative": "query", "sender": "spotrobot1", "receiver": "nurse_disinfected1", "content": "Done|a_authenticate_nurse"}"
[uvdrobot-4] [INFO] [1748621284.060544583] [uvdrobot]: I heard: "{"performative": "query", "sender": "spotrobot1", "receiver": "nurse_disinfected1", "content": "Done|a_authenticate_nurse"}"
[nurse_disinfect-3] [INFO] [1748621284.060721319] [nurse_disinfect]: And it is for me
[spotrobot-5] [INFO] [1748621284.060838518] [spotrobot]: I heard: "{"performative": "query", "sender": "nurse_disinfected1", "receiver": "spotrobot1", "content": "Done|a_authenticate_nurse"}"
[spotrobot-5] [INFO] [1748621284.061104986] [spotrobot]: And it is for me
[uvdrobot-4] [INFO] [1748621284.061110536] [uvdrobot]: And it is not for me
[nurse_disinfect-3] [INFO] [1748621284.061132184] [nurse_disinfect]: Finished action
[spotrobot-5] [INFO] [1748621284.061356903] [spotrobot]: Finished action
[nurse_disinfect-3] [INFO] [1748621284.061679074] [nurse_disinfect]: a_clean_room
[spotrobot-5] [INFO] [1748621284.061774589] [spotrobot]: Doing a_authorize_patrol
[nurse_disinfect-3] [INFO] [1748621284.061964510] [nurse_disinfect]: Doing a_clean_room
[uvdrobot-4] [INFO] [1748621284.062017497] [uvdrobot]: I heard: "{"performative": "query", "sender": "nurse_disinfected1", "receiver": "spotrobot1", "content": "Done|a_authenticate_nurse"}"
[spotrobot-5] [INFO] [1748621284.062083337] [spotrobot]: a_authorize_patrol
[nurse_disinfect-3] [INFO] [1748621284.062342613] [nurse_disinfect]: Waiting for response
[spotrobot-5] [INFO] [1748621284.062346673] [spotrobot]: Here first, waiting for nurse
[uvdrobot-4] [INFO] [1748621284.062585343] [uvdrobot]: And it is not for me
[nurse_disinfect-3] [INFO] [1748621284.062841358] [nurse_disinfect]: I heard: "{"performative": "query", "sender": "nurse_disinfected1", "receiver": "spotrobot1", "content": "Done|a_authenticate_nurse"}"
[spotrobot-5] [INFO] [1748621284.063083154] [spotrobot]: I heard: "{"performative": "query", "sender": "nurse_disinfected1", "receiver": "spotrobot1", "content": "Done|a_authenticate_nurse"}"
[nurse_disinfect-3] [INFO] [1748621284.063110986] [nurse_disinfect]: And it is not for me
[spotrobot-5] [INFO] [1748621284.063366310] [spotrobot]: And it is for me
[uvdrobot-4] [INFO] [1748621284.063530108] [uvdrobot]: I heard: "{"performative": "query", "sender": "nurse_disinfected1", "receiver": "spotrobot1", "content": "Done|a_authenticate_nurse"}"
[nurse_disinfect-3] [INFO] [1748621284.063623487] [nurse_disinfect]: I heard: "{"performative": "query", "sender": "nurse_disinfected1", "receiver": "spotrobot1", "content": "Done|a_authenticate_nurse"}"
[spotrobot-5] [INFO] [1748621284.063630716] [spotrobot]: Already finished action
[nurse_disinfect-3] [INFO] [1748621284.063891430] [nurse_disinfect]: And it is not for me
[uvdrobot-4] [INFO] [1748621284.064034378] [uvdrobot]: And it is not for me
[spotrobot-5] [INFO] [1748621284.064201361] [spotrobot]: I heard: "{"performative": "query", "sender": "spotrobot1", "receiver": "nurse_disinfected1", "content": "Done|a_authenticate_nurse"}"
[nurse_disinfect-3] [INFO] [1748621284.064411424] [nurse_disinfect]: I heard: "{"performative": "query", "sender": "spotrobot1", "receiver": "nurse_disinfected1", "content": "Done|a_authenticate_nurse"}"
[spotrobot-5] [INFO] [1748621284.064506920] [spotrobot]: And it is not for me
[nurse_disinfect-3] [INFO] [1748621284.064677627] [nurse_disinfect]: And it is for me
[nurse_disinfect-3] [INFO] [1748621284.064925145] [nurse_disinfect]: Already finished action
[uvdrobot-4] [INFO] [1748621284.064952408] [uvdrobot]: I heard: "{"performative": "query", "sender": "spotrobot1", "receiver": "nurse_disinfected1", "content": "Done|a_authenticate_nurse"}"
[spotrobot-5] [INFO] [1748621284.065033129] [spotrobot]: I heard: "{"performative": "query", "sender": "spotrobot1", "receiver": "nurse_disinfected1", "content": "Ready|a_authorize_patrol"}"
[uvdrobot-4] [INFO] [1748621284.065272981] [uvdrobot]: And it is not for me
[nurse_disinfect-3] [INFO] [1748621284.065394126] [nurse_disinfect]: I heard: "{"performative": "query", "sender": "spotrobot1", "receiver": "nurse_disinfected1", "content": "Ready|a_authorize_patrol"}"
[spotrobot-5] [INFO] [1748621284.065560899] [spotrobot]: And it is not for me
[nurse_disinfect-3] [INFO] [1748621284.065654644] [nurse_disinfect]: And it is for me
[uvdrobot-4] [INFO] [1748621284.065793618] [uvdrobot]: I heard: "{"performative": "query", "sender": "spotrobot1", "receiver": "nurse_disinfected1", "content": "Ready|a_authorize_patrol"}"
[nurse_disinfect-3] [INFO] [1748621284.065916419] [nurse_disinfect]: No there yet
[uvdrobot-4] [INFO] [1748621284.066068875] [uvdrobot]: And it is not for me
[nurse_disinfect-3] [INFO] [1748621284.067514838] [nurse_disinfect]: success
[nurse_disinfect-3] [INFO] [1748621284.068072607] [nurse_disinfect]: a_authorize_patrol
[nurse_disinfect-3] [INFO] [1748621284.068384713] [nurse_disinfect]: Doing a_authorize_patrol
[nurse_disinfect-3] [INFO] [1748621284.068748739] [nurse_disinfect]: a_authorize_patrol
[nurse_disinfect-3] [INFO] [1748621284.069052926] [nurse_disinfect]: Robot is waiting, send action message
[spotrobot-5] [INFO] [1748621284.069654643] [spotrobot]: I heard: "{"performative": "query", "sender": "nurse_disinfected1", "receiver": "spotrobot1", "content": "Done|a_authorize_patrol"}"
[nurse_disinfect-3] [INFO] [1748621284.069677857] [nurse_disinfect]: I heard: "{"performative": "query", "sender": "nurse_disinfected1", "receiver": "spotrobot1", "content": "Done|a_authorize_patrol"}"
[uvdrobot-4] [INFO] [1748621284.069837507] [uvdrobot]: I heard: "{"performative": "query", "sender": "nurse_disinfected1", "receiver": "spotrobot1", "content": "Done|a_authorize_patrol"}"
[spotrobot-5] [INFO] [1748621284.069980438] [spotrobot]: And it is for me
[nurse_disinfect-3] [INFO] [1748621284.070133641] [nurse_disinfect]: And it is not for me
[uvdrobot-4] [INFO] [1748621284.070137995] [uvdrobot]: And it is not for me
[spotrobot-5] [INFO] [1748621284.070264644] [spotrobot]: Finished action
[spotrobot-5] [INFO] [1748621284.070707827] [spotrobot]: Doing a_patrol_room
[nurse_disinfect-3] [INFO] [1748621284.070922988] [nurse_disinfect]: I heard: "{"performative": "query", "sender": "spotrobot1", "receiver": "nurse_disinfected1", "content": "Done|a_authorize_patrol"}"
[uvdrobot-4] [INFO] [1748621284.070961533] [uvdrobot]: I heard: "{"performative": "query", "sender": "spotrobot1", "receiver": "nurse_disinfected1", "content": "Done|a_authorize_patrol"}"
[nurse_disinfect-3] [INFO] [1748621284.071202975] [nurse_disinfect]: And it is for me
[spotrobot-5] [INFO] [1748621284.071239637] [spotrobot]: Wating for response
[nurse_disinfect-3] [INFO] [1748621284.071456150] [nurse_disinfect]: Finished action
[uvdrobot-4] [INFO] [1748621284.071514875] [uvdrobot]: And it is not for me
[spotrobot-5] [INFO] [1748621284.071767170] [spotrobot]: I heard: "{"performative": "query", "sender": "spotrobot1", "receiver": "nurse_disinfected1", "content": "Done|a_authorize_patrol"}"
[spotrobot-5] [INFO] [1748621284.072044471] [spotrobot]: And it is not for me
[nurse_disinfect-3] [INFO] [1748621284.072413849] [nurse_disinfect]: I heard: "{"performative": "query", "sender": "nurse_disinfected1", "receiver": "spotrobot1", "content": "Done|a_authorize_patrol"}"
[uvdrobot-4] [INFO] [1748621284.072449612] [uvdrobot]: I heard: "{"performative": "query", "sender": "nurse_disinfected1", "receiver": "spotrobot1", "content": "Done|a_authorize_patrol"}"
[spotrobot-5] [INFO] [1748621284.072591729] [spotrobot]: I heard: "{"performative": "query", "sender": "nurse_disinfected1", "receiver": "spotrobot1", "content": "Done|a_authorize_patrol"}"
[nurse_disinfect-3] [INFO] [1748621284.072837883] [nurse_disinfect]: And it is not for me
[spotrobot-5] [INFO] [1748621284.072923693] [spotrobot]: And it is for me
[uvdrobot-4] [INFO] [1748621284.072984563] [uvdrobot]: And it is not for me
[spotrobot-5] [INFO] [1748621284.073195421] [spotrobot]: Already finished action
[spotrobot-5] [INFO] [1748621284.073703125] [spotrobot]: success
[spotrobot-5] [INFO] [1748621284.074058277] [spotrobot]: Doing a_authorize_disinfect
[spotrobot-5] [INFO] [1748621284.074360128] [spotrobot]: a_authorize_disinfect
[spotrobot-5] [INFO] [1748621284.074886914] [spotrobot]: Here first, waiting for spotrobot
[nurse_disinfect-3] [INFO] [1748621284.075650366] [nurse_disinfect]: I heard: "{"performative": "query", "sender": "spotrobot1", "receiver": "uvdrobot1", "content": "Ready|a_authorize_disinfect"}"
[uvdrobot-4] [INFO] [1748621284.075778067] [uvdrobot]: I heard: "{"performative": "query", "sender": "spotrobot1", "receiver": "uvdrobot1", "content": "Ready|a_authorize_disinfect"}"
[spotrobot-5] [INFO] [1748621284.075874527] [spotrobot]: I heard: "{"performative": "query", "sender": "spotrobot1", "receiver": "uvdrobot1", "content": "Ready|a_authorize_disinfect"}"
[nurse_disinfect-3] [INFO] [1748621284.076173680] [nurse_disinfect]: And it is not for me
[uvdrobot-4] [INFO] [1748621284.076348287] [uvdrobot]: And it is for me
[spotrobot-5] [INFO] [1748621284.076351900] [spotrobot]: And it is not for me
[uvdrobot-4] [INFO] [1748621284.076865896] [uvdrobot]: Ready to act
[nurse_disinfect-3] [INFO] [1748621284.077660341] [nurse_disinfect]: I heard: "{"performative": "query", "sender": "uvdrobot1", "receiver": "spotrobot1", "content": "Done|a_authorize_disinfect"}"
[spotrobot-5] [INFO] [1748621284.077806036] [spotrobot]: I heard: "{"performative": "query", "sender": "uvdrobot1", "receiver": "spotrobot1", "content": "Done|a_authorize_disinfect"}"
[uvdrobot-4] [INFO] [1748621284.077990130] [uvdrobot]: I heard: "{"performative": "query", "sender": "uvdrobot1", "receiver": "spotrobot1", "content": "Done|a_authorize_disinfect"}"
[nurse_disinfect-3] [INFO] [1748621284.078181328] [nurse_disinfect]: And it is not for me
[spotrobot-5] [INFO] [1748621284.078273220] [spotrobot]: And it is for me
[uvdrobot-4] [INFO] [1748621284.078482101] [uvdrobot]: And it is not for me
[spotrobot-5] [INFO] [1748621284.078774008] [spotrobot]: Finished action
[nurse_disinfect-3] [INFO] [1748621284.079687856] [nurse_disinfect]: I heard: "{"performative": "query", "sender": "spotrobot1", "receiver": "uvdrobot1", "content": "Done|a_authorize_disinfect"}"
[uvdrobot-4] [INFO] [1748621284.079739730] [uvdrobot]: I heard: "{"performative": "query", "sender": "spotrobot1", "receiver": "uvdrobot1", "content": "Done|a_authorize_disinfect"}"
[spotrobot-5] [INFO] [1748621284.079814270] [spotrobot]: I heard: "{"performative": "query", "sender": "spotrobot1", "receiver": "uvdrobot1", "content": "Done|a_authorize_disinfect"}"
[uvdrobot-4] [INFO] [1748621284.080283886] [uvdrobot]: And it is for me
[nurse_disinfect-3] [INFO] [1748621284.080309617] [nurse_disinfect]: And it is not for me
[spotrobot-5] [INFO] [1748621284.080317196] [spotrobot]: And it is not for me
[uvdrobot-4] [INFO] [1748621284.080783265] [uvdrobot]: Finished action
[uvdrobot-4] [INFO] [1748621284.081542366] [uvdrobot]: Doing a_navto
[nurse_disinfect-3] [INFO] [1748621284.081604057] [nurse_disinfect]: I heard: "{"performative": "query", "sender": "uvdrobot1", "receiver": "spotrobot1", "content": "Done|a_authorize_disinfect"}"
[spotrobot-5] [INFO] [1748621284.081735069] [spotrobot]: I heard: "{"performative": "query", "sender": "uvdrobot1", "receiver": "spotrobot1", "content": "Done|a_authorize_disinfect"}"
[nurse_disinfect-3] [INFO] [1748621284.082099519] [nurse_disinfect]: And it is not for me
[uvdrobot-4] [INFO] [1748621284.082205953] [uvdrobot]: Waiting for response
[spotrobot-5] [INFO] [1748621284.082275375] [spotrobot]: And it is for me
[spotrobot-5] [INFO] [1748621284.082761717] [spotrobot]: Already finished action
[uvdrobot-4] [INFO] [1748621284.083115005] [uvdrobot]: I heard: "{"performative": "query", "sender": "uvdrobot1", "receiver": "spotrobot1", "content": "Done|a_authorize_disinfect"}"
[uvdrobot-4] [INFO] [1748621284.083714193] [uvdrobot]: And it is not for me
[uvdrobot-4] [INFO] [1748621284.085533357] [uvdrobot]: success
[uvdrobot-4] [INFO] [1748621284.086161779] [uvdrobot]: Doing a_disinfect_room
[uvdrobot-4] [INFO] [1748621284.086863587] [uvdrobot]: Waiting for response
[uvdrobot-4] [INFO] [1748621284.088743781] [uvdrobot]: success
[nurse_disinfect-3] [INFO] [1748621284.091176285] [nurse_disinfect]: Recebido sinal de desligamento do coordenador, finalizando...
[spotrobot-5] [INFO] [1748621284.091179711] [spotrobot]: Recebido sinal de desligamento do coordenador, finalizando...
[disinfect_environment-1] [INFO] [1748621284.091187788] [disinfect_environment]: Recebido sinal de desligamento do coordenador, finalizando...
[uvdrobot-4] [INFO] [1748621284.091230225] [uvdrobot]: Recebido sinal de desligamento do coordenador, finalizando...
[disinfect_planner-2] [INFO] [1748621284.091391704] [disinfect_planner]: Recebido sinal de desligamento do coordenador, finalizando...
[nurse_disinfect-3] [INFO] [1748621284.091695948] [Quitting]: Done
[disinfect_environment-1] [INFO] [1748621284.091745340] [Quitting]: Done
[spotrobot-5] [INFO] [1748621284.091748483] [Quitting]: Done
[uvdrobot-4] [INFO] [1748621284.091791277] [Quitting]: Done
[disinfect_planner-2] [INFO] [1748621284.092065953] [Quitting]: Done
[INFO] [disinfect_environment-1]: process has finished cleanly [pid 37802]
[INFO] [uvdrobot-4]: process has finished cleanly [pid 37808]
[INFO] [nurse_disinfect-3]: process has finished cleanly [pid 37806]
[INFO] [spotrobot-5]: process has finished cleanly [pid 37810]
[INFO] [disinfect_planner-2]: process has finished cleanly [pid 37804]
