[INFO] [launch]: All log files can be found below /home/rafael/.ros/log/2025-05-30-13-09-28-276550-NotebookRafael-39221
[INFO] [launch]: Default logging verbosity is set to INFO
[INFO] [disinfect_environment-1]: process started with pid [39224]
[INFO] [disinfect_planner-2]: process started with pid [39226]
[INFO] [nurse_disinfect-3]: process started with pid [39228]
[INFO] [uvdrobot-4]: process started with pid [39230]
[INFO] [spotrobot-5]: process started with pid [39232]
[disinfect_environment-1] [INFO] [1748621368.545590282] [disinfect_environment]: Starting Environment server
[disinfect_environment-1] [INFO] [1748621368.549294821] [disinfect_environment]: Environment server started
[disinfect_planner-2] [INFO] [1748621369.056750297] [disinfect_planner]: Starting Planner server
[disinfect_planner-2] [INFO] [1748621369.060533354] [disinfect_planner]: Planner server started
[disinfect_planner-2] [INFO] [1748621369.299944480] [disinfect_planner]: Creating plan for: spotrobot1 uvdrobot1 nurse_disinfected1
[disinfect_planner-2] [INFO] [1748621369.301455082] [disinfect_planner]: a_navto,spotrobot1,room1
[disinfect_planner-2] [INFO] [1748621369.301810920] [disinfect_planner]: a_open_door,spotrobot1,room1
[disinfect_planner-2] [INFO] [1748621369.302108514] [disinfect_planner]: a_approach_nurse,spotrobot1,nurse_disinfected1
[disinfect_planner-2] [INFO] [1748621369.302400408] [disinfect_planner]: a_authenticate_nurse,spotrobot1,nurse_disinfected1
[disinfect_planner-2] [INFO] [1748621369.302690616] [disinfect_planner]: a_authorize_patrol,spotrobot1,nurse_disinfected1
[disinfect_planner-2] [INFO] [1748621369.302979253] [disinfect_planner]: a_patrol_room,spotrobot1,room1
[disinfect_planner-2] [INFO] [1748621369.303266261] [disinfect_planner]: a_authorize_disinfect,uvdrobot1,spotrobot1
[disinfect_planner-2] [INFO] [1748621369.303554973] [disinfect_planner]: a_navto,uvdrobot1,room1
[disinfect_planner-2] [INFO] [1748621369.303857036] [disinfect_planner]: a_disinfect_room,uvdrobot1,room1
[disinfect_planner-2] [INFO] [1748621369.304163370] [disinfect_planner]: Sending response
[uvdrobot-4] [INFO] [1748621369.307512208] [uvdrobot]: response.response uvdrobot1
[uvdrobot-4] [INFO] [1748621369.308114062] [uvdrobot]: My name is uvdrobot1
[uvdrobot-4] [INFO] [1748621369.309066575] [uvdrobot]: I heard: "{"performative": "request", "sender": "Coordinator", "receiver": "uvdrobot1", "content": "Plan|a_authorize_disinfect,uvdrobot1,spotrobot1/a_navto,uvdrobot1,room1/a_disinfect_room,uvdrobot1,room1"}"
[uvdrobot-4] [INFO] [1748621369.309418314] [uvdrobot]: And it is for me
[uvdrobot-4] [INFO] [1748621369.309835701] [uvdrobot]: Doing a_authorize_disinfect
[nurse_disinfect-3] [INFO] [1748621369.309992030] [nurse_disinfect]: response.response nurse_disinfected1
[uvdrobot-4] [INFO] [1748621369.310139564] [uvdrobot]: a_authorize_disinfect
[nurse_disinfect-3] [INFO] [1748621369.310387553] [nurse_disinfect]: My name is nurse_disinfected1
[uvdrobot-4] [INFO] [1748621369.310427670] [uvdrobot]: Here first, waiting for spotrobot
[spotrobot-5] [INFO] [1748621369.310750863] [spotrobot]: response.response spotrobot1
[uvdrobot-4] [INFO] [1748621369.311333160] [uvdrobot]: I heard: "{"performative": "request", "sender": "Coordinator", "receiver": "spotrobot1", "content": "Plan|a_navto,spotrobot1,room1/a_open_door,spotrobot1,room1/a_approach_nurse,spotrobot1,nurse_disinfected1/a_authenticate_nurse,spotrobot1,nurse_disinfected1/a_authorize_patrol,spotrobot1,nurse_disinfected1/a_patrol_room,spotrobot1,room1/a_authorize_disinfect,uvdrobot1,spotrobot1"}"
[spotrobot-5] [INFO] [1748621369.311342927] [spotrobot]: My name is spotrobot1
[uvdrobot-4] [INFO] [1748621369.311693089] [uvdrobot]: And it is not for me
[uvdrobot-4] [INFO] [1748621369.312251878] [uvdrobot]: I heard: "{"performative": "query", "sender": "uvdrobot1", "receiver": "spotrobot1", "content": "Ready|a_authorize_disinfect"}"
[spotrobot-5] [INFO] [1748621369.312427553] [spotrobot]: I heard: "{"performative": "request", "sender": "Coordinator", "receiver": "uvdrobot1", "content": "Plan|a_authorize_disinfect,uvdrobot1,spotrobot1/a_navto,uvdrobot1,room1/a_disinfect_room,uvdrobot1,room1"}"
[uvdrobot-4] [INFO] [1748621369.312603238] [uvdrobot]: And it is not for me
[spotrobot-5] [INFO] [1748621369.312771252] [spotrobot]: And it is not for me
[uvdrobot-4] [INFO] [1748621369.313192252] [uvdrobot]: I heard: "{"performative": "request", "sender": "Coordinator", "receiver": "nurse_disinfected1", "content": "Plan|a_approach_nurse,spotrobot1,nurse_disinfected1/a_authenticate_nurse,spotrobot1,nurse_disinfected1/a_authorize_patrol,spotrobot1,nurse_disinfected1"}"
[spotrobot-5] [INFO] [1748621369.313217880] [spotrobot]: I heard: "{"performative": "query", "sender": "uvdrobot1", "receiver": "spotrobot1", "content": "Ready|a_authorize_disinfect"}"
[uvdrobot-4] [INFO] [1748621369.313467215] [uvdrobot]: And it is not for me
[spotrobot-5] [INFO] [1748621369.313551835] [spotrobot]: And it is for me
[spotrobot-5] [INFO] [1748621369.313855395] [spotrobot]: No there yet
[spotrobot-5] [INFO] [1748621369.314440053] [spotrobot]: I heard: "{"performative": "request", "sender": "Coordinator", "receiver": "spotrobot1", "content": "Plan|a_navto,spotrobot1,room1/a_open_door,spotrobot1,room1/a_approach_nurse,spotrobot1,nurse_disinfected1/a_authenticate_nurse,spotrobot1,nurse_disinfected1/a_authorize_patrol,spotrobot1,nurse_disinfected1/a_patrol_room,spotrobot1,room1/a_authorize_disinfect,uvdrobot1,spotrobot1"}"
[spotrobot-5] [INFO] [1748621369.314701286] [spotrobot]: And it is for me
[spotrobot-5] [INFO] [1748621369.314969289] [spotrobot]: Doing a_navto
[spotrobot-5] [INFO] [1748621369.315323215] [spotrobot]: Wating for response
[spotrobot-5] [INFO] [1748621369.315887364] [spotrobot]: I heard: "{"performative": "request", "sender": "Coordinator", "receiver": "nurse_disinfected1", "content": "Plan|a_approach_nurse,spotrobot1,nurse_disinfected1/a_authenticate_nurse,spotrobot1,nurse_disinfected1/a_authorize_patrol,spotrobot1,nurse_disinfected1"}"
[spotrobot-5] [INFO] [1748621369.316195762] [spotrobot]: And it is not for me
[spotrobot-5] [INFO] [1748621369.317693959] [spotrobot]: success
[spotrobot-5] [INFO] [1748621369.318037100] [spotrobot]: Doing a_open_door
[spotrobot-5] [INFO] [1748621369.318424565] [spotrobot]: Wating for response
[spotrobot-5] [INFO] [1748621369.319421299] [spotrobot]: success
[spotrobot-5] [INFO] [1748621369.319923396] [spotrobot]: Doing a_approach_nurse
[spotrobot-5] [INFO] [1748621369.320574594] [spotrobot]: Wating for response
[spotrobot-5] [INFO] [1748621369.321451478] [spotrobot]: success
[spotrobot-5] [INFO] [1748621369.321799381] [spotrobot]: Doing a_authenticate_nurse
[spotrobot-5] [INFO] [1748621369.322106341] [spotrobot]: a_authenticate_nurse
[spotrobot-5] [INFO] [1748621369.322408196] [spotrobot]: Here first, waiting for nurse
[uvdrobot-4] [INFO] [1748621369.323043061] [uvdrobot]: I heard: "{"performative": "query", "sender": "spotrobot1", "receiver": "nurse_disinfected1", "content": "Ready|a_authenticate_nurse"}"
[spotrobot-5] [INFO] [1748621369.323383653] [spotrobot]: I heard: "{"performative": "query", "sender": "spotrobot1", "receiver": "nurse_disinfected1", "content": "Ready|a_authenticate_nurse"}"
[uvdrobot-4] [INFO] [1748621369.323392602] [uvdrobot]: And it is not for me
[spotrobot-5] [INFO] [1748621369.323750343] [spotrobot]: And it is not for me
[nurse_disinfect-3] [INFO] [1748621370.312104951] [nurse_disinfect]: I heard: "{"performative": "request", "sender": "Coordinator", "receiver": "uvdrobot1", "content": "Plan|a_authorize_disinfect,uvdrobot1,spotrobot1/a_navto,uvdrobot1,room1/a_disinfect_room,uvdrobot1,room1"}"
[nurse_disinfect-3] [INFO] [1748621370.312500711] [nurse_disinfect]: And it is not for me
[nurse_disinfect-3] [INFO] [1748621370.312951628] [nurse_disinfect]: I heard: "{"performative": "query", "sender": "uvdrobot1", "receiver": "spotrobot1", "content": "Ready|a_authorize_disinfect"}"
[nurse_disinfect-3] [INFO] [1748621370.313323668] [nurse_disinfect]: And it is not for me
[nurse_disinfect-3] [INFO] [1748621370.313907039] [nurse_disinfect]: I heard: "{"performative": "request", "sender": "Coordinator", "receiver": "spotrobot1", "content": "Plan|a_navto,spotrobot1,room1/a_open_door,spotrobot1,room1/a_approach_nurse,spotrobot1,nurse_disinfected1/a_authenticate_nurse,spotrobot1,nurse_disinfected1/a_authorize_patrol,spotrobot1,nurse_disinfected1/a_patrol_room,spotrobot1,room1/a_authorize_disinfect,uvdrobot1,spotrobot1"}"
[nurse_disinfect-3] [INFO] [1748621370.314262546] [nurse_disinfect]: And it is not for me
[nurse_disinfect-3] [INFO] [1748621370.314623298] [nurse_disinfect]: I heard: "{"performative": "query", "sender": "spotrobot1", "receiver": "nurse_disinfected1", "content": "Ready|a_authenticate_nurse"}"
[nurse_disinfect-3] [INFO] [1748621370.314933515] [nurse_disinfect]: And it is for me
[nurse_disinfect-3] [INFO] [1748621370.315234745] [nurse_disinfect]: No there yet
[nurse_disinfect-3] [INFO] [1748621370.315780808] [nurse_disinfect]: I heard: "{"performative": "request", "sender": "Coordinator", "receiver": "nurse_disinfected1", "content": "Plan|a_approach_nurse,spotrobot1,nurse_disinfected1/a_authenticate_nurse,spotrobot1,nurse_disinfected1/a_authorize_patrol,spotrobot1,nurse_disinfected1"}"
[nurse_disinfect-3] [INFO] [1748621370.316088913] [nurse_disinfect]: And it is for me
[nurse_disinfect-3] [INFO] [1748621370.317423096] [nurse_disinfect]: a_approach_nurse
[nurse_disinfect-3] [INFO] [1748621370.317914446] [nurse_disinfect]: a_authenticate_nurse
[nurse_disinfect-3] [INFO] [1748621370.318484987] [nurse_disinfect]: Doing a_authenticate_nurse
[nurse_disinfect-3] [INFO] [1748621370.319047895] [nurse_disinfect]: a_authenticate_nurse
[nurse_disinfect-3] [INFO] [1748621370.319583172] [nurse_disinfect]: Robot is waiting, send action message
[spotrobot-5] [INFO] [1748621370.320220512] [spotrobot]: I heard: "{"performative": "query", "sender": "nurse_disinfected1", "receiver": "spotrobot1", "content": "Done|a_authenticate_nurse"}"
[uvdrobot-4] [INFO] [1748621370.320253626] [uvdrobot]: I heard: "{"performative": "query", "sender": "nurse_disinfected1", "receiver": "spotrobot1", "content": "Done|a_authenticate_nurse"}"
[spotrobot-5] [INFO] [1748621370.320564628] [spotrobot]: And it is for me
[uvdrobot-4] [INFO] [1748621370.320598632] [uvdrobot]: And it is not for me
[nurse_disinfect-3] [INFO] [1748621370.320661141] [nurse_disinfect]: I heard: "{"performative": "query", "sender": "nurse_disinfected1", "receiver": "spotrobot1", "content": "Done|a_authenticate_nurse"}"
[spotrobot-5] [INFO] [1748621370.320822840] [spotrobot]: Finished action
[nurse_disinfect-3] [INFO] [1748621370.321136091] [nurse_disinfect]: And it is not for me
[spotrobot-5] [INFO] [1748621370.321300309] [spotrobot]: Doing a_authorize_patrol
[uvdrobot-4] [INFO] [1748621370.321460081] [uvdrobot]: I heard: "{"performative": "query", "sender": "spotrobot1", "receiver": "nurse_disinfected1", "content": "Done|a_authenticate_nurse"}"
[uvdrobot-4] [INFO] [1748621370.321734088] [uvdrobot]: And it is not for me
[spotrobot-5] [INFO] [1748621370.321864325] [spotrobot]: a_authorize_patrol
[spotrobot-5] [INFO] [1748621370.322172875] [spotrobot]: Here first, waiting for nurse
[nurse_disinfect-3] [INFO] [1748621370.322228633] [nurse_disinfect]: I heard: "{"performative": "query", "sender": "spotrobot1", "receiver": "nurse_disinfected1", "content": "Done|a_authenticate_nurse"}"
[uvdrobot-4] [INFO] [1748621370.322700465] [uvdrobot]: I heard: "{"performative": "query", "sender": "spotrobot1", "receiver": "nurse_disinfected1", "content": "Ready|a_authorize_patrol"}"
[nurse_disinfect-3] [INFO] [1748621370.322766155] [nurse_disinfect]: And it is for me
[spotrobot-5] [INFO] [1748621370.322803316] [spotrobot]: I heard: "{"performative": "query", "sender": "spotrobot1", "receiver": "nurse_disinfected1", "content": "Done|a_authenticate_nurse"}"
[uvdrobot-4] [INFO] [1748621370.323108383] [uvdrobot]: And it is not for me
[spotrobot-5] [INFO] [1748621370.323135321] [spotrobot]: And it is not for me
[nurse_disinfect-3] [INFO] [1748621370.323273868] [nurse_disinfect]: Finished action
[spotrobot-5] [INFO] [1748621370.323691355] [spotrobot]: I heard: "{"performative": "query", "sender": "spotrobot1", "receiver": "nurse_disinfected1", "content": "Ready|a_authorize_patrol"}"
[nurse_disinfect-3] [INFO] [1748621370.324032379] [nurse_disinfect]: a_authorize_patrol
[uvdrobot-4] [INFO] [1748621370.324089323] [uvdrobot]: I heard: "{"performative": "query", "sender": "nurse_disinfected1", "receiver": "spotrobot1", "content": "Done|a_authenticate_nurse"}"
[spotrobot-5] [INFO] [1748621370.324229776] [spotrobot]: And it is not for me
[uvdrobot-4] [INFO] [1748621370.324383896] [uvdrobot]: And it is not for me
[nurse_disinfect-3] [INFO] [1748621370.324590458] [nurse_disinfect]: Doing a_authorize_patrol
[spotrobot-5] [INFO] [1748621370.324850152] [spotrobot]: I heard: "{"performative": "query", "sender": "nurse_disinfected1", "receiver": "spotrobot1", "content": "Done|a_authenticate_nurse"}"
[nurse_disinfect-3] [INFO] [1748621370.325047672] [nurse_disinfect]: a_authorize_patrol
[spotrobot-5] [INFO] [1748621370.325167943] [spotrobot]: And it is for me
[spotrobot-5] [INFO] [1748621370.325523403] [spotrobot]: Already finished action
[nurse_disinfect-3] [INFO] [1748621370.325524686] [nurse_disinfect]: Here first, waiting for robot
[spotrobot-5] [INFO] [1748621370.326144234] [spotrobot]: I heard: "{"performative": "query", "sender": "nurse_disinfected1", "receiver": "spotrobot1", "content": "Ready|a_authorize_patrol"}"
[uvdrobot-4] [INFO] [1748621370.326307496] [uvdrobot]: I heard: "{"performative": "query", "sender": "nurse_disinfected1", "receiver": "spotrobot1", "content": "Ready|a_authorize_patrol"}"
[spotrobot-5] [INFO] [1748621370.326536064] [spotrobot]: And it is for me
[uvdrobot-4] [INFO] [1748621370.326594437] [uvdrobot]: And it is not for me
[nurse_disinfect-3] [INFO] [1748621370.326653968] [nurse_disinfect]: I heard: "{"performative": "query", "sender": "spotrobot1", "receiver": "nurse_disinfected1", "content": "Ready|a_authorize_patrol"}"
[spotrobot-5] [INFO] [1748621370.327050670] [spotrobot]: Ready to act
[nurse_disinfect-3] [INFO] [1748621370.327193033] [nurse_disinfect]: And it is for me
[nurse_disinfect-3] [INFO] [1748621370.327715641] [nurse_disinfect]: Ready to act
[uvdrobot-4] [INFO] [1748621370.327837027] [uvdrobot]: I heard: "{"performative": "query", "sender": "spotrobot1", "receiver": "nurse_disinfected1", "content": "Done|a_authorize_patrol"}"
[spotrobot-5] [INFO] [1748621370.328049279] [spotrobot]: I heard: "{"performative": "query", "sender": "spotrobot1", "receiver": "nurse_disinfected1", "content": "Done|a_authorize_patrol"}"
[uvdrobot-4] [INFO] [1748621370.328327288] [uvdrobot]: And it is not for me
[spotrobot-5] [INFO] [1748621370.328508681] [spotrobot]: And it is not for me
[nurse_disinfect-3] [INFO] [1748621370.328734201] [nurse_disinfect]: I heard: "{"performative": "query", "sender": "nurse_disinfected1", "receiver": "spotrobot1", "content": "Done|a_authenticate_nurse"}"
[uvdrobot-4] [INFO] [1748621370.329175007] [uvdrobot]: I heard: "{"performative": "query", "sender": "nurse_disinfected1", "receiver": "spotrobot1", "content": "Done|a_authorize_patrol"}"
[nurse_disinfect-3] [INFO] [1748621370.329249811] [nurse_disinfect]: And it is not for me
[spotrobot-5] [INFO] [1748621370.329444121] [spotrobot]: I heard: "{"performative": "query", "sender": "nurse_disinfected1", "receiver": "spotrobot1", "content": "Done|a_authorize_patrol"}"
[uvdrobot-4] [INFO] [1748621370.329666500] [uvdrobot]: And it is not for me
[spotrobot-5] [INFO] [1748621370.329909716] [spotrobot]: And it is for me
[nurse_disinfect-3] [INFO] [1748621370.330214256] [nurse_disinfect]: I heard: "{"performative": "query", "sender": "nurse_disinfected1", "receiver": "spotrobot1", "content": "Ready|a_authorize_patrol"}"
[spotrobot-5] [INFO] [1748621370.330422665] [spotrobot]: Finished action
[nurse_disinfect-3] [INFO] [1748621370.330789729] [nurse_disinfect]: And it is not for me
[spotrobot-5] [INFO] [1748621370.331091580] [spotrobot]: Doing a_patrol_room
[uvdrobot-4] [INFO] [1748621370.331385023] [uvdrobot]: I heard: "{"performative": "query", "sender": "spotrobot1", "receiver": "nurse_disinfected1", "content": "Done|a_authorize_patrol"}"
[nurse_disinfect-3] [INFO] [1748621370.331422188] [nurse_disinfect]: I heard: "{"performative": "query", "sender": "spotrobot1", "receiver": "nurse_disinfected1", "content": "Done|a_authorize_patrol"}"
[spotrobot-5] [INFO] [1748621370.331700716] [spotrobot]: Wating for response
[nurse_disinfect-3] [INFO] [1748621370.331768093] [nurse_disinfect]: And it is for me
[uvdrobot-4] [INFO] [1748621370.331909762] [uvdrobot]: And it is not for me
[nurse_disinfect-3] [INFO] [1748621370.332122606] [nurse_disinfect]: Finished action
[spotrobot-5] [INFO] [1748621370.332618740] [spotrobot]: I heard: "{"performative": "query", "sender": "spotrobot1", "receiver": "nurse_disinfected1", "content": "Done|a_authorize_patrol"}"
[spotrobot-5] [INFO] [1748621370.333149870] [spotrobot]: And it is not for me
[uvdrobot-4] [INFO] [1748621370.333199472] [uvdrobot]: I heard: "{"performative": "query", "sender": "nurse_disinfected1", "receiver": "spotrobot1", "content": "Done|a_authorize_patrol"}"
[nurse_disinfect-3] [INFO] [1748621370.333184402] [nurse_disinfect]: I heard: "{"performative": "query", "sender": "nurse_disinfected1", "receiver": "spotrobot1", "content": "Done|a_authorize_patrol"}"
[nurse_disinfect-3] [INFO] [1748621370.333609270] [nurse_disinfect]: And it is not for me
[uvdrobot-4] [INFO] [1748621370.333721237] [uvdrobot]: And it is not for me
[spotrobot-5] [INFO] [1748621370.334126586] [spotrobot]: I heard: "{"performative": "query", "sender": "nurse_disinfected1", "receiver": "spotrobot1", "content": "Done|a_authorize_patrol"}"
[nurse_disinfect-3] [INFO] [1748621370.334201106] [nurse_disinfect]: I heard: "{"performative": "query", "sender": "spotrobot1", "receiver": "nurse_disinfected1", "content": "Done|a_authorize_patrol"}"
[nurse_disinfect-3] [INFO] [1748621370.334479847] [nurse_disinfect]: And it is for me
[spotrobot-5] [INFO] [1748621370.334644412] [spotrobot]: And it is for me
[nurse_disinfect-3] [INFO] [1748621370.334729964] [nurse_disinfect]: Already finished action
[spotrobot-5] [INFO] [1748621370.335066221] [spotrobot]: Already finished action
[nurse_disinfect-3] [INFO] [1748621370.335299841] [nurse_disinfect]: I heard: "{"performative": "query", "sender": "nurse_disinfected1", "receiver": "spotrobot1", "content": "Done|a_authorize_patrol"}"
[nurse_disinfect-3] [INFO] [1748621370.335805177] [nurse_disinfect]: And it is not for me
[spotrobot-5] [INFO] [1748621370.336126587] [spotrobot]: dirty room
[nurse_disinfect-3] [INFO] [1748621370.337933759] [nurse_disinfect]: I heard: "{"performative": "request", "sender": "Coordinator", "receiver": "spotrobot1", "content": "Reset"}"
[spotrobot-5] [INFO] [1748621370.337933669] [spotrobot]: I heard: "{"performative": "request", "sender": "Coordinator", "receiver": "spotrobot1", "content": "Reset"}"
[uvdrobot-4] [INFO] [1748621370.338135754] [uvdrobot]: I heard: "{"performative": "request", "sender": "Coordinator", "receiver": "spotrobot1", "content": "Reset"}"
[nurse_disinfect-3] [INFO] [1748621370.338254003] [nurse_disinfect]: And it is not for me
[spotrobot-5] [INFO] [1748621370.338294450] [spotrobot]: And it is for me
[uvdrobot-4] [INFO] [1748621370.338690027] [uvdrobot]: And it is not for me
[nurse_disinfect-3] [INFO] [1748621370.338754472] [nurse_disinfect]: I heard: "{"performative": "request", "sender": "Coordinator", "receiver": "uvdrobot1", "content": "Reset"}"
[spotrobot-5] [INFO] [1748621370.338804038] [spotrobot]: I heard: "{"performative": "request", "sender": "Coordinator", "receiver": "uvdrobot1", "content": "Reset"}"
[nurse_disinfect-3] [INFO] [1748621370.339059367] [nurse_disinfect]: And it is not for me
[spotrobot-5] [INFO] [1748621370.339075971] [spotrobot]: And it is not for me
[spotrobot-5] [INFO] [1748621370.339476598] [spotrobot]: 
[uvdrobot-4] [INFO] [1748621370.339568492] [uvdrobot]: I heard: "{"performative": "request", "sender": "Coordinator", "receiver": "uvdrobot1", "content": "Reset"}"
[nurse_disinfect-3] [INFO] [1748621370.339595535] [nurse_disinfect]: I heard: "{"performative": "request", "sender": "Coordinator", "receiver": "nurse_disinfected1", "content": "Reset"}"
[nurse_disinfect-3] [INFO] [1748621370.339850651] [nurse_disinfect]: And it is for me
[spotrobot-5] [INFO] [1748621370.339996024] [spotrobot]: I heard: "{"performative": "request", "sender": "Coordinator", "receiver": "nurse_disinfected1", "content": "Reset"}"
[uvdrobot-4] [INFO] [1748621370.340045033] [uvdrobot]: And it is for me
[spotrobot-5] [INFO] [1748621370.340270656] [spotrobot]: And it is not for me
[uvdrobot-4] [INFO] [1748621370.340936565] [uvdrobot]: I heard: "{"performative": "request", "sender": "Coordinator", "receiver": "nurse_disinfected1", "content": "Reset"}"
[uvdrobot-4] [INFO] [1748621370.341459959] [uvdrobot]: And it is not for me
[disinfect_planner-2] [INFO] [1748621370.342758026] [disinfect_planner]: Creating plan for: spotrobot1 uvdrobot1 nurse_disinfected1
[disinfect_planner-2] [INFO] [1748621370.343606380] [disinfect_planner]: a_navto,spotrobot1,room1
[disinfect_planner-2] [INFO] [1748621370.343979177] [disinfect_planner]: a_approach_nurse,spotrobot1,nurse_disinfected1
[disinfect_planner-2] [INFO] [1748621370.344283570] [disinfect_planner]: a_authenticate_nurse,spotrobot1,nurse_disinfected1
[disinfect_planner-2] [INFO] [1748621370.344585501] [disinfect_planner]: a_clean_room,nurse_disinfected1,room1
[disinfect_planner-2] [INFO] [1748621370.344916966] [disinfect_planner]: a_authorize_patrol,spotrobot1,nurse_disinfected1
[disinfect_planner-2] [INFO] [1748621370.345219172] [disinfect_planner]: a_patrol_room,spotrobot1,room1
[disinfect_planner-2] [INFO] [1748621370.345515166] [disinfect_planner]: a_authorize_disinfect,uvdrobot1,spotrobot1
[disinfect_planner-2] [INFO] [1748621370.345851981] [disinfect_planner]: a_navto,uvdrobot1,room1
[disinfect_planner-2] [INFO] [1748621370.346148126] [disinfect_planner]: a_disinfect_room,uvdrobot1,room1
[disinfect_planner-2] [INFO] [1748621370.346444688] [disinfect_planner]: Sending response
[nurse_disinfect-3] [INFO] [1748621370.348581452] [nurse_disinfect]: I heard: "{"performative": "request", "sender": "Coordinator", "receiver": "spotrobot1", "content": "Plan|a_navto,spotrobot1,room1/a_approach_nurse,spotrobot1,nurse_disinfected1/a_authenticate_nurse,spotrobot1,nurse_disinfected1/a_authorize_patrol,spotrobot1,nurse_disinfected1/a_patrol_room,spotrobot1,room1/a_authorize_disinfect,uvdrobot1,spotrobot1"}"
[uvdrobot-4] [INFO] [1748621370.348649995] [uvdrobot]: I heard: "{"performative": "request", "sender": "Coordinator", "receiver": "spotrobot1", "content": "Plan|a_navto,spotrobot1,room1/a_approach_nurse,spotrobot1,nurse_disinfected1/a_authenticate_nurse,spotrobot1,nurse_disinfected1/a_authorize_patrol,spotrobot1,nurse_disinfected1/a_patrol_room,spotrobot1,room1/a_authorize_disinfect,uvdrobot1,spotrobot1"}"
[spotrobot-5] [INFO] [1748621370.348695095] [spotrobot]: I heard: "{"performative": "request", "sender": "Coordinator", "receiver": "spotrobot1", "content": "Plan|a_navto,spotrobot1,room1/a_approach_nurse,spotrobot1,nurse_disinfected1/a_authenticate_nurse,spotrobot1,nurse_disinfected1/a_authorize_patrol,spotrobot1,nurse_disinfected1/a_patrol_room,spotrobot1,room1/a_authorize_disinfect,uvdrobot1,spotrobot1"}"
[uvdrobot-4] [INFO] [1748621370.348955666] [uvdrobot]: And it is not for me
[nurse_disinfect-3] [INFO] [1748621370.349037729] [nurse_disinfect]: And it is not for me
[spotrobot-5] [INFO] [1748621370.349268609] [spotrobot]: And it is for me
[uvdrobot-4] [INFO] [1748621370.349524587] [uvdrobot]: I heard: "{"performative": "request", "sender": "Coordinator", "receiver": "uvdrobot1", "content": "Plan|a_authorize_disinfect,uvdrobot1,spotrobot1/a_navto,uvdrobot1,room1/a_disinfect_room,uvdrobot1,room1"}"
[nurse_disinfect-3] [INFO] [1748621370.349551540] [nurse_disinfect]: I heard: "{"performative": "request", "sender": "Coordinator", "receiver": "uvdrobot1", "content": "Plan|a_authorize_disinfect,uvdrobot1,spotrobot1/a_navto,uvdrobot1,room1/a_disinfect_room,uvdrobot1,room1"}"
[spotrobot-5] [INFO] [1748621370.349700844] [spotrobot]: Doing a_navto
[nurse_disinfect-3] [INFO] [1748621370.349859816] [nurse_disinfect]: And it is not for me
[uvdrobot-4] [INFO] [1748621370.349937382] [uvdrobot]: And it is for me
[spotrobot-5] [INFO] [1748621370.350212742] [spotrobot]: Wating for response
[nurse_disinfect-3] [INFO] [1748621370.350336887] [nurse_disinfect]: I heard: "{"performative": "request", "sender": "Coordinator", "receiver": "nurse_disinfected1", "content": "Plan|a_approach_nurse,spotrobot1,nurse_disinfected1/a_authenticate_nurse,spotrobot1,nurse_disinfected1/a_clean_room,nurse_disinfected1,room1/a_authorize_patrol,spotrobot1,nurse_disinfected1"}"
[uvdrobot-4] [INFO] [1748621370.350412446] [uvdrobot]: Doing a_authorize_disinfect
[nurse_disinfect-3] [INFO] [1748621370.350597059] [nurse_disinfect]: And it is for me
[uvdrobot-4] [INFO] [1748621370.350722785] [uvdrobot]: a_authorize_disinfect
[nurse_disinfect-3] [INFO] [1748621370.350871084] [nurse_disinfect]: a_approach_nurse
[spotrobot-5] [INFO] [1748621370.350927733] [spotrobot]: I heard: "{"performative": "request", "sender": "Coordinator", "receiver": "uvdrobot1", "content": "Plan|a_authorize_disinfect,uvdrobot1,spotrobot1/a_navto,uvdrobot1,room1/a_disinfect_room,uvdrobot1,room1"}"
[uvdrobot-4] [INFO] [1748621370.350975998] [uvdrobot]: Here first, waiting for spotrobot
[nurse_disinfect-3] [INFO] [1748621370.351179369] [nurse_disinfect]: a_authenticate_nurse
[spotrobot-5] [INFO] [1748621370.351338833] [spotrobot]: And it is not for me
[nurse_disinfect-3] [INFO] [1748621370.351430565] [nurse_disinfect]: Doing a_authenticate_nurse
[nurse_disinfect-3] [INFO] [1748621370.351799859] [nurse_disinfect]: a_authenticate_nurse
[spotrobot-5] [INFO] [1748621370.351911693] [spotrobot]: I heard: "{"performative": "request", "sender": "Coordinator", "receiver": "nurse_disinfected1", "content": "Plan|a_approach_nurse,spotrobot1,nurse_disinfected1/a_authenticate_nurse,spotrobot1,nurse_disinfected1/a_clean_room,nurse_disinfected1,room1/a_authorize_patrol,spotrobot1,nurse_disinfected1"}"
[uvdrobot-4] [INFO] [1748621370.351916656] [uvdrobot]: I heard: "{"performative": "request", "sender": "Coordinator", "receiver": "nurse_disinfected1", "content": "Plan|a_approach_nurse,spotrobot1,nurse_disinfected1/a_authenticate_nurse,spotrobot1,nurse_disinfected1/a_clean_room,nurse_disinfected1,room1/a_authorize_patrol,spotrobot1,nurse_disinfected1"}"
[nurse_disinfect-3] [INFO] [1748621370.352066981] [nurse_disinfect]: Here first, waiting for robot
[uvdrobot-4] [INFO] [1748621370.352262107] [uvdrobot]: And it is not for me
[spotrobot-5] [INFO] [1748621370.352435030] [spotrobot]: And it is not for me
[uvdrobot-4] [INFO] [1748621370.352605200] [uvdrobot]: I heard: "{"performative": "query", "sender": "uvdrobot1", "receiver": "spotrobot1", "content": "Ready|a_authorize_disinfect"}"
[nurse_disinfect-3] [INFO] [1748621370.352695946] [nurse_disinfect]: I heard: "{"performative": "query", "sender": "uvdrobot1", "receiver": "spotrobot1", "content": "Ready|a_authorize_disinfect"}"
[spotrobot-5] [INFO] [1748621370.352858979] [spotrobot]: I heard: "{"performative": "query", "sender": "uvdrobot1", "receiver": "spotrobot1", "content": "Ready|a_authorize_disinfect"}"
[nurse_disinfect-3] [INFO] [1748621370.352964498] [nurse_disinfect]: And it is not for me
[uvdrobot-4] [INFO] [1748621370.353178268] [uvdrobot]: And it is not for me
[spotrobot-5] [INFO] [1748621370.353186732] [spotrobot]: And it is for me
[nurse_disinfect-3] [INFO] [1748621370.353457373] [nurse_disinfect]: I heard: "{"performative": "query", "sender": "nurse_disinfected1", "receiver": "spotrobot1", "content": "Ready|a_authenticate_nurse"}"
[spotrobot-5] [INFO] [1748621370.353678821] [spotrobot]: No there yet
[uvdrobot-4] [INFO] [1748621370.353727730] [uvdrobot]: I heard: "{"performative": "query", "sender": "nurse_disinfected1", "receiver": "spotrobot1", "content": "Ready|a_authenticate_nurse"}"
[nurse_disinfect-3] [INFO] [1748621370.353775619] [nurse_disinfect]: And it is not for me
[uvdrobot-4] [INFO] [1748621370.354089998] [uvdrobot]: And it is not for me
[spotrobot-5] [INFO] [1748621370.354143980] [spotrobot]: success
[spotrobot-5] [INFO] [1748621370.354570647] [spotrobot]: Doing a_approach_nurse
[spotrobot-5] [INFO] [1748621370.355202831] [spotrobot]: Wating for response
[spotrobot-5] [INFO] [1748621370.355786799] [spotrobot]: I heard: "{"performative": "query", "sender": "nurse_disinfected1", "receiver": "spotrobot1", "content": "Ready|a_authenticate_nurse"}"
[spotrobot-5] [INFO] [1748621370.356281681] [spotrobot]: And it is for me
[spotrobot-5] [INFO] [1748621370.356643438] [spotrobot]: No there yet
[spotrobot-5] [INFO] [1748621370.357982441] [spotrobot]: success
[spotrobot-5] [INFO] [1748621370.358528570] [spotrobot]: Doing a_authenticate_nurse
[spotrobot-5] [INFO] [1748621370.358875725] [spotrobot]: a_authenticate_nurse
[spotrobot-5] [INFO] [1748621370.359252282] [spotrobot]: Nurse is waiting, send action message
[nurse_disinfect-3] [INFO] [1748621370.359867748] [nurse_disinfect]: I heard: "{"performative": "query", "sender": "spotrobot1", "receiver": "nurse_disinfected1", "content": "Done|a_authenticate_nurse"}"
[uvdrobot-4] [INFO] [1748621370.359894167] [uvdrobot]: I heard: "{"performative": "query", "sender": "spotrobot1", "receiver": "nurse_disinfected1", "content": "Done|a_authenticate_nurse"}"
[uvdrobot-4] [INFO] [1748621370.360189697] [uvdrobot]: And it is not for me
[nurse_disinfect-3] [INFO] [1748621370.360248528] [nurse_disinfect]: And it is for me
[spotrobot-5] [INFO] [1748621370.360300054] [spotrobot]: I heard: "{"performative": "query", "sender": "spotrobot1", "receiver": "nurse_disinfected1", "content": "Done|a_authenticate_nurse"}"
[nurse_disinfect-3] [INFO] [1748621370.360544380] [nurse_disinfect]: Finished action
[spotrobot-5] [INFO] [1748621370.360881076] [spotrobot]: And it is not for me
[nurse_disinfect-3] [INFO] [1748621370.361029102] [nurse_disinfect]: a_clean_room
[uvdrobot-4] [INFO] [1748621370.361209204] [uvdrobot]: I heard: "{"performative": "query", "sender": "nurse_disinfected1", "receiver": "spotrobot1", "content": "Done|a_authenticate_nurse"}"
[nurse_disinfect-3] [INFO] [1748621370.361296102] [nurse_disinfect]: Doing a_clean_room
[spotrobot-5] [INFO] [1748621370.361603993] [spotrobot]: I heard: "{"performative": "query", "sender": "nurse_disinfected1", "receiver": "spotrobot1", "content": "Done|a_authenticate_nurse"}"
[uvdrobot-4] [INFO] [1748621370.361660330] [uvdrobot]: And it is not for me
[nurse_disinfect-3] [INFO] [1748621370.361719682] [nurse_disinfect]: Waiting for response
[spotrobot-5] [INFO] [1748621370.362047240] [spotrobot]: And it is for me
[nurse_disinfect-3] [INFO] [1748621370.362293120] [nurse_disinfect]: I heard: "{"performative": "query", "sender": "nurse_disinfected1", "receiver": "spotrobot1", "content": "Done|a_authenticate_nurse"}"
[spotrobot-5] [INFO] [1748621370.362338736] [spotrobot]: Finished action
[nurse_disinfect-3] [INFO] [1748621370.362617578] [nurse_disinfect]: And it is not for me
[spotrobot-5] [INFO] [1748621370.362878076] [spotrobot]: Doing a_authorize_patrol
[uvdrobot-4] [INFO] [1748621370.363126825] [uvdrobot]: I heard: "{"performative": "query", "sender": "spotrobot1", "receiver": "nurse_disinfected1", "content": "Done|a_authenticate_nurse"}"
[spotrobot-5] [INFO] [1748621370.363152111] [spotrobot]: a_authorize_patrol
[nurse_disinfect-3] [INFO] [1748621370.363185126] [nurse_disinfect]: I heard: "{"performative": "query", "sender": "spotrobot1", "receiver": "nurse_disinfected1", "content": "Done|a_authenticate_nurse"}"
[spotrobot-5] [INFO] [1748621370.363408155] [spotrobot]: Here first, waiting for nurse
[nurse_disinfect-3] [INFO] [1748621370.363458848] [nurse_disinfect]: And it is for me
[uvdrobot-4] [INFO] [1748621370.363653750] [uvdrobot]: And it is not for me
[nurse_disinfect-3] [INFO] [1748621370.363708396] [nurse_disinfect]: Already finished action
[nurse_disinfect-3] [INFO] [1748621370.364273113] [nurse_disinfect]: I heard: "{"performative": "query", "sender": "spotrobot1", "receiver": "nurse_disinfected1", "content": "Ready|a_authorize_patrol"}"
[spotrobot-5] [INFO] [1748621370.364404254] [spotrobot]: I heard: "{"performative": "query", "sender": "spotrobot1", "receiver": "nurse_disinfected1", "content": "Done|a_authenticate_nurse"}"
[nurse_disinfect-3] [INFO] [1748621370.364542366] [nurse_disinfect]: And it is for me
[uvdrobot-4] [INFO] [1748621370.364546646] [uvdrobot]: I heard: "{"performative": "query", "sender": "spotrobot1", "receiver": "nurse_disinfected1", "content": "Ready|a_authorize_patrol"}"
[spotrobot-5] [INFO] [1748621370.364714310] [spotrobot]: And it is not for me
[nurse_disinfect-3] [INFO] [1748621370.364797150] [nurse_disinfect]: No there yet
[uvdrobot-4] [INFO] [1748621370.365058952] [uvdrobot]: And it is not for me
[nurse_disinfect-3] [INFO] [1748621370.365143046] [nurse_disinfect]: success
[spotrobot-5] [INFO] [1748621370.365235753] [spotrobot]: I heard: "{"performative": "query", "sender": "spotrobot1", "receiver": "nurse_disinfected1", "content": "Ready|a_authorize_patrol"}"
[nurse_disinfect-3] [INFO] [1748621370.365456416] [nurse_disinfect]: a_authorize_patrol
[spotrobot-5] [INFO] [1748621370.365569547] [spotrobot]: And it is not for me
[nurse_disinfect-3] [INFO] [1748621370.365795390] [nurse_disinfect]: Doing a_authorize_patrol
[nurse_disinfect-3] [INFO] [1748621370.366066698] [nurse_disinfect]: a_authorize_patrol
[nurse_disinfect-3] [INFO] [1748621370.366313736] [nurse_disinfect]: Robot is waiting, send action message
[uvdrobot-4] [INFO] [1748621370.366969020] [uvdrobot]: I heard: "{"performative": "query", "sender": "nurse_disinfected1", "receiver": "spotrobot1", "content": "Done|a_authorize_patrol"}"
[spotrobot-5] [INFO] [1748621370.367159414] [spotrobot]: I heard: "{"performative": "query", "sender": "nurse_disinfected1", "receiver": "spotrobot1", "content": "Done|a_authorize_patrol"}"
[nurse_disinfect-3] [INFO] [1748621370.367181946] [nurse_disinfect]: I heard: "{"performative": "query", "sender": "nurse_disinfected1", "receiver": "spotrobot1", "content": "Done|a_authorize_patrol"}"
[spotrobot-5] [INFO] [1748621370.367442454] [spotrobot]: And it is for me
[uvdrobot-4] [INFO] [1748621370.367515414] [uvdrobot]: And it is not for me
[spotrobot-5] [INFO] [1748621370.367696036] [spotrobot]: Finished action
[nurse_disinfect-3] [INFO] [1748621370.367739978] [nurse_disinfect]: And it is not for me
[spotrobot-5] [INFO] [1748621370.368150296] [spotrobot]: Doing a_patrol_room
[uvdrobot-4] [INFO] [1748621370.368465938] [uvdrobot]: I heard: "{"performative": "query", "sender": "spotrobot1", "receiver": "nurse_disinfected1", "content": "Done|a_authorize_patrol"}"
[nurse_disinfect-3] [INFO] [1748621370.368660173] [nurse_disinfect]: I heard: "{"performative": "query", "sender": "spotrobot1", "receiver": "nurse_disinfected1", "content": "Done|a_authorize_patrol"}"
[spotrobot-5] [INFO] [1748621370.368798066] [spotrobot]: Wating for response
[uvdrobot-4] [INFO] [1748621370.368821559] [uvdrobot]: And it is not for me
[nurse_disinfect-3] [INFO] [1748621370.369186682] [nurse_disinfect]: And it is for me
[spotrobot-5] [INFO] [1748621370.369285306] [spotrobot]: I heard: "{"performative": "query", "sender": "spotrobot1", "receiver": "nurse_disinfected1", "content": "Done|a_authorize_patrol"}"
[spotrobot-5] [INFO] [1748621370.369557305] [spotrobot]: And it is not for me
[nurse_disinfect-3] [INFO] [1748621370.369753236] [nurse_disinfect]: Finished action
[uvdrobot-4] [INFO] [1748621370.370311035] [uvdrobot]: I heard: "{"performative": "query", "sender": "nurse_disinfected1", "receiver": "spotrobot1", "content": "Done|a_authorize_patrol"}"
[spotrobot-5] [INFO] [1748621370.370341534] [spotrobot]: I heard: "{"performative": "query", "sender": "nurse_disinfected1", "receiver": "spotrobot1", "content": "Done|a_authorize_patrol"}"
[spotrobot-5] [INFO] [1748621370.370664250] [spotrobot]: And it is for me
[uvdrobot-4] [INFO] [1748621370.370708509] [uvdrobot]: And it is not for me
[nurse_disinfect-3] [INFO] [1748621370.370834386] [nurse_disinfect]: I heard: "{"performative": "query", "sender": "nurse_disinfected1", "receiver": "spotrobot1", "content": "Done|a_authorize_patrol"}"
[spotrobot-5] [INFO] [1748621370.370931780] [spotrobot]: Already finished action
[nurse_disinfect-3] [INFO] [1748621370.371318237] [nurse_disinfect]: And it is not for me
[spotrobot-5] [INFO] [1748621370.371440543] [spotrobot]: success
[spotrobot-5] [INFO] [1748621370.371748620] [spotrobot]: Doing a_authorize_disinfect
[spotrobot-5] [INFO] [1748621370.372050125] [spotrobot]: a_authorize_disinfect
[spotrobot-5] [INFO] [1748621370.372363229] [spotrobot]: Here first, waiting for spotrobot
[spotrobot-5] [INFO] [1748621370.373001918] [spotrobot]: I heard: "{"performative": "query", "sender": "spotrobot1", "receiver": "uvdrobot1", "content": "Ready|a_authorize_disinfect"}"
[uvdrobot-4] [INFO] [1748621370.373023116] [uvdrobot]: I heard: "{"performative": "query", "sender": "spotrobot1", "receiver": "uvdrobot1", "content": "Ready|a_authorize_disinfect"}"
[nurse_disinfect-3] [INFO] [1748621370.373189477] [nurse_disinfect]: I heard: "{"performative": "query", "sender": "spotrobot1", "receiver": "uvdrobot1", "content": "Ready|a_authorize_disinfect"}"
[spotrobot-5] [INFO] [1748621370.373273927] [spotrobot]: And it is not for me
[uvdrobot-4] [INFO] [1748621370.373430892] [uvdrobot]: And it is for me
[uvdrobot-4] [INFO] [1748621370.373708847] [uvdrobot]: Ready to act
[nurse_disinfect-3] [INFO] [1748621370.373744403] [nurse_disinfect]: And it is not for me
[spotrobot-5] [INFO] [1748621370.374354433] [spotrobot]: I heard: "{"performative": "query", "sender": "uvdrobot1", "receiver": "spotrobot1", "content": "Done|a_authorize_disinfect"}"
[nurse_disinfect-3] [INFO] [1748621370.374657459] [nurse_disinfect]: I heard: "{"performative": "query", "sender": "uvdrobot1", "receiver": "spotrobot1", "content": "Done|a_authorize_disinfect"}"
[uvdrobot-4] [INFO] [1748621370.374794160] [uvdrobot]: I heard: "{"performative": "query", "sender": "uvdrobot1", "receiver": "spotrobot1", "content": "Done|a_authorize_disinfect"}"
[spotrobot-5] [INFO] [1748621370.374801137] [spotrobot]: And it is for me
[nurse_disinfect-3] [INFO] [1748621370.375153260] [nurse_disinfect]: And it is not for me
[uvdrobot-4] [INFO] [1748621370.375303805] [uvdrobot]: And it is not for me
[spotrobot-5] [INFO] [1748621370.375328707] [spotrobot]: Finished action
[uvdrobot-4] [INFO] [1748621370.376284242] [uvdrobot]: I heard: "{"performative": "query", "sender": "spotrobot1", "receiver": "uvdrobot1", "content": "Done|a_authorize_disinfect"}"
[nurse_disinfect-3] [INFO] [1748621370.376457189] [nurse_disinfect]: I heard: "{"performative": "query", "sender": "spotrobot1", "receiver": "uvdrobot1", "content": "Done|a_authorize_disinfect"}"
[spotrobot-5] [INFO] [1748621370.376489587] [spotrobot]: I heard: "{"performative": "query", "sender": "spotrobot1", "receiver": "uvdrobot1", "content": "Done|a_authorize_disinfect"}"
[uvdrobot-4] [INFO] [1748621370.376618103] [uvdrobot]: And it is for me
[spotrobot-5] [INFO] [1748621370.376780638] [spotrobot]: And it is not for me
[uvdrobot-4] [INFO] [1748621370.376972654] [uvdrobot]: Finished action
[nurse_disinfect-3] [INFO] [1748621370.376976871] [nurse_disinfect]: And it is not for me
[uvdrobot-4] [INFO] [1748621370.377428646] [uvdrobot]: Doing a_navto
[spotrobot-5] [INFO] [1748621370.377475905] [spotrobot]: I heard: "{"performative": "query", "sender": "uvdrobot1", "receiver": "spotrobot1", "content": "Done|a_authorize_disinfect"}"
[spotrobot-5] [INFO] [1748621370.377799577] [spotrobot]: And it is for me
[nurse_disinfect-3] [INFO] [1748621370.377999645] [nurse_disinfect]: I heard: "{"performative": "query", "sender": "uvdrobot1", "receiver": "spotrobot1", "content": "Done|a_authorize_disinfect"}"
[spotrobot-5] [INFO] [1748621370.378074104] [spotrobot]: Already finished action
[uvdrobot-4] [INFO] [1748621370.378127919] [uvdrobot]: Waiting for response
[nurse_disinfect-3] [INFO] [1748621370.378411114] [nurse_disinfect]: And it is not for me
[uvdrobot-4] [INFO] [1748621370.378978213] [uvdrobot]: I heard: "{"performative": "query", "sender": "uvdrobot1", "receiver": "spotrobot1", "content": "Done|a_authorize_disinfect"}"
[uvdrobot-4] [INFO] [1748621370.379440248] [uvdrobot]: And it is not for me
[uvdrobot-4] [INFO] [1748621370.380323192] [uvdrobot]: success
[uvdrobot-4] [INFO] [1748621370.380687154] [uvdrobot]: Doing a_disinfect_room
[uvdrobot-4] [INFO] [1748621370.381118035] [uvdrobot]: Waiting for response
[uvdrobot-4] [INFO] [1748621370.382411899] [uvdrobot]: success
[spotrobot-5] [INFO] [1748621370.384625739] [spotrobot]: Recebido sinal de desligamento do coordenador, finalizando...
[uvdrobot-4] [INFO] [1748621370.384704206] [uvdrobot]: Recebido sinal de desligamento do coordenador, finalizando...
[nurse_disinfect-3] [INFO] [1748621370.384712802] [nurse_disinfect]: Recebido sinal de desligamento do coordenador, finalizando...
[disinfect_environment-1] [INFO] [1748621370.384877590] [disinfect_environment]: Recebido sinal de desligamento do coordenador, finalizando...
[disinfect_planner-2] [INFO] [1748621370.384895694] [disinfect_planner]: Recebido sinal de desligamento do coordenador, finalizando...
[spotrobot-5] [INFO] [1748621370.385005023] [Quitting]: Done
[nurse_disinfect-3] [INFO] [1748621370.385063082] [Quitting]: Done
[uvdrobot-4] [INFO] [1748621370.385113829] [Quitting]: Done
[disinfect_planner-2] [INFO] [1748621370.385458583] [Quitting]: Done
[disinfect_environment-1] [INFO] [1748621370.385462836] [Quitting]: Done
[INFO] [disinfect_environment-1]: process has finished cleanly [pid 39224]
[INFO] [nurse_disinfect-3]: process has finished cleanly [pid 39228]
[INFO] [uvdrobot-4]: process has finished cleanly [pid 39230]
[INFO] [spotrobot-5]: process has finished cleanly [pid 39232]
[INFO] [disinfect_planner-2]: process has finished cleanly [pid 39226]
