[INFO] [launch]: All log files can be found below /home/rafael/.ros/log/2025-05-30-13-06-22-408703-NotebookRafael-36138
[INFO] [launch]: Default logging verbosity is set to INFO
[INFO] [disinfect_environment-1]: process started with pid [36141]
[INFO] [disinfect_planner-2]: process started with pid [36143]
[INFO] [nurse_disinfect-3]: process started with pid [36145]
[INFO] [uvdrobot-4]: process started with pid [36147]
[INFO] [spotrobot-5]: process started with pid [36149]
[disinfect_environment-1] [INFO] [1748621182.692751814] [disinfect_environment]: Starting Environment server
[disinfect_environment-1] [INFO] [1748621182.696841699] [disinfect_environment]: Environment server started
[disinfect_planner-2] [INFO] [1748621183.185598404] [disinfect_planner]: Starting Planner server
[disinfect_planner-2] [INFO] [1748621183.189674819] [disinfect_planner]: Planner server started
[disinfect_planner-2] [INFO] [1748621183.427038449] [disinfect_planner]: Creating plan for: spotrobot1 uvdrobot1 nurse_disinfected1
[disinfect_planner-2] [INFO] [1748621183.429552344] [disinfect_planner]: a_navto,spotrobot1,room1
[disinfect_planner-2] [INFO] [1748621183.430024382] [disinfect_planner]: a_open_door,spotrobot1,room1
[disinfect_planner-2] [INFO] [1748621183.430458781] [disinfect_planner]: a_approach_nurse,spotrobot1,nurse_disinfected1
[disinfect_planner-2] [INFO] [1748621183.430916510] [disinfect_planner]: a_authenticate_nurse,spotrobot1,nurse_disinfected1
[disinfect_planner-2] [INFO] [1748621183.431398270] [disinfect_planner]: a_authorize_patrol,spotrobot1,nurse_disinfected1
[disinfect_planner-2] [INFO] [1748621183.431700258] [disinfect_planner]: a_patrol_room,spotrobot1,room1
[disinfect_planner-2] [INFO] [1748621183.431995219] [disinfect_planner]: a_authorize_disinfect,uvdrobot1,spotrobot1
[disinfect_planner-2] [INFO] [1748621183.432285716] [disinfect_planner]: a_navto,uvdrobot1,room1
[disinfect_planner-2] [INFO] [1748621183.432653508] [disinfect_planner]: a_disinfect_room,uvdrobot1,room1
[spotrobot-5] [INFO] [1748621183.433002044] [spotrobot]: response.response spotrobot1
[disinfect_planner-2] [INFO] [1748621183.433120439] [disinfect_planner]: Sending response
[spotrobot-5] [INFO] [1748621183.433383567] [spotrobot]: My name is spotrobot1
[nurse_disinfect-3] [INFO] [1748621183.434481880] [nurse_disinfect]: response.response nurse_disinfected1
[uvdrobot-4] [INFO] [1748621183.434742979] [uvdrobot]: response.response uvdrobot1
[nurse_disinfect-3] [INFO] [1748621183.434975963] [nurse_disinfect]: My name is nurse_disinfected1
[uvdrobot-4] [INFO] [1748621183.435192037] [uvdrobot]: My name is uvdrobot1
[spotrobot-5] [INFO] [1748621183.435514142] [spotrobot]: I heard: "{"performative": "request", "sender": "Coordinator", "receiver": "uvdrobot1", "content": "Plan|a_authorize_disinfect,uvdrobot1,spotrobot1/a_navto,uvdrobot1,room1/a_disinfect_room,uvdrobot1,room1"}"
[uvdrobot-4] [INFO] [1748621183.436006946] [uvdrobot]: I heard: "{"performative": "request", "sender": "Coordinator", "receiver": "uvdrobot1", "content": "Plan|a_authorize_disinfect,uvdrobot1,spotrobot1/a_navto,uvdrobot1,room1/a_disinfect_room,uvdrobot1,room1"}"
[spotrobot-5] [INFO] [1748621183.436022269] [spotrobot]: And it is not for me
[uvdrobot-4] [INFO] [1748621183.436380875] [uvdrobot]: And it is for me
[spotrobot-5] [INFO] [1748621183.436649084] [spotrobot]: I heard: "{"performative": "request", "sender": "Coordinator", "receiver": "spotrobot1", "content": "Plan|a_navto,spotrobot1,room1/a_open_door,spotrobot1,room1/a_approach_nurse,spotrobot1,nurse_disinfected1/a_authenticate_nurse,spotrobot1,nurse_disinfected1/a_authorize_patrol,spotrobot1,nurse_disinfected1/a_patrol_room,spotrobot1,room1/a_authorize_disinfect,uvdrobot1,spotrobot1"}"
[spotrobot-5] [INFO] [1748621183.436983519] [spotrobot]: And it is for me
[uvdrobot-4] [INFO] [1748621183.436983612] [uvdrobot]: Doing a_authorize_disinfect
[uvdrobot-4] [INFO] [1748621183.437410000] [uvdrobot]: a_authorize_disinfect
[spotrobot-5] [INFO] [1748621183.437414967] [spotrobot]: Doing a_navto
[spotrobot-5] [INFO] [1748621183.437880886] [spotrobot]: Wating for response
[uvdrobot-4] [INFO] [1748621183.437991988] [uvdrobot]: Here first, waiting for spotrobot
[spotrobot-5] [INFO] [1748621183.438481145] [spotrobot]: I heard: "{"performative": "request", "sender": "Coordinator", "receiver": "nurse_disinfected1", "content": "Plan|a_approach_nurse,spotrobot1,nurse_disinfected1/a_authenticate_nurse,spotrobot1,nurse_disinfected1/a_authorize_patrol,spotrobot1,nurse_disinfected1"}"
[uvdrobot-4] [INFO] [1748621183.438812950] [uvdrobot]: I heard: "{"performative": "request", "sender": "Coordinator", "receiver": "spotrobot1", "content": "Plan|a_navto,spotrobot1,room1/a_open_door,spotrobot1,room1/a_approach_nurse,spotrobot1,nurse_disinfected1/a_authenticate_nurse,spotrobot1,nurse_disinfected1/a_authorize_patrol,spotrobot1,nurse_disinfected1/a_patrol_room,spotrobot1,room1/a_authorize_disinfect,uvdrobot1,spotrobot1"}"
[spotrobot-5] [INFO] [1748621183.439019866] [spotrobot]: And it is not for me
[uvdrobot-4] [INFO] [1748621183.439154545] [uvdrobot]: And it is not for me
[uvdrobot-4] [INFO] [1748621183.439500546] [uvdrobot]: I heard: "{"performative": "query", "sender": "uvdrobot1", "receiver": "spotrobot1", "content": "Ready|a_authorize_disinfect"}"
[uvdrobot-4] [INFO] [1748621183.439811121] [uvdrobot]: And it is not for me
[spotrobot-5] [INFO] [1748621183.439897212] [spotrobot]: I heard: "{"performative": "query", "sender": "uvdrobot1", "receiver": "spotrobot1", "content": "Ready|a_authorize_disinfect"}"
[uvdrobot-4] [INFO] [1748621183.440357228] [uvdrobot]: I heard: "{"performative": "request", "sender": "Coordinator", "receiver": "nurse_disinfected1", "content": "Plan|a_approach_nurse,spotrobot1,nurse_disinfected1/a_authenticate_nurse,spotrobot1,nurse_disinfected1/a_authorize_patrol,spotrobot1,nurse_disinfected1"}"
[spotrobot-5] [INFO] [1748621183.440425861] [spotrobot]: And it is for me
[uvdrobot-4] [INFO] [1748621183.440671312] [uvdrobot]: And it is not for me
[spotrobot-5] [INFO] [1748621183.440936844] [spotrobot]: No there yet
[spotrobot-5] [INFO] [1748621183.441985233] [spotrobot]: success
[spotrobot-5] [INFO] [1748621183.442599253] [spotrobot]: Doing a_open_door
[spotrobot-5] [INFO] [1748621183.443253096] [spotrobot]: Wating for response
[spotrobot-5] [INFO] [1748621183.445023804] [spotrobot]: success
[spotrobot-5] [INFO] [1748621183.445492002] [spotrobot]: Doing a_approach_nurse
[spotrobot-5] [INFO] [1748621183.445902975] [spotrobot]: Wating for response
[spotrobot-5] [INFO] [1748621183.447215892] [spotrobot]: success
[spotrobot-5] [INFO] [1748621183.447763966] [spotrobot]: Doing a_authenticate_nurse
[spotrobot-5] [INFO] [1748621183.448182930] [spotrobot]: a_authenticate_nurse
[spotrobot-5] [INFO] [1748621183.448489344] [spotrobot]: Here first, waiting for nurse
[uvdrobot-4] [INFO] [1748621183.449273503] [uvdrobot]: I heard: "{"performative": "query", "sender": "spotrobot1", "receiver": "nurse_disinfected1", "content": "Ready|a_authenticate_nurse"}"
[spotrobot-5] [INFO] [1748621183.449367881] [spotrobot]: I heard: "{"performative": "query", "sender": "spotrobot1", "receiver": "nurse_disinfected1", "content": "Ready|a_authenticate_nurse"}"
[uvdrobot-4] [INFO] [1748621183.449660596] [uvdrobot]: And it is not for me
[spotrobot-5] [INFO] [1748621183.449741801] [spotrobot]: And it is not for me
[nurse_disinfect-3] [INFO] [1748621184.437061535] [nurse_disinfect]: I heard: "{"performative": "request", "sender": "Coordinator", "receiver": "uvdrobot1", "content": "Plan|a_authorize_disinfect,uvdrobot1,spotrobot1/a_navto,uvdrobot1,room1/a_disinfect_room,uvdrobot1,room1"}"
[nurse_disinfect-3] [INFO] [1748621184.437421999] [nurse_disinfect]: And it is not for me
[nurse_disinfect-3] [INFO] [1748621184.437875676] [nurse_disinfect]: I heard: "{"performative": "query", "sender": "uvdrobot1", "receiver": "spotrobot1", "content": "Ready|a_authorize_disinfect"}"
[nurse_disinfect-3] [INFO] [1748621184.438381908] [nurse_disinfect]: And it is not for me
[nurse_disinfect-3] [INFO] [1748621184.439118462] [nurse_disinfect]: I heard: "{"performative": "request", "sender": "Coordinator", "receiver": "spotrobot1", "content": "Plan|a_navto,spotrobot1,room1/a_open_door,spotrobot1,room1/a_approach_nurse,spotrobot1,nurse_disinfected1/a_authenticate_nurse,spotrobot1,nurse_disinfected1/a_authorize_patrol,spotrobot1,nurse_disinfected1/a_patrol_room,spotrobot1,room1/a_authorize_disinfect,uvdrobot1,spotrobot1"}"
[nurse_disinfect-3] [INFO] [1748621184.439526446] [nurse_disinfect]: And it is not for me
[nurse_disinfect-3] [INFO] [1748621184.439906203] [nurse_disinfect]: I heard: "{"performative": "query", "sender": "spotrobot1", "receiver": "nurse_disinfected1", "content": "Ready|a_authenticate_nurse"}"
[nurse_disinfect-3] [INFO] [1748621184.440225792] [nurse_disinfect]: And it is for me
[nurse_disinfect-3] [INFO] [1748621184.440641351] [nurse_disinfect]: No there yet
[nurse_disinfect-3] [INFO] [1748621184.441518641] [nurse_disinfect]: I heard: "{"performative": "request", "sender": "Coordinator", "receiver": "nurse_disinfected1", "content": "Plan|a_approach_nurse,spotrobot1,nurse_disinfected1/a_authenticate_nurse,spotrobot1,nurse_disinfected1/a_authorize_patrol,spotrobot1,nurse_disinfected1"}"
[nurse_disinfect-3] [INFO] [1748621184.441843732] [nurse_disinfect]: And it is for me
[nurse_disinfect-3] [INFO] [1748621184.443295847] [nurse_disinfect]: a_approach_nurse
[nurse_disinfect-3] [INFO] [1748621184.443735225] [nurse_disinfect]: a_authenticate_nurse
[nurse_disinfect-3] [INFO] [1748621184.444057561] [nurse_disinfect]: Doing a_authenticate_nurse
[nurse_disinfect-3] [INFO] [1748621184.444672052] [nurse_disinfect]: a_authenticate_nurse
[nurse_disinfect-3] [INFO] [1748621184.445157661] [nurse_disinfect]: Robot is waiting, send action message
[uvdrobot-4] [INFO] [1748621184.445944303] [uvdrobot]: I heard: "{"performative": "query", "sender": "nurse_disinfected1", "receiver": "spotrobot1", "content": "Done|a_authenticate_nurse"}"
[nurse_disinfect-3] [INFO] [1748621184.446073617] [nurse_disinfect]: I heard: "{"performative": "query", "sender": "nurse_disinfected1", "receiver": "spotrobot1", "content": "Done|a_authenticate_nurse"}"
[spotrobot-5] [INFO] [1748621184.446078664] [spotrobot]: I heard: "{"performative": "query", "sender": "nurse_disinfected1", "receiver": "spotrobot1", "content": "Done|a_authenticate_nurse"}"
[nurse_disinfect-3] [INFO] [1748621184.446358723] [nurse_disinfect]: And it is not for me
[spotrobot-5] [INFO] [1748621184.446405485] [spotrobot]: And it is for me
[uvdrobot-4] [INFO] [1748621184.446552262] [uvdrobot]: And it is not for me
[spotrobot-5] [INFO] [1748621184.446775820] [spotrobot]: Finished action
[spotrobot-5] [INFO] [1748621184.447299567] [spotrobot]: Doing a_authorize_patrol
[nurse_disinfect-3] [INFO] [1748621184.447365273] [nurse_disinfect]: I heard: "{"performative": "query", "sender": "spotrobot1", "receiver": "nurse_disinfected1", "content": "Done|a_authenticate_nurse"}"
[spotrobot-5] [INFO] [1748621184.447619800] [spotrobot]: a_authorize_patrol
[nurse_disinfect-3] [INFO] [1748621184.447686611] [nurse_disinfect]: And it is for me
[uvdrobot-4] [INFO] [1748621184.447882418] [uvdrobot]: I heard: "{"performative": "query", "sender": "spotrobot1", "receiver": "nurse_disinfected1", "content": "Done|a_authenticate_nurse"}"
[nurse_disinfect-3] [INFO] [1748621184.447957741] [nurse_disinfect]: Finished action
[spotrobot-5] [INFO] [1748621184.448189768] [spotrobot]: Here first, waiting for nurse
[uvdrobot-4] [INFO] [1748621184.448443570] [uvdrobot]: And it is not for me
[nurse_disinfect-3] [INFO] [1748621184.448470169] [nurse_disinfect]: a_authorize_patrol
[nurse_disinfect-3] [INFO] [1748621184.448746273] [nurse_disinfect]: Doing a_authorize_patrol
[nurse_disinfect-3] [INFO] [1748621184.448999516] [nurse_disinfect]: a_authorize_patrol
[spotrobot-5] [INFO] [1748621184.449151104] [spotrobot]: I heard: "{"performative": "query", "sender": "spotrobot1", "receiver": "nurse_disinfected1", "content": "Done|a_authenticate_nurse"}"
[nurse_disinfect-3] [INFO] [1748621184.449290848] [nurse_disinfect]: Here first, waiting for robot
[uvdrobot-4] [INFO] [1748621184.449352772] [uvdrobot]: I heard: "{"performative": "query", "sender": "nurse_disinfected1", "receiver": "spotrobot1", "content": "Done|a_authenticate_nurse"}"
[spotrobot-5] [INFO] [1748621184.449626793] [spotrobot]: And it is not for me
[uvdrobot-4] [INFO] [1748621184.449865953] [uvdrobot]: And it is not for me
[nurse_disinfect-3] [INFO] [1748621184.449991904] [nurse_disinfect]: I heard: "{"performative": "query", "sender": "nurse_disinfected1", "receiver": "spotrobot1", "content": "Done|a_authenticate_nurse"}"
[spotrobot-5] [INFO] [1748621184.450178806] [spotrobot]: I heard: "{"performative": "query", "sender": "nurse_disinfected1", "receiver": "spotrobot1", "content": "Done|a_authenticate_nurse"}"
[nurse_disinfect-3] [INFO] [1748621184.450273883] [nurse_disinfect]: And it is not for me
[spotrobot-5] [INFO] [1748621184.450508755] [spotrobot]: And it is for me
[uvdrobot-4] [INFO] [1748621184.450802161] [uvdrobot]: I heard: "{"performative": "query", "sender": "spotrobot1", "receiver": "nurse_disinfected1", "content": "Ready|a_authorize_patrol"}"
[nurse_disinfect-3] [INFO] [1748621184.450857681] [nurse_disinfect]: I heard: "{"performative": "query", "sender": "spotrobot1", "receiver": "nurse_disinfected1", "content": "Ready|a_authorize_patrol"}"
[spotrobot-5] [INFO] [1748621184.451063925] [spotrobot]: Already finished action
[nurse_disinfect-3] [INFO] [1748621184.451159217] [nurse_disinfect]: And it is for me
[uvdrobot-4] [INFO] [1748621184.451389888] [uvdrobot]: And it is not for me
[nurse_disinfect-3] [INFO] [1748621184.451484855] [nurse_disinfect]: Ready to act
[spotrobot-5] [INFO] [1748621184.451816910] [spotrobot]: I heard: "{"performative": "query", "sender": "spotrobot1", "receiver": "nurse_disinfected1", "content": "Ready|a_authorize_patrol"}"
[spotrobot-5] [INFO] [1748621184.452124720] [spotrobot]: And it is not for me
[nurse_disinfect-3] [INFO] [1748621184.452147676] [nurse_disinfect]: I heard: "{"performative": "query", "sender": "nurse_disinfected1", "receiver": "spotrobot1", "content": "Ready|a_authorize_patrol"}"
[uvdrobot-4] [INFO] [1748621184.452362307] [uvdrobot]: I heard: "{"performative": "query", "sender": "nurse_disinfected1", "receiver": "spotrobot1", "content": "Ready|a_authorize_patrol"}"
[nurse_disinfect-3] [INFO] [1748621184.452428843] [nurse_disinfect]: And it is not for me
[spotrobot-5] [INFO] [1748621184.452756147] [spotrobot]: I heard: "{"performative": "query", "sender": "nurse_disinfected1", "receiver": "spotrobot1", "content": "Ready|a_authorize_patrol"}"
[uvdrobot-4] [INFO] [1748621184.452875869] [uvdrobot]: And it is not for me
[nurse_disinfect-3] [INFO] [1748621184.452935201] [nurse_disinfect]: I heard: "{"performative": "query", "sender": "nurse_disinfected1", "receiver": "spotrobot1", "content": "Done|a_authorize_patrol"}"
[spotrobot-5] [INFO] [1748621184.453221211] [spotrobot]: And it is for me
[nurse_disinfect-3] [INFO] [1748621184.453353272] [nurse_disinfect]: And it is not for me
[spotrobot-5] [INFO] [1748621184.453793739] [spotrobot]: Ready to act
[uvdrobot-4] [INFO] [1748621184.453831185] [uvdrobot]: I heard: "{"performative": "query", "sender": "nurse_disinfected1", "receiver": "spotrobot1", "content": "Done|a_authorize_patrol"}"
[nurse_disinfect-3] [INFO] [1748621184.454346618] [nurse_disinfect]: I heard: "{"performative": "query", "sender": "spotrobot1", "receiver": "nurse_disinfected1", "content": "Done|a_authorize_patrol"}"
[uvdrobot-4] [INFO] [1748621184.454362301] [uvdrobot]: And it is not for me
[nurse_disinfect-3] [INFO] [1748621184.454619966] [nurse_disinfect]: And it is for me
[nurse_disinfect-3] [INFO] [1748621184.454876698] [nurse_disinfect]: Finished action
[spotrobot-5] [INFO] [1748621184.454879507] [spotrobot]: I heard: "{"performative": "query", "sender": "nurse_disinfected1", "receiver": "spotrobot1", "content": "Done|a_authorize_patrol"}"
[uvdrobot-4] [INFO] [1748621184.455323803] [uvdrobot]: I heard: "{"performative": "query", "sender": "spotrobot1", "receiver": "nurse_disinfected1", "content": "Done|a_authorize_patrol"}"
[spotrobot-5] [INFO] [1748621184.455341541] [spotrobot]: And it is for me
[nurse_disinfect-3] [INFO] [1748621184.455567550] [nurse_disinfect]: I heard: "{"performative": "query", "sender": "nurse_disinfected1", "receiver": "spotrobot1", "content": "Done|a_authorize_patrol"}"
[spotrobot-5] [INFO] [1748621184.455636353] [spotrobot]: Finished action
[uvdrobot-4] [INFO] [1748621184.455832879] [uvdrobot]: And it is not for me
[nurse_disinfect-3] [INFO] [1748621184.455912316] [nurse_disinfect]: And it is not for me
[spotrobot-5] [INFO] [1748621184.456415688] [spotrobot]: Doing a_patrol_room
[nurse_disinfect-3] [INFO] [1748621184.456573103] [nurse_disinfect]: I heard: "{"performative": "query", "sender": "spotrobot1", "receiver": "nurse_disinfected1", "content": "Done|a_authorize_patrol"}"
[uvdrobot-4] [INFO] [1748621184.456760182] [uvdrobot]: I heard: "{"performative": "query", "sender": "nurse_disinfected1", "receiver": "spotrobot1", "content": "Done|a_authorize_patrol"}"
[spotrobot-5] [INFO] [1748621184.456902216] [spotrobot]: Wating for response
[nurse_disinfect-3] [INFO] [1748621184.456963739] [nurse_disinfect]: And it is for me
[uvdrobot-4] [INFO] [1748621184.457311423] [uvdrobot]: And it is not for me
[nurse_disinfect-3] [INFO] [1748621184.457381634] [nurse_disinfect]: Already finished action
[spotrobot-5] [INFO] [1748621184.457539281] [spotrobot]: I heard: "{"performative": "query", "sender": "spotrobot1", "receiver": "nurse_disinfected1", "content": "Done|a_authorize_patrol"}"
[spotrobot-5] [INFO] [1748621184.457884957] [spotrobot]: And it is not for me
[uvdrobot-4] [INFO] [1748621184.458280207] [uvdrobot]: I heard: "{"performative": "query", "sender": "spotrobot1", "receiver": "nurse_disinfected1", "content": "Done|a_authorize_patrol"}"
[spotrobot-5] [INFO] [1748621184.458696292] [spotrobot]: I heard: "{"performative": "query", "sender": "nurse_disinfected1", "receiver": "spotrobot1", "content": "Done|a_authorize_patrol"}"
[uvdrobot-4] [INFO] [1748621184.458819162] [uvdrobot]: And it is not for me
[spotrobot-5] [INFO] [1748621184.459040002] [spotrobot]: And it is for me
[spotrobot-5] [INFO] [1748621184.459539742] [spotrobot]: Already finished action
[spotrobot-5] [INFO] [1748621184.460419202] [spotrobot]: I heard: "{"performative": "query", "sender": "spotrobot1", "receiver": "nurse_disinfected1", "content": "Done|a_authorize_patrol"}"
[spotrobot-5] [INFO] [1748621184.460909541] [spotrobot]: And it is not for me
[spotrobot-5] [INFO] [1748621184.462089657] [spotrobot]: dirty room
[uvdrobot-4] [INFO] [1748621184.464168218] [uvdrobot]: I heard: "{"performative": "request", "sender": "Coordinator", "receiver": "spotrobot1", "content": "Reset"}"
[spotrobot-5] [INFO] [1748621184.464183540] [spotrobot]: I heard: "{"performative": "request", "sender": "Coordinator", "receiver": "spotrobot1", "content": "Reset"}"
[nurse_disinfect-3] [INFO] [1748621184.464230625] [nurse_disinfect]: I heard: "{"performative": "request", "sender": "Coordinator", "receiver": "spotrobot1", "content": "Reset"}"
[spotrobot-5] [INFO] [1748621184.464482437] [spotrobot]: And it is for me
[nurse_disinfect-3] [INFO] [1748621184.464539668] [nurse_disinfect]: And it is not for me
[uvdrobot-4] [INFO] [1748621184.464558541] [uvdrobot]: And it is not for me
[spotrobot-5] [INFO] [1748621184.465028928] [spotrobot]: I heard: "{"performative": "request", "sender": "Coordinator", "receiver": "uvdrobot1", "content": "Reset"}"
[uvdrobot-4] [INFO] [1748621184.465069699] [uvdrobot]: I heard: "{"performative": "request", "sender": "Coordinator", "receiver": "uvdrobot1", "content": "Reset"}"
[nurse_disinfect-3] [INFO] [1748621184.465143532] [nurse_disinfect]: I heard: "{"performative": "request", "sender": "Coordinator", "receiver": "uvdrobot1", "content": "Reset"}"
[spotrobot-5] [INFO] [1748621184.465309646] [spotrobot]: And it is not for me
[uvdrobot-4] [INFO] [1748621184.465345872] [uvdrobot]: And it is for me
[nurse_disinfect-3] [INFO] [1748621184.465432938] [nurse_disinfect]: And it is not for me
[spotrobot-5] [INFO] [1748621184.465846812] [spotrobot]: I heard: "{"performative": "request", "sender": "Coordinator", "receiver": "nurse_disinfected1", "content": "Reset"}"
[uvdrobot-4] [INFO] [1748621184.465917247] [uvdrobot]: I heard: "{"performative": "request", "sender": "Coordinator", "receiver": "nurse_disinfected1", "content": "Reset"}"
[nurse_disinfect-3] [INFO] [1748621184.466254184] [nurse_disinfect]: I heard: "{"performative": "request", "sender": "Coordinator", "receiver": "nurse_disinfected1", "content": "Reset"}"
[spotrobot-5] [INFO] [1748621184.466261022] [spotrobot]: And it is not for me
[uvdrobot-4] [INFO] [1748621184.466278697] [uvdrobot]: And it is not for me
[nurse_disinfect-3] [INFO] [1748621184.466604600] [nurse_disinfect]: And it is for me
[disinfect_environment-1] [INFO] [1748621184.466730548] [disinfect_environment]: Recebido sinal de desligamento do coordenador, finalizando...
[uvdrobot-4] [INFO] [1748621184.466818884] [uvdrobot]: Recebido sinal de desligamento do coordenador, finalizando...
[disinfect_planner-2] [INFO] [1748621184.466875349] [disinfect_planner]: Recebido sinal de desligamento do coordenador, finalizando...
[spotrobot-5] [INFO] [1748621184.466886496] [spotrobot]: 
[disinfect_environment-1] [INFO] [1748621184.467271526] [Quitting]: Done
[uvdrobot-4] [INFO] [1748621184.467452568] [Quitting]: Done
[disinfect_planner-2] [INFO] [1748621184.467479955] [Quitting]: Done
[nurse_disinfect-3] [INFO] [1748621184.467623525] [nurse_disinfect]: Recebido sinal de desligamento do coordenador, finalizando...
[spotrobot-5] [INFO] [1748621184.467839847] [spotrobot]: Recebido sinal de desligamento do coordenador, finalizando...
[nurse_disinfect-3] [INFO] [1748621184.468423848] [Quitting]: Done
[spotrobot-5] [INFO] [1748621184.468521678] [Quitting]: Done
[INFO] [disinfect_environment-1]: process has finished cleanly [pid 36141]
[INFO] [nurse_disinfect-3]: process has finished cleanly [pid 36145]
[INFO] [spotrobot-5]: process has finished cleanly [pid 36149]
[INFO] [uvdrobot-4]: process has finished cleanly [pid 36147]
