[INFO] [launch]: All log files can be found below /home/rafael/.ros/log/2025-05-30-12-56-34-558465-NotebookRafael-26387
[INFO] [launch]: Default logging verbosity is set to INFO
[INFO] [disinfect_environment-1]: process started with pid [26390]
[INFO] [disinfect_planner-2]: process started with pid [26392]
[INFO] [nurse_disinfect-3]: process started with pid [26394]
[INFO] [uvdrobot-4]: process started with pid [26396]
[INFO] [spotrobot-5]: process started with pid [26398]
[disinfect_environment-1] [INFO] [1748620594.828537850] [disinfect_environment]: Starting Environment server
[disinfect_environment-1] [INFO] [1748620594.832514478] [disinfect_environment]: Environment server started
[disinfect_planner-2] [INFO] [1748620595.379959743] [disinfect_planner]: Starting Planner server
[disinfect_planner-2] [INFO] [1748620595.384037870] [disinfect_planner]: Planner server started
[disinfect_planner-2] [INFO] [1748620595.567041106] [disinfect_planner]: Creating plan for: spotrobot1 uvdrobot1 nurse_disinfected1
[disinfect_planner-2] [INFO] [1748620595.569302982] [disinfect_planner]: a_navto,spotrobot1,room1
[disinfect_planner-2] [INFO] [1748620595.569743333] [disinfect_planner]: a_open_door,spotrobot1,room1
[disinfect_planner-2] [INFO] [1748620595.570213974] [disinfect_planner]: a_approach_nurse,spotrobot1,nurse_disinfected1
[disinfect_planner-2] [INFO] [1748620595.570644716] [disinfect_planner]: a_authenticate_nurse,spotrobot1,nurse_disinfected1
[disinfect_planner-2] [INFO] [1748620595.571083524] [disinfect_planner]: a_authorize_patrol,spotrobot1,nurse_disinfected1
[disinfect_planner-2] [INFO] [1748620595.571519932] [disinfect_planner]: a_patrol_room,spotrobot1,room1
[nurse_disinfect-3] [INFO] [1748620595.571658805] [nurse_disinfect]: response.response nurse_disinfected1
[disinfect_planner-2] [INFO] [1748620595.571988069] [disinfect_planner]: a_authorize_disinfect,uvdrobot1,spotrobot1
[nurse_disinfect-3] [INFO] [1748620595.572014500] [nurse_disinfect]: My name is nurse_disinfected1
[disinfect_planner-2] [INFO] [1748620595.572417554] [disinfect_planner]: a_navto,uvdrobot1,room1
[disinfect_planner-2] [INFO] [1748620595.572879377] [disinfect_planner]: a_disinfect_room,uvdrobot1,room1
[disinfect_planner-2] [INFO] [1748620595.573331212] [disinfect_planner]: Sending response
[spotrobot-5] [INFO] [1748620595.574612254] [spotrobot]: response.response spotrobot1
[spotrobot-5] [INFO] [1748620595.574993012] [spotrobot]: My name is spotrobot1
[spotrobot-5] [INFO] [1748620595.575691890] [spotrobot]: I heard: "{"performative": "request", "sender": "Coordinator", "receiver": "uvdrobot1", "content": "Plan|a_authorize_disinfect,uvdrobot1,spotrobot1/a_navto,uvdrobot1,room1/a_disinfect_room,uvdrobot1,room1"}"
[spotrobot-5] [INFO] [1748620595.576012113] [spotrobot]: And it is not for me
[uvdrobot-4] [INFO] [1748620595.576552666] [uvdrobot]: response.response uvdrobot1
[spotrobot-5] [INFO] [1748620595.576572457] [spotrobot]: I heard: "{"performative": "request", "sender": "Coordinator", "receiver": "spotrobot1", "content": "Plan|a_navto,spotrobot1,room1/a_open_door,spotrobot1,room1/a_approach_nurse,spotrobot1,nurse_disinfected1/a_authenticate_nurse,spotrobot1,nurse_disinfected1/a_authorize_patrol,spotrobot1,nurse_disinfected1/a_patrol_room,spotrobot1,room1/a_authorize_disinfect,uvdrobot1,spotrobot1"}"
[spotrobot-5] [INFO] [1748620595.576855038] [spotrobot]: And it is for me
[uvdrobot-4] [INFO] [1748620595.576944842] [uvdrobot]: My name is uvdrobot1
[spotrobot-5] [INFO] [1748620595.577255975] [spotrobot]: Doing a_navto
[uvdrobot-4] [INFO] [1748620595.577644205] [uvdrobot]: I heard: "{"performative": "request", "sender": "Coordinator", "receiver": "uvdrobot1", "content": "Plan|a_authorize_disinfect,uvdrobot1,spotrobot1/a_navto,uvdrobot1,room1/a_disinfect_room,uvdrobot1,room1"}"
[spotrobot-5] [INFO] [1748620595.577748785] [spotrobot]: Wating for response
[uvdrobot-4] [INFO] [1748620595.577974389] [uvdrobot]: And it is for me
[spotrobot-5] [INFO] [1748620595.578224188] [spotrobot]: I heard: "{"performative": "request", "sender": "Coordinator", "receiver": "nurse_disinfected1", "content": "Plan|a_approach_nurse,spotrobot1,nurse_disinfected1/a_authenticate_nurse,spotrobot1,nurse_disinfected1/a_authorize_patrol,spotrobot1,nurse_disinfected1"}"
[uvdrobot-4] [INFO] [1748620595.578327713] [uvdrobot]: Doing a_authorize_disinfect
[spotrobot-5] [INFO] [1748620595.578579445] [spotrobot]: And it is not for me
[uvdrobot-4] [INFO] [1748620595.578586992] [uvdrobot]: a_authorize_disinfect
[uvdrobot-4] [INFO] [1748620595.578885190] [uvdrobot]: Here first, waiting for spotrobot
[spotrobot-5] [INFO] [1748620595.579256087] [spotrobot]: success
[spotrobot-5] [INFO] [1748620595.579560265] [spotrobot]: Doing a_open_door
[uvdrobot-4] [INFO] [1748620595.579673770] [uvdrobot]: I heard: "{"performative": "request", "sender": "Coordinator", "receiver": "spotrobot1", "content": "Plan|a_navto,spotrobot1,room1/a_open_door,spotrobot1,room1/a_approach_nurse,spotrobot1,nurse_disinfected1/a_authenticate_nurse,spotrobot1,nurse_disinfected1/a_authorize_patrol,spotrobot1,nurse_disinfected1/a_patrol_room,spotrobot1,room1/a_authorize_disinfect,uvdrobot1,spotrobot1"}"
[spotrobot-5] [INFO] [1748620595.580002349] [spotrobot]: Wating for response
[uvdrobot-4] [INFO] [1748620595.580019638] [uvdrobot]: And it is not for me
[spotrobot-5] [INFO] [1748620595.580494016] [spotrobot]: I heard: "{"performative": "query", "sender": "uvdrobot1", "receiver": "spotrobot1", "content": "Ready|a_authorize_disinfect"}"
[uvdrobot-4] [INFO] [1748620595.580559899] [uvdrobot]: I heard: "{"performative": "query", "sender": "uvdrobot1", "receiver": "spotrobot1", "content": "Ready|a_authorize_disinfect"}"
[spotrobot-5] [INFO] [1748620595.580879402] [spotrobot]: And it is for me
[uvdrobot-4] [INFO] [1748620595.580890083] [uvdrobot]: And it is not for me
[spotrobot-5] [INFO] [1748620595.581183362] [spotrobot]: No there yet
[uvdrobot-4] [INFO] [1748620595.581434315] [uvdrobot]: I heard: "{"performative": "request", "sender": "Coordinator", "receiver": "nurse_disinfected1", "content": "Plan|a_approach_nurse,spotrobot1,nurse_disinfected1/a_authenticate_nurse,spotrobot1,nurse_disinfected1/a_authorize_patrol,spotrobot1,nurse_disinfected1"}"
[uvdrobot-4] [INFO] [1748620595.581700879] [uvdrobot]: And it is not for me
[spotrobot-5] [INFO] [1748620595.582008613] [spotrobot]: success
[spotrobot-5] [INFO] [1748620595.582418700] [spotrobot]: Doing a_approach_nurse
[spotrobot-5] [INFO] [1748620595.582899636] [spotrobot]: Wating for response
[spotrobot-5] [INFO] [1748620595.583786260] [spotrobot]: success
[spotrobot-5] [INFO] [1748620595.584201194] [spotrobot]: Doing a_authenticate_nurse
[spotrobot-5] [INFO] [1748620595.584517038] [spotrobot]: a_authenticate_nurse
[spotrobot-5] [INFO] [1748620595.584873932] [spotrobot]: Here first, waiting for nurse
[uvdrobot-4] [INFO] [1748620595.585668691] [uvdrobot]: I heard: "{"performative": "query", "sender": "spotrobot1", "receiver": "nurse_disinfected1", "content": "Ready|a_authenticate_nurse"}"
[spotrobot-5] [INFO] [1748620595.585835136] [spotrobot]: I heard: "{"performative": "query", "sender": "spotrobot1", "receiver": "nurse_disinfected1", "content": "Ready|a_authenticate_nurse"}"
[uvdrobot-4] [INFO] [1748620595.586182908] [uvdrobot]: And it is not for me
[spotrobot-5] [INFO] [1748620595.586340411] [spotrobot]: And it is not for me
[nurse_disinfect-3] [INFO] [1748620596.573735666] [nurse_disinfect]: I heard: "{"performative": "request", "sender": "Coordinator", "receiver": "uvdrobot1", "content": "Plan|a_authorize_disinfect,uvdrobot1,spotrobot1/a_navto,uvdrobot1,room1/a_disinfect_room,uvdrobot1,room1"}"
[nurse_disinfect-3] [INFO] [1748620596.574101188] [nurse_disinfect]: And it is not for me
[nurse_disinfect-3] [INFO] [1748620596.574564736] [nurse_disinfect]: I heard: "{"performative": "query", "sender": "uvdrobot1", "receiver": "spotrobot1", "content": "Ready|a_authorize_disinfect"}"
[nurse_disinfect-3] [INFO] [1748620596.574953160] [nurse_disinfect]: And it is not for me
[nurse_disinfect-3] [INFO] [1748620596.575537824] [nurse_disinfect]: I heard: "{"performative": "request", "sender": "Coordinator", "receiver": "spotrobot1", "content": "Plan|a_navto,spotrobot1,room1/a_open_door,spotrobot1,room1/a_approach_nurse,spotrobot1,nurse_disinfected1/a_authenticate_nurse,spotrobot1,nurse_disinfected1/a_authorize_patrol,spotrobot1,nurse_disinfected1/a_patrol_room,spotrobot1,room1/a_authorize_disinfect,uvdrobot1,spotrobot1"}"
[nurse_disinfect-3] [INFO] [1748620596.575909060] [nurse_disinfect]: And it is not for me
[nurse_disinfect-3] [INFO] [1748620596.576395147] [nurse_disinfect]: I heard: "{"performative": "query", "sender": "spotrobot1", "receiver": "nurse_disinfected1", "content": "Ready|a_authenticate_nurse"}"
[nurse_disinfect-3] [INFO] [1748620596.576881405] [nurse_disinfect]: And it is for me
[nurse_disinfect-3] [INFO] [1748620596.577354961] [nurse_disinfect]: No there yet
[nurse_disinfect-3] [INFO] [1748620596.578033517] [nurse_disinfect]: I heard: "{"performative": "request", "sender": "Coordinator", "receiver": "nurse_disinfected1", "content": "Plan|a_approach_nurse,spotrobot1,nurse_disinfected1/a_authenticate_nurse,spotrobot1,nurse_disinfected1/a_authorize_patrol,spotrobot1,nurse_disinfected1"}"
[nurse_disinfect-3] [INFO] [1748620596.578474163] [nurse_disinfect]: And it is for me
[nurse_disinfect-3] [INFO] [1748620596.579893724] [nurse_disinfect]: a_approach_nurse
[nurse_disinfect-3] [INFO] [1748620596.580237421] [nurse_disinfect]: a_authenticate_nurse
[nurse_disinfect-3] [INFO] [1748620596.580763570] [nurse_disinfect]: Doing a_authenticate_nurse
[nurse_disinfect-3] [INFO] [1748620596.581282005] [nurse_disinfect]: a_authenticate_nurse
[nurse_disinfect-3] [INFO] [1748620596.581659392] [nurse_disinfect]: Robot is waiting, send action message
[spotrobot-5] [INFO] [1748620596.582483448] [spotrobot]: I heard: "{"performative": "query", "sender": "nurse_disinfected1", "receiver": "spotrobot1", "content": "Done|a_authenticate_nurse"}"
[uvdrobot-4] [INFO] [1748620596.582518512] [uvdrobot]: I heard: "{"performative": "query", "sender": "nurse_disinfected1", "receiver": "spotrobot1", "content": "Done|a_authenticate_nurse"}"
[nurse_disinfect-3] [INFO] [1748620596.582646640] [nurse_disinfect]: I heard: "{"performative": "query", "sender": "nurse_disinfected1", "receiver": "spotrobot1", "content": "Done|a_authenticate_nurse"}"
[spotrobot-5] [INFO] [1748620596.582831639] [spotrobot]: And it is for me
[uvdrobot-4] [INFO] [1748620596.583044879] [uvdrobot]: And it is not for me
[spotrobot-5] [INFO] [1748620596.583095470] [spotrobot]: Finished action
[nurse_disinfect-3] [INFO] [1748620596.583135175] [nurse_disinfect]: And it is not for me
[spotrobot-5] [INFO] [1748620596.583599002] [spotrobot]: Doing a_authorize_patrol
[uvdrobot-4] [INFO] [1748620596.583851494] [uvdrobot]: I heard: "{"performative": "query", "sender": "spotrobot1", "receiver": "nurse_disinfected1", "content": "Done|a_authenticate_nurse"}"
[spotrobot-5] [INFO] [1748620596.583877698] [spotrobot]: a_authorize_patrol
[spotrobot-5] [INFO] [1748620596.584127693] [spotrobot]: Here first, waiting for nurse
[nurse_disinfect-3] [INFO] [1748620596.584125023] [nurse_disinfect]: I heard: "{"performative": "query", "sender": "spotrobot1", "receiver": "nurse_disinfected1", "content": "Done|a_authenticate_nurse"}"
[uvdrobot-4] [INFO] [1748620596.584316222] [uvdrobot]: And it is not for me
[nurse_disinfect-3] [INFO] [1748620596.584659894] [nurse_disinfect]: And it is for me
[spotrobot-5] [INFO] [1748620596.584760970] [spotrobot]: I heard: "{"performative": "query", "sender": "spotrobot1", "receiver": "nurse_disinfected1", "content": "Done|a_authenticate_nurse"}"
[spotrobot-5] [INFO] [1748620596.585042866] [spotrobot]: And it is not for me
[nurse_disinfect-3] [INFO] [1748620596.585137410] [nurse_disinfect]: Finished action
[uvdrobot-4] [INFO] [1748620596.585240889] [uvdrobot]: I heard: "{"performative": "query", "sender": "spotrobot1", "receiver": "nurse_disinfected1", "content": "Ready|a_authorize_patrol"}"
[spotrobot-5] [INFO] [1748620596.585604152] [spotrobot]: I heard: "{"performative": "query", "sender": "spotrobot1", "receiver": "nurse_disinfected1", "content": "Ready|a_authorize_patrol"}"
[uvdrobot-4] [INFO] [1748620596.585745716] [uvdrobot]: And it is not for me
[nurse_disinfect-3] [INFO] [1748620596.585771125] [nurse_disinfect]: a_authorize_patrol
[spotrobot-5] [INFO] [1748620596.585882076] [spotrobot]: And it is not for me
[nurse_disinfect-3] [INFO] [1748620596.586266601] [nurse_disinfect]: Doing a_authorize_patrol
[spotrobot-5] [INFO] [1748620596.586388446] [spotrobot]: I heard: "{"performative": "query", "sender": "nurse_disinfected1", "receiver": "spotrobot1", "content": "Done|a_authenticate_nurse"}"
[uvdrobot-4] [INFO] [1748620596.586618827] [uvdrobot]: I heard: "{"performative": "query", "sender": "nurse_disinfected1", "receiver": "spotrobot1", "content": "Done|a_authenticate_nurse"}"
[spotrobot-5] [INFO] [1748620596.586651097] [spotrobot]: And it is for me
[nurse_disinfect-3] [INFO] [1748620596.586725235] [nurse_disinfect]: a_authorize_patrol
[spotrobot-5] [INFO] [1748620596.586902558] [spotrobot]: Already finished action
[uvdrobot-4] [INFO] [1748620596.587062158] [uvdrobot]: And it is not for me
[nurse_disinfect-3] [INFO] [1748620596.587153749] [nurse_disinfect]: Here first, waiting for robot
[spotrobot-5] [INFO] [1748620596.587824148] [spotrobot]: I heard: "{"performative": "query", "sender": "nurse_disinfected1", "receiver": "spotrobot1", "content": "Ready|a_authorize_patrol"}"
[uvdrobot-4] [INFO] [1748620596.587960408] [uvdrobot]: I heard: "{"performative": "query", "sender": "nurse_disinfected1", "receiver": "spotrobot1", "content": "Ready|a_authorize_patrol"}"
[spotrobot-5] [INFO] [1748620596.588098331] [spotrobot]: And it is for me
[nurse_disinfect-3] [INFO] [1748620596.588231070] [nurse_disinfect]: I heard: "{"performative": "query", "sender": "spotrobot1", "receiver": "nurse_disinfected1", "content": "Ready|a_authorize_patrol"}"
[spotrobot-5] [INFO] [1748620596.588391634] [spotrobot]: Ready to act
[uvdrobot-4] [INFO] [1748620596.588472711] [uvdrobot]: And it is not for me
[nurse_disinfect-3] [INFO] [1748620596.588723975] [nurse_disinfect]: And it is for me
[spotrobot-5] [INFO] [1748620596.589060192] [spotrobot]: I heard: "{"performative": "query", "sender": "spotrobot1", "receiver": "nurse_disinfected1", "content": "Done|a_authorize_patrol"}"
[nurse_disinfect-3] [INFO] [1748620596.589228193] [nurse_disinfect]: Ready to act
[uvdrobot-4] [INFO] [1748620596.589437429] [uvdrobot]: I heard: "{"performative": "query", "sender": "spotrobot1", "receiver": "nurse_disinfected1", "content": "Done|a_authorize_patrol"}"
[spotrobot-5] [INFO] [1748620596.589498637] [spotrobot]: And it is not for me
[uvdrobot-4] [INFO] [1748620596.589927191] [uvdrobot]: And it is not for me
[spotrobot-5] [INFO] [1748620596.590058686] [spotrobot]: I heard: "{"performative": "query", "sender": "nurse_disinfected1", "receiver": "spotrobot1", "content": "Done|a_authorize_patrol"}"
[nurse_disinfect-3] [INFO] [1748620596.590332340] [nurse_disinfect]: I heard: "{"performative": "query", "sender": "nurse_disinfected1", "receiver": "spotrobot1", "content": "Done|a_authenticate_nurse"}"
[spotrobot-5] [INFO] [1748620596.590449567] [spotrobot]: And it is for me
[spotrobot-5] [INFO] [1748620596.590723835] [spotrobot]: Finished action
[nurse_disinfect-3] [INFO] [1748620596.590779956] [nurse_disinfect]: And it is not for me
[uvdrobot-4] [INFO] [1748620596.590784733] [uvdrobot]: I heard: "{"performative": "query", "sender": "nurse_disinfected1", "receiver": "spotrobot1", "content": "Done|a_authorize_patrol"}"
[spotrobot-5] [INFO] [1748620596.591171927] [spotrobot]: Doing a_patrol_room
[uvdrobot-4] [INFO] [1748620596.591314462] [uvdrobot]: And it is not for me
[spotrobot-5] [INFO] [1748620596.591630170] [spotrobot]: Wating for response
[nurse_disinfect-3] [INFO] [1748620596.591671712] [nurse_disinfect]: I heard: "{"performative": "query", "sender": "nurse_disinfected1", "receiver": "spotrobot1", "content": "Ready|a_authorize_patrol"}"
[spotrobot-5] [INFO] [1748620596.592115552] [spotrobot]: I heard: "{"performative": "query", "sender": "spotrobot1", "receiver": "nurse_disinfected1", "content": "Done|a_authorize_patrol"}"
[nurse_disinfect-3] [INFO] [1748620596.592168979] [nurse_disinfect]: And it is not for me
[uvdrobot-4] [INFO] [1748620596.592186545] [uvdrobot]: I heard: "{"performative": "query", "sender": "spotrobot1", "receiver": "nurse_disinfected1", "content": "Done|a_authorize_patrol"}"
[spotrobot-5] [INFO] [1748620596.592416197] [spotrobot]: And it is not for me
[uvdrobot-4] [INFO] [1748620596.592671594] [uvdrobot]: And it is not for me
[nurse_disinfect-3] [INFO] [1748620596.593083970] [nurse_disinfect]: I heard: "{"performative": "query", "sender": "spotrobot1", "receiver": "nurse_disinfected1", "content": "Done|a_authorize_patrol"}"
[spotrobot-5] [INFO] [1748620596.593275215] [spotrobot]: success
[spotrobot-5] [INFO] [1748620596.593601143] [spotrobot]: Doing a_authorize_disinfect
[nurse_disinfect-3] [INFO] [1748620596.593687565] [nurse_disinfect]: And it is for me
[spotrobot-5] [INFO] [1748620596.593884543] [spotrobot]: a_authorize_disinfect
[spotrobot-5] [INFO] [1748620596.594221478] [spotrobot]: Here first, waiting for spotrobot
[nurse_disinfect-3] [INFO] [1748620596.594225883] [nurse_disinfect]: Finished action
[spotrobot-5] [INFO] [1748620596.594942162] [spotrobot]: I heard: "{"performative": "query", "sender": "spotrobot1", "receiver": "uvdrobot1", "content": "Ready|a_authorize_disinfect"}"
[uvdrobot-4] [INFO] [1748620596.595109551] [uvdrobot]: I heard: "{"performative": "query", "sender": "spotrobot1", "receiver": "uvdrobot1", "content": "Ready|a_authorize_disinfect"}"
[nurse_disinfect-3] [INFO] [1748620596.595261315] [nurse_disinfect]: I heard: "{"performative": "query", "sender": "nurse_disinfected1", "receiver": "spotrobot1", "content": "Done|a_authorize_patrol"}"
[spotrobot-5] [INFO] [1748620596.595425288] [spotrobot]: And it is not for me
[uvdrobot-4] [INFO] [1748620596.595582145] [uvdrobot]: And it is for me
[nurse_disinfect-3] [INFO] [1748620596.595742746] [nurse_disinfect]: And it is not for me
[spotrobot-5] [INFO] [1748620596.596071134] [spotrobot]: I heard: "{"performative": "query", "sender": "nurse_disinfected1", "receiver": "spotrobot1", "content": "Done|a_authorize_patrol"}"
[uvdrobot-4] [INFO] [1748620596.596131147] [uvdrobot]: Ready to act
[spotrobot-5] [INFO] [1748620596.596399528] [spotrobot]: And it is for me
[spotrobot-5] [INFO] [1748620596.596670721] [spotrobot]: Already finished action
[nurse_disinfect-3] [INFO] [1748620596.596713415] [nurse_disinfect]: I heard: "{"performative": "query", "sender": "spotrobot1", "receiver": "nurse_disinfected1", "content": "Done|a_authorize_patrol"}"
[uvdrobot-4] [INFO] [1748620596.597132422] [uvdrobot]: I heard: "{"performative": "query", "sender": "nurse_disinfected1", "receiver": "spotrobot1", "content": "Done|a_authorize_patrol"}"
[nurse_disinfect-3] [INFO] [1748620596.597157546] [nurse_disinfect]: And it is for me
[spotrobot-5] [INFO] [1748620596.597234702] [spotrobot]: I heard: "{"performative": "query", "sender": "uvdrobot1", "receiver": "spotrobot1", "content": "Done|a_authorize_disinfect"}"
[spotrobot-5] [INFO] [1748620596.597506199] [spotrobot]: And it is for me
[nurse_disinfect-3] [INFO] [1748620596.597595049] [nurse_disinfect]: Already finished action
[uvdrobot-4] [INFO] [1748620596.597608987] [uvdrobot]: And it is not for me
[spotrobot-5] [INFO] [1748620596.597852924] [spotrobot]: Finished action
[uvdrobot-4] [INFO] [1748620596.598462434] [uvdrobot]: I heard: "{"performative": "query", "sender": "uvdrobot1", "receiver": "spotrobot1", "content": "Done|a_authorize_disinfect"}"
[nurse_disinfect-3] [INFO] [1748620596.598469141] [nurse_disinfect]: I heard: "{"performative": "query", "sender": "spotrobot1", "receiver": "uvdrobot1", "content": "Ready|a_authorize_disinfect"}"
[spotrobot-5] [INFO] [1748620596.598519996] [spotrobot]: I heard: "{"performative": "query", "sender": "spotrobot1", "receiver": "uvdrobot1", "content": "Done|a_authorize_disinfect"}"
[spotrobot-5] [INFO] [1748620596.598825660] [spotrobot]: And it is not for me
[uvdrobot-4] [INFO] [1748620596.598900090] [uvdrobot]: And it is not for me
[nurse_disinfect-3] [INFO] [1748620596.598900140] [nurse_disinfect]: And it is not for me
[uvdrobot-4] [INFO] [1748620596.599729207] [uvdrobot]: I heard: "{"performative": "query", "sender": "spotrobot1", "receiver": "uvdrobot1", "content": "Done|a_authorize_disinfect"}"
[nurse_disinfect-3] [INFO] [1748620596.599741837] [nurse_disinfect]: I heard: "{"performative": "query", "sender": "nurse_disinfected1", "receiver": "spotrobot1", "content": "Done|a_authorize_patrol"}"
[nurse_disinfect-3] [INFO] [1748620596.600187444] [nurse_disinfect]: And it is not for me
[uvdrobot-4] [INFO] [1748620596.600187479] [uvdrobot]: And it is for me
[uvdrobot-4] [INFO] [1748620596.600695087] [uvdrobot]: Finished action
[nurse_disinfect-3] [INFO] [1748620596.601139754] [nurse_disinfect]: I heard: "{"performative": "query", "sender": "uvdrobot1", "receiver": "spotrobot1", "content": "Done|a_authorize_disinfect"}"
[uvdrobot-4] [INFO] [1748620596.601385746] [uvdrobot]: Doing a_navto
[spotrobot-5] [INFO] [1748620596.601472030] [spotrobot]: I heard: "{"performative": "query", "sender": "uvdrobot1", "receiver": "spotrobot1", "content": "Done|a_authorize_disinfect"}"
[nurse_disinfect-3] [INFO] [1748620596.601707068] [nurse_disinfect]: And it is not for me
[spotrobot-5] [INFO] [1748620596.601971363] [spotrobot]: And it is for me
[uvdrobot-4] [INFO] [1748620596.602041268] [uvdrobot]: Waiting for response
[spotrobot-5] [INFO] [1748620596.602324153] [spotrobot]: Already finished action
[nurse_disinfect-3] [INFO] [1748620596.602583969] [nurse_disinfect]: I heard: "{"performative": "query", "sender": "spotrobot1", "receiver": "uvdrobot1", "content": "Done|a_authorize_disinfect"}"
[uvdrobot-4] [INFO] [1748620596.602806622] [uvdrobot]: I heard: "{"performative": "query", "sender": "uvdrobot1", "receiver": "spotrobot1", "content": "Done|a_authorize_disinfect"}"
[nurse_disinfect-3] [INFO] [1748620596.603063134] [nurse_disinfect]: And it is not for me
[uvdrobot-4] [INFO] [1748620596.603300299] [uvdrobot]: And it is not for me
[nurse_disinfect-3] [INFO] [1748620596.603986895] [nurse_disinfect]: I heard: "{"performative": "query", "sender": "uvdrobot1", "receiver": "spotrobot1", "content": "Done|a_authorize_disinfect"}"
[nurse_disinfect-3] [INFO] [1748620596.604548020] [nurse_disinfect]: And it is not for me
[uvdrobot-4] [INFO] [1748620596.605056710] [uvdrobot]: success
[uvdrobot-4] [INFO] [1748620596.605701785] [uvdrobot]: Doing a_disinfect_room
[uvdrobot-4] [INFO] [1748620596.606323264] [uvdrobot]: Waiting for response
[uvdrobot-4] [INFO] [1748620596.608241615] [uvdrobot]: success
[spotrobot-5] [INFO] [1748620596.609344732] [spotrobot]: Recebido sinal de desligamento do coordenador, finalizando...
[uvdrobot-4] [INFO] [1748620596.609385604] [uvdrobot]: Recebido sinal de desligamento do coordenador, finalizando...
[nurse_disinfect-3] [INFO] [1748620596.609466768] [nurse_disinfect]: Recebido sinal de desligamento do coordenador, finalizando...
[disinfect_environment-1] [INFO] [1748620596.609500797] [disinfect_environment]: Recebido sinal de desligamento do coordenador, finalizando...
[disinfect_planner-2] [INFO] [1748620596.609512500] [disinfect_planner]: Recebido sinal de desligamento do coordenador, finalizando...
[uvdrobot-4] [INFO] [1748620596.609899897] [Quitting]: Done
[spotrobot-5] [INFO] [1748620596.609948717] [Quitting]: Done
[nurse_disinfect-3] [INFO] [1748620596.610008038] [Quitting]: Done
[disinfect_planner-2] [INFO] [1748620596.610064197] [Quitting]: Done
[disinfect_environment-1] [INFO] [1748620596.610313676] [Quitting]: Done
[INFO] [disinfect_environment-1]: process has finished cleanly [pid 26390]
[INFO] [nurse_disinfect-3]: process has finished cleanly [pid 26394]
[INFO] [spotrobot-5]: process has finished cleanly [pid 26398]
[INFO] [uvdrobot-4]: process has finished cleanly [pid 26396]
