[INFO] [launch]: All log files can be found below /home/rafael/.ros/log/2025-05-30-12-57-45-620031-NotebookRafael-27574
[INFO] [launch]: Default logging verbosity is set to INFO
[INFO] [disinfect_environment-1]: process started with pid [27577]
[INFO] [disinfect_planner-2]: process started with pid [27579]
[INFO] [nurse_disinfect-3]: process started with pid [27581]
[INFO] [uvdrobot-4]: process started with pid [27583]
[INFO] [spotrobot-5]: process started with pid [27585]
[disinfect_environment-1] [INFO] [1748620665.867074069] [disinfect_environment]: Starting Environment server
[disinfect_environment-1] [INFO] [1748620665.871473814] [disinfect_environment]: Environment server started
[disinfect_planner-2] [INFO] [1748620666.421895523] [disinfect_planner]: Starting Planner server
[disinfect_planner-2] [INFO] [1748620666.426148781] [disinfect_planner]: Planner server started
[disinfect_planner-2] [INFO] [1748620666.630157349] [disinfect_planner]: Creating plan for: spotrobot1 uvdrobot1 nurse_disinfected1
[disinfect_planner-2] [INFO] [1748620666.631625043] [disinfect_planner]: a_navto,spotrobot1,room1
[disinfect_planner-2] [INFO] [1748620666.631927840] [disinfect_planner]: a_open_door,spotrobot1,room1
[disinfect_planner-2] [INFO] [1748620666.632173049] [disinfect_planner]: a_approach_nurse,spotrobot1,nurse_disinfected1
[disinfect_planner-2] [INFO] [1748620666.632466546] [disinfect_planner]: a_authenticate_nurse,spotrobot1,nurse_disinfected1
[disinfect_planner-2] [INFO] [1748620666.632755200] [disinfect_planner]: a_authorize_patrol,spotrobot1,nurse_disinfected1
[disinfect_planner-2] [INFO] [1748620666.633044740] [disinfect_planner]: a_patrol_room,spotrobot1,room1
[disinfect_planner-2] [INFO] [1748620666.633378093] [disinfect_planner]: a_authorize_disinfect,uvdrobot1,spotrobot1
[disinfect_planner-2] [INFO] [1748620666.633668453] [disinfect_planner]: a_navto,uvdrobot1,room1
[disinfect_planner-2] [INFO] [1748620666.633987418] [disinfect_planner]: a_disinfect_room,uvdrobot1,room1
[disinfect_planner-2] [INFO] [1748620666.634282027] [disinfect_planner]: Sending response
[uvdrobot-4] [INFO] [1748620666.637737917] [uvdrobot]: response.response uvdrobot1
[uvdrobot-4] [INFO] [1748620666.638087211] [uvdrobot]: My name is uvdrobot1
[uvdrobot-4] [INFO] [1748620666.638688273] [uvdrobot]: I heard: "{"performative": "request", "sender": "Coordinator", "receiver": "uvdrobot1", "content": "Plan|a_authorize_disinfect,uvdrobot1,spotrobot1/a_navto,uvdrobot1,room1/a_disinfect_room,uvdrobot1,room1"}"
[uvdrobot-4] [INFO] [1748620666.639244278] [uvdrobot]: And it is for me
[spotrobot-5] [INFO] [1748620666.639565665] [spotrobot]: response.response spotrobot1
[uvdrobot-4] [INFO] [1748620666.639782419] [uvdrobot]: Doing a_authorize_disinfect
[spotrobot-5] [INFO] [1748620666.639972547] [spotrobot]: My name is spotrobot1
[uvdrobot-4] [INFO] [1748620666.640205555] [uvdrobot]: a_authorize_disinfect
[uvdrobot-4] [INFO] [1748620666.640525057] [uvdrobot]: Here first, waiting for spotrobot
[spotrobot-5] [INFO] [1748620666.640962476] [spotrobot]: I heard: "{"performative": "request", "sender": "Coordinator", "receiver": "uvdrobot1", "content": "Plan|a_authorize_disinfect,uvdrobot1,spotrobot1/a_navto,uvdrobot1,room1/a_disinfect_room,uvdrobot1,room1"}"
[uvdrobot-4] [INFO] [1748620666.641260487] [uvdrobot]: I heard: "{"performative": "request", "sender": "Coordinator", "receiver": "spotrobot1", "content": "Plan|a_navto,spotrobot1,room1/a_open_door,spotrobot1,room1/a_approach_nurse,spotrobot1,nurse_disinfected1/a_authenticate_nurse,spotrobot1,nurse_disinfected1/a_authorize_patrol,spotrobot1,nurse_disinfected1/a_patrol_room,spotrobot1,room1/a_authorize_disinfect,uvdrobot1,spotrobot1"}"
[spotrobot-5] [INFO] [1748620666.641318018] [spotrobot]: And it is not for me
[nurse_disinfect-3] [INFO] [1748620666.641452502] [nurse_disinfect]: response.response nurse_disinfected1
[uvdrobot-4] [INFO] [1748620666.641572423] [uvdrobot]: And it is not for me
[spotrobot-5] [INFO] [1748620666.641916601] [spotrobot]: I heard: "{"performative": "request", "sender": "Coordinator", "receiver": "spotrobot1", "content": "Plan|a_navto,spotrobot1,room1/a_open_door,spotrobot1,room1/a_approach_nurse,spotrobot1,nurse_disinfected1/a_authenticate_nurse,spotrobot1,nurse_disinfected1/a_authorize_patrol,spotrobot1,nurse_disinfected1/a_patrol_room,spotrobot1,room1/a_authorize_disinfect,uvdrobot1,spotrobot1"}"
[uvdrobot-4] [INFO] [1748620666.641928831] [uvdrobot]: I heard: "{"performative": "query", "sender": "uvdrobot1", "receiver": "spotrobot1", "content": "Ready|a_authorize_disinfect"}"
[nurse_disinfect-3] [INFO] [1748620666.642015650] [nurse_disinfect]: My name is nurse_disinfected1
[uvdrobot-4] [INFO] [1748620666.642195165] [uvdrobot]: And it is not for me
[spotrobot-5] [INFO] [1748620666.642300221] [spotrobot]: And it is for me
[uvdrobot-4] [INFO] [1748620666.642750463] [uvdrobot]: I heard: "{"performative": "request", "sender": "Coordinator", "receiver": "nurse_disinfected1", "content": "Plan|a_approach_nurse,spotrobot1,nurse_disinfected1/a_authenticate_nurse,spotrobot1,nurse_disinfected1/a_authorize_patrol,spotrobot1,nurse_disinfected1"}"
[spotrobot-5] [INFO] [1748620666.642768864] [spotrobot]: Doing a_navto
[uvdrobot-4] [INFO] [1748620666.643014856] [uvdrobot]: And it is not for me
[spotrobot-5] [INFO] [1748620666.643153417] [spotrobot]: Wating for response
[spotrobot-5] [INFO] [1748620666.643637513] [spotrobot]: I heard: "{"performative": "request", "sender": "Coordinator", "receiver": "nurse_disinfected1", "content": "Plan|a_approach_nurse,spotrobot1,nurse_disinfected1/a_authenticate_nurse,spotrobot1,nurse_disinfected1/a_authorize_patrol,spotrobot1,nurse_disinfected1"}"
[spotrobot-5] [INFO] [1748620666.643896657] [spotrobot]: And it is not for me
[spotrobot-5] [INFO] [1748620666.644195572] [spotrobot]: I heard: "{"performative": "query", "sender": "uvdrobot1", "receiver": "spotrobot1", "content": "Ready|a_authorize_disinfect"}"
[spotrobot-5] [INFO] [1748620666.644446397] [spotrobot]: And it is for me
[spotrobot-5] [INFO] [1748620666.644796106] [spotrobot]: No there yet
[spotrobot-5] [INFO] [1748620666.646105066] [spotrobot]: success
[spotrobot-5] [INFO] [1748620666.646485171] [spotrobot]: Doing a_open_door
[spotrobot-5] [INFO] [1748620666.646988827] [spotrobot]: Wating for response
[spotrobot-5] [INFO] [1748620666.648113539] [spotrobot]: success
[spotrobot-5] [INFO] [1748620666.648492475] [spotrobot]: Doing a_approach_nurse
[spotrobot-5] [INFO] [1748620666.648864882] [spotrobot]: Wating for response
[spotrobot-5] [INFO] [1748620666.649754429] [spotrobot]: success
[spotrobot-5] [INFO] [1748620666.650237630] [spotrobot]: Doing a_authenticate_nurse
[spotrobot-5] [INFO] [1748620666.650539324] [spotrobot]: a_authenticate_nurse
[spotrobot-5] [INFO] [1748620666.650834404] [spotrobot]: Here first, waiting for nurse
[spotrobot-5] [INFO] [1748620666.651456656] [spotrobot]: I heard: "{"performative": "query", "sender": "spotrobot1", "receiver": "nurse_disinfected1", "content": "Ready|a_authenticate_nurse"}"
[spotrobot-5] [INFO] [1748620666.651762958] [spotrobot]: And it is not for me
[uvdrobot-4] [INFO] [1748620666.651951568] [uvdrobot]: I heard: "{"performative": "query", "sender": "spotrobot1", "receiver": "nurse_disinfected1", "content": "Ready|a_authenticate_nurse"}"
[uvdrobot-4] [INFO] [1748620666.652502900] [uvdrobot]: And it is not for me
[nurse_disinfect-3] [INFO] [1748620667.644196505] [nurse_disinfect]: I heard: "{"performative": "request", "sender": "Coordinator", "receiver": "uvdrobot1", "content": "Plan|a_authorize_disinfect,uvdrobot1,spotrobot1/a_navto,uvdrobot1,room1/a_disinfect_room,uvdrobot1,room1"}"
[nurse_disinfect-3] [INFO] [1748620667.644779881] [nurse_disinfect]: And it is not for me
[nurse_disinfect-3] [INFO] [1748620667.645638394] [nurse_disinfect]: I heard: "{"performative": "query", "sender": "uvdrobot1", "receiver": "spotrobot1", "content": "Ready|a_authorize_disinfect"}"
[nurse_disinfect-3] [INFO] [1748620667.646158275] [nurse_disinfect]: And it is not for me
[nurse_disinfect-3] [INFO] [1748620667.647284365] [nurse_disinfect]: I heard: "{"performative": "request", "sender": "Coordinator", "receiver": "spotrobot1", "content": "Plan|a_navto,spotrobot1,room1/a_open_door,spotrobot1,room1/a_approach_nurse,spotrobot1,nurse_disinfected1/a_authenticate_nurse,spotrobot1,nurse_disinfected1/a_authorize_patrol,spotrobot1,nurse_disinfected1/a_patrol_room,spotrobot1,room1/a_authorize_disinfect,uvdrobot1,spotrobot1"}"
[nurse_disinfect-3] [INFO] [1748620667.647840654] [nurse_disinfect]: And it is not for me
[nurse_disinfect-3] [INFO] [1748620667.648471922] [nurse_disinfect]: I heard: "{"performative": "query", "sender": "spotrobot1", "receiver": "nurse_disinfected1", "content": "Ready|a_authenticate_nurse"}"
[nurse_disinfect-3] [INFO] [1748620667.649042556] [nurse_disinfect]: And it is for me
[nurse_disinfect-3] [INFO] [1748620667.649614573] [nurse_disinfect]: No there yet
[nurse_disinfect-3] [INFO] [1748620667.650500419] [nurse_disinfect]: I heard: "{"performative": "request", "sender": "Coordinator", "receiver": "nurse_disinfected1", "content": "Plan|a_approach_nurse,spotrobot1,nurse_disinfected1/a_authenticate_nurse,spotrobot1,nurse_disinfected1/a_authorize_patrol,spotrobot1,nurse_disinfected1"}"
[nurse_disinfect-3] [INFO] [1748620667.651086069] [nurse_disinfect]: And it is for me
[nurse_disinfect-3] [INFO] [1748620667.652718776] [nurse_disinfect]: a_approach_nurse
[nurse_disinfect-3] [INFO] [1748620667.653141813] [nurse_disinfect]: a_authenticate_nurse
[nurse_disinfect-3] [INFO] [1748620667.653506869] [nurse_disinfect]: Doing a_authenticate_nurse
[nurse_disinfect-3] [INFO] [1748620667.653885264] [nurse_disinfect]: a_authenticate_nurse
[nurse_disinfect-3] [INFO] [1748620667.654195170] [nurse_disinfect]: Robot is waiting, send action message
[spotrobot-5] [INFO] [1748620667.655003941] [spotrobot]: I heard: "{"performative": "query", "sender": "nurse_disinfected1", "receiver": "spotrobot1", "content": "Done|a_authenticate_nurse"}"
[nurse_disinfect-3] [INFO] [1748620667.655160902] [nurse_disinfect]: I heard: "{"performative": "query", "sender": "nurse_disinfected1", "receiver": "spotrobot1", "content": "Done|a_authenticate_nurse"}"
[uvdrobot-4] [INFO] [1748620667.655306413] [uvdrobot]: I heard: "{"performative": "query", "sender": "nurse_disinfected1", "receiver": "spotrobot1", "content": "Done|a_authenticate_nurse"}"
[spotrobot-5] [INFO] [1748620667.655418205] [spotrobot]: And it is for me
[nurse_disinfect-3] [INFO] [1748620667.655625663] [nurse_disinfect]: And it is not for me
[spotrobot-5] [INFO] [1748620667.655695540] [spotrobot]: Finished action
[uvdrobot-4] [INFO] [1748620667.655796441] [uvdrobot]: And it is not for me
[spotrobot-5] [INFO] [1748620667.656233791] [spotrobot]: Doing a_authorize_patrol
[spotrobot-5] [INFO] [1748620667.656547412] [spotrobot]: a_authorize_patrol
[uvdrobot-4] [INFO] [1748620667.656559096] [uvdrobot]: I heard: "{"performative": "query", "sender": "spotrobot1", "receiver": "nurse_disinfected1", "content": "Done|a_authenticate_nurse"}"
[nurse_disinfect-3] [INFO] [1748620667.656587879] [nurse_disinfect]: I heard: "{"performative": "query", "sender": "spotrobot1", "receiver": "nurse_disinfected1", "content": "Done|a_authenticate_nurse"}"
[spotrobot-5] [INFO] [1748620667.656853216] [spotrobot]: Here first, waiting for nurse
[nurse_disinfect-3] [INFO] [1748620667.657059537] [nurse_disinfect]: And it is for me
[uvdrobot-4] [INFO] [1748620667.657057925] [uvdrobot]: And it is not for me
[spotrobot-5] [INFO] [1748620667.657501158] [spotrobot]: I heard: "{"performative": "query", "sender": "spotrobot1", "receiver": "nurse_disinfected1", "content": "Done|a_authenticate_nurse"}"
[nurse_disinfect-3] [INFO] [1748620667.657563862] [nurse_disinfect]: Finished action
[spotrobot-5] [INFO] [1748620667.657771321] [spotrobot]: And it is not for me
[uvdrobot-4] [INFO] [1748620667.658034590] [uvdrobot]: I heard: "{"performative": "query", "sender": "spotrobot1", "receiver": "nurse_disinfected1", "content": "Ready|a_authorize_patrol"}"
[nurse_disinfect-3] [INFO] [1748620667.658208516] [nurse_disinfect]: a_authorize_patrol
[spotrobot-5] [INFO] [1748620667.658327895] [spotrobot]: I heard: "{"performative": "query", "sender": "spotrobot1", "receiver": "nurse_disinfected1", "content": "Ready|a_authorize_patrol"}"
[uvdrobot-4] [INFO] [1748620667.658524732] [uvdrobot]: And it is not for me
[spotrobot-5] [INFO] [1748620667.658622757] [spotrobot]: And it is not for me
[nurse_disinfect-3] [INFO] [1748620667.658690406] [nurse_disinfect]: Doing a_authorize_patrol
[nurse_disinfect-3] [INFO] [1748620667.659164859] [nurse_disinfect]: a_authorize_patrol
[spotrobot-5] [INFO] [1748620667.659181027] [spotrobot]: I heard: "{"performative": "query", "sender": "nurse_disinfected1", "receiver": "spotrobot1", "content": "Done|a_authenticate_nurse"}"
[uvdrobot-4] [INFO] [1748620667.659403652] [uvdrobot]: I heard: "{"performative": "query", "sender": "nurse_disinfected1", "receiver": "spotrobot1", "content": "Done|a_authenticate_nurse"}"
[spotrobot-5] [INFO] [1748620667.659460456] [spotrobot]: And it is for me
[nurse_disinfect-3] [INFO] [1748620667.659597616] [nurse_disinfect]: Here first, waiting for robot
[spotrobot-5] [INFO] [1748620667.659715489] [spotrobot]: Already finished action
[uvdrobot-4] [INFO] [1748620667.659921051] [uvdrobot]: And it is not for me
[spotrobot-5] [INFO] [1748620667.660519412] [spotrobot]: I heard: "{"performative": "query", "sender": "nurse_disinfected1", "receiver": "spotrobot1", "content": "Ready|a_authorize_patrol"}"
[nurse_disinfect-3] [INFO] [1748620667.660648775] [nurse_disinfect]: I heard: "{"performative": "query", "sender": "spotrobot1", "receiver": "nurse_disinfected1", "content": "Ready|a_authorize_patrol"}"
[uvdrobot-4] [INFO] [1748620667.660774940] [uvdrobot]: I heard: "{"performative": "query", "sender": "nurse_disinfected1", "receiver": "spotrobot1", "content": "Ready|a_authorize_patrol"}"
[spotrobot-5] [INFO] [1748620667.661058980] [spotrobot]: And it is for me
[nurse_disinfect-3] [INFO] [1748620667.661125284] [nurse_disinfect]: And it is for me
[uvdrobot-4] [INFO] [1748620667.661257446] [uvdrobot]: And it is not for me
[nurse_disinfect-3] [INFO] [1748620667.661589912] [nurse_disinfect]: Ready to act
[spotrobot-5] [INFO] [1748620667.661719210] [spotrobot]: Ready to act
[uvdrobot-4] [INFO] [1748620667.662427211] [uvdrobot]: I heard: "{"performative": "query", "sender": "nurse_disinfected1", "receiver": "spotrobot1", "content": "Done|a_authorize_patrol"}"
[nurse_disinfect-3] [INFO] [1748620667.662626793] [nurse_disinfect]: I heard: "{"performative": "query", "sender": "nurse_disinfected1", "receiver": "spotrobot1", "content": "Done|a_authenticate_nurse"}"
[spotrobot-5] [INFO] [1748620667.662767518] [spotrobot]: I heard: "{"performative": "query", "sender": "nurse_disinfected1", "receiver": "spotrobot1", "content": "Done|a_authorize_patrol"}"
[uvdrobot-4] [INFO] [1748620667.662952568] [uvdrobot]: And it is not for me
[nurse_disinfect-3] [INFO] [1748620667.663102980] [nurse_disinfect]: And it is not for me
[spotrobot-5] [INFO] [1748620667.663218759] [spotrobot]: And it is for me
[spotrobot-5] [INFO] [1748620667.663489973] [spotrobot]: Finished action
[uvdrobot-4] [INFO] [1748620667.663801010] [uvdrobot]: I heard: "{"performative": "query", "sender": "spotrobot1", "receiver": "nurse_disinfected1", "content": "Done|a_authorize_patrol"}"
[spotrobot-5] [INFO] [1748620667.663937548] [spotrobot]: Doing a_patrol_room
[nurse_disinfect-3] [INFO] [1748620667.663963245] [nurse_disinfect]: I heard: "{"performative": "query", "sender": "nurse_disinfected1", "receiver": "spotrobot1", "content": "Ready|a_authorize_patrol"}"
[uvdrobot-4] [INFO] [1748620667.664285979] [uvdrobot]: And it is not for me
[nurse_disinfect-3] [INFO] [1748620667.664455102] [nurse_disinfect]: And it is not for me
[spotrobot-5] [INFO] [1748620667.664468589] [spotrobot]: Wating for response
[spotrobot-5] [INFO] [1748620667.664956126] [spotrobot]: I heard: "{"performative": "query", "sender": "spotrobot1", "receiver": "nurse_disinfected1", "content": "Done|a_authorize_patrol"}"
[uvdrobot-4] [INFO] [1748620667.665169703] [uvdrobot]: I heard: "{"performative": "query", "sender": "spotrobot1", "receiver": "nurse_disinfected1", "content": "Done|a_authorize_patrol"}"
[spotrobot-5] [INFO] [1748620667.665231168] [spotrobot]: And it is not for me
[nurse_disinfect-3] [INFO] [1748620667.665310669] [nurse_disinfect]: I heard: "{"performative": "query", "sender": "nurse_disinfected1", "receiver": "spotrobot1", "content": "Done|a_authorize_patrol"}"
[uvdrobot-4] [INFO] [1748620667.665624042] [uvdrobot]: And it is not for me
[spotrobot-5] [INFO] [1748620667.665739566] [spotrobot]: I heard: "{"performative": "query", "sender": "spotrobot1", "receiver": "nurse_disinfected1", "content": "Done|a_authorize_patrol"}"
[nurse_disinfect-3] [INFO] [1748620667.665792208] [nurse_disinfect]: And it is not for me
[spotrobot-5] [INFO] [1748620667.666012988] [spotrobot]: And it is not for me
[nurse_disinfect-3] [INFO] [1748620667.666735694] [nurse_disinfect]: I heard: "{"performative": "query", "sender": "spotrobot1", "receiver": "nurse_disinfected1", "content": "Done|a_authorize_patrol"}"
[nurse_disinfect-3] [INFO] [1748620667.667338018] [nurse_disinfect]: And it is for me
[spotrobot-5] [INFO] [1748620667.667615907] [spotrobot]: success
[nurse_disinfect-3] [INFO] [1748620667.667795171] [nurse_disinfect]: Finished action
[spotrobot-5] [INFO] [1748620667.668085206] [spotrobot]: Doing a_authorize_disinfect
[uvdrobot-4] [INFO] [1748620667.668445425] [uvdrobot]: I heard: "{"performative": "query", "sender": "nurse_disinfected1", "receiver": "spotrobot1", "content": "Done|a_authorize_patrol"}"
[nurse_disinfect-3] [INFO] [1748620667.668537693] [nurse_disinfect]: I heard: "{"performative": "query", "sender": "spotrobot1", "receiver": "nurse_disinfected1", "content": "Done|a_authorize_patrol"}"
[spotrobot-5] [INFO] [1748620667.668592136] [spotrobot]: a_authorize_disinfect
[nurse_disinfect-3] [INFO] [1748620667.668811267] [nurse_disinfect]: And it is for me
[spotrobot-5] [INFO] [1748620667.668885643] [spotrobot]: Here first, waiting for spotrobot
[uvdrobot-4] [INFO] [1748620667.668920436] [uvdrobot]: And it is not for me
[nurse_disinfect-3] [INFO] [1748620667.669120368] [nurse_disinfect]: Already finished action
[spotrobot-5] [INFO] [1748620667.669530250] [spotrobot]: I heard: "{"performative": "query", "sender": "nurse_disinfected1", "receiver": "spotrobot1", "content": "Done|a_authorize_patrol"}"
[uvdrobot-4] [INFO] [1748620667.669772469] [uvdrobot]: I heard: "{"performative": "query", "sender": "spotrobot1", "receiver": "uvdrobot1", "content": "Ready|a_authorize_disinfect"}"
[nurse_disinfect-3] [INFO] [1748620667.669791503] [nurse_disinfect]: I heard: "{"performative": "query", "sender": "nurse_disinfected1", "receiver": "spotrobot1", "content": "Done|a_authorize_patrol"}"
[spotrobot-5] [INFO] [1748620667.669846391] [spotrobot]: And it is for me
[nurse_disinfect-3] [INFO] [1748620667.670215250] [nurse_disinfect]: And it is not for me
[uvdrobot-4] [INFO] [1748620667.670275761] [uvdrobot]: And it is for me
[spotrobot-5] [INFO] [1748620667.670288537] [spotrobot]: Already finished action
[uvdrobot-4] [INFO] [1748620667.670651598] [uvdrobot]: Ready to act
[nurse_disinfect-3] [INFO] [1748620667.670751531] [nurse_disinfect]: I heard: "{"performative": "query", "sender": "spotrobot1", "receiver": "uvdrobot1", "content": "Ready|a_authorize_disinfect"}"
[spotrobot-5] [INFO] [1748620667.670884817] [spotrobot]: I heard: "{"performative": "query", "sender": "spotrobot1", "receiver": "uvdrobot1", "content": "Ready|a_authorize_disinfect"}"
[nurse_disinfect-3] [INFO] [1748620667.671118993] [nurse_disinfect]: And it is not for me
[spotrobot-5] [INFO] [1748620667.671325532] [spotrobot]: And it is not for me
[uvdrobot-4] [INFO] [1748620667.671520608] [uvdrobot]: I heard: "{"performative": "query", "sender": "uvdrobot1", "receiver": "spotrobot1", "content": "Done|a_authorize_disinfect"}"
[uvdrobot-4] [INFO] [1748620667.671823390] [uvdrobot]: And it is not for me
[spotrobot-5] [INFO] [1748620667.671879918] [spotrobot]: I heard: "{"performative": "query", "sender": "uvdrobot1", "receiver": "spotrobot1", "content": "Done|a_authorize_disinfect"}"
[nurse_disinfect-3] [INFO] [1748620667.671976369] [nurse_disinfect]: I heard: "{"performative": "query", "sender": "uvdrobot1", "receiver": "spotrobot1", "content": "Done|a_authorize_disinfect"}"
[spotrobot-5] [INFO] [1748620667.672164264] [spotrobot]: And it is for me
[spotrobot-5] [INFO] [1748620667.672413337] [spotrobot]: Finished action
[nurse_disinfect-3] [INFO] [1748620667.672509978] [nurse_disinfect]: And it is not for me
[uvdrobot-4] [INFO] [1748620667.672970683] [uvdrobot]: I heard: "{"performative": "query", "sender": "spotrobot1", "receiver": "uvdrobot1", "content": "Done|a_authorize_disinfect"}"
[spotrobot-5] [INFO] [1748620667.673059195] [spotrobot]: I heard: "{"performative": "query", "sender": "spotrobot1", "receiver": "uvdrobot1", "content": "Done|a_authorize_disinfect"}"
[uvdrobot-4] [INFO] [1748620667.673290054] [uvdrobot]: And it is for me
[spotrobot-5] [INFO] [1748620667.673368183] [spotrobot]: And it is not for me
[nurse_disinfect-3] [INFO] [1748620667.673441347] [nurse_disinfect]: I heard: "{"performative": "query", "sender": "spotrobot1", "receiver": "uvdrobot1", "content": "Done|a_authorize_disinfect"}"
[uvdrobot-4] [INFO] [1748620667.673579166] [uvdrobot]: Finished action
[nurse_disinfect-3] [INFO] [1748620667.674014264] [nurse_disinfect]: And it is not for me
[uvdrobot-4] [INFO] [1748620667.674074689] [uvdrobot]: Doing a_navto
[spotrobot-5] [INFO] [1748620667.674111368] [spotrobot]: I heard: "{"performative": "query", "sender": "uvdrobot1", "receiver": "spotrobot1", "content": "Done|a_authorize_disinfect"}"
[spotrobot-5] [INFO] [1748620667.674380555] [spotrobot]: And it is for me
[uvdrobot-4] [INFO] [1748620667.674577497] [uvdrobot]: Waiting for response
[spotrobot-5] [INFO] [1748620667.674774923] [spotrobot]: Already finished action
[nurse_disinfect-3] [INFO] [1748620667.674937911] [nurse_disinfect]: I heard: "{"performative": "query", "sender": "uvdrobot1", "receiver": "spotrobot1", "content": "Done|a_authorize_disinfect"}"
[uvdrobot-4] [INFO] [1748620667.675164673] [uvdrobot]: I heard: "{"performative": "query", "sender": "uvdrobot1", "receiver": "spotrobot1", "content": "Done|a_authorize_disinfect"}"
[nurse_disinfect-3] [INFO] [1748620667.675438720] [nurse_disinfect]: And it is not for me
[uvdrobot-4] [INFO] [1748620667.675545768] [uvdrobot]: And it is not for me
[uvdrobot-4] [INFO] [1748620667.676274590] [uvdrobot]: success
[uvdrobot-4] [INFO] [1748620667.676650588] [uvdrobot]: Doing a_disinfect_room
[uvdrobot-4] [INFO] [1748620667.677084852] [uvdrobot]: Waiting for response
[uvdrobot-4] [INFO] [1748620667.677999518] [uvdrobot]: success
[disinfect_environment-1] [INFO] [1748620667.681106043] [disinfect_environment]: Recebido sinal de desligamento do coordenador, finalizando...
[disinfect_planner-2] [INFO] [1748620667.681191238] [disinfect_planner]: Recebido sinal de desligamento do coordenador, finalizando...
[nurse_disinfect-3] [INFO] [1748620667.681196753] [nurse_disinfect]: Recebido sinal de desligamento do coordenador, finalizando...
[spotrobot-5] [INFO] [1748620667.681290684] [spotrobot]: Recebido sinal de desligamento do coordenador, finalizando...
[uvdrobot-4] [INFO] [1748620667.681382520] [uvdrobot]: Recebido sinal de desligamento do coordenador, finalizando...
[disinfect_environment-1] [INFO] [1748620667.681715435] [Quitting]: Done
[nurse_disinfect-3] [INFO] [1748620667.681732011] [Quitting]: Done
[disinfect_planner-2] [INFO] [1748620667.681776803] [Quitting]: Done
[spotrobot-5] [INFO] [1748620667.681847249] [Quitting]: Done
[uvdrobot-4] [INFO] [1748620667.681919000] [Quitting]: Done
[INFO] [disinfect_environment-1]: process has finished cleanly [pid 27577]
[INFO] [uvdrobot-4]: process has finished cleanly [pid 27583]
[INFO] [spotrobot-5]: process has finished cleanly [pid 27585]
[INFO] [nurse_disinfect-3]: process has finished cleanly [pid 27581]
[INFO] [disinfect_planner-2]: process has finished cleanly [pid 27579]
